[2024-04-08T09:29:47.797+0000] {processor.py:161} INFO - Started process (PID=66) to work on /home/airflow/.local/lib/python3.8/site-packages/airflow/example_dags/example_skip_dag.py
[2024-04-08T09:29:47.797+0000] {processor.py:830} INFO - Processing file /home/airflow/.local/lib/python3.8/site-packages/airflow/example_dags/example_skip_dag.py for tasks to queue
[2024-04-08T09:29:47.798+0000] {logging_mixin.py:188} INFO - [2024-04-08T09:29:47.798+0000] {dagbag.py:540} INFO - Filling up the DagBag from /home/airflow/.local/lib/python3.8/site-packages/airflow/example_dags/example_skip_dag.py
[2024-04-08T09:29:47.802+0000] {processor.py:840} INFO - DAG(s) 'example_skip_dag' retrieved from /home/airflow/.local/lib/python3.8/site-packages/airflow/example_dags/example_skip_dag.py
[2024-04-08T09:29:47.871+0000] {logging_mixin.py:188} INFO - [2024-04-08T09:29:47.871+0000] {dag.py:3047} INFO - Sync 1 DAGs
[2024-04-08T09:29:47.934+0000] {logging_mixin.py:188} INFO - [2024-04-08T09:29:47.933+0000] {dag.py:3834} INFO - Setting next_dagrun for example_skip_dag to 2024-04-07 00:00:00+00:00, run_after=2024-04-08 00:00:00+00:00
[2024-04-08T09:29:47.957+0000] {processor.py:183} INFO - Processing /home/airflow/.local/lib/python3.8/site-packages/airflow/example_dags/example_skip_dag.py took 0.162 seconds
[2024-04-08T09:30:18.311+0000] {processor.py:161} INFO - Started process (PID=121) to work on /home/airflow/.local/lib/python3.8/site-packages/airflow/example_dags/example_skip_dag.py
[2024-04-08T09:30:18.312+0000] {processor.py:830} INFO - Processing file /home/airflow/.local/lib/python3.8/site-packages/airflow/example_dags/example_skip_dag.py for tasks to queue
[2024-04-08T09:30:18.313+0000] {logging_mixin.py:188} INFO - [2024-04-08T09:30:18.312+0000] {dagbag.py:540} INFO - Filling up the DagBag from /home/airflow/.local/lib/python3.8/site-packages/airflow/example_dags/example_skip_dag.py
[2024-04-08T09:30:18.316+0000] {processor.py:840} INFO - DAG(s) 'example_skip_dag' retrieved from /home/airflow/.local/lib/python3.8/site-packages/airflow/example_dags/example_skip_dag.py
[2024-04-08T09:30:18.472+0000] {logging_mixin.py:188} INFO - [2024-04-08T09:30:18.472+0000] {dag.py:3047} INFO - Sync 1 DAGs
[2024-04-08T09:30:18.528+0000] {logging_mixin.py:188} INFO - [2024-04-08T09:30:18.528+0000] {dag.py:3834} INFO - Setting next_dagrun for example_skip_dag to 2024-04-07 00:00:00+00:00, run_after=2024-04-08 00:00:00+00:00
[2024-04-08T09:30:18.584+0000] {processor.py:183} INFO - Processing /home/airflow/.local/lib/python3.8/site-packages/airflow/example_dags/example_skip_dag.py took 0.275 seconds
[2024-04-08T09:30:49.226+0000] {processor.py:161} INFO - Started process (PID=176) to work on /home/airflow/.local/lib/python3.8/site-packages/airflow/example_dags/example_skip_dag.py
[2024-04-08T09:30:49.226+0000] {processor.py:830} INFO - Processing file /home/airflow/.local/lib/python3.8/site-packages/airflow/example_dags/example_skip_dag.py for tasks to queue
[2024-04-08T09:30:49.227+0000] {logging_mixin.py:188} INFO - [2024-04-08T09:30:49.227+0000] {dagbag.py:540} INFO - Filling up the DagBag from /home/airflow/.local/lib/python3.8/site-packages/airflow/example_dags/example_skip_dag.py
[2024-04-08T09:30:49.231+0000] {processor.py:840} INFO - DAG(s) 'example_skip_dag' retrieved from /home/airflow/.local/lib/python3.8/site-packages/airflow/example_dags/example_skip_dag.py
[2024-04-08T09:30:49.303+0000] {logging_mixin.py:188} INFO - [2024-04-08T09:30:49.303+0000] {dag.py:3047} INFO - Sync 1 DAGs
[2024-04-08T09:30:49.339+0000] {logging_mixin.py:188} INFO - [2024-04-08T09:30:49.338+0000] {dag.py:3834} INFO - Setting next_dagrun for example_skip_dag to 2024-04-07 00:00:00+00:00, run_after=2024-04-08 00:00:00+00:00
[2024-04-08T09:30:49.361+0000] {processor.py:183} INFO - Processing /home/airflow/.local/lib/python3.8/site-packages/airflow/example_dags/example_skip_dag.py took 0.136 seconds
[2024-04-08T09:31:19.460+0000] {processor.py:161} INFO - Started process (PID=231) to work on /home/airflow/.local/lib/python3.8/site-packages/airflow/example_dags/example_skip_dag.py
[2024-04-08T09:31:19.461+0000] {processor.py:830} INFO - Processing file /home/airflow/.local/lib/python3.8/site-packages/airflow/example_dags/example_skip_dag.py for tasks to queue
[2024-04-08T09:31:19.462+0000] {logging_mixin.py:188} INFO - [2024-04-08T09:31:19.461+0000] {dagbag.py:540} INFO - Filling up the DagBag from /home/airflow/.local/lib/python3.8/site-packages/airflow/example_dags/example_skip_dag.py
[2024-04-08T09:31:19.465+0000] {processor.py:840} INFO - DAG(s) 'example_skip_dag' retrieved from /home/airflow/.local/lib/python3.8/site-packages/airflow/example_dags/example_skip_dag.py
[2024-04-08T09:31:19.537+0000] {logging_mixin.py:188} INFO - [2024-04-08T09:31:19.536+0000] {dag.py:3047} INFO - Sync 1 DAGs
[2024-04-08T09:31:19.572+0000] {logging_mixin.py:188} INFO - [2024-04-08T09:31:19.572+0000] {dag.py:3834} INFO - Setting next_dagrun for example_skip_dag to 2024-04-07 00:00:00+00:00, run_after=2024-04-08 00:00:00+00:00
[2024-04-08T09:31:19.594+0000] {processor.py:183} INFO - Processing /home/airflow/.local/lib/python3.8/site-packages/airflow/example_dags/example_skip_dag.py took 0.135 seconds
[2024-04-08T09:31:49.661+0000] {processor.py:161} INFO - Started process (PID=285) to work on /home/airflow/.local/lib/python3.8/site-packages/airflow/example_dags/example_skip_dag.py
[2024-04-08T09:31:49.661+0000] {processor.py:830} INFO - Processing file /home/airflow/.local/lib/python3.8/site-packages/airflow/example_dags/example_skip_dag.py for tasks to queue
[2024-04-08T09:31:49.662+0000] {logging_mixin.py:188} INFO - [2024-04-08T09:31:49.662+0000] {dagbag.py:540} INFO - Filling up the DagBag from /home/airflow/.local/lib/python3.8/site-packages/airflow/example_dags/example_skip_dag.py
[2024-04-08T09:31:49.665+0000] {processor.py:840} INFO - DAG(s) 'example_skip_dag' retrieved from /home/airflow/.local/lib/python3.8/site-packages/airflow/example_dags/example_skip_dag.py
[2024-04-08T09:31:49.738+0000] {logging_mixin.py:188} INFO - [2024-04-08T09:31:49.738+0000] {dag.py:3047} INFO - Sync 1 DAGs
[2024-04-08T09:31:49.776+0000] {logging_mixin.py:188} INFO - [2024-04-08T09:31:49.776+0000] {dag.py:3834} INFO - Setting next_dagrun for example_skip_dag to 2024-04-07 00:00:00+00:00, run_after=2024-04-08 00:00:00+00:00
[2024-04-08T09:31:49.799+0000] {processor.py:183} INFO - Processing /home/airflow/.local/lib/python3.8/site-packages/airflow/example_dags/example_skip_dag.py took 0.139 seconds
[2024-04-08T09:32:19.872+0000] {processor.py:161} INFO - Started process (PID=340) to work on /home/airflow/.local/lib/python3.8/site-packages/airflow/example_dags/example_skip_dag.py
[2024-04-08T09:32:19.873+0000] {processor.py:830} INFO - Processing file /home/airflow/.local/lib/python3.8/site-packages/airflow/example_dags/example_skip_dag.py for tasks to queue
[2024-04-08T09:32:19.874+0000] {logging_mixin.py:188} INFO - [2024-04-08T09:32:19.873+0000] {dagbag.py:540} INFO - Filling up the DagBag from /home/airflow/.local/lib/python3.8/site-packages/airflow/example_dags/example_skip_dag.py
[2024-04-08T09:32:19.877+0000] {processor.py:840} INFO - DAG(s) 'example_skip_dag' retrieved from /home/airflow/.local/lib/python3.8/site-packages/airflow/example_dags/example_skip_dag.py
[2024-04-08T09:32:19.948+0000] {logging_mixin.py:188} INFO - [2024-04-08T09:32:19.948+0000] {dag.py:3047} INFO - Sync 1 DAGs
[2024-04-08T09:32:19.984+0000] {logging_mixin.py:188} INFO - [2024-04-08T09:32:19.984+0000] {dag.py:3834} INFO - Setting next_dagrun for example_skip_dag to 2024-04-07 00:00:00+00:00, run_after=2024-04-08 00:00:00+00:00
[2024-04-08T09:32:20.006+0000] {processor.py:183} INFO - Processing /home/airflow/.local/lib/python3.8/site-packages/airflow/example_dags/example_skip_dag.py took 0.135 seconds
[2024-04-08T09:32:50.131+0000] {processor.py:161} INFO - Started process (PID=395) to work on /home/airflow/.local/lib/python3.8/site-packages/airflow/example_dags/example_skip_dag.py
[2024-04-08T09:32:50.132+0000] {processor.py:830} INFO - Processing file /home/airflow/.local/lib/python3.8/site-packages/airflow/example_dags/example_skip_dag.py for tasks to queue
[2024-04-08T09:32:50.133+0000] {logging_mixin.py:188} INFO - [2024-04-08T09:32:50.133+0000] {dagbag.py:540} INFO - Filling up the DagBag from /home/airflow/.local/lib/python3.8/site-packages/airflow/example_dags/example_skip_dag.py
[2024-04-08T09:32:50.136+0000] {processor.py:840} INFO - DAG(s) 'example_skip_dag' retrieved from /home/airflow/.local/lib/python3.8/site-packages/airflow/example_dags/example_skip_dag.py
[2024-04-08T09:32:50.207+0000] {logging_mixin.py:188} INFO - [2024-04-08T09:32:50.207+0000] {dag.py:3047} INFO - Sync 1 DAGs
[2024-04-08T09:32:50.243+0000] {logging_mixin.py:188} INFO - [2024-04-08T09:32:50.243+0000] {dag.py:3834} INFO - Setting next_dagrun for example_skip_dag to 2024-04-07 00:00:00+00:00, run_after=2024-04-08 00:00:00+00:00
[2024-04-08T09:32:50.263+0000] {processor.py:183} INFO - Processing /home/airflow/.local/lib/python3.8/site-packages/airflow/example_dags/example_skip_dag.py took 0.133 seconds
[2024-04-08T09:33:20.335+0000] {processor.py:161} INFO - Started process (PID=450) to work on /home/airflow/.local/lib/python3.8/site-packages/airflow/example_dags/example_skip_dag.py
[2024-04-08T09:33:20.335+0000] {processor.py:830} INFO - Processing file /home/airflow/.local/lib/python3.8/site-packages/airflow/example_dags/example_skip_dag.py for tasks to queue
[2024-04-08T09:33:20.336+0000] {logging_mixin.py:188} INFO - [2024-04-08T09:33:20.336+0000] {dagbag.py:540} INFO - Filling up the DagBag from /home/airflow/.local/lib/python3.8/site-packages/airflow/example_dags/example_skip_dag.py
[2024-04-08T09:33:20.339+0000] {processor.py:840} INFO - DAG(s) 'example_skip_dag' retrieved from /home/airflow/.local/lib/python3.8/site-packages/airflow/example_dags/example_skip_dag.py
[2024-04-08T09:33:20.409+0000] {logging_mixin.py:188} INFO - [2024-04-08T09:33:20.409+0000] {dag.py:3047} INFO - Sync 1 DAGs
[2024-04-08T09:33:20.445+0000] {logging_mixin.py:188} INFO - [2024-04-08T09:33:20.444+0000] {dag.py:3834} INFO - Setting next_dagrun for example_skip_dag to 2024-04-07 00:00:00+00:00, run_after=2024-04-08 00:00:00+00:00
[2024-04-08T09:33:20.467+0000] {processor.py:183} INFO - Processing /home/airflow/.local/lib/python3.8/site-packages/airflow/example_dags/example_skip_dag.py took 0.134 seconds
[2024-04-08T09:33:50.565+0000] {processor.py:161} INFO - Started process (PID=504) to work on /home/airflow/.local/lib/python3.8/site-packages/airflow/example_dags/example_skip_dag.py
[2024-04-08T09:33:50.566+0000] {processor.py:830} INFO - Processing file /home/airflow/.local/lib/python3.8/site-packages/airflow/example_dags/example_skip_dag.py for tasks to queue
[2024-04-08T09:33:50.566+0000] {logging_mixin.py:188} INFO - [2024-04-08T09:33:50.566+0000] {dagbag.py:540} INFO - Filling up the DagBag from /home/airflow/.local/lib/python3.8/site-packages/airflow/example_dags/example_skip_dag.py
[2024-04-08T09:33:50.570+0000] {processor.py:840} INFO - DAG(s) 'example_skip_dag' retrieved from /home/airflow/.local/lib/python3.8/site-packages/airflow/example_dags/example_skip_dag.py
[2024-04-08T09:33:50.640+0000] {logging_mixin.py:188} INFO - [2024-04-08T09:33:50.640+0000] {dag.py:3047} INFO - Sync 1 DAGs
[2024-04-08T09:33:50.675+0000] {logging_mixin.py:188} INFO - [2024-04-08T09:33:50.675+0000] {dag.py:3834} INFO - Setting next_dagrun for example_skip_dag to 2024-04-07 00:00:00+00:00, run_after=2024-04-08 00:00:00+00:00
[2024-04-08T09:33:50.696+0000] {processor.py:183} INFO - Processing /home/airflow/.local/lib/python3.8/site-packages/airflow/example_dags/example_skip_dag.py took 0.133 seconds
[2024-04-08T09:34:20.822+0000] {processor.py:161} INFO - Started process (PID=559) to work on /home/airflow/.local/lib/python3.8/site-packages/airflow/example_dags/example_skip_dag.py
[2024-04-08T09:34:20.822+0000] {processor.py:830} INFO - Processing file /home/airflow/.local/lib/python3.8/site-packages/airflow/example_dags/example_skip_dag.py for tasks to queue
[2024-04-08T09:34:20.823+0000] {logging_mixin.py:188} INFO - [2024-04-08T09:34:20.823+0000] {dagbag.py:540} INFO - Filling up the DagBag from /home/airflow/.local/lib/python3.8/site-packages/airflow/example_dags/example_skip_dag.py
[2024-04-08T09:34:20.826+0000] {processor.py:840} INFO - DAG(s) 'example_skip_dag' retrieved from /home/airflow/.local/lib/python3.8/site-packages/airflow/example_dags/example_skip_dag.py
[2024-04-08T09:34:20.898+0000] {logging_mixin.py:188} INFO - [2024-04-08T09:34:20.898+0000] {dag.py:3047} INFO - Sync 1 DAGs
[2024-04-08T09:34:20.935+0000] {logging_mixin.py:188} INFO - [2024-04-08T09:34:20.935+0000] {dag.py:3834} INFO - Setting next_dagrun for example_skip_dag to 2024-04-07 00:00:00+00:00, run_after=2024-04-08 00:00:00+00:00
[2024-04-08T09:34:20.957+0000] {processor.py:183} INFO - Processing /home/airflow/.local/lib/python3.8/site-packages/airflow/example_dags/example_skip_dag.py took 0.137 seconds
[2024-04-08T09:34:51.190+0000] {processor.py:161} INFO - Started process (PID=614) to work on /home/airflow/.local/lib/python3.8/site-packages/airflow/example_dags/example_skip_dag.py
[2024-04-08T09:34:51.190+0000] {processor.py:830} INFO - Processing file /home/airflow/.local/lib/python3.8/site-packages/airflow/example_dags/example_skip_dag.py for tasks to queue
[2024-04-08T09:34:51.191+0000] {logging_mixin.py:188} INFO - [2024-04-08T09:34:51.191+0000] {dagbag.py:540} INFO - Filling up the DagBag from /home/airflow/.local/lib/python3.8/site-packages/airflow/example_dags/example_skip_dag.py
[2024-04-08T09:34:51.194+0000] {processor.py:840} INFO - DAG(s) 'example_skip_dag' retrieved from /home/airflow/.local/lib/python3.8/site-packages/airflow/example_dags/example_skip_dag.py
[2024-04-08T09:34:51.265+0000] {logging_mixin.py:188} INFO - [2024-04-08T09:34:51.264+0000] {dag.py:3047} INFO - Sync 1 DAGs
[2024-04-08T09:34:51.300+0000] {logging_mixin.py:188} INFO - [2024-04-08T09:34:51.300+0000] {dag.py:3834} INFO - Setting next_dagrun for example_skip_dag to 2024-04-07 00:00:00+00:00, run_after=2024-04-08 00:00:00+00:00
[2024-04-08T09:34:51.322+0000] {processor.py:183} INFO - Processing /home/airflow/.local/lib/python3.8/site-packages/airflow/example_dags/example_skip_dag.py took 0.134 seconds
[2024-04-08T09:35:21.736+0000] {processor.py:161} INFO - Started process (PID=669) to work on /home/airflow/.local/lib/python3.8/site-packages/airflow/example_dags/example_skip_dag.py
[2024-04-08T09:35:21.737+0000] {processor.py:830} INFO - Processing file /home/airflow/.local/lib/python3.8/site-packages/airflow/example_dags/example_skip_dag.py for tasks to queue
[2024-04-08T09:35:21.737+0000] {logging_mixin.py:188} INFO - [2024-04-08T09:35:21.737+0000] {dagbag.py:540} INFO - Filling up the DagBag from /home/airflow/.local/lib/python3.8/site-packages/airflow/example_dags/example_skip_dag.py
[2024-04-08T09:35:21.740+0000] {processor.py:840} INFO - DAG(s) 'example_skip_dag' retrieved from /home/airflow/.local/lib/python3.8/site-packages/airflow/example_dags/example_skip_dag.py
[2024-04-08T09:35:21.809+0000] {logging_mixin.py:188} INFO - [2024-04-08T09:35:21.809+0000] {dag.py:3047} INFO - Sync 1 DAGs
[2024-04-08T09:35:21.843+0000] {logging_mixin.py:188} INFO - [2024-04-08T09:35:21.843+0000] {dag.py:3834} INFO - Setting next_dagrun for example_skip_dag to 2024-04-07 00:00:00+00:00, run_after=2024-04-08 00:00:00+00:00
[2024-04-08T09:35:21.861+0000] {processor.py:183} INFO - Processing /home/airflow/.local/lib/python3.8/site-packages/airflow/example_dags/example_skip_dag.py took 0.127 seconds
[2024-04-08T09:35:51.966+0000] {processor.py:161} INFO - Started process (PID=724) to work on /home/airflow/.local/lib/python3.8/site-packages/airflow/example_dags/example_skip_dag.py
[2024-04-08T09:35:51.966+0000] {processor.py:830} INFO - Processing file /home/airflow/.local/lib/python3.8/site-packages/airflow/example_dags/example_skip_dag.py for tasks to queue
[2024-04-08T09:35:51.967+0000] {logging_mixin.py:188} INFO - [2024-04-08T09:35:51.967+0000] {dagbag.py:540} INFO - Filling up the DagBag from /home/airflow/.local/lib/python3.8/site-packages/airflow/example_dags/example_skip_dag.py
[2024-04-08T09:35:51.970+0000] {processor.py:840} INFO - DAG(s) 'example_skip_dag' retrieved from /home/airflow/.local/lib/python3.8/site-packages/airflow/example_dags/example_skip_dag.py
[2024-04-08T09:35:52.039+0000] {logging_mixin.py:188} INFO - [2024-04-08T09:35:52.039+0000] {dag.py:3047} INFO - Sync 1 DAGs
[2024-04-08T09:35:52.073+0000] {logging_mixin.py:188} INFO - [2024-04-08T09:35:52.073+0000] {dag.py:3834} INFO - Setting next_dagrun for example_skip_dag to 2024-04-07 00:00:00+00:00, run_after=2024-04-08 00:00:00+00:00
[2024-04-08T09:35:52.091+0000] {processor.py:183} INFO - Processing /home/airflow/.local/lib/python3.8/site-packages/airflow/example_dags/example_skip_dag.py took 0.127 seconds
[2024-04-08T09:36:22.151+0000] {processor.py:161} INFO - Started process (PID=779) to work on /home/airflow/.local/lib/python3.8/site-packages/airflow/example_dags/example_skip_dag.py
[2024-04-08T09:36:22.151+0000] {processor.py:830} INFO - Processing file /home/airflow/.local/lib/python3.8/site-packages/airflow/example_dags/example_skip_dag.py for tasks to queue
[2024-04-08T09:36:22.152+0000] {logging_mixin.py:188} INFO - [2024-04-08T09:36:22.152+0000] {dagbag.py:540} INFO - Filling up the DagBag from /home/airflow/.local/lib/python3.8/site-packages/airflow/example_dags/example_skip_dag.py
[2024-04-08T09:36:22.155+0000] {processor.py:840} INFO - DAG(s) 'example_skip_dag' retrieved from /home/airflow/.local/lib/python3.8/site-packages/airflow/example_dags/example_skip_dag.py
[2024-04-08T09:36:22.228+0000] {logging_mixin.py:188} INFO - [2024-04-08T09:36:22.228+0000] {dag.py:3047} INFO - Sync 1 DAGs
[2024-04-08T09:36:22.263+0000] {logging_mixin.py:188} INFO - [2024-04-08T09:36:22.263+0000] {dag.py:3834} INFO - Setting next_dagrun for example_skip_dag to 2024-04-07 00:00:00+00:00, run_after=2024-04-08 00:00:00+00:00
[2024-04-08T09:36:22.282+0000] {processor.py:183} INFO - Processing /home/airflow/.local/lib/python3.8/site-packages/airflow/example_dags/example_skip_dag.py took 0.132 seconds
[2024-04-08T09:36:52.400+0000] {processor.py:161} INFO - Started process (PID=834) to work on /home/airflow/.local/lib/python3.8/site-packages/airflow/example_dags/example_skip_dag.py
[2024-04-08T09:36:52.400+0000] {processor.py:830} INFO - Processing file /home/airflow/.local/lib/python3.8/site-packages/airflow/example_dags/example_skip_dag.py for tasks to queue
[2024-04-08T09:36:52.401+0000] {logging_mixin.py:188} INFO - [2024-04-08T09:36:52.401+0000] {dagbag.py:540} INFO - Filling up the DagBag from /home/airflow/.local/lib/python3.8/site-packages/airflow/example_dags/example_skip_dag.py
[2024-04-08T09:36:52.404+0000] {processor.py:840} INFO - DAG(s) 'example_skip_dag' retrieved from /home/airflow/.local/lib/python3.8/site-packages/airflow/example_dags/example_skip_dag.py
[2024-04-08T09:36:52.482+0000] {logging_mixin.py:188} INFO - [2024-04-08T09:36:52.482+0000] {dag.py:3047} INFO - Sync 1 DAGs
[2024-04-08T09:36:52.522+0000] {logging_mixin.py:188} INFO - [2024-04-08T09:36:52.522+0000] {dag.py:3834} INFO - Setting next_dagrun for example_skip_dag to 2024-04-07 00:00:00+00:00, run_after=2024-04-08 00:00:00+00:00
[2024-04-08T09:36:52.546+0000] {processor.py:183} INFO - Processing /home/airflow/.local/lib/python3.8/site-packages/airflow/example_dags/example_skip_dag.py took 0.148 seconds
[2024-04-08T09:37:22.683+0000] {processor.py:161} INFO - Started process (PID=889) to work on /home/airflow/.local/lib/python3.8/site-packages/airflow/example_dags/example_skip_dag.py
[2024-04-08T09:37:22.683+0000] {processor.py:830} INFO - Processing file /home/airflow/.local/lib/python3.8/site-packages/airflow/example_dags/example_skip_dag.py for tasks to queue
[2024-04-08T09:37:22.684+0000] {logging_mixin.py:188} INFO - [2024-04-08T09:37:22.684+0000] {dagbag.py:540} INFO - Filling up the DagBag from /home/airflow/.local/lib/python3.8/site-packages/airflow/example_dags/example_skip_dag.py
[2024-04-08T09:37:22.688+0000] {processor.py:840} INFO - DAG(s) 'example_skip_dag' retrieved from /home/airflow/.local/lib/python3.8/site-packages/airflow/example_dags/example_skip_dag.py
[2024-04-08T09:37:22.764+0000] {logging_mixin.py:188} INFO - [2024-04-08T09:37:22.764+0000] {dag.py:3047} INFO - Sync 1 DAGs
[2024-04-08T09:37:22.804+0000] {logging_mixin.py:188} INFO - [2024-04-08T09:37:22.804+0000] {dag.py:3834} INFO - Setting next_dagrun for example_skip_dag to 2024-04-07 00:00:00+00:00, run_after=2024-04-08 00:00:00+00:00
[2024-04-08T09:37:22.829+0000] {processor.py:183} INFO - Processing /home/airflow/.local/lib/python3.8/site-packages/airflow/example_dags/example_skip_dag.py took 0.148 seconds
[2024-04-08T09:37:52.884+0000] {processor.py:161} INFO - Started process (PID=944) to work on /home/airflow/.local/lib/python3.8/site-packages/airflow/example_dags/example_skip_dag.py
[2024-04-08T09:37:52.884+0000] {processor.py:830} INFO - Processing file /home/airflow/.local/lib/python3.8/site-packages/airflow/example_dags/example_skip_dag.py for tasks to queue
[2024-04-08T09:37:52.885+0000] {logging_mixin.py:188} INFO - [2024-04-08T09:37:52.885+0000] {dagbag.py:540} INFO - Filling up the DagBag from /home/airflow/.local/lib/python3.8/site-packages/airflow/example_dags/example_skip_dag.py
[2024-04-08T09:37:52.888+0000] {processor.py:840} INFO - DAG(s) 'example_skip_dag' retrieved from /home/airflow/.local/lib/python3.8/site-packages/airflow/example_dags/example_skip_dag.py
[2024-04-08T09:37:52.959+0000] {logging_mixin.py:188} INFO - [2024-04-08T09:37:52.959+0000] {dag.py:3047} INFO - Sync 1 DAGs
[2024-04-08T09:37:52.994+0000] {logging_mixin.py:188} INFO - [2024-04-08T09:37:52.994+0000] {dag.py:3834} INFO - Setting next_dagrun for example_skip_dag to 2024-04-07 00:00:00+00:00, run_after=2024-04-08 00:00:00+00:00
[2024-04-08T09:37:53.016+0000] {processor.py:183} INFO - Processing /home/airflow/.local/lib/python3.8/site-packages/airflow/example_dags/example_skip_dag.py took 0.134 seconds
[2024-04-08T09:38:23.696+0000] {processor.py:161} INFO - Started process (PID=999) to work on /home/airflow/.local/lib/python3.8/site-packages/airflow/example_dags/example_skip_dag.py
[2024-04-08T09:38:23.697+0000] {processor.py:830} INFO - Processing file /home/airflow/.local/lib/python3.8/site-packages/airflow/example_dags/example_skip_dag.py for tasks to queue
[2024-04-08T09:38:23.698+0000] {logging_mixin.py:188} INFO - [2024-04-08T09:38:23.698+0000] {dagbag.py:540} INFO - Filling up the DagBag from /home/airflow/.local/lib/python3.8/site-packages/airflow/example_dags/example_skip_dag.py
[2024-04-08T09:38:23.701+0000] {processor.py:840} INFO - DAG(s) 'example_skip_dag' retrieved from /home/airflow/.local/lib/python3.8/site-packages/airflow/example_dags/example_skip_dag.py
[2024-04-08T09:38:23.776+0000] {logging_mixin.py:188} INFO - [2024-04-08T09:38:23.775+0000] {dag.py:3047} INFO - Sync 1 DAGs
[2024-04-08T09:38:23.814+0000] {logging_mixin.py:188} INFO - [2024-04-08T09:38:23.814+0000] {dag.py:3834} INFO - Setting next_dagrun for example_skip_dag to 2024-04-07 00:00:00+00:00, run_after=2024-04-08 00:00:00+00:00
[2024-04-08T09:38:23.837+0000] {processor.py:183} INFO - Processing /home/airflow/.local/lib/python3.8/site-packages/airflow/example_dags/example_skip_dag.py took 0.143 seconds
[2024-04-08T09:38:54.814+0000] {processor.py:161} INFO - Started process (PID=1054) to work on /home/airflow/.local/lib/python3.8/site-packages/airflow/example_dags/example_skip_dag.py
[2024-04-08T09:38:54.815+0000] {processor.py:830} INFO - Processing file /home/airflow/.local/lib/python3.8/site-packages/airflow/example_dags/example_skip_dag.py for tasks to queue
[2024-04-08T09:38:54.816+0000] {logging_mixin.py:188} INFO - [2024-04-08T09:38:54.816+0000] {dagbag.py:540} INFO - Filling up the DagBag from /home/airflow/.local/lib/python3.8/site-packages/airflow/example_dags/example_skip_dag.py
[2024-04-08T09:38:54.821+0000] {processor.py:840} INFO - DAG(s) 'example_skip_dag' retrieved from /home/airflow/.local/lib/python3.8/site-packages/airflow/example_dags/example_skip_dag.py
[2024-04-08T09:38:54.941+0000] {logging_mixin.py:188} INFO - [2024-04-08T09:38:54.940+0000] {dag.py:3047} INFO - Sync 1 DAGs
[2024-04-08T09:38:55.043+0000] {logging_mixin.py:188} INFO - [2024-04-08T09:38:55.043+0000] {dag.py:3834} INFO - Setting next_dagrun for example_skip_dag to 2024-04-07 00:00:00+00:00, run_after=2024-04-08 00:00:00+00:00
[2024-04-08T09:38:55.080+0000] {processor.py:183} INFO - Processing /home/airflow/.local/lib/python3.8/site-packages/airflow/example_dags/example_skip_dag.py took 0.268 seconds
[2024-04-08T09:39:25.355+0000] {processor.py:161} INFO - Started process (PID=1109) to work on /home/airflow/.local/lib/python3.8/site-packages/airflow/example_dags/example_skip_dag.py
[2024-04-08T09:39:25.356+0000] {processor.py:830} INFO - Processing file /home/airflow/.local/lib/python3.8/site-packages/airflow/example_dags/example_skip_dag.py for tasks to queue
[2024-04-08T09:39:25.357+0000] {logging_mixin.py:188} INFO - [2024-04-08T09:39:25.357+0000] {dagbag.py:540} INFO - Filling up the DagBag from /home/airflow/.local/lib/python3.8/site-packages/airflow/example_dags/example_skip_dag.py
[2024-04-08T09:39:25.360+0000] {processor.py:840} INFO - DAG(s) 'example_skip_dag' retrieved from /home/airflow/.local/lib/python3.8/site-packages/airflow/example_dags/example_skip_dag.py
[2024-04-08T09:39:25.431+0000] {logging_mixin.py:188} INFO - [2024-04-08T09:39:25.431+0000] {dag.py:3047} INFO - Sync 1 DAGs
[2024-04-08T09:39:25.467+0000] {logging_mixin.py:188} INFO - [2024-04-08T09:39:25.467+0000] {dag.py:3834} INFO - Setting next_dagrun for example_skip_dag to 2024-04-07 00:00:00+00:00, run_after=2024-04-08 00:00:00+00:00
[2024-04-08T09:39:25.489+0000] {processor.py:183} INFO - Processing /home/airflow/.local/lib/python3.8/site-packages/airflow/example_dags/example_skip_dag.py took 0.136 seconds
[2024-04-08T09:39:56.511+0000] {processor.py:161} INFO - Started process (PID=1164) to work on /home/airflow/.local/lib/python3.8/site-packages/airflow/example_dags/example_skip_dag.py
[2024-04-08T09:39:56.512+0000] {processor.py:830} INFO - Processing file /home/airflow/.local/lib/python3.8/site-packages/airflow/example_dags/example_skip_dag.py for tasks to queue
[2024-04-08T09:39:56.513+0000] {logging_mixin.py:188} INFO - [2024-04-08T09:39:56.513+0000] {dagbag.py:540} INFO - Filling up the DagBag from /home/airflow/.local/lib/python3.8/site-packages/airflow/example_dags/example_skip_dag.py
[2024-04-08T09:39:56.516+0000] {processor.py:840} INFO - DAG(s) 'example_skip_dag' retrieved from /home/airflow/.local/lib/python3.8/site-packages/airflow/example_dags/example_skip_dag.py
[2024-04-08T09:39:56.597+0000] {logging_mixin.py:188} INFO - [2024-04-08T09:39:56.597+0000] {dag.py:3047} INFO - Sync 1 DAGs
[2024-04-08T09:39:56.636+0000] {logging_mixin.py:188} INFO - [2024-04-08T09:39:56.636+0000] {dag.py:3834} INFO - Setting next_dagrun for example_skip_dag to 2024-04-07 00:00:00+00:00, run_after=2024-04-08 00:00:00+00:00
[2024-04-08T09:39:56.657+0000] {processor.py:183} INFO - Processing /home/airflow/.local/lib/python3.8/site-packages/airflow/example_dags/example_skip_dag.py took 0.147 seconds
[2024-04-08T09:40:26.912+0000] {processor.py:161} INFO - Started process (PID=1218) to work on /home/airflow/.local/lib/python3.8/site-packages/airflow/example_dags/example_skip_dag.py
[2024-04-08T09:40:26.913+0000] {processor.py:830} INFO - Processing file /home/airflow/.local/lib/python3.8/site-packages/airflow/example_dags/example_skip_dag.py for tasks to queue
[2024-04-08T09:40:26.914+0000] {logging_mixin.py:188} INFO - [2024-04-08T09:40:26.914+0000] {dagbag.py:540} INFO - Filling up the DagBag from /home/airflow/.local/lib/python3.8/site-packages/airflow/example_dags/example_skip_dag.py
[2024-04-08T09:40:26.917+0000] {processor.py:840} INFO - DAG(s) 'example_skip_dag' retrieved from /home/airflow/.local/lib/python3.8/site-packages/airflow/example_dags/example_skip_dag.py
[2024-04-08T09:40:26.994+0000] {logging_mixin.py:188} INFO - [2024-04-08T09:40:26.994+0000] {dag.py:3047} INFO - Sync 1 DAGs
[2024-04-08T09:40:27.033+0000] {logging_mixin.py:188} INFO - [2024-04-08T09:40:27.033+0000] {dag.py:3834} INFO - Setting next_dagrun for example_skip_dag to 2024-04-07 00:00:00+00:00, run_after=2024-04-08 00:00:00+00:00
[2024-04-08T09:40:27.057+0000] {processor.py:183} INFO - Processing /home/airflow/.local/lib/python3.8/site-packages/airflow/example_dags/example_skip_dag.py took 0.147 seconds
[2024-04-08T09:40:57.089+0000] {processor.py:161} INFO - Started process (PID=1273) to work on /home/airflow/.local/lib/python3.8/site-packages/airflow/example_dags/example_skip_dag.py
[2024-04-08T09:40:57.090+0000] {processor.py:830} INFO - Processing file /home/airflow/.local/lib/python3.8/site-packages/airflow/example_dags/example_skip_dag.py for tasks to queue
[2024-04-08T09:40:57.091+0000] {logging_mixin.py:188} INFO - [2024-04-08T09:40:57.090+0000] {dagbag.py:540} INFO - Filling up the DagBag from /home/airflow/.local/lib/python3.8/site-packages/airflow/example_dags/example_skip_dag.py
[2024-04-08T09:40:57.094+0000] {processor.py:840} INFO - DAG(s) 'example_skip_dag' retrieved from /home/airflow/.local/lib/python3.8/site-packages/airflow/example_dags/example_skip_dag.py
[2024-04-08T09:40:57.164+0000] {logging_mixin.py:188} INFO - [2024-04-08T09:40:57.164+0000] {dag.py:3047} INFO - Sync 1 DAGs
[2024-04-08T09:40:57.200+0000] {logging_mixin.py:188} INFO - [2024-04-08T09:40:57.200+0000] {dag.py:3834} INFO - Setting next_dagrun for example_skip_dag to 2024-04-07 00:00:00+00:00, run_after=2024-04-08 00:00:00+00:00
[2024-04-08T09:40:57.222+0000] {processor.py:183} INFO - Processing /home/airflow/.local/lib/python3.8/site-packages/airflow/example_dags/example_skip_dag.py took 0.134 seconds
[2024-04-08T09:41:28.136+0000] {processor.py:161} INFO - Started process (PID=1328) to work on /home/airflow/.local/lib/python3.8/site-packages/airflow/example_dags/example_skip_dag.py
[2024-04-08T09:41:28.136+0000] {processor.py:830} INFO - Processing file /home/airflow/.local/lib/python3.8/site-packages/airflow/example_dags/example_skip_dag.py for tasks to queue
[2024-04-08T09:41:28.137+0000] {logging_mixin.py:188} INFO - [2024-04-08T09:41:28.137+0000] {dagbag.py:540} INFO - Filling up the DagBag from /home/airflow/.local/lib/python3.8/site-packages/airflow/example_dags/example_skip_dag.py
[2024-04-08T09:41:28.140+0000] {processor.py:840} INFO - DAG(s) 'example_skip_dag' retrieved from /home/airflow/.local/lib/python3.8/site-packages/airflow/example_dags/example_skip_dag.py
[2024-04-08T09:41:28.211+0000] {logging_mixin.py:188} INFO - [2024-04-08T09:41:28.211+0000] {dag.py:3047} INFO - Sync 1 DAGs
[2024-04-08T09:41:28.247+0000] {logging_mixin.py:188} INFO - [2024-04-08T09:41:28.247+0000] {dag.py:3834} INFO - Setting next_dagrun for example_skip_dag to 2024-04-07 00:00:00+00:00, run_after=2024-04-08 00:00:00+00:00
[2024-04-08T09:41:28.270+0000] {processor.py:183} INFO - Processing /home/airflow/.local/lib/python3.8/site-packages/airflow/example_dags/example_skip_dag.py took 0.136 seconds
[2024-04-08T09:41:59.046+0000] {processor.py:161} INFO - Started process (PID=1383) to work on /home/airflow/.local/lib/python3.8/site-packages/airflow/example_dags/example_skip_dag.py
[2024-04-08T09:41:59.047+0000] {processor.py:830} INFO - Processing file /home/airflow/.local/lib/python3.8/site-packages/airflow/example_dags/example_skip_dag.py for tasks to queue
[2024-04-08T09:41:59.048+0000] {logging_mixin.py:188} INFO - [2024-04-08T09:41:59.047+0000] {dagbag.py:540} INFO - Filling up the DagBag from /home/airflow/.local/lib/python3.8/site-packages/airflow/example_dags/example_skip_dag.py
[2024-04-08T09:41:59.051+0000] {processor.py:840} INFO - DAG(s) 'example_skip_dag' retrieved from /home/airflow/.local/lib/python3.8/site-packages/airflow/example_dags/example_skip_dag.py
[2024-04-08T09:41:59.124+0000] {logging_mixin.py:188} INFO - [2024-04-08T09:41:59.124+0000] {dag.py:3047} INFO - Sync 1 DAGs
[2024-04-08T09:41:59.166+0000] {logging_mixin.py:188} INFO - [2024-04-08T09:41:59.166+0000] {dag.py:3834} INFO - Setting next_dagrun for example_skip_dag to 2024-04-07 00:00:00+00:00, run_after=2024-04-08 00:00:00+00:00
[2024-04-08T09:41:59.190+0000] {processor.py:183} INFO - Processing /home/airflow/.local/lib/python3.8/site-packages/airflow/example_dags/example_skip_dag.py took 0.145 seconds
[2024-04-08T09:42:29.363+0000] {processor.py:161} INFO - Started process (PID=1438) to work on /home/airflow/.local/lib/python3.8/site-packages/airflow/example_dags/example_skip_dag.py
[2024-04-08T09:42:29.363+0000] {processor.py:830} INFO - Processing file /home/airflow/.local/lib/python3.8/site-packages/airflow/example_dags/example_skip_dag.py for tasks to queue
[2024-04-08T09:42:29.364+0000] {logging_mixin.py:188} INFO - [2024-04-08T09:42:29.364+0000] {dagbag.py:540} INFO - Filling up the DagBag from /home/airflow/.local/lib/python3.8/site-packages/airflow/example_dags/example_skip_dag.py
[2024-04-08T09:42:29.367+0000] {processor.py:840} INFO - DAG(s) 'example_skip_dag' retrieved from /home/airflow/.local/lib/python3.8/site-packages/airflow/example_dags/example_skip_dag.py
[2024-04-08T09:42:29.438+0000] {logging_mixin.py:188} INFO - [2024-04-08T09:42:29.438+0000] {dag.py:3047} INFO - Sync 1 DAGs
[2024-04-08T09:42:29.474+0000] {logging_mixin.py:188} INFO - [2024-04-08T09:42:29.474+0000] {dag.py:3834} INFO - Setting next_dagrun for example_skip_dag to 2024-04-07 00:00:00+00:00, run_after=2024-04-08 00:00:00+00:00
[2024-04-08T09:42:29.495+0000] {processor.py:183} INFO - Processing /home/airflow/.local/lib/python3.8/site-packages/airflow/example_dags/example_skip_dag.py took 0.134 seconds
[2024-04-08T09:42:59.671+0000] {processor.py:161} INFO - Started process (PID=1493) to work on /home/airflow/.local/lib/python3.8/site-packages/airflow/example_dags/example_skip_dag.py
[2024-04-08T09:42:59.671+0000] {processor.py:830} INFO - Processing file /home/airflow/.local/lib/python3.8/site-packages/airflow/example_dags/example_skip_dag.py for tasks to queue
[2024-04-08T09:42:59.672+0000] {logging_mixin.py:188} INFO - [2024-04-08T09:42:59.672+0000] {dagbag.py:540} INFO - Filling up the DagBag from /home/airflow/.local/lib/python3.8/site-packages/airflow/example_dags/example_skip_dag.py
[2024-04-08T09:42:59.675+0000] {processor.py:840} INFO - DAG(s) 'example_skip_dag' retrieved from /home/airflow/.local/lib/python3.8/site-packages/airflow/example_dags/example_skip_dag.py
[2024-04-08T09:42:59.748+0000] {logging_mixin.py:188} INFO - [2024-04-08T09:42:59.747+0000] {dag.py:3047} INFO - Sync 1 DAGs
[2024-04-08T09:42:59.784+0000] {logging_mixin.py:188} INFO - [2024-04-08T09:42:59.784+0000] {dag.py:3834} INFO - Setting next_dagrun for example_skip_dag to 2024-04-07 00:00:00+00:00, run_after=2024-04-08 00:00:00+00:00
[2024-04-08T09:42:59.806+0000] {processor.py:183} INFO - Processing /home/airflow/.local/lib/python3.8/site-packages/airflow/example_dags/example_skip_dag.py took 0.137 seconds
[2024-04-08T09:43:29.943+0000] {processor.py:161} INFO - Started process (PID=1548) to work on /home/airflow/.local/lib/python3.8/site-packages/airflow/example_dags/example_skip_dag.py
[2024-04-08T09:43:29.943+0000] {processor.py:830} INFO - Processing file /home/airflow/.local/lib/python3.8/site-packages/airflow/example_dags/example_skip_dag.py for tasks to queue
[2024-04-08T09:43:29.944+0000] {logging_mixin.py:188} INFO - [2024-04-08T09:43:29.944+0000] {dagbag.py:540} INFO - Filling up the DagBag from /home/airflow/.local/lib/python3.8/site-packages/airflow/example_dags/example_skip_dag.py
[2024-04-08T09:43:29.947+0000] {processor.py:840} INFO - DAG(s) 'example_skip_dag' retrieved from /home/airflow/.local/lib/python3.8/site-packages/airflow/example_dags/example_skip_dag.py
[2024-04-08T09:43:30.018+0000] {logging_mixin.py:188} INFO - [2024-04-08T09:43:30.018+0000] {dag.py:3047} INFO - Sync 1 DAGs
[2024-04-08T09:43:30.053+0000] {logging_mixin.py:188} INFO - [2024-04-08T09:43:30.053+0000] {dag.py:3834} INFO - Setting next_dagrun for example_skip_dag to 2024-04-07 00:00:00+00:00, run_after=2024-04-08 00:00:00+00:00
[2024-04-08T09:43:30.075+0000] {processor.py:183} INFO - Processing /home/airflow/.local/lib/python3.8/site-packages/airflow/example_dags/example_skip_dag.py took 0.134 seconds
[2024-04-08T09:44:00.545+0000] {processor.py:161} INFO - Started process (PID=1603) to work on /home/airflow/.local/lib/python3.8/site-packages/airflow/example_dags/example_skip_dag.py
[2024-04-08T09:44:00.546+0000] {processor.py:830} INFO - Processing file /home/airflow/.local/lib/python3.8/site-packages/airflow/example_dags/example_skip_dag.py for tasks to queue
[2024-04-08T09:44:00.547+0000] {logging_mixin.py:188} INFO - [2024-04-08T09:44:00.547+0000] {dagbag.py:540} INFO - Filling up the DagBag from /home/airflow/.local/lib/python3.8/site-packages/airflow/example_dags/example_skip_dag.py
[2024-04-08T09:44:00.552+0000] {processor.py:840} INFO - DAG(s) 'example_skip_dag' retrieved from /home/airflow/.local/lib/python3.8/site-packages/airflow/example_dags/example_skip_dag.py
[2024-04-08T09:44:00.649+0000] {logging_mixin.py:188} INFO - [2024-04-08T09:44:00.649+0000] {dag.py:3047} INFO - Sync 1 DAGs
[2024-04-08T09:44:00.697+0000] {logging_mixin.py:188} INFO - [2024-04-08T09:44:00.697+0000] {dag.py:3834} INFO - Setting next_dagrun for example_skip_dag to 2024-04-07 00:00:00+00:00, run_after=2024-04-08 00:00:00+00:00
[2024-04-08T09:44:00.721+0000] {processor.py:183} INFO - Processing /home/airflow/.local/lib/python3.8/site-packages/airflow/example_dags/example_skip_dag.py took 0.177 seconds
[2024-04-08T09:44:30.837+0000] {processor.py:161} INFO - Started process (PID=1658) to work on /home/airflow/.local/lib/python3.8/site-packages/airflow/example_dags/example_skip_dag.py
[2024-04-08T09:44:30.838+0000] {processor.py:830} INFO - Processing file /home/airflow/.local/lib/python3.8/site-packages/airflow/example_dags/example_skip_dag.py for tasks to queue
[2024-04-08T09:44:30.839+0000] {logging_mixin.py:188} INFO - [2024-04-08T09:44:30.838+0000] {dagbag.py:540} INFO - Filling up the DagBag from /home/airflow/.local/lib/python3.8/site-packages/airflow/example_dags/example_skip_dag.py
[2024-04-08T09:44:30.842+0000] {processor.py:840} INFO - DAG(s) 'example_skip_dag' retrieved from /home/airflow/.local/lib/python3.8/site-packages/airflow/example_dags/example_skip_dag.py
[2024-04-08T09:44:30.915+0000] {logging_mixin.py:188} INFO - [2024-04-08T09:44:30.915+0000] {dag.py:3047} INFO - Sync 1 DAGs
[2024-04-08T09:44:30.954+0000] {logging_mixin.py:188} INFO - [2024-04-08T09:44:30.954+0000] {dag.py:3834} INFO - Setting next_dagrun for example_skip_dag to 2024-04-07 00:00:00+00:00, run_after=2024-04-08 00:00:00+00:00
[2024-04-08T09:44:30.975+0000] {processor.py:183} INFO - Processing /home/airflow/.local/lib/python3.8/site-packages/airflow/example_dags/example_skip_dag.py took 0.139 seconds
[2024-04-08T09:45:01.194+0000] {processor.py:161} INFO - Started process (PID=1713) to work on /home/airflow/.local/lib/python3.8/site-packages/airflow/example_dags/example_skip_dag.py
[2024-04-08T09:45:01.195+0000] {processor.py:830} INFO - Processing file /home/airflow/.local/lib/python3.8/site-packages/airflow/example_dags/example_skip_dag.py for tasks to queue
[2024-04-08T09:45:01.196+0000] {logging_mixin.py:188} INFO - [2024-04-08T09:45:01.196+0000] {dagbag.py:540} INFO - Filling up the DagBag from /home/airflow/.local/lib/python3.8/site-packages/airflow/example_dags/example_skip_dag.py
[2024-04-08T09:45:01.199+0000] {processor.py:840} INFO - DAG(s) 'example_skip_dag' retrieved from /home/airflow/.local/lib/python3.8/site-packages/airflow/example_dags/example_skip_dag.py
[2024-04-08T09:45:01.274+0000] {logging_mixin.py:188} INFO - [2024-04-08T09:45:01.273+0000] {dag.py:3047} INFO - Sync 1 DAGs
[2024-04-08T09:45:01.323+0000] {logging_mixin.py:188} INFO - [2024-04-08T09:45:01.323+0000] {dag.py:3834} INFO - Setting next_dagrun for example_skip_dag to 2024-04-07 00:00:00+00:00, run_after=2024-04-08 00:00:00+00:00
[2024-04-08T09:45:01.349+0000] {processor.py:183} INFO - Processing /home/airflow/.local/lib/python3.8/site-packages/airflow/example_dags/example_skip_dag.py took 0.157 seconds
[2024-04-08T09:45:31.393+0000] {processor.py:161} INFO - Started process (PID=1768) to work on /home/airflow/.local/lib/python3.8/site-packages/airflow/example_dags/example_skip_dag.py
[2024-04-08T09:45:31.394+0000] {processor.py:830} INFO - Processing file /home/airflow/.local/lib/python3.8/site-packages/airflow/example_dags/example_skip_dag.py for tasks to queue
[2024-04-08T09:45:31.395+0000] {logging_mixin.py:188} INFO - [2024-04-08T09:45:31.395+0000] {dagbag.py:540} INFO - Filling up the DagBag from /home/airflow/.local/lib/python3.8/site-packages/airflow/example_dags/example_skip_dag.py
[2024-04-08T09:45:31.398+0000] {processor.py:840} INFO - DAG(s) 'example_skip_dag' retrieved from /home/airflow/.local/lib/python3.8/site-packages/airflow/example_dags/example_skip_dag.py
[2024-04-08T09:45:31.470+0000] {logging_mixin.py:188} INFO - [2024-04-08T09:45:31.470+0000] {dag.py:3047} INFO - Sync 1 DAGs
[2024-04-08T09:45:31.509+0000] {logging_mixin.py:188} INFO - [2024-04-08T09:45:31.509+0000] {dag.py:3834} INFO - Setting next_dagrun for example_skip_dag to 2024-04-07 00:00:00+00:00, run_after=2024-04-08 00:00:00+00:00
[2024-04-08T09:45:31.532+0000] {processor.py:183} INFO - Processing /home/airflow/.local/lib/python3.8/site-packages/airflow/example_dags/example_skip_dag.py took 0.141 seconds
[2024-04-08T09:46:01.575+0000] {processor.py:161} INFO - Started process (PID=1823) to work on /home/airflow/.local/lib/python3.8/site-packages/airflow/example_dags/example_skip_dag.py
[2024-04-08T09:46:01.576+0000] {processor.py:830} INFO - Processing file /home/airflow/.local/lib/python3.8/site-packages/airflow/example_dags/example_skip_dag.py for tasks to queue
[2024-04-08T09:46:01.577+0000] {logging_mixin.py:188} INFO - [2024-04-08T09:46:01.577+0000] {dagbag.py:540} INFO - Filling up the DagBag from /home/airflow/.local/lib/python3.8/site-packages/airflow/example_dags/example_skip_dag.py
[2024-04-08T09:46:01.580+0000] {processor.py:840} INFO - DAG(s) 'example_skip_dag' retrieved from /home/airflow/.local/lib/python3.8/site-packages/airflow/example_dags/example_skip_dag.py
[2024-04-08T09:46:01.657+0000] {logging_mixin.py:188} INFO - [2024-04-08T09:46:01.657+0000] {dag.py:3047} INFO - Sync 1 DAGs
[2024-04-08T09:46:01.694+0000] {logging_mixin.py:188} INFO - [2024-04-08T09:46:01.694+0000] {dag.py:3834} INFO - Setting next_dagrun for example_skip_dag to 2024-04-07 00:00:00+00:00, run_after=2024-04-08 00:00:00+00:00
[2024-04-08T09:46:01.719+0000] {processor.py:183} INFO - Processing /home/airflow/.local/lib/python3.8/site-packages/airflow/example_dags/example_skip_dag.py took 0.146 seconds
