[2024-04-08T09:29:46.786+0000] {processor.py:161} INFO - Started process (PID=55) to work on /home/airflow/.local/lib/python3.8/site-packages/airflow/example_dags/example_python_operator.py
[2024-04-08T09:29:46.786+0000] {processor.py:830} INFO - Processing file /home/airflow/.local/lib/python3.8/site-packages/airflow/example_dags/example_python_operator.py for tasks to queue
[2024-04-08T09:29:46.789+0000] {logging_mixin.py:188} INFO - [2024-04-08T09:29:46.789+0000] {dagbag.py:540} INFO - Filling up the DagBag from /home/airflow/.local/lib/python3.8/site-packages/airflow/example_dags/example_python_operator.py
[2024-04-08T09:29:46.818+0000] {processor.py:840} INFO - DAG(s) 'example_python_operator' retrieved from /home/airflow/.local/lib/python3.8/site-packages/airflow/example_dags/example_python_operator.py
[2024-04-08T09:29:46.948+0000] {logging_mixin.py:188} INFO - [2024-04-08T09:29:46.947+0000] {dag.py:3047} INFO - Sync 1 DAGs
[2024-04-08T09:29:46.976+0000] {logging_mixin.py:188} INFO - [2024-04-08T09:29:46.976+0000] {dag.py:3834} INFO - Setting next_dagrun for example_python_operator to None, run_after=None
[2024-04-08T09:29:47.019+0000] {processor.py:183} INFO - Processing /home/airflow/.local/lib/python3.8/site-packages/airflow/example_dags/example_python_operator.py took 0.237 seconds
[2024-04-08T09:30:17.048+0000] {processor.py:161} INFO - Started process (PID=110) to work on /home/airflow/.local/lib/python3.8/site-packages/airflow/example_dags/example_python_operator.py
[2024-04-08T09:30:17.049+0000] {processor.py:830} INFO - Processing file /home/airflow/.local/lib/python3.8/site-packages/airflow/example_dags/example_python_operator.py for tasks to queue
[2024-04-08T09:30:17.050+0000] {logging_mixin.py:188} INFO - [2024-04-08T09:30:17.050+0000] {dagbag.py:540} INFO - Filling up the DagBag from /home/airflow/.local/lib/python3.8/site-packages/airflow/example_dags/example_python_operator.py
[2024-04-08T09:30:17.055+0000] {processor.py:840} INFO - DAG(s) 'example_python_operator' retrieved from /home/airflow/.local/lib/python3.8/site-packages/airflow/example_dags/example_python_operator.py
[2024-04-08T09:30:17.170+0000] {logging_mixin.py:188} INFO - [2024-04-08T09:30:17.170+0000] {dag.py:3047} INFO - Sync 1 DAGs
[2024-04-08T09:30:17.182+0000] {logging_mixin.py:188} INFO - [2024-04-08T09:30:17.182+0000] {dag.py:3834} INFO - Setting next_dagrun for example_python_operator to None, run_after=None
[2024-04-08T09:30:17.207+0000] {processor.py:183} INFO - Processing /home/airflow/.local/lib/python3.8/site-packages/airflow/example_dags/example_python_operator.py took 0.161 seconds
[2024-04-08T09:30:47.283+0000] {processor.py:161} INFO - Started process (PID=165) to work on /home/airflow/.local/lib/python3.8/site-packages/airflow/example_dags/example_python_operator.py
[2024-04-08T09:30:47.284+0000] {processor.py:830} INFO - Processing file /home/airflow/.local/lib/python3.8/site-packages/airflow/example_dags/example_python_operator.py for tasks to queue
[2024-04-08T09:30:47.285+0000] {logging_mixin.py:188} INFO - [2024-04-08T09:30:47.285+0000] {dagbag.py:540} INFO - Filling up the DagBag from /home/airflow/.local/lib/python3.8/site-packages/airflow/example_dags/example_python_operator.py
[2024-04-08T09:30:47.290+0000] {processor.py:840} INFO - DAG(s) 'example_python_operator' retrieved from /home/airflow/.local/lib/python3.8/site-packages/airflow/example_dags/example_python_operator.py
[2024-04-08T09:30:47.398+0000] {logging_mixin.py:188} INFO - [2024-04-08T09:30:47.398+0000] {dag.py:3047} INFO - Sync 1 DAGs
[2024-04-08T09:30:47.419+0000] {logging_mixin.py:188} INFO - [2024-04-08T09:30:47.419+0000] {dag.py:3834} INFO - Setting next_dagrun for example_python_operator to None, run_after=None
[2024-04-08T09:30:47.441+0000] {processor.py:183} INFO - Processing /home/airflow/.local/lib/python3.8/site-packages/airflow/example_dags/example_python_operator.py took 0.159 seconds
[2024-04-08T09:31:17.669+0000] {processor.py:161} INFO - Started process (PID=220) to work on /home/airflow/.local/lib/python3.8/site-packages/airflow/example_dags/example_python_operator.py
[2024-04-08T09:31:17.671+0000] {processor.py:830} INFO - Processing file /home/airflow/.local/lib/python3.8/site-packages/airflow/example_dags/example_python_operator.py for tasks to queue
[2024-04-08T09:31:17.672+0000] {logging_mixin.py:188} INFO - [2024-04-08T09:31:17.672+0000] {dagbag.py:540} INFO - Filling up the DagBag from /home/airflow/.local/lib/python3.8/site-packages/airflow/example_dags/example_python_operator.py
[2024-04-08T09:31:17.677+0000] {processor.py:840} INFO - DAG(s) 'example_python_operator' retrieved from /home/airflow/.local/lib/python3.8/site-packages/airflow/example_dags/example_python_operator.py
[2024-04-08T09:31:17.754+0000] {logging_mixin.py:188} INFO - [2024-04-08T09:31:17.753+0000] {dag.py:3047} INFO - Sync 1 DAGs
[2024-04-08T09:31:17.770+0000] {logging_mixin.py:188} INFO - [2024-04-08T09:31:17.770+0000] {dag.py:3834} INFO - Setting next_dagrun for example_python_operator to None, run_after=None
[2024-04-08T09:31:17.792+0000] {processor.py:183} INFO - Processing /home/airflow/.local/lib/python3.8/site-packages/airflow/example_dags/example_python_operator.py took 0.125 seconds
[2024-04-08T09:31:47.822+0000] {processor.py:161} INFO - Started process (PID=274) to work on /home/airflow/.local/lib/python3.8/site-packages/airflow/example_dags/example_python_operator.py
[2024-04-08T09:31:47.822+0000] {processor.py:830} INFO - Processing file /home/airflow/.local/lib/python3.8/site-packages/airflow/example_dags/example_python_operator.py for tasks to queue
[2024-04-08T09:31:47.823+0000] {logging_mixin.py:188} INFO - [2024-04-08T09:31:47.823+0000] {dagbag.py:540} INFO - Filling up the DagBag from /home/airflow/.local/lib/python3.8/site-packages/airflow/example_dags/example_python_operator.py
[2024-04-08T09:31:47.828+0000] {processor.py:840} INFO - DAG(s) 'example_python_operator' retrieved from /home/airflow/.local/lib/python3.8/site-packages/airflow/example_dags/example_python_operator.py
[2024-04-08T09:31:47.905+0000] {logging_mixin.py:188} INFO - [2024-04-08T09:31:47.904+0000] {dag.py:3047} INFO - Sync 1 DAGs
[2024-04-08T09:31:47.921+0000] {logging_mixin.py:188} INFO - [2024-04-08T09:31:47.921+0000] {dag.py:3834} INFO - Setting next_dagrun for example_python_operator to None, run_after=None
[2024-04-08T09:31:47.941+0000] {processor.py:183} INFO - Processing /home/airflow/.local/lib/python3.8/site-packages/airflow/example_dags/example_python_operator.py took 0.120 seconds
[2024-04-08T09:32:18.062+0000] {processor.py:161} INFO - Started process (PID=329) to work on /home/airflow/.local/lib/python3.8/site-packages/airflow/example_dags/example_python_operator.py
[2024-04-08T09:32:18.062+0000] {processor.py:830} INFO - Processing file /home/airflow/.local/lib/python3.8/site-packages/airflow/example_dags/example_python_operator.py for tasks to queue
[2024-04-08T09:32:18.063+0000] {logging_mixin.py:188} INFO - [2024-04-08T09:32:18.063+0000] {dagbag.py:540} INFO - Filling up the DagBag from /home/airflow/.local/lib/python3.8/site-packages/airflow/example_dags/example_python_operator.py
[2024-04-08T09:32:18.068+0000] {processor.py:840} INFO - DAG(s) 'example_python_operator' retrieved from /home/airflow/.local/lib/python3.8/site-packages/airflow/example_dags/example_python_operator.py
[2024-04-08T09:32:18.144+0000] {logging_mixin.py:188} INFO - [2024-04-08T09:32:18.144+0000] {dag.py:3047} INFO - Sync 1 DAGs
[2024-04-08T09:32:18.161+0000] {logging_mixin.py:188} INFO - [2024-04-08T09:32:18.161+0000] {dag.py:3834} INFO - Setting next_dagrun for example_python_operator to None, run_after=None
[2024-04-08T09:32:18.180+0000] {processor.py:183} INFO - Processing /home/airflow/.local/lib/python3.8/site-packages/airflow/example_dags/example_python_operator.py took 0.120 seconds
[2024-04-08T09:32:48.269+0000] {processor.py:161} INFO - Started process (PID=384) to work on /home/airflow/.local/lib/python3.8/site-packages/airflow/example_dags/example_python_operator.py
[2024-04-08T09:32:48.269+0000] {processor.py:830} INFO - Processing file /home/airflow/.local/lib/python3.8/site-packages/airflow/example_dags/example_python_operator.py for tasks to queue
[2024-04-08T09:32:48.270+0000] {logging_mixin.py:188} INFO - [2024-04-08T09:32:48.270+0000] {dagbag.py:540} INFO - Filling up the DagBag from /home/airflow/.local/lib/python3.8/site-packages/airflow/example_dags/example_python_operator.py
[2024-04-08T09:32:48.275+0000] {processor.py:840} INFO - DAG(s) 'example_python_operator' retrieved from /home/airflow/.local/lib/python3.8/site-packages/airflow/example_dags/example_python_operator.py
[2024-04-08T09:32:48.348+0000] {logging_mixin.py:188} INFO - [2024-04-08T09:32:48.348+0000] {dag.py:3047} INFO - Sync 1 DAGs
[2024-04-08T09:32:48.368+0000] {logging_mixin.py:188} INFO - [2024-04-08T09:32:48.367+0000] {dag.py:3834} INFO - Setting next_dagrun for example_python_operator to None, run_after=None
[2024-04-08T09:32:48.388+0000] {processor.py:183} INFO - Processing /home/airflow/.local/lib/python3.8/site-packages/airflow/example_dags/example_python_operator.py took 0.121 seconds
[2024-04-08T09:33:18.498+0000] {processor.py:161} INFO - Started process (PID=439) to work on /home/airflow/.local/lib/python3.8/site-packages/airflow/example_dags/example_python_operator.py
[2024-04-08T09:33:18.498+0000] {processor.py:830} INFO - Processing file /home/airflow/.local/lib/python3.8/site-packages/airflow/example_dags/example_python_operator.py for tasks to queue
[2024-04-08T09:33:18.499+0000] {logging_mixin.py:188} INFO - [2024-04-08T09:33:18.499+0000] {dagbag.py:540} INFO - Filling up the DagBag from /home/airflow/.local/lib/python3.8/site-packages/airflow/example_dags/example_python_operator.py
[2024-04-08T09:33:18.504+0000] {processor.py:840} INFO - DAG(s) 'example_python_operator' retrieved from /home/airflow/.local/lib/python3.8/site-packages/airflow/example_dags/example_python_operator.py
[2024-04-08T09:33:18.577+0000] {logging_mixin.py:188} INFO - [2024-04-08T09:33:18.577+0000] {dag.py:3047} INFO - Sync 1 DAGs
[2024-04-08T09:33:18.595+0000] {logging_mixin.py:188} INFO - [2024-04-08T09:33:18.595+0000] {dag.py:3834} INFO - Setting next_dagrun for example_python_operator to None, run_after=None
[2024-04-08T09:33:18.616+0000] {processor.py:183} INFO - Processing /home/airflow/.local/lib/python3.8/site-packages/airflow/example_dags/example_python_operator.py took 0.120 seconds
[2024-04-08T09:33:48.733+0000] {processor.py:161} INFO - Started process (PID=493) to work on /home/airflow/.local/lib/python3.8/site-packages/airflow/example_dags/example_python_operator.py
[2024-04-08T09:33:48.733+0000] {processor.py:830} INFO - Processing file /home/airflow/.local/lib/python3.8/site-packages/airflow/example_dags/example_python_operator.py for tasks to queue
[2024-04-08T09:33:48.734+0000] {logging_mixin.py:188} INFO - [2024-04-08T09:33:48.734+0000] {dagbag.py:540} INFO - Filling up the DagBag from /home/airflow/.local/lib/python3.8/site-packages/airflow/example_dags/example_python_operator.py
[2024-04-08T09:33:48.739+0000] {processor.py:840} INFO - DAG(s) 'example_python_operator' retrieved from /home/airflow/.local/lib/python3.8/site-packages/airflow/example_dags/example_python_operator.py
[2024-04-08T09:33:48.812+0000] {logging_mixin.py:188} INFO - [2024-04-08T09:33:48.812+0000] {dag.py:3047} INFO - Sync 1 DAGs
[2024-04-08T09:33:48.830+0000] {logging_mixin.py:188} INFO - [2024-04-08T09:33:48.830+0000] {dag.py:3834} INFO - Setting next_dagrun for example_python_operator to None, run_after=None
[2024-04-08T09:33:48.850+0000] {processor.py:183} INFO - Processing /home/airflow/.local/lib/python3.8/site-packages/airflow/example_dags/example_python_operator.py took 0.118 seconds
[2024-04-08T09:34:19.016+0000] {processor.py:161} INFO - Started process (PID=548) to work on /home/airflow/.local/lib/python3.8/site-packages/airflow/example_dags/example_python_operator.py
[2024-04-08T09:34:19.016+0000] {processor.py:830} INFO - Processing file /home/airflow/.local/lib/python3.8/site-packages/airflow/example_dags/example_python_operator.py for tasks to queue
[2024-04-08T09:34:19.017+0000] {logging_mixin.py:188} INFO - [2024-04-08T09:34:19.017+0000] {dagbag.py:540} INFO - Filling up the DagBag from /home/airflow/.local/lib/python3.8/site-packages/airflow/example_dags/example_python_operator.py
[2024-04-08T09:34:19.022+0000] {processor.py:840} INFO - DAG(s) 'example_python_operator' retrieved from /home/airflow/.local/lib/python3.8/site-packages/airflow/example_dags/example_python_operator.py
[2024-04-08T09:34:19.095+0000] {logging_mixin.py:188} INFO - [2024-04-08T09:34:19.095+0000] {dag.py:3047} INFO - Sync 1 DAGs
[2024-04-08T09:34:19.112+0000] {logging_mixin.py:188} INFO - [2024-04-08T09:34:19.112+0000] {dag.py:3834} INFO - Setting next_dagrun for example_python_operator to None, run_after=None
[2024-04-08T09:34:19.132+0000] {processor.py:183} INFO - Processing /home/airflow/.local/lib/python3.8/site-packages/airflow/example_dags/example_python_operator.py took 0.118 seconds
[2024-04-08T09:34:49.411+0000] {processor.py:161} INFO - Started process (PID=603) to work on /home/airflow/.local/lib/python3.8/site-packages/airflow/example_dags/example_python_operator.py
[2024-04-08T09:34:49.412+0000] {processor.py:830} INFO - Processing file /home/airflow/.local/lib/python3.8/site-packages/airflow/example_dags/example_python_operator.py for tasks to queue
[2024-04-08T09:34:49.412+0000] {logging_mixin.py:188} INFO - [2024-04-08T09:34:49.412+0000] {dagbag.py:540} INFO - Filling up the DagBag from /home/airflow/.local/lib/python3.8/site-packages/airflow/example_dags/example_python_operator.py
[2024-04-08T09:34:49.417+0000] {processor.py:840} INFO - DAG(s) 'example_python_operator' retrieved from /home/airflow/.local/lib/python3.8/site-packages/airflow/example_dags/example_python_operator.py
[2024-04-08T09:34:49.493+0000] {logging_mixin.py:188} INFO - [2024-04-08T09:34:49.493+0000] {dag.py:3047} INFO - Sync 1 DAGs
[2024-04-08T09:34:49.510+0000] {logging_mixin.py:188} INFO - [2024-04-08T09:34:49.510+0000] {dag.py:3834} INFO - Setting next_dagrun for example_python_operator to None, run_after=None
[2024-04-08T09:34:49.530+0000] {processor.py:183} INFO - Processing /home/airflow/.local/lib/python3.8/site-packages/airflow/example_dags/example_python_operator.py took 0.121 seconds
[2024-04-08T09:35:19.821+0000] {processor.py:161} INFO - Started process (PID=658) to work on /home/airflow/.local/lib/python3.8/site-packages/airflow/example_dags/example_python_operator.py
[2024-04-08T09:35:19.822+0000] {processor.py:830} INFO - Processing file /home/airflow/.local/lib/python3.8/site-packages/airflow/example_dags/example_python_operator.py for tasks to queue
[2024-04-08T09:35:19.823+0000] {logging_mixin.py:188} INFO - [2024-04-08T09:35:19.823+0000] {dagbag.py:540} INFO - Filling up the DagBag from /home/airflow/.local/lib/python3.8/site-packages/airflow/example_dags/example_python_operator.py
[2024-04-08T09:35:19.828+0000] {processor.py:840} INFO - DAG(s) 'example_python_operator' retrieved from /home/airflow/.local/lib/python3.8/site-packages/airflow/example_dags/example_python_operator.py
[2024-04-08T09:35:19.901+0000] {logging_mixin.py:188} INFO - [2024-04-08T09:35:19.901+0000] {dag.py:3047} INFO - Sync 1 DAGs
[2024-04-08T09:35:19.918+0000] {logging_mixin.py:188} INFO - [2024-04-08T09:35:19.918+0000] {dag.py:3834} INFO - Setting next_dagrun for example_python_operator to None, run_after=None
[2024-04-08T09:35:19.939+0000] {processor.py:183} INFO - Processing /home/airflow/.local/lib/python3.8/site-packages/airflow/example_dags/example_python_operator.py took 0.119 seconds
[2024-04-08T09:35:50.024+0000] {processor.py:161} INFO - Started process (PID=713) to work on /home/airflow/.local/lib/python3.8/site-packages/airflow/example_dags/example_python_operator.py
[2024-04-08T09:35:50.025+0000] {processor.py:830} INFO - Processing file /home/airflow/.local/lib/python3.8/site-packages/airflow/example_dags/example_python_operator.py for tasks to queue
[2024-04-08T09:35:50.026+0000] {logging_mixin.py:188} INFO - [2024-04-08T09:35:50.026+0000] {dagbag.py:540} INFO - Filling up the DagBag from /home/airflow/.local/lib/python3.8/site-packages/airflow/example_dags/example_python_operator.py
[2024-04-08T09:35:50.033+0000] {processor.py:840} INFO - DAG(s) 'example_python_operator' retrieved from /home/airflow/.local/lib/python3.8/site-packages/airflow/example_dags/example_python_operator.py
[2024-04-08T09:35:50.115+0000] {logging_mixin.py:188} INFO - [2024-04-08T09:35:50.115+0000] {dag.py:3047} INFO - Sync 1 DAGs
[2024-04-08T09:35:50.133+0000] {logging_mixin.py:188} INFO - [2024-04-08T09:35:50.133+0000] {dag.py:3834} INFO - Setting next_dagrun for example_python_operator to None, run_after=None
[2024-04-08T09:35:50.154+0000] {processor.py:183} INFO - Processing /home/airflow/.local/lib/python3.8/site-packages/airflow/example_dags/example_python_operator.py took 0.132 seconds
[2024-04-08T09:36:20.177+0000] {processor.py:161} INFO - Started process (PID=768) to work on /home/airflow/.local/lib/python3.8/site-packages/airflow/example_dags/example_python_operator.py
[2024-04-08T09:36:20.178+0000] {processor.py:830} INFO - Processing file /home/airflow/.local/lib/python3.8/site-packages/airflow/example_dags/example_python_operator.py for tasks to queue
[2024-04-08T09:36:20.178+0000] {logging_mixin.py:188} INFO - [2024-04-08T09:36:20.178+0000] {dagbag.py:540} INFO - Filling up the DagBag from /home/airflow/.local/lib/python3.8/site-packages/airflow/example_dags/example_python_operator.py
[2024-04-08T09:36:20.184+0000] {processor.py:840} INFO - DAG(s) 'example_python_operator' retrieved from /home/airflow/.local/lib/python3.8/site-packages/airflow/example_dags/example_python_operator.py
[2024-04-08T09:36:20.262+0000] {logging_mixin.py:188} INFO - [2024-04-08T09:36:20.261+0000] {dag.py:3047} INFO - Sync 1 DAGs
[2024-04-08T09:36:20.279+0000] {logging_mixin.py:188} INFO - [2024-04-08T09:36:20.279+0000] {dag.py:3834} INFO - Setting next_dagrun for example_python_operator to None, run_after=None
[2024-04-08T09:36:20.301+0000] {processor.py:183} INFO - Processing /home/airflow/.local/lib/python3.8/site-packages/airflow/example_dags/example_python_operator.py took 0.125 seconds
[2024-04-08T09:36:50.575+0000] {processor.py:161} INFO - Started process (PID=823) to work on /home/airflow/.local/lib/python3.8/site-packages/airflow/example_dags/example_python_operator.py
[2024-04-08T09:36:50.576+0000] {processor.py:830} INFO - Processing file /home/airflow/.local/lib/python3.8/site-packages/airflow/example_dags/example_python_operator.py for tasks to queue
[2024-04-08T09:36:50.576+0000] {logging_mixin.py:188} INFO - [2024-04-08T09:36:50.576+0000] {dagbag.py:540} INFO - Filling up the DagBag from /home/airflow/.local/lib/python3.8/site-packages/airflow/example_dags/example_python_operator.py
[2024-04-08T09:36:50.581+0000] {processor.py:840} INFO - DAG(s) 'example_python_operator' retrieved from /home/airflow/.local/lib/python3.8/site-packages/airflow/example_dags/example_python_operator.py
[2024-04-08T09:36:50.656+0000] {logging_mixin.py:188} INFO - [2024-04-08T09:36:50.655+0000] {dag.py:3047} INFO - Sync 1 DAGs
[2024-04-08T09:36:50.672+0000] {logging_mixin.py:188} INFO - [2024-04-08T09:36:50.672+0000] {dag.py:3834} INFO - Setting next_dagrun for example_python_operator to None, run_after=None
[2024-04-08T09:36:50.693+0000] {processor.py:183} INFO - Processing /home/airflow/.local/lib/python3.8/site-packages/airflow/example_dags/example_python_operator.py took 0.119 seconds
[2024-04-08T09:37:20.869+0000] {processor.py:161} INFO - Started process (PID=878) to work on /home/airflow/.local/lib/python3.8/site-packages/airflow/example_dags/example_python_operator.py
[2024-04-08T09:37:20.870+0000] {processor.py:830} INFO - Processing file /home/airflow/.local/lib/python3.8/site-packages/airflow/example_dags/example_python_operator.py for tasks to queue
[2024-04-08T09:37:20.871+0000] {logging_mixin.py:188} INFO - [2024-04-08T09:37:20.871+0000] {dagbag.py:540} INFO - Filling up the DagBag from /home/airflow/.local/lib/python3.8/site-packages/airflow/example_dags/example_python_operator.py
[2024-04-08T09:37:20.876+0000] {processor.py:840} INFO - DAG(s) 'example_python_operator' retrieved from /home/airflow/.local/lib/python3.8/site-packages/airflow/example_dags/example_python_operator.py
[2024-04-08T09:37:20.950+0000] {logging_mixin.py:188} INFO - [2024-04-08T09:37:20.950+0000] {dag.py:3047} INFO - Sync 1 DAGs
[2024-04-08T09:37:20.967+0000] {logging_mixin.py:188} INFO - [2024-04-08T09:37:20.967+0000] {dag.py:3834} INFO - Setting next_dagrun for example_python_operator to None, run_after=None
[2024-04-08T09:37:20.988+0000] {processor.py:183} INFO - Processing /home/airflow/.local/lib/python3.8/site-packages/airflow/example_dags/example_python_operator.py took 0.121 seconds
[2024-04-08T09:37:51.105+0000] {processor.py:161} INFO - Started process (PID=933) to work on /home/airflow/.local/lib/python3.8/site-packages/airflow/example_dags/example_python_operator.py
[2024-04-08T09:37:51.107+0000] {processor.py:830} INFO - Processing file /home/airflow/.local/lib/python3.8/site-packages/airflow/example_dags/example_python_operator.py for tasks to queue
[2024-04-08T09:37:51.108+0000] {logging_mixin.py:188} INFO - [2024-04-08T09:37:51.108+0000] {dagbag.py:540} INFO - Filling up the DagBag from /home/airflow/.local/lib/python3.8/site-packages/airflow/example_dags/example_python_operator.py
[2024-04-08T09:37:51.117+0000] {processor.py:840} INFO - DAG(s) 'example_python_operator' retrieved from /home/airflow/.local/lib/python3.8/site-packages/airflow/example_dags/example_python_operator.py
[2024-04-08T09:37:51.191+0000] {logging_mixin.py:188} INFO - [2024-04-08T09:37:51.191+0000] {dag.py:3047} INFO - Sync 1 DAGs
[2024-04-08T09:37:51.210+0000] {logging_mixin.py:188} INFO - [2024-04-08T09:37:51.210+0000] {dag.py:3834} INFO - Setting next_dagrun for example_python_operator to None, run_after=None
[2024-04-08T09:37:51.230+0000] {processor.py:183} INFO - Processing /home/airflow/.local/lib/python3.8/site-packages/airflow/example_dags/example_python_operator.py took 0.127 seconds
[2024-04-08T09:38:21.845+0000] {processor.py:161} INFO - Started process (PID=988) to work on /home/airflow/.local/lib/python3.8/site-packages/airflow/example_dags/example_python_operator.py
[2024-04-08T09:38:21.846+0000] {processor.py:830} INFO - Processing file /home/airflow/.local/lib/python3.8/site-packages/airflow/example_dags/example_python_operator.py for tasks to queue
[2024-04-08T09:38:21.847+0000] {logging_mixin.py:188} INFO - [2024-04-08T09:38:21.846+0000] {dagbag.py:540} INFO - Filling up the DagBag from /home/airflow/.local/lib/python3.8/site-packages/airflow/example_dags/example_python_operator.py
[2024-04-08T09:38:21.852+0000] {processor.py:840} INFO - DAG(s) 'example_python_operator' retrieved from /home/airflow/.local/lib/python3.8/site-packages/airflow/example_dags/example_python_operator.py
[2024-04-08T09:38:21.927+0000] {logging_mixin.py:188} INFO - [2024-04-08T09:38:21.926+0000] {dag.py:3047} INFO - Sync 1 DAGs
[2024-04-08T09:38:21.948+0000] {logging_mixin.py:188} INFO - [2024-04-08T09:38:21.947+0000] {dag.py:3834} INFO - Setting next_dagrun for example_python_operator to None, run_after=None
[2024-04-08T09:38:21.969+0000] {processor.py:183} INFO - Processing /home/airflow/.local/lib/python3.8/site-packages/airflow/example_dags/example_python_operator.py took 0.126 seconds
[2024-04-08T09:38:52.338+0000] {processor.py:161} INFO - Started process (PID=1043) to work on /home/airflow/.local/lib/python3.8/site-packages/airflow/example_dags/example_python_operator.py
[2024-04-08T09:38:52.338+0000] {processor.py:830} INFO - Processing file /home/airflow/.local/lib/python3.8/site-packages/airflow/example_dags/example_python_operator.py for tasks to queue
[2024-04-08T09:38:52.339+0000] {logging_mixin.py:188} INFO - [2024-04-08T09:38:52.339+0000] {dagbag.py:540} INFO - Filling up the DagBag from /home/airflow/.local/lib/python3.8/site-packages/airflow/example_dags/example_python_operator.py
[2024-04-08T09:38:52.344+0000] {processor.py:840} INFO - DAG(s) 'example_python_operator' retrieved from /home/airflow/.local/lib/python3.8/site-packages/airflow/example_dags/example_python_operator.py
[2024-04-08T09:38:52.422+0000] {logging_mixin.py:188} INFO - [2024-04-08T09:38:52.422+0000] {dag.py:3047} INFO - Sync 1 DAGs
[2024-04-08T09:38:52.440+0000] {logging_mixin.py:188} INFO - [2024-04-08T09:38:52.440+0000] {dag.py:3834} INFO - Setting next_dagrun for example_python_operator to None, run_after=None
[2024-04-08T09:38:52.460+0000] {processor.py:183} INFO - Processing /home/airflow/.local/lib/python3.8/site-packages/airflow/example_dags/example_python_operator.py took 0.124 seconds
[2024-04-08T09:39:22.525+0000] {processor.py:161} INFO - Started process (PID=1098) to work on /home/airflow/.local/lib/python3.8/site-packages/airflow/example_dags/example_python_operator.py
[2024-04-08T09:39:22.526+0000] {processor.py:830} INFO - Processing file /home/airflow/.local/lib/python3.8/site-packages/airflow/example_dags/example_python_operator.py for tasks to queue
[2024-04-08T09:39:22.527+0000] {logging_mixin.py:188} INFO - [2024-04-08T09:39:22.527+0000] {dagbag.py:540} INFO - Filling up the DagBag from /home/airflow/.local/lib/python3.8/site-packages/airflow/example_dags/example_python_operator.py
[2024-04-08T09:39:22.532+0000] {processor.py:840} INFO - DAG(s) 'example_python_operator' retrieved from /home/airflow/.local/lib/python3.8/site-packages/airflow/example_dags/example_python_operator.py
[2024-04-08T09:39:22.606+0000] {logging_mixin.py:188} INFO - [2024-04-08T09:39:22.606+0000] {dag.py:3047} INFO - Sync 1 DAGs
[2024-04-08T09:39:22.624+0000] {logging_mixin.py:188} INFO - [2024-04-08T09:39:22.624+0000] {dag.py:3834} INFO - Setting next_dagrun for example_python_operator to None, run_after=None
[2024-04-08T09:39:22.644+0000] {processor.py:183} INFO - Processing /home/airflow/.local/lib/python3.8/site-packages/airflow/example_dags/example_python_operator.py took 0.120 seconds
[2024-04-08T09:39:53.615+0000] {processor.py:161} INFO - Started process (PID=1153) to work on /home/airflow/.local/lib/python3.8/site-packages/airflow/example_dags/example_python_operator.py
[2024-04-08T09:39:53.616+0000] {processor.py:830} INFO - Processing file /home/airflow/.local/lib/python3.8/site-packages/airflow/example_dags/example_python_operator.py for tasks to queue
[2024-04-08T09:39:53.617+0000] {logging_mixin.py:188} INFO - [2024-04-08T09:39:53.617+0000] {dagbag.py:540} INFO - Filling up the DagBag from /home/airflow/.local/lib/python3.8/site-packages/airflow/example_dags/example_python_operator.py
[2024-04-08T09:39:53.622+0000] {processor.py:840} INFO - DAG(s) 'example_python_operator' retrieved from /home/airflow/.local/lib/python3.8/site-packages/airflow/example_dags/example_python_operator.py
[2024-04-08T09:39:53.697+0000] {logging_mixin.py:188} INFO - [2024-04-08T09:39:53.697+0000] {dag.py:3047} INFO - Sync 1 DAGs
[2024-04-08T09:39:53.716+0000] {logging_mixin.py:188} INFO - [2024-04-08T09:39:53.716+0000] {dag.py:3834} INFO - Setting next_dagrun for example_python_operator to None, run_after=None
[2024-04-08T09:39:53.736+0000] {processor.py:183} INFO - Processing /home/airflow/.local/lib/python3.8/site-packages/airflow/example_dags/example_python_operator.py took 0.122 seconds
[2024-04-08T09:40:23.870+0000] {processor.py:161} INFO - Started process (PID=1207) to work on /home/airflow/.local/lib/python3.8/site-packages/airflow/example_dags/example_python_operator.py
[2024-04-08T09:40:23.871+0000] {processor.py:830} INFO - Processing file /home/airflow/.local/lib/python3.8/site-packages/airflow/example_dags/example_python_operator.py for tasks to queue
[2024-04-08T09:40:23.872+0000] {logging_mixin.py:188} INFO - [2024-04-08T09:40:23.872+0000] {dagbag.py:540} INFO - Filling up the DagBag from /home/airflow/.local/lib/python3.8/site-packages/airflow/example_dags/example_python_operator.py
[2024-04-08T09:40:23.877+0000] {processor.py:840} INFO - DAG(s) 'example_python_operator' retrieved from /home/airflow/.local/lib/python3.8/site-packages/airflow/example_dags/example_python_operator.py
[2024-04-08T09:40:23.953+0000] {logging_mixin.py:188} INFO - [2024-04-08T09:40:23.953+0000] {dag.py:3047} INFO - Sync 1 DAGs
[2024-04-08T09:40:23.971+0000] {logging_mixin.py:188} INFO - [2024-04-08T09:40:23.971+0000] {dag.py:3834} INFO - Setting next_dagrun for example_python_operator to None, run_after=None
[2024-04-08T09:40:23.991+0000] {processor.py:183} INFO - Processing /home/airflow/.local/lib/python3.8/site-packages/airflow/example_dags/example_python_operator.py took 0.123 seconds
[2024-04-08T09:40:54.351+0000] {processor.py:161} INFO - Started process (PID=1262) to work on /home/airflow/.local/lib/python3.8/site-packages/airflow/example_dags/example_python_operator.py
[2024-04-08T09:40:54.351+0000] {processor.py:830} INFO - Processing file /home/airflow/.local/lib/python3.8/site-packages/airflow/example_dags/example_python_operator.py for tasks to queue
[2024-04-08T09:40:54.352+0000] {logging_mixin.py:188} INFO - [2024-04-08T09:40:54.352+0000] {dagbag.py:540} INFO - Filling up the DagBag from /home/airflow/.local/lib/python3.8/site-packages/airflow/example_dags/example_python_operator.py
[2024-04-08T09:40:54.357+0000] {processor.py:840} INFO - DAG(s) 'example_python_operator' retrieved from /home/airflow/.local/lib/python3.8/site-packages/airflow/example_dags/example_python_operator.py
[2024-04-08T09:40:54.430+0000] {logging_mixin.py:188} INFO - [2024-04-08T09:40:54.429+0000] {dag.py:3047} INFO - Sync 1 DAGs
[2024-04-08T09:40:54.447+0000] {logging_mixin.py:188} INFO - [2024-04-08T09:40:54.446+0000] {dag.py:3834} INFO - Setting next_dagrun for example_python_operator to None, run_after=None
[2024-04-08T09:40:54.469+0000] {processor.py:183} INFO - Processing /home/airflow/.local/lib/python3.8/site-packages/airflow/example_dags/example_python_operator.py took 0.119 seconds
[2024-04-08T09:41:25.292+0000] {processor.py:161} INFO - Started process (PID=1317) to work on /home/airflow/.local/lib/python3.8/site-packages/airflow/example_dags/example_python_operator.py
[2024-04-08T09:41:25.292+0000] {processor.py:830} INFO - Processing file /home/airflow/.local/lib/python3.8/site-packages/airflow/example_dags/example_python_operator.py for tasks to queue
[2024-04-08T09:41:25.293+0000] {logging_mixin.py:188} INFO - [2024-04-08T09:41:25.293+0000] {dagbag.py:540} INFO - Filling up the DagBag from /home/airflow/.local/lib/python3.8/site-packages/airflow/example_dags/example_python_operator.py
[2024-04-08T09:41:25.298+0000] {processor.py:840} INFO - DAG(s) 'example_python_operator' retrieved from /home/airflow/.local/lib/python3.8/site-packages/airflow/example_dags/example_python_operator.py
[2024-04-08T09:41:25.372+0000] {logging_mixin.py:188} INFO - [2024-04-08T09:41:25.372+0000] {dag.py:3047} INFO - Sync 1 DAGs
[2024-04-08T09:41:25.389+0000] {logging_mixin.py:188} INFO - [2024-04-08T09:41:25.389+0000] {dag.py:3834} INFO - Setting next_dagrun for example_python_operator to None, run_after=None
[2024-04-08T09:41:25.409+0000] {processor.py:183} INFO - Processing /home/airflow/.local/lib/python3.8/site-packages/airflow/example_dags/example_python_operator.py took 0.119 seconds
[2024-04-08T09:41:56.173+0000] {processor.py:161} INFO - Started process (PID=1372) to work on /home/airflow/.local/lib/python3.8/site-packages/airflow/example_dags/example_python_operator.py
[2024-04-08T09:41:56.173+0000] {processor.py:830} INFO - Processing file /home/airflow/.local/lib/python3.8/site-packages/airflow/example_dags/example_python_operator.py for tasks to queue
[2024-04-08T09:41:56.174+0000] {logging_mixin.py:188} INFO - [2024-04-08T09:41:56.174+0000] {dagbag.py:540} INFO - Filling up the DagBag from /home/airflow/.local/lib/python3.8/site-packages/airflow/example_dags/example_python_operator.py
[2024-04-08T09:41:56.180+0000] {processor.py:840} INFO - DAG(s) 'example_python_operator' retrieved from /home/airflow/.local/lib/python3.8/site-packages/airflow/example_dags/example_python_operator.py
[2024-04-08T09:41:56.258+0000] {logging_mixin.py:188} INFO - [2024-04-08T09:41:56.258+0000] {dag.py:3047} INFO - Sync 1 DAGs
[2024-04-08T09:41:56.283+0000] {logging_mixin.py:188} INFO - [2024-04-08T09:41:56.283+0000] {dag.py:3834} INFO - Setting next_dagrun for example_python_operator to None, run_after=None
[2024-04-08T09:41:56.304+0000] {processor.py:183} INFO - Processing /home/airflow/.local/lib/python3.8/site-packages/airflow/example_dags/example_python_operator.py took 0.133 seconds
[2024-04-08T09:42:26.531+0000] {processor.py:161} INFO - Started process (PID=1427) to work on /home/airflow/.local/lib/python3.8/site-packages/airflow/example_dags/example_python_operator.py
[2024-04-08T09:42:26.532+0000] {processor.py:830} INFO - Processing file /home/airflow/.local/lib/python3.8/site-packages/airflow/example_dags/example_python_operator.py for tasks to queue
[2024-04-08T09:42:26.532+0000] {logging_mixin.py:188} INFO - [2024-04-08T09:42:26.532+0000] {dagbag.py:540} INFO - Filling up the DagBag from /home/airflow/.local/lib/python3.8/site-packages/airflow/example_dags/example_python_operator.py
[2024-04-08T09:42:26.538+0000] {processor.py:840} INFO - DAG(s) 'example_python_operator' retrieved from /home/airflow/.local/lib/python3.8/site-packages/airflow/example_dags/example_python_operator.py
[2024-04-08T09:42:26.614+0000] {logging_mixin.py:188} INFO - [2024-04-08T09:42:26.614+0000] {dag.py:3047} INFO - Sync 1 DAGs
[2024-04-08T09:42:26.632+0000] {logging_mixin.py:188} INFO - [2024-04-08T09:42:26.632+0000] {dag.py:3834} INFO - Setting next_dagrun for example_python_operator to None, run_after=None
[2024-04-08T09:42:26.654+0000] {processor.py:183} INFO - Processing /home/airflow/.local/lib/python3.8/site-packages/airflow/example_dags/example_python_operator.py took 0.124 seconds
[2024-04-08T09:42:56.824+0000] {processor.py:161} INFO - Started process (PID=1482) to work on /home/airflow/.local/lib/python3.8/site-packages/airflow/example_dags/example_python_operator.py
[2024-04-08T09:42:56.825+0000] {processor.py:830} INFO - Processing file /home/airflow/.local/lib/python3.8/site-packages/airflow/example_dags/example_python_operator.py for tasks to queue
[2024-04-08T09:42:56.826+0000] {logging_mixin.py:188} INFO - [2024-04-08T09:42:56.825+0000] {dagbag.py:540} INFO - Filling up the DagBag from /home/airflow/.local/lib/python3.8/site-packages/airflow/example_dags/example_python_operator.py
[2024-04-08T09:42:56.831+0000] {processor.py:840} INFO - DAG(s) 'example_python_operator' retrieved from /home/airflow/.local/lib/python3.8/site-packages/airflow/example_dags/example_python_operator.py
[2024-04-08T09:42:56.905+0000] {logging_mixin.py:188} INFO - [2024-04-08T09:42:56.905+0000] {dag.py:3047} INFO - Sync 1 DAGs
[2024-04-08T09:42:56.924+0000] {logging_mixin.py:188} INFO - [2024-04-08T09:42:56.924+0000] {dag.py:3834} INFO - Setting next_dagrun for example_python_operator to None, run_after=None
[2024-04-08T09:42:56.945+0000] {processor.py:183} INFO - Processing /home/airflow/.local/lib/python3.8/site-packages/airflow/example_dags/example_python_operator.py took 0.123 seconds
[2024-04-08T09:43:27.085+0000] {processor.py:161} INFO - Started process (PID=1537) to work on /home/airflow/.local/lib/python3.8/site-packages/airflow/example_dags/example_python_operator.py
[2024-04-08T09:43:27.086+0000] {processor.py:830} INFO - Processing file /home/airflow/.local/lib/python3.8/site-packages/airflow/example_dags/example_python_operator.py for tasks to queue
[2024-04-08T09:43:27.087+0000] {logging_mixin.py:188} INFO - [2024-04-08T09:43:27.087+0000] {dagbag.py:540} INFO - Filling up the DagBag from /home/airflow/.local/lib/python3.8/site-packages/airflow/example_dags/example_python_operator.py
[2024-04-08T09:43:27.092+0000] {processor.py:840} INFO - DAG(s) 'example_python_operator' retrieved from /home/airflow/.local/lib/python3.8/site-packages/airflow/example_dags/example_python_operator.py
[2024-04-08T09:43:27.167+0000] {logging_mixin.py:188} INFO - [2024-04-08T09:43:27.167+0000] {dag.py:3047} INFO - Sync 1 DAGs
[2024-04-08T09:43:27.183+0000] {logging_mixin.py:188} INFO - [2024-04-08T09:43:27.183+0000] {dag.py:3834} INFO - Setting next_dagrun for example_python_operator to None, run_after=None
[2024-04-08T09:43:27.204+0000] {processor.py:183} INFO - Processing /home/airflow/.local/lib/python3.8/site-packages/airflow/example_dags/example_python_operator.py took 0.120 seconds
[2024-04-08T09:43:57.530+0000] {processor.py:161} INFO - Started process (PID=1592) to work on /home/airflow/.local/lib/python3.8/site-packages/airflow/example_dags/example_python_operator.py
[2024-04-08T09:43:57.531+0000] {processor.py:830} INFO - Processing file /home/airflow/.local/lib/python3.8/site-packages/airflow/example_dags/example_python_operator.py for tasks to queue
[2024-04-08T09:43:57.532+0000] {logging_mixin.py:188} INFO - [2024-04-08T09:43:57.532+0000] {dagbag.py:540} INFO - Filling up the DagBag from /home/airflow/.local/lib/python3.8/site-packages/airflow/example_dags/example_python_operator.py
[2024-04-08T09:43:57.537+0000] {processor.py:840} INFO - DAG(s) 'example_python_operator' retrieved from /home/airflow/.local/lib/python3.8/site-packages/airflow/example_dags/example_python_operator.py
[2024-04-08T09:43:57.616+0000] {logging_mixin.py:188} INFO - [2024-04-08T09:43:57.615+0000] {dag.py:3047} INFO - Sync 1 DAGs
[2024-04-08T09:43:57.637+0000] {logging_mixin.py:188} INFO - [2024-04-08T09:43:57.637+0000] {dag.py:3834} INFO - Setting next_dagrun for example_python_operator to None, run_after=None
[2024-04-08T09:43:57.661+0000] {processor.py:183} INFO - Processing /home/airflow/.local/lib/python3.8/site-packages/airflow/example_dags/example_python_operator.py took 0.133 seconds
[2024-04-08T09:44:27.973+0000] {processor.py:161} INFO - Started process (PID=1647) to work on /home/airflow/.local/lib/python3.8/site-packages/airflow/example_dags/example_python_operator.py
[2024-04-08T09:44:27.973+0000] {processor.py:830} INFO - Processing file /home/airflow/.local/lib/python3.8/site-packages/airflow/example_dags/example_python_operator.py for tasks to queue
[2024-04-08T09:44:27.974+0000] {logging_mixin.py:188} INFO - [2024-04-08T09:44:27.974+0000] {dagbag.py:540} INFO - Filling up the DagBag from /home/airflow/.local/lib/python3.8/site-packages/airflow/example_dags/example_python_operator.py
[2024-04-08T09:44:27.979+0000] {processor.py:840} INFO - DAG(s) 'example_python_operator' retrieved from /home/airflow/.local/lib/python3.8/site-packages/airflow/example_dags/example_python_operator.py
[2024-04-08T09:44:28.056+0000] {logging_mixin.py:188} INFO - [2024-04-08T09:44:28.055+0000] {dag.py:3047} INFO - Sync 1 DAGs
[2024-04-08T09:44:28.074+0000] {logging_mixin.py:188} INFO - [2024-04-08T09:44:28.074+0000] {dag.py:3834} INFO - Setting next_dagrun for example_python_operator to None, run_after=None
[2024-04-08T09:44:28.095+0000] {processor.py:183} INFO - Processing /home/airflow/.local/lib/python3.8/site-packages/airflow/example_dags/example_python_operator.py took 0.123 seconds
[2024-04-08T09:44:58.172+0000] {processor.py:161} INFO - Started process (PID=1702) to work on /home/airflow/.local/lib/python3.8/site-packages/airflow/example_dags/example_python_operator.py
[2024-04-08T09:44:58.173+0000] {processor.py:830} INFO - Processing file /home/airflow/.local/lib/python3.8/site-packages/airflow/example_dags/example_python_operator.py for tasks to queue
[2024-04-08T09:44:58.174+0000] {logging_mixin.py:188} INFO - [2024-04-08T09:44:58.173+0000] {dagbag.py:540} INFO - Filling up the DagBag from /home/airflow/.local/lib/python3.8/site-packages/airflow/example_dags/example_python_operator.py
[2024-04-08T09:44:58.179+0000] {processor.py:840} INFO - DAG(s) 'example_python_operator' retrieved from /home/airflow/.local/lib/python3.8/site-packages/airflow/example_dags/example_python_operator.py
[2024-04-08T09:44:58.254+0000] {logging_mixin.py:188} INFO - [2024-04-08T09:44:58.254+0000] {dag.py:3047} INFO - Sync 1 DAGs
[2024-04-08T09:44:58.272+0000] {logging_mixin.py:188} INFO - [2024-04-08T09:44:58.272+0000] {dag.py:3834} INFO - Setting next_dagrun for example_python_operator to None, run_after=None
[2024-04-08T09:44:58.294+0000] {processor.py:183} INFO - Processing /home/airflow/.local/lib/python3.8/site-packages/airflow/example_dags/example_python_operator.py took 0.124 seconds
[2024-04-08T09:45:28.425+0000] {processor.py:161} INFO - Started process (PID=1757) to work on /home/airflow/.local/lib/python3.8/site-packages/airflow/example_dags/example_python_operator.py
[2024-04-08T09:45:28.426+0000] {processor.py:830} INFO - Processing file /home/airflow/.local/lib/python3.8/site-packages/airflow/example_dags/example_python_operator.py for tasks to queue
[2024-04-08T09:45:28.426+0000] {logging_mixin.py:188} INFO - [2024-04-08T09:45:28.426+0000] {dagbag.py:540} INFO - Filling up the DagBag from /home/airflow/.local/lib/python3.8/site-packages/airflow/example_dags/example_python_operator.py
[2024-04-08T09:45:28.431+0000] {processor.py:840} INFO - DAG(s) 'example_python_operator' retrieved from /home/airflow/.local/lib/python3.8/site-packages/airflow/example_dags/example_python_operator.py
[2024-04-08T09:45:28.503+0000] {logging_mixin.py:188} INFO - [2024-04-08T09:45:28.503+0000] {dag.py:3047} INFO - Sync 1 DAGs
[2024-04-08T09:45:28.519+0000] {logging_mixin.py:188} INFO - [2024-04-08T09:45:28.519+0000] {dag.py:3834} INFO - Setting next_dagrun for example_python_operator to None, run_after=None
[2024-04-08T09:45:28.540+0000] {processor.py:183} INFO - Processing /home/airflow/.local/lib/python3.8/site-packages/airflow/example_dags/example_python_operator.py took 0.117 seconds
[2024-04-08T09:45:58.647+0000] {processor.py:161} INFO - Started process (PID=1812) to work on /home/airflow/.local/lib/python3.8/site-packages/airflow/example_dags/example_python_operator.py
[2024-04-08T09:45:58.647+0000] {processor.py:830} INFO - Processing file /home/airflow/.local/lib/python3.8/site-packages/airflow/example_dags/example_python_operator.py for tasks to queue
[2024-04-08T09:45:58.648+0000] {logging_mixin.py:188} INFO - [2024-04-08T09:45:58.648+0000] {dagbag.py:540} INFO - Filling up the DagBag from /home/airflow/.local/lib/python3.8/site-packages/airflow/example_dags/example_python_operator.py
[2024-04-08T09:45:58.653+0000] {processor.py:840} INFO - DAG(s) 'example_python_operator' retrieved from /home/airflow/.local/lib/python3.8/site-packages/airflow/example_dags/example_python_operator.py
[2024-04-08T09:45:58.725+0000] {logging_mixin.py:188} INFO - [2024-04-08T09:45:58.725+0000] {dag.py:3047} INFO - Sync 1 DAGs
[2024-04-08T09:45:58.742+0000] {logging_mixin.py:188} INFO - [2024-04-08T09:45:58.742+0000] {dag.py:3834} INFO - Setting next_dagrun for example_python_operator to None, run_after=None
[2024-04-08T09:45:58.762+0000] {processor.py:183} INFO - Processing /home/airflow/.local/lib/python3.8/site-packages/airflow/example_dags/example_python_operator.py took 0.116 seconds
