[2024-04-08T09:29:48.430+0000] {processor.py:161} INFO - Started process (PID=73) to work on /home/airflow/.local/lib/python3.8/site-packages/airflow/example_dags/example_branch_operator.py
[2024-04-08T09:29:48.431+0000] {processor.py:830} INFO - Processing file /home/airflow/.local/lib/python3.8/site-packages/airflow/example_dags/example_branch_operator.py for tasks to queue
[2024-04-08T09:29:48.432+0000] {logging_mixin.py:188} INFO - [2024-04-08T09:29:48.431+0000] {dagbag.py:540} INFO - Filling up the DagBag from /home/airflow/.local/lib/python3.8/site-packages/airflow/example_dags/example_branch_operator.py
[2024-04-08T09:29:48.442+0000] {processor.py:840} INFO - DAG(s) 'example_branch_operator' retrieved from /home/airflow/.local/lib/python3.8/site-packages/airflow/example_dags/example_branch_operator.py
[2024-04-08T09:29:48.511+0000] {logging_mixin.py:188} INFO - [2024-04-08T09:29:48.511+0000] {dag.py:3047} INFO - Sync 1 DAGs
[2024-04-08T09:29:48.553+0000] {logging_mixin.py:188} INFO - [2024-04-08T09:29:48.553+0000] {dag.py:3834} INFO - Setting next_dagrun for example_branch_operator to 2024-04-07 00:00:00+00:00, run_after=2024-04-08 00:00:00+00:00
[2024-04-08T09:29:48.577+0000] {processor.py:183} INFO - Processing /home/airflow/.local/lib/python3.8/site-packages/airflow/example_dags/example_branch_operator.py took 0.149 seconds
[2024-04-08T09:30:19.520+0000] {processor.py:161} INFO - Started process (PID=128) to work on /home/airflow/.local/lib/python3.8/site-packages/airflow/example_dags/example_branch_operator.py
[2024-04-08T09:30:19.521+0000] {processor.py:830} INFO - Processing file /home/airflow/.local/lib/python3.8/site-packages/airflow/example_dags/example_branch_operator.py for tasks to queue
[2024-04-08T09:30:19.523+0000] {logging_mixin.py:188} INFO - [2024-04-08T09:30:19.522+0000] {dagbag.py:540} INFO - Filling up the DagBag from /home/airflow/.local/lib/python3.8/site-packages/airflow/example_dags/example_branch_operator.py
[2024-04-08T09:30:19.532+0000] {processor.py:840} INFO - DAG(s) 'example_branch_operator' retrieved from /home/airflow/.local/lib/python3.8/site-packages/airflow/example_dags/example_branch_operator.py
[2024-04-08T09:30:19.670+0000] {logging_mixin.py:188} INFO - [2024-04-08T09:30:19.670+0000] {dag.py:3047} INFO - Sync 1 DAGs
[2024-04-08T09:30:19.708+0000] {logging_mixin.py:188} INFO - [2024-04-08T09:30:19.707+0000] {dag.py:3834} INFO - Setting next_dagrun for example_branch_operator to 2024-04-07 00:00:00+00:00, run_after=2024-04-08 00:00:00+00:00
[2024-04-08T09:30:19.737+0000] {processor.py:183} INFO - Processing /home/airflow/.local/lib/python3.8/site-packages/airflow/example_dags/example_branch_operator.py took 0.218 seconds
[2024-04-08T09:30:49.809+0000] {processor.py:161} INFO - Started process (PID=183) to work on /home/airflow/.local/lib/python3.8/site-packages/airflow/example_dags/example_branch_operator.py
[2024-04-08T09:30:49.810+0000] {processor.py:830} INFO - Processing file /home/airflow/.local/lib/python3.8/site-packages/airflow/example_dags/example_branch_operator.py for tasks to queue
[2024-04-08T09:30:49.811+0000] {logging_mixin.py:188} INFO - [2024-04-08T09:30:49.811+0000] {dagbag.py:540} INFO - Filling up the DagBag from /home/airflow/.local/lib/python3.8/site-packages/airflow/example_dags/example_branch_operator.py
[2024-04-08T09:30:49.820+0000] {processor.py:840} INFO - DAG(s) 'example_branch_operator' retrieved from /home/airflow/.local/lib/python3.8/site-packages/airflow/example_dags/example_branch_operator.py
[2024-04-08T09:30:49.897+0000] {logging_mixin.py:188} INFO - [2024-04-08T09:30:49.897+0000] {dag.py:3047} INFO - Sync 1 DAGs
[2024-04-08T09:30:49.935+0000] {logging_mixin.py:188} INFO - [2024-04-08T09:30:49.934+0000] {dag.py:3834} INFO - Setting next_dagrun for example_branch_operator to 2024-04-07 00:00:00+00:00, run_after=2024-04-08 00:00:00+00:00
[2024-04-08T09:30:49.956+0000] {processor.py:183} INFO - Processing /home/airflow/.local/lib/python3.8/site-packages/airflow/example_dags/example_branch_operator.py took 0.148 seconds
[2024-04-08T09:31:20.027+0000] {processor.py:161} INFO - Started process (PID=238) to work on /home/airflow/.local/lib/python3.8/site-packages/airflow/example_dags/example_branch_operator.py
[2024-04-08T09:31:20.027+0000] {processor.py:830} INFO - Processing file /home/airflow/.local/lib/python3.8/site-packages/airflow/example_dags/example_branch_operator.py for tasks to queue
[2024-04-08T09:31:20.028+0000] {logging_mixin.py:188} INFO - [2024-04-08T09:31:20.028+0000] {dagbag.py:540} INFO - Filling up the DagBag from /home/airflow/.local/lib/python3.8/site-packages/airflow/example_dags/example_branch_operator.py
[2024-04-08T09:31:20.036+0000] {processor.py:840} INFO - DAG(s) 'example_branch_operator' retrieved from /home/airflow/.local/lib/python3.8/site-packages/airflow/example_dags/example_branch_operator.py
[2024-04-08T09:31:20.110+0000] {logging_mixin.py:188} INFO - [2024-04-08T09:31:20.110+0000] {dag.py:3047} INFO - Sync 1 DAGs
[2024-04-08T09:31:20.146+0000] {logging_mixin.py:188} INFO - [2024-04-08T09:31:20.145+0000] {dag.py:3834} INFO - Setting next_dagrun for example_branch_operator to 2024-04-07 00:00:00+00:00, run_after=2024-04-08 00:00:00+00:00
[2024-04-08T09:31:20.164+0000] {processor.py:183} INFO - Processing /home/airflow/.local/lib/python3.8/site-packages/airflow/example_dags/example_branch_operator.py took 0.139 seconds
[2024-04-08T09:31:50.364+0000] {processor.py:161} INFO - Started process (PID=292) to work on /home/airflow/.local/lib/python3.8/site-packages/airflow/example_dags/example_branch_operator.py
[2024-04-08T09:31:50.365+0000] {processor.py:830} INFO - Processing file /home/airflow/.local/lib/python3.8/site-packages/airflow/example_dags/example_branch_operator.py for tasks to queue
[2024-04-08T09:31:50.366+0000] {logging_mixin.py:188} INFO - [2024-04-08T09:31:50.366+0000] {dagbag.py:540} INFO - Filling up the DagBag from /home/airflow/.local/lib/python3.8/site-packages/airflow/example_dags/example_branch_operator.py
[2024-04-08T09:31:50.374+0000] {processor.py:840} INFO - DAG(s) 'example_branch_operator' retrieved from /home/airflow/.local/lib/python3.8/site-packages/airflow/example_dags/example_branch_operator.py
[2024-04-08T09:31:50.448+0000] {logging_mixin.py:188} INFO - [2024-04-08T09:31:50.448+0000] {dag.py:3047} INFO - Sync 1 DAGs
[2024-04-08T09:31:50.485+0000] {logging_mixin.py:188} INFO - [2024-04-08T09:31:50.485+0000] {dag.py:3834} INFO - Setting next_dagrun for example_branch_operator to 2024-04-07 00:00:00+00:00, run_after=2024-04-08 00:00:00+00:00
[2024-04-08T09:31:50.507+0000] {processor.py:183} INFO - Processing /home/airflow/.local/lib/python3.8/site-packages/airflow/example_dags/example_branch_operator.py took 0.144 seconds
[2024-04-08T09:32:20.571+0000] {processor.py:161} INFO - Started process (PID=347) to work on /home/airflow/.local/lib/python3.8/site-packages/airflow/example_dags/example_branch_operator.py
[2024-04-08T09:32:20.572+0000] {processor.py:830} INFO - Processing file /home/airflow/.local/lib/python3.8/site-packages/airflow/example_dags/example_branch_operator.py for tasks to queue
[2024-04-08T09:32:20.573+0000] {logging_mixin.py:188} INFO - [2024-04-08T09:32:20.573+0000] {dagbag.py:540} INFO - Filling up the DagBag from /home/airflow/.local/lib/python3.8/site-packages/airflow/example_dags/example_branch_operator.py
[2024-04-08T09:32:20.581+0000] {processor.py:840} INFO - DAG(s) 'example_branch_operator' retrieved from /home/airflow/.local/lib/python3.8/site-packages/airflow/example_dags/example_branch_operator.py
[2024-04-08T09:32:20.654+0000] {logging_mixin.py:188} INFO - [2024-04-08T09:32:20.654+0000] {dag.py:3047} INFO - Sync 1 DAGs
[2024-04-08T09:32:20.690+0000] {logging_mixin.py:188} INFO - [2024-04-08T09:32:20.690+0000] {dag.py:3834} INFO - Setting next_dagrun for example_branch_operator to 2024-04-07 00:00:00+00:00, run_after=2024-04-08 00:00:00+00:00
[2024-04-08T09:32:20.711+0000] {processor.py:183} INFO - Processing /home/airflow/.local/lib/python3.8/site-packages/airflow/example_dags/example_branch_operator.py took 0.141 seconds
[2024-04-08T09:32:50.814+0000] {processor.py:161} INFO - Started process (PID=402) to work on /home/airflow/.local/lib/python3.8/site-packages/airflow/example_dags/example_branch_operator.py
[2024-04-08T09:32:50.815+0000] {processor.py:830} INFO - Processing file /home/airflow/.local/lib/python3.8/site-packages/airflow/example_dags/example_branch_operator.py for tasks to queue
[2024-04-08T09:32:50.816+0000] {logging_mixin.py:188} INFO - [2024-04-08T09:32:50.815+0000] {dagbag.py:540} INFO - Filling up the DagBag from /home/airflow/.local/lib/python3.8/site-packages/airflow/example_dags/example_branch_operator.py
[2024-04-08T09:32:50.824+0000] {processor.py:840} INFO - DAG(s) 'example_branch_operator' retrieved from /home/airflow/.local/lib/python3.8/site-packages/airflow/example_dags/example_branch_operator.py
[2024-04-08T09:32:50.899+0000] {logging_mixin.py:188} INFO - [2024-04-08T09:32:50.899+0000] {dag.py:3047} INFO - Sync 1 DAGs
[2024-04-08T09:32:50.941+0000] {logging_mixin.py:188} INFO - [2024-04-08T09:32:50.941+0000] {dag.py:3834} INFO - Setting next_dagrun for example_branch_operator to 2024-04-07 00:00:00+00:00, run_after=2024-04-08 00:00:00+00:00
[2024-04-08T09:32:50.963+0000] {processor.py:183} INFO - Processing /home/airflow/.local/lib/python3.8/site-packages/airflow/example_dags/example_branch_operator.py took 0.151 seconds
[2024-04-08T09:33:21.013+0000] {processor.py:161} INFO - Started process (PID=457) to work on /home/airflow/.local/lib/python3.8/site-packages/airflow/example_dags/example_branch_operator.py
[2024-04-08T09:33:21.013+0000] {processor.py:830} INFO - Processing file /home/airflow/.local/lib/python3.8/site-packages/airflow/example_dags/example_branch_operator.py for tasks to queue
[2024-04-08T09:33:21.014+0000] {logging_mixin.py:188} INFO - [2024-04-08T09:33:21.014+0000] {dagbag.py:540} INFO - Filling up the DagBag from /home/airflow/.local/lib/python3.8/site-packages/airflow/example_dags/example_branch_operator.py
[2024-04-08T09:33:21.021+0000] {processor.py:840} INFO - DAG(s) 'example_branch_operator' retrieved from /home/airflow/.local/lib/python3.8/site-packages/airflow/example_dags/example_branch_operator.py
[2024-04-08T09:33:21.093+0000] {logging_mixin.py:188} INFO - [2024-04-08T09:33:21.093+0000] {dag.py:3047} INFO - Sync 1 DAGs
[2024-04-08T09:33:21.128+0000] {logging_mixin.py:188} INFO - [2024-04-08T09:33:21.128+0000] {dag.py:3834} INFO - Setting next_dagrun for example_branch_operator to 2024-04-07 00:00:00+00:00, run_after=2024-04-08 00:00:00+00:00
[2024-04-08T09:33:21.146+0000] {processor.py:183} INFO - Processing /home/airflow/.local/lib/python3.8/site-packages/airflow/example_dags/example_branch_operator.py took 0.135 seconds
[2024-04-08T09:33:51.259+0000] {processor.py:161} INFO - Started process (PID=511) to work on /home/airflow/.local/lib/python3.8/site-packages/airflow/example_dags/example_branch_operator.py
[2024-04-08T09:33:51.260+0000] {processor.py:830} INFO - Processing file /home/airflow/.local/lib/python3.8/site-packages/airflow/example_dags/example_branch_operator.py for tasks to queue
[2024-04-08T09:33:51.261+0000] {logging_mixin.py:188} INFO - [2024-04-08T09:33:51.261+0000] {dagbag.py:540} INFO - Filling up the DagBag from /home/airflow/.local/lib/python3.8/site-packages/airflow/example_dags/example_branch_operator.py
[2024-04-08T09:33:51.268+0000] {processor.py:840} INFO - DAG(s) 'example_branch_operator' retrieved from /home/airflow/.local/lib/python3.8/site-packages/airflow/example_dags/example_branch_operator.py
[2024-04-08T09:33:51.340+0000] {logging_mixin.py:188} INFO - [2024-04-08T09:33:51.340+0000] {dag.py:3047} INFO - Sync 1 DAGs
[2024-04-08T09:33:51.374+0000] {logging_mixin.py:188} INFO - [2024-04-08T09:33:51.374+0000] {dag.py:3834} INFO - Setting next_dagrun for example_branch_operator to 2024-04-07 00:00:00+00:00, run_after=2024-04-08 00:00:00+00:00
[2024-04-08T09:33:51.392+0000] {processor.py:183} INFO - Processing /home/airflow/.local/lib/python3.8/site-packages/airflow/example_dags/example_branch_operator.py took 0.135 seconds
[2024-04-08T09:34:21.515+0000] {processor.py:161} INFO - Started process (PID=566) to work on /home/airflow/.local/lib/python3.8/site-packages/airflow/example_dags/example_branch_operator.py
[2024-04-08T09:34:21.516+0000] {processor.py:830} INFO - Processing file /home/airflow/.local/lib/python3.8/site-packages/airflow/example_dags/example_branch_operator.py for tasks to queue
[2024-04-08T09:34:21.517+0000] {logging_mixin.py:188} INFO - [2024-04-08T09:34:21.517+0000] {dagbag.py:540} INFO - Filling up the DagBag from /home/airflow/.local/lib/python3.8/site-packages/airflow/example_dags/example_branch_operator.py
[2024-04-08T09:34:21.525+0000] {processor.py:840} INFO - DAG(s) 'example_branch_operator' retrieved from /home/airflow/.local/lib/python3.8/site-packages/airflow/example_dags/example_branch_operator.py
[2024-04-08T09:34:21.598+0000] {logging_mixin.py:188} INFO - [2024-04-08T09:34:21.598+0000] {dag.py:3047} INFO - Sync 1 DAGs
[2024-04-08T09:34:21.636+0000] {logging_mixin.py:188} INFO - [2024-04-08T09:34:21.636+0000] {dag.py:3834} INFO - Setting next_dagrun for example_branch_operator to 2024-04-07 00:00:00+00:00, run_after=2024-04-08 00:00:00+00:00
[2024-04-08T09:34:21.657+0000] {processor.py:183} INFO - Processing /home/airflow/.local/lib/python3.8/site-packages/airflow/example_dags/example_branch_operator.py took 0.144 seconds
[2024-04-08T09:34:51.743+0000] {processor.py:161} INFO - Started process (PID=621) to work on /home/airflow/.local/lib/python3.8/site-packages/airflow/example_dags/example_branch_operator.py
[2024-04-08T09:34:51.744+0000] {processor.py:830} INFO - Processing file /home/airflow/.local/lib/python3.8/site-packages/airflow/example_dags/example_branch_operator.py for tasks to queue
[2024-04-08T09:34:51.744+0000] {logging_mixin.py:188} INFO - [2024-04-08T09:34:51.744+0000] {dagbag.py:540} INFO - Filling up the DagBag from /home/airflow/.local/lib/python3.8/site-packages/airflow/example_dags/example_branch_operator.py
[2024-04-08T09:34:51.752+0000] {processor.py:840} INFO - DAG(s) 'example_branch_operator' retrieved from /home/airflow/.local/lib/python3.8/site-packages/airflow/example_dags/example_branch_operator.py
[2024-04-08T09:34:51.824+0000] {logging_mixin.py:188} INFO - [2024-04-08T09:34:51.824+0000] {dag.py:3047} INFO - Sync 1 DAGs
[2024-04-08T09:34:51.865+0000] {logging_mixin.py:188} INFO - [2024-04-08T09:34:51.865+0000] {dag.py:3834} INFO - Setting next_dagrun for example_branch_operator to 2024-04-07 00:00:00+00:00, run_after=2024-04-08 00:00:00+00:00
[2024-04-08T09:34:51.890+0000] {processor.py:183} INFO - Processing /home/airflow/.local/lib/python3.8/site-packages/airflow/example_dags/example_branch_operator.py took 0.148 seconds
[2024-04-08T09:35:22.419+0000] {processor.py:161} INFO - Started process (PID=676) to work on /home/airflow/.local/lib/python3.8/site-packages/airflow/example_dags/example_branch_operator.py
[2024-04-08T09:35:22.419+0000] {processor.py:830} INFO - Processing file /home/airflow/.local/lib/python3.8/site-packages/airflow/example_dags/example_branch_operator.py for tasks to queue
[2024-04-08T09:35:22.420+0000] {logging_mixin.py:188} INFO - [2024-04-08T09:35:22.420+0000] {dagbag.py:540} INFO - Filling up the DagBag from /home/airflow/.local/lib/python3.8/site-packages/airflow/example_dags/example_branch_operator.py
[2024-04-08T09:35:22.428+0000] {processor.py:840} INFO - DAG(s) 'example_branch_operator' retrieved from /home/airflow/.local/lib/python3.8/site-packages/airflow/example_dags/example_branch_operator.py
[2024-04-08T09:35:22.501+0000] {logging_mixin.py:188} INFO - [2024-04-08T09:35:22.501+0000] {dag.py:3047} INFO - Sync 1 DAGs
[2024-04-08T09:35:22.538+0000] {logging_mixin.py:188} INFO - [2024-04-08T09:35:22.538+0000] {dag.py:3834} INFO - Setting next_dagrun for example_branch_operator to 2024-04-07 00:00:00+00:00, run_after=2024-04-08 00:00:00+00:00
[2024-04-08T09:35:22.560+0000] {processor.py:183} INFO - Processing /home/airflow/.local/lib/python3.8/site-packages/airflow/example_dags/example_branch_operator.py took 0.143 seconds
[2024-04-08T09:35:52.653+0000] {processor.py:161} INFO - Started process (PID=731) to work on /home/airflow/.local/lib/python3.8/site-packages/airflow/example_dags/example_branch_operator.py
[2024-04-08T09:35:52.654+0000] {processor.py:830} INFO - Processing file /home/airflow/.local/lib/python3.8/site-packages/airflow/example_dags/example_branch_operator.py for tasks to queue
[2024-04-08T09:35:52.655+0000] {logging_mixin.py:188} INFO - [2024-04-08T09:35:52.654+0000] {dagbag.py:540} INFO - Filling up the DagBag from /home/airflow/.local/lib/python3.8/site-packages/airflow/example_dags/example_branch_operator.py
[2024-04-08T09:35:52.662+0000] {processor.py:840} INFO - DAG(s) 'example_branch_operator' retrieved from /home/airflow/.local/lib/python3.8/site-packages/airflow/example_dags/example_branch_operator.py
[2024-04-08T09:35:52.735+0000] {logging_mixin.py:188} INFO - [2024-04-08T09:35:52.735+0000] {dag.py:3047} INFO - Sync 1 DAGs
[2024-04-08T09:35:52.773+0000] {logging_mixin.py:188} INFO - [2024-04-08T09:35:52.773+0000] {dag.py:3834} INFO - Setting next_dagrun for example_branch_operator to 2024-04-07 00:00:00+00:00, run_after=2024-04-08 00:00:00+00:00
[2024-04-08T09:35:52.799+0000] {processor.py:183} INFO - Processing /home/airflow/.local/lib/python3.8/site-packages/airflow/example_dags/example_branch_operator.py took 0.148 seconds
[2024-04-08T09:36:22.899+0000] {processor.py:161} INFO - Started process (PID=786) to work on /home/airflow/.local/lib/python3.8/site-packages/airflow/example_dags/example_branch_operator.py
[2024-04-08T09:36:22.900+0000] {processor.py:830} INFO - Processing file /home/airflow/.local/lib/python3.8/site-packages/airflow/example_dags/example_branch_operator.py for tasks to queue
[2024-04-08T09:36:22.901+0000] {logging_mixin.py:188} INFO - [2024-04-08T09:36:22.901+0000] {dagbag.py:540} INFO - Filling up the DagBag from /home/airflow/.local/lib/python3.8/site-packages/airflow/example_dags/example_branch_operator.py
[2024-04-08T09:36:22.909+0000] {processor.py:840} INFO - DAG(s) 'example_branch_operator' retrieved from /home/airflow/.local/lib/python3.8/site-packages/airflow/example_dags/example_branch_operator.py
[2024-04-08T09:36:22.997+0000] {logging_mixin.py:188} INFO - [2024-04-08T09:36:22.997+0000] {dag.py:3047} INFO - Sync 1 DAGs
[2024-04-08T09:36:23.041+0000] {logging_mixin.py:188} INFO - [2024-04-08T09:36:23.041+0000] {dag.py:3834} INFO - Setting next_dagrun for example_branch_operator to 2024-04-07 00:00:00+00:00, run_after=2024-04-08 00:00:00+00:00
[2024-04-08T09:36:23.065+0000] {processor.py:183} INFO - Processing /home/airflow/.local/lib/python3.8/site-packages/airflow/example_dags/example_branch_operator.py took 0.167 seconds
[2024-04-08T09:36:53.151+0000] {processor.py:161} INFO - Started process (PID=841) to work on /home/airflow/.local/lib/python3.8/site-packages/airflow/example_dags/example_branch_operator.py
[2024-04-08T09:36:53.153+0000] {processor.py:830} INFO - Processing file /home/airflow/.local/lib/python3.8/site-packages/airflow/example_dags/example_branch_operator.py for tasks to queue
[2024-04-08T09:36:53.154+0000] {logging_mixin.py:188} INFO - [2024-04-08T09:36:53.154+0000] {dagbag.py:540} INFO - Filling up the DagBag from /home/airflow/.local/lib/python3.8/site-packages/airflow/example_dags/example_branch_operator.py
[2024-04-08T09:36:53.162+0000] {processor.py:840} INFO - DAG(s) 'example_branch_operator' retrieved from /home/airflow/.local/lib/python3.8/site-packages/airflow/example_dags/example_branch_operator.py
[2024-04-08T09:36:53.235+0000] {logging_mixin.py:188} INFO - [2024-04-08T09:36:53.234+0000] {dag.py:3047} INFO - Sync 1 DAGs
[2024-04-08T09:36:53.273+0000] {logging_mixin.py:188} INFO - [2024-04-08T09:36:53.273+0000] {dag.py:3834} INFO - Setting next_dagrun for example_branch_operator to 2024-04-07 00:00:00+00:00, run_after=2024-04-08 00:00:00+00:00
[2024-04-08T09:36:53.294+0000] {processor.py:183} INFO - Processing /home/airflow/.local/lib/python3.8/site-packages/airflow/example_dags/example_branch_operator.py took 0.145 seconds
[2024-04-08T09:37:23.463+0000] {processor.py:161} INFO - Started process (PID=897) to work on /home/airflow/.local/lib/python3.8/site-packages/airflow/example_dags/example_branch_operator.py
[2024-04-08T09:37:23.463+0000] {processor.py:830} INFO - Processing file /home/airflow/.local/lib/python3.8/site-packages/airflow/example_dags/example_branch_operator.py for tasks to queue
[2024-04-08T09:37:23.464+0000] {logging_mixin.py:188} INFO - [2024-04-08T09:37:23.464+0000] {dagbag.py:540} INFO - Filling up the DagBag from /home/airflow/.local/lib/python3.8/site-packages/airflow/example_dags/example_branch_operator.py
[2024-04-08T09:37:23.472+0000] {processor.py:840} INFO - DAG(s) 'example_branch_operator' retrieved from /home/airflow/.local/lib/python3.8/site-packages/airflow/example_dags/example_branch_operator.py
[2024-04-08T09:37:23.547+0000] {logging_mixin.py:188} INFO - [2024-04-08T09:37:23.547+0000] {dag.py:3047} INFO - Sync 1 DAGs
[2024-04-08T09:37:23.584+0000] {logging_mixin.py:188} INFO - [2024-04-08T09:37:23.584+0000] {dag.py:3834} INFO - Setting next_dagrun for example_branch_operator to 2024-04-07 00:00:00+00:00, run_after=2024-04-08 00:00:00+00:00
[2024-04-08T09:37:23.606+0000] {processor.py:183} INFO - Processing /home/airflow/.local/lib/python3.8/site-packages/airflow/example_dags/example_branch_operator.py took 0.144 seconds
[2024-04-08T09:37:54.357+0000] {processor.py:161} INFO - Started process (PID=951) to work on /home/airflow/.local/lib/python3.8/site-packages/airflow/example_dags/example_branch_operator.py
[2024-04-08T09:37:54.358+0000] {processor.py:830} INFO - Processing file /home/airflow/.local/lib/python3.8/site-packages/airflow/example_dags/example_branch_operator.py for tasks to queue
[2024-04-08T09:37:54.359+0000] {logging_mixin.py:188} INFO - [2024-04-08T09:37:54.359+0000] {dagbag.py:540} INFO - Filling up the DagBag from /home/airflow/.local/lib/python3.8/site-packages/airflow/example_dags/example_branch_operator.py
[2024-04-08T09:37:54.368+0000] {processor.py:840} INFO - DAG(s) 'example_branch_operator' retrieved from /home/airflow/.local/lib/python3.8/site-packages/airflow/example_dags/example_branch_operator.py
[2024-04-08T09:37:54.445+0000] {logging_mixin.py:188} INFO - [2024-04-08T09:37:54.445+0000] {dag.py:3047} INFO - Sync 1 DAGs
[2024-04-08T09:37:54.485+0000] {logging_mixin.py:188} INFO - [2024-04-08T09:37:54.485+0000] {dag.py:3834} INFO - Setting next_dagrun for example_branch_operator to 2024-04-07 00:00:00+00:00, run_after=2024-04-08 00:00:00+00:00
[2024-04-08T09:37:54.507+0000] {processor.py:183} INFO - Processing /home/airflow/.local/lib/python3.8/site-packages/airflow/example_dags/example_branch_operator.py took 0.152 seconds
[2024-04-08T09:38:25.361+0000] {processor.py:161} INFO - Started process (PID=1006) to work on /home/airflow/.local/lib/python3.8/site-packages/airflow/example_dags/example_branch_operator.py
[2024-04-08T09:38:25.362+0000] {processor.py:830} INFO - Processing file /home/airflow/.local/lib/python3.8/site-packages/airflow/example_dags/example_branch_operator.py for tasks to queue
[2024-04-08T09:38:25.363+0000] {logging_mixin.py:188} INFO - [2024-04-08T09:38:25.363+0000] {dagbag.py:540} INFO - Filling up the DagBag from /home/airflow/.local/lib/python3.8/site-packages/airflow/example_dags/example_branch_operator.py
[2024-04-08T09:38:25.372+0000] {processor.py:840} INFO - DAG(s) 'example_branch_operator' retrieved from /home/airflow/.local/lib/python3.8/site-packages/airflow/example_dags/example_branch_operator.py
[2024-04-08T09:38:25.452+0000] {logging_mixin.py:188} INFO - [2024-04-08T09:38:25.452+0000] {dag.py:3047} INFO - Sync 1 DAGs
[2024-04-08T09:38:25.494+0000] {logging_mixin.py:188} INFO - [2024-04-08T09:38:25.494+0000] {dag.py:3834} INFO - Setting next_dagrun for example_branch_operator to 2024-04-07 00:00:00+00:00, run_after=2024-04-08 00:00:00+00:00
[2024-04-08T09:38:25.522+0000] {processor.py:183} INFO - Processing /home/airflow/.local/lib/python3.8/site-packages/airflow/example_dags/example_branch_operator.py took 0.163 seconds
[2024-04-08T09:38:56.093+0000] {processor.py:161} INFO - Started process (PID=1061) to work on /home/airflow/.local/lib/python3.8/site-packages/airflow/example_dags/example_branch_operator.py
[2024-04-08T09:38:56.094+0000] {processor.py:830} INFO - Processing file /home/airflow/.local/lib/python3.8/site-packages/airflow/example_dags/example_branch_operator.py for tasks to queue
[2024-04-08T09:38:56.095+0000] {logging_mixin.py:188} INFO - [2024-04-08T09:38:56.095+0000] {dagbag.py:540} INFO - Filling up the DagBag from /home/airflow/.local/lib/python3.8/site-packages/airflow/example_dags/example_branch_operator.py
[2024-04-08T09:38:56.108+0000] {processor.py:840} INFO - DAG(s) 'example_branch_operator' retrieved from /home/airflow/.local/lib/python3.8/site-packages/airflow/example_dags/example_branch_operator.py
[2024-04-08T09:38:56.261+0000] {logging_mixin.py:188} INFO - [2024-04-08T09:38:56.261+0000] {dag.py:3047} INFO - Sync 1 DAGs
[2024-04-08T09:38:56.333+0000] {logging_mixin.py:188} INFO - [2024-04-08T09:38:56.332+0000] {dag.py:3834} INFO - Setting next_dagrun for example_branch_operator to 2024-04-07 00:00:00+00:00, run_after=2024-04-08 00:00:00+00:00
[2024-04-08T09:38:56.369+0000] {processor.py:183} INFO - Processing /home/airflow/.local/lib/python3.8/site-packages/airflow/example_dags/example_branch_operator.py took 0.280 seconds
[2024-04-08T09:39:26.826+0000] {processor.py:161} INFO - Started process (PID=1116) to work on /home/airflow/.local/lib/python3.8/site-packages/airflow/example_dags/example_branch_operator.py
[2024-04-08T09:39:26.827+0000] {processor.py:830} INFO - Processing file /home/airflow/.local/lib/python3.8/site-packages/airflow/example_dags/example_branch_operator.py for tasks to queue
[2024-04-08T09:39:26.828+0000] {logging_mixin.py:188} INFO - [2024-04-08T09:39:26.828+0000] {dagbag.py:540} INFO - Filling up the DagBag from /home/airflow/.local/lib/python3.8/site-packages/airflow/example_dags/example_branch_operator.py
[2024-04-08T09:39:26.835+0000] {processor.py:840} INFO - DAG(s) 'example_branch_operator' retrieved from /home/airflow/.local/lib/python3.8/site-packages/airflow/example_dags/example_branch_operator.py
[2024-04-08T09:39:26.909+0000] {logging_mixin.py:188} INFO - [2024-04-08T09:39:26.909+0000] {dag.py:3047} INFO - Sync 1 DAGs
[2024-04-08T09:39:26.948+0000] {logging_mixin.py:188} INFO - [2024-04-08T09:39:26.948+0000] {dag.py:3834} INFO - Setting next_dagrun for example_branch_operator to 2024-04-07 00:00:00+00:00, run_after=2024-04-08 00:00:00+00:00
[2024-04-08T09:39:26.968+0000] {processor.py:183} INFO - Processing /home/airflow/.local/lib/python3.8/site-packages/airflow/example_dags/example_branch_operator.py took 0.143 seconds
[2024-04-08T09:39:57.005+0000] {processor.py:161} INFO - Started process (PID=1171) to work on /home/airflow/.local/lib/python3.8/site-packages/airflow/example_dags/example_branch_operator.py
[2024-04-08T09:39:57.006+0000] {processor.py:830} INFO - Processing file /home/airflow/.local/lib/python3.8/site-packages/airflow/example_dags/example_branch_operator.py for tasks to queue
[2024-04-08T09:39:57.006+0000] {logging_mixin.py:188} INFO - [2024-04-08T09:39:57.006+0000] {dagbag.py:540} INFO - Filling up the DagBag from /home/airflow/.local/lib/python3.8/site-packages/airflow/example_dags/example_branch_operator.py
[2024-04-08T09:39:57.014+0000] {processor.py:840} INFO - DAG(s) 'example_branch_operator' retrieved from /home/airflow/.local/lib/python3.8/site-packages/airflow/example_dags/example_branch_operator.py
[2024-04-08T09:39:57.093+0000] {logging_mixin.py:188} INFO - [2024-04-08T09:39:57.092+0000] {dag.py:3047} INFO - Sync 1 DAGs
[2024-04-08T09:39:57.131+0000] {logging_mixin.py:188} INFO - [2024-04-08T09:39:57.131+0000] {dag.py:3834} INFO - Setting next_dagrun for example_branch_operator to 2024-04-07 00:00:00+00:00, run_after=2024-04-08 00:00:00+00:00
[2024-04-08T09:39:57.151+0000] {processor.py:183} INFO - Processing /home/airflow/.local/lib/python3.8/site-packages/airflow/example_dags/example_branch_operator.py took 0.147 seconds
[2024-04-08T09:40:27.431+0000] {processor.py:161} INFO - Started process (PID=1225) to work on /home/airflow/.local/lib/python3.8/site-packages/airflow/example_dags/example_branch_operator.py
[2024-04-08T09:40:27.432+0000] {processor.py:830} INFO - Processing file /home/airflow/.local/lib/python3.8/site-packages/airflow/example_dags/example_branch_operator.py for tasks to queue
[2024-04-08T09:40:27.432+0000] {logging_mixin.py:188} INFO - [2024-04-08T09:40:27.432+0000] {dagbag.py:540} INFO - Filling up the DagBag from /home/airflow/.local/lib/python3.8/site-packages/airflow/example_dags/example_branch_operator.py
[2024-04-08T09:40:27.441+0000] {processor.py:840} INFO - DAG(s) 'example_branch_operator' retrieved from /home/airflow/.local/lib/python3.8/site-packages/airflow/example_dags/example_branch_operator.py
[2024-04-08T09:40:27.518+0000] {logging_mixin.py:188} INFO - [2024-04-08T09:40:27.518+0000] {dag.py:3047} INFO - Sync 1 DAGs
[2024-04-08T09:40:27.559+0000] {logging_mixin.py:188} INFO - [2024-04-08T09:40:27.559+0000] {dag.py:3834} INFO - Setting next_dagrun for example_branch_operator to 2024-04-07 00:00:00+00:00, run_after=2024-04-08 00:00:00+00:00
[2024-04-08T09:40:27.579+0000] {processor.py:183} INFO - Processing /home/airflow/.local/lib/python3.8/site-packages/airflow/example_dags/example_branch_operator.py took 0.150 seconds
[2024-04-08T09:40:57.655+0000] {processor.py:161} INFO - Started process (PID=1280) to work on /home/airflow/.local/lib/python3.8/site-packages/airflow/example_dags/example_branch_operator.py
[2024-04-08T09:40:57.656+0000] {processor.py:830} INFO - Processing file /home/airflow/.local/lib/python3.8/site-packages/airflow/example_dags/example_branch_operator.py for tasks to queue
[2024-04-08T09:40:57.656+0000] {logging_mixin.py:188} INFO - [2024-04-08T09:40:57.656+0000] {dagbag.py:540} INFO - Filling up the DagBag from /home/airflow/.local/lib/python3.8/site-packages/airflow/example_dags/example_branch_operator.py
[2024-04-08T09:40:57.664+0000] {processor.py:840} INFO - DAG(s) 'example_branch_operator' retrieved from /home/airflow/.local/lib/python3.8/site-packages/airflow/example_dags/example_branch_operator.py
[2024-04-08T09:40:57.738+0000] {logging_mixin.py:188} INFO - [2024-04-08T09:40:57.737+0000] {dag.py:3047} INFO - Sync 1 DAGs
[2024-04-08T09:40:57.776+0000] {logging_mixin.py:188} INFO - [2024-04-08T09:40:57.776+0000] {dag.py:3834} INFO - Setting next_dagrun for example_branch_operator to 2024-04-07 00:00:00+00:00, run_after=2024-04-08 00:00:00+00:00
[2024-04-08T09:40:57.797+0000] {processor.py:183} INFO - Processing /home/airflow/.local/lib/python3.8/site-packages/airflow/example_dags/example_branch_operator.py took 0.143 seconds
[2024-04-08T09:41:28.704+0000] {processor.py:161} INFO - Started process (PID=1335) to work on /home/airflow/.local/lib/python3.8/site-packages/airflow/example_dags/example_branch_operator.py
[2024-04-08T09:41:28.705+0000] {processor.py:830} INFO - Processing file /home/airflow/.local/lib/python3.8/site-packages/airflow/example_dags/example_branch_operator.py for tasks to queue
[2024-04-08T09:41:28.706+0000] {logging_mixin.py:188} INFO - [2024-04-08T09:41:28.705+0000] {dagbag.py:540} INFO - Filling up the DagBag from /home/airflow/.local/lib/python3.8/site-packages/airflow/example_dags/example_branch_operator.py
[2024-04-08T09:41:28.713+0000] {processor.py:840} INFO - DAG(s) 'example_branch_operator' retrieved from /home/airflow/.local/lib/python3.8/site-packages/airflow/example_dags/example_branch_operator.py
[2024-04-08T09:41:28.788+0000] {logging_mixin.py:188} INFO - [2024-04-08T09:41:28.787+0000] {dag.py:3047} INFO - Sync 1 DAGs
[2024-04-08T09:41:28.824+0000] {logging_mixin.py:188} INFO - [2024-04-08T09:41:28.824+0000] {dag.py:3834} INFO - Setting next_dagrun for example_branch_operator to 2024-04-07 00:00:00+00:00, run_after=2024-04-08 00:00:00+00:00
[2024-04-08T09:41:28.847+0000] {processor.py:183} INFO - Processing /home/airflow/.local/lib/python3.8/site-packages/airflow/example_dags/example_branch_operator.py took 0.144 seconds
[2024-04-08T09:41:59.625+0000] {processor.py:161} INFO - Started process (PID=1390) to work on /home/airflow/.local/lib/python3.8/site-packages/airflow/example_dags/example_branch_operator.py
[2024-04-08T09:41:59.625+0000] {processor.py:830} INFO - Processing file /home/airflow/.local/lib/python3.8/site-packages/airflow/example_dags/example_branch_operator.py for tasks to queue
[2024-04-08T09:41:59.626+0000] {logging_mixin.py:188} INFO - [2024-04-08T09:41:59.626+0000] {dagbag.py:540} INFO - Filling up the DagBag from /home/airflow/.local/lib/python3.8/site-packages/airflow/example_dags/example_branch_operator.py
[2024-04-08T09:41:59.634+0000] {processor.py:840} INFO - DAG(s) 'example_branch_operator' retrieved from /home/airflow/.local/lib/python3.8/site-packages/airflow/example_dags/example_branch_operator.py
[2024-04-08T09:41:59.709+0000] {logging_mixin.py:188} INFO - [2024-04-08T09:41:59.709+0000] {dag.py:3047} INFO - Sync 1 DAGs
[2024-04-08T09:41:59.753+0000] {logging_mixin.py:188} INFO - [2024-04-08T09:41:59.753+0000] {dag.py:3834} INFO - Setting next_dagrun for example_branch_operator to 2024-04-07 00:00:00+00:00, run_after=2024-04-08 00:00:00+00:00
[2024-04-08T09:41:59.776+0000] {processor.py:183} INFO - Processing /home/airflow/.local/lib/python3.8/site-packages/airflow/example_dags/example_branch_operator.py took 0.153 seconds
[2024-04-08T09:42:30.087+0000] {processor.py:161} INFO - Started process (PID=1445) to work on /home/airflow/.local/lib/python3.8/site-packages/airflow/example_dags/example_branch_operator.py
[2024-04-08T09:42:30.088+0000] {processor.py:830} INFO - Processing file /home/airflow/.local/lib/python3.8/site-packages/airflow/example_dags/example_branch_operator.py for tasks to queue
[2024-04-08T09:42:30.088+0000] {logging_mixin.py:188} INFO - [2024-04-08T09:42:30.088+0000] {dagbag.py:540} INFO - Filling up the DagBag from /home/airflow/.local/lib/python3.8/site-packages/airflow/example_dags/example_branch_operator.py
[2024-04-08T09:42:30.097+0000] {processor.py:840} INFO - DAG(s) 'example_branch_operator' retrieved from /home/airflow/.local/lib/python3.8/site-packages/airflow/example_dags/example_branch_operator.py
[2024-04-08T09:42:30.174+0000] {logging_mixin.py:188} INFO - [2024-04-08T09:42:30.174+0000] {dag.py:3047} INFO - Sync 1 DAGs
[2024-04-08T09:42:30.212+0000] {logging_mixin.py:188} INFO - [2024-04-08T09:42:30.211+0000] {dag.py:3834} INFO - Setting next_dagrun for example_branch_operator to 2024-04-07 00:00:00+00:00, run_after=2024-04-08 00:00:00+00:00
[2024-04-08T09:42:30.232+0000] {processor.py:183} INFO - Processing /home/airflow/.local/lib/python3.8/site-packages/airflow/example_dags/example_branch_operator.py took 0.147 seconds
[2024-04-08T09:43:00.372+0000] {processor.py:161} INFO - Started process (PID=1500) to work on /home/airflow/.local/lib/python3.8/site-packages/airflow/example_dags/example_branch_operator.py
[2024-04-08T09:43:00.372+0000] {processor.py:830} INFO - Processing file /home/airflow/.local/lib/python3.8/site-packages/airflow/example_dags/example_branch_operator.py for tasks to queue
[2024-04-08T09:43:00.373+0000] {logging_mixin.py:188} INFO - [2024-04-08T09:43:00.373+0000] {dagbag.py:540} INFO - Filling up the DagBag from /home/airflow/.local/lib/python3.8/site-packages/airflow/example_dags/example_branch_operator.py
[2024-04-08T09:43:00.381+0000] {processor.py:840} INFO - DAG(s) 'example_branch_operator' retrieved from /home/airflow/.local/lib/python3.8/site-packages/airflow/example_dags/example_branch_operator.py
[2024-04-08T09:43:00.454+0000] {logging_mixin.py:188} INFO - [2024-04-08T09:43:00.454+0000] {dag.py:3047} INFO - Sync 1 DAGs
[2024-04-08T09:43:00.491+0000] {logging_mixin.py:188} INFO - [2024-04-08T09:43:00.491+0000] {dag.py:3834} INFO - Setting next_dagrun for example_branch_operator to 2024-04-07 00:00:00+00:00, run_after=2024-04-08 00:00:00+00:00
[2024-04-08T09:43:00.512+0000] {processor.py:183} INFO - Processing /home/airflow/.local/lib/python3.8/site-packages/airflow/example_dags/example_branch_operator.py took 0.142 seconds
[2024-04-08T09:43:30.636+0000] {processor.py:161} INFO - Started process (PID=1555) to work on /home/airflow/.local/lib/python3.8/site-packages/airflow/example_dags/example_branch_operator.py
[2024-04-08T09:43:30.637+0000] {processor.py:830} INFO - Processing file /home/airflow/.local/lib/python3.8/site-packages/airflow/example_dags/example_branch_operator.py for tasks to queue
[2024-04-08T09:43:30.638+0000] {logging_mixin.py:188} INFO - [2024-04-08T09:43:30.638+0000] {dagbag.py:540} INFO - Filling up the DagBag from /home/airflow/.local/lib/python3.8/site-packages/airflow/example_dags/example_branch_operator.py
[2024-04-08T09:43:30.646+0000] {processor.py:840} INFO - DAG(s) 'example_branch_operator' retrieved from /home/airflow/.local/lib/python3.8/site-packages/airflow/example_dags/example_branch_operator.py
[2024-04-08T09:43:30.719+0000] {logging_mixin.py:188} INFO - [2024-04-08T09:43:30.719+0000] {dag.py:3047} INFO - Sync 1 DAGs
[2024-04-08T09:43:30.757+0000] {logging_mixin.py:188} INFO - [2024-04-08T09:43:30.757+0000] {dag.py:3834} INFO - Setting next_dagrun for example_branch_operator to 2024-04-07 00:00:00+00:00, run_after=2024-04-08 00:00:00+00:00
[2024-04-08T09:43:30.778+0000] {processor.py:183} INFO - Processing /home/airflow/.local/lib/python3.8/site-packages/airflow/example_dags/example_branch_operator.py took 0.144 seconds
[2024-04-08T09:44:01.225+0000] {processor.py:161} INFO - Started process (PID=1610) to work on /home/airflow/.local/lib/python3.8/site-packages/airflow/example_dags/example_branch_operator.py
[2024-04-08T09:44:01.226+0000] {processor.py:830} INFO - Processing file /home/airflow/.local/lib/python3.8/site-packages/airflow/example_dags/example_branch_operator.py for tasks to queue
[2024-04-08T09:44:01.227+0000] {logging_mixin.py:188} INFO - [2024-04-08T09:44:01.226+0000] {dagbag.py:540} INFO - Filling up the DagBag from /home/airflow/.local/lib/python3.8/site-packages/airflow/example_dags/example_branch_operator.py
[2024-04-08T09:44:01.234+0000] {processor.py:840} INFO - DAG(s) 'example_branch_operator' retrieved from /home/airflow/.local/lib/python3.8/site-packages/airflow/example_dags/example_branch_operator.py
[2024-04-08T09:44:01.308+0000] {logging_mixin.py:188} INFO - [2024-04-08T09:44:01.308+0000] {dag.py:3047} INFO - Sync 1 DAGs
[2024-04-08T09:44:01.345+0000] {logging_mixin.py:188} INFO - [2024-04-08T09:44:01.345+0000] {dag.py:3834} INFO - Setting next_dagrun for example_branch_operator to 2024-04-07 00:00:00+00:00, run_after=2024-04-08 00:00:00+00:00
[2024-04-08T09:44:01.368+0000] {processor.py:183} INFO - Processing /home/airflow/.local/lib/python3.8/site-packages/airflow/example_dags/example_branch_operator.py took 0.144 seconds
[2024-04-08T09:44:31.413+0000] {processor.py:161} INFO - Started process (PID=1665) to work on /home/airflow/.local/lib/python3.8/site-packages/airflow/example_dags/example_branch_operator.py
[2024-04-08T09:44:31.413+0000] {processor.py:830} INFO - Processing file /home/airflow/.local/lib/python3.8/site-packages/airflow/example_dags/example_branch_operator.py for tasks to queue
[2024-04-08T09:44:31.414+0000] {logging_mixin.py:188} INFO - [2024-04-08T09:44:31.414+0000] {dagbag.py:540} INFO - Filling up the DagBag from /home/airflow/.local/lib/python3.8/site-packages/airflow/example_dags/example_branch_operator.py
[2024-04-08T09:44:31.422+0000] {processor.py:840} INFO - DAG(s) 'example_branch_operator' retrieved from /home/airflow/.local/lib/python3.8/site-packages/airflow/example_dags/example_branch_operator.py
[2024-04-08T09:44:31.495+0000] {logging_mixin.py:188} INFO - [2024-04-08T09:44:31.495+0000] {dag.py:3047} INFO - Sync 1 DAGs
[2024-04-08T09:44:31.535+0000] {logging_mixin.py:188} INFO - [2024-04-08T09:44:31.534+0000] {dag.py:3834} INFO - Setting next_dagrun for example_branch_operator to 2024-04-07 00:00:00+00:00, run_after=2024-04-08 00:00:00+00:00
[2024-04-08T09:44:31.556+0000] {processor.py:183} INFO - Processing /home/airflow/.local/lib/python3.8/site-packages/airflow/example_dags/example_branch_operator.py took 0.145 seconds
[2024-04-08T09:45:01.699+0000] {processor.py:161} INFO - Started process (PID=1720) to work on /home/airflow/.local/lib/python3.8/site-packages/airflow/example_dags/example_branch_operator.py
[2024-04-08T09:45:01.700+0000] {processor.py:830} INFO - Processing file /home/airflow/.local/lib/python3.8/site-packages/airflow/example_dags/example_branch_operator.py for tasks to queue
[2024-04-08T09:45:01.701+0000] {logging_mixin.py:188} INFO - [2024-04-08T09:45:01.701+0000] {dagbag.py:540} INFO - Filling up the DagBag from /home/airflow/.local/lib/python3.8/site-packages/airflow/example_dags/example_branch_operator.py
[2024-04-08T09:45:01.709+0000] {processor.py:840} INFO - DAG(s) 'example_branch_operator' retrieved from /home/airflow/.local/lib/python3.8/site-packages/airflow/example_dags/example_branch_operator.py
[2024-04-08T09:45:01.784+0000] {logging_mixin.py:188} INFO - [2024-04-08T09:45:01.784+0000] {dag.py:3047} INFO - Sync 1 DAGs
[2024-04-08T09:45:01.821+0000] {logging_mixin.py:188} INFO - [2024-04-08T09:45:01.821+0000] {dag.py:3834} INFO - Setting next_dagrun for example_branch_operator to 2024-04-07 00:00:00+00:00, run_after=2024-04-08 00:00:00+00:00
[2024-04-08T09:45:01.843+0000] {processor.py:183} INFO - Processing /home/airflow/.local/lib/python3.8/site-packages/airflow/example_dags/example_branch_operator.py took 0.145 seconds
[2024-04-08T09:45:31.955+0000] {processor.py:161} INFO - Started process (PID=1775) to work on /home/airflow/.local/lib/python3.8/site-packages/airflow/example_dags/example_branch_operator.py
[2024-04-08T09:45:31.955+0000] {processor.py:830} INFO - Processing file /home/airflow/.local/lib/python3.8/site-packages/airflow/example_dags/example_branch_operator.py for tasks to queue
[2024-04-08T09:45:31.956+0000] {logging_mixin.py:188} INFO - [2024-04-08T09:45:31.956+0000] {dagbag.py:540} INFO - Filling up the DagBag from /home/airflow/.local/lib/python3.8/site-packages/airflow/example_dags/example_branch_operator.py
[2024-04-08T09:45:31.964+0000] {processor.py:840} INFO - DAG(s) 'example_branch_operator' retrieved from /home/airflow/.local/lib/python3.8/site-packages/airflow/example_dags/example_branch_operator.py
[2024-04-08T09:45:32.037+0000] {logging_mixin.py:188} INFO - [2024-04-08T09:45:32.037+0000] {dag.py:3047} INFO - Sync 1 DAGs
[2024-04-08T09:45:32.080+0000] {logging_mixin.py:188} INFO - [2024-04-08T09:45:32.079+0000] {dag.py:3834} INFO - Setting next_dagrun for example_branch_operator to 2024-04-07 00:00:00+00:00, run_after=2024-04-08 00:00:00+00:00
[2024-04-08T09:45:32.102+0000] {processor.py:183} INFO - Processing /home/airflow/.local/lib/python3.8/site-packages/airflow/example_dags/example_branch_operator.py took 0.149 seconds
[2024-04-08T09:46:02.206+0000] {processor.py:161} INFO - Started process (PID=1830) to work on /home/airflow/.local/lib/python3.8/site-packages/airflow/example_dags/example_branch_operator.py
[2024-04-08T09:46:02.207+0000] {processor.py:830} INFO - Processing file /home/airflow/.local/lib/python3.8/site-packages/airflow/example_dags/example_branch_operator.py for tasks to queue
[2024-04-08T09:46:02.208+0000] {logging_mixin.py:188} INFO - [2024-04-08T09:46:02.208+0000] {dagbag.py:540} INFO - Filling up the DagBag from /home/airflow/.local/lib/python3.8/site-packages/airflow/example_dags/example_branch_operator.py
[2024-04-08T09:46:02.216+0000] {processor.py:840} INFO - DAG(s) 'example_branch_operator' retrieved from /home/airflow/.local/lib/python3.8/site-packages/airflow/example_dags/example_branch_operator.py
[2024-04-08T09:46:02.291+0000] {logging_mixin.py:188} INFO - [2024-04-08T09:46:02.291+0000] {dag.py:3047} INFO - Sync 1 DAGs
[2024-04-08T09:46:02.348+0000] {logging_mixin.py:188} INFO - [2024-04-08T09:46:02.348+0000] {dag.py:3834} INFO - Setting next_dagrun for example_branch_operator to 2024-04-07 00:00:00+00:00, run_after=2024-04-08 00:00:00+00:00
[2024-04-08T09:46:02.372+0000] {processor.py:183} INFO - Processing /home/airflow/.local/lib/python3.8/site-packages/airflow/example_dags/example_branch_operator.py took 0.167 seconds
