[2024-04-08T09:29:46.528+0000] {processor.py:161} INFO - Started process (PID=53) to work on /home/airflow/.local/lib/python3.8/site-packages/airflow/example_dags/example_latest_only_with_trigger.py
[2024-04-08T09:29:46.529+0000] {processor.py:830} INFO - Processing file /home/airflow/.local/lib/python3.8/site-packages/airflow/example_dags/example_latest_only_with_trigger.py for tasks to queue
[2024-04-08T09:29:46.532+0000] {logging_mixin.py:188} INFO - [2024-04-08T09:29:46.532+0000] {dagbag.py:540} INFO - Filling up the DagBag from /home/airflow/.local/lib/python3.8/site-packages/airflow/example_dags/example_latest_only_with_trigger.py
[2024-04-08T09:29:46.537+0000] {processor.py:840} INFO - DAG(s) 'latest_only_with_trigger' retrieved from /home/airflow/.local/lib/python3.8/site-packages/airflow/example_dags/example_latest_only_with_trigger.py
[2024-04-08T09:29:46.637+0000] {logging_mixin.py:188} INFO - [2024-04-08T09:29:46.637+0000] {dag.py:3047} INFO - Sync 1 DAGs
[2024-04-08T09:29:46.713+0000] {logging_mixin.py:188} INFO - [2024-04-08T09:29:46.712+0000] {dag.py:3834} INFO - Setting next_dagrun for latest_only_with_trigger to 2024-04-08 04:00:00+00:00, run_after=2024-04-08 08:00:00+00:00
[2024-04-08T09:29:46.760+0000] {processor.py:183} INFO - Processing /home/airflow/.local/lib/python3.8/site-packages/airflow/example_dags/example_latest_only_with_trigger.py took 0.236 seconds
[2024-04-08T09:30:16.858+0000] {processor.py:161} INFO - Started process (PID=108) to work on /home/airflow/.local/lib/python3.8/site-packages/airflow/example_dags/example_latest_only_with_trigger.py
[2024-04-08T09:30:16.859+0000] {processor.py:830} INFO - Processing file /home/airflow/.local/lib/python3.8/site-packages/airflow/example_dags/example_latest_only_with_trigger.py for tasks to queue
[2024-04-08T09:30:16.860+0000] {logging_mixin.py:188} INFO - [2024-04-08T09:30:16.860+0000] {dagbag.py:540} INFO - Filling up the DagBag from /home/airflow/.local/lib/python3.8/site-packages/airflow/example_dags/example_latest_only_with_trigger.py
[2024-04-08T09:30:16.863+0000] {processor.py:840} INFO - DAG(s) 'latest_only_with_trigger' retrieved from /home/airflow/.local/lib/python3.8/site-packages/airflow/example_dags/example_latest_only_with_trigger.py
[2024-04-08T09:30:16.979+0000] {logging_mixin.py:188} INFO - [2024-04-08T09:30:16.979+0000] {dag.py:3047} INFO - Sync 1 DAGs
[2024-04-08T09:30:17.011+0000] {logging_mixin.py:188} INFO - [2024-04-08T09:30:17.011+0000] {dag.py:3834} INFO - Setting next_dagrun for latest_only_with_trigger to 2024-04-08 04:00:00+00:00, run_after=2024-04-08 08:00:00+00:00
[2024-04-08T09:30:17.037+0000] {processor.py:183} INFO - Processing /home/airflow/.local/lib/python3.8/site-packages/airflow/example_dags/example_latest_only_with_trigger.py took 0.180 seconds
[2024-04-08T09:30:47.138+0000] {processor.py:161} INFO - Started process (PID=163) to work on /home/airflow/.local/lib/python3.8/site-packages/airflow/example_dags/example_latest_only_with_trigger.py
[2024-04-08T09:30:47.138+0000] {processor.py:830} INFO - Processing file /home/airflow/.local/lib/python3.8/site-packages/airflow/example_dags/example_latest_only_with_trigger.py for tasks to queue
[2024-04-08T09:30:47.139+0000] {logging_mixin.py:188} INFO - [2024-04-08T09:30:47.139+0000] {dagbag.py:540} INFO - Filling up the DagBag from /home/airflow/.local/lib/python3.8/site-packages/airflow/example_dags/example_latest_only_with_trigger.py
[2024-04-08T09:30:47.142+0000] {processor.py:840} INFO - DAG(s) 'latest_only_with_trigger' retrieved from /home/airflow/.local/lib/python3.8/site-packages/airflow/example_dags/example_latest_only_with_trigger.py
[2024-04-08T09:30:47.217+0000] {logging_mixin.py:188} INFO - [2024-04-08T09:30:47.217+0000] {dag.py:3047} INFO - Sync 1 DAGs
[2024-04-08T09:30:47.252+0000] {logging_mixin.py:188} INFO - [2024-04-08T09:30:47.252+0000] {dag.py:3834} INFO - Setting next_dagrun for latest_only_with_trigger to 2024-04-08 04:00:00+00:00, run_after=2024-04-08 08:00:00+00:00
[2024-04-08T09:30:47.270+0000] {processor.py:183} INFO - Processing /home/airflow/.local/lib/python3.8/site-packages/airflow/example_dags/example_latest_only_with_trigger.py took 0.135 seconds
[2024-04-08T09:31:17.518+0000] {processor.py:161} INFO - Started process (PID=218) to work on /home/airflow/.local/lib/python3.8/site-packages/airflow/example_dags/example_latest_only_with_trigger.py
[2024-04-08T09:31:17.519+0000] {processor.py:830} INFO - Processing file /home/airflow/.local/lib/python3.8/site-packages/airflow/example_dags/example_latest_only_with_trigger.py for tasks to queue
[2024-04-08T09:31:17.520+0000] {logging_mixin.py:188} INFO - [2024-04-08T09:31:17.520+0000] {dagbag.py:540} INFO - Filling up the DagBag from /home/airflow/.local/lib/python3.8/site-packages/airflow/example_dags/example_latest_only_with_trigger.py
[2024-04-08T09:31:17.522+0000] {processor.py:840} INFO - DAG(s) 'latest_only_with_trigger' retrieved from /home/airflow/.local/lib/python3.8/site-packages/airflow/example_dags/example_latest_only_with_trigger.py
[2024-04-08T09:31:17.596+0000] {logging_mixin.py:188} INFO - [2024-04-08T09:31:17.596+0000] {dag.py:3047} INFO - Sync 1 DAGs
[2024-04-08T09:31:17.633+0000] {logging_mixin.py:188} INFO - [2024-04-08T09:31:17.633+0000] {dag.py:3834} INFO - Setting next_dagrun for latest_only_with_trigger to 2024-04-08 04:00:00+00:00, run_after=2024-04-08 08:00:00+00:00
[2024-04-08T09:31:17.654+0000] {processor.py:183} INFO - Processing /home/airflow/.local/lib/python3.8/site-packages/airflow/example_dags/example_latest_only_with_trigger.py took 0.137 seconds
[2024-04-08T09:31:47.671+0000] {processor.py:161} INFO - Started process (PID=272) to work on /home/airflow/.local/lib/python3.8/site-packages/airflow/example_dags/example_latest_only_with_trigger.py
[2024-04-08T09:31:47.671+0000] {processor.py:830} INFO - Processing file /home/airflow/.local/lib/python3.8/site-packages/airflow/example_dags/example_latest_only_with_trigger.py for tasks to queue
[2024-04-08T09:31:47.672+0000] {logging_mixin.py:188} INFO - [2024-04-08T09:31:47.672+0000] {dagbag.py:540} INFO - Filling up the DagBag from /home/airflow/.local/lib/python3.8/site-packages/airflow/example_dags/example_latest_only_with_trigger.py
[2024-04-08T09:31:47.675+0000] {processor.py:840} INFO - DAG(s) 'latest_only_with_trigger' retrieved from /home/airflow/.local/lib/python3.8/site-packages/airflow/example_dags/example_latest_only_with_trigger.py
[2024-04-08T09:31:47.752+0000] {logging_mixin.py:188} INFO - [2024-04-08T09:31:47.752+0000] {dag.py:3047} INFO - Sync 1 DAGs
[2024-04-08T09:31:47.789+0000] {logging_mixin.py:188} INFO - [2024-04-08T09:31:47.789+0000] {dag.py:3834} INFO - Setting next_dagrun for latest_only_with_trigger to 2024-04-08 04:00:00+00:00, run_after=2024-04-08 08:00:00+00:00
[2024-04-08T09:31:47.810+0000] {processor.py:183} INFO - Processing /home/airflow/.local/lib/python3.8/site-packages/airflow/example_dags/example_latest_only_with_trigger.py took 0.140 seconds
[2024-04-08T09:32:17.916+0000] {processor.py:161} INFO - Started process (PID=327) to work on /home/airflow/.local/lib/python3.8/site-packages/airflow/example_dags/example_latest_only_with_trigger.py
[2024-04-08T09:32:17.917+0000] {processor.py:830} INFO - Processing file /home/airflow/.local/lib/python3.8/site-packages/airflow/example_dags/example_latest_only_with_trigger.py for tasks to queue
[2024-04-08T09:32:17.918+0000] {logging_mixin.py:188} INFO - [2024-04-08T09:32:17.917+0000] {dagbag.py:540} INFO - Filling up the DagBag from /home/airflow/.local/lib/python3.8/site-packages/airflow/example_dags/example_latest_only_with_trigger.py
[2024-04-08T09:32:17.920+0000] {processor.py:840} INFO - DAG(s) 'latest_only_with_trigger' retrieved from /home/airflow/.local/lib/python3.8/site-packages/airflow/example_dags/example_latest_only_with_trigger.py
[2024-04-08T09:32:17.994+0000] {logging_mixin.py:188} INFO - [2024-04-08T09:32:17.994+0000] {dag.py:3047} INFO - Sync 1 DAGs
[2024-04-08T09:32:18.031+0000] {logging_mixin.py:188} INFO - [2024-04-08T09:32:18.031+0000] {dag.py:3834} INFO - Setting next_dagrun for latest_only_with_trigger to 2024-04-08 04:00:00+00:00, run_after=2024-04-08 08:00:00+00:00
[2024-04-08T09:32:18.050+0000] {processor.py:183} INFO - Processing /home/airflow/.local/lib/python3.8/site-packages/airflow/example_dags/example_latest_only_with_trigger.py took 0.136 seconds
[2024-04-08T09:32:48.122+0000] {processor.py:161} INFO - Started process (PID=382) to work on /home/airflow/.local/lib/python3.8/site-packages/airflow/example_dags/example_latest_only_with_trigger.py
[2024-04-08T09:32:48.122+0000] {processor.py:830} INFO - Processing file /home/airflow/.local/lib/python3.8/site-packages/airflow/example_dags/example_latest_only_with_trigger.py for tasks to queue
[2024-04-08T09:32:48.123+0000] {logging_mixin.py:188} INFO - [2024-04-08T09:32:48.123+0000] {dagbag.py:540} INFO - Filling up the DagBag from /home/airflow/.local/lib/python3.8/site-packages/airflow/example_dags/example_latest_only_with_trigger.py
[2024-04-08T09:32:48.126+0000] {processor.py:840} INFO - DAG(s) 'latest_only_with_trigger' retrieved from /home/airflow/.local/lib/python3.8/site-packages/airflow/example_dags/example_latest_only_with_trigger.py
[2024-04-08T09:32:48.201+0000] {logging_mixin.py:188} INFO - [2024-04-08T09:32:48.201+0000] {dag.py:3047} INFO - Sync 1 DAGs
[2024-04-08T09:32:48.238+0000] {logging_mixin.py:188} INFO - [2024-04-08T09:32:48.238+0000] {dag.py:3834} INFO - Setting next_dagrun for latest_only_with_trigger to 2024-04-08 04:00:00+00:00, run_after=2024-04-08 08:00:00+00:00
[2024-04-08T09:32:48.257+0000] {processor.py:183} INFO - Processing /home/airflow/.local/lib/python3.8/site-packages/airflow/example_dags/example_latest_only_with_trigger.py took 0.137 seconds
[2024-04-08T09:33:18.352+0000] {processor.py:161} INFO - Started process (PID=437) to work on /home/airflow/.local/lib/python3.8/site-packages/airflow/example_dags/example_latest_only_with_trigger.py
[2024-04-08T09:33:18.353+0000] {processor.py:830} INFO - Processing file /home/airflow/.local/lib/python3.8/site-packages/airflow/example_dags/example_latest_only_with_trigger.py for tasks to queue
[2024-04-08T09:33:18.354+0000] {logging_mixin.py:188} INFO - [2024-04-08T09:33:18.354+0000] {dagbag.py:540} INFO - Filling up the DagBag from /home/airflow/.local/lib/python3.8/site-packages/airflow/example_dags/example_latest_only_with_trigger.py
[2024-04-08T09:33:18.356+0000] {processor.py:840} INFO - DAG(s) 'latest_only_with_trigger' retrieved from /home/airflow/.local/lib/python3.8/site-packages/airflow/example_dags/example_latest_only_with_trigger.py
[2024-04-08T09:33:18.431+0000] {logging_mixin.py:188} INFO - [2024-04-08T09:33:18.431+0000] {dag.py:3047} INFO - Sync 1 DAGs
[2024-04-08T09:33:18.466+0000] {logging_mixin.py:188} INFO - [2024-04-08T09:33:18.466+0000] {dag.py:3834} INFO - Setting next_dagrun for latest_only_with_trigger to 2024-04-08 04:00:00+00:00, run_after=2024-04-08 08:00:00+00:00
[2024-04-08T09:33:18.485+0000] {processor.py:183} INFO - Processing /home/airflow/.local/lib/python3.8/site-packages/airflow/example_dags/example_latest_only_with_trigger.py took 0.134 seconds
[2024-04-08T09:33:48.588+0000] {processor.py:161} INFO - Started process (PID=491) to work on /home/airflow/.local/lib/python3.8/site-packages/airflow/example_dags/example_latest_only_with_trigger.py
[2024-04-08T09:33:48.589+0000] {processor.py:830} INFO - Processing file /home/airflow/.local/lib/python3.8/site-packages/airflow/example_dags/example_latest_only_with_trigger.py for tasks to queue
[2024-04-08T09:33:48.590+0000] {logging_mixin.py:188} INFO - [2024-04-08T09:33:48.590+0000] {dagbag.py:540} INFO - Filling up the DagBag from /home/airflow/.local/lib/python3.8/site-packages/airflow/example_dags/example_latest_only_with_trigger.py
[2024-04-08T09:33:48.592+0000] {processor.py:840} INFO - DAG(s) 'latest_only_with_trigger' retrieved from /home/airflow/.local/lib/python3.8/site-packages/airflow/example_dags/example_latest_only_with_trigger.py
[2024-04-08T09:33:48.667+0000] {logging_mixin.py:188} INFO - [2024-04-08T09:33:48.667+0000] {dag.py:3047} INFO - Sync 1 DAGs
[2024-04-08T09:33:48.702+0000] {logging_mixin.py:188} INFO - [2024-04-08T09:33:48.702+0000] {dag.py:3834} INFO - Setting next_dagrun for latest_only_with_trigger to 2024-04-08 04:00:00+00:00, run_after=2024-04-08 08:00:00+00:00
[2024-04-08T09:33:48.721+0000] {processor.py:183} INFO - Processing /home/airflow/.local/lib/python3.8/site-packages/airflow/example_dags/example_latest_only_with_trigger.py took 0.135 seconds
[2024-04-08T09:34:18.873+0000] {processor.py:161} INFO - Started process (PID=546) to work on /home/airflow/.local/lib/python3.8/site-packages/airflow/example_dags/example_latest_only_with_trigger.py
[2024-04-08T09:34:18.873+0000] {processor.py:830} INFO - Processing file /home/airflow/.local/lib/python3.8/site-packages/airflow/example_dags/example_latest_only_with_trigger.py for tasks to queue
[2024-04-08T09:34:18.874+0000] {logging_mixin.py:188} INFO - [2024-04-08T09:34:18.874+0000] {dagbag.py:540} INFO - Filling up the DagBag from /home/airflow/.local/lib/python3.8/site-packages/airflow/example_dags/example_latest_only_with_trigger.py
[2024-04-08T09:34:18.877+0000] {processor.py:840} INFO - DAG(s) 'latest_only_with_trigger' retrieved from /home/airflow/.local/lib/python3.8/site-packages/airflow/example_dags/example_latest_only_with_trigger.py
[2024-04-08T09:34:18.949+0000] {logging_mixin.py:188} INFO - [2024-04-08T09:34:18.949+0000] {dag.py:3047} INFO - Sync 1 DAGs
[2024-04-08T09:34:18.985+0000] {logging_mixin.py:188} INFO - [2024-04-08T09:34:18.985+0000] {dag.py:3834} INFO - Setting next_dagrun for latest_only_with_trigger to 2024-04-08 04:00:00+00:00, run_after=2024-04-08 08:00:00+00:00
[2024-04-08T09:34:19.004+0000] {processor.py:183} INFO - Processing /home/airflow/.local/lib/python3.8/site-packages/airflow/example_dags/example_latest_only_with_trigger.py took 0.134 seconds
[2024-04-08T09:34:49.266+0000] {processor.py:161} INFO - Started process (PID=601) to work on /home/airflow/.local/lib/python3.8/site-packages/airflow/example_dags/example_latest_only_with_trigger.py
[2024-04-08T09:34:49.267+0000] {processor.py:830} INFO - Processing file /home/airflow/.local/lib/python3.8/site-packages/airflow/example_dags/example_latest_only_with_trigger.py for tasks to queue
[2024-04-08T09:34:49.268+0000] {logging_mixin.py:188} INFO - [2024-04-08T09:34:49.268+0000] {dagbag.py:540} INFO - Filling up the DagBag from /home/airflow/.local/lib/python3.8/site-packages/airflow/example_dags/example_latest_only_with_trigger.py
[2024-04-08T09:34:49.271+0000] {processor.py:840} INFO - DAG(s) 'latest_only_with_trigger' retrieved from /home/airflow/.local/lib/python3.8/site-packages/airflow/example_dags/example_latest_only_with_trigger.py
[2024-04-08T09:34:49.343+0000] {logging_mixin.py:188} INFO - [2024-04-08T09:34:49.343+0000] {dag.py:3047} INFO - Sync 1 DAGs
[2024-04-08T09:34:49.380+0000] {logging_mixin.py:188} INFO - [2024-04-08T09:34:49.380+0000] {dag.py:3834} INFO - Setting next_dagrun for latest_only_with_trigger to 2024-04-08 04:00:00+00:00, run_after=2024-04-08 08:00:00+00:00
[2024-04-08T09:34:49.399+0000] {processor.py:183} INFO - Processing /home/airflow/.local/lib/python3.8/site-packages/airflow/example_dags/example_latest_only_with_trigger.py took 0.135 seconds
[2024-04-08T09:35:19.678+0000] {processor.py:161} INFO - Started process (PID=656) to work on /home/airflow/.local/lib/python3.8/site-packages/airflow/example_dags/example_latest_only_with_trigger.py
[2024-04-08T09:35:19.678+0000] {processor.py:830} INFO - Processing file /home/airflow/.local/lib/python3.8/site-packages/airflow/example_dags/example_latest_only_with_trigger.py for tasks to queue
[2024-04-08T09:35:19.679+0000] {logging_mixin.py:188} INFO - [2024-04-08T09:35:19.679+0000] {dagbag.py:540} INFO - Filling up the DagBag from /home/airflow/.local/lib/python3.8/site-packages/airflow/example_dags/example_latest_only_with_trigger.py
[2024-04-08T09:35:19.682+0000] {processor.py:840} INFO - DAG(s) 'latest_only_with_trigger' retrieved from /home/airflow/.local/lib/python3.8/site-packages/airflow/example_dags/example_latest_only_with_trigger.py
[2024-04-08T09:35:19.755+0000] {logging_mixin.py:188} INFO - [2024-04-08T09:35:19.754+0000] {dag.py:3047} INFO - Sync 1 DAGs
[2024-04-08T09:35:19.790+0000] {logging_mixin.py:188} INFO - [2024-04-08T09:35:19.790+0000] {dag.py:3834} INFO - Setting next_dagrun for latest_only_with_trigger to 2024-04-08 04:00:00+00:00, run_after=2024-04-08 08:00:00+00:00
[2024-04-08T09:35:19.810+0000] {processor.py:183} INFO - Processing /home/airflow/.local/lib/python3.8/site-packages/airflow/example_dags/example_latest_only_with_trigger.py took 0.134 seconds
[2024-04-08T09:35:49.851+0000] {processor.py:161} INFO - Started process (PID=711) to work on /home/airflow/.local/lib/python3.8/site-packages/airflow/example_dags/example_latest_only_with_trigger.py
[2024-04-08T09:35:49.851+0000] {processor.py:830} INFO - Processing file /home/airflow/.local/lib/python3.8/site-packages/airflow/example_dags/example_latest_only_with_trigger.py for tasks to queue
[2024-04-08T09:35:49.853+0000] {logging_mixin.py:188} INFO - [2024-04-08T09:35:49.853+0000] {dagbag.py:540} INFO - Filling up the DagBag from /home/airflow/.local/lib/python3.8/site-packages/airflow/example_dags/example_latest_only_with_trigger.py
[2024-04-08T09:35:49.857+0000] {processor.py:840} INFO - DAG(s) 'latest_only_with_trigger' retrieved from /home/airflow/.local/lib/python3.8/site-packages/airflow/example_dags/example_latest_only_with_trigger.py
[2024-04-08T09:35:49.937+0000] {logging_mixin.py:188} INFO - [2024-04-08T09:35:49.937+0000] {dag.py:3047} INFO - Sync 1 DAGs
[2024-04-08T09:35:49.980+0000] {logging_mixin.py:188} INFO - [2024-04-08T09:35:49.980+0000] {dag.py:3834} INFO - Setting next_dagrun for latest_only_with_trigger to 2024-04-08 04:00:00+00:00, run_after=2024-04-08 08:00:00+00:00
[2024-04-08T09:35:50.007+0000] {processor.py:183} INFO - Processing /home/airflow/.local/lib/python3.8/site-packages/airflow/example_dags/example_latest_only_with_trigger.py took 0.158 seconds
[2024-04-08T09:36:20.022+0000] {processor.py:161} INFO - Started process (PID=766) to work on /home/airflow/.local/lib/python3.8/site-packages/airflow/example_dags/example_latest_only_with_trigger.py
[2024-04-08T09:36:20.023+0000] {processor.py:830} INFO - Processing file /home/airflow/.local/lib/python3.8/site-packages/airflow/example_dags/example_latest_only_with_trigger.py for tasks to queue
[2024-04-08T09:36:20.023+0000] {logging_mixin.py:188} INFO - [2024-04-08T09:36:20.023+0000] {dagbag.py:540} INFO - Filling up the DagBag from /home/airflow/.local/lib/python3.8/site-packages/airflow/example_dags/example_latest_only_with_trigger.py
[2024-04-08T09:36:20.026+0000] {processor.py:840} INFO - DAG(s) 'latest_only_with_trigger' retrieved from /home/airflow/.local/lib/python3.8/site-packages/airflow/example_dags/example_latest_only_with_trigger.py
[2024-04-08T09:36:20.101+0000] {logging_mixin.py:188} INFO - [2024-04-08T09:36:20.101+0000] {dag.py:3047} INFO - Sync 1 DAGs
[2024-04-08T09:36:20.140+0000] {logging_mixin.py:188} INFO - [2024-04-08T09:36:20.140+0000] {dag.py:3834} INFO - Setting next_dagrun for latest_only_with_trigger to 2024-04-08 04:00:00+00:00, run_after=2024-04-08 08:00:00+00:00
[2024-04-08T09:36:20.165+0000] {processor.py:183} INFO - Processing /home/airflow/.local/lib/python3.8/site-packages/airflow/example_dags/example_latest_only_with_trigger.py took 0.144 seconds
[2024-04-08T09:36:50.430+0000] {processor.py:161} INFO - Started process (PID=821) to work on /home/airflow/.local/lib/python3.8/site-packages/airflow/example_dags/example_latest_only_with_trigger.py
[2024-04-08T09:36:50.431+0000] {processor.py:830} INFO - Processing file /home/airflow/.local/lib/python3.8/site-packages/airflow/example_dags/example_latest_only_with_trigger.py for tasks to queue
[2024-04-08T09:36:50.432+0000] {logging_mixin.py:188} INFO - [2024-04-08T09:36:50.431+0000] {dagbag.py:540} INFO - Filling up the DagBag from /home/airflow/.local/lib/python3.8/site-packages/airflow/example_dags/example_latest_only_with_trigger.py
[2024-04-08T09:36:50.434+0000] {processor.py:840} INFO - DAG(s) 'latest_only_with_trigger' retrieved from /home/airflow/.local/lib/python3.8/site-packages/airflow/example_dags/example_latest_only_with_trigger.py
[2024-04-08T09:36:50.508+0000] {logging_mixin.py:188} INFO - [2024-04-08T09:36:50.508+0000] {dag.py:3047} INFO - Sync 1 DAGs
[2024-04-08T09:36:50.544+0000] {logging_mixin.py:188} INFO - [2024-04-08T09:36:50.544+0000] {dag.py:3834} INFO - Setting next_dagrun for latest_only_with_trigger to 2024-04-08 04:00:00+00:00, run_after=2024-04-08 08:00:00+00:00
[2024-04-08T09:36:50.563+0000] {processor.py:183} INFO - Processing /home/airflow/.local/lib/python3.8/site-packages/airflow/example_dags/example_latest_only_with_trigger.py took 0.135 seconds
[2024-04-08T09:37:20.721+0000] {processor.py:161} INFO - Started process (PID=876) to work on /home/airflow/.local/lib/python3.8/site-packages/airflow/example_dags/example_latest_only_with_trigger.py
[2024-04-08T09:37:20.722+0000] {processor.py:830} INFO - Processing file /home/airflow/.local/lib/python3.8/site-packages/airflow/example_dags/example_latest_only_with_trigger.py for tasks to queue
[2024-04-08T09:37:20.723+0000] {logging_mixin.py:188} INFO - [2024-04-08T09:37:20.723+0000] {dagbag.py:540} INFO - Filling up the DagBag from /home/airflow/.local/lib/python3.8/site-packages/airflow/example_dags/example_latest_only_with_trigger.py
[2024-04-08T09:37:20.726+0000] {processor.py:840} INFO - DAG(s) 'latest_only_with_trigger' retrieved from /home/airflow/.local/lib/python3.8/site-packages/airflow/example_dags/example_latest_only_with_trigger.py
[2024-04-08T09:37:20.800+0000] {logging_mixin.py:188} INFO - [2024-04-08T09:37:20.800+0000] {dag.py:3047} INFO - Sync 1 DAGs
[2024-04-08T09:37:20.837+0000] {logging_mixin.py:188} INFO - [2024-04-08T09:37:20.837+0000] {dag.py:3834} INFO - Setting next_dagrun for latest_only_with_trigger to 2024-04-08 04:00:00+00:00, run_after=2024-04-08 08:00:00+00:00
[2024-04-08T09:37:20.857+0000] {processor.py:183} INFO - Processing /home/airflow/.local/lib/python3.8/site-packages/airflow/example_dags/example_latest_only_with_trigger.py took 0.137 seconds
[2024-04-08T09:37:50.956+0000] {processor.py:161} INFO - Started process (PID=931) to work on /home/airflow/.local/lib/python3.8/site-packages/airflow/example_dags/example_latest_only_with_trigger.py
[2024-04-08T09:37:50.957+0000] {processor.py:830} INFO - Processing file /home/airflow/.local/lib/python3.8/site-packages/airflow/example_dags/example_latest_only_with_trigger.py for tasks to queue
[2024-04-08T09:37:50.958+0000] {logging_mixin.py:188} INFO - [2024-04-08T09:37:50.958+0000] {dagbag.py:540} INFO - Filling up the DagBag from /home/airflow/.local/lib/python3.8/site-packages/airflow/example_dags/example_latest_only_with_trigger.py
[2024-04-08T09:37:50.960+0000] {processor.py:840} INFO - DAG(s) 'latest_only_with_trigger' retrieved from /home/airflow/.local/lib/python3.8/site-packages/airflow/example_dags/example_latest_only_with_trigger.py
[2024-04-08T09:37:51.034+0000] {logging_mixin.py:188} INFO - [2024-04-08T09:37:51.034+0000] {dag.py:3047} INFO - Sync 1 DAGs
[2024-04-08T09:37:51.071+0000] {logging_mixin.py:188} INFO - [2024-04-08T09:37:51.071+0000] {dag.py:3834} INFO - Setting next_dagrun for latest_only_with_trigger to 2024-04-08 04:00:00+00:00, run_after=2024-04-08 08:00:00+00:00
[2024-04-08T09:37:51.092+0000] {processor.py:183} INFO - Processing /home/airflow/.local/lib/python3.8/site-packages/airflow/example_dags/example_latest_only_with_trigger.py took 0.138 seconds
[2024-04-08T09:38:21.697+0000] {processor.py:161} INFO - Started process (PID=986) to work on /home/airflow/.local/lib/python3.8/site-packages/airflow/example_dags/example_latest_only_with_trigger.py
[2024-04-08T09:38:21.697+0000] {processor.py:830} INFO - Processing file /home/airflow/.local/lib/python3.8/site-packages/airflow/example_dags/example_latest_only_with_trigger.py for tasks to queue
[2024-04-08T09:38:21.698+0000] {logging_mixin.py:188} INFO - [2024-04-08T09:38:21.698+0000] {dagbag.py:540} INFO - Filling up the DagBag from /home/airflow/.local/lib/python3.8/site-packages/airflow/example_dags/example_latest_only_with_trigger.py
[2024-04-08T09:38:21.701+0000] {processor.py:840} INFO - DAG(s) 'latest_only_with_trigger' retrieved from /home/airflow/.local/lib/python3.8/site-packages/airflow/example_dags/example_latest_only_with_trigger.py
[2024-04-08T09:38:21.777+0000] {logging_mixin.py:188} INFO - [2024-04-08T09:38:21.777+0000] {dag.py:3047} INFO - Sync 1 DAGs
[2024-04-08T09:38:21.814+0000] {logging_mixin.py:188} INFO - [2024-04-08T09:38:21.814+0000] {dag.py:3834} INFO - Setting next_dagrun for latest_only_with_trigger to 2024-04-08 04:00:00+00:00, run_after=2024-04-08 08:00:00+00:00
[2024-04-08T09:38:21.833+0000] {processor.py:183} INFO - Processing /home/airflow/.local/lib/python3.8/site-packages/airflow/example_dags/example_latest_only_with_trigger.py took 0.138 seconds
[2024-04-08T09:38:52.184+0000] {processor.py:161} INFO - Started process (PID=1041) to work on /home/airflow/.local/lib/python3.8/site-packages/airflow/example_dags/example_latest_only_with_trigger.py
[2024-04-08T09:38:52.184+0000] {processor.py:830} INFO - Processing file /home/airflow/.local/lib/python3.8/site-packages/airflow/example_dags/example_latest_only_with_trigger.py for tasks to queue
[2024-04-08T09:38:52.185+0000] {logging_mixin.py:188} INFO - [2024-04-08T09:38:52.185+0000] {dagbag.py:540} INFO - Filling up the DagBag from /home/airflow/.local/lib/python3.8/site-packages/airflow/example_dags/example_latest_only_with_trigger.py
[2024-04-08T09:38:52.188+0000] {processor.py:840} INFO - DAG(s) 'latest_only_with_trigger' retrieved from /home/airflow/.local/lib/python3.8/site-packages/airflow/example_dags/example_latest_only_with_trigger.py
[2024-04-08T09:38:52.266+0000] {logging_mixin.py:188} INFO - [2024-04-08T09:38:52.266+0000] {dag.py:3047} INFO - Sync 1 DAGs
[2024-04-08T09:38:52.305+0000] {logging_mixin.py:188} INFO - [2024-04-08T09:38:52.305+0000] {dag.py:3834} INFO - Setting next_dagrun for latest_only_with_trigger to 2024-04-08 04:00:00+00:00, run_after=2024-04-08 08:00:00+00:00
[2024-04-08T09:38:52.326+0000] {processor.py:183} INFO - Processing /home/airflow/.local/lib/python3.8/site-packages/airflow/example_dags/example_latest_only_with_trigger.py took 0.144 seconds
[2024-04-08T09:39:22.360+0000] {processor.py:161} INFO - Started process (PID=1096) to work on /home/airflow/.local/lib/python3.8/site-packages/airflow/example_dags/example_latest_only_with_trigger.py
[2024-04-08T09:39:22.362+0000] {processor.py:830} INFO - Processing file /home/airflow/.local/lib/python3.8/site-packages/airflow/example_dags/example_latest_only_with_trigger.py for tasks to queue
[2024-04-08T09:39:22.363+0000] {logging_mixin.py:188} INFO - [2024-04-08T09:39:22.363+0000] {dagbag.py:540} INFO - Filling up the DagBag from /home/airflow/.local/lib/python3.8/site-packages/airflow/example_dags/example_latest_only_with_trigger.py
[2024-04-08T09:39:22.368+0000] {processor.py:840} INFO - DAG(s) 'latest_only_with_trigger' retrieved from /home/airflow/.local/lib/python3.8/site-packages/airflow/example_dags/example_latest_only_with_trigger.py
[2024-04-08T09:39:22.456+0000] {logging_mixin.py:188} INFO - [2024-04-08T09:39:22.456+0000] {dag.py:3047} INFO - Sync 1 DAGs
[2024-04-08T09:39:22.493+0000] {logging_mixin.py:188} INFO - [2024-04-08T09:39:22.493+0000] {dag.py:3834} INFO - Setting next_dagrun for latest_only_with_trigger to 2024-04-08 04:00:00+00:00, run_after=2024-04-08 08:00:00+00:00
[2024-04-08T09:39:22.514+0000] {processor.py:183} INFO - Processing /home/airflow/.local/lib/python3.8/site-packages/airflow/example_dags/example_latest_only_with_trigger.py took 0.159 seconds
[2024-04-08T09:39:53.468+0000] {processor.py:161} INFO - Started process (PID=1151) to work on /home/airflow/.local/lib/python3.8/site-packages/airflow/example_dags/example_latest_only_with_trigger.py
[2024-04-08T09:39:53.468+0000] {processor.py:830} INFO - Processing file /home/airflow/.local/lib/python3.8/site-packages/airflow/example_dags/example_latest_only_with_trigger.py for tasks to queue
[2024-04-08T09:39:53.469+0000] {logging_mixin.py:188} INFO - [2024-04-08T09:39:53.469+0000] {dagbag.py:540} INFO - Filling up the DagBag from /home/airflow/.local/lib/python3.8/site-packages/airflow/example_dags/example_latest_only_with_trigger.py
[2024-04-08T09:39:53.472+0000] {processor.py:840} INFO - DAG(s) 'latest_only_with_trigger' retrieved from /home/airflow/.local/lib/python3.8/site-packages/airflow/example_dags/example_latest_only_with_trigger.py
[2024-04-08T09:39:53.547+0000] {logging_mixin.py:188} INFO - [2024-04-08T09:39:53.547+0000] {dag.py:3047} INFO - Sync 1 DAGs
[2024-04-08T09:39:53.584+0000] {logging_mixin.py:188} INFO - [2024-04-08T09:39:53.584+0000] {dag.py:3834} INFO - Setting next_dagrun for latest_only_with_trigger to 2024-04-08 04:00:00+00:00, run_after=2024-04-08 08:00:00+00:00
[2024-04-08T09:39:53.603+0000] {processor.py:183} INFO - Processing /home/airflow/.local/lib/python3.8/site-packages/airflow/example_dags/example_latest_only_with_trigger.py took 0.137 seconds
[2024-04-08T09:40:23.724+0000] {processor.py:161} INFO - Started process (PID=1205) to work on /home/airflow/.local/lib/python3.8/site-packages/airflow/example_dags/example_latest_only_with_trigger.py
[2024-04-08T09:40:23.725+0000] {processor.py:830} INFO - Processing file /home/airflow/.local/lib/python3.8/site-packages/airflow/example_dags/example_latest_only_with_trigger.py for tasks to queue
[2024-04-08T09:40:23.726+0000] {logging_mixin.py:188} INFO - [2024-04-08T09:40:23.726+0000] {dagbag.py:540} INFO - Filling up the DagBag from /home/airflow/.local/lib/python3.8/site-packages/airflow/example_dags/example_latest_only_with_trigger.py
[2024-04-08T09:40:23.729+0000] {processor.py:840} INFO - DAG(s) 'latest_only_with_trigger' retrieved from /home/airflow/.local/lib/python3.8/site-packages/airflow/example_dags/example_latest_only_with_trigger.py
[2024-04-08T09:40:23.803+0000] {logging_mixin.py:188} INFO - [2024-04-08T09:40:23.803+0000] {dag.py:3047} INFO - Sync 1 DAGs
[2024-04-08T09:40:23.838+0000] {logging_mixin.py:188} INFO - [2024-04-08T09:40:23.838+0000] {dag.py:3834} INFO - Setting next_dagrun for latest_only_with_trigger to 2024-04-08 04:00:00+00:00, run_after=2024-04-08 08:00:00+00:00
[2024-04-08T09:40:23.858+0000] {processor.py:183} INFO - Processing /home/airflow/.local/lib/python3.8/site-packages/airflow/example_dags/example_latest_only_with_trigger.py took 0.136 seconds
[2024-04-08T09:40:54.205+0000] {processor.py:161} INFO - Started process (PID=1260) to work on /home/airflow/.local/lib/python3.8/site-packages/airflow/example_dags/example_latest_only_with_trigger.py
[2024-04-08T09:40:54.205+0000] {processor.py:830} INFO - Processing file /home/airflow/.local/lib/python3.8/site-packages/airflow/example_dags/example_latest_only_with_trigger.py for tasks to queue
[2024-04-08T09:40:54.206+0000] {logging_mixin.py:188} INFO - [2024-04-08T09:40:54.206+0000] {dagbag.py:540} INFO - Filling up the DagBag from /home/airflow/.local/lib/python3.8/site-packages/airflow/example_dags/example_latest_only_with_trigger.py
[2024-04-08T09:40:54.209+0000] {processor.py:840} INFO - DAG(s) 'latest_only_with_trigger' retrieved from /home/airflow/.local/lib/python3.8/site-packages/airflow/example_dags/example_latest_only_with_trigger.py
[2024-04-08T09:40:54.281+0000] {logging_mixin.py:188} INFO - [2024-04-08T09:40:54.280+0000] {dag.py:3047} INFO - Sync 1 DAGs
[2024-04-08T09:40:54.321+0000] {logging_mixin.py:188} INFO - [2024-04-08T09:40:54.320+0000] {dag.py:3834} INFO - Setting next_dagrun for latest_only_with_trigger to 2024-04-08 04:00:00+00:00, run_after=2024-04-08 08:00:00+00:00
[2024-04-08T09:40:54.340+0000] {processor.py:183} INFO - Processing /home/airflow/.local/lib/python3.8/site-packages/airflow/example_dags/example_latest_only_with_trigger.py took 0.136 seconds
[2024-04-08T09:41:25.146+0000] {processor.py:161} INFO - Started process (PID=1315) to work on /home/airflow/.local/lib/python3.8/site-packages/airflow/example_dags/example_latest_only_with_trigger.py
[2024-04-08T09:41:25.146+0000] {processor.py:830} INFO - Processing file /home/airflow/.local/lib/python3.8/site-packages/airflow/example_dags/example_latest_only_with_trigger.py for tasks to queue
[2024-04-08T09:41:25.147+0000] {logging_mixin.py:188} INFO - [2024-04-08T09:41:25.147+0000] {dagbag.py:540} INFO - Filling up the DagBag from /home/airflow/.local/lib/python3.8/site-packages/airflow/example_dags/example_latest_only_with_trigger.py
[2024-04-08T09:41:25.150+0000] {processor.py:840} INFO - DAG(s) 'latest_only_with_trigger' retrieved from /home/airflow/.local/lib/python3.8/site-packages/airflow/example_dags/example_latest_only_with_trigger.py
[2024-04-08T09:41:25.225+0000] {logging_mixin.py:188} INFO - [2024-04-08T09:41:25.225+0000] {dag.py:3047} INFO - Sync 1 DAGs
[2024-04-08T09:41:25.261+0000] {logging_mixin.py:188} INFO - [2024-04-08T09:41:25.261+0000] {dag.py:3834} INFO - Setting next_dagrun for latest_only_with_trigger to 2024-04-08 04:00:00+00:00, run_after=2024-04-08 08:00:00+00:00
[2024-04-08T09:41:25.279+0000] {processor.py:183} INFO - Processing /home/airflow/.local/lib/python3.8/site-packages/airflow/example_dags/example_latest_only_with_trigger.py took 0.135 seconds
[2024-04-08T09:41:56.028+0000] {processor.py:161} INFO - Started process (PID=1370) to work on /home/airflow/.local/lib/python3.8/site-packages/airflow/example_dags/example_latest_only_with_trigger.py
[2024-04-08T09:41:56.029+0000] {processor.py:830} INFO - Processing file /home/airflow/.local/lib/python3.8/site-packages/airflow/example_dags/example_latest_only_with_trigger.py for tasks to queue
[2024-04-08T09:41:56.030+0000] {logging_mixin.py:188} INFO - [2024-04-08T09:41:56.030+0000] {dagbag.py:540} INFO - Filling up the DagBag from /home/airflow/.local/lib/python3.8/site-packages/airflow/example_dags/example_latest_only_with_trigger.py
[2024-04-08T09:41:56.033+0000] {processor.py:840} INFO - DAG(s) 'latest_only_with_trigger' retrieved from /home/airflow/.local/lib/python3.8/site-packages/airflow/example_dags/example_latest_only_with_trigger.py
[2024-04-08T09:41:56.104+0000] {logging_mixin.py:188} INFO - [2024-04-08T09:41:56.104+0000] {dag.py:3047} INFO - Sync 1 DAGs
[2024-04-08T09:41:56.143+0000] {logging_mixin.py:188} INFO - [2024-04-08T09:41:56.142+0000] {dag.py:3834} INFO - Setting next_dagrun for latest_only_with_trigger to 2024-04-08 04:00:00+00:00, run_after=2024-04-08 08:00:00+00:00
[2024-04-08T09:41:56.162+0000] {processor.py:183} INFO - Processing /home/airflow/.local/lib/python3.8/site-packages/airflow/example_dags/example_latest_only_with_trigger.py took 0.135 seconds
[2024-04-08T09:42:26.385+0000] {processor.py:161} INFO - Started process (PID=1425) to work on /home/airflow/.local/lib/python3.8/site-packages/airflow/example_dags/example_latest_only_with_trigger.py
[2024-04-08T09:42:26.386+0000] {processor.py:830} INFO - Processing file /home/airflow/.local/lib/python3.8/site-packages/airflow/example_dags/example_latest_only_with_trigger.py for tasks to queue
[2024-04-08T09:42:26.387+0000] {logging_mixin.py:188} INFO - [2024-04-08T09:42:26.386+0000] {dagbag.py:540} INFO - Filling up the DagBag from /home/airflow/.local/lib/python3.8/site-packages/airflow/example_dags/example_latest_only_with_trigger.py
[2024-04-08T09:42:26.389+0000] {processor.py:840} INFO - DAG(s) 'latest_only_with_trigger' retrieved from /home/airflow/.local/lib/python3.8/site-packages/airflow/example_dags/example_latest_only_with_trigger.py
[2024-04-08T09:42:26.463+0000] {logging_mixin.py:188} INFO - [2024-04-08T09:42:26.463+0000] {dag.py:3047} INFO - Sync 1 DAGs
[2024-04-08T09:42:26.500+0000] {logging_mixin.py:188} INFO - [2024-04-08T09:42:26.500+0000] {dag.py:3834} INFO - Setting next_dagrun for latest_only_with_trigger to 2024-04-08 04:00:00+00:00, run_after=2024-04-08 08:00:00+00:00
[2024-04-08T09:42:26.519+0000] {processor.py:183} INFO - Processing /home/airflow/.local/lib/python3.8/site-packages/airflow/example_dags/example_latest_only_with_trigger.py took 0.135 seconds
[2024-04-08T09:42:56.677+0000] {processor.py:161} INFO - Started process (PID=1480) to work on /home/airflow/.local/lib/python3.8/site-packages/airflow/example_dags/example_latest_only_with_trigger.py
[2024-04-08T09:42:56.678+0000] {processor.py:830} INFO - Processing file /home/airflow/.local/lib/python3.8/site-packages/airflow/example_dags/example_latest_only_with_trigger.py for tasks to queue
[2024-04-08T09:42:56.679+0000] {logging_mixin.py:188} INFO - [2024-04-08T09:42:56.678+0000] {dagbag.py:540} INFO - Filling up the DagBag from /home/airflow/.local/lib/python3.8/site-packages/airflow/example_dags/example_latest_only_with_trigger.py
[2024-04-08T09:42:56.681+0000] {processor.py:840} INFO - DAG(s) 'latest_only_with_trigger' retrieved from /home/airflow/.local/lib/python3.8/site-packages/airflow/example_dags/example_latest_only_with_trigger.py
[2024-04-08T09:42:56.757+0000] {logging_mixin.py:188} INFO - [2024-04-08T09:42:56.757+0000] {dag.py:3047} INFO - Sync 1 DAGs
[2024-04-08T09:42:56.794+0000] {logging_mixin.py:188} INFO - [2024-04-08T09:42:56.794+0000] {dag.py:3834} INFO - Setting next_dagrun for latest_only_with_trigger to 2024-04-08 04:00:00+00:00, run_after=2024-04-08 08:00:00+00:00
[2024-04-08T09:42:56.813+0000] {processor.py:183} INFO - Processing /home/airflow/.local/lib/python3.8/site-packages/airflow/example_dags/example_latest_only_with_trigger.py took 0.137 seconds
[2024-04-08T09:43:26.939+0000] {processor.py:161} INFO - Started process (PID=1535) to work on /home/airflow/.local/lib/python3.8/site-packages/airflow/example_dags/example_latest_only_with_trigger.py
[2024-04-08T09:43:26.939+0000] {processor.py:830} INFO - Processing file /home/airflow/.local/lib/python3.8/site-packages/airflow/example_dags/example_latest_only_with_trigger.py for tasks to queue
[2024-04-08T09:43:26.940+0000] {logging_mixin.py:188} INFO - [2024-04-08T09:43:26.940+0000] {dagbag.py:540} INFO - Filling up the DagBag from /home/airflow/.local/lib/python3.8/site-packages/airflow/example_dags/example_latest_only_with_trigger.py
[2024-04-08T09:43:26.943+0000] {processor.py:840} INFO - DAG(s) 'latest_only_with_trigger' retrieved from /home/airflow/.local/lib/python3.8/site-packages/airflow/example_dags/example_latest_only_with_trigger.py
[2024-04-08T09:43:27.017+0000] {logging_mixin.py:188} INFO - [2024-04-08T09:43:27.017+0000] {dag.py:3047} INFO - Sync 1 DAGs
[2024-04-08T09:43:27.054+0000] {logging_mixin.py:188} INFO - [2024-04-08T09:43:27.054+0000] {dag.py:3834} INFO - Setting next_dagrun for latest_only_with_trigger to 2024-04-08 04:00:00+00:00, run_after=2024-04-08 08:00:00+00:00
[2024-04-08T09:43:27.074+0000] {processor.py:183} INFO - Processing /home/airflow/.local/lib/python3.8/site-packages/airflow/example_dags/example_latest_only_with_trigger.py took 0.137 seconds
[2024-04-08T09:43:57.351+0000] {processor.py:161} INFO - Started process (PID=1590) to work on /home/airflow/.local/lib/python3.8/site-packages/airflow/example_dags/example_latest_only_with_trigger.py
[2024-04-08T09:43:57.352+0000] {processor.py:830} INFO - Processing file /home/airflow/.local/lib/python3.8/site-packages/airflow/example_dags/example_latest_only_with_trigger.py for tasks to queue
[2024-04-08T09:43:57.353+0000] {logging_mixin.py:188} INFO - [2024-04-08T09:43:57.352+0000] {dagbag.py:540} INFO - Filling up the DagBag from /home/airflow/.local/lib/python3.8/site-packages/airflow/example_dags/example_latest_only_with_trigger.py
[2024-04-08T09:43:57.355+0000] {processor.py:840} INFO - DAG(s) 'latest_only_with_trigger' retrieved from /home/airflow/.local/lib/python3.8/site-packages/airflow/example_dags/example_latest_only_with_trigger.py
[2024-04-08T09:43:57.435+0000] {logging_mixin.py:188} INFO - [2024-04-08T09:43:57.434+0000] {dag.py:3047} INFO - Sync 1 DAGs
[2024-04-08T09:43:57.487+0000] {logging_mixin.py:188} INFO - [2024-04-08T09:43:57.487+0000] {dag.py:3834} INFO - Setting next_dagrun for latest_only_with_trigger to 2024-04-08 04:00:00+00:00, run_after=2024-04-08 08:00:00+00:00
[2024-04-08T09:43:57.512+0000] {processor.py:183} INFO - Processing /home/airflow/.local/lib/python3.8/site-packages/airflow/example_dags/example_latest_only_with_trigger.py took 0.162 seconds
[2024-04-08T09:44:27.822+0000] {processor.py:161} INFO - Started process (PID=1645) to work on /home/airflow/.local/lib/python3.8/site-packages/airflow/example_dags/example_latest_only_with_trigger.py
[2024-04-08T09:44:27.822+0000] {processor.py:830} INFO - Processing file /home/airflow/.local/lib/python3.8/site-packages/airflow/example_dags/example_latest_only_with_trigger.py for tasks to queue
[2024-04-08T09:44:27.823+0000] {logging_mixin.py:188} INFO - [2024-04-08T09:44:27.823+0000] {dagbag.py:540} INFO - Filling up the DagBag from /home/airflow/.local/lib/python3.8/site-packages/airflow/example_dags/example_latest_only_with_trigger.py
[2024-04-08T09:44:27.826+0000] {processor.py:840} INFO - DAG(s) 'latest_only_with_trigger' retrieved from /home/airflow/.local/lib/python3.8/site-packages/airflow/example_dags/example_latest_only_with_trigger.py
[2024-04-08T09:44:27.903+0000] {logging_mixin.py:188} INFO - [2024-04-08T09:44:27.903+0000] {dag.py:3047} INFO - Sync 1 DAGs
[2024-04-08T09:44:27.941+0000] {logging_mixin.py:188} INFO - [2024-04-08T09:44:27.940+0000] {dag.py:3834} INFO - Setting next_dagrun for latest_only_with_trigger to 2024-04-08 04:00:00+00:00, run_after=2024-04-08 08:00:00+00:00
[2024-04-08T09:44:27.961+0000] {processor.py:183} INFO - Processing /home/airflow/.local/lib/python3.8/site-packages/airflow/example_dags/example_latest_only_with_trigger.py took 0.140 seconds
[2024-04-08T09:44:58.012+0000] {processor.py:161} INFO - Started process (PID=1700) to work on /home/airflow/.local/lib/python3.8/site-packages/airflow/example_dags/example_latest_only_with_trigger.py
[2024-04-08T09:44:58.012+0000] {processor.py:830} INFO - Processing file /home/airflow/.local/lib/python3.8/site-packages/airflow/example_dags/example_latest_only_with_trigger.py for tasks to queue
[2024-04-08T09:44:58.013+0000] {logging_mixin.py:188} INFO - [2024-04-08T09:44:58.013+0000] {dagbag.py:540} INFO - Filling up the DagBag from /home/airflow/.local/lib/python3.8/site-packages/airflow/example_dags/example_latest_only_with_trigger.py
[2024-04-08T09:44:58.016+0000] {processor.py:840} INFO - DAG(s) 'latest_only_with_trigger' retrieved from /home/airflow/.local/lib/python3.8/site-packages/airflow/example_dags/example_latest_only_with_trigger.py
[2024-04-08T09:44:58.093+0000] {logging_mixin.py:188} INFO - [2024-04-08T09:44:58.093+0000] {dag.py:3047} INFO - Sync 1 DAGs
[2024-04-08T09:44:58.136+0000] {logging_mixin.py:188} INFO - [2024-04-08T09:44:58.136+0000] {dag.py:3834} INFO - Setting next_dagrun for latest_only_with_trigger to 2024-04-08 04:00:00+00:00, run_after=2024-04-08 08:00:00+00:00
[2024-04-08T09:44:58.157+0000] {processor.py:183} INFO - Processing /home/airflow/.local/lib/python3.8/site-packages/airflow/example_dags/example_latest_only_with_trigger.py took 0.147 seconds
[2024-04-08T09:45:28.277+0000] {processor.py:161} INFO - Started process (PID=1755) to work on /home/airflow/.local/lib/python3.8/site-packages/airflow/example_dags/example_latest_only_with_trigger.py
[2024-04-08T09:45:28.278+0000] {processor.py:830} INFO - Processing file /home/airflow/.local/lib/python3.8/site-packages/airflow/example_dags/example_latest_only_with_trigger.py for tasks to queue
[2024-04-08T09:45:28.279+0000] {logging_mixin.py:188} INFO - [2024-04-08T09:45:28.278+0000] {dagbag.py:540} INFO - Filling up the DagBag from /home/airflow/.local/lib/python3.8/site-packages/airflow/example_dags/example_latest_only_with_trigger.py
[2024-04-08T09:45:28.281+0000] {processor.py:840} INFO - DAG(s) 'latest_only_with_trigger' retrieved from /home/airflow/.local/lib/python3.8/site-packages/airflow/example_dags/example_latest_only_with_trigger.py
[2024-04-08T09:45:28.355+0000] {logging_mixin.py:188} INFO - [2024-04-08T09:45:28.355+0000] {dag.py:3047} INFO - Sync 1 DAGs
[2024-04-08T09:45:28.392+0000] {logging_mixin.py:188} INFO - [2024-04-08T09:45:28.392+0000] {dag.py:3834} INFO - Setting next_dagrun for latest_only_with_trigger to 2024-04-08 04:00:00+00:00, run_after=2024-04-08 08:00:00+00:00
[2024-04-08T09:45:28.414+0000] {processor.py:183} INFO - Processing /home/airflow/.local/lib/python3.8/site-packages/airflow/example_dags/example_latest_only_with_trigger.py took 0.138 seconds
[2024-04-08T09:45:58.506+0000] {processor.py:161} INFO - Started process (PID=1810) to work on /home/airflow/.local/lib/python3.8/site-packages/airflow/example_dags/example_latest_only_with_trigger.py
[2024-04-08T09:45:58.507+0000] {processor.py:830} INFO - Processing file /home/airflow/.local/lib/python3.8/site-packages/airflow/example_dags/example_latest_only_with_trigger.py for tasks to queue
[2024-04-08T09:45:58.508+0000] {logging_mixin.py:188} INFO - [2024-04-08T09:45:58.507+0000] {dagbag.py:540} INFO - Filling up the DagBag from /home/airflow/.local/lib/python3.8/site-packages/airflow/example_dags/example_latest_only_with_trigger.py
[2024-04-08T09:45:58.510+0000] {processor.py:840} INFO - DAG(s) 'latest_only_with_trigger' retrieved from /home/airflow/.local/lib/python3.8/site-packages/airflow/example_dags/example_latest_only_with_trigger.py
[2024-04-08T09:45:58.581+0000] {logging_mixin.py:188} INFO - [2024-04-08T09:45:58.581+0000] {dag.py:3047} INFO - Sync 1 DAGs
[2024-04-08T09:45:58.616+0000] {logging_mixin.py:188} INFO - [2024-04-08T09:45:58.616+0000] {dag.py:3834} INFO - Setting next_dagrun for latest_only_with_trigger to 2024-04-08 04:00:00+00:00, run_after=2024-04-08 08:00:00+00:00
[2024-04-08T09:45:58.635+0000] {processor.py:183} INFO - Processing /home/airflow/.local/lib/python3.8/site-packages/airflow/example_dags/example_latest_only_with_trigger.py took 0.130 seconds
