[2024-04-08T09:29:45.891+0000] {processor.py:161} INFO - Started process (PID=48) to work on /home/airflow/.local/lib/python3.8/site-packages/airflow/example_dags/example_branch_labels.py
[2024-04-08T09:29:45.892+0000] {processor.py:830} INFO - Processing file /home/airflow/.local/lib/python3.8/site-packages/airflow/example_dags/example_branch_labels.py for tasks to queue
[2024-04-08T09:29:45.901+0000] {logging_mixin.py:188} INFO - [2024-04-08T09:29:45.899+0000] {dagbag.py:540} INFO - Filling up the DagBag from /home/airflow/.local/lib/python3.8/site-packages/airflow/example_dags/example_branch_labels.py
[2024-04-08T09:29:45.929+0000] {processor.py:840} INFO - DAG(s) 'example_branch_labels' retrieved from /home/airflow/.local/lib/python3.8/site-packages/airflow/example_dags/example_branch_labels.py
[2024-04-08T09:29:46.076+0000] {logging_mixin.py:188} INFO - [2024-04-08T09:29:46.076+0000] {dag.py:3047} INFO - Sync 1 DAGs
[2024-04-08T09:29:46.138+0000] {logging_mixin.py:188} INFO - [2024-04-08T09:29:46.138+0000] {dag.py:3834} INFO - Setting next_dagrun for example_branch_labels to 2024-04-07 00:00:00+00:00, run_after=2024-04-08 00:00:00+00:00
[2024-04-08T09:29:46.169+0000] {processor.py:183} INFO - Processing /home/airflow/.local/lib/python3.8/site-packages/airflow/example_dags/example_branch_labels.py took 0.289 seconds
[2024-04-08T09:30:16.336+0000] {processor.py:161} INFO - Started process (PID=103) to work on /home/airflow/.local/lib/python3.8/site-packages/airflow/example_dags/example_branch_labels.py
[2024-04-08T09:30:16.336+0000] {processor.py:830} INFO - Processing file /home/airflow/.local/lib/python3.8/site-packages/airflow/example_dags/example_branch_labels.py for tasks to queue
[2024-04-08T09:30:16.337+0000] {logging_mixin.py:188} INFO - [2024-04-08T09:30:16.337+0000] {dagbag.py:540} INFO - Filling up the DagBag from /home/airflow/.local/lib/python3.8/site-packages/airflow/example_dags/example_branch_labels.py
[2024-04-08T09:30:16.341+0000] {processor.py:840} INFO - DAG(s) 'example_branch_labels' retrieved from /home/airflow/.local/lib/python3.8/site-packages/airflow/example_dags/example_branch_labels.py
[2024-04-08T09:30:16.469+0000] {logging_mixin.py:188} INFO - [2024-04-08T09:30:16.469+0000] {dag.py:3047} INFO - Sync 1 DAGs
[2024-04-08T09:30:16.504+0000] {logging_mixin.py:188} INFO - [2024-04-08T09:30:16.503+0000] {dag.py:3834} INFO - Setting next_dagrun for example_branch_labels to 2024-04-07 00:00:00+00:00, run_after=2024-04-08 00:00:00+00:00
[2024-04-08T09:30:16.526+0000] {processor.py:183} INFO - Processing /home/airflow/.local/lib/python3.8/site-packages/airflow/example_dags/example_branch_labels.py took 0.192 seconds
[2024-04-08T09:30:46.782+0000] {processor.py:161} INFO - Started process (PID=158) to work on /home/airflow/.local/lib/python3.8/site-packages/airflow/example_dags/example_branch_labels.py
[2024-04-08T09:30:46.783+0000] {processor.py:830} INFO - Processing file /home/airflow/.local/lib/python3.8/site-packages/airflow/example_dags/example_branch_labels.py for tasks to queue
[2024-04-08T09:30:46.784+0000] {logging_mixin.py:188} INFO - [2024-04-08T09:30:46.784+0000] {dagbag.py:540} INFO - Filling up the DagBag from /home/airflow/.local/lib/python3.8/site-packages/airflow/example_dags/example_branch_labels.py
[2024-04-08T09:30:46.788+0000] {processor.py:840} INFO - DAG(s) 'example_branch_labels' retrieved from /home/airflow/.local/lib/python3.8/site-packages/airflow/example_dags/example_branch_labels.py
[2024-04-08T09:30:46.866+0000] {logging_mixin.py:188} INFO - [2024-04-08T09:30:46.865+0000] {dag.py:3047} INFO - Sync 1 DAGs
[2024-04-08T09:30:46.906+0000] {logging_mixin.py:188} INFO - [2024-04-08T09:30:46.906+0000] {dag.py:3834} INFO - Setting next_dagrun for example_branch_labels to 2024-04-07 00:00:00+00:00, run_after=2024-04-08 00:00:00+00:00
[2024-04-08T09:30:46.927+0000] {processor.py:183} INFO - Processing /home/airflow/.local/lib/python3.8/site-packages/airflow/example_dags/example_branch_labels.py took 0.146 seconds
[2024-04-08T09:31:16.981+0000] {processor.py:161} INFO - Started process (PID=213) to work on /home/airflow/.local/lib/python3.8/site-packages/airflow/example_dags/example_branch_labels.py
[2024-04-08T09:31:16.982+0000] {processor.py:830} INFO - Processing file /home/airflow/.local/lib/python3.8/site-packages/airflow/example_dags/example_branch_labels.py for tasks to queue
[2024-04-08T09:31:16.983+0000] {logging_mixin.py:188} INFO - [2024-04-08T09:31:16.983+0000] {dagbag.py:540} INFO - Filling up the DagBag from /home/airflow/.local/lib/python3.8/site-packages/airflow/example_dags/example_branch_labels.py
[2024-04-08T09:31:16.986+0000] {processor.py:840} INFO - DAG(s) 'example_branch_labels' retrieved from /home/airflow/.local/lib/python3.8/site-packages/airflow/example_dags/example_branch_labels.py
[2024-04-08T09:31:17.064+0000] {logging_mixin.py:188} INFO - [2024-04-08T09:31:17.064+0000] {dag.py:3047} INFO - Sync 1 DAGs
[2024-04-08T09:31:17.101+0000] {logging_mixin.py:188} INFO - [2024-04-08T09:31:17.101+0000] {dag.py:3834} INFO - Setting next_dagrun for example_branch_labels to 2024-04-07 00:00:00+00:00, run_after=2024-04-08 00:00:00+00:00
[2024-04-08T09:31:17.122+0000] {processor.py:183} INFO - Processing /home/airflow/.local/lib/python3.8/site-packages/airflow/example_dags/example_branch_labels.py took 0.143 seconds
[2024-04-08T09:31:47.320+0000] {processor.py:161} INFO - Started process (PID=267) to work on /home/airflow/.local/lib/python3.8/site-packages/airflow/example_dags/example_branch_labels.py
[2024-04-08T09:31:47.320+0000] {processor.py:830} INFO - Processing file /home/airflow/.local/lib/python3.8/site-packages/airflow/example_dags/example_branch_labels.py for tasks to queue
[2024-04-08T09:31:47.321+0000] {logging_mixin.py:188} INFO - [2024-04-08T09:31:47.321+0000] {dagbag.py:540} INFO - Filling up the DagBag from /home/airflow/.local/lib/python3.8/site-packages/airflow/example_dags/example_branch_labels.py
[2024-04-08T09:31:47.325+0000] {processor.py:840} INFO - DAG(s) 'example_branch_labels' retrieved from /home/airflow/.local/lib/python3.8/site-packages/airflow/example_dags/example_branch_labels.py
[2024-04-08T09:31:47.400+0000] {logging_mixin.py:188} INFO - [2024-04-08T09:31:47.399+0000] {dag.py:3047} INFO - Sync 1 DAGs
[2024-04-08T09:31:47.435+0000] {logging_mixin.py:188} INFO - [2024-04-08T09:31:47.435+0000] {dag.py:3834} INFO - Setting next_dagrun for example_branch_labels to 2024-04-07 00:00:00+00:00, run_after=2024-04-08 00:00:00+00:00
[2024-04-08T09:31:47.454+0000] {processor.py:183} INFO - Processing /home/airflow/.local/lib/python3.8/site-packages/airflow/example_dags/example_branch_labels.py took 0.135 seconds
[2024-04-08T09:32:17.544+0000] {processor.py:161} INFO - Started process (PID=322) to work on /home/airflow/.local/lib/python3.8/site-packages/airflow/example_dags/example_branch_labels.py
[2024-04-08T09:32:17.544+0000] {processor.py:830} INFO - Processing file /home/airflow/.local/lib/python3.8/site-packages/airflow/example_dags/example_branch_labels.py for tasks to queue
[2024-04-08T09:32:17.545+0000] {logging_mixin.py:188} INFO - [2024-04-08T09:32:17.545+0000] {dagbag.py:540} INFO - Filling up the DagBag from /home/airflow/.local/lib/python3.8/site-packages/airflow/example_dags/example_branch_labels.py
[2024-04-08T09:32:17.549+0000] {processor.py:840} INFO - DAG(s) 'example_branch_labels' retrieved from /home/airflow/.local/lib/python3.8/site-packages/airflow/example_dags/example_branch_labels.py
[2024-04-08T09:32:17.621+0000] {logging_mixin.py:188} INFO - [2024-04-08T09:32:17.621+0000] {dag.py:3047} INFO - Sync 1 DAGs
[2024-04-08T09:32:17.661+0000] {logging_mixin.py:188} INFO - [2024-04-08T09:32:17.661+0000] {dag.py:3834} INFO - Setting next_dagrun for example_branch_labels to 2024-04-07 00:00:00+00:00, run_after=2024-04-08 00:00:00+00:00
[2024-04-08T09:32:17.680+0000] {processor.py:183} INFO - Processing /home/airflow/.local/lib/python3.8/site-packages/airflow/example_dags/example_branch_labels.py took 0.137 seconds
[2024-04-08T09:32:47.792+0000] {processor.py:161} INFO - Started process (PID=377) to work on /home/airflow/.local/lib/python3.8/site-packages/airflow/example_dags/example_branch_labels.py
[2024-04-08T09:32:47.793+0000] {processor.py:830} INFO - Processing file /home/airflow/.local/lib/python3.8/site-packages/airflow/example_dags/example_branch_labels.py for tasks to queue
[2024-04-08T09:32:47.794+0000] {logging_mixin.py:188} INFO - [2024-04-08T09:32:47.793+0000] {dagbag.py:540} INFO - Filling up the DagBag from /home/airflow/.local/lib/python3.8/site-packages/airflow/example_dags/example_branch_labels.py
[2024-04-08T09:32:47.797+0000] {processor.py:840} INFO - DAG(s) 'example_branch_labels' retrieved from /home/airflow/.local/lib/python3.8/site-packages/airflow/example_dags/example_branch_labels.py
[2024-04-08T09:32:47.872+0000] {logging_mixin.py:188} INFO - [2024-04-08T09:32:47.872+0000] {dag.py:3047} INFO - Sync 1 DAGs
[2024-04-08T09:32:47.910+0000] {logging_mixin.py:188} INFO - [2024-04-08T09:32:47.909+0000] {dag.py:3834} INFO - Setting next_dagrun for example_branch_labels to 2024-04-07 00:00:00+00:00, run_after=2024-04-08 00:00:00+00:00
[2024-04-08T09:32:47.929+0000] {processor.py:183} INFO - Processing /home/airflow/.local/lib/python3.8/site-packages/airflow/example_dags/example_branch_labels.py took 0.139 seconds
[2024-04-08T09:33:18.016+0000] {processor.py:161} INFO - Started process (PID=432) to work on /home/airflow/.local/lib/python3.8/site-packages/airflow/example_dags/example_branch_labels.py
[2024-04-08T09:33:18.016+0000] {processor.py:830} INFO - Processing file /home/airflow/.local/lib/python3.8/site-packages/airflow/example_dags/example_branch_labels.py for tasks to queue
[2024-04-08T09:33:18.017+0000] {logging_mixin.py:188} INFO - [2024-04-08T09:33:18.017+0000] {dagbag.py:540} INFO - Filling up the DagBag from /home/airflow/.local/lib/python3.8/site-packages/airflow/example_dags/example_branch_labels.py
[2024-04-08T09:33:18.021+0000] {processor.py:840} INFO - DAG(s) 'example_branch_labels' retrieved from /home/airflow/.local/lib/python3.8/site-packages/airflow/example_dags/example_branch_labels.py
[2024-04-08T09:33:18.095+0000] {logging_mixin.py:188} INFO - [2024-04-08T09:33:18.095+0000] {dag.py:3047} INFO - Sync 1 DAGs
[2024-04-08T09:33:18.134+0000] {logging_mixin.py:188} INFO - [2024-04-08T09:33:18.133+0000] {dag.py:3834} INFO - Setting next_dagrun for example_branch_labels to 2024-04-07 00:00:00+00:00, run_after=2024-04-08 00:00:00+00:00
[2024-04-08T09:33:18.153+0000] {processor.py:183} INFO - Processing /home/airflow/.local/lib/python3.8/site-packages/airflow/example_dags/example_branch_labels.py took 0.139 seconds
[2024-04-08T09:33:48.256+0000] {processor.py:161} INFO - Started process (PID=486) to work on /home/airflow/.local/lib/python3.8/site-packages/airflow/example_dags/example_branch_labels.py
[2024-04-08T09:33:48.256+0000] {processor.py:830} INFO - Processing file /home/airflow/.local/lib/python3.8/site-packages/airflow/example_dags/example_branch_labels.py for tasks to queue
[2024-04-08T09:33:48.257+0000] {logging_mixin.py:188} INFO - [2024-04-08T09:33:48.257+0000] {dagbag.py:540} INFO - Filling up the DagBag from /home/airflow/.local/lib/python3.8/site-packages/airflow/example_dags/example_branch_labels.py
[2024-04-08T09:33:48.261+0000] {processor.py:840} INFO - DAG(s) 'example_branch_labels' retrieved from /home/airflow/.local/lib/python3.8/site-packages/airflow/example_dags/example_branch_labels.py
[2024-04-08T09:33:48.334+0000] {logging_mixin.py:188} INFO - [2024-04-08T09:33:48.334+0000] {dag.py:3047} INFO - Sync 1 DAGs
[2024-04-08T09:33:48.370+0000] {logging_mixin.py:188} INFO - [2024-04-08T09:33:48.370+0000] {dag.py:3834} INFO - Setting next_dagrun for example_branch_labels to 2024-04-07 00:00:00+00:00, run_after=2024-04-08 00:00:00+00:00
[2024-04-08T09:33:48.389+0000] {processor.py:183} INFO - Processing /home/airflow/.local/lib/python3.8/site-packages/airflow/example_dags/example_branch_labels.py took 0.134 seconds
[2024-04-08T09:34:18.491+0000] {processor.py:161} INFO - Started process (PID=541) to work on /home/airflow/.local/lib/python3.8/site-packages/airflow/example_dags/example_branch_labels.py
[2024-04-08T09:34:18.492+0000] {processor.py:830} INFO - Processing file /home/airflow/.local/lib/python3.8/site-packages/airflow/example_dags/example_branch_labels.py for tasks to queue
[2024-04-08T09:34:18.493+0000] {logging_mixin.py:188} INFO - [2024-04-08T09:34:18.493+0000] {dagbag.py:540} INFO - Filling up the DagBag from /home/airflow/.local/lib/python3.8/site-packages/airflow/example_dags/example_branch_labels.py
[2024-04-08T09:34:18.497+0000] {processor.py:840} INFO - DAG(s) 'example_branch_labels' retrieved from /home/airflow/.local/lib/python3.8/site-packages/airflow/example_dags/example_branch_labels.py
[2024-04-08T09:34:18.570+0000] {logging_mixin.py:188} INFO - [2024-04-08T09:34:18.570+0000] {dag.py:3047} INFO - Sync 1 DAGs
[2024-04-08T09:34:18.610+0000] {logging_mixin.py:188} INFO - [2024-04-08T09:34:18.610+0000] {dag.py:3834} INFO - Setting next_dagrun for example_branch_labels to 2024-04-07 00:00:00+00:00, run_after=2024-04-08 00:00:00+00:00
[2024-04-08T09:34:18.629+0000] {processor.py:183} INFO - Processing /home/airflow/.local/lib/python3.8/site-packages/airflow/example_dags/example_branch_labels.py took 0.139 seconds
[2024-04-08T09:34:48.875+0000] {processor.py:161} INFO - Started process (PID=596) to work on /home/airflow/.local/lib/python3.8/site-packages/airflow/example_dags/example_branch_labels.py
[2024-04-08T09:34:48.876+0000] {processor.py:830} INFO - Processing file /home/airflow/.local/lib/python3.8/site-packages/airflow/example_dags/example_branch_labels.py for tasks to queue
[2024-04-08T09:34:48.876+0000] {logging_mixin.py:188} INFO - [2024-04-08T09:34:48.876+0000] {dagbag.py:540} INFO - Filling up the DagBag from /home/airflow/.local/lib/python3.8/site-packages/airflow/example_dags/example_branch_labels.py
[2024-04-08T09:34:48.880+0000] {processor.py:840} INFO - DAG(s) 'example_branch_labels' retrieved from /home/airflow/.local/lib/python3.8/site-packages/airflow/example_dags/example_branch_labels.py
[2024-04-08T09:34:48.952+0000] {logging_mixin.py:188} INFO - [2024-04-08T09:34:48.951+0000] {dag.py:3047} INFO - Sync 1 DAGs
[2024-04-08T09:34:48.990+0000] {logging_mixin.py:188} INFO - [2024-04-08T09:34:48.990+0000] {dag.py:3834} INFO - Setting next_dagrun for example_branch_labels to 2024-04-07 00:00:00+00:00, run_after=2024-04-08 00:00:00+00:00
[2024-04-08T09:34:49.010+0000] {processor.py:183} INFO - Processing /home/airflow/.local/lib/python3.8/site-packages/airflow/example_dags/example_branch_labels.py took 0.136 seconds
[2024-04-08T09:35:19.241+0000] {processor.py:161} INFO - Started process (PID=651) to work on /home/airflow/.local/lib/python3.8/site-packages/airflow/example_dags/example_branch_labels.py
[2024-04-08T09:35:19.241+0000] {processor.py:830} INFO - Processing file /home/airflow/.local/lib/python3.8/site-packages/airflow/example_dags/example_branch_labels.py for tasks to queue
[2024-04-08T09:35:19.242+0000] {logging_mixin.py:188} INFO - [2024-04-08T09:35:19.242+0000] {dagbag.py:540} INFO - Filling up the DagBag from /home/airflow/.local/lib/python3.8/site-packages/airflow/example_dags/example_branch_labels.py
[2024-04-08T09:35:19.246+0000] {processor.py:840} INFO - DAG(s) 'example_branch_labels' retrieved from /home/airflow/.local/lib/python3.8/site-packages/airflow/example_dags/example_branch_labels.py
[2024-04-08T09:35:19.322+0000] {logging_mixin.py:188} INFO - [2024-04-08T09:35:19.322+0000] {dag.py:3047} INFO - Sync 1 DAGs
[2024-04-08T09:35:19.362+0000] {logging_mixin.py:188} INFO - [2024-04-08T09:35:19.362+0000] {dag.py:3834} INFO - Setting next_dagrun for example_branch_labels to 2024-04-07 00:00:00+00:00, run_after=2024-04-08 00:00:00+00:00
[2024-04-08T09:35:19.384+0000] {processor.py:183} INFO - Processing /home/airflow/.local/lib/python3.8/site-packages/airflow/example_dags/example_branch_labels.py took 0.145 seconds
[2024-04-08T09:35:49.396+0000] {processor.py:161} INFO - Started process (PID=706) to work on /home/airflow/.local/lib/python3.8/site-packages/airflow/example_dags/example_branch_labels.py
[2024-04-08T09:35:49.397+0000] {processor.py:830} INFO - Processing file /home/airflow/.local/lib/python3.8/site-packages/airflow/example_dags/example_branch_labels.py for tasks to queue
[2024-04-08T09:35:49.397+0000] {logging_mixin.py:188} INFO - [2024-04-08T09:35:49.397+0000] {dagbag.py:540} INFO - Filling up the DagBag from /home/airflow/.local/lib/python3.8/site-packages/airflow/example_dags/example_branch_labels.py
[2024-04-08T09:35:49.401+0000] {processor.py:840} INFO - DAG(s) 'example_branch_labels' retrieved from /home/airflow/.local/lib/python3.8/site-packages/airflow/example_dags/example_branch_labels.py
[2024-04-08T09:35:49.476+0000] {logging_mixin.py:188} INFO - [2024-04-08T09:35:49.475+0000] {dag.py:3047} INFO - Sync 1 DAGs
[2024-04-08T09:35:49.514+0000] {logging_mixin.py:188} INFO - [2024-04-08T09:35:49.514+0000] {dag.py:3834} INFO - Setting next_dagrun for example_branch_labels to 2024-04-07 00:00:00+00:00, run_after=2024-04-08 00:00:00+00:00
[2024-04-08T09:35:49.534+0000] {processor.py:183} INFO - Processing /home/airflow/.local/lib/python3.8/site-packages/airflow/example_dags/example_branch_labels.py took 0.140 seconds
[2024-04-08T09:36:19.658+0000] {processor.py:161} INFO - Started process (PID=761) to work on /home/airflow/.local/lib/python3.8/site-packages/airflow/example_dags/example_branch_labels.py
[2024-04-08T09:36:19.659+0000] {processor.py:830} INFO - Processing file /home/airflow/.local/lib/python3.8/site-packages/airflow/example_dags/example_branch_labels.py for tasks to queue
[2024-04-08T09:36:19.660+0000] {logging_mixin.py:188} INFO - [2024-04-08T09:36:19.660+0000] {dagbag.py:540} INFO - Filling up the DagBag from /home/airflow/.local/lib/python3.8/site-packages/airflow/example_dags/example_branch_labels.py
[2024-04-08T09:36:19.664+0000] {processor.py:840} INFO - DAG(s) 'example_branch_labels' retrieved from /home/airflow/.local/lib/python3.8/site-packages/airflow/example_dags/example_branch_labels.py
[2024-04-08T09:36:19.737+0000] {logging_mixin.py:188} INFO - [2024-04-08T09:36:19.736+0000] {dag.py:3047} INFO - Sync 1 DAGs
[2024-04-08T09:36:19.775+0000] {logging_mixin.py:188} INFO - [2024-04-08T09:36:19.775+0000] {dag.py:3834} INFO - Setting next_dagrun for example_branch_labels to 2024-04-07 00:00:00+00:00, run_after=2024-04-08 00:00:00+00:00
[2024-04-08T09:36:19.797+0000] {processor.py:183} INFO - Processing /home/airflow/.local/lib/python3.8/site-packages/airflow/example_dags/example_branch_labels.py took 0.140 seconds
[2024-04-08T09:36:50.049+0000] {processor.py:161} INFO - Started process (PID=816) to work on /home/airflow/.local/lib/python3.8/site-packages/airflow/example_dags/example_branch_labels.py
[2024-04-08T09:36:50.049+0000] {processor.py:830} INFO - Processing file /home/airflow/.local/lib/python3.8/site-packages/airflow/example_dags/example_branch_labels.py for tasks to queue
[2024-04-08T09:36:50.051+0000] {logging_mixin.py:188} INFO - [2024-04-08T09:36:50.050+0000] {dagbag.py:540} INFO - Filling up the DagBag from /home/airflow/.local/lib/python3.8/site-packages/airflow/example_dags/example_branch_labels.py
[2024-04-08T09:36:50.054+0000] {processor.py:840} INFO - DAG(s) 'example_branch_labels' retrieved from /home/airflow/.local/lib/python3.8/site-packages/airflow/example_dags/example_branch_labels.py
[2024-04-08T09:36:50.126+0000] {logging_mixin.py:188} INFO - [2024-04-08T09:36:50.126+0000] {dag.py:3047} INFO - Sync 1 DAGs
[2024-04-08T09:36:50.166+0000] {logging_mixin.py:188} INFO - [2024-04-08T09:36:50.166+0000] {dag.py:3834} INFO - Setting next_dagrun for example_branch_labels to 2024-04-07 00:00:00+00:00, run_after=2024-04-08 00:00:00+00:00
[2024-04-08T09:36:50.184+0000] {processor.py:183} INFO - Processing /home/airflow/.local/lib/python3.8/site-packages/airflow/example_dags/example_branch_labels.py took 0.137 seconds
[2024-04-08T09:37:20.318+0000] {processor.py:161} INFO - Started process (PID=871) to work on /home/airflow/.local/lib/python3.8/site-packages/airflow/example_dags/example_branch_labels.py
[2024-04-08T09:37:20.318+0000] {processor.py:830} INFO - Processing file /home/airflow/.local/lib/python3.8/site-packages/airflow/example_dags/example_branch_labels.py for tasks to queue
[2024-04-08T09:37:20.319+0000] {logging_mixin.py:188} INFO - [2024-04-08T09:37:20.319+0000] {dagbag.py:540} INFO - Filling up the DagBag from /home/airflow/.local/lib/python3.8/site-packages/airflow/example_dags/example_branch_labels.py
[2024-04-08T09:37:20.323+0000] {processor.py:840} INFO - DAG(s) 'example_branch_labels' retrieved from /home/airflow/.local/lib/python3.8/site-packages/airflow/example_dags/example_branch_labels.py
[2024-04-08T09:37:20.396+0000] {logging_mixin.py:188} INFO - [2024-04-08T09:37:20.396+0000] {dag.py:3047} INFO - Sync 1 DAGs
[2024-04-08T09:37:20.433+0000] {logging_mixin.py:188} INFO - [2024-04-08T09:37:20.433+0000] {dag.py:3834} INFO - Setting next_dagrun for example_branch_labels to 2024-04-07 00:00:00+00:00, run_after=2024-04-08 00:00:00+00:00
[2024-04-08T09:37:20.454+0000] {processor.py:183} INFO - Processing /home/airflow/.local/lib/python3.8/site-packages/airflow/example_dags/example_branch_labels.py took 0.138 seconds
[2024-04-08T09:37:50.566+0000] {processor.py:161} INFO - Started process (PID=926) to work on /home/airflow/.local/lib/python3.8/site-packages/airflow/example_dags/example_branch_labels.py
[2024-04-08T09:37:50.567+0000] {processor.py:830} INFO - Processing file /home/airflow/.local/lib/python3.8/site-packages/airflow/example_dags/example_branch_labels.py for tasks to queue
[2024-04-08T09:37:50.568+0000] {logging_mixin.py:188} INFO - [2024-04-08T09:37:50.568+0000] {dagbag.py:540} INFO - Filling up the DagBag from /home/airflow/.local/lib/python3.8/site-packages/airflow/example_dags/example_branch_labels.py
[2024-04-08T09:37:50.571+0000] {processor.py:840} INFO - DAG(s) 'example_branch_labels' retrieved from /home/airflow/.local/lib/python3.8/site-packages/airflow/example_dags/example_branch_labels.py
[2024-04-08T09:37:50.644+0000] {logging_mixin.py:188} INFO - [2024-04-08T09:37:50.643+0000] {dag.py:3047} INFO - Sync 1 DAGs
[2024-04-08T09:37:50.685+0000] {logging_mixin.py:188} INFO - [2024-04-08T09:37:50.685+0000] {dag.py:3834} INFO - Setting next_dagrun for example_branch_labels to 2024-04-07 00:00:00+00:00, run_after=2024-04-08 00:00:00+00:00
[2024-04-08T09:37:50.705+0000] {processor.py:183} INFO - Processing /home/airflow/.local/lib/python3.8/site-packages/airflow/example_dags/example_branch_labels.py took 0.140 seconds
[2024-04-08T09:38:21.336+0000] {processor.py:161} INFO - Started process (PID=981) to work on /home/airflow/.local/lib/python3.8/site-packages/airflow/example_dags/example_branch_labels.py
[2024-04-08T09:38:21.337+0000] {processor.py:830} INFO - Processing file /home/airflow/.local/lib/python3.8/site-packages/airflow/example_dags/example_branch_labels.py for tasks to queue
[2024-04-08T09:38:21.338+0000] {logging_mixin.py:188} INFO - [2024-04-08T09:38:21.338+0000] {dagbag.py:540} INFO - Filling up the DagBag from /home/airflow/.local/lib/python3.8/site-packages/airflow/example_dags/example_branch_labels.py
[2024-04-08T09:38:21.342+0000] {processor.py:840} INFO - DAG(s) 'example_branch_labels' retrieved from /home/airflow/.local/lib/python3.8/site-packages/airflow/example_dags/example_branch_labels.py
[2024-04-08T09:38:21.418+0000] {logging_mixin.py:188} INFO - [2024-04-08T09:38:21.418+0000] {dag.py:3047} INFO - Sync 1 DAGs
[2024-04-08T09:38:21.456+0000] {logging_mixin.py:188} INFO - [2024-04-08T09:38:21.456+0000] {dag.py:3834} INFO - Setting next_dagrun for example_branch_labels to 2024-04-07 00:00:00+00:00, run_after=2024-04-08 00:00:00+00:00
[2024-04-08T09:38:21.475+0000] {processor.py:183} INFO - Processing /home/airflow/.local/lib/python3.8/site-packages/airflow/example_dags/example_branch_labels.py took 0.141 seconds
[2024-04-08T09:38:51.762+0000] {processor.py:161} INFO - Started process (PID=1036) to work on /home/airflow/.local/lib/python3.8/site-packages/airflow/example_dags/example_branch_labels.py
[2024-04-08T09:38:51.763+0000] {processor.py:830} INFO - Processing file /home/airflow/.local/lib/python3.8/site-packages/airflow/example_dags/example_branch_labels.py for tasks to queue
[2024-04-08T09:38:51.765+0000] {logging_mixin.py:188} INFO - [2024-04-08T09:38:51.764+0000] {dagbag.py:540} INFO - Filling up the DagBag from /home/airflow/.local/lib/python3.8/site-packages/airflow/example_dags/example_branch_labels.py
[2024-04-08T09:38:51.769+0000] {processor.py:840} INFO - DAG(s) 'example_branch_labels' retrieved from /home/airflow/.local/lib/python3.8/site-packages/airflow/example_dags/example_branch_labels.py
[2024-04-08T09:38:51.861+0000] {logging_mixin.py:188} INFO - [2024-04-08T09:38:51.861+0000] {dag.py:3047} INFO - Sync 1 DAGs
[2024-04-08T09:38:51.903+0000] {logging_mixin.py:188} INFO - [2024-04-08T09:38:51.903+0000] {dag.py:3834} INFO - Setting next_dagrun for example_branch_labels to 2024-04-07 00:00:00+00:00, run_after=2024-04-08 00:00:00+00:00
[2024-04-08T09:38:51.923+0000] {processor.py:183} INFO - Processing /home/airflow/.local/lib/python3.8/site-packages/airflow/example_dags/example_branch_labels.py took 0.163 seconds
[2024-04-08T09:39:21.990+0000] {processor.py:161} INFO - Started process (PID=1091) to work on /home/airflow/.local/lib/python3.8/site-packages/airflow/example_dags/example_branch_labels.py
[2024-04-08T09:39:21.990+0000] {processor.py:830} INFO - Processing file /home/airflow/.local/lib/python3.8/site-packages/airflow/example_dags/example_branch_labels.py for tasks to queue
[2024-04-08T09:39:21.992+0000] {logging_mixin.py:188} INFO - [2024-04-08T09:39:21.991+0000] {dagbag.py:540} INFO - Filling up the DagBag from /home/airflow/.local/lib/python3.8/site-packages/airflow/example_dags/example_branch_labels.py
[2024-04-08T09:39:21.995+0000] {processor.py:840} INFO - DAG(s) 'example_branch_labels' retrieved from /home/airflow/.local/lib/python3.8/site-packages/airflow/example_dags/example_branch_labels.py
[2024-04-08T09:39:22.068+0000] {logging_mixin.py:188} INFO - [2024-04-08T09:39:22.068+0000] {dag.py:3047} INFO - Sync 1 DAGs
[2024-04-08T09:39:22.105+0000] {logging_mixin.py:188} INFO - [2024-04-08T09:39:22.105+0000] {dag.py:3834} INFO - Setting next_dagrun for example_branch_labels to 2024-04-07 00:00:00+00:00, run_after=2024-04-08 00:00:00+00:00
[2024-04-08T09:39:22.124+0000] {processor.py:183} INFO - Processing /home/airflow/.local/lib/python3.8/site-packages/airflow/example_dags/example_branch_labels.py took 0.136 seconds
[2024-04-08T09:39:53.115+0000] {processor.py:161} INFO - Started process (PID=1146) to work on /home/airflow/.local/lib/python3.8/site-packages/airflow/example_dags/example_branch_labels.py
[2024-04-08T09:39:53.116+0000] {processor.py:830} INFO - Processing file /home/airflow/.local/lib/python3.8/site-packages/airflow/example_dags/example_branch_labels.py for tasks to queue
[2024-04-08T09:39:53.117+0000] {logging_mixin.py:188} INFO - [2024-04-08T09:39:53.117+0000] {dagbag.py:540} INFO - Filling up the DagBag from /home/airflow/.local/lib/python3.8/site-packages/airflow/example_dags/example_branch_labels.py
[2024-04-08T09:39:53.121+0000] {processor.py:840} INFO - DAG(s) 'example_branch_labels' retrieved from /home/airflow/.local/lib/python3.8/site-packages/airflow/example_dags/example_branch_labels.py
[2024-04-08T09:39:53.194+0000] {logging_mixin.py:188} INFO - [2024-04-08T09:39:53.194+0000] {dag.py:3047} INFO - Sync 1 DAGs
[2024-04-08T09:39:53.231+0000] {logging_mixin.py:188} INFO - [2024-04-08T09:39:53.231+0000] {dag.py:3834} INFO - Setting next_dagrun for example_branch_labels to 2024-04-07 00:00:00+00:00, run_after=2024-04-08 00:00:00+00:00
[2024-04-08T09:39:53.250+0000] {processor.py:183} INFO - Processing /home/airflow/.local/lib/python3.8/site-packages/airflow/example_dags/example_branch_labels.py took 0.136 seconds
[2024-04-08T09:40:23.363+0000] {processor.py:161} INFO - Started process (PID=1200) to work on /home/airflow/.local/lib/python3.8/site-packages/airflow/example_dags/example_branch_labels.py
[2024-04-08T09:40:23.364+0000] {processor.py:830} INFO - Processing file /home/airflow/.local/lib/python3.8/site-packages/airflow/example_dags/example_branch_labels.py for tasks to queue
[2024-04-08T09:40:23.365+0000] {logging_mixin.py:188} INFO - [2024-04-08T09:40:23.365+0000] {dagbag.py:540} INFO - Filling up the DagBag from /home/airflow/.local/lib/python3.8/site-packages/airflow/example_dags/example_branch_labels.py
[2024-04-08T09:40:23.369+0000] {processor.py:840} INFO - DAG(s) 'example_branch_labels' retrieved from /home/airflow/.local/lib/python3.8/site-packages/airflow/example_dags/example_branch_labels.py
[2024-04-08T09:40:23.442+0000] {logging_mixin.py:188} INFO - [2024-04-08T09:40:23.442+0000] {dag.py:3047} INFO - Sync 1 DAGs
[2024-04-08T09:40:23.480+0000] {logging_mixin.py:188} INFO - [2024-04-08T09:40:23.480+0000] {dag.py:3834} INFO - Setting next_dagrun for example_branch_labels to 2024-04-07 00:00:00+00:00, run_after=2024-04-08 00:00:00+00:00
[2024-04-08T09:40:23.500+0000] {processor.py:183} INFO - Processing /home/airflow/.local/lib/python3.8/site-packages/airflow/example_dags/example_branch_labels.py took 0.139 seconds
[2024-04-08T09:40:53.910+0000] {processor.py:161} INFO - Started process (PID=1255) to work on /home/airflow/.local/lib/python3.8/site-packages/airflow/example_dags/example_branch_labels.py
[2024-04-08T09:40:53.911+0000] {processor.py:830} INFO - Processing file /home/airflow/.local/lib/python3.8/site-packages/airflow/example_dags/example_branch_labels.py for tasks to queue
[2024-04-08T09:40:53.911+0000] {logging_mixin.py:188} INFO - [2024-04-08T09:40:53.911+0000] {dagbag.py:540} INFO - Filling up the DagBag from /home/airflow/.local/lib/python3.8/site-packages/airflow/example_dags/example_branch_labels.py
[2024-04-08T09:40:53.915+0000] {processor.py:840} INFO - DAG(s) 'example_branch_labels' retrieved from /home/airflow/.local/lib/python3.8/site-packages/airflow/example_dags/example_branch_labels.py
[2024-04-08T09:40:53.991+0000] {logging_mixin.py:188} INFO - [2024-04-08T09:40:53.991+0000] {dag.py:3047} INFO - Sync 1 DAGs
[2024-04-08T09:40:54.027+0000] {logging_mixin.py:188} INFO - [2024-04-08T09:40:54.027+0000] {dag.py:3834} INFO - Setting next_dagrun for example_branch_labels to 2024-04-07 00:00:00+00:00, run_after=2024-04-08 00:00:00+00:00
[2024-04-08T09:40:54.046+0000] {processor.py:183} INFO - Processing /home/airflow/.local/lib/python3.8/site-packages/airflow/example_dags/example_branch_labels.py took 0.137 seconds
[2024-04-08T09:41:24.809+0000] {processor.py:161} INFO - Started process (PID=1310) to work on /home/airflow/.local/lib/python3.8/site-packages/airflow/example_dags/example_branch_labels.py
[2024-04-08T09:41:24.810+0000] {processor.py:830} INFO - Processing file /home/airflow/.local/lib/python3.8/site-packages/airflow/example_dags/example_branch_labels.py for tasks to queue
[2024-04-08T09:41:24.811+0000] {logging_mixin.py:188} INFO - [2024-04-08T09:41:24.810+0000] {dagbag.py:540} INFO - Filling up the DagBag from /home/airflow/.local/lib/python3.8/site-packages/airflow/example_dags/example_branch_labels.py
[2024-04-08T09:41:24.814+0000] {processor.py:840} INFO - DAG(s) 'example_branch_labels' retrieved from /home/airflow/.local/lib/python3.8/site-packages/airflow/example_dags/example_branch_labels.py
[2024-04-08T09:41:24.889+0000] {logging_mixin.py:188} INFO - [2024-04-08T09:41:24.889+0000] {dag.py:3047} INFO - Sync 1 DAGs
[2024-04-08T09:41:24.926+0000] {logging_mixin.py:188} INFO - [2024-04-08T09:41:24.926+0000] {dag.py:3834} INFO - Setting next_dagrun for example_branch_labels to 2024-04-07 00:00:00+00:00, run_after=2024-04-08 00:00:00+00:00
[2024-04-08T09:41:24.945+0000] {processor.py:183} INFO - Processing /home/airflow/.local/lib/python3.8/site-packages/airflow/example_dags/example_branch_labels.py took 0.137 seconds
[2024-04-08T09:41:55.682+0000] {processor.py:161} INFO - Started process (PID=1365) to work on /home/airflow/.local/lib/python3.8/site-packages/airflow/example_dags/example_branch_labels.py
[2024-04-08T09:41:55.683+0000] {processor.py:830} INFO - Processing file /home/airflow/.local/lib/python3.8/site-packages/airflow/example_dags/example_branch_labels.py for tasks to queue
[2024-04-08T09:41:55.684+0000] {logging_mixin.py:188} INFO - [2024-04-08T09:41:55.683+0000] {dagbag.py:540} INFO - Filling up the DagBag from /home/airflow/.local/lib/python3.8/site-packages/airflow/example_dags/example_branch_labels.py
[2024-04-08T09:41:55.687+0000] {processor.py:840} INFO - DAG(s) 'example_branch_labels' retrieved from /home/airflow/.local/lib/python3.8/site-packages/airflow/example_dags/example_branch_labels.py
[2024-04-08T09:41:55.762+0000] {logging_mixin.py:188} INFO - [2024-04-08T09:41:55.762+0000] {dag.py:3047} INFO - Sync 1 DAGs
[2024-04-08T09:41:55.798+0000] {logging_mixin.py:188} INFO - [2024-04-08T09:41:55.798+0000] {dag.py:3834} INFO - Setting next_dagrun for example_branch_labels to 2024-04-07 00:00:00+00:00, run_after=2024-04-08 00:00:00+00:00
[2024-04-08T09:41:55.816+0000] {processor.py:183} INFO - Processing /home/airflow/.local/lib/python3.8/site-packages/airflow/example_dags/example_branch_labels.py took 0.136 seconds
[2024-04-08T09:42:26.016+0000] {processor.py:161} INFO - Started process (PID=1420) to work on /home/airflow/.local/lib/python3.8/site-packages/airflow/example_dags/example_branch_labels.py
[2024-04-08T09:42:26.016+0000] {processor.py:830} INFO - Processing file /home/airflow/.local/lib/python3.8/site-packages/airflow/example_dags/example_branch_labels.py for tasks to queue
[2024-04-08T09:42:26.017+0000] {logging_mixin.py:188} INFO - [2024-04-08T09:42:26.017+0000] {dagbag.py:540} INFO - Filling up the DagBag from /home/airflow/.local/lib/python3.8/site-packages/airflow/example_dags/example_branch_labels.py
[2024-04-08T09:42:26.021+0000] {processor.py:840} INFO - DAG(s) 'example_branch_labels' retrieved from /home/airflow/.local/lib/python3.8/site-packages/airflow/example_dags/example_branch_labels.py
[2024-04-08T09:42:26.096+0000] {logging_mixin.py:188} INFO - [2024-04-08T09:42:26.096+0000] {dag.py:3047} INFO - Sync 1 DAGs
[2024-04-08T09:42:26.132+0000] {logging_mixin.py:188} INFO - [2024-04-08T09:42:26.132+0000] {dag.py:3834} INFO - Setting next_dagrun for example_branch_labels to 2024-04-07 00:00:00+00:00, run_after=2024-04-08 00:00:00+00:00
[2024-04-08T09:42:26.151+0000] {processor.py:183} INFO - Processing /home/airflow/.local/lib/python3.8/site-packages/airflow/example_dags/example_branch_labels.py took 0.137 seconds
[2024-04-08T09:42:56.330+0000] {processor.py:161} INFO - Started process (PID=1475) to work on /home/airflow/.local/lib/python3.8/site-packages/airflow/example_dags/example_branch_labels.py
[2024-04-08T09:42:56.330+0000] {processor.py:830} INFO - Processing file /home/airflow/.local/lib/python3.8/site-packages/airflow/example_dags/example_branch_labels.py for tasks to queue
[2024-04-08T09:42:56.331+0000] {logging_mixin.py:188} INFO - [2024-04-08T09:42:56.331+0000] {dagbag.py:540} INFO - Filling up the DagBag from /home/airflow/.local/lib/python3.8/site-packages/airflow/example_dags/example_branch_labels.py
[2024-04-08T09:42:56.335+0000] {processor.py:840} INFO - DAG(s) 'example_branch_labels' retrieved from /home/airflow/.local/lib/python3.8/site-packages/airflow/example_dags/example_branch_labels.py
[2024-04-08T09:42:56.409+0000] {logging_mixin.py:188} INFO - [2024-04-08T09:42:56.409+0000] {dag.py:3047} INFO - Sync 1 DAGs
[2024-04-08T09:42:56.449+0000] {logging_mixin.py:188} INFO - [2024-04-08T09:42:56.449+0000] {dag.py:3834} INFO - Setting next_dagrun for example_branch_labels to 2024-04-07 00:00:00+00:00, run_after=2024-04-08 00:00:00+00:00
[2024-04-08T09:42:56.469+0000] {processor.py:183} INFO - Processing /home/airflow/.local/lib/python3.8/site-packages/airflow/example_dags/example_branch_labels.py took 0.141 seconds
[2024-04-08T09:43:26.563+0000] {processor.py:161} INFO - Started process (PID=1530) to work on /home/airflow/.local/lib/python3.8/site-packages/airflow/example_dags/example_branch_labels.py
[2024-04-08T09:43:26.563+0000] {processor.py:830} INFO - Processing file /home/airflow/.local/lib/python3.8/site-packages/airflow/example_dags/example_branch_labels.py for tasks to queue
[2024-04-08T09:43:26.564+0000] {logging_mixin.py:188} INFO - [2024-04-08T09:43:26.564+0000] {dagbag.py:540} INFO - Filling up the DagBag from /home/airflow/.local/lib/python3.8/site-packages/airflow/example_dags/example_branch_labels.py
[2024-04-08T09:43:26.568+0000] {processor.py:840} INFO - DAG(s) 'example_branch_labels' retrieved from /home/airflow/.local/lib/python3.8/site-packages/airflow/example_dags/example_branch_labels.py
[2024-04-08T09:43:26.640+0000] {logging_mixin.py:188} INFO - [2024-04-08T09:43:26.640+0000] {dag.py:3047} INFO - Sync 1 DAGs
[2024-04-08T09:43:26.680+0000] {logging_mixin.py:188} INFO - [2024-04-08T09:43:26.680+0000] {dag.py:3834} INFO - Setting next_dagrun for example_branch_labels to 2024-04-07 00:00:00+00:00, run_after=2024-04-08 00:00:00+00:00
[2024-04-08T09:43:26.700+0000] {processor.py:183} INFO - Processing /home/airflow/.local/lib/python3.8/site-packages/airflow/example_dags/example_branch_labels.py took 0.139 seconds
[2024-04-08T09:43:57.030+0000] {processor.py:161} INFO - Started process (PID=1585) to work on /home/airflow/.local/lib/python3.8/site-packages/airflow/example_dags/example_branch_labels.py
[2024-04-08T09:43:57.031+0000] {processor.py:830} INFO - Processing file /home/airflow/.local/lib/python3.8/site-packages/airflow/example_dags/example_branch_labels.py for tasks to queue
[2024-04-08T09:43:57.032+0000] {logging_mixin.py:188} INFO - [2024-04-08T09:43:57.031+0000] {dagbag.py:540} INFO - Filling up the DagBag from /home/airflow/.local/lib/python3.8/site-packages/airflow/example_dags/example_branch_labels.py
[2024-04-08T09:43:57.036+0000] {processor.py:840} INFO - DAG(s) 'example_branch_labels' retrieved from /home/airflow/.local/lib/python3.8/site-packages/airflow/example_dags/example_branch_labels.py
[2024-04-08T09:43:57.113+0000] {logging_mixin.py:188} INFO - [2024-04-08T09:43:57.113+0000] {dag.py:3047} INFO - Sync 1 DAGs
[2024-04-08T09:43:57.150+0000] {logging_mixin.py:188} INFO - [2024-04-08T09:43:57.150+0000] {dag.py:3834} INFO - Setting next_dagrun for example_branch_labels to 2024-04-07 00:00:00+00:00, run_after=2024-04-08 00:00:00+00:00
[2024-04-08T09:43:57.171+0000] {processor.py:183} INFO - Processing /home/airflow/.local/lib/python3.8/site-packages/airflow/example_dags/example_branch_labels.py took 0.143 seconds
[2024-04-08T09:44:27.433+0000] {processor.py:161} INFO - Started process (PID=1640) to work on /home/airflow/.local/lib/python3.8/site-packages/airflow/example_dags/example_branch_labels.py
[2024-04-08T09:44:27.436+0000] {processor.py:830} INFO - Processing file /home/airflow/.local/lib/python3.8/site-packages/airflow/example_dags/example_branch_labels.py for tasks to queue
[2024-04-08T09:44:27.437+0000] {logging_mixin.py:188} INFO - [2024-04-08T09:44:27.437+0000] {dagbag.py:540} INFO - Filling up the DagBag from /home/airflow/.local/lib/python3.8/site-packages/airflow/example_dags/example_branch_labels.py
[2024-04-08T09:44:27.441+0000] {processor.py:840} INFO - DAG(s) 'example_branch_labels' retrieved from /home/airflow/.local/lib/python3.8/site-packages/airflow/example_dags/example_branch_labels.py
[2024-04-08T09:44:27.542+0000] {logging_mixin.py:188} INFO - [2024-04-08T09:44:27.542+0000] {dag.py:3047} INFO - Sync 1 DAGs
[2024-04-08T09:44:27.588+0000] {logging_mixin.py:188} INFO - [2024-04-08T09:44:27.587+0000] {dag.py:3834} INFO - Setting next_dagrun for example_branch_labels to 2024-04-07 00:00:00+00:00, run_after=2024-04-08 00:00:00+00:00
[2024-04-08T09:44:27.608+0000] {processor.py:183} INFO - Processing /home/airflow/.local/lib/python3.8/site-packages/airflow/example_dags/example_branch_labels.py took 0.176 seconds
[2024-04-08T09:44:57.701+0000] {processor.py:161} INFO - Started process (PID=1695) to work on /home/airflow/.local/lib/python3.8/site-packages/airflow/example_dags/example_branch_labels.py
[2024-04-08T09:44:57.702+0000] {processor.py:830} INFO - Processing file /home/airflow/.local/lib/python3.8/site-packages/airflow/example_dags/example_branch_labels.py for tasks to queue
[2024-04-08T09:44:57.702+0000] {logging_mixin.py:188} INFO - [2024-04-08T09:44:57.702+0000] {dagbag.py:540} INFO - Filling up the DagBag from /home/airflow/.local/lib/python3.8/site-packages/airflow/example_dags/example_branch_labels.py
[2024-04-08T09:44:57.706+0000] {processor.py:840} INFO - DAG(s) 'example_branch_labels' retrieved from /home/airflow/.local/lib/python3.8/site-packages/airflow/example_dags/example_branch_labels.py
[2024-04-08T09:44:57.779+0000] {logging_mixin.py:188} INFO - [2024-04-08T09:44:57.779+0000] {dag.py:3047} INFO - Sync 1 DAGs
[2024-04-08T09:44:57.815+0000] {logging_mixin.py:188} INFO - [2024-04-08T09:44:57.815+0000] {dag.py:3834} INFO - Setting next_dagrun for example_branch_labels to 2024-04-07 00:00:00+00:00, run_after=2024-04-08 00:00:00+00:00
[2024-04-08T09:44:57.834+0000] {processor.py:183} INFO - Processing /home/airflow/.local/lib/python3.8/site-packages/airflow/example_dags/example_branch_labels.py took 0.135 seconds
[2024-04-08T09:45:27.889+0000] {processor.py:161} INFO - Started process (PID=1750) to work on /home/airflow/.local/lib/python3.8/site-packages/airflow/example_dags/example_branch_labels.py
[2024-04-08T09:45:27.889+0000] {processor.py:830} INFO - Processing file /home/airflow/.local/lib/python3.8/site-packages/airflow/example_dags/example_branch_labels.py for tasks to queue
[2024-04-08T09:45:27.890+0000] {logging_mixin.py:188} INFO - [2024-04-08T09:45:27.890+0000] {dagbag.py:540} INFO - Filling up the DagBag from /home/airflow/.local/lib/python3.8/site-packages/airflow/example_dags/example_branch_labels.py
[2024-04-08T09:45:27.894+0000] {processor.py:840} INFO - DAG(s) 'example_branch_labels' retrieved from /home/airflow/.local/lib/python3.8/site-packages/airflow/example_dags/example_branch_labels.py
[2024-04-08T09:45:27.965+0000] {logging_mixin.py:188} INFO - [2024-04-08T09:45:27.965+0000] {dag.py:3047} INFO - Sync 1 DAGs
[2024-04-08T09:45:28.002+0000] {logging_mixin.py:188} INFO - [2024-04-08T09:45:28.002+0000] {dag.py:3834} INFO - Setting next_dagrun for example_branch_labels to 2024-04-07 00:00:00+00:00, run_after=2024-04-08 00:00:00+00:00
[2024-04-08T09:45:28.023+0000] {processor.py:183} INFO - Processing /home/airflow/.local/lib/python3.8/site-packages/airflow/example_dags/example_branch_labels.py took 0.136 seconds
[2024-04-08T09:45:58.128+0000] {processor.py:161} INFO - Started process (PID=1805) to work on /home/airflow/.local/lib/python3.8/site-packages/airflow/example_dags/example_branch_labels.py
[2024-04-08T09:45:58.128+0000] {processor.py:830} INFO - Processing file /home/airflow/.local/lib/python3.8/site-packages/airflow/example_dags/example_branch_labels.py for tasks to queue
[2024-04-08T09:45:58.129+0000] {logging_mixin.py:188} INFO - [2024-04-08T09:45:58.129+0000] {dagbag.py:540} INFO - Filling up the DagBag from /home/airflow/.local/lib/python3.8/site-packages/airflow/example_dags/example_branch_labels.py
[2024-04-08T09:45:58.133+0000] {processor.py:840} INFO - DAG(s) 'example_branch_labels' retrieved from /home/airflow/.local/lib/python3.8/site-packages/airflow/example_dags/example_branch_labels.py
[2024-04-08T09:45:58.205+0000] {logging_mixin.py:188} INFO - [2024-04-08T09:45:58.204+0000] {dag.py:3047} INFO - Sync 1 DAGs
[2024-04-08T09:45:58.245+0000] {logging_mixin.py:188} INFO - [2024-04-08T09:45:58.244+0000] {dag.py:3834} INFO - Setting next_dagrun for example_branch_labels to 2024-04-07 00:00:00+00:00, run_after=2024-04-08 00:00:00+00:00
[2024-04-08T09:45:58.264+0000] {processor.py:183} INFO - Processing /home/airflow/.local/lib/python3.8/site-packages/airflow/example_dags/example_branch_labels.py took 0.137 seconds
