[2024-04-08T09:29:44.779+0000] {processor.py:161} INFO - Started process (PID=40) to work on /home/airflow/.local/lib/python3.8/site-packages/airflow/example_dags/example_bash_operator.py
[2024-04-08T09:29:44.779+0000] {processor.py:830} INFO - Processing file /home/airflow/.local/lib/python3.8/site-packages/airflow/example_dags/example_bash_operator.py for tasks to queue
[2024-04-08T09:29:44.780+0000] {logging_mixin.py:188} INFO - [2024-04-08T09:29:44.780+0000] {dagbag.py:540} INFO - Filling up the DagBag from /home/airflow/.local/lib/python3.8/site-packages/airflow/example_dags/example_bash_operator.py
[2024-04-08T09:29:44.787+0000] {processor.py:840} INFO - DAG(s) 'example_bash_operator' retrieved from /home/airflow/.local/lib/python3.8/site-packages/airflow/example_dags/example_bash_operator.py
[2024-04-08T09:29:44.861+0000] {logging_mixin.py:188} INFO - [2024-04-08T09:29:44.861+0000] {dag.py:3047} INFO - Sync 1 DAGs
[2024-04-08T09:29:44.928+0000] {logging_mixin.py:188} INFO - [2024-04-08T09:29:44.928+0000] {dag.py:3834} INFO - Setting next_dagrun for example_bash_operator to 2024-04-07 00:00:00+00:00, run_after=2024-04-08 00:00:00+00:00
[2024-04-08T09:29:44.962+0000] {processor.py:183} INFO - Processing /home/airflow/.local/lib/python3.8/site-packages/airflow/example_dags/example_bash_operator.py took 0.185 seconds
[2024-04-08T09:30:15.253+0000] {processor.py:161} INFO - Started process (PID=95) to work on /home/airflow/.local/lib/python3.8/site-packages/airflow/example_dags/example_bash_operator.py
[2024-04-08T09:30:15.254+0000] {processor.py:830} INFO - Processing file /home/airflow/.local/lib/python3.8/site-packages/airflow/example_dags/example_bash_operator.py for tasks to queue
[2024-04-08T09:30:15.255+0000] {logging_mixin.py:188} INFO - [2024-04-08T09:30:15.254+0000] {dagbag.py:540} INFO - Filling up the DagBag from /home/airflow/.local/lib/python3.8/site-packages/airflow/example_dags/example_bash_operator.py
[2024-04-08T09:30:15.260+0000] {processor.py:840} INFO - DAG(s) 'example_bash_operator' retrieved from /home/airflow/.local/lib/python3.8/site-packages/airflow/example_dags/example_bash_operator.py
[2024-04-08T09:30:15.384+0000] {logging_mixin.py:188} INFO - [2024-04-08T09:30:15.384+0000] {dag.py:3047} INFO - Sync 1 DAGs
[2024-04-08T09:30:15.415+0000] {logging_mixin.py:188} INFO - [2024-04-08T09:30:15.415+0000] {dag.py:3834} INFO - Setting next_dagrun for example_bash_operator to 2024-04-07 00:00:00+00:00, run_after=2024-04-08 00:00:00+00:00
[2024-04-08T09:30:15.442+0000] {processor.py:183} INFO - Processing /home/airflow/.local/lib/python3.8/site-packages/airflow/example_dags/example_bash_operator.py took 0.190 seconds
[2024-04-08T09:30:46.204+0000] {processor.py:161} INFO - Started process (PID=150) to work on /home/airflow/.local/lib/python3.8/site-packages/airflow/example_dags/example_bash_operator.py
[2024-04-08T09:30:46.205+0000] {processor.py:830} INFO - Processing file /home/airflow/.local/lib/python3.8/site-packages/airflow/example_dags/example_bash_operator.py for tasks to queue
[2024-04-08T09:30:46.206+0000] {logging_mixin.py:188} INFO - [2024-04-08T09:30:46.206+0000] {dagbag.py:540} INFO - Filling up the DagBag from /home/airflow/.local/lib/python3.8/site-packages/airflow/example_dags/example_bash_operator.py
[2024-04-08T09:30:46.211+0000] {processor.py:840} INFO - DAG(s) 'example_bash_operator' retrieved from /home/airflow/.local/lib/python3.8/site-packages/airflow/example_dags/example_bash_operator.py
[2024-04-08T09:30:46.293+0000] {logging_mixin.py:188} INFO - [2024-04-08T09:30:46.293+0000] {dag.py:3047} INFO - Sync 1 DAGs
[2024-04-08T09:30:46.329+0000] {logging_mixin.py:188} INFO - [2024-04-08T09:30:46.329+0000] {dag.py:3834} INFO - Setting next_dagrun for example_bash_operator to 2024-04-07 00:00:00+00:00, run_after=2024-04-08 00:00:00+00:00
[2024-04-08T09:30:46.349+0000] {processor.py:183} INFO - Processing /home/airflow/.local/lib/python3.8/site-packages/airflow/example_dags/example_bash_operator.py took 0.146 seconds
[2024-04-08T09:31:16.402+0000] {processor.py:161} INFO - Started process (PID=205) to work on /home/airflow/.local/lib/python3.8/site-packages/airflow/example_dags/example_bash_operator.py
[2024-04-08T09:31:16.403+0000] {processor.py:830} INFO - Processing file /home/airflow/.local/lib/python3.8/site-packages/airflow/example_dags/example_bash_operator.py for tasks to queue
[2024-04-08T09:31:16.404+0000] {logging_mixin.py:188} INFO - [2024-04-08T09:31:16.404+0000] {dagbag.py:540} INFO - Filling up the DagBag from /home/airflow/.local/lib/python3.8/site-packages/airflow/example_dags/example_bash_operator.py
[2024-04-08T09:31:16.409+0000] {processor.py:840} INFO - DAG(s) 'example_bash_operator' retrieved from /home/airflow/.local/lib/python3.8/site-packages/airflow/example_dags/example_bash_operator.py
[2024-04-08T09:31:16.485+0000] {logging_mixin.py:188} INFO - [2024-04-08T09:31:16.485+0000] {dag.py:3047} INFO - Sync 1 DAGs
[2024-04-08T09:31:16.523+0000] {logging_mixin.py:188} INFO - [2024-04-08T09:31:16.523+0000] {dag.py:3834} INFO - Setting next_dagrun for example_bash_operator to 2024-04-07 00:00:00+00:00, run_after=2024-04-08 00:00:00+00:00
[2024-04-08T09:31:16.543+0000] {processor.py:183} INFO - Processing /home/airflow/.local/lib/python3.8/site-packages/airflow/example_dags/example_bash_operator.py took 0.143 seconds
[2024-04-08T09:31:46.758+0000] {processor.py:161} INFO - Started process (PID=259) to work on /home/airflow/.local/lib/python3.8/site-packages/airflow/example_dags/example_bash_operator.py
[2024-04-08T09:31:46.758+0000] {processor.py:830} INFO - Processing file /home/airflow/.local/lib/python3.8/site-packages/airflow/example_dags/example_bash_operator.py for tasks to queue
[2024-04-08T09:31:46.759+0000] {logging_mixin.py:188} INFO - [2024-04-08T09:31:46.759+0000] {dagbag.py:540} INFO - Filling up the DagBag from /home/airflow/.local/lib/python3.8/site-packages/airflow/example_dags/example_bash_operator.py
[2024-04-08T09:31:46.765+0000] {processor.py:840} INFO - DAG(s) 'example_bash_operator' retrieved from /home/airflow/.local/lib/python3.8/site-packages/airflow/example_dags/example_bash_operator.py
[2024-04-08T09:31:46.842+0000] {logging_mixin.py:188} INFO - [2024-04-08T09:31:46.842+0000] {dag.py:3047} INFO - Sync 1 DAGs
[2024-04-08T09:31:46.879+0000] {logging_mixin.py:188} INFO - [2024-04-08T09:31:46.879+0000] {dag.py:3834} INFO - Setting next_dagrun for example_bash_operator to 2024-04-07 00:00:00+00:00, run_after=2024-04-08 00:00:00+00:00
[2024-04-08T09:31:46.899+0000] {processor.py:183} INFO - Processing /home/airflow/.local/lib/python3.8/site-packages/airflow/example_dags/example_bash_operator.py took 0.143 seconds
[2024-04-08T09:32:16.981+0000] {processor.py:161} INFO - Started process (PID=314) to work on /home/airflow/.local/lib/python3.8/site-packages/airflow/example_dags/example_bash_operator.py
[2024-04-08T09:32:16.981+0000] {processor.py:830} INFO - Processing file /home/airflow/.local/lib/python3.8/site-packages/airflow/example_dags/example_bash_operator.py for tasks to queue
[2024-04-08T09:32:16.983+0000] {logging_mixin.py:188} INFO - [2024-04-08T09:32:16.983+0000] {dagbag.py:540} INFO - Filling up the DagBag from /home/airflow/.local/lib/python3.8/site-packages/airflow/example_dags/example_bash_operator.py
[2024-04-08T09:32:16.989+0000] {processor.py:840} INFO - DAG(s) 'example_bash_operator' retrieved from /home/airflow/.local/lib/python3.8/site-packages/airflow/example_dags/example_bash_operator.py
[2024-04-08T09:32:17.065+0000] {logging_mixin.py:188} INFO - [2024-04-08T09:32:17.065+0000] {dag.py:3047} INFO - Sync 1 DAGs
[2024-04-08T09:32:17.106+0000] {logging_mixin.py:188} INFO - [2024-04-08T09:32:17.106+0000] {dag.py:3834} INFO - Setting next_dagrun for example_bash_operator to 2024-04-07 00:00:00+00:00, run_after=2024-04-08 00:00:00+00:00
[2024-04-08T09:32:17.125+0000] {processor.py:183} INFO - Processing /home/airflow/.local/lib/python3.8/site-packages/airflow/example_dags/example_bash_operator.py took 0.146 seconds
[2024-04-08T09:32:47.229+0000] {processor.py:161} INFO - Started process (PID=369) to work on /home/airflow/.local/lib/python3.8/site-packages/airflow/example_dags/example_bash_operator.py
[2024-04-08T09:32:47.229+0000] {processor.py:830} INFO - Processing file /home/airflow/.local/lib/python3.8/site-packages/airflow/example_dags/example_bash_operator.py for tasks to queue
[2024-04-08T09:32:47.230+0000] {logging_mixin.py:188} INFO - [2024-04-08T09:32:47.230+0000] {dagbag.py:540} INFO - Filling up the DagBag from /home/airflow/.local/lib/python3.8/site-packages/airflow/example_dags/example_bash_operator.py
[2024-04-08T09:32:47.235+0000] {processor.py:840} INFO - DAG(s) 'example_bash_operator' retrieved from /home/airflow/.local/lib/python3.8/site-packages/airflow/example_dags/example_bash_operator.py
[2024-04-08T09:32:47.312+0000] {logging_mixin.py:188} INFO - [2024-04-08T09:32:47.311+0000] {dag.py:3047} INFO - Sync 1 DAGs
[2024-04-08T09:32:47.348+0000] {logging_mixin.py:188} INFO - [2024-04-08T09:32:47.348+0000] {dag.py:3834} INFO - Setting next_dagrun for example_bash_operator to 2024-04-07 00:00:00+00:00, run_after=2024-04-08 00:00:00+00:00
[2024-04-08T09:32:47.368+0000] {processor.py:183} INFO - Processing /home/airflow/.local/lib/python3.8/site-packages/airflow/example_dags/example_bash_operator.py took 0.141 seconds
[2024-04-08T09:33:17.459+0000] {processor.py:161} INFO - Started process (PID=424) to work on /home/airflow/.local/lib/python3.8/site-packages/airflow/example_dags/example_bash_operator.py
[2024-04-08T09:33:17.460+0000] {processor.py:830} INFO - Processing file /home/airflow/.local/lib/python3.8/site-packages/airflow/example_dags/example_bash_operator.py for tasks to queue
[2024-04-08T09:33:17.461+0000] {logging_mixin.py:188} INFO - [2024-04-08T09:33:17.461+0000] {dagbag.py:540} INFO - Filling up the DagBag from /home/airflow/.local/lib/python3.8/site-packages/airflow/example_dags/example_bash_operator.py
[2024-04-08T09:33:17.466+0000] {processor.py:840} INFO - DAG(s) 'example_bash_operator' retrieved from /home/airflow/.local/lib/python3.8/site-packages/airflow/example_dags/example_bash_operator.py
[2024-04-08T09:33:17.543+0000] {logging_mixin.py:188} INFO - [2024-04-08T09:33:17.543+0000] {dag.py:3047} INFO - Sync 1 DAGs
[2024-04-08T09:33:17.579+0000] {logging_mixin.py:188} INFO - [2024-04-08T09:33:17.579+0000] {dag.py:3834} INFO - Setting next_dagrun for example_bash_operator to 2024-04-07 00:00:00+00:00, run_after=2024-04-08 00:00:00+00:00
[2024-04-08T09:33:17.599+0000] {processor.py:183} INFO - Processing /home/airflow/.local/lib/python3.8/site-packages/airflow/example_dags/example_bash_operator.py took 0.141 seconds
[2024-04-08T09:33:47.694+0000] {processor.py:161} INFO - Started process (PID=478) to work on /home/airflow/.local/lib/python3.8/site-packages/airflow/example_dags/example_bash_operator.py
[2024-04-08T09:33:47.695+0000] {processor.py:830} INFO - Processing file /home/airflow/.local/lib/python3.8/site-packages/airflow/example_dags/example_bash_operator.py for tasks to queue
[2024-04-08T09:33:47.695+0000] {logging_mixin.py:188} INFO - [2024-04-08T09:33:47.695+0000] {dagbag.py:540} INFO - Filling up the DagBag from /home/airflow/.local/lib/python3.8/site-packages/airflow/example_dags/example_bash_operator.py
[2024-04-08T09:33:47.701+0000] {processor.py:840} INFO - DAG(s) 'example_bash_operator' retrieved from /home/airflow/.local/lib/python3.8/site-packages/airflow/example_dags/example_bash_operator.py
[2024-04-08T09:33:47.778+0000] {logging_mixin.py:188} INFO - [2024-04-08T09:33:47.778+0000] {dag.py:3047} INFO - Sync 1 DAGs
[2024-04-08T09:33:47.817+0000] {logging_mixin.py:188} INFO - [2024-04-08T09:33:47.816+0000] {dag.py:3834} INFO - Setting next_dagrun for example_bash_operator to 2024-04-07 00:00:00+00:00, run_after=2024-04-08 00:00:00+00:00
[2024-04-08T09:33:47.836+0000] {processor.py:183} INFO - Processing /home/airflow/.local/lib/python3.8/site-packages/airflow/example_dags/example_bash_operator.py took 0.144 seconds
[2024-04-08T09:34:17.873+0000] {processor.py:161} INFO - Started process (PID=533) to work on /home/airflow/.local/lib/python3.8/site-packages/airflow/example_dags/example_bash_operator.py
[2024-04-08T09:34:17.874+0000] {processor.py:830} INFO - Processing file /home/airflow/.local/lib/python3.8/site-packages/airflow/example_dags/example_bash_operator.py for tasks to queue
[2024-04-08T09:34:17.874+0000] {logging_mixin.py:188} INFO - [2024-04-08T09:34:17.874+0000] {dagbag.py:540} INFO - Filling up the DagBag from /home/airflow/.local/lib/python3.8/site-packages/airflow/example_dags/example_bash_operator.py
[2024-04-08T09:34:17.880+0000] {processor.py:840} INFO - DAG(s) 'example_bash_operator' retrieved from /home/airflow/.local/lib/python3.8/site-packages/airflow/example_dags/example_bash_operator.py
[2024-04-08T09:34:17.956+0000] {logging_mixin.py:188} INFO - [2024-04-08T09:34:17.955+0000] {dag.py:3047} INFO - Sync 1 DAGs
[2024-04-08T09:34:17.993+0000] {logging_mixin.py:188} INFO - [2024-04-08T09:34:17.993+0000] {dag.py:3834} INFO - Setting next_dagrun for example_bash_operator to 2024-04-07 00:00:00+00:00, run_after=2024-04-08 00:00:00+00:00
[2024-04-08T09:34:18.013+0000] {processor.py:183} INFO - Processing /home/airflow/.local/lib/python3.8/site-packages/airflow/example_dags/example_bash_operator.py took 0.142 seconds
[2024-04-08T09:34:48.242+0000] {processor.py:161} INFO - Started process (PID=588) to work on /home/airflow/.local/lib/python3.8/site-packages/airflow/example_dags/example_bash_operator.py
[2024-04-08T09:34:48.243+0000] {processor.py:830} INFO - Processing file /home/airflow/.local/lib/python3.8/site-packages/airflow/example_dags/example_bash_operator.py for tasks to queue
[2024-04-08T09:34:48.245+0000] {logging_mixin.py:188} INFO - [2024-04-08T09:34:48.245+0000] {dagbag.py:540} INFO - Filling up the DagBag from /home/airflow/.local/lib/python3.8/site-packages/airflow/example_dags/example_bash_operator.py
[2024-04-08T09:34:48.251+0000] {processor.py:840} INFO - DAG(s) 'example_bash_operator' retrieved from /home/airflow/.local/lib/python3.8/site-packages/airflow/example_dags/example_bash_operator.py
[2024-04-08T09:34:48.333+0000] {logging_mixin.py:188} INFO - [2024-04-08T09:34:48.333+0000] {dag.py:3047} INFO - Sync 1 DAGs
[2024-04-08T09:34:48.376+0000] {logging_mixin.py:188} INFO - [2024-04-08T09:34:48.376+0000] {dag.py:3834} INFO - Setting next_dagrun for example_bash_operator to 2024-04-07 00:00:00+00:00, run_after=2024-04-08 00:00:00+00:00
[2024-04-08T09:34:48.399+0000] {processor.py:183} INFO - Processing /home/airflow/.local/lib/python3.8/site-packages/airflow/example_dags/example_bash_operator.py took 0.158 seconds
[2024-04-08T09:35:18.498+0000] {processor.py:161} INFO - Started process (PID=643) to work on /home/airflow/.local/lib/python3.8/site-packages/airflow/example_dags/example_bash_operator.py
[2024-04-08T09:35:18.499+0000] {processor.py:830} INFO - Processing file /home/airflow/.local/lib/python3.8/site-packages/airflow/example_dags/example_bash_operator.py for tasks to queue
[2024-04-08T09:35:18.500+0000] {logging_mixin.py:188} INFO - [2024-04-08T09:35:18.500+0000] {dagbag.py:540} INFO - Filling up the DagBag from /home/airflow/.local/lib/python3.8/site-packages/airflow/example_dags/example_bash_operator.py
[2024-04-08T09:35:18.505+0000] {processor.py:840} INFO - DAG(s) 'example_bash_operator' retrieved from /home/airflow/.local/lib/python3.8/site-packages/airflow/example_dags/example_bash_operator.py
[2024-04-08T09:35:18.589+0000] {logging_mixin.py:188} INFO - [2024-04-08T09:35:18.589+0000] {dag.py:3047} INFO - Sync 1 DAGs
[2024-04-08T09:35:18.633+0000] {logging_mixin.py:188} INFO - [2024-04-08T09:35:18.633+0000] {dag.py:3834} INFO - Setting next_dagrun for example_bash_operator to 2024-04-07 00:00:00+00:00, run_after=2024-04-08 00:00:00+00:00
[2024-04-08T09:35:18.675+0000] {processor.py:183} INFO - Processing /home/airflow/.local/lib/python3.8/site-packages/airflow/example_dags/example_bash_operator.py took 0.178 seconds
[2024-04-08T09:35:48.772+0000] {processor.py:161} INFO - Started process (PID=698) to work on /home/airflow/.local/lib/python3.8/site-packages/airflow/example_dags/example_bash_operator.py
[2024-04-08T09:35:48.772+0000] {processor.py:830} INFO - Processing file /home/airflow/.local/lib/python3.8/site-packages/airflow/example_dags/example_bash_operator.py for tasks to queue
[2024-04-08T09:35:48.773+0000] {logging_mixin.py:188} INFO - [2024-04-08T09:35:48.773+0000] {dagbag.py:540} INFO - Filling up the DagBag from /home/airflow/.local/lib/python3.8/site-packages/airflow/example_dags/example_bash_operator.py
[2024-04-08T09:35:48.779+0000] {processor.py:840} INFO - DAG(s) 'example_bash_operator' retrieved from /home/airflow/.local/lib/python3.8/site-packages/airflow/example_dags/example_bash_operator.py
[2024-04-08T09:35:48.853+0000] {logging_mixin.py:188} INFO - [2024-04-08T09:35:48.853+0000] {dag.py:3047} INFO - Sync 1 DAGs
[2024-04-08T09:35:48.890+0000] {logging_mixin.py:188} INFO - [2024-04-08T09:35:48.890+0000] {dag.py:3834} INFO - Setting next_dagrun for example_bash_operator to 2024-04-07 00:00:00+00:00, run_after=2024-04-08 00:00:00+00:00
[2024-04-08T09:35:48.910+0000] {processor.py:183} INFO - Processing /home/airflow/.local/lib/python3.8/site-packages/airflow/example_dags/example_bash_operator.py took 0.139 seconds
[2024-04-08T09:36:18.966+0000] {processor.py:161} INFO - Started process (PID=752) to work on /home/airflow/.local/lib/python3.8/site-packages/airflow/example_dags/example_bash_operator.py
[2024-04-08T09:36:18.966+0000] {processor.py:830} INFO - Processing file /home/airflow/.local/lib/python3.8/site-packages/airflow/example_dags/example_bash_operator.py for tasks to queue
[2024-04-08T09:36:18.967+0000] {logging_mixin.py:188} INFO - [2024-04-08T09:36:18.967+0000] {dagbag.py:540} INFO - Filling up the DagBag from /home/airflow/.local/lib/python3.8/site-packages/airflow/example_dags/example_bash_operator.py
[2024-04-08T09:36:18.972+0000] {processor.py:840} INFO - DAG(s) 'example_bash_operator' retrieved from /home/airflow/.local/lib/python3.8/site-packages/airflow/example_dags/example_bash_operator.py
[2024-04-08T09:36:19.048+0000] {logging_mixin.py:188} INFO - [2024-04-08T09:36:19.048+0000] {dag.py:3047} INFO - Sync 1 DAGs
[2024-04-08T09:36:19.086+0000] {logging_mixin.py:188} INFO - [2024-04-08T09:36:19.086+0000] {dag.py:3834} INFO - Setting next_dagrun for example_bash_operator to 2024-04-07 00:00:00+00:00, run_after=2024-04-08 00:00:00+00:00
[2024-04-08T09:36:19.108+0000] {processor.py:183} INFO - Processing /home/airflow/.local/lib/python3.8/site-packages/airflow/example_dags/example_bash_operator.py took 0.144 seconds
[2024-04-08T09:36:49.427+0000] {processor.py:161} INFO - Started process (PID=808) to work on /home/airflow/.local/lib/python3.8/site-packages/airflow/example_dags/example_bash_operator.py
[2024-04-08T09:36:49.428+0000] {processor.py:830} INFO - Processing file /home/airflow/.local/lib/python3.8/site-packages/airflow/example_dags/example_bash_operator.py for tasks to queue
[2024-04-08T09:36:49.429+0000] {logging_mixin.py:188} INFO - [2024-04-08T09:36:49.429+0000] {dagbag.py:540} INFO - Filling up the DagBag from /home/airflow/.local/lib/python3.8/site-packages/airflow/example_dags/example_bash_operator.py
[2024-04-08T09:36:49.435+0000] {processor.py:840} INFO - DAG(s) 'example_bash_operator' retrieved from /home/airflow/.local/lib/python3.8/site-packages/airflow/example_dags/example_bash_operator.py
[2024-04-08T09:36:49.511+0000] {logging_mixin.py:188} INFO - [2024-04-08T09:36:49.511+0000] {dag.py:3047} INFO - Sync 1 DAGs
[2024-04-08T09:36:49.550+0000] {logging_mixin.py:188} INFO - [2024-04-08T09:36:49.550+0000] {dag.py:3834} INFO - Setting next_dagrun for example_bash_operator to 2024-04-07 00:00:00+00:00, run_after=2024-04-08 00:00:00+00:00
[2024-04-08T09:36:49.571+0000] {processor.py:183} INFO - Processing /home/airflow/.local/lib/python3.8/site-packages/airflow/example_dags/example_bash_operator.py took 0.145 seconds
[2024-04-08T09:37:19.629+0000] {processor.py:161} INFO - Started process (PID=862) to work on /home/airflow/.local/lib/python3.8/site-packages/airflow/example_dags/example_bash_operator.py
[2024-04-08T09:37:19.629+0000] {processor.py:830} INFO - Processing file /home/airflow/.local/lib/python3.8/site-packages/airflow/example_dags/example_bash_operator.py for tasks to queue
[2024-04-08T09:37:19.630+0000] {logging_mixin.py:188} INFO - [2024-04-08T09:37:19.630+0000] {dagbag.py:540} INFO - Filling up the DagBag from /home/airflow/.local/lib/python3.8/site-packages/airflow/example_dags/example_bash_operator.py
[2024-04-08T09:37:19.636+0000] {processor.py:840} INFO - DAG(s) 'example_bash_operator' retrieved from /home/airflow/.local/lib/python3.8/site-packages/airflow/example_dags/example_bash_operator.py
[2024-04-08T09:37:19.709+0000] {logging_mixin.py:188} INFO - [2024-04-08T09:37:19.709+0000] {dag.py:3047} INFO - Sync 1 DAGs
[2024-04-08T09:37:19.745+0000] {logging_mixin.py:188} INFO - [2024-04-08T09:37:19.745+0000] {dag.py:3834} INFO - Setting next_dagrun for example_bash_operator to 2024-04-07 00:00:00+00:00, run_after=2024-04-08 00:00:00+00:00
[2024-04-08T09:37:19.763+0000] {processor.py:183} INFO - Processing /home/airflow/.local/lib/python3.8/site-packages/airflow/example_dags/example_bash_operator.py took 0.135 seconds
[2024-04-08T09:37:49.941+0000] {processor.py:161} INFO - Started process (PID=917) to work on /home/airflow/.local/lib/python3.8/site-packages/airflow/example_dags/example_bash_operator.py
[2024-04-08T09:37:49.941+0000] {processor.py:830} INFO - Processing file /home/airflow/.local/lib/python3.8/site-packages/airflow/example_dags/example_bash_operator.py for tasks to queue
[2024-04-08T09:37:49.942+0000] {logging_mixin.py:188} INFO - [2024-04-08T09:37:49.942+0000] {dagbag.py:540} INFO - Filling up the DagBag from /home/airflow/.local/lib/python3.8/site-packages/airflow/example_dags/example_bash_operator.py
[2024-04-08T09:37:49.948+0000] {processor.py:840} INFO - DAG(s) 'example_bash_operator' retrieved from /home/airflow/.local/lib/python3.8/site-packages/airflow/example_dags/example_bash_operator.py
[2024-04-08T09:37:50.021+0000] {logging_mixin.py:188} INFO - [2024-04-08T09:37:50.021+0000] {dag.py:3047} INFO - Sync 1 DAGs
[2024-04-08T09:37:50.058+0000] {logging_mixin.py:188} INFO - [2024-04-08T09:37:50.058+0000] {dag.py:3834} INFO - Setting next_dagrun for example_bash_operator to 2024-04-07 00:00:00+00:00, run_after=2024-04-08 00:00:00+00:00
[2024-04-08T09:37:50.079+0000] {processor.py:183} INFO - Processing /home/airflow/.local/lib/python3.8/site-packages/airflow/example_dags/example_bash_operator.py took 0.140 seconds
[2024-04-08T09:38:20.756+0000] {processor.py:161} INFO - Started process (PID=973) to work on /home/airflow/.local/lib/python3.8/site-packages/airflow/example_dags/example_bash_operator.py
[2024-04-08T09:38:20.756+0000] {processor.py:830} INFO - Processing file /home/airflow/.local/lib/python3.8/site-packages/airflow/example_dags/example_bash_operator.py for tasks to queue
[2024-04-08T09:38:20.757+0000] {logging_mixin.py:188} INFO - [2024-04-08T09:38:20.757+0000] {dagbag.py:540} INFO - Filling up the DagBag from /home/airflow/.local/lib/python3.8/site-packages/airflow/example_dags/example_bash_operator.py
[2024-04-08T09:38:20.763+0000] {processor.py:840} INFO - DAG(s) 'example_bash_operator' retrieved from /home/airflow/.local/lib/python3.8/site-packages/airflow/example_dags/example_bash_operator.py
[2024-04-08T09:38:20.842+0000] {logging_mixin.py:188} INFO - [2024-04-08T09:38:20.842+0000] {dag.py:3047} INFO - Sync 1 DAGs
[2024-04-08T09:38:20.880+0000] {logging_mixin.py:188} INFO - [2024-04-08T09:38:20.880+0000] {dag.py:3834} INFO - Setting next_dagrun for example_bash_operator to 2024-04-07 00:00:00+00:00, run_after=2024-04-08 00:00:00+00:00
[2024-04-08T09:38:20.900+0000] {processor.py:183} INFO - Processing /home/airflow/.local/lib/python3.8/site-packages/airflow/example_dags/example_bash_operator.py took 0.146 seconds
[2024-04-08T09:38:51.067+0000] {processor.py:161} INFO - Started process (PID=1028) to work on /home/airflow/.local/lib/python3.8/site-packages/airflow/example_dags/example_bash_operator.py
[2024-04-08T09:38:51.071+0000] {processor.py:830} INFO - Processing file /home/airflow/.local/lib/python3.8/site-packages/airflow/example_dags/example_bash_operator.py for tasks to queue
[2024-04-08T09:38:51.072+0000] {logging_mixin.py:188} INFO - [2024-04-08T09:38:51.072+0000] {dagbag.py:540} INFO - Filling up the DagBag from /home/airflow/.local/lib/python3.8/site-packages/airflow/example_dags/example_bash_operator.py
[2024-04-08T09:38:51.078+0000] {processor.py:840} INFO - DAG(s) 'example_bash_operator' retrieved from /home/airflow/.local/lib/python3.8/site-packages/airflow/example_dags/example_bash_operator.py
[2024-04-08T09:38:51.160+0000] {logging_mixin.py:188} INFO - [2024-04-08T09:38:51.159+0000] {dag.py:3047} INFO - Sync 1 DAGs
[2024-04-08T09:38:51.200+0000] {logging_mixin.py:188} INFO - [2024-04-08T09:38:51.200+0000] {dag.py:3834} INFO - Setting next_dagrun for example_bash_operator to 2024-04-07 00:00:00+00:00, run_after=2024-04-08 00:00:00+00:00
[2024-04-08T09:38:51.221+0000] {processor.py:183} INFO - Processing /home/airflow/.local/lib/python3.8/site-packages/airflow/example_dags/example_bash_operator.py took 0.155 seconds
[2024-04-08T09:39:21.432+0000] {processor.py:161} INFO - Started process (PID=1083) to work on /home/airflow/.local/lib/python3.8/site-packages/airflow/example_dags/example_bash_operator.py
[2024-04-08T09:39:21.433+0000] {processor.py:830} INFO - Processing file /home/airflow/.local/lib/python3.8/site-packages/airflow/example_dags/example_bash_operator.py for tasks to queue
[2024-04-08T09:39:21.433+0000] {logging_mixin.py:188} INFO - [2024-04-08T09:39:21.433+0000] {dagbag.py:540} INFO - Filling up the DagBag from /home/airflow/.local/lib/python3.8/site-packages/airflow/example_dags/example_bash_operator.py
[2024-04-08T09:39:21.439+0000] {processor.py:840} INFO - DAG(s) 'example_bash_operator' retrieved from /home/airflow/.local/lib/python3.8/site-packages/airflow/example_dags/example_bash_operator.py
[2024-04-08T09:39:21.515+0000] {logging_mixin.py:188} INFO - [2024-04-08T09:39:21.515+0000] {dag.py:3047} INFO - Sync 1 DAGs
[2024-04-08T09:39:21.552+0000] {logging_mixin.py:188} INFO - [2024-04-08T09:39:21.551+0000] {dag.py:3834} INFO - Setting next_dagrun for example_bash_operator to 2024-04-07 00:00:00+00:00, run_after=2024-04-08 00:00:00+00:00
[2024-04-08T09:39:21.572+0000] {processor.py:183} INFO - Processing /home/airflow/.local/lib/python3.8/site-packages/airflow/example_dags/example_bash_operator.py took 0.141 seconds
[2024-04-08T09:39:52.532+0000] {processor.py:161} INFO - Started process (PID=1138) to work on /home/airflow/.local/lib/python3.8/site-packages/airflow/example_dags/example_bash_operator.py
[2024-04-08T09:39:52.533+0000] {processor.py:830} INFO - Processing file /home/airflow/.local/lib/python3.8/site-packages/airflow/example_dags/example_bash_operator.py for tasks to queue
[2024-04-08T09:39:52.534+0000] {logging_mixin.py:188} INFO - [2024-04-08T09:39:52.534+0000] {dagbag.py:540} INFO - Filling up the DagBag from /home/airflow/.local/lib/python3.8/site-packages/airflow/example_dags/example_bash_operator.py
[2024-04-08T09:39:52.541+0000] {processor.py:840} INFO - DAG(s) 'example_bash_operator' retrieved from /home/airflow/.local/lib/python3.8/site-packages/airflow/example_dags/example_bash_operator.py
[2024-04-08T09:39:52.621+0000] {logging_mixin.py:188} INFO - [2024-04-08T09:39:52.621+0000] {dag.py:3047} INFO - Sync 1 DAGs
[2024-04-08T09:39:52.660+0000] {logging_mixin.py:188} INFO - [2024-04-08T09:39:52.660+0000] {dag.py:3834} INFO - Setting next_dagrun for example_bash_operator to 2024-04-07 00:00:00+00:00, run_after=2024-04-08 00:00:00+00:00
[2024-04-08T09:39:52.681+0000] {processor.py:183} INFO - Processing /home/airflow/.local/lib/python3.8/site-packages/airflow/example_dags/example_bash_operator.py took 0.151 seconds
[2024-04-08T09:40:22.799+0000] {processor.py:161} INFO - Started process (PID=1192) to work on /home/airflow/.local/lib/python3.8/site-packages/airflow/example_dags/example_bash_operator.py
[2024-04-08T09:40:22.800+0000] {processor.py:830} INFO - Processing file /home/airflow/.local/lib/python3.8/site-packages/airflow/example_dags/example_bash_operator.py for tasks to queue
[2024-04-08T09:40:22.800+0000] {logging_mixin.py:188} INFO - [2024-04-08T09:40:22.800+0000] {dagbag.py:540} INFO - Filling up the DagBag from /home/airflow/.local/lib/python3.8/site-packages/airflow/example_dags/example_bash_operator.py
[2024-04-08T09:40:22.806+0000] {processor.py:840} INFO - DAG(s) 'example_bash_operator' retrieved from /home/airflow/.local/lib/python3.8/site-packages/airflow/example_dags/example_bash_operator.py
[2024-04-08T09:40:22.883+0000] {logging_mixin.py:188} INFO - [2024-04-08T09:40:22.883+0000] {dag.py:3047} INFO - Sync 1 DAGs
[2024-04-08T09:40:22.921+0000] {logging_mixin.py:188} INFO - [2024-04-08T09:40:22.921+0000] {dag.py:3834} INFO - Setting next_dagrun for example_bash_operator to 2024-04-07 00:00:00+00:00, run_after=2024-04-08 00:00:00+00:00
[2024-04-08T09:40:22.940+0000] {processor.py:183} INFO - Processing /home/airflow/.local/lib/python3.8/site-packages/airflow/example_dags/example_bash_operator.py took 0.143 seconds
[2024-04-08T09:40:53.101+0000] {processor.py:161} INFO - Started process (PID=1247) to work on /home/airflow/.local/lib/python3.8/site-packages/airflow/example_dags/example_bash_operator.py
[2024-04-08T09:40:53.103+0000] {processor.py:830} INFO - Processing file /home/airflow/.local/lib/python3.8/site-packages/airflow/example_dags/example_bash_operator.py for tasks to queue
[2024-04-08T09:40:53.104+0000] {logging_mixin.py:188} INFO - [2024-04-08T09:40:53.104+0000] {dagbag.py:540} INFO - Filling up the DagBag from /home/airflow/.local/lib/python3.8/site-packages/airflow/example_dags/example_bash_operator.py
[2024-04-08T09:40:53.109+0000] {processor.py:840} INFO - DAG(s) 'example_bash_operator' retrieved from /home/airflow/.local/lib/python3.8/site-packages/airflow/example_dags/example_bash_operator.py
[2024-04-08T09:40:53.184+0000] {logging_mixin.py:188} INFO - [2024-04-08T09:40:53.184+0000] {dag.py:3047} INFO - Sync 1 DAGs
[2024-04-08T09:40:53.227+0000] {logging_mixin.py:188} INFO - [2024-04-08T09:40:53.227+0000] {dag.py:3834} INFO - Setting next_dagrun for example_bash_operator to 2024-04-07 00:00:00+00:00, run_after=2024-04-08 00:00:00+00:00
[2024-04-08T09:40:53.247+0000] {processor.py:183} INFO - Processing /home/airflow/.local/lib/python3.8/site-packages/airflow/example_dags/example_bash_operator.py took 0.148 seconds
[2024-04-08T09:41:24.249+0000] {processor.py:161} INFO - Started process (PID=1302) to work on /home/airflow/.local/lib/python3.8/site-packages/airflow/example_dags/example_bash_operator.py
[2024-04-08T09:41:24.251+0000] {processor.py:830} INFO - Processing file /home/airflow/.local/lib/python3.8/site-packages/airflow/example_dags/example_bash_operator.py for tasks to queue
[2024-04-08T09:41:24.254+0000] {logging_mixin.py:188} INFO - [2024-04-08T09:41:24.254+0000] {dagbag.py:540} INFO - Filling up the DagBag from /home/airflow/.local/lib/python3.8/site-packages/airflow/example_dags/example_bash_operator.py
[2024-04-08T09:41:24.263+0000] {processor.py:840} INFO - DAG(s) 'example_bash_operator' retrieved from /home/airflow/.local/lib/python3.8/site-packages/airflow/example_dags/example_bash_operator.py
[2024-04-08T09:41:24.339+0000] {logging_mixin.py:188} INFO - [2024-04-08T09:41:24.339+0000] {dag.py:3047} INFO - Sync 1 DAGs
[2024-04-08T09:41:24.377+0000] {logging_mixin.py:188} INFO - [2024-04-08T09:41:24.377+0000] {dag.py:3834} INFO - Setting next_dagrun for example_bash_operator to 2024-04-07 00:00:00+00:00, run_after=2024-04-08 00:00:00+00:00
[2024-04-08T09:41:24.398+0000] {processor.py:183} INFO - Processing /home/airflow/.local/lib/python3.8/site-packages/airflow/example_dags/example_bash_operator.py took 0.153 seconds
[2024-04-08T09:41:55.122+0000] {processor.py:161} INFO - Started process (PID=1357) to work on /home/airflow/.local/lib/python3.8/site-packages/airflow/example_dags/example_bash_operator.py
[2024-04-08T09:41:55.123+0000] {processor.py:830} INFO - Processing file /home/airflow/.local/lib/python3.8/site-packages/airflow/example_dags/example_bash_operator.py for tasks to queue
[2024-04-08T09:41:55.124+0000] {logging_mixin.py:188} INFO - [2024-04-08T09:41:55.124+0000] {dagbag.py:540} INFO - Filling up the DagBag from /home/airflow/.local/lib/python3.8/site-packages/airflow/example_dags/example_bash_operator.py
[2024-04-08T09:41:55.130+0000] {processor.py:840} INFO - DAG(s) 'example_bash_operator' retrieved from /home/airflow/.local/lib/python3.8/site-packages/airflow/example_dags/example_bash_operator.py
[2024-04-08T09:41:55.208+0000] {logging_mixin.py:188} INFO - [2024-04-08T09:41:55.208+0000] {dag.py:3047} INFO - Sync 1 DAGs
[2024-04-08T09:41:55.246+0000] {logging_mixin.py:188} INFO - [2024-04-08T09:41:55.246+0000] {dag.py:3834} INFO - Setting next_dagrun for example_bash_operator to 2024-04-07 00:00:00+00:00, run_after=2024-04-08 00:00:00+00:00
[2024-04-08T09:41:55.265+0000] {processor.py:183} INFO - Processing /home/airflow/.local/lib/python3.8/site-packages/airflow/example_dags/example_bash_operator.py took 0.146 seconds
[2024-04-08T09:42:25.400+0000] {processor.py:161} INFO - Started process (PID=1412) to work on /home/airflow/.local/lib/python3.8/site-packages/airflow/example_dags/example_bash_operator.py
[2024-04-08T09:42:25.401+0000] {processor.py:830} INFO - Processing file /home/airflow/.local/lib/python3.8/site-packages/airflow/example_dags/example_bash_operator.py for tasks to queue
[2024-04-08T09:42:25.401+0000] {logging_mixin.py:188} INFO - [2024-04-08T09:42:25.401+0000] {dagbag.py:540} INFO - Filling up the DagBag from /home/airflow/.local/lib/python3.8/site-packages/airflow/example_dags/example_bash_operator.py
[2024-04-08T09:42:25.407+0000] {processor.py:840} INFO - DAG(s) 'example_bash_operator' retrieved from /home/airflow/.local/lib/python3.8/site-packages/airflow/example_dags/example_bash_operator.py
[2024-04-08T09:42:25.485+0000] {logging_mixin.py:188} INFO - [2024-04-08T09:42:25.484+0000] {dag.py:3047} INFO - Sync 1 DAGs
[2024-04-08T09:42:25.521+0000] {logging_mixin.py:188} INFO - [2024-04-08T09:42:25.521+0000] {dag.py:3834} INFO - Setting next_dagrun for example_bash_operator to 2024-04-07 00:00:00+00:00, run_after=2024-04-08 00:00:00+00:00
[2024-04-08T09:42:25.540+0000] {processor.py:183} INFO - Processing /home/airflow/.local/lib/python3.8/site-packages/airflow/example_dags/example_bash_operator.py took 0.142 seconds
[2024-04-08T09:42:55.756+0000] {processor.py:161} INFO - Started process (PID=1467) to work on /home/airflow/.local/lib/python3.8/site-packages/airflow/example_dags/example_bash_operator.py
[2024-04-08T09:42:55.756+0000] {processor.py:830} INFO - Processing file /home/airflow/.local/lib/python3.8/site-packages/airflow/example_dags/example_bash_operator.py for tasks to queue
[2024-04-08T09:42:55.757+0000] {logging_mixin.py:188} INFO - [2024-04-08T09:42:55.757+0000] {dagbag.py:540} INFO - Filling up the DagBag from /home/airflow/.local/lib/python3.8/site-packages/airflow/example_dags/example_bash_operator.py
[2024-04-08T09:42:55.762+0000] {processor.py:840} INFO - DAG(s) 'example_bash_operator' retrieved from /home/airflow/.local/lib/python3.8/site-packages/airflow/example_dags/example_bash_operator.py
[2024-04-08T09:42:55.843+0000] {logging_mixin.py:188} INFO - [2024-04-08T09:42:55.843+0000] {dag.py:3047} INFO - Sync 1 DAGs
[2024-04-08T09:42:55.881+0000] {logging_mixin.py:188} INFO - [2024-04-08T09:42:55.880+0000] {dag.py:3834} INFO - Setting next_dagrun for example_bash_operator to 2024-04-07 00:00:00+00:00, run_after=2024-04-08 00:00:00+00:00
[2024-04-08T09:42:55.900+0000] {processor.py:183} INFO - Processing /home/airflow/.local/lib/python3.8/site-packages/airflow/example_dags/example_bash_operator.py took 0.146 seconds
[2024-04-08T09:43:25.928+0000] {processor.py:161} INFO - Started process (PID=1522) to work on /home/airflow/.local/lib/python3.8/site-packages/airflow/example_dags/example_bash_operator.py
[2024-04-08T09:43:25.930+0000] {processor.py:830} INFO - Processing file /home/airflow/.local/lib/python3.8/site-packages/airflow/example_dags/example_bash_operator.py for tasks to queue
[2024-04-08T09:43:25.931+0000] {logging_mixin.py:188} INFO - [2024-04-08T09:43:25.931+0000] {dagbag.py:540} INFO - Filling up the DagBag from /home/airflow/.local/lib/python3.8/site-packages/airflow/example_dags/example_bash_operator.py
[2024-04-08T09:43:25.937+0000] {processor.py:840} INFO - DAG(s) 'example_bash_operator' retrieved from /home/airflow/.local/lib/python3.8/site-packages/airflow/example_dags/example_bash_operator.py
[2024-04-08T09:43:26.015+0000] {logging_mixin.py:188} INFO - [2024-04-08T09:43:26.015+0000] {dag.py:3047} INFO - Sync 1 DAGs
[2024-04-08T09:43:26.056+0000] {logging_mixin.py:188} INFO - [2024-04-08T09:43:26.056+0000] {dag.py:3834} INFO - Setting next_dagrun for example_bash_operator to 2024-04-07 00:00:00+00:00, run_after=2024-04-08 00:00:00+00:00
[2024-04-08T09:43:26.080+0000] {processor.py:183} INFO - Processing /home/airflow/.local/lib/python3.8/site-packages/airflow/example_dags/example_bash_operator.py took 0.154 seconds
[2024-04-08T09:43:56.103+0000] {processor.py:161} INFO - Started process (PID=1576) to work on /home/airflow/.local/lib/python3.8/site-packages/airflow/example_dags/example_bash_operator.py
[2024-04-08T09:43:56.103+0000] {processor.py:830} INFO - Processing file /home/airflow/.local/lib/python3.8/site-packages/airflow/example_dags/example_bash_operator.py for tasks to queue
[2024-04-08T09:43:56.105+0000] {logging_mixin.py:188} INFO - [2024-04-08T09:43:56.105+0000] {dagbag.py:540} INFO - Filling up the DagBag from /home/airflow/.local/lib/python3.8/site-packages/airflow/example_dags/example_bash_operator.py
[2024-04-08T09:43:56.115+0000] {processor.py:840} INFO - DAG(s) 'example_bash_operator' retrieved from /home/airflow/.local/lib/python3.8/site-packages/airflow/example_dags/example_bash_operator.py
[2024-04-08T09:43:56.205+0000] {logging_mixin.py:188} INFO - [2024-04-08T09:43:56.205+0000] {dag.py:3047} INFO - Sync 1 DAGs
[2024-04-08T09:43:56.242+0000] {logging_mixin.py:188} INFO - [2024-04-08T09:43:56.242+0000] {dag.py:3834} INFO - Setting next_dagrun for example_bash_operator to 2024-04-07 00:00:00+00:00, run_after=2024-04-08 00:00:00+00:00
[2024-04-08T09:43:56.263+0000] {processor.py:183} INFO - Processing /home/airflow/.local/lib/python3.8/site-packages/airflow/example_dags/example_bash_operator.py took 0.163 seconds
[2024-04-08T09:44:26.816+0000] {processor.py:161} INFO - Started process (PID=1632) to work on /home/airflow/.local/lib/python3.8/site-packages/airflow/example_dags/example_bash_operator.py
[2024-04-08T09:44:26.817+0000] {processor.py:830} INFO - Processing file /home/airflow/.local/lib/python3.8/site-packages/airflow/example_dags/example_bash_operator.py for tasks to queue
[2024-04-08T09:44:26.817+0000] {logging_mixin.py:188} INFO - [2024-04-08T09:44:26.817+0000] {dagbag.py:540} INFO - Filling up the DagBag from /home/airflow/.local/lib/python3.8/site-packages/airflow/example_dags/example_bash_operator.py
[2024-04-08T09:44:26.823+0000] {processor.py:840} INFO - DAG(s) 'example_bash_operator' retrieved from /home/airflow/.local/lib/python3.8/site-packages/airflow/example_dags/example_bash_operator.py
[2024-04-08T09:44:26.904+0000] {logging_mixin.py:188} INFO - [2024-04-08T09:44:26.904+0000] {dag.py:3047} INFO - Sync 1 DAGs
[2024-04-08T09:44:26.942+0000] {logging_mixin.py:188} INFO - [2024-04-08T09:44:26.942+0000] {dag.py:3834} INFO - Setting next_dagrun for example_bash_operator to 2024-04-07 00:00:00+00:00, run_after=2024-04-08 00:00:00+00:00
[2024-04-08T09:44:26.963+0000] {processor.py:183} INFO - Processing /home/airflow/.local/lib/python3.8/site-packages/airflow/example_dags/example_bash_operator.py took 0.149 seconds
[2024-04-08T09:44:57.010+0000] {processor.py:161} INFO - Started process (PID=1687) to work on /home/airflow/.local/lib/python3.8/site-packages/airflow/example_dags/example_bash_operator.py
[2024-04-08T09:44:57.011+0000] {processor.py:830} INFO - Processing file /home/airflow/.local/lib/python3.8/site-packages/airflow/example_dags/example_bash_operator.py for tasks to queue
[2024-04-08T09:44:57.011+0000] {logging_mixin.py:188} INFO - [2024-04-08T09:44:57.011+0000] {dagbag.py:540} INFO - Filling up the DagBag from /home/airflow/.local/lib/python3.8/site-packages/airflow/example_dags/example_bash_operator.py
[2024-04-08T09:44:57.017+0000] {processor.py:840} INFO - DAG(s) 'example_bash_operator' retrieved from /home/airflow/.local/lib/python3.8/site-packages/airflow/example_dags/example_bash_operator.py
[2024-04-08T09:44:57.094+0000] {logging_mixin.py:188} INFO - [2024-04-08T09:44:57.094+0000] {dag.py:3047} INFO - Sync 1 DAGs
[2024-04-08T09:44:57.131+0000] {logging_mixin.py:188} INFO - [2024-04-08T09:44:57.131+0000] {dag.py:3834} INFO - Setting next_dagrun for example_bash_operator to 2024-04-07 00:00:00+00:00, run_after=2024-04-08 00:00:00+00:00
[2024-04-08T09:44:57.151+0000] {processor.py:183} INFO - Processing /home/airflow/.local/lib/python3.8/site-packages/airflow/example_dags/example_bash_operator.py took 0.143 seconds
[2024-04-08T09:45:27.167+0000] {processor.py:161} INFO - Started process (PID=1741) to work on /home/airflow/.local/lib/python3.8/site-packages/airflow/example_dags/example_bash_operator.py
[2024-04-08T09:45:27.168+0000] {processor.py:830} INFO - Processing file /home/airflow/.local/lib/python3.8/site-packages/airflow/example_dags/example_bash_operator.py for tasks to queue
[2024-04-08T09:45:27.169+0000] {logging_mixin.py:188} INFO - [2024-04-08T09:45:27.169+0000] {dagbag.py:540} INFO - Filling up the DagBag from /home/airflow/.local/lib/python3.8/site-packages/airflow/example_dags/example_bash_operator.py
[2024-04-08T09:45:27.177+0000] {processor.py:840} INFO - DAG(s) 'example_bash_operator' retrieved from /home/airflow/.local/lib/python3.8/site-packages/airflow/example_dags/example_bash_operator.py
[2024-04-08T09:45:27.257+0000] {logging_mixin.py:188} INFO - [2024-04-08T09:45:27.257+0000] {dag.py:3047} INFO - Sync 1 DAGs
[2024-04-08T09:45:27.295+0000] {logging_mixin.py:188} INFO - [2024-04-08T09:45:27.295+0000] {dag.py:3834} INFO - Setting next_dagrun for example_bash_operator to 2024-04-07 00:00:00+00:00, run_after=2024-04-08 00:00:00+00:00
[2024-04-08T09:45:27.316+0000] {processor.py:183} INFO - Processing /home/airflow/.local/lib/python3.8/site-packages/airflow/example_dags/example_bash_operator.py took 0.152 seconds
[2024-04-08T09:45:57.361+0000] {processor.py:161} INFO - Started process (PID=1796) to work on /home/airflow/.local/lib/python3.8/site-packages/airflow/example_dags/example_bash_operator.py
[2024-04-08T09:45:57.362+0000] {processor.py:830} INFO - Processing file /home/airflow/.local/lib/python3.8/site-packages/airflow/example_dags/example_bash_operator.py for tasks to queue
[2024-04-08T09:45:57.364+0000] {logging_mixin.py:188} INFO - [2024-04-08T09:45:57.364+0000] {dagbag.py:540} INFO - Filling up the DagBag from /home/airflow/.local/lib/python3.8/site-packages/airflow/example_dags/example_bash_operator.py
[2024-04-08T09:45:57.372+0000] {processor.py:840} INFO - DAG(s) 'example_bash_operator' retrieved from /home/airflow/.local/lib/python3.8/site-packages/airflow/example_dags/example_bash_operator.py
[2024-04-08T09:45:57.455+0000] {logging_mixin.py:188} INFO - [2024-04-08T09:45:57.454+0000] {dag.py:3047} INFO - Sync 1 DAGs
[2024-04-08T09:45:57.491+0000] {logging_mixin.py:188} INFO - [2024-04-08T09:45:57.491+0000] {dag.py:3834} INFO - Setting next_dagrun for example_bash_operator to 2024-04-07 00:00:00+00:00, run_after=2024-04-08 00:00:00+00:00
[2024-04-08T09:45:57.511+0000] {processor.py:183} INFO - Processing /home/airflow/.local/lib/python3.8/site-packages/airflow/example_dags/example_bash_operator.py took 0.153 seconds
