[2024-04-08T09:29:48.279+0000] {processor.py:161} INFO - Started process (PID=72) to work on /home/airflow/.local/lib/python3.8/site-packages/airflow/example_dags/example_latest_only.py
[2024-04-08T09:29:48.280+0000] {processor.py:830} INFO - Processing file /home/airflow/.local/lib/python3.8/site-packages/airflow/example_dags/example_latest_only.py for tasks to queue
[2024-04-08T09:29:48.282+0000] {logging_mixin.py:188} INFO - [2024-04-08T09:29:48.282+0000] {dagbag.py:540} INFO - Filling up the DagBag from /home/airflow/.local/lib/python3.8/site-packages/airflow/example_dags/example_latest_only.py
[2024-04-08T09:29:48.290+0000] {processor.py:840} INFO - DAG(s) 'latest_only' retrieved from /home/airflow/.local/lib/python3.8/site-packages/airflow/example_dags/example_latest_only.py
[2024-04-08T09:29:48.372+0000] {logging_mixin.py:188} INFO - [2024-04-08T09:29:48.372+0000] {dag.py:3047} INFO - Sync 1 DAGs
[2024-04-08T09:29:48.413+0000] {logging_mixin.py:188} INFO - [2024-04-08T09:29:48.413+0000] {dag.py:3834} INFO - Setting next_dagrun for latest_only to 2024-04-08 04:00:00+00:00, run_after=2024-04-08 08:00:00+00:00
[2024-04-08T09:29:48.437+0000] {processor.py:183} INFO - Processing /home/airflow/.local/lib/python3.8/site-packages/airflow/example_dags/example_latest_only.py took 0.162 seconds
[2024-04-08T09:30:19.288+0000] {processor.py:161} INFO - Started process (PID=127) to work on /home/airflow/.local/lib/python3.8/site-packages/airflow/example_dags/example_latest_only.py
[2024-04-08T09:30:19.289+0000] {processor.py:830} INFO - Processing file /home/airflow/.local/lib/python3.8/site-packages/airflow/example_dags/example_latest_only.py for tasks to queue
[2024-04-08T09:30:19.291+0000] {logging_mixin.py:188} INFO - [2024-04-08T09:30:19.290+0000] {dagbag.py:540} INFO - Filling up the DagBag from /home/airflow/.local/lib/python3.8/site-packages/airflow/example_dags/example_latest_only.py
[2024-04-08T09:30:19.294+0000] {processor.py:840} INFO - DAG(s) 'latest_only' retrieved from /home/airflow/.local/lib/python3.8/site-packages/airflow/example_dags/example_latest_only.py
[2024-04-08T09:30:19.442+0000] {logging_mixin.py:188} INFO - [2024-04-08T09:30:19.442+0000] {dag.py:3047} INFO - Sync 1 DAGs
[2024-04-08T09:30:19.480+0000] {logging_mixin.py:188} INFO - [2024-04-08T09:30:19.480+0000] {dag.py:3834} INFO - Setting next_dagrun for latest_only to 2024-04-08 04:00:00+00:00, run_after=2024-04-08 08:00:00+00:00
[2024-04-08T09:30:19.506+0000] {processor.py:183} INFO - Processing /home/airflow/.local/lib/python3.8/site-packages/airflow/example_dags/example_latest_only.py took 0.220 seconds
[2024-04-08T09:30:49.648+0000] {processor.py:161} INFO - Started process (PID=182) to work on /home/airflow/.local/lib/python3.8/site-packages/airflow/example_dags/example_latest_only.py
[2024-04-08T09:30:49.649+0000] {processor.py:830} INFO - Processing file /home/airflow/.local/lib/python3.8/site-packages/airflow/example_dags/example_latest_only.py for tasks to queue
[2024-04-08T09:30:49.650+0000] {logging_mixin.py:188} INFO - [2024-04-08T09:30:49.650+0000] {dagbag.py:540} INFO - Filling up the DagBag from /home/airflow/.local/lib/python3.8/site-packages/airflow/example_dags/example_latest_only.py
[2024-04-08T09:30:49.652+0000] {processor.py:840} INFO - DAG(s) 'latest_only' retrieved from /home/airflow/.local/lib/python3.8/site-packages/airflow/example_dags/example_latest_only.py
[2024-04-08T09:30:49.729+0000] {logging_mixin.py:188} INFO - [2024-04-08T09:30:49.729+0000] {dag.py:3047} INFO - Sync 1 DAGs
[2024-04-08T09:30:49.771+0000] {logging_mixin.py:188} INFO - [2024-04-08T09:30:49.771+0000] {dag.py:3834} INFO - Setting next_dagrun for latest_only to 2024-04-08 04:00:00+00:00, run_after=2024-04-08 08:00:00+00:00
[2024-04-08T09:30:49.794+0000] {processor.py:183} INFO - Processing /home/airflow/.local/lib/python3.8/site-packages/airflow/example_dags/example_latest_only.py took 0.148 seconds
[2024-04-08T09:31:19.882+0000] {processor.py:161} INFO - Started process (PID=237) to work on /home/airflow/.local/lib/python3.8/site-packages/airflow/example_dags/example_latest_only.py
[2024-04-08T09:31:19.882+0000] {processor.py:830} INFO - Processing file /home/airflow/.local/lib/python3.8/site-packages/airflow/example_dags/example_latest_only.py for tasks to queue
[2024-04-08T09:31:19.883+0000] {logging_mixin.py:188} INFO - [2024-04-08T09:31:19.883+0000] {dagbag.py:540} INFO - Filling up the DagBag from /home/airflow/.local/lib/python3.8/site-packages/airflow/example_dags/example_latest_only.py
[2024-04-08T09:31:19.885+0000] {processor.py:840} INFO - DAG(s) 'latest_only' retrieved from /home/airflow/.local/lib/python3.8/site-packages/airflow/example_dags/example_latest_only.py
[2024-04-08T09:31:19.959+0000] {logging_mixin.py:188} INFO - [2024-04-08T09:31:19.959+0000] {dag.py:3047} INFO - Sync 1 DAGs
[2024-04-08T09:31:19.995+0000] {logging_mixin.py:188} INFO - [2024-04-08T09:31:19.995+0000] {dag.py:3834} INFO - Setting next_dagrun for latest_only to 2024-04-08 04:00:00+00:00, run_after=2024-04-08 08:00:00+00:00
[2024-04-08T09:31:20.015+0000] {processor.py:183} INFO - Processing /home/airflow/.local/lib/python3.8/site-packages/airflow/example_dags/example_latest_only.py took 0.135 seconds
[2024-04-08T09:31:50.228+0000] {processor.py:161} INFO - Started process (PID=291) to work on /home/airflow/.local/lib/python3.8/site-packages/airflow/example_dags/example_latest_only.py
[2024-04-08T09:31:50.228+0000] {processor.py:830} INFO - Processing file /home/airflow/.local/lib/python3.8/site-packages/airflow/example_dags/example_latest_only.py for tasks to queue
[2024-04-08T09:31:50.229+0000] {logging_mixin.py:188} INFO - [2024-04-08T09:31:50.229+0000] {dagbag.py:540} INFO - Filling up the DagBag from /home/airflow/.local/lib/python3.8/site-packages/airflow/example_dags/example_latest_only.py
[2024-04-08T09:31:50.231+0000] {processor.py:840} INFO - DAG(s) 'latest_only' retrieved from /home/airflow/.local/lib/python3.8/site-packages/airflow/example_dags/example_latest_only.py
[2024-04-08T09:31:50.300+0000] {logging_mixin.py:188} INFO - [2024-04-08T09:31:50.300+0000] {dag.py:3047} INFO - Sync 1 DAGs
[2024-04-08T09:31:50.335+0000] {logging_mixin.py:188} INFO - [2024-04-08T09:31:50.335+0000] {dag.py:3834} INFO - Setting next_dagrun for latest_only to 2024-04-08 04:00:00+00:00, run_after=2024-04-08 08:00:00+00:00
[2024-04-08T09:31:50.353+0000] {processor.py:183} INFO - Processing /home/airflow/.local/lib/python3.8/site-packages/airflow/example_dags/example_latest_only.py took 0.127 seconds
[2024-04-08T09:32:20.435+0000] {processor.py:161} INFO - Started process (PID=346) to work on /home/airflow/.local/lib/python3.8/site-packages/airflow/example_dags/example_latest_only.py
[2024-04-08T09:32:20.436+0000] {processor.py:830} INFO - Processing file /home/airflow/.local/lib/python3.8/site-packages/airflow/example_dags/example_latest_only.py for tasks to queue
[2024-04-08T09:32:20.436+0000] {logging_mixin.py:188} INFO - [2024-04-08T09:32:20.436+0000] {dagbag.py:540} INFO - Filling up the DagBag from /home/airflow/.local/lib/python3.8/site-packages/airflow/example_dags/example_latest_only.py
[2024-04-08T09:32:20.439+0000] {processor.py:840} INFO - DAG(s) 'latest_only' retrieved from /home/airflow/.local/lib/python3.8/site-packages/airflow/example_dags/example_latest_only.py
[2024-04-08T09:32:20.508+0000] {logging_mixin.py:188} INFO - [2024-04-08T09:32:20.508+0000] {dag.py:3047} INFO - Sync 1 DAGs
[2024-04-08T09:32:20.542+0000] {logging_mixin.py:188} INFO - [2024-04-08T09:32:20.542+0000] {dag.py:3834} INFO - Setting next_dagrun for latest_only to 2024-04-08 04:00:00+00:00, run_after=2024-04-08 08:00:00+00:00
[2024-04-08T09:32:20.560+0000] {processor.py:183} INFO - Processing /home/airflow/.local/lib/python3.8/site-packages/airflow/example_dags/example_latest_only.py took 0.127 seconds
[2024-04-08T09:32:50.679+0000] {processor.py:161} INFO - Started process (PID=401) to work on /home/airflow/.local/lib/python3.8/site-packages/airflow/example_dags/example_latest_only.py
[2024-04-08T09:32:50.679+0000] {processor.py:830} INFO - Processing file /home/airflow/.local/lib/python3.8/site-packages/airflow/example_dags/example_latest_only.py for tasks to queue
[2024-04-08T09:32:50.680+0000] {logging_mixin.py:188} INFO - [2024-04-08T09:32:50.680+0000] {dagbag.py:540} INFO - Filling up the DagBag from /home/airflow/.local/lib/python3.8/site-packages/airflow/example_dags/example_latest_only.py
[2024-04-08T09:32:50.682+0000] {processor.py:840} INFO - DAG(s) 'latest_only' retrieved from /home/airflow/.local/lib/python3.8/site-packages/airflow/example_dags/example_latest_only.py
[2024-04-08T09:32:50.753+0000] {logging_mixin.py:188} INFO - [2024-04-08T09:32:50.753+0000] {dag.py:3047} INFO - Sync 1 DAGs
[2024-04-08T09:32:50.789+0000] {logging_mixin.py:188} INFO - [2024-04-08T09:32:50.789+0000] {dag.py:3834} INFO - Setting next_dagrun for latest_only to 2024-04-08 04:00:00+00:00, run_after=2024-04-08 08:00:00+00:00
[2024-04-08T09:32:50.809+0000] {processor.py:183} INFO - Processing /home/airflow/.local/lib/python3.8/site-packages/airflow/example_dags/example_latest_only.py took 0.132 seconds
[2024-04-08T09:33:20.873+0000] {processor.py:161} INFO - Started process (PID=456) to work on /home/airflow/.local/lib/python3.8/site-packages/airflow/example_dags/example_latest_only.py
[2024-04-08T09:33:20.873+0000] {processor.py:830} INFO - Processing file /home/airflow/.local/lib/python3.8/site-packages/airflow/example_dags/example_latest_only.py for tasks to queue
[2024-04-08T09:33:20.874+0000] {logging_mixin.py:188} INFO - [2024-04-08T09:33:20.874+0000] {dagbag.py:540} INFO - Filling up the DagBag from /home/airflow/.local/lib/python3.8/site-packages/airflow/example_dags/example_latest_only.py
[2024-04-08T09:33:20.876+0000] {processor.py:840} INFO - DAG(s) 'latest_only' retrieved from /home/airflow/.local/lib/python3.8/site-packages/airflow/example_dags/example_latest_only.py
[2024-04-08T09:33:20.946+0000] {logging_mixin.py:188} INFO - [2024-04-08T09:33:20.946+0000] {dag.py:3047} INFO - Sync 1 DAGs
[2024-04-08T09:33:20.982+0000] {logging_mixin.py:188} INFO - [2024-04-08T09:33:20.982+0000] {dag.py:3834} INFO - Setting next_dagrun for latest_only to 2024-04-08 04:00:00+00:00, run_after=2024-04-08 08:00:00+00:00
[2024-04-08T09:33:21.002+0000] {processor.py:183} INFO - Processing /home/airflow/.local/lib/python3.8/site-packages/airflow/example_dags/example_latest_only.py took 0.131 seconds
[2024-04-08T09:33:51.120+0000] {processor.py:161} INFO - Started process (PID=510) to work on /home/airflow/.local/lib/python3.8/site-packages/airflow/example_dags/example_latest_only.py
[2024-04-08T09:33:51.121+0000] {processor.py:830} INFO - Processing file /home/airflow/.local/lib/python3.8/site-packages/airflow/example_dags/example_latest_only.py for tasks to queue
[2024-04-08T09:33:51.121+0000] {logging_mixin.py:188} INFO - [2024-04-08T09:33:51.121+0000] {dagbag.py:540} INFO - Filling up the DagBag from /home/airflow/.local/lib/python3.8/site-packages/airflow/example_dags/example_latest_only.py
[2024-04-08T09:33:51.124+0000] {processor.py:840} INFO - DAG(s) 'latest_only' retrieved from /home/airflow/.local/lib/python3.8/site-packages/airflow/example_dags/example_latest_only.py
[2024-04-08T09:33:51.195+0000] {logging_mixin.py:188} INFO - [2024-04-08T09:33:51.195+0000] {dag.py:3047} INFO - Sync 1 DAGs
[2024-04-08T09:33:51.233+0000] {logging_mixin.py:188} INFO - [2024-04-08T09:33:51.233+0000] {dag.py:3834} INFO - Setting next_dagrun for latest_only to 2024-04-08 04:00:00+00:00, run_after=2024-04-08 08:00:00+00:00
[2024-04-08T09:33:51.258+0000] {processor.py:183} INFO - Processing /home/airflow/.local/lib/python3.8/site-packages/airflow/example_dags/example_latest_only.py took 0.139 seconds
[2024-04-08T09:34:21.371+0000] {processor.py:161} INFO - Started process (PID=565) to work on /home/airflow/.local/lib/python3.8/site-packages/airflow/example_dags/example_latest_only.py
[2024-04-08T09:34:21.372+0000] {processor.py:830} INFO - Processing file /home/airflow/.local/lib/python3.8/site-packages/airflow/example_dags/example_latest_only.py for tasks to queue
[2024-04-08T09:34:21.373+0000] {logging_mixin.py:188} INFO - [2024-04-08T09:34:21.372+0000] {dagbag.py:540} INFO - Filling up the DagBag from /home/airflow/.local/lib/python3.8/site-packages/airflow/example_dags/example_latest_only.py
[2024-04-08T09:34:21.375+0000] {processor.py:840} INFO - DAG(s) 'latest_only' retrieved from /home/airflow/.local/lib/python3.8/site-packages/airflow/example_dags/example_latest_only.py
[2024-04-08T09:34:21.447+0000] {logging_mixin.py:188} INFO - [2024-04-08T09:34:21.447+0000] {dag.py:3047} INFO - Sync 1 DAGs
[2024-04-08T09:34:21.483+0000] {logging_mixin.py:188} INFO - [2024-04-08T09:34:21.483+0000] {dag.py:3834} INFO - Setting next_dagrun for latest_only to 2024-04-08 04:00:00+00:00, run_after=2024-04-08 08:00:00+00:00
[2024-04-08T09:34:21.503+0000] {processor.py:183} INFO - Processing /home/airflow/.local/lib/python3.8/site-packages/airflow/example_dags/example_latest_only.py took 0.133 seconds
[2024-04-08T09:34:51.615+0000] {processor.py:161} INFO - Started process (PID=620) to work on /home/airflow/.local/lib/python3.8/site-packages/airflow/example_dags/example_latest_only.py
[2024-04-08T09:34:51.616+0000] {processor.py:830} INFO - Processing file /home/airflow/.local/lib/python3.8/site-packages/airflow/example_dags/example_latest_only.py for tasks to queue
[2024-04-08T09:34:51.617+0000] {logging_mixin.py:188} INFO - [2024-04-08T09:34:51.617+0000] {dagbag.py:540} INFO - Filling up the DagBag from /home/airflow/.local/lib/python3.8/site-packages/airflow/example_dags/example_latest_only.py
[2024-04-08T09:34:51.619+0000] {processor.py:840} INFO - DAG(s) 'latest_only' retrieved from /home/airflow/.local/lib/python3.8/site-packages/airflow/example_dags/example_latest_only.py
[2024-04-08T09:34:51.689+0000] {logging_mixin.py:188} INFO - [2024-04-08T09:34:51.689+0000] {dag.py:3047} INFO - Sync 1 DAGs
[2024-04-08T09:34:51.725+0000] {logging_mixin.py:188} INFO - [2024-04-08T09:34:51.725+0000] {dag.py:3834} INFO - Setting next_dagrun for latest_only to 2024-04-08 04:00:00+00:00, run_after=2024-04-08 08:00:00+00:00
[2024-04-08T09:34:51.747+0000] {processor.py:183} INFO - Processing /home/airflow/.local/lib/python3.8/site-packages/airflow/example_dags/example_latest_only.py took 0.133 seconds
[2024-04-08T09:35:22.281+0000] {processor.py:161} INFO - Started process (PID=675) to work on /home/airflow/.local/lib/python3.8/site-packages/airflow/example_dags/example_latest_only.py
[2024-04-08T09:35:22.282+0000] {processor.py:830} INFO - Processing file /home/airflow/.local/lib/python3.8/site-packages/airflow/example_dags/example_latest_only.py for tasks to queue
[2024-04-08T09:35:22.283+0000] {logging_mixin.py:188} INFO - [2024-04-08T09:35:22.283+0000] {dagbag.py:540} INFO - Filling up the DagBag from /home/airflow/.local/lib/python3.8/site-packages/airflow/example_dags/example_latest_only.py
[2024-04-08T09:35:22.285+0000] {processor.py:840} INFO - DAG(s) 'latest_only' retrieved from /home/airflow/.local/lib/python3.8/site-packages/airflow/example_dags/example_latest_only.py
[2024-04-08T09:35:22.355+0000] {logging_mixin.py:188} INFO - [2024-04-08T09:35:22.355+0000] {dag.py:3047} INFO - Sync 1 DAGs
[2024-04-08T09:35:22.389+0000] {logging_mixin.py:188} INFO - [2024-04-08T09:35:22.389+0000] {dag.py:3834} INFO - Setting next_dagrun for latest_only to 2024-04-08 04:00:00+00:00, run_after=2024-04-08 08:00:00+00:00
[2024-04-08T09:35:22.408+0000] {processor.py:183} INFO - Processing /home/airflow/.local/lib/python3.8/site-packages/airflow/example_dags/example_latest_only.py took 0.128 seconds
[2024-04-08T09:35:52.513+0000] {processor.py:161} INFO - Started process (PID=730) to work on /home/airflow/.local/lib/python3.8/site-packages/airflow/example_dags/example_latest_only.py
[2024-04-08T09:35:52.514+0000] {processor.py:830} INFO - Processing file /home/airflow/.local/lib/python3.8/site-packages/airflow/example_dags/example_latest_only.py for tasks to queue
[2024-04-08T09:35:52.515+0000] {logging_mixin.py:188} INFO - [2024-04-08T09:35:52.515+0000] {dagbag.py:540} INFO - Filling up the DagBag from /home/airflow/.local/lib/python3.8/site-packages/airflow/example_dags/example_latest_only.py
[2024-04-08T09:35:52.517+0000] {processor.py:840} INFO - DAG(s) 'latest_only' retrieved from /home/airflow/.local/lib/python3.8/site-packages/airflow/example_dags/example_latest_only.py
[2024-04-08T09:35:52.586+0000] {logging_mixin.py:188} INFO - [2024-04-08T09:35:52.586+0000] {dag.py:3047} INFO - Sync 1 DAGs
[2024-04-08T09:35:52.621+0000] {logging_mixin.py:188} INFO - [2024-04-08T09:35:52.621+0000] {dag.py:3834} INFO - Setting next_dagrun for latest_only to 2024-04-08 04:00:00+00:00, run_after=2024-04-08 08:00:00+00:00
[2024-04-08T09:35:52.640+0000] {processor.py:183} INFO - Processing /home/airflow/.local/lib/python3.8/site-packages/airflow/example_dags/example_latest_only.py took 0.128 seconds
[2024-04-08T09:36:22.752+0000] {processor.py:161} INFO - Started process (PID=785) to work on /home/airflow/.local/lib/python3.8/site-packages/airflow/example_dags/example_latest_only.py
[2024-04-08T09:36:22.752+0000] {processor.py:830} INFO - Processing file /home/airflow/.local/lib/python3.8/site-packages/airflow/example_dags/example_latest_only.py for tasks to queue
[2024-04-08T09:36:22.753+0000] {logging_mixin.py:188} INFO - [2024-04-08T09:36:22.753+0000] {dagbag.py:540} INFO - Filling up the DagBag from /home/airflow/.local/lib/python3.8/site-packages/airflow/example_dags/example_latest_only.py
[2024-04-08T09:36:22.756+0000] {processor.py:840} INFO - DAG(s) 'latest_only' retrieved from /home/airflow/.local/lib/python3.8/site-packages/airflow/example_dags/example_latest_only.py
[2024-04-08T09:36:22.831+0000] {logging_mixin.py:188} INFO - [2024-04-08T09:36:22.831+0000] {dag.py:3047} INFO - Sync 1 DAGs
[2024-04-08T09:36:22.868+0000] {logging_mixin.py:188} INFO - [2024-04-08T09:36:22.868+0000] {dag.py:3834} INFO - Setting next_dagrun for latest_only to 2024-04-08 04:00:00+00:00, run_after=2024-04-08 08:00:00+00:00
[2024-04-08T09:36:22.888+0000] {processor.py:183} INFO - Processing /home/airflow/.local/lib/python3.8/site-packages/airflow/example_dags/example_latest_only.py took 0.138 seconds
[2024-04-08T09:36:53.004+0000] {processor.py:161} INFO - Started process (PID=840) to work on /home/airflow/.local/lib/python3.8/site-packages/airflow/example_dags/example_latest_only.py
[2024-04-08T09:36:53.005+0000] {processor.py:830} INFO - Processing file /home/airflow/.local/lib/python3.8/site-packages/airflow/example_dags/example_latest_only.py for tasks to queue
[2024-04-08T09:36:53.006+0000] {logging_mixin.py:188} INFO - [2024-04-08T09:36:53.006+0000] {dagbag.py:540} INFO - Filling up the DagBag from /home/airflow/.local/lib/python3.8/site-packages/airflow/example_dags/example_latest_only.py
[2024-04-08T09:36:53.009+0000] {processor.py:840} INFO - DAG(s) 'latest_only' retrieved from /home/airflow/.local/lib/python3.8/site-packages/airflow/example_dags/example_latest_only.py
[2024-04-08T09:36:53.087+0000] {logging_mixin.py:188} INFO - [2024-04-08T09:36:53.086+0000] {dag.py:3047} INFO - Sync 1 DAGs
[2024-04-08T09:36:53.121+0000] {logging_mixin.py:188} INFO - [2024-04-08T09:36:53.121+0000] {dag.py:3834} INFO - Setting next_dagrun for latest_only to 2024-04-08 04:00:00+00:00, run_after=2024-04-08 08:00:00+00:00
[2024-04-08T09:36:53.140+0000] {processor.py:183} INFO - Processing /home/airflow/.local/lib/python3.8/site-packages/airflow/example_dags/example_latest_only.py took 0.137 seconds
[2024-04-08T09:37:23.306+0000] {processor.py:161} INFO - Started process (PID=895) to work on /home/airflow/.local/lib/python3.8/site-packages/airflow/example_dags/example_latest_only.py
[2024-04-08T09:37:23.308+0000] {processor.py:830} INFO - Processing file /home/airflow/.local/lib/python3.8/site-packages/airflow/example_dags/example_latest_only.py for tasks to queue
[2024-04-08T09:37:23.309+0000] {logging_mixin.py:188} INFO - [2024-04-08T09:37:23.309+0000] {dagbag.py:540} INFO - Filling up the DagBag from /home/airflow/.local/lib/python3.8/site-packages/airflow/example_dags/example_latest_only.py
[2024-04-08T09:37:23.312+0000] {processor.py:840} INFO - DAG(s) 'latest_only' retrieved from /home/airflow/.local/lib/python3.8/site-packages/airflow/example_dags/example_latest_only.py
[2024-04-08T09:37:23.390+0000] {logging_mixin.py:188} INFO - [2024-04-08T09:37:23.389+0000] {dag.py:3047} INFO - Sync 1 DAGs
[2024-04-08T09:37:23.429+0000] {logging_mixin.py:188} INFO - [2024-04-08T09:37:23.429+0000] {dag.py:3834} INFO - Setting next_dagrun for latest_only to 2024-04-08 04:00:00+00:00, run_after=2024-04-08 08:00:00+00:00
[2024-04-08T09:37:23.450+0000] {processor.py:183} INFO - Processing /home/airflow/.local/lib/python3.8/site-packages/airflow/example_dags/example_latest_only.py took 0.147 seconds
[2024-04-08T09:37:54.343+0000] {processor.py:161} INFO - Started process (PID=950) to work on /home/airflow/.local/lib/python3.8/site-packages/airflow/example_dags/example_latest_only.py
[2024-04-08T09:37:54.344+0000] {processor.py:830} INFO - Processing file /home/airflow/.local/lib/python3.8/site-packages/airflow/example_dags/example_latest_only.py for tasks to queue
[2024-04-08T09:37:54.345+0000] {logging_mixin.py:188} INFO - [2024-04-08T09:37:54.345+0000] {dagbag.py:540} INFO - Filling up the DagBag from /home/airflow/.local/lib/python3.8/site-packages/airflow/example_dags/example_latest_only.py
[2024-04-08T09:37:54.348+0000] {processor.py:840} INFO - DAG(s) 'latest_only' retrieved from /home/airflow/.local/lib/python3.8/site-packages/airflow/example_dags/example_latest_only.py
[2024-04-08T09:37:54.424+0000] {logging_mixin.py:188} INFO - [2024-04-08T09:37:54.424+0000] {dag.py:3047} INFO - Sync 1 DAGs
[2024-04-08T09:37:54.464+0000] {logging_mixin.py:188} INFO - [2024-04-08T09:37:54.464+0000] {dag.py:3834} INFO - Setting next_dagrun for latest_only to 2024-04-08 04:00:00+00:00, run_after=2024-04-08 08:00:00+00:00
[2024-04-08T09:37:54.486+0000] {processor.py:183} INFO - Processing /home/airflow/.local/lib/python3.8/site-packages/airflow/example_dags/example_latest_only.py took 0.144 seconds
[2024-04-08T09:38:25.188+0000] {processor.py:161} INFO - Started process (PID=1005) to work on /home/airflow/.local/lib/python3.8/site-packages/airflow/example_dags/example_latest_only.py
[2024-04-08T09:38:25.189+0000] {processor.py:830} INFO - Processing file /home/airflow/.local/lib/python3.8/site-packages/airflow/example_dags/example_latest_only.py for tasks to queue
[2024-04-08T09:38:25.190+0000] {logging_mixin.py:188} INFO - [2024-04-08T09:38:25.190+0000] {dagbag.py:540} INFO - Filling up the DagBag from /home/airflow/.local/lib/python3.8/site-packages/airflow/example_dags/example_latest_only.py
[2024-04-08T09:38:25.193+0000] {processor.py:840} INFO - DAG(s) 'latest_only' retrieved from /home/airflow/.local/lib/python3.8/site-packages/airflow/example_dags/example_latest_only.py
[2024-04-08T09:38:25.279+0000] {logging_mixin.py:188} INFO - [2024-04-08T09:38:25.279+0000] {dag.py:3047} INFO - Sync 1 DAGs
[2024-04-08T09:38:25.323+0000] {logging_mixin.py:188} INFO - [2024-04-08T09:38:25.322+0000] {dag.py:3834} INFO - Setting next_dagrun for latest_only to 2024-04-08 04:00:00+00:00, run_after=2024-04-08 08:00:00+00:00
[2024-04-08T09:38:25.348+0000] {processor.py:183} INFO - Processing /home/airflow/.local/lib/python3.8/site-packages/airflow/example_dags/example_latest_only.py took 0.162 seconds
[2024-04-08T09:38:56.045+0000] {processor.py:161} INFO - Started process (PID=1060) to work on /home/airflow/.local/lib/python3.8/site-packages/airflow/example_dags/example_latest_only.py
[2024-04-08T09:38:56.046+0000] {processor.py:830} INFO - Processing file /home/airflow/.local/lib/python3.8/site-packages/airflow/example_dags/example_latest_only.py for tasks to queue
[2024-04-08T09:38:56.047+0000] {logging_mixin.py:188} INFO - [2024-04-08T09:38:56.047+0000] {dagbag.py:540} INFO - Filling up the DagBag from /home/airflow/.local/lib/python3.8/site-packages/airflow/example_dags/example_latest_only.py
[2024-04-08T09:38:56.052+0000] {processor.py:840} INFO - DAG(s) 'latest_only' retrieved from /home/airflow/.local/lib/python3.8/site-packages/airflow/example_dags/example_latest_only.py
[2024-04-08T09:38:56.203+0000] {logging_mixin.py:188} INFO - [2024-04-08T09:38:56.203+0000] {dag.py:3047} INFO - Sync 1 DAGs
[2024-04-08T09:38:56.279+0000] {logging_mixin.py:188} INFO - [2024-04-08T09:38:56.278+0000] {dag.py:3834} INFO - Setting next_dagrun for latest_only to 2024-04-08 04:00:00+00:00, run_after=2024-04-08 08:00:00+00:00
[2024-04-08T09:38:56.320+0000] {processor.py:183} INFO - Processing /home/airflow/.local/lib/python3.8/site-packages/airflow/example_dags/example_latest_only.py took 0.278 seconds
[2024-04-08T09:39:26.789+0000] {processor.py:161} INFO - Started process (PID=1115) to work on /home/airflow/.local/lib/python3.8/site-packages/airflow/example_dags/example_latest_only.py
[2024-04-08T09:39:26.790+0000] {processor.py:830} INFO - Processing file /home/airflow/.local/lib/python3.8/site-packages/airflow/example_dags/example_latest_only.py for tasks to queue
[2024-04-08T09:39:26.791+0000] {logging_mixin.py:188} INFO - [2024-04-08T09:39:26.790+0000] {dagbag.py:540} INFO - Filling up the DagBag from /home/airflow/.local/lib/python3.8/site-packages/airflow/example_dags/example_latest_only.py
[2024-04-08T09:39:26.793+0000] {processor.py:840} INFO - DAG(s) 'latest_only' retrieved from /home/airflow/.local/lib/python3.8/site-packages/airflow/example_dags/example_latest_only.py
[2024-04-08T09:39:26.865+0000] {logging_mixin.py:188} INFO - [2024-04-08T09:39:26.865+0000] {dag.py:3047} INFO - Sync 1 DAGs
[2024-04-08T09:39:26.901+0000] {logging_mixin.py:188} INFO - [2024-04-08T09:39:26.901+0000] {dag.py:3834} INFO - Setting next_dagrun for latest_only to 2024-04-08 04:00:00+00:00, run_after=2024-04-08 08:00:00+00:00
[2024-04-08T09:39:26.920+0000] {processor.py:183} INFO - Processing /home/airflow/.local/lib/python3.8/site-packages/airflow/example_dags/example_latest_only.py took 0.133 seconds
[2024-04-08T09:39:56.952+0000] {processor.py:161} INFO - Started process (PID=1170) to work on /home/airflow/.local/lib/python3.8/site-packages/airflow/example_dags/example_latest_only.py
[2024-04-08T09:39:56.953+0000] {processor.py:830} INFO - Processing file /home/airflow/.local/lib/python3.8/site-packages/airflow/example_dags/example_latest_only.py for tasks to queue
[2024-04-08T09:39:56.954+0000] {logging_mixin.py:188} INFO - [2024-04-08T09:39:56.954+0000] {dagbag.py:540} INFO - Filling up the DagBag from /home/airflow/.local/lib/python3.8/site-packages/airflow/example_dags/example_latest_only.py
[2024-04-08T09:39:56.956+0000] {processor.py:840} INFO - DAG(s) 'latest_only' retrieved from /home/airflow/.local/lib/python3.8/site-packages/airflow/example_dags/example_latest_only.py
[2024-04-08T09:39:57.031+0000] {logging_mixin.py:188} INFO - [2024-04-08T09:39:57.031+0000] {dag.py:3047} INFO - Sync 1 DAGs
[2024-04-08T09:39:57.068+0000] {logging_mixin.py:188} INFO - [2024-04-08T09:39:57.068+0000] {dag.py:3834} INFO - Setting next_dagrun for latest_only to 2024-04-08 04:00:00+00:00, run_after=2024-04-08 08:00:00+00:00
[2024-04-08T09:39:57.087+0000] {processor.py:183} INFO - Processing /home/airflow/.local/lib/python3.8/site-packages/airflow/example_dags/example_latest_only.py took 0.137 seconds
[2024-04-08T09:40:27.388+0000] {processor.py:161} INFO - Started process (PID=1224) to work on /home/airflow/.local/lib/python3.8/site-packages/airflow/example_dags/example_latest_only.py
[2024-04-08T09:40:27.388+0000] {processor.py:830} INFO - Processing file /home/airflow/.local/lib/python3.8/site-packages/airflow/example_dags/example_latest_only.py for tasks to queue
[2024-04-08T09:40:27.389+0000] {logging_mixin.py:188} INFO - [2024-04-08T09:40:27.389+0000] {dagbag.py:540} INFO - Filling up the DagBag from /home/airflow/.local/lib/python3.8/site-packages/airflow/example_dags/example_latest_only.py
[2024-04-08T09:40:27.392+0000] {processor.py:840} INFO - DAG(s) 'latest_only' retrieved from /home/airflow/.local/lib/python3.8/site-packages/airflow/example_dags/example_latest_only.py
[2024-04-08T09:40:27.467+0000] {logging_mixin.py:188} INFO - [2024-04-08T09:40:27.467+0000] {dag.py:3047} INFO - Sync 1 DAGs
[2024-04-08T09:40:27.507+0000] {logging_mixin.py:188} INFO - [2024-04-08T09:40:27.506+0000] {dag.py:3834} INFO - Setting next_dagrun for latest_only to 2024-04-08 04:00:00+00:00, run_after=2024-04-08 08:00:00+00:00
[2024-04-08T09:40:27.526+0000] {processor.py:183} INFO - Processing /home/airflow/.local/lib/python3.8/site-packages/airflow/example_dags/example_latest_only.py took 0.140 seconds
[2024-04-08T09:40:57.630+0000] {processor.py:161} INFO - Started process (PID=1279) to work on /home/airflow/.local/lib/python3.8/site-packages/airflow/example_dags/example_latest_only.py
[2024-04-08T09:40:57.631+0000] {processor.py:830} INFO - Processing file /home/airflow/.local/lib/python3.8/site-packages/airflow/example_dags/example_latest_only.py for tasks to queue
[2024-04-08T09:40:57.631+0000] {logging_mixin.py:188} INFO - [2024-04-08T09:40:57.631+0000] {dagbag.py:540} INFO - Filling up the DagBag from /home/airflow/.local/lib/python3.8/site-packages/airflow/example_dags/example_latest_only.py
[2024-04-08T09:40:57.634+0000] {processor.py:840} INFO - DAG(s) 'latest_only' retrieved from /home/airflow/.local/lib/python3.8/site-packages/airflow/example_dags/example_latest_only.py
[2024-04-08T09:40:57.707+0000] {logging_mixin.py:188} INFO - [2024-04-08T09:40:57.707+0000] {dag.py:3047} INFO - Sync 1 DAGs
[2024-04-08T09:40:57.743+0000] {logging_mixin.py:188} INFO - [2024-04-08T09:40:57.743+0000] {dag.py:3834} INFO - Setting next_dagrun for latest_only to 2024-04-08 04:00:00+00:00, run_after=2024-04-08 08:00:00+00:00
[2024-04-08T09:40:57.762+0000] {processor.py:183} INFO - Processing /home/airflow/.local/lib/python3.8/site-packages/airflow/example_dags/example_latest_only.py took 0.133 seconds
[2024-04-08T09:41:28.699+0000] {processor.py:161} INFO - Started process (PID=1334) to work on /home/airflow/.local/lib/python3.8/site-packages/airflow/example_dags/example_latest_only.py
[2024-04-08T09:41:28.699+0000] {processor.py:830} INFO - Processing file /home/airflow/.local/lib/python3.8/site-packages/airflow/example_dags/example_latest_only.py for tasks to queue
[2024-04-08T09:41:28.700+0000] {logging_mixin.py:188} INFO - [2024-04-08T09:41:28.700+0000] {dagbag.py:540} INFO - Filling up the DagBag from /home/airflow/.local/lib/python3.8/site-packages/airflow/example_dags/example_latest_only.py
[2024-04-08T09:41:28.702+0000] {processor.py:840} INFO - DAG(s) 'latest_only' retrieved from /home/airflow/.local/lib/python3.8/site-packages/airflow/example_dags/example_latest_only.py
[2024-04-08T09:41:28.775+0000] {logging_mixin.py:188} INFO - [2024-04-08T09:41:28.775+0000] {dag.py:3047} INFO - Sync 1 DAGs
[2024-04-08T09:41:28.812+0000] {logging_mixin.py:188} INFO - [2024-04-08T09:41:28.812+0000] {dag.py:3834} INFO - Setting next_dagrun for latest_only to 2024-04-08 04:00:00+00:00, run_after=2024-04-08 08:00:00+00:00
[2024-04-08T09:41:28.832+0000] {processor.py:183} INFO - Processing /home/airflow/.local/lib/python3.8/site-packages/airflow/example_dags/example_latest_only.py took 0.135 seconds
[2024-04-08T09:41:59.622+0000] {processor.py:161} INFO - Started process (PID=1389) to work on /home/airflow/.local/lib/python3.8/site-packages/airflow/example_dags/example_latest_only.py
[2024-04-08T09:41:59.623+0000] {processor.py:830} INFO - Processing file /home/airflow/.local/lib/python3.8/site-packages/airflow/example_dags/example_latest_only.py for tasks to queue
[2024-04-08T09:41:59.624+0000] {logging_mixin.py:188} INFO - [2024-04-08T09:41:59.624+0000] {dagbag.py:540} INFO - Filling up the DagBag from /home/airflow/.local/lib/python3.8/site-packages/airflow/example_dags/example_latest_only.py
[2024-04-08T09:41:59.626+0000] {processor.py:840} INFO - DAG(s) 'latest_only' retrieved from /home/airflow/.local/lib/python3.8/site-packages/airflow/example_dags/example_latest_only.py
[2024-04-08T09:41:59.702+0000] {logging_mixin.py:188} INFO - [2024-04-08T09:41:59.702+0000] {dag.py:3047} INFO - Sync 1 DAGs
[2024-04-08T09:41:59.746+0000] {logging_mixin.py:188} INFO - [2024-04-08T09:41:59.746+0000] {dag.py:3834} INFO - Setting next_dagrun for latest_only to 2024-04-08 04:00:00+00:00, run_after=2024-04-08 08:00:00+00:00
[2024-04-08T09:41:59.772+0000] {processor.py:183} INFO - Processing /home/airflow/.local/lib/python3.8/site-packages/airflow/example_dags/example_latest_only.py took 0.151 seconds
[2024-04-08T09:42:29.941+0000] {processor.py:161} INFO - Started process (PID=1444) to work on /home/airflow/.local/lib/python3.8/site-packages/airflow/example_dags/example_latest_only.py
[2024-04-08T09:42:29.941+0000] {processor.py:830} INFO - Processing file /home/airflow/.local/lib/python3.8/site-packages/airflow/example_dags/example_latest_only.py for tasks to queue
[2024-04-08T09:42:29.942+0000] {logging_mixin.py:188} INFO - [2024-04-08T09:42:29.942+0000] {dagbag.py:540} INFO - Filling up the DagBag from /home/airflow/.local/lib/python3.8/site-packages/airflow/example_dags/example_latest_only.py
[2024-04-08T09:42:29.944+0000] {processor.py:840} INFO - DAG(s) 'latest_only' retrieved from /home/airflow/.local/lib/python3.8/site-packages/airflow/example_dags/example_latest_only.py
[2024-04-08T09:42:30.018+0000] {logging_mixin.py:188} INFO - [2024-04-08T09:42:30.018+0000] {dag.py:3047} INFO - Sync 1 DAGs
[2024-04-08T09:42:30.054+0000] {logging_mixin.py:188} INFO - [2024-04-08T09:42:30.054+0000] {dag.py:3834} INFO - Setting next_dagrun for latest_only to 2024-04-08 04:00:00+00:00, run_after=2024-04-08 08:00:00+00:00
[2024-04-08T09:42:30.075+0000] {processor.py:183} INFO - Processing /home/airflow/.local/lib/python3.8/site-packages/airflow/example_dags/example_latest_only.py took 0.135 seconds
[2024-04-08T09:43:00.091+0000] {processor.py:161} INFO - Started process (PID=1498) to work on /home/airflow/.local/lib/python3.8/site-packages/airflow/example_dags/example_latest_only.py
[2024-04-08T09:43:00.091+0000] {processor.py:830} INFO - Processing file /home/airflow/.local/lib/python3.8/site-packages/airflow/example_dags/example_latest_only.py for tasks to queue
[2024-04-08T09:43:00.092+0000] {logging_mixin.py:188} INFO - [2024-04-08T09:43:00.092+0000] {dagbag.py:540} INFO - Filling up the DagBag from /home/airflow/.local/lib/python3.8/site-packages/airflow/example_dags/example_latest_only.py
[2024-04-08T09:43:00.095+0000] {processor.py:840} INFO - DAG(s) 'latest_only' retrieved from /home/airflow/.local/lib/python3.8/site-packages/airflow/example_dags/example_latest_only.py
[2024-04-08T09:43:00.162+0000] {logging_mixin.py:188} INFO - [2024-04-08T09:43:00.162+0000] {dag.py:3047} INFO - Sync 1 DAGs
[2024-04-08T09:43:00.196+0000] {logging_mixin.py:188} INFO - [2024-04-08T09:43:00.196+0000] {dag.py:3834} INFO - Setting next_dagrun for latest_only to 2024-04-08 04:00:00+00:00, run_after=2024-04-08 08:00:00+00:00
[2024-04-08T09:43:00.215+0000] {processor.py:183} INFO - Processing /home/airflow/.local/lib/python3.8/site-packages/airflow/example_dags/example_latest_only.py took 0.125 seconds
[2024-04-08T09:43:30.351+0000] {processor.py:161} INFO - Started process (PID=1553) to work on /home/airflow/.local/lib/python3.8/site-packages/airflow/example_dags/example_latest_only.py
[2024-04-08T09:43:30.352+0000] {processor.py:830} INFO - Processing file /home/airflow/.local/lib/python3.8/site-packages/airflow/example_dags/example_latest_only.py for tasks to queue
[2024-04-08T09:43:30.353+0000] {logging_mixin.py:188} INFO - [2024-04-08T09:43:30.353+0000] {dagbag.py:540} INFO - Filling up the DagBag from /home/airflow/.local/lib/python3.8/site-packages/airflow/example_dags/example_latest_only.py
[2024-04-08T09:43:30.355+0000] {processor.py:840} INFO - DAG(s) 'latest_only' retrieved from /home/airflow/.local/lib/python3.8/site-packages/airflow/example_dags/example_latest_only.py
[2024-04-08T09:43:30.428+0000] {logging_mixin.py:188} INFO - [2024-04-08T09:43:30.428+0000] {dag.py:3047} INFO - Sync 1 DAGs
[2024-04-08T09:43:30.463+0000] {logging_mixin.py:188} INFO - [2024-04-08T09:43:30.463+0000] {dag.py:3834} INFO - Setting next_dagrun for latest_only to 2024-04-08 04:00:00+00:00, run_after=2024-04-08 08:00:00+00:00
[2024-04-08T09:43:30.481+0000] {processor.py:183} INFO - Processing /home/airflow/.local/lib/python3.8/site-packages/airflow/example_dags/example_latest_only.py took 0.131 seconds
[2024-04-08T09:44:01.077+0000] {processor.py:161} INFO - Started process (PID=1608) to work on /home/airflow/.local/lib/python3.8/site-packages/airflow/example_dags/example_latest_only.py
[2024-04-08T09:44:01.077+0000] {processor.py:830} INFO - Processing file /home/airflow/.local/lib/python3.8/site-packages/airflow/example_dags/example_latest_only.py for tasks to queue
[2024-04-08T09:44:01.078+0000] {logging_mixin.py:188} INFO - [2024-04-08T09:44:01.078+0000] {dagbag.py:540} INFO - Filling up the DagBag from /home/airflow/.local/lib/python3.8/site-packages/airflow/example_dags/example_latest_only.py
[2024-04-08T09:44:01.081+0000] {processor.py:840} INFO - DAG(s) 'latest_only' retrieved from /home/airflow/.local/lib/python3.8/site-packages/airflow/example_dags/example_latest_only.py
[2024-04-08T09:44:01.155+0000] {logging_mixin.py:188} INFO - [2024-04-08T09:44:01.155+0000] {dag.py:3047} INFO - Sync 1 DAGs
[2024-04-08T09:44:01.191+0000] {logging_mixin.py:188} INFO - [2024-04-08T09:44:01.191+0000] {dag.py:3834} INFO - Setting next_dagrun for latest_only to 2024-04-08 04:00:00+00:00, run_after=2024-04-08 08:00:00+00:00
[2024-04-08T09:44:01.212+0000] {processor.py:183} INFO - Processing /home/airflow/.local/lib/python3.8/site-packages/airflow/example_dags/example_latest_only.py took 0.137 seconds
[2024-04-08T09:44:31.266+0000] {processor.py:161} INFO - Started process (PID=1663) to work on /home/airflow/.local/lib/python3.8/site-packages/airflow/example_dags/example_latest_only.py
[2024-04-08T09:44:31.266+0000] {processor.py:830} INFO - Processing file /home/airflow/.local/lib/python3.8/site-packages/airflow/example_dags/example_latest_only.py for tasks to queue
[2024-04-08T09:44:31.267+0000] {logging_mixin.py:188} INFO - [2024-04-08T09:44:31.267+0000] {dagbag.py:540} INFO - Filling up the DagBag from /home/airflow/.local/lib/python3.8/site-packages/airflow/example_dags/example_latest_only.py
[2024-04-08T09:44:31.269+0000] {processor.py:840} INFO - DAG(s) 'latest_only' retrieved from /home/airflow/.local/lib/python3.8/site-packages/airflow/example_dags/example_latest_only.py
[2024-04-08T09:44:31.341+0000] {logging_mixin.py:188} INFO - [2024-04-08T09:44:31.341+0000] {dag.py:3047} INFO - Sync 1 DAGs
[2024-04-08T09:44:31.381+0000] {logging_mixin.py:188} INFO - [2024-04-08T09:44:31.381+0000] {dag.py:3834} INFO - Setting next_dagrun for latest_only to 2024-04-08 04:00:00+00:00, run_after=2024-04-08 08:00:00+00:00
[2024-04-08T09:44:31.402+0000] {processor.py:183} INFO - Processing /home/airflow/.local/lib/python3.8/site-packages/airflow/example_dags/example_latest_only.py took 0.137 seconds
[2024-04-08T09:45:01.545+0000] {processor.py:161} INFO - Started process (PID=1718) to work on /home/airflow/.local/lib/python3.8/site-packages/airflow/example_dags/example_latest_only.py
[2024-04-08T09:45:01.546+0000] {processor.py:830} INFO - Processing file /home/airflow/.local/lib/python3.8/site-packages/airflow/example_dags/example_latest_only.py for tasks to queue
[2024-04-08T09:45:01.547+0000] {logging_mixin.py:188} INFO - [2024-04-08T09:45:01.547+0000] {dagbag.py:540} INFO - Filling up the DagBag from /home/airflow/.local/lib/python3.8/site-packages/airflow/example_dags/example_latest_only.py
[2024-04-08T09:45:01.550+0000] {processor.py:840} INFO - DAG(s) 'latest_only' retrieved from /home/airflow/.local/lib/python3.8/site-packages/airflow/example_dags/example_latest_only.py
[2024-04-08T09:45:01.625+0000] {logging_mixin.py:188} INFO - [2024-04-08T09:45:01.625+0000] {dag.py:3047} INFO - Sync 1 DAGs
[2024-04-08T09:45:01.665+0000] {logging_mixin.py:188} INFO - [2024-04-08T09:45:01.665+0000] {dag.py:3834} INFO - Setting next_dagrun for latest_only to 2024-04-08 04:00:00+00:00, run_after=2024-04-08 08:00:00+00:00
[2024-04-08T09:45:01.687+0000] {processor.py:183} INFO - Processing /home/airflow/.local/lib/python3.8/site-packages/airflow/example_dags/example_latest_only.py took 0.143 seconds
[2024-04-08T09:45:31.811+0000] {processor.py:161} INFO - Started process (PID=1773) to work on /home/airflow/.local/lib/python3.8/site-packages/airflow/example_dags/example_latest_only.py
[2024-04-08T09:45:31.811+0000] {processor.py:830} INFO - Processing file /home/airflow/.local/lib/python3.8/site-packages/airflow/example_dags/example_latest_only.py for tasks to queue
[2024-04-08T09:45:31.812+0000] {logging_mixin.py:188} INFO - [2024-04-08T09:45:31.812+0000] {dagbag.py:540} INFO - Filling up the DagBag from /home/airflow/.local/lib/python3.8/site-packages/airflow/example_dags/example_latest_only.py
[2024-04-08T09:45:31.814+0000] {processor.py:840} INFO - DAG(s) 'latest_only' retrieved from /home/airflow/.local/lib/python3.8/site-packages/airflow/example_dags/example_latest_only.py
[2024-04-08T09:45:31.886+0000] {logging_mixin.py:188} INFO - [2024-04-08T09:45:31.886+0000] {dag.py:3047} INFO - Sync 1 DAGs
[2024-04-08T09:45:31.922+0000] {logging_mixin.py:188} INFO - [2024-04-08T09:45:31.922+0000] {dag.py:3834} INFO - Setting next_dagrun for latest_only to 2024-04-08 04:00:00+00:00, run_after=2024-04-08 08:00:00+00:00
[2024-04-08T09:45:31.943+0000] {processor.py:183} INFO - Processing /home/airflow/.local/lib/python3.8/site-packages/airflow/example_dags/example_latest_only.py took 0.134 seconds
[2024-04-08T09:46:02.044+0000] {processor.py:161} INFO - Started process (PID=1828) to work on /home/airflow/.local/lib/python3.8/site-packages/airflow/example_dags/example_latest_only.py
[2024-04-08T09:46:02.044+0000] {processor.py:830} INFO - Processing file /home/airflow/.local/lib/python3.8/site-packages/airflow/example_dags/example_latest_only.py for tasks to queue
[2024-04-08T09:46:02.045+0000] {logging_mixin.py:188} INFO - [2024-04-08T09:46:02.045+0000] {dagbag.py:540} INFO - Filling up the DagBag from /home/airflow/.local/lib/python3.8/site-packages/airflow/example_dags/example_latest_only.py
[2024-04-08T09:46:02.047+0000] {processor.py:840} INFO - DAG(s) 'latest_only' retrieved from /home/airflow/.local/lib/python3.8/site-packages/airflow/example_dags/example_latest_only.py
[2024-04-08T09:46:02.120+0000] {logging_mixin.py:188} INFO - [2024-04-08T09:46:02.120+0000] {dag.py:3047} INFO - Sync 1 DAGs
[2024-04-08T09:46:02.169+0000] {logging_mixin.py:188} INFO - [2024-04-08T09:46:02.169+0000] {dag.py:3834} INFO - Setting next_dagrun for latest_only to 2024-04-08 04:00:00+00:00, run_after=2024-04-08 08:00:00+00:00
[2024-04-08T09:46:02.193+0000] {processor.py:183} INFO - Processing /home/airflow/.local/lib/python3.8/site-packages/airflow/example_dags/example_latest_only.py took 0.150 seconds
