[2024-04-08T09:29:48.777+0000] {processor.py:161} INFO - Started process (PID=78) to work on /home/airflow/.local/lib/python3.8/site-packages/airflow/example_dags/example_task_group.py
[2024-04-08T09:29:48.778+0000] {processor.py:830} INFO - Processing file /home/airflow/.local/lib/python3.8/site-packages/airflow/example_dags/example_task_group.py for tasks to queue
[2024-04-08T09:29:48.778+0000] {logging_mixin.py:188} INFO - [2024-04-08T09:29:48.778+0000] {dagbag.py:540} INFO - Filling up the DagBag from /home/airflow/.local/lib/python3.8/site-packages/airflow/example_dags/example_task_group.py
[2024-04-08T09:29:48.782+0000] {processor.py:840} INFO - DAG(s) 'example_task_group' retrieved from /home/airflow/.local/lib/python3.8/site-packages/airflow/example_dags/example_task_group.py
[2024-04-08T09:29:48.862+0000] {logging_mixin.py:188} INFO - [2024-04-08T09:29:48.862+0000] {dag.py:3047} INFO - Sync 1 DAGs
[2024-04-08T09:29:48.911+0000] {logging_mixin.py:188} INFO - [2024-04-08T09:29:48.910+0000] {dag.py:3834} INFO - Setting next_dagrun for example_task_group to 2024-04-07 00:00:00+00:00, run_after=2024-04-08 00:00:00+00:00
[2024-04-08T09:29:48.939+0000] {processor.py:183} INFO - Processing /home/airflow/.local/lib/python3.8/site-packages/airflow/example_dags/example_task_group.py took 0.163 seconds
[2024-04-08T09:30:20.158+0000] {processor.py:161} INFO - Started process (PID=133) to work on /home/airflow/.local/lib/python3.8/site-packages/airflow/example_dags/example_task_group.py
[2024-04-08T09:30:20.158+0000] {processor.py:830} INFO - Processing file /home/airflow/.local/lib/python3.8/site-packages/airflow/example_dags/example_task_group.py for tasks to queue
[2024-04-08T09:30:20.159+0000] {logging_mixin.py:188} INFO - [2024-04-08T09:30:20.159+0000] {dagbag.py:540} INFO - Filling up the DagBag from /home/airflow/.local/lib/python3.8/site-packages/airflow/example_dags/example_task_group.py
[2024-04-08T09:30:20.163+0000] {processor.py:840} INFO - DAG(s) 'example_task_group' retrieved from /home/airflow/.local/lib/python3.8/site-packages/airflow/example_dags/example_task_group.py
[2024-04-08T09:30:20.284+0000] {logging_mixin.py:188} INFO - [2024-04-08T09:30:20.284+0000] {dag.py:3047} INFO - Sync 1 DAGs
[2024-04-08T09:30:20.319+0000] {logging_mixin.py:188} INFO - [2024-04-08T09:30:20.318+0000] {dag.py:3834} INFO - Setting next_dagrun for example_task_group to 2024-04-07 00:00:00+00:00, run_after=2024-04-08 00:00:00+00:00
[2024-04-08T09:30:20.341+0000] {processor.py:183} INFO - Processing /home/airflow/.local/lib/python3.8/site-packages/airflow/example_dags/example_task_group.py took 0.184 seconds
[2024-04-08T09:30:50.411+0000] {processor.py:161} INFO - Started process (PID=188) to work on /home/airflow/.local/lib/python3.8/site-packages/airflow/example_dags/example_task_group.py
[2024-04-08T09:30:50.412+0000] {processor.py:830} INFO - Processing file /home/airflow/.local/lib/python3.8/site-packages/airflow/example_dags/example_task_group.py for tasks to queue
[2024-04-08T09:30:50.413+0000] {logging_mixin.py:188} INFO - [2024-04-08T09:30:50.413+0000] {dagbag.py:540} INFO - Filling up the DagBag from /home/airflow/.local/lib/python3.8/site-packages/airflow/example_dags/example_task_group.py
[2024-04-08T09:30:50.417+0000] {processor.py:840} INFO - DAG(s) 'example_task_group' retrieved from /home/airflow/.local/lib/python3.8/site-packages/airflow/example_dags/example_task_group.py
[2024-04-08T09:30:50.492+0000] {logging_mixin.py:188} INFO - [2024-04-08T09:30:50.491+0000] {dag.py:3047} INFO - Sync 1 DAGs
[2024-04-08T09:30:50.529+0000] {logging_mixin.py:188} INFO - [2024-04-08T09:30:50.528+0000] {dag.py:3834} INFO - Setting next_dagrun for example_task_group to 2024-04-07 00:00:00+00:00, run_after=2024-04-08 00:00:00+00:00
[2024-04-08T09:30:50.547+0000] {processor.py:183} INFO - Processing /home/airflow/.local/lib/python3.8/site-packages/airflow/example_dags/example_task_group.py took 0.138 seconds
[2024-04-08T09:31:20.623+0000] {processor.py:161} INFO - Started process (PID=243) to work on /home/airflow/.local/lib/python3.8/site-packages/airflow/example_dags/example_task_group.py
[2024-04-08T09:31:20.623+0000] {processor.py:830} INFO - Processing file /home/airflow/.local/lib/python3.8/site-packages/airflow/example_dags/example_task_group.py for tasks to queue
[2024-04-08T09:31:20.624+0000] {logging_mixin.py:188} INFO - [2024-04-08T09:31:20.624+0000] {dagbag.py:540} INFO - Filling up the DagBag from /home/airflow/.local/lib/python3.8/site-packages/airflow/example_dags/example_task_group.py
[2024-04-08T09:31:20.628+0000] {processor.py:840} INFO - DAG(s) 'example_task_group' retrieved from /home/airflow/.local/lib/python3.8/site-packages/airflow/example_dags/example_task_group.py
[2024-04-08T09:31:20.702+0000] {logging_mixin.py:188} INFO - [2024-04-08T09:31:20.702+0000] {dag.py:3047} INFO - Sync 1 DAGs
[2024-04-08T09:31:20.741+0000] {logging_mixin.py:188} INFO - [2024-04-08T09:31:20.741+0000] {dag.py:3834} INFO - Setting next_dagrun for example_task_group to 2024-04-07 00:00:00+00:00, run_after=2024-04-08 00:00:00+00:00
[2024-04-08T09:31:20.760+0000] {processor.py:183} INFO - Processing /home/airflow/.local/lib/python3.8/site-packages/airflow/example_dags/example_task_group.py took 0.139 seconds
[2024-04-08T09:31:50.818+0000] {processor.py:161} INFO - Started process (PID=297) to work on /home/airflow/.local/lib/python3.8/site-packages/airflow/example_dags/example_task_group.py
[2024-04-08T09:31:50.819+0000] {processor.py:830} INFO - Processing file /home/airflow/.local/lib/python3.8/site-packages/airflow/example_dags/example_task_group.py for tasks to queue
[2024-04-08T09:31:50.820+0000] {logging_mixin.py:188} INFO - [2024-04-08T09:31:50.820+0000] {dagbag.py:540} INFO - Filling up the DagBag from /home/airflow/.local/lib/python3.8/site-packages/airflow/example_dags/example_task_group.py
[2024-04-08T09:31:50.824+0000] {processor.py:840} INFO - DAG(s) 'example_task_group' retrieved from /home/airflow/.local/lib/python3.8/site-packages/airflow/example_dags/example_task_group.py
[2024-04-08T09:31:50.898+0000] {logging_mixin.py:188} INFO - [2024-04-08T09:31:50.898+0000] {dag.py:3047} INFO - Sync 1 DAGs
[2024-04-08T09:31:50.936+0000] {logging_mixin.py:188} INFO - [2024-04-08T09:31:50.936+0000] {dag.py:3834} INFO - Setting next_dagrun for example_task_group to 2024-04-07 00:00:00+00:00, run_after=2024-04-08 00:00:00+00:00
[2024-04-08T09:31:50.955+0000] {processor.py:183} INFO - Processing /home/airflow/.local/lib/python3.8/site-packages/airflow/example_dags/example_task_group.py took 0.139 seconds
[2024-04-08T09:32:21.016+0000] {processor.py:161} INFO - Started process (PID=352) to work on /home/airflow/.local/lib/python3.8/site-packages/airflow/example_dags/example_task_group.py
[2024-04-08T09:32:21.017+0000] {processor.py:830} INFO - Processing file /home/airflow/.local/lib/python3.8/site-packages/airflow/example_dags/example_task_group.py for tasks to queue
[2024-04-08T09:32:21.018+0000] {logging_mixin.py:188} INFO - [2024-04-08T09:32:21.018+0000] {dagbag.py:540} INFO - Filling up the DagBag from /home/airflow/.local/lib/python3.8/site-packages/airflow/example_dags/example_task_group.py
[2024-04-08T09:32:21.021+0000] {processor.py:840} INFO - DAG(s) 'example_task_group' retrieved from /home/airflow/.local/lib/python3.8/site-packages/airflow/example_dags/example_task_group.py
[2024-04-08T09:32:21.094+0000] {logging_mixin.py:188} INFO - [2024-04-08T09:32:21.094+0000] {dag.py:3047} INFO - Sync 1 DAGs
[2024-04-08T09:32:21.132+0000] {logging_mixin.py:188} INFO - [2024-04-08T09:32:21.132+0000] {dag.py:3834} INFO - Setting next_dagrun for example_task_group to 2024-04-07 00:00:00+00:00, run_after=2024-04-08 00:00:00+00:00
[2024-04-08T09:32:21.152+0000] {processor.py:183} INFO - Processing /home/airflow/.local/lib/python3.8/site-packages/airflow/example_dags/example_task_group.py took 0.137 seconds
[2024-04-08T09:32:51.297+0000] {processor.py:161} INFO - Started process (PID=408) to work on /home/airflow/.local/lib/python3.8/site-packages/airflow/example_dags/example_task_group.py
[2024-04-08T09:32:51.297+0000] {processor.py:830} INFO - Processing file /home/airflow/.local/lib/python3.8/site-packages/airflow/example_dags/example_task_group.py for tasks to queue
[2024-04-08T09:32:51.298+0000] {logging_mixin.py:188} INFO - [2024-04-08T09:32:51.298+0000] {dagbag.py:540} INFO - Filling up the DagBag from /home/airflow/.local/lib/python3.8/site-packages/airflow/example_dags/example_task_group.py
[2024-04-08T09:32:51.302+0000] {processor.py:840} INFO - DAG(s) 'example_task_group' retrieved from /home/airflow/.local/lib/python3.8/site-packages/airflow/example_dags/example_task_group.py
[2024-04-08T09:32:51.375+0000] {logging_mixin.py:188} INFO - [2024-04-08T09:32:51.374+0000] {dag.py:3047} INFO - Sync 1 DAGs
[2024-04-08T09:32:51.411+0000] {logging_mixin.py:188} INFO - [2024-04-08T09:32:51.411+0000] {dag.py:3834} INFO - Setting next_dagrun for example_task_group to 2024-04-07 00:00:00+00:00, run_after=2024-04-08 00:00:00+00:00
[2024-04-08T09:32:51.431+0000] {processor.py:183} INFO - Processing /home/airflow/.local/lib/python3.8/site-packages/airflow/example_dags/example_task_group.py took 0.135 seconds
[2024-04-08T09:33:21.536+0000] {processor.py:161} INFO - Started process (PID=463) to work on /home/airflow/.local/lib/python3.8/site-packages/airflow/example_dags/example_task_group.py
[2024-04-08T09:33:21.537+0000] {processor.py:830} INFO - Processing file /home/airflow/.local/lib/python3.8/site-packages/airflow/example_dags/example_task_group.py for tasks to queue
[2024-04-08T09:33:21.538+0000] {logging_mixin.py:188} INFO - [2024-04-08T09:33:21.537+0000] {dagbag.py:540} INFO - Filling up the DagBag from /home/airflow/.local/lib/python3.8/site-packages/airflow/example_dags/example_task_group.py
[2024-04-08T09:33:21.541+0000] {processor.py:840} INFO - DAG(s) 'example_task_group' retrieved from /home/airflow/.local/lib/python3.8/site-packages/airflow/example_dags/example_task_group.py
[2024-04-08T09:33:21.616+0000] {logging_mixin.py:188} INFO - [2024-04-08T09:33:21.616+0000] {dag.py:3047} INFO - Sync 1 DAGs
[2024-04-08T09:33:21.652+0000] {logging_mixin.py:188} INFO - [2024-04-08T09:33:21.652+0000] {dag.py:3834} INFO - Setting next_dagrun for example_task_group to 2024-04-07 00:00:00+00:00, run_after=2024-04-08 00:00:00+00:00
[2024-04-08T09:33:21.672+0000] {processor.py:183} INFO - Processing /home/airflow/.local/lib/python3.8/site-packages/airflow/example_dags/example_task_group.py took 0.138 seconds
[2024-04-08T09:33:51.783+0000] {processor.py:161} INFO - Started process (PID=517) to work on /home/airflow/.local/lib/python3.8/site-packages/airflow/example_dags/example_task_group.py
[2024-04-08T09:33:51.784+0000] {processor.py:830} INFO - Processing file /home/airflow/.local/lib/python3.8/site-packages/airflow/example_dags/example_task_group.py for tasks to queue
[2024-04-08T09:33:51.785+0000] {logging_mixin.py:188} INFO - [2024-04-08T09:33:51.785+0000] {dagbag.py:540} INFO - Filling up the DagBag from /home/airflow/.local/lib/python3.8/site-packages/airflow/example_dags/example_task_group.py
[2024-04-08T09:33:51.788+0000] {processor.py:840} INFO - DAG(s) 'example_task_group' retrieved from /home/airflow/.local/lib/python3.8/site-packages/airflow/example_dags/example_task_group.py
[2024-04-08T09:33:51.863+0000] {logging_mixin.py:188} INFO - [2024-04-08T09:33:51.863+0000] {dag.py:3047} INFO - Sync 1 DAGs
[2024-04-08T09:33:51.901+0000] {logging_mixin.py:188} INFO - [2024-04-08T09:33:51.900+0000] {dag.py:3834} INFO - Setting next_dagrun for example_task_group to 2024-04-07 00:00:00+00:00, run_after=2024-04-08 00:00:00+00:00
[2024-04-08T09:33:51.922+0000] {processor.py:183} INFO - Processing /home/airflow/.local/lib/python3.8/site-packages/airflow/example_dags/example_task_group.py took 0.140 seconds
[2024-04-08T09:34:22.204+0000] {processor.py:161} INFO - Started process (PID=572) to work on /home/airflow/.local/lib/python3.8/site-packages/airflow/example_dags/example_task_group.py
[2024-04-08T09:34:22.205+0000] {processor.py:830} INFO - Processing file /home/airflow/.local/lib/python3.8/site-packages/airflow/example_dags/example_task_group.py for tasks to queue
[2024-04-08T09:34:22.205+0000] {logging_mixin.py:188} INFO - [2024-04-08T09:34:22.205+0000] {dagbag.py:540} INFO - Filling up the DagBag from /home/airflow/.local/lib/python3.8/site-packages/airflow/example_dags/example_task_group.py
[2024-04-08T09:34:22.209+0000] {processor.py:840} INFO - DAG(s) 'example_task_group' retrieved from /home/airflow/.local/lib/python3.8/site-packages/airflow/example_dags/example_task_group.py
[2024-04-08T09:34:22.284+0000] {logging_mixin.py:188} INFO - [2024-04-08T09:34:22.284+0000] {dag.py:3047} INFO - Sync 1 DAGs
[2024-04-08T09:34:22.322+0000] {logging_mixin.py:188} INFO - [2024-04-08T09:34:22.322+0000] {dag.py:3834} INFO - Setting next_dagrun for example_task_group to 2024-04-07 00:00:00+00:00, run_after=2024-04-08 00:00:00+00:00
[2024-04-08T09:34:22.343+0000] {processor.py:183} INFO - Processing /home/airflow/.local/lib/python3.8/site-packages/airflow/example_dags/example_task_group.py took 0.140 seconds
[2024-04-08T09:34:52.399+0000] {processor.py:161} INFO - Started process (PID=627) to work on /home/airflow/.local/lib/python3.8/site-packages/airflow/example_dags/example_task_group.py
[2024-04-08T09:34:52.399+0000] {processor.py:830} INFO - Processing file /home/airflow/.local/lib/python3.8/site-packages/airflow/example_dags/example_task_group.py for tasks to queue
[2024-04-08T09:34:52.400+0000] {logging_mixin.py:188} INFO - [2024-04-08T09:34:52.400+0000] {dagbag.py:540} INFO - Filling up the DagBag from /home/airflow/.local/lib/python3.8/site-packages/airflow/example_dags/example_task_group.py
[2024-04-08T09:34:52.403+0000] {processor.py:840} INFO - DAG(s) 'example_task_group' retrieved from /home/airflow/.local/lib/python3.8/site-packages/airflow/example_dags/example_task_group.py
[2024-04-08T09:34:52.479+0000] {logging_mixin.py:188} INFO - [2024-04-08T09:34:52.479+0000] {dag.py:3047} INFO - Sync 1 DAGs
[2024-04-08T09:34:52.515+0000] {logging_mixin.py:188} INFO - [2024-04-08T09:34:52.515+0000] {dag.py:3834} INFO - Setting next_dagrun for example_task_group to 2024-04-07 00:00:00+00:00, run_after=2024-04-08 00:00:00+00:00
[2024-04-08T09:34:52.535+0000] {processor.py:183} INFO - Processing /home/airflow/.local/lib/python3.8/site-packages/airflow/example_dags/example_task_group.py took 0.137 seconds
[2024-04-08T09:35:22.748+0000] {processor.py:161} INFO - Started process (PID=681) to work on /home/airflow/.local/lib/python3.8/site-packages/airflow/example_dags/example_task_group.py
[2024-04-08T09:35:22.748+0000] {processor.py:830} INFO - Processing file /home/airflow/.local/lib/python3.8/site-packages/airflow/example_dags/example_task_group.py for tasks to queue
[2024-04-08T09:35:22.749+0000] {logging_mixin.py:188} INFO - [2024-04-08T09:35:22.749+0000] {dagbag.py:540} INFO - Filling up the DagBag from /home/airflow/.local/lib/python3.8/site-packages/airflow/example_dags/example_task_group.py
[2024-04-08T09:35:22.753+0000] {processor.py:840} INFO - DAG(s) 'example_task_group' retrieved from /home/airflow/.local/lib/python3.8/site-packages/airflow/example_dags/example_task_group.py
[2024-04-08T09:35:22.825+0000] {logging_mixin.py:188} INFO - [2024-04-08T09:35:22.825+0000] {dag.py:3047} INFO - Sync 1 DAGs
[2024-04-08T09:35:22.862+0000] {logging_mixin.py:188} INFO - [2024-04-08T09:35:22.862+0000] {dag.py:3834} INFO - Setting next_dagrun for example_task_group to 2024-04-07 00:00:00+00:00, run_after=2024-04-08 00:00:00+00:00
[2024-04-08T09:35:22.883+0000] {processor.py:183} INFO - Processing /home/airflow/.local/lib/python3.8/site-packages/airflow/example_dags/example_task_group.py took 0.136 seconds
[2024-04-08T09:35:52.991+0000] {processor.py:161} INFO - Started process (PID=736) to work on /home/airflow/.local/lib/python3.8/site-packages/airflow/example_dags/example_task_group.py
[2024-04-08T09:35:52.992+0000] {processor.py:830} INFO - Processing file /home/airflow/.local/lib/python3.8/site-packages/airflow/example_dags/example_task_group.py for tasks to queue
[2024-04-08T09:35:52.993+0000] {logging_mixin.py:188} INFO - [2024-04-08T09:35:52.992+0000] {dagbag.py:540} INFO - Filling up the DagBag from /home/airflow/.local/lib/python3.8/site-packages/airflow/example_dags/example_task_group.py
[2024-04-08T09:35:52.996+0000] {processor.py:840} INFO - DAG(s) 'example_task_group' retrieved from /home/airflow/.local/lib/python3.8/site-packages/airflow/example_dags/example_task_group.py
[2024-04-08T09:35:53.070+0000] {logging_mixin.py:188} INFO - [2024-04-08T09:35:53.070+0000] {dag.py:3047} INFO - Sync 1 DAGs
[2024-04-08T09:35:53.108+0000] {logging_mixin.py:188} INFO - [2024-04-08T09:35:53.107+0000] {dag.py:3834} INFO - Setting next_dagrun for example_task_group to 2024-04-07 00:00:00+00:00, run_after=2024-04-08 00:00:00+00:00
[2024-04-08T09:35:53.130+0000] {processor.py:183} INFO - Processing /home/airflow/.local/lib/python3.8/site-packages/airflow/example_dags/example_task_group.py took 0.140 seconds
[2024-04-08T09:36:23.275+0000] {processor.py:161} INFO - Started process (PID=791) to work on /home/airflow/.local/lib/python3.8/site-packages/airflow/example_dags/example_task_group.py
[2024-04-08T09:36:23.276+0000] {processor.py:830} INFO - Processing file /home/airflow/.local/lib/python3.8/site-packages/airflow/example_dags/example_task_group.py for tasks to queue
[2024-04-08T09:36:23.276+0000] {logging_mixin.py:188} INFO - [2024-04-08T09:36:23.276+0000] {dagbag.py:540} INFO - Filling up the DagBag from /home/airflow/.local/lib/python3.8/site-packages/airflow/example_dags/example_task_group.py
[2024-04-08T09:36:23.280+0000] {processor.py:840} INFO - DAG(s) 'example_task_group' retrieved from /home/airflow/.local/lib/python3.8/site-packages/airflow/example_dags/example_task_group.py
[2024-04-08T09:36:23.352+0000] {logging_mixin.py:188} INFO - [2024-04-08T09:36:23.352+0000] {dag.py:3047} INFO - Sync 1 DAGs
[2024-04-08T09:36:23.390+0000] {logging_mixin.py:188} INFO - [2024-04-08T09:36:23.390+0000] {dag.py:3834} INFO - Setting next_dagrun for example_task_group to 2024-04-07 00:00:00+00:00, run_after=2024-04-08 00:00:00+00:00
[2024-04-08T09:36:23.410+0000] {processor.py:183} INFO - Processing /home/airflow/.local/lib/python3.8/site-packages/airflow/example_dags/example_task_group.py took 0.137 seconds
[2024-04-08T09:36:53.483+0000] {processor.py:161} INFO - Started process (PID=846) to work on /home/airflow/.local/lib/python3.8/site-packages/airflow/example_dags/example_task_group.py
[2024-04-08T09:36:53.483+0000] {processor.py:830} INFO - Processing file /home/airflow/.local/lib/python3.8/site-packages/airflow/example_dags/example_task_group.py for tasks to queue
[2024-04-08T09:36:53.484+0000] {logging_mixin.py:188} INFO - [2024-04-08T09:36:53.484+0000] {dagbag.py:540} INFO - Filling up the DagBag from /home/airflow/.local/lib/python3.8/site-packages/airflow/example_dags/example_task_group.py
[2024-04-08T09:36:53.487+0000] {processor.py:840} INFO - DAG(s) 'example_task_group' retrieved from /home/airflow/.local/lib/python3.8/site-packages/airflow/example_dags/example_task_group.py
[2024-04-08T09:36:53.561+0000] {logging_mixin.py:188} INFO - [2024-04-08T09:36:53.561+0000] {dag.py:3047} INFO - Sync 1 DAGs
[2024-04-08T09:36:53.599+0000] {logging_mixin.py:188} INFO - [2024-04-08T09:36:53.599+0000] {dag.py:3834} INFO - Setting next_dagrun for example_task_group to 2024-04-07 00:00:00+00:00, run_after=2024-04-08 00:00:00+00:00
[2024-04-08T09:36:53.620+0000] {processor.py:183} INFO - Processing /home/airflow/.local/lib/python3.8/site-packages/airflow/example_dags/example_task_group.py took 0.138 seconds
[2024-04-08T09:37:23.952+0000] {processor.py:161} INFO - Started process (PID=901) to work on /home/airflow/.local/lib/python3.8/site-packages/airflow/example_dags/example_task_group.py
[2024-04-08T09:37:23.952+0000] {processor.py:830} INFO - Processing file /home/airflow/.local/lib/python3.8/site-packages/airflow/example_dags/example_task_group.py for tasks to queue
[2024-04-08T09:37:23.953+0000] {logging_mixin.py:188} INFO - [2024-04-08T09:37:23.953+0000] {dagbag.py:540} INFO - Filling up the DagBag from /home/airflow/.local/lib/python3.8/site-packages/airflow/example_dags/example_task_group.py
[2024-04-08T09:37:23.957+0000] {processor.py:840} INFO - DAG(s) 'example_task_group' retrieved from /home/airflow/.local/lib/python3.8/site-packages/airflow/example_dags/example_task_group.py
[2024-04-08T09:37:24.036+0000] {logging_mixin.py:188} INFO - [2024-04-08T09:37:24.036+0000] {dag.py:3047} INFO - Sync 1 DAGs
[2024-04-08T09:37:24.079+0000] {logging_mixin.py:188} INFO - [2024-04-08T09:37:24.078+0000] {dag.py:3834} INFO - Setting next_dagrun for example_task_group to 2024-04-07 00:00:00+00:00, run_after=2024-04-08 00:00:00+00:00
[2024-04-08T09:37:24.102+0000] {processor.py:183} INFO - Processing /home/airflow/.local/lib/python3.8/site-packages/airflow/example_dags/example_task_group.py took 0.152 seconds
[2024-04-08T09:37:54.853+0000] {processor.py:161} INFO - Started process (PID=956) to work on /home/airflow/.local/lib/python3.8/site-packages/airflow/example_dags/example_task_group.py
[2024-04-08T09:37:54.854+0000] {processor.py:830} INFO - Processing file /home/airflow/.local/lib/python3.8/site-packages/airflow/example_dags/example_task_group.py for tasks to queue
[2024-04-08T09:37:54.855+0000] {logging_mixin.py:188} INFO - [2024-04-08T09:37:54.854+0000] {dagbag.py:540} INFO - Filling up the DagBag from /home/airflow/.local/lib/python3.8/site-packages/airflow/example_dags/example_task_group.py
[2024-04-08T09:37:54.859+0000] {processor.py:840} INFO - DAG(s) 'example_task_group' retrieved from /home/airflow/.local/lib/python3.8/site-packages/airflow/example_dags/example_task_group.py
[2024-04-08T09:37:54.936+0000] {logging_mixin.py:188} INFO - [2024-04-08T09:37:54.936+0000] {dag.py:3047} INFO - Sync 1 DAGs
[2024-04-08T09:37:54.976+0000] {logging_mixin.py:188} INFO - [2024-04-08T09:37:54.976+0000] {dag.py:3834} INFO - Setting next_dagrun for example_task_group to 2024-04-07 00:00:00+00:00, run_after=2024-04-08 00:00:00+00:00
[2024-04-08T09:37:54.996+0000] {processor.py:183} INFO - Processing /home/airflow/.local/lib/python3.8/site-packages/airflow/example_dags/example_task_group.py took 0.145 seconds
[2024-04-08T09:38:25.754+0000] {processor.py:161} INFO - Started process (PID=1011) to work on /home/airflow/.local/lib/python3.8/site-packages/airflow/example_dags/example_task_group.py
[2024-04-08T09:38:25.755+0000] {processor.py:830} INFO - Processing file /home/airflow/.local/lib/python3.8/site-packages/airflow/example_dags/example_task_group.py for tasks to queue
[2024-04-08T09:38:25.756+0000] {logging_mixin.py:188} INFO - [2024-04-08T09:38:25.755+0000] {dagbag.py:540} INFO - Filling up the DagBag from /home/airflow/.local/lib/python3.8/site-packages/airflow/example_dags/example_task_group.py
[2024-04-08T09:38:25.759+0000] {processor.py:840} INFO - DAG(s) 'example_task_group' retrieved from /home/airflow/.local/lib/python3.8/site-packages/airflow/example_dags/example_task_group.py
[2024-04-08T09:38:25.838+0000] {logging_mixin.py:188} INFO - [2024-04-08T09:38:25.837+0000] {dag.py:3047} INFO - Sync 1 DAGs
[2024-04-08T09:38:25.878+0000] {logging_mixin.py:188} INFO - [2024-04-08T09:38:25.877+0000] {dag.py:3834} INFO - Setting next_dagrun for example_task_group to 2024-04-07 00:00:00+00:00, run_after=2024-04-08 00:00:00+00:00
[2024-04-08T09:38:25.903+0000] {processor.py:183} INFO - Processing /home/airflow/.local/lib/python3.8/site-packages/airflow/example_dags/example_task_group.py took 0.150 seconds
[2024-04-08T09:38:56.968+0000] {processor.py:161} INFO - Started process (PID=1066) to work on /home/airflow/.local/lib/python3.8/site-packages/airflow/example_dags/example_task_group.py
[2024-04-08T09:38:56.974+0000] {processor.py:830} INFO - Processing file /home/airflow/.local/lib/python3.8/site-packages/airflow/example_dags/example_task_group.py for tasks to queue
[2024-04-08T09:38:56.980+0000] {logging_mixin.py:188} INFO - [2024-04-08T09:38:56.979+0000] {dagbag.py:540} INFO - Filling up the DagBag from /home/airflow/.local/lib/python3.8/site-packages/airflow/example_dags/example_task_group.py
[2024-04-08T09:38:56.988+0000] {processor.py:840} INFO - DAG(s) 'example_task_group' retrieved from /home/airflow/.local/lib/python3.8/site-packages/airflow/example_dags/example_task_group.py
[2024-04-08T09:38:57.110+0000] {logging_mixin.py:188} INFO - [2024-04-08T09:38:57.110+0000] {dag.py:3047} INFO - Sync 1 DAGs
[2024-04-08T09:38:57.176+0000] {logging_mixin.py:188} INFO - [2024-04-08T09:38:57.175+0000] {dag.py:3834} INFO - Setting next_dagrun for example_task_group to 2024-04-07 00:00:00+00:00, run_after=2024-04-08 00:00:00+00:00
[2024-04-08T09:38:57.224+0000] {processor.py:183} INFO - Processing /home/airflow/.local/lib/python3.8/site-packages/airflow/example_dags/example_task_group.py took 0.264 seconds
[2024-04-08T09:39:27.250+0000] {processor.py:161} INFO - Started process (PID=1121) to work on /home/airflow/.local/lib/python3.8/site-packages/airflow/example_dags/example_task_group.py
[2024-04-08T09:39:27.251+0000] {processor.py:830} INFO - Processing file /home/airflow/.local/lib/python3.8/site-packages/airflow/example_dags/example_task_group.py for tasks to queue
[2024-04-08T09:39:27.251+0000] {logging_mixin.py:188} INFO - [2024-04-08T09:39:27.251+0000] {dagbag.py:540} INFO - Filling up the DagBag from /home/airflow/.local/lib/python3.8/site-packages/airflow/example_dags/example_task_group.py
[2024-04-08T09:39:27.255+0000] {processor.py:840} INFO - DAG(s) 'example_task_group' retrieved from /home/airflow/.local/lib/python3.8/site-packages/airflow/example_dags/example_task_group.py
[2024-04-08T09:39:27.329+0000] {logging_mixin.py:188} INFO - [2024-04-08T09:39:27.329+0000] {dag.py:3047} INFO - Sync 1 DAGs
[2024-04-08T09:39:27.365+0000] {logging_mixin.py:188} INFO - [2024-04-08T09:39:27.365+0000] {dag.py:3834} INFO - Setting next_dagrun for example_task_group to 2024-04-07 00:00:00+00:00, run_after=2024-04-08 00:00:00+00:00
[2024-04-08T09:39:27.386+0000] {processor.py:183} INFO - Processing /home/airflow/.local/lib/python3.8/site-packages/airflow/example_dags/example_task_group.py took 0.137 seconds
[2024-04-08T09:39:57.491+0000] {processor.py:161} INFO - Started process (PID=1176) to work on /home/airflow/.local/lib/python3.8/site-packages/airflow/example_dags/example_task_group.py
[2024-04-08T09:39:57.492+0000] {processor.py:830} INFO - Processing file /home/airflow/.local/lib/python3.8/site-packages/airflow/example_dags/example_task_group.py for tasks to queue
[2024-04-08T09:39:57.493+0000] {logging_mixin.py:188} INFO - [2024-04-08T09:39:57.493+0000] {dagbag.py:540} INFO - Filling up the DagBag from /home/airflow/.local/lib/python3.8/site-packages/airflow/example_dags/example_task_group.py
[2024-04-08T09:39:57.497+0000] {processor.py:840} INFO - DAG(s) 'example_task_group' retrieved from /home/airflow/.local/lib/python3.8/site-packages/airflow/example_dags/example_task_group.py
[2024-04-08T09:39:57.573+0000] {logging_mixin.py:188} INFO - [2024-04-08T09:39:57.573+0000] {dag.py:3047} INFO - Sync 1 DAGs
[2024-04-08T09:39:57.612+0000] {logging_mixin.py:188} INFO - [2024-04-08T09:39:57.612+0000] {dag.py:3834} INFO - Setting next_dagrun for example_task_group to 2024-04-07 00:00:00+00:00, run_after=2024-04-08 00:00:00+00:00
[2024-04-08T09:39:57.632+0000] {processor.py:183} INFO - Processing /home/airflow/.local/lib/python3.8/site-packages/airflow/example_dags/example_task_group.py took 0.143 seconds
[2024-04-08T09:40:27.899+0000] {processor.py:161} INFO - Started process (PID=1230) to work on /home/airflow/.local/lib/python3.8/site-packages/airflow/example_dags/example_task_group.py
[2024-04-08T09:40:27.902+0000] {processor.py:830} INFO - Processing file /home/airflow/.local/lib/python3.8/site-packages/airflow/example_dags/example_task_group.py for tasks to queue
[2024-04-08T09:40:27.903+0000] {logging_mixin.py:188} INFO - [2024-04-08T09:40:27.903+0000] {dagbag.py:540} INFO - Filling up the DagBag from /home/airflow/.local/lib/python3.8/site-packages/airflow/example_dags/example_task_group.py
[2024-04-08T09:40:27.906+0000] {processor.py:840} INFO - DAG(s) 'example_task_group' retrieved from /home/airflow/.local/lib/python3.8/site-packages/airflow/example_dags/example_task_group.py
[2024-04-08T09:40:27.985+0000] {logging_mixin.py:188} INFO - [2024-04-08T09:40:27.985+0000] {dag.py:3047} INFO - Sync 1 DAGs
[2024-04-08T09:40:28.024+0000] {logging_mixin.py:188} INFO - [2024-04-08T09:40:28.024+0000] {dag.py:3834} INFO - Setting next_dagrun for example_task_group to 2024-04-07 00:00:00+00:00, run_after=2024-04-08 00:00:00+00:00
[2024-04-08T09:40:28.045+0000] {processor.py:183} INFO - Processing /home/airflow/.local/lib/python3.8/site-packages/airflow/example_dags/example_task_group.py took 0.147 seconds
[2024-04-08T09:40:58.089+0000] {processor.py:161} INFO - Started process (PID=1285) to work on /home/airflow/.local/lib/python3.8/site-packages/airflow/example_dags/example_task_group.py
[2024-04-08T09:40:58.089+0000] {processor.py:830} INFO - Processing file /home/airflow/.local/lib/python3.8/site-packages/airflow/example_dags/example_task_group.py for tasks to queue
[2024-04-08T09:40:58.090+0000] {logging_mixin.py:188} INFO - [2024-04-08T09:40:58.090+0000] {dagbag.py:540} INFO - Filling up the DagBag from /home/airflow/.local/lib/python3.8/site-packages/airflow/example_dags/example_task_group.py
[2024-04-08T09:40:58.094+0000] {processor.py:840} INFO - DAG(s) 'example_task_group' retrieved from /home/airflow/.local/lib/python3.8/site-packages/airflow/example_dags/example_task_group.py
[2024-04-08T09:40:58.169+0000] {logging_mixin.py:188} INFO - [2024-04-08T09:40:58.169+0000] {dag.py:3047} INFO - Sync 1 DAGs
[2024-04-08T09:40:58.205+0000] {logging_mixin.py:188} INFO - [2024-04-08T09:40:58.205+0000] {dag.py:3834} INFO - Setting next_dagrun for example_task_group to 2024-04-07 00:00:00+00:00, run_after=2024-04-08 00:00:00+00:00
[2024-04-08T09:40:58.226+0000] {processor.py:183} INFO - Processing /home/airflow/.local/lib/python3.8/site-packages/airflow/example_dags/example_task_group.py took 0.138 seconds
[2024-04-08T09:41:29.160+0000] {processor.py:161} INFO - Started process (PID=1340) to work on /home/airflow/.local/lib/python3.8/site-packages/airflow/example_dags/example_task_group.py
[2024-04-08T09:41:29.160+0000] {processor.py:830} INFO - Processing file /home/airflow/.local/lib/python3.8/site-packages/airflow/example_dags/example_task_group.py for tasks to queue
[2024-04-08T09:41:29.161+0000] {logging_mixin.py:188} INFO - [2024-04-08T09:41:29.161+0000] {dagbag.py:540} INFO - Filling up the DagBag from /home/airflow/.local/lib/python3.8/site-packages/airflow/example_dags/example_task_group.py
[2024-04-08T09:41:29.165+0000] {processor.py:840} INFO - DAG(s) 'example_task_group' retrieved from /home/airflow/.local/lib/python3.8/site-packages/airflow/example_dags/example_task_group.py
[2024-04-08T09:41:29.238+0000] {logging_mixin.py:188} INFO - [2024-04-08T09:41:29.238+0000] {dag.py:3047} INFO - Sync 1 DAGs
[2024-04-08T09:41:29.277+0000] {logging_mixin.py:188} INFO - [2024-04-08T09:41:29.277+0000] {dag.py:3834} INFO - Setting next_dagrun for example_task_group to 2024-04-07 00:00:00+00:00, run_after=2024-04-08 00:00:00+00:00
[2024-04-08T09:41:29.296+0000] {processor.py:183} INFO - Processing /home/airflow/.local/lib/python3.8/site-packages/airflow/example_dags/example_task_group.py took 0.137 seconds
[2024-04-08T09:42:00.104+0000] {processor.py:161} INFO - Started process (PID=1395) to work on /home/airflow/.local/lib/python3.8/site-packages/airflow/example_dags/example_task_group.py
[2024-04-08T09:42:00.104+0000] {processor.py:830} INFO - Processing file /home/airflow/.local/lib/python3.8/site-packages/airflow/example_dags/example_task_group.py for tasks to queue
[2024-04-08T09:42:00.105+0000] {logging_mixin.py:188} INFO - [2024-04-08T09:42:00.105+0000] {dagbag.py:540} INFO - Filling up the DagBag from /home/airflow/.local/lib/python3.8/site-packages/airflow/example_dags/example_task_group.py
[2024-04-08T09:42:00.108+0000] {processor.py:840} INFO - DAG(s) 'example_task_group' retrieved from /home/airflow/.local/lib/python3.8/site-packages/airflow/example_dags/example_task_group.py
[2024-04-08T09:42:00.182+0000] {logging_mixin.py:188} INFO - [2024-04-08T09:42:00.182+0000] {dag.py:3047} INFO - Sync 1 DAGs
[2024-04-08T09:42:00.219+0000] {logging_mixin.py:188} INFO - [2024-04-08T09:42:00.218+0000] {dag.py:3834} INFO - Setting next_dagrun for example_task_group to 2024-04-07 00:00:00+00:00, run_after=2024-04-08 00:00:00+00:00
[2024-04-08T09:42:00.240+0000] {processor.py:183} INFO - Processing /home/airflow/.local/lib/python3.8/site-packages/airflow/example_dags/example_task_group.py took 0.138 seconds
[2024-04-08T09:42:30.559+0000] {processor.py:161} INFO - Started process (PID=1450) to work on /home/airflow/.local/lib/python3.8/site-packages/airflow/example_dags/example_task_group.py
[2024-04-08T09:42:30.559+0000] {processor.py:830} INFO - Processing file /home/airflow/.local/lib/python3.8/site-packages/airflow/example_dags/example_task_group.py for tasks to queue
[2024-04-08T09:42:30.560+0000] {logging_mixin.py:188} INFO - [2024-04-08T09:42:30.560+0000] {dagbag.py:540} INFO - Filling up the DagBag from /home/airflow/.local/lib/python3.8/site-packages/airflow/example_dags/example_task_group.py
[2024-04-08T09:42:30.564+0000] {processor.py:840} INFO - DAG(s) 'example_task_group' retrieved from /home/airflow/.local/lib/python3.8/site-packages/airflow/example_dags/example_task_group.py
[2024-04-08T09:42:30.637+0000] {logging_mixin.py:188} INFO - [2024-04-08T09:42:30.637+0000] {dag.py:3047} INFO - Sync 1 DAGs
[2024-04-08T09:42:30.675+0000] {logging_mixin.py:188} INFO - [2024-04-08T09:42:30.675+0000] {dag.py:3834} INFO - Setting next_dagrun for example_task_group to 2024-04-07 00:00:00+00:00, run_after=2024-04-08 00:00:00+00:00
[2024-04-08T09:42:30.694+0000] {processor.py:183} INFO - Processing /home/airflow/.local/lib/python3.8/site-packages/airflow/example_dags/example_task_group.py took 0.137 seconds
[2024-04-08T09:43:00.826+0000] {processor.py:161} INFO - Started process (PID=1506) to work on /home/airflow/.local/lib/python3.8/site-packages/airflow/example_dags/example_task_group.py
[2024-04-08T09:43:00.828+0000] {processor.py:830} INFO - Processing file /home/airflow/.local/lib/python3.8/site-packages/airflow/example_dags/example_task_group.py for tasks to queue
[2024-04-08T09:43:00.829+0000] {logging_mixin.py:188} INFO - [2024-04-08T09:43:00.829+0000] {dagbag.py:540} INFO - Filling up the DagBag from /home/airflow/.local/lib/python3.8/site-packages/airflow/example_dags/example_task_group.py
[2024-04-08T09:43:00.832+0000] {processor.py:840} INFO - DAG(s) 'example_task_group' retrieved from /home/airflow/.local/lib/python3.8/site-packages/airflow/example_dags/example_task_group.py
[2024-04-08T09:43:00.906+0000] {logging_mixin.py:188} INFO - [2024-04-08T09:43:00.906+0000] {dag.py:3047} INFO - Sync 1 DAGs
[2024-04-08T09:43:00.942+0000] {logging_mixin.py:188} INFO - [2024-04-08T09:43:00.942+0000] {dag.py:3834} INFO - Setting next_dagrun for example_task_group to 2024-04-07 00:00:00+00:00, run_after=2024-04-08 00:00:00+00:00
[2024-04-08T09:43:00.961+0000] {processor.py:183} INFO - Processing /home/airflow/.local/lib/python3.8/site-packages/airflow/example_dags/example_task_group.py took 0.137 seconds
[2024-04-08T09:43:31.106+0000] {processor.py:161} INFO - Started process (PID=1561) to work on /home/airflow/.local/lib/python3.8/site-packages/airflow/example_dags/example_task_group.py
[2024-04-08T09:43:31.107+0000] {processor.py:830} INFO - Processing file /home/airflow/.local/lib/python3.8/site-packages/airflow/example_dags/example_task_group.py for tasks to queue
[2024-04-08T09:43:31.107+0000] {logging_mixin.py:188} INFO - [2024-04-08T09:43:31.107+0000] {dagbag.py:540} INFO - Filling up the DagBag from /home/airflow/.local/lib/python3.8/site-packages/airflow/example_dags/example_task_group.py
[2024-04-08T09:43:31.111+0000] {processor.py:840} INFO - DAG(s) 'example_task_group' retrieved from /home/airflow/.local/lib/python3.8/site-packages/airflow/example_dags/example_task_group.py
[2024-04-08T09:43:31.185+0000] {logging_mixin.py:188} INFO - [2024-04-08T09:43:31.185+0000] {dag.py:3047} INFO - Sync 1 DAGs
[2024-04-08T09:43:31.220+0000] {logging_mixin.py:188} INFO - [2024-04-08T09:43:31.220+0000] {dag.py:3834} INFO - Setting next_dagrun for example_task_group to 2024-04-07 00:00:00+00:00, run_after=2024-04-08 00:00:00+00:00
[2024-04-08T09:43:31.240+0000] {processor.py:183} INFO - Processing /home/airflow/.local/lib/python3.8/site-packages/airflow/example_dags/example_task_group.py took 0.136 seconds
[2024-04-08T09:44:01.705+0000] {processor.py:161} INFO - Started process (PID=1616) to work on /home/airflow/.local/lib/python3.8/site-packages/airflow/example_dags/example_task_group.py
[2024-04-08T09:44:01.706+0000] {processor.py:830} INFO - Processing file /home/airflow/.local/lib/python3.8/site-packages/airflow/example_dags/example_task_group.py for tasks to queue
[2024-04-08T09:44:01.707+0000] {logging_mixin.py:188} INFO - [2024-04-08T09:44:01.707+0000] {dagbag.py:540} INFO - Filling up the DagBag from /home/airflow/.local/lib/python3.8/site-packages/airflow/example_dags/example_task_group.py
[2024-04-08T09:44:01.712+0000] {processor.py:840} INFO - DAG(s) 'example_task_group' retrieved from /home/airflow/.local/lib/python3.8/site-packages/airflow/example_dags/example_task_group.py
[2024-04-08T09:44:01.787+0000] {logging_mixin.py:188} INFO - [2024-04-08T09:44:01.787+0000] {dag.py:3047} INFO - Sync 1 DAGs
[2024-04-08T09:44:01.823+0000] {logging_mixin.py:188} INFO - [2024-04-08T09:44:01.823+0000] {dag.py:3834} INFO - Setting next_dagrun for example_task_group to 2024-04-07 00:00:00+00:00, run_after=2024-04-08 00:00:00+00:00
[2024-04-08T09:44:01.843+0000] {processor.py:183} INFO - Processing /home/airflow/.local/lib/python3.8/site-packages/airflow/example_dags/example_task_group.py took 0.139 seconds
[2024-04-08T09:44:31.863+0000] {processor.py:161} INFO - Started process (PID=1670) to work on /home/airflow/.local/lib/python3.8/site-packages/airflow/example_dags/example_task_group.py
[2024-04-08T09:44:31.864+0000] {processor.py:830} INFO - Processing file /home/airflow/.local/lib/python3.8/site-packages/airflow/example_dags/example_task_group.py for tasks to queue
[2024-04-08T09:44:31.864+0000] {logging_mixin.py:188} INFO - [2024-04-08T09:44:31.864+0000] {dagbag.py:540} INFO - Filling up the DagBag from /home/airflow/.local/lib/python3.8/site-packages/airflow/example_dags/example_task_group.py
[2024-04-08T09:44:31.868+0000] {processor.py:840} INFO - DAG(s) 'example_task_group' retrieved from /home/airflow/.local/lib/python3.8/site-packages/airflow/example_dags/example_task_group.py
[2024-04-08T09:44:31.943+0000] {logging_mixin.py:188} INFO - [2024-04-08T09:44:31.943+0000] {dag.py:3047} INFO - Sync 1 DAGs
[2024-04-08T09:44:31.983+0000] {logging_mixin.py:188} INFO - [2024-04-08T09:44:31.983+0000] {dag.py:3834} INFO - Setting next_dagrun for example_task_group to 2024-04-07 00:00:00+00:00, run_after=2024-04-08 00:00:00+00:00
[2024-04-08T09:44:32.005+0000] {processor.py:183} INFO - Processing /home/airflow/.local/lib/python3.8/site-packages/airflow/example_dags/example_task_group.py took 0.144 seconds
[2024-04-08T09:45:02.187+0000] {processor.py:161} INFO - Started process (PID=1726) to work on /home/airflow/.local/lib/python3.8/site-packages/airflow/example_dags/example_task_group.py
[2024-04-08T09:45:02.187+0000] {processor.py:830} INFO - Processing file /home/airflow/.local/lib/python3.8/site-packages/airflow/example_dags/example_task_group.py for tasks to queue
[2024-04-08T09:45:02.189+0000] {logging_mixin.py:188} INFO - [2024-04-08T09:45:02.188+0000] {dagbag.py:540} INFO - Filling up the DagBag from /home/airflow/.local/lib/python3.8/site-packages/airflow/example_dags/example_task_group.py
[2024-04-08T09:45:02.192+0000] {processor.py:840} INFO - DAG(s) 'example_task_group' retrieved from /home/airflow/.local/lib/python3.8/site-packages/airflow/example_dags/example_task_group.py
[2024-04-08T09:45:02.269+0000] {logging_mixin.py:188} INFO - [2024-04-08T09:45:02.269+0000] {dag.py:3047} INFO - Sync 1 DAGs
[2024-04-08T09:45:02.307+0000] {logging_mixin.py:188} INFO - [2024-04-08T09:45:02.307+0000] {dag.py:3834} INFO - Setting next_dagrun for example_task_group to 2024-04-07 00:00:00+00:00, run_after=2024-04-08 00:00:00+00:00
[2024-04-08T09:45:02.328+0000] {processor.py:183} INFO - Processing /home/airflow/.local/lib/python3.8/site-packages/airflow/example_dags/example_task_group.py took 0.143 seconds
[2024-04-08T09:45:32.424+0000] {processor.py:161} INFO - Started process (PID=1780) to work on /home/airflow/.local/lib/python3.8/site-packages/airflow/example_dags/example_task_group.py
[2024-04-08T09:45:32.424+0000] {processor.py:830} INFO - Processing file /home/airflow/.local/lib/python3.8/site-packages/airflow/example_dags/example_task_group.py for tasks to queue
[2024-04-08T09:45:32.425+0000] {logging_mixin.py:188} INFO - [2024-04-08T09:45:32.425+0000] {dagbag.py:540} INFO - Filling up the DagBag from /home/airflow/.local/lib/python3.8/site-packages/airflow/example_dags/example_task_group.py
[2024-04-08T09:45:32.428+0000] {processor.py:840} INFO - DAG(s) 'example_task_group' retrieved from /home/airflow/.local/lib/python3.8/site-packages/airflow/example_dags/example_task_group.py
[2024-04-08T09:45:32.505+0000] {logging_mixin.py:188} INFO - [2024-04-08T09:45:32.505+0000] {dag.py:3047} INFO - Sync 1 DAGs
[2024-04-08T09:45:32.541+0000] {logging_mixin.py:188} INFO - [2024-04-08T09:45:32.540+0000] {dag.py:3834} INFO - Setting next_dagrun for example_task_group to 2024-04-07 00:00:00+00:00, run_after=2024-04-08 00:00:00+00:00
[2024-04-08T09:45:32.560+0000] {processor.py:183} INFO - Processing /home/airflow/.local/lib/python3.8/site-packages/airflow/example_dags/example_task_group.py took 0.138 seconds
[2024-04-08T09:46:02.705+0000] {processor.py:161} INFO - Started process (PID=1835) to work on /home/airflow/.local/lib/python3.8/site-packages/airflow/example_dags/example_task_group.py
[2024-04-08T09:46:02.706+0000] {processor.py:830} INFO - Processing file /home/airflow/.local/lib/python3.8/site-packages/airflow/example_dags/example_task_group.py for tasks to queue
[2024-04-08T09:46:02.707+0000] {logging_mixin.py:188} INFO - [2024-04-08T09:46:02.707+0000] {dagbag.py:540} INFO - Filling up the DagBag from /home/airflow/.local/lib/python3.8/site-packages/airflow/example_dags/example_task_group.py
[2024-04-08T09:46:02.710+0000] {processor.py:840} INFO - DAG(s) 'example_task_group' retrieved from /home/airflow/.local/lib/python3.8/site-packages/airflow/example_dags/example_task_group.py
[2024-04-08T09:46:02.784+0000] {logging_mixin.py:188} INFO - [2024-04-08T09:46:02.784+0000] {dag.py:3047} INFO - Sync 1 DAGs
[2024-04-08T09:46:02.828+0000] {logging_mixin.py:188} INFO - [2024-04-08T09:46:02.828+0000] {dag.py:3834} INFO - Setting next_dagrun for example_task_group to 2024-04-07 00:00:00+00:00, run_after=2024-04-08 00:00:00+00:00
[2024-04-08T09:46:02.848+0000] {processor.py:183} INFO - Processing /home/airflow/.local/lib/python3.8/site-packages/airflow/example_dags/example_task_group.py took 0.144 seconds
