[2024-04-08T09:29:46.329+0000] {processor.py:161} INFO - Started process (PID=51) to work on /home/airflow/.local/lib/python3.8/site-packages/airflow/example_dags/example_time_delta_sensor_async.py
[2024-04-08T09:29:46.330+0000] {processor.py:830} INFO - Processing file /home/airflow/.local/lib/python3.8/site-packages/airflow/example_dags/example_time_delta_sensor_async.py for tasks to queue
[2024-04-08T09:29:46.332+0000] {logging_mixin.py:188} INFO - [2024-04-08T09:29:46.332+0000] {dagbag.py:540} INFO - Filling up the DagBag from /home/airflow/.local/lib/python3.8/site-packages/airflow/example_dags/example_time_delta_sensor_async.py
[2024-04-08T09:29:46.337+0000] {processor.py:840} INFO - DAG(s) 'example_time_delta_sensor_async' retrieved from /home/airflow/.local/lib/python3.8/site-packages/airflow/example_dags/example_time_delta_sensor_async.py
[2024-04-08T09:29:46.446+0000] {logging_mixin.py:188} INFO - [2024-04-08T09:29:46.446+0000] {dag.py:3047} INFO - Sync 1 DAGs
[2024-04-08T09:29:46.478+0000] {logging_mixin.py:188} INFO - [2024-04-08T09:29:46.478+0000] {dag.py:3834} INFO - Setting next_dagrun for example_time_delta_sensor_async to None, run_after=None
[2024-04-08T09:29:46.509+0000] {processor.py:183} INFO - Processing /home/airflow/.local/lib/python3.8/site-packages/airflow/example_dags/example_time_delta_sensor_async.py took 0.186 seconds
[2024-04-08T09:30:16.696+0000] {processor.py:161} INFO - Started process (PID=106) to work on /home/airflow/.local/lib/python3.8/site-packages/airflow/example_dags/example_time_delta_sensor_async.py
[2024-04-08T09:30:16.697+0000] {processor.py:830} INFO - Processing file /home/airflow/.local/lib/python3.8/site-packages/airflow/example_dags/example_time_delta_sensor_async.py for tasks to queue
[2024-04-08T09:30:16.698+0000] {logging_mixin.py:188} INFO - [2024-04-08T09:30:16.698+0000] {dagbag.py:540} INFO - Filling up the DagBag from /home/airflow/.local/lib/python3.8/site-packages/airflow/example_dags/example_time_delta_sensor_async.py
[2024-04-08T09:30:16.701+0000] {processor.py:840} INFO - DAG(s) 'example_time_delta_sensor_async' retrieved from /home/airflow/.local/lib/python3.8/site-packages/airflow/example_dags/example_time_delta_sensor_async.py
[2024-04-08T09:30:16.814+0000] {logging_mixin.py:188} INFO - [2024-04-08T09:30:16.814+0000] {dag.py:3047} INFO - Sync 1 DAGs
[2024-04-08T09:30:16.824+0000] {logging_mixin.py:188} INFO - [2024-04-08T09:30:16.824+0000] {dag.py:3834} INFO - Setting next_dagrun for example_time_delta_sensor_async to None, run_after=None
[2024-04-08T09:30:16.846+0000] {processor.py:183} INFO - Processing /home/airflow/.local/lib/python3.8/site-packages/airflow/example_dags/example_time_delta_sensor_async.py took 0.151 seconds
[2024-04-08T09:30:47.004+0000] {processor.py:161} INFO - Started process (PID=161) to work on /home/airflow/.local/lib/python3.8/site-packages/airflow/example_dags/example_time_delta_sensor_async.py
[2024-04-08T09:30:47.005+0000] {processor.py:830} INFO - Processing file /home/airflow/.local/lib/python3.8/site-packages/airflow/example_dags/example_time_delta_sensor_async.py for tasks to queue
[2024-04-08T09:30:47.006+0000] {logging_mixin.py:188} INFO - [2024-04-08T09:30:47.006+0000] {dagbag.py:540} INFO - Filling up the DagBag from /home/airflow/.local/lib/python3.8/site-packages/airflow/example_dags/example_time_delta_sensor_async.py
[2024-04-08T09:30:47.009+0000] {processor.py:840} INFO - DAG(s) 'example_time_delta_sensor_async' retrieved from /home/airflow/.local/lib/python3.8/site-packages/airflow/example_dags/example_time_delta_sensor_async.py
[2024-04-08T09:30:47.088+0000] {logging_mixin.py:188} INFO - [2024-04-08T09:30:47.088+0000] {dag.py:3047} INFO - Sync 1 DAGs
[2024-04-08T09:30:47.105+0000] {logging_mixin.py:188} INFO - [2024-04-08T09:30:47.105+0000] {dag.py:3834} INFO - Setting next_dagrun for example_time_delta_sensor_async to None, run_after=None
[2024-04-08T09:30:47.125+0000] {processor.py:183} INFO - Processing /home/airflow/.local/lib/python3.8/site-packages/airflow/example_dags/example_time_delta_sensor_async.py took 0.123 seconds
[2024-04-08T09:31:17.262+0000] {processor.py:161} INFO - Started process (PID=216) to work on /home/airflow/.local/lib/python3.8/site-packages/airflow/example_dags/example_time_delta_sensor_async.py
[2024-04-08T09:31:17.263+0000] {processor.py:830} INFO - Processing file /home/airflow/.local/lib/python3.8/site-packages/airflow/example_dags/example_time_delta_sensor_async.py for tasks to queue
[2024-04-08T09:31:17.264+0000] {logging_mixin.py:188} INFO - [2024-04-08T09:31:17.264+0000] {dagbag.py:540} INFO - Filling up the DagBag from /home/airflow/.local/lib/python3.8/site-packages/airflow/example_dags/example_time_delta_sensor_async.py
[2024-04-08T09:31:17.267+0000] {processor.py:840} INFO - DAG(s) 'example_time_delta_sensor_async' retrieved from /home/airflow/.local/lib/python3.8/site-packages/airflow/example_dags/example_time_delta_sensor_async.py
[2024-04-08T09:31:17.337+0000] {logging_mixin.py:188} INFO - [2024-04-08T09:31:17.337+0000] {dag.py:3047} INFO - Sync 1 DAGs
[2024-04-08T09:31:17.353+0000] {logging_mixin.py:188} INFO - [2024-04-08T09:31:17.353+0000] {dag.py:3834} INFO - Setting next_dagrun for example_time_delta_sensor_async to None, run_after=None
[2024-04-08T09:31:17.373+0000] {processor.py:183} INFO - Processing /home/airflow/.local/lib/python3.8/site-packages/airflow/example_dags/example_time_delta_sensor_async.py took 0.112 seconds
[2024-04-08T09:31:47.536+0000] {processor.py:161} INFO - Started process (PID=270) to work on /home/airflow/.local/lib/python3.8/site-packages/airflow/example_dags/example_time_delta_sensor_async.py
[2024-04-08T09:31:47.536+0000] {processor.py:830} INFO - Processing file /home/airflow/.local/lib/python3.8/site-packages/airflow/example_dags/example_time_delta_sensor_async.py for tasks to queue
[2024-04-08T09:31:47.537+0000] {logging_mixin.py:188} INFO - [2024-04-08T09:31:47.537+0000] {dagbag.py:540} INFO - Filling up the DagBag from /home/airflow/.local/lib/python3.8/site-packages/airflow/example_dags/example_time_delta_sensor_async.py
[2024-04-08T09:31:47.539+0000] {processor.py:840} INFO - DAG(s) 'example_time_delta_sensor_async' retrieved from /home/airflow/.local/lib/python3.8/site-packages/airflow/example_dags/example_time_delta_sensor_async.py
[2024-04-08T09:31:47.616+0000] {logging_mixin.py:188} INFO - [2024-04-08T09:31:47.616+0000] {dag.py:3047} INFO - Sync 1 DAGs
[2024-04-08T09:31:47.638+0000] {logging_mixin.py:188} INFO - [2024-04-08T09:31:47.638+0000] {dag.py:3834} INFO - Setting next_dagrun for example_time_delta_sensor_async to None, run_after=None
[2024-04-08T09:31:47.659+0000] {processor.py:183} INFO - Processing /home/airflow/.local/lib/python3.8/site-packages/airflow/example_dags/example_time_delta_sensor_async.py took 0.125 seconds
[2024-04-08T09:32:17.791+0000] {processor.py:161} INFO - Started process (PID=325) to work on /home/airflow/.local/lib/python3.8/site-packages/airflow/example_dags/example_time_delta_sensor_async.py
[2024-04-08T09:32:17.792+0000] {processor.py:830} INFO - Processing file /home/airflow/.local/lib/python3.8/site-packages/airflow/example_dags/example_time_delta_sensor_async.py for tasks to queue
[2024-04-08T09:32:17.793+0000] {logging_mixin.py:188} INFO - [2024-04-08T09:32:17.793+0000] {dagbag.py:540} INFO - Filling up the DagBag from /home/airflow/.local/lib/python3.8/site-packages/airflow/example_dags/example_time_delta_sensor_async.py
[2024-04-08T09:32:17.795+0000] {processor.py:840} INFO - DAG(s) 'example_time_delta_sensor_async' retrieved from /home/airflow/.local/lib/python3.8/site-packages/airflow/example_dags/example_time_delta_sensor_async.py
[2024-04-08T09:32:17.868+0000] {logging_mixin.py:188} INFO - [2024-04-08T09:32:17.868+0000] {dag.py:3047} INFO - Sync 1 DAGs
[2024-04-08T09:32:17.885+0000] {logging_mixin.py:188} INFO - [2024-04-08T09:32:17.885+0000] {dag.py:3834} INFO - Setting next_dagrun for example_time_delta_sensor_async to None, run_after=None
[2024-04-08T09:32:17.905+0000] {processor.py:183} INFO - Processing /home/airflow/.local/lib/python3.8/site-packages/airflow/example_dags/example_time_delta_sensor_async.py took 0.115 seconds
[2024-04-08T09:32:47.993+0000] {processor.py:161} INFO - Started process (PID=380) to work on /home/airflow/.local/lib/python3.8/site-packages/airflow/example_dags/example_time_delta_sensor_async.py
[2024-04-08T09:32:47.994+0000] {processor.py:830} INFO - Processing file /home/airflow/.local/lib/python3.8/site-packages/airflow/example_dags/example_time_delta_sensor_async.py for tasks to queue
[2024-04-08T09:32:47.995+0000] {logging_mixin.py:188} INFO - [2024-04-08T09:32:47.995+0000] {dagbag.py:540} INFO - Filling up the DagBag from /home/airflow/.local/lib/python3.8/site-packages/airflow/example_dags/example_time_delta_sensor_async.py
[2024-04-08T09:32:47.997+0000] {processor.py:840} INFO - DAG(s) 'example_time_delta_sensor_async' retrieved from /home/airflow/.local/lib/python3.8/site-packages/airflow/example_dags/example_time_delta_sensor_async.py
[2024-04-08T09:32:48.071+0000] {logging_mixin.py:188} INFO - [2024-04-08T09:32:48.071+0000] {dag.py:3047} INFO - Sync 1 DAGs
[2024-04-08T09:32:48.090+0000] {logging_mixin.py:188} INFO - [2024-04-08T09:32:48.090+0000] {dag.py:3834} INFO - Setting next_dagrun for example_time_delta_sensor_async to None, run_after=None
[2024-04-08T09:32:48.110+0000] {processor.py:183} INFO - Processing /home/airflow/.local/lib/python3.8/site-packages/airflow/example_dags/example_time_delta_sensor_async.py took 0.119 seconds
[2024-04-08T09:33:18.227+0000] {processor.py:161} INFO - Started process (PID=435) to work on /home/airflow/.local/lib/python3.8/site-packages/airflow/example_dags/example_time_delta_sensor_async.py
[2024-04-08T09:33:18.227+0000] {processor.py:830} INFO - Processing file /home/airflow/.local/lib/python3.8/site-packages/airflow/example_dags/example_time_delta_sensor_async.py for tasks to queue
[2024-04-08T09:33:18.228+0000] {logging_mixin.py:188} INFO - [2024-04-08T09:33:18.228+0000] {dagbag.py:540} INFO - Filling up the DagBag from /home/airflow/.local/lib/python3.8/site-packages/airflow/example_dags/example_time_delta_sensor_async.py
[2024-04-08T09:33:18.231+0000] {processor.py:840} INFO - DAG(s) 'example_time_delta_sensor_async' retrieved from /home/airflow/.local/lib/python3.8/site-packages/airflow/example_dags/example_time_delta_sensor_async.py
[2024-04-08T09:33:18.305+0000] {logging_mixin.py:188} INFO - [2024-04-08T09:33:18.305+0000] {dag.py:3047} INFO - Sync 1 DAGs
[2024-04-08T09:33:18.321+0000] {logging_mixin.py:188} INFO - [2024-04-08T09:33:18.321+0000] {dag.py:3834} INFO - Setting next_dagrun for example_time_delta_sensor_async to None, run_after=None
[2024-04-08T09:33:18.341+0000] {processor.py:183} INFO - Processing /home/airflow/.local/lib/python3.8/site-packages/airflow/example_dags/example_time_delta_sensor_async.py took 0.115 seconds
[2024-04-08T09:33:48.465+0000] {processor.py:161} INFO - Started process (PID=489) to work on /home/airflow/.local/lib/python3.8/site-packages/airflow/example_dags/example_time_delta_sensor_async.py
[2024-04-08T09:33:48.465+0000] {processor.py:830} INFO - Processing file /home/airflow/.local/lib/python3.8/site-packages/airflow/example_dags/example_time_delta_sensor_async.py for tasks to queue
[2024-04-08T09:33:48.466+0000] {logging_mixin.py:188} INFO - [2024-04-08T09:33:48.466+0000] {dagbag.py:540} INFO - Filling up the DagBag from /home/airflow/.local/lib/python3.8/site-packages/airflow/example_dags/example_time_delta_sensor_async.py
[2024-04-08T09:33:48.469+0000] {processor.py:840} INFO - DAG(s) 'example_time_delta_sensor_async' retrieved from /home/airflow/.local/lib/python3.8/site-packages/airflow/example_dags/example_time_delta_sensor_async.py
[2024-04-08T09:33:48.541+0000] {logging_mixin.py:188} INFO - [2024-04-08T09:33:48.541+0000] {dag.py:3047} INFO - Sync 1 DAGs
[2024-04-08T09:33:48.558+0000] {logging_mixin.py:188} INFO - [2024-04-08T09:33:48.558+0000] {dag.py:3834} INFO - Setting next_dagrun for example_time_delta_sensor_async to None, run_after=None
[2024-04-08T09:33:48.577+0000] {processor.py:183} INFO - Processing /home/airflow/.local/lib/python3.8/site-packages/airflow/example_dags/example_time_delta_sensor_async.py took 0.114 seconds
[2024-04-08T09:34:18.748+0000] {processor.py:161} INFO - Started process (PID=544) to work on /home/airflow/.local/lib/python3.8/site-packages/airflow/example_dags/example_time_delta_sensor_async.py
[2024-04-08T09:34:18.749+0000] {processor.py:830} INFO - Processing file /home/airflow/.local/lib/python3.8/site-packages/airflow/example_dags/example_time_delta_sensor_async.py for tasks to queue
[2024-04-08T09:34:18.750+0000] {logging_mixin.py:188} INFO - [2024-04-08T09:34:18.750+0000] {dagbag.py:540} INFO - Filling up the DagBag from /home/airflow/.local/lib/python3.8/site-packages/airflow/example_dags/example_time_delta_sensor_async.py
[2024-04-08T09:34:18.752+0000] {processor.py:840} INFO - DAG(s) 'example_time_delta_sensor_async' retrieved from /home/airflow/.local/lib/python3.8/site-packages/airflow/example_dags/example_time_delta_sensor_async.py
[2024-04-08T09:34:18.824+0000] {logging_mixin.py:188} INFO - [2024-04-08T09:34:18.824+0000] {dag.py:3047} INFO - Sync 1 DAGs
[2024-04-08T09:34:18.841+0000] {logging_mixin.py:188} INFO - [2024-04-08T09:34:18.841+0000] {dag.py:3834} INFO - Setting next_dagrun for example_time_delta_sensor_async to None, run_after=None
[2024-04-08T09:34:18.861+0000] {processor.py:183} INFO - Processing /home/airflow/.local/lib/python3.8/site-packages/airflow/example_dags/example_time_delta_sensor_async.py took 0.115 seconds
[2024-04-08T09:34:49.137+0000] {processor.py:161} INFO - Started process (PID=599) to work on /home/airflow/.local/lib/python3.8/site-packages/airflow/example_dags/example_time_delta_sensor_async.py
[2024-04-08T09:34:49.139+0000] {processor.py:830} INFO - Processing file /home/airflow/.local/lib/python3.8/site-packages/airflow/example_dags/example_time_delta_sensor_async.py for tasks to queue
[2024-04-08T09:34:49.140+0000] {logging_mixin.py:188} INFO - [2024-04-08T09:34:49.140+0000] {dagbag.py:540} INFO - Filling up the DagBag from /home/airflow/.local/lib/python3.8/site-packages/airflow/example_dags/example_time_delta_sensor_async.py
[2024-04-08T09:34:49.143+0000] {processor.py:840} INFO - DAG(s) 'example_time_delta_sensor_async' retrieved from /home/airflow/.local/lib/python3.8/site-packages/airflow/example_dags/example_time_delta_sensor_async.py
[2024-04-08T09:34:49.215+0000] {logging_mixin.py:188} INFO - [2024-04-08T09:34:49.215+0000] {dag.py:3047} INFO - Sync 1 DAGs
[2024-04-08T09:34:49.232+0000] {logging_mixin.py:188} INFO - [2024-04-08T09:34:49.231+0000] {dag.py:3834} INFO - Setting next_dagrun for example_time_delta_sensor_async to None, run_after=None
[2024-04-08T09:34:49.252+0000] {processor.py:183} INFO - Processing /home/airflow/.local/lib/python3.8/site-packages/airflow/example_dags/example_time_delta_sensor_async.py took 0.117 seconds
[2024-04-08T09:35:19.534+0000] {processor.py:161} INFO - Started process (PID=654) to work on /home/airflow/.local/lib/python3.8/site-packages/airflow/example_dags/example_time_delta_sensor_async.py
[2024-04-08T09:35:19.536+0000] {processor.py:830} INFO - Processing file /home/airflow/.local/lib/python3.8/site-packages/airflow/example_dags/example_time_delta_sensor_async.py for tasks to queue
[2024-04-08T09:35:19.538+0000] {logging_mixin.py:188} INFO - [2024-04-08T09:35:19.538+0000] {dagbag.py:540} INFO - Filling up the DagBag from /home/airflow/.local/lib/python3.8/site-packages/airflow/example_dags/example_time_delta_sensor_async.py
[2024-04-08T09:35:19.540+0000] {processor.py:840} INFO - DAG(s) 'example_time_delta_sensor_async' retrieved from /home/airflow/.local/lib/python3.8/site-packages/airflow/example_dags/example_time_delta_sensor_async.py
[2024-04-08T09:35:19.625+0000] {logging_mixin.py:188} INFO - [2024-04-08T09:35:19.625+0000] {dag.py:3047} INFO - Sync 1 DAGs
[2024-04-08T09:35:19.644+0000] {logging_mixin.py:188} INFO - [2024-04-08T09:35:19.644+0000] {dag.py:3834} INFO - Setting next_dagrun for example_time_delta_sensor_async to None, run_after=None
[2024-04-08T09:35:19.666+0000] {processor.py:183} INFO - Processing /home/airflow/.local/lib/python3.8/site-packages/airflow/example_dags/example_time_delta_sensor_async.py took 0.135 seconds
[2024-04-08T09:35:49.703+0000] {processor.py:161} INFO - Started process (PID=709) to work on /home/airflow/.local/lib/python3.8/site-packages/airflow/example_dags/example_time_delta_sensor_async.py
[2024-04-08T09:35:49.704+0000] {processor.py:830} INFO - Processing file /home/airflow/.local/lib/python3.8/site-packages/airflow/example_dags/example_time_delta_sensor_async.py for tasks to queue
[2024-04-08T09:35:49.706+0000] {logging_mixin.py:188} INFO - [2024-04-08T09:35:49.705+0000] {dagbag.py:540} INFO - Filling up the DagBag from /home/airflow/.local/lib/python3.8/site-packages/airflow/example_dags/example_time_delta_sensor_async.py
[2024-04-08T09:35:49.708+0000] {processor.py:840} INFO - DAG(s) 'example_time_delta_sensor_async' retrieved from /home/airflow/.local/lib/python3.8/site-packages/airflow/example_dags/example_time_delta_sensor_async.py
[2024-04-08T09:35:49.788+0000] {logging_mixin.py:188} INFO - [2024-04-08T09:35:49.788+0000] {dag.py:3047} INFO - Sync 1 DAGs
[2024-04-08T09:35:49.812+0000] {logging_mixin.py:188} INFO - [2024-04-08T09:35:49.811+0000] {dag.py:3834} INFO - Setting next_dagrun for example_time_delta_sensor_async to None, run_after=None
[2024-04-08T09:35:49.835+0000] {processor.py:183} INFO - Processing /home/airflow/.local/lib/python3.8/site-packages/airflow/example_dags/example_time_delta_sensor_async.py took 0.134 seconds
[2024-04-08T09:36:19.896+0000] {processor.py:161} INFO - Started process (PID=764) to work on /home/airflow/.local/lib/python3.8/site-packages/airflow/example_dags/example_time_delta_sensor_async.py
[2024-04-08T09:36:19.897+0000] {processor.py:830} INFO - Processing file /home/airflow/.local/lib/python3.8/site-packages/airflow/example_dags/example_time_delta_sensor_async.py for tasks to queue
[2024-04-08T09:36:19.898+0000] {logging_mixin.py:188} INFO - [2024-04-08T09:36:19.898+0000] {dagbag.py:540} INFO - Filling up the DagBag from /home/airflow/.local/lib/python3.8/site-packages/airflow/example_dags/example_time_delta_sensor_async.py
[2024-04-08T09:36:19.900+0000] {processor.py:840} INFO - DAG(s) 'example_time_delta_sensor_async' retrieved from /home/airflow/.local/lib/python3.8/site-packages/airflow/example_dags/example_time_delta_sensor_async.py
[2024-04-08T09:36:19.973+0000] {logging_mixin.py:188} INFO - [2024-04-08T09:36:19.972+0000] {dag.py:3047} INFO - Sync 1 DAGs
[2024-04-08T09:36:19.989+0000] {logging_mixin.py:188} INFO - [2024-04-08T09:36:19.989+0000] {dag.py:3834} INFO - Setting next_dagrun for example_time_delta_sensor_async to None, run_after=None
[2024-04-08T09:36:20.009+0000] {processor.py:183} INFO - Processing /home/airflow/.local/lib/python3.8/site-packages/airflow/example_dags/example_time_delta_sensor_async.py took 0.115 seconds
[2024-04-08T09:36:50.304+0000] {processor.py:161} INFO - Started process (PID=819) to work on /home/airflow/.local/lib/python3.8/site-packages/airflow/example_dags/example_time_delta_sensor_async.py
[2024-04-08T09:36:50.304+0000] {processor.py:830} INFO - Processing file /home/airflow/.local/lib/python3.8/site-packages/airflow/example_dags/example_time_delta_sensor_async.py for tasks to queue
[2024-04-08T09:36:50.306+0000] {logging_mixin.py:188} INFO - [2024-04-08T09:36:50.305+0000] {dagbag.py:540} INFO - Filling up the DagBag from /home/airflow/.local/lib/python3.8/site-packages/airflow/example_dags/example_time_delta_sensor_async.py
[2024-04-08T09:36:50.308+0000] {processor.py:840} INFO - DAG(s) 'example_time_delta_sensor_async' retrieved from /home/airflow/.local/lib/python3.8/site-packages/airflow/example_dags/example_time_delta_sensor_async.py
[2024-04-08T09:36:50.380+0000] {logging_mixin.py:188} INFO - [2024-04-08T09:36:50.380+0000] {dag.py:3047} INFO - Sync 1 DAGs
[2024-04-08T09:36:50.397+0000] {logging_mixin.py:188} INFO - [2024-04-08T09:36:50.397+0000] {dag.py:3834} INFO - Setting next_dagrun for example_time_delta_sensor_async to None, run_after=None
[2024-04-08T09:36:50.419+0000] {processor.py:183} INFO - Processing /home/airflow/.local/lib/python3.8/site-packages/airflow/example_dags/example_time_delta_sensor_async.py took 0.117 seconds
[2024-04-08T09:37:20.592+0000] {processor.py:161} INFO - Started process (PID=874) to work on /home/airflow/.local/lib/python3.8/site-packages/airflow/example_dags/example_time_delta_sensor_async.py
[2024-04-08T09:37:20.595+0000] {processor.py:830} INFO - Processing file /home/airflow/.local/lib/python3.8/site-packages/airflow/example_dags/example_time_delta_sensor_async.py for tasks to queue
[2024-04-08T09:37:20.596+0000] {logging_mixin.py:188} INFO - [2024-04-08T09:37:20.596+0000] {dagbag.py:540} INFO - Filling up the DagBag from /home/airflow/.local/lib/python3.8/site-packages/airflow/example_dags/example_time_delta_sensor_async.py
[2024-04-08T09:37:20.599+0000] {processor.py:840} INFO - DAG(s) 'example_time_delta_sensor_async' retrieved from /home/airflow/.local/lib/python3.8/site-packages/airflow/example_dags/example_time_delta_sensor_async.py
[2024-04-08T09:37:20.672+0000] {logging_mixin.py:188} INFO - [2024-04-08T09:37:20.672+0000] {dag.py:3047} INFO - Sync 1 DAGs
[2024-04-08T09:37:20.689+0000] {logging_mixin.py:188} INFO - [2024-04-08T09:37:20.689+0000] {dag.py:3834} INFO - Setting next_dagrun for example_time_delta_sensor_async to None, run_after=None
[2024-04-08T09:37:20.709+0000] {processor.py:183} INFO - Processing /home/airflow/.local/lib/python3.8/site-packages/airflow/example_dags/example_time_delta_sensor_async.py took 0.119 seconds
[2024-04-08T09:37:50.830+0000] {processor.py:161} INFO - Started process (PID=929) to work on /home/airflow/.local/lib/python3.8/site-packages/airflow/example_dags/example_time_delta_sensor_async.py
[2024-04-08T09:37:50.831+0000] {processor.py:830} INFO - Processing file /home/airflow/.local/lib/python3.8/site-packages/airflow/example_dags/example_time_delta_sensor_async.py for tasks to queue
[2024-04-08T09:37:50.832+0000] {logging_mixin.py:188} INFO - [2024-04-08T09:37:50.832+0000] {dagbag.py:540} INFO - Filling up the DagBag from /home/airflow/.local/lib/python3.8/site-packages/airflow/example_dags/example_time_delta_sensor_async.py
[2024-04-08T09:37:50.834+0000] {processor.py:840} INFO - DAG(s) 'example_time_delta_sensor_async' retrieved from /home/airflow/.local/lib/python3.8/site-packages/airflow/example_dags/example_time_delta_sensor_async.py
[2024-04-08T09:37:50.907+0000] {logging_mixin.py:188} INFO - [2024-04-08T09:37:50.907+0000] {dag.py:3047} INFO - Sync 1 DAGs
[2024-04-08T09:37:50.924+0000] {logging_mixin.py:188} INFO - [2024-04-08T09:37:50.924+0000] {dag.py:3834} INFO - Setting next_dagrun for example_time_delta_sensor_async to None, run_after=None
[2024-04-08T09:37:50.945+0000] {processor.py:183} INFO - Processing /home/airflow/.local/lib/python3.8/site-packages/airflow/example_dags/example_time_delta_sensor_async.py took 0.116 seconds
[2024-04-08T09:38:21.562+0000] {processor.py:161} INFO - Started process (PID=984) to work on /home/airflow/.local/lib/python3.8/site-packages/airflow/example_dags/example_time_delta_sensor_async.py
[2024-04-08T09:38:21.563+0000] {processor.py:830} INFO - Processing file /home/airflow/.local/lib/python3.8/site-packages/airflow/example_dags/example_time_delta_sensor_async.py for tasks to queue
[2024-04-08T09:38:21.564+0000] {logging_mixin.py:188} INFO - [2024-04-08T09:38:21.564+0000] {dagbag.py:540} INFO - Filling up the DagBag from /home/airflow/.local/lib/python3.8/site-packages/airflow/example_dags/example_time_delta_sensor_async.py
[2024-04-08T09:38:21.566+0000] {processor.py:840} INFO - DAG(s) 'example_time_delta_sensor_async' retrieved from /home/airflow/.local/lib/python3.8/site-packages/airflow/example_dags/example_time_delta_sensor_async.py
[2024-04-08T09:38:21.643+0000] {logging_mixin.py:188} INFO - [2024-04-08T09:38:21.642+0000] {dag.py:3047} INFO - Sync 1 DAGs
[2024-04-08T09:38:21.660+0000] {logging_mixin.py:188} INFO - [2024-04-08T09:38:21.660+0000] {dag.py:3834} INFO - Setting next_dagrun for example_time_delta_sensor_async to None, run_after=None
[2024-04-08T09:38:21.683+0000] {processor.py:183} INFO - Processing /home/airflow/.local/lib/python3.8/site-packages/airflow/example_dags/example_time_delta_sensor_async.py took 0.123 seconds
[2024-04-08T09:38:52.031+0000] {processor.py:161} INFO - Started process (PID=1039) to work on /home/airflow/.local/lib/python3.8/site-packages/airflow/example_dags/example_time_delta_sensor_async.py
[2024-04-08T09:38:52.031+0000] {processor.py:830} INFO - Processing file /home/airflow/.local/lib/python3.8/site-packages/airflow/example_dags/example_time_delta_sensor_async.py for tasks to queue
[2024-04-08T09:38:52.033+0000] {logging_mixin.py:188} INFO - [2024-04-08T09:38:52.032+0000] {dagbag.py:540} INFO - Filling up the DagBag from /home/airflow/.local/lib/python3.8/site-packages/airflow/example_dags/example_time_delta_sensor_async.py
[2024-04-08T09:38:52.035+0000] {processor.py:840} INFO - DAG(s) 'example_time_delta_sensor_async' retrieved from /home/airflow/.local/lib/python3.8/site-packages/airflow/example_dags/example_time_delta_sensor_async.py
[2024-04-08T09:38:52.120+0000] {logging_mixin.py:188} INFO - [2024-04-08T09:38:52.120+0000] {dag.py:3047} INFO - Sync 1 DAGs
[2024-04-08T09:38:52.145+0000] {logging_mixin.py:188} INFO - [2024-04-08T09:38:52.145+0000] {dag.py:3834} INFO - Setting next_dagrun for example_time_delta_sensor_async to None, run_after=None
[2024-04-08T09:38:52.170+0000] {processor.py:183} INFO - Processing /home/airflow/.local/lib/python3.8/site-packages/airflow/example_dags/example_time_delta_sensor_async.py took 0.141 seconds
[2024-04-08T09:39:22.223+0000] {processor.py:161} INFO - Started process (PID=1094) to work on /home/airflow/.local/lib/python3.8/site-packages/airflow/example_dags/example_time_delta_sensor_async.py
[2024-04-08T09:39:22.224+0000] {processor.py:830} INFO - Processing file /home/airflow/.local/lib/python3.8/site-packages/airflow/example_dags/example_time_delta_sensor_async.py for tasks to queue
[2024-04-08T09:39:22.225+0000] {logging_mixin.py:188} INFO - [2024-04-08T09:39:22.225+0000] {dagbag.py:540} INFO - Filling up the DagBag from /home/airflow/.local/lib/python3.8/site-packages/airflow/example_dags/example_time_delta_sensor_async.py
[2024-04-08T09:39:22.228+0000] {processor.py:840} INFO - DAG(s) 'example_time_delta_sensor_async' retrieved from /home/airflow/.local/lib/python3.8/site-packages/airflow/example_dags/example_time_delta_sensor_async.py
[2024-04-08T09:39:22.302+0000] {logging_mixin.py:188} INFO - [2024-04-08T09:39:22.302+0000] {dag.py:3047} INFO - Sync 1 DAGs
[2024-04-08T09:39:22.322+0000] {logging_mixin.py:188} INFO - [2024-04-08T09:39:22.322+0000] {dag.py:3834} INFO - Setting next_dagrun for example_time_delta_sensor_async to None, run_after=None
[2024-04-08T09:39:22.342+0000] {processor.py:183} INFO - Processing /home/airflow/.local/lib/python3.8/site-packages/airflow/example_dags/example_time_delta_sensor_async.py took 0.121 seconds
[2024-04-08T09:39:53.337+0000] {processor.py:161} INFO - Started process (PID=1149) to work on /home/airflow/.local/lib/python3.8/site-packages/airflow/example_dags/example_time_delta_sensor_async.py
[2024-04-08T09:39:53.338+0000] {processor.py:830} INFO - Processing file /home/airflow/.local/lib/python3.8/site-packages/airflow/example_dags/example_time_delta_sensor_async.py for tasks to queue
[2024-04-08T09:39:53.339+0000] {logging_mixin.py:188} INFO - [2024-04-08T09:39:53.338+0000] {dagbag.py:540} INFO - Filling up the DagBag from /home/airflow/.local/lib/python3.8/site-packages/airflow/example_dags/example_time_delta_sensor_async.py
[2024-04-08T09:39:53.341+0000] {processor.py:840} INFO - DAG(s) 'example_time_delta_sensor_async' retrieved from /home/airflow/.local/lib/python3.8/site-packages/airflow/example_dags/example_time_delta_sensor_async.py
[2024-04-08T09:39:53.418+0000] {logging_mixin.py:188} INFO - [2024-04-08T09:39:53.418+0000] {dag.py:3047} INFO - Sync 1 DAGs
[2024-04-08T09:39:53.436+0000] {logging_mixin.py:188} INFO - [2024-04-08T09:39:53.436+0000] {dag.py:3834} INFO - Setting next_dagrun for example_time_delta_sensor_async to None, run_after=None
[2024-04-08T09:39:53.455+0000] {processor.py:183} INFO - Processing /home/airflow/.local/lib/python3.8/site-packages/airflow/example_dags/example_time_delta_sensor_async.py took 0.119 seconds
[2024-04-08T09:40:23.599+0000] {processor.py:161} INFO - Started process (PID=1203) to work on /home/airflow/.local/lib/python3.8/site-packages/airflow/example_dags/example_time_delta_sensor_async.py
[2024-04-08T09:40:23.600+0000] {processor.py:830} INFO - Processing file /home/airflow/.local/lib/python3.8/site-packages/airflow/example_dags/example_time_delta_sensor_async.py for tasks to queue
[2024-04-08T09:40:23.601+0000] {logging_mixin.py:188} INFO - [2024-04-08T09:40:23.601+0000] {dagbag.py:540} INFO - Filling up the DagBag from /home/airflow/.local/lib/python3.8/site-packages/airflow/example_dags/example_time_delta_sensor_async.py
[2024-04-08T09:40:23.603+0000] {processor.py:840} INFO - DAG(s) 'example_time_delta_sensor_async' retrieved from /home/airflow/.local/lib/python3.8/site-packages/airflow/example_dags/example_time_delta_sensor_async.py
[2024-04-08T09:40:23.677+0000] {logging_mixin.py:188} INFO - [2024-04-08T09:40:23.676+0000] {dag.py:3047} INFO - Sync 1 DAGs
[2024-04-08T09:40:23.693+0000] {logging_mixin.py:188} INFO - [2024-04-08T09:40:23.693+0000] {dag.py:3834} INFO - Setting next_dagrun for example_time_delta_sensor_async to None, run_after=None
[2024-04-08T09:40:23.712+0000] {processor.py:183} INFO - Processing /home/airflow/.local/lib/python3.8/site-packages/airflow/example_dags/example_time_delta_sensor_async.py took 0.115 seconds
[2024-04-08T09:40:54.080+0000] {processor.py:161} INFO - Started process (PID=1258) to work on /home/airflow/.local/lib/python3.8/site-packages/airflow/example_dags/example_time_delta_sensor_async.py
[2024-04-08T09:40:54.080+0000] {processor.py:830} INFO - Processing file /home/airflow/.local/lib/python3.8/site-packages/airflow/example_dags/example_time_delta_sensor_async.py for tasks to queue
[2024-04-08T09:40:54.081+0000] {logging_mixin.py:188} INFO - [2024-04-08T09:40:54.081+0000] {dagbag.py:540} INFO - Filling up the DagBag from /home/airflow/.local/lib/python3.8/site-packages/airflow/example_dags/example_time_delta_sensor_async.py
[2024-04-08T09:40:54.083+0000] {processor.py:840} INFO - DAG(s) 'example_time_delta_sensor_async' retrieved from /home/airflow/.local/lib/python3.8/site-packages/airflow/example_dags/example_time_delta_sensor_async.py
[2024-04-08T09:40:54.154+0000] {logging_mixin.py:188} INFO - [2024-04-08T09:40:54.154+0000] {dag.py:3047} INFO - Sync 1 DAGs
[2024-04-08T09:40:54.172+0000] {logging_mixin.py:188} INFO - [2024-04-08T09:40:54.172+0000] {dag.py:3834} INFO - Setting next_dagrun for example_time_delta_sensor_async to None, run_after=None
[2024-04-08T09:40:54.194+0000] {processor.py:183} INFO - Processing /home/airflow/.local/lib/python3.8/site-packages/airflow/example_dags/example_time_delta_sensor_async.py took 0.116 seconds
[2024-04-08T09:41:25.017+0000] {processor.py:161} INFO - Started process (PID=1313) to work on /home/airflow/.local/lib/python3.8/site-packages/airflow/example_dags/example_time_delta_sensor_async.py
[2024-04-08T09:41:25.018+0000] {processor.py:830} INFO - Processing file /home/airflow/.local/lib/python3.8/site-packages/airflow/example_dags/example_time_delta_sensor_async.py for tasks to queue
[2024-04-08T09:41:25.019+0000] {logging_mixin.py:188} INFO - [2024-04-08T09:41:25.019+0000] {dagbag.py:540} INFO - Filling up the DagBag from /home/airflow/.local/lib/python3.8/site-packages/airflow/example_dags/example_time_delta_sensor_async.py
[2024-04-08T09:41:25.022+0000] {processor.py:840} INFO - DAG(s) 'example_time_delta_sensor_async' retrieved from /home/airflow/.local/lib/python3.8/site-packages/airflow/example_dags/example_time_delta_sensor_async.py
[2024-04-08T09:41:25.097+0000] {logging_mixin.py:188} INFO - [2024-04-08T09:41:25.097+0000] {dag.py:3047} INFO - Sync 1 DAGs
[2024-04-08T09:41:25.114+0000] {logging_mixin.py:188} INFO - [2024-04-08T09:41:25.114+0000] {dag.py:3834} INFO - Setting next_dagrun for example_time_delta_sensor_async to None, run_after=None
[2024-04-08T09:41:25.134+0000] {processor.py:183} INFO - Processing /home/airflow/.local/lib/python3.8/site-packages/airflow/example_dags/example_time_delta_sensor_async.py took 0.119 seconds
[2024-04-08T09:41:55.897+0000] {processor.py:161} INFO - Started process (PID=1368) to work on /home/airflow/.local/lib/python3.8/site-packages/airflow/example_dags/example_time_delta_sensor_async.py
[2024-04-08T09:41:55.897+0000] {processor.py:830} INFO - Processing file /home/airflow/.local/lib/python3.8/site-packages/airflow/example_dags/example_time_delta_sensor_async.py for tasks to queue
[2024-04-08T09:41:55.898+0000] {logging_mixin.py:188} INFO - [2024-04-08T09:41:55.898+0000] {dagbag.py:540} INFO - Filling up the DagBag from /home/airflow/.local/lib/python3.8/site-packages/airflow/example_dags/example_time_delta_sensor_async.py
[2024-04-08T09:41:55.900+0000] {processor.py:840} INFO - DAG(s) 'example_time_delta_sensor_async' retrieved from /home/airflow/.local/lib/python3.8/site-packages/airflow/example_dags/example_time_delta_sensor_async.py
[2024-04-08T09:41:55.975+0000] {logging_mixin.py:188} INFO - [2024-04-08T09:41:55.975+0000] {dag.py:3047} INFO - Sync 1 DAGs
[2024-04-08T09:41:55.997+0000] {logging_mixin.py:188} INFO - [2024-04-08T09:41:55.997+0000] {dag.py:3834} INFO - Setting next_dagrun for example_time_delta_sensor_async to None, run_after=None
[2024-04-08T09:41:56.018+0000] {processor.py:183} INFO - Processing /home/airflow/.local/lib/python3.8/site-packages/airflow/example_dags/example_time_delta_sensor_async.py took 0.122 seconds
[2024-04-08T09:42:26.235+0000] {processor.py:161} INFO - Started process (PID=1423) to work on /home/airflow/.local/lib/python3.8/site-packages/airflow/example_dags/example_time_delta_sensor_async.py
[2024-04-08T09:42:26.235+0000] {processor.py:830} INFO - Processing file /home/airflow/.local/lib/python3.8/site-packages/airflow/example_dags/example_time_delta_sensor_async.py for tasks to queue
[2024-04-08T09:42:26.236+0000] {logging_mixin.py:188} INFO - [2024-04-08T09:42:26.236+0000] {dagbag.py:540} INFO - Filling up the DagBag from /home/airflow/.local/lib/python3.8/site-packages/airflow/example_dags/example_time_delta_sensor_async.py
[2024-04-08T09:42:26.239+0000] {processor.py:840} INFO - DAG(s) 'example_time_delta_sensor_async' retrieved from /home/airflow/.local/lib/python3.8/site-packages/airflow/example_dags/example_time_delta_sensor_async.py
[2024-04-08T09:42:26.337+0000] {logging_mixin.py:188} INFO - [2024-04-08T09:42:26.337+0000] {dag.py:3047} INFO - Sync 1 DAGs
[2024-04-08T09:42:26.355+0000] {logging_mixin.py:188} INFO - [2024-04-08T09:42:26.355+0000] {dag.py:3834} INFO - Setting next_dagrun for example_time_delta_sensor_async to None, run_after=None
[2024-04-08T09:42:26.374+0000] {processor.py:183} INFO - Processing /home/airflow/.local/lib/python3.8/site-packages/airflow/example_dags/example_time_delta_sensor_async.py took 0.141 seconds
[2024-04-08T09:42:56.543+0000] {processor.py:161} INFO - Started process (PID=1478) to work on /home/airflow/.local/lib/python3.8/site-packages/airflow/example_dags/example_time_delta_sensor_async.py
[2024-04-08T09:42:56.544+0000] {processor.py:830} INFO - Processing file /home/airflow/.local/lib/python3.8/site-packages/airflow/example_dags/example_time_delta_sensor_async.py for tasks to queue
[2024-04-08T09:42:56.545+0000] {logging_mixin.py:188} INFO - [2024-04-08T09:42:56.545+0000] {dagbag.py:540} INFO - Filling up the DagBag from /home/airflow/.local/lib/python3.8/site-packages/airflow/example_dags/example_time_delta_sensor_async.py
[2024-04-08T09:42:56.549+0000] {processor.py:840} INFO - DAG(s) 'example_time_delta_sensor_async' retrieved from /home/airflow/.local/lib/python3.8/site-packages/airflow/example_dags/example_time_delta_sensor_async.py
[2024-04-08T09:42:56.626+0000] {logging_mixin.py:188} INFO - [2024-04-08T09:42:56.626+0000] {dag.py:3047} INFO - Sync 1 DAGs
[2024-04-08T09:42:56.645+0000] {logging_mixin.py:188} INFO - [2024-04-08T09:42:56.644+0000] {dag.py:3834} INFO - Setting next_dagrun for example_time_delta_sensor_async to None, run_after=None
[2024-04-08T09:42:56.665+0000] {processor.py:183} INFO - Processing /home/airflow/.local/lib/python3.8/site-packages/airflow/example_dags/example_time_delta_sensor_async.py took 0.124 seconds
[2024-04-08T09:43:26.814+0000] {processor.py:161} INFO - Started process (PID=1533) to work on /home/airflow/.local/lib/python3.8/site-packages/airflow/example_dags/example_time_delta_sensor_async.py
[2024-04-08T09:43:26.814+0000] {processor.py:830} INFO - Processing file /home/airflow/.local/lib/python3.8/site-packages/airflow/example_dags/example_time_delta_sensor_async.py for tasks to queue
[2024-04-08T09:43:26.815+0000] {logging_mixin.py:188} INFO - [2024-04-08T09:43:26.815+0000] {dagbag.py:540} INFO - Filling up the DagBag from /home/airflow/.local/lib/python3.8/site-packages/airflow/example_dags/example_time_delta_sensor_async.py
[2024-04-08T09:43:26.818+0000] {processor.py:840} INFO - DAG(s) 'example_time_delta_sensor_async' retrieved from /home/airflow/.local/lib/python3.8/site-packages/airflow/example_dags/example_time_delta_sensor_async.py
[2024-04-08T09:43:26.891+0000] {logging_mixin.py:188} INFO - [2024-04-08T09:43:26.891+0000] {dag.py:3047} INFO - Sync 1 DAGs
[2024-04-08T09:43:26.908+0000] {logging_mixin.py:188} INFO - [2024-04-08T09:43:26.908+0000] {dag.py:3834} INFO - Setting next_dagrun for example_time_delta_sensor_async to None, run_after=None
[2024-04-08T09:43:26.928+0000] {processor.py:183} INFO - Processing /home/airflow/.local/lib/python3.8/site-packages/airflow/example_dags/example_time_delta_sensor_async.py took 0.115 seconds
[2024-04-08T09:43:57.214+0000] {processor.py:161} INFO - Started process (PID=1588) to work on /home/airflow/.local/lib/python3.8/site-packages/airflow/example_dags/example_time_delta_sensor_async.py
[2024-04-08T09:43:57.215+0000] {processor.py:830} INFO - Processing file /home/airflow/.local/lib/python3.8/site-packages/airflow/example_dags/example_time_delta_sensor_async.py for tasks to queue
[2024-04-08T09:43:57.216+0000] {logging_mixin.py:188} INFO - [2024-04-08T09:43:57.215+0000] {dagbag.py:540} INFO - Filling up the DagBag from /home/airflow/.local/lib/python3.8/site-packages/airflow/example_dags/example_time_delta_sensor_async.py
[2024-04-08T09:43:57.218+0000] {processor.py:840} INFO - DAG(s) 'example_time_delta_sensor_async' retrieved from /home/airflow/.local/lib/python3.8/site-packages/airflow/example_dags/example_time_delta_sensor_async.py
[2024-04-08T09:43:57.294+0000] {logging_mixin.py:188} INFO - [2024-04-08T09:43:57.294+0000] {dag.py:3047} INFO - Sync 1 DAGs
[2024-04-08T09:43:57.317+0000] {logging_mixin.py:188} INFO - [2024-04-08T09:43:57.317+0000] {dag.py:3834} INFO - Setting next_dagrun for example_time_delta_sensor_async to None, run_after=None
[2024-04-08T09:43:57.340+0000] {processor.py:183} INFO - Processing /home/airflow/.local/lib/python3.8/site-packages/airflow/example_dags/example_time_delta_sensor_async.py took 0.127 seconds
[2024-04-08T09:44:27.690+0000] {processor.py:161} INFO - Started process (PID=1643) to work on /home/airflow/.local/lib/python3.8/site-packages/airflow/example_dags/example_time_delta_sensor_async.py
[2024-04-08T09:44:27.690+0000] {processor.py:830} INFO - Processing file /home/airflow/.local/lib/python3.8/site-packages/airflow/example_dags/example_time_delta_sensor_async.py for tasks to queue
[2024-04-08T09:44:27.691+0000] {logging_mixin.py:188} INFO - [2024-04-08T09:44:27.691+0000] {dagbag.py:540} INFO - Filling up the DagBag from /home/airflow/.local/lib/python3.8/site-packages/airflow/example_dags/example_time_delta_sensor_async.py
[2024-04-08T09:44:27.694+0000] {processor.py:840} INFO - DAG(s) 'example_time_delta_sensor_async' retrieved from /home/airflow/.local/lib/python3.8/site-packages/airflow/example_dags/example_time_delta_sensor_async.py
[2024-04-08T09:44:27.771+0000] {logging_mixin.py:188} INFO - [2024-04-08T09:44:27.771+0000] {dag.py:3047} INFO - Sync 1 DAGs
[2024-04-08T09:44:27.789+0000] {logging_mixin.py:188} INFO - [2024-04-08T09:44:27.789+0000] {dag.py:3834} INFO - Setting next_dagrun for example_time_delta_sensor_async to None, run_after=None
[2024-04-08T09:44:27.810+0000] {processor.py:183} INFO - Processing /home/airflow/.local/lib/python3.8/site-packages/airflow/example_dags/example_time_delta_sensor_async.py took 0.122 seconds
[2024-04-08T09:44:57.885+0000] {processor.py:161} INFO - Started process (PID=1698) to work on /home/airflow/.local/lib/python3.8/site-packages/airflow/example_dags/example_time_delta_sensor_async.py
[2024-04-08T09:44:57.885+0000] {processor.py:830} INFO - Processing file /home/airflow/.local/lib/python3.8/site-packages/airflow/example_dags/example_time_delta_sensor_async.py for tasks to queue
[2024-04-08T09:44:57.886+0000] {logging_mixin.py:188} INFO - [2024-04-08T09:44:57.886+0000] {dagbag.py:540} INFO - Filling up the DagBag from /home/airflow/.local/lib/python3.8/site-packages/airflow/example_dags/example_time_delta_sensor_async.py
[2024-04-08T09:44:57.888+0000] {processor.py:840} INFO - DAG(s) 'example_time_delta_sensor_async' retrieved from /home/airflow/.local/lib/python3.8/site-packages/airflow/example_dags/example_time_delta_sensor_async.py
[2024-04-08T09:44:57.962+0000] {logging_mixin.py:188} INFO - [2024-04-08T09:44:57.961+0000] {dag.py:3047} INFO - Sync 1 DAGs
[2024-04-08T09:44:57.980+0000] {logging_mixin.py:188} INFO - [2024-04-08T09:44:57.980+0000] {dag.py:3834} INFO - Setting next_dagrun for example_time_delta_sensor_async to None, run_after=None
[2024-04-08T09:44:58.000+0000] {processor.py:183} INFO - Processing /home/airflow/.local/lib/python3.8/site-packages/airflow/example_dags/example_time_delta_sensor_async.py took 0.117 seconds
[2024-04-08T09:45:28.159+0000] {processor.py:161} INFO - Started process (PID=1753) to work on /home/airflow/.local/lib/python3.8/site-packages/airflow/example_dags/example_time_delta_sensor_async.py
[2024-04-08T09:45:28.160+0000] {processor.py:830} INFO - Processing file /home/airflow/.local/lib/python3.8/site-packages/airflow/example_dags/example_time_delta_sensor_async.py for tasks to queue
[2024-04-08T09:45:28.161+0000] {logging_mixin.py:188} INFO - [2024-04-08T09:45:28.160+0000] {dagbag.py:540} INFO - Filling up the DagBag from /home/airflow/.local/lib/python3.8/site-packages/airflow/example_dags/example_time_delta_sensor_async.py
[2024-04-08T09:45:28.163+0000] {processor.py:840} INFO - DAG(s) 'example_time_delta_sensor_async' retrieved from /home/airflow/.local/lib/python3.8/site-packages/airflow/example_dags/example_time_delta_sensor_async.py
[2024-04-08T09:45:28.231+0000] {logging_mixin.py:188} INFO - [2024-04-08T09:45:28.230+0000] {dag.py:3047} INFO - Sync 1 DAGs
[2024-04-08T09:45:28.247+0000] {logging_mixin.py:188} INFO - [2024-04-08T09:45:28.247+0000] {dag.py:3834} INFO - Setting next_dagrun for example_time_delta_sensor_async to None, run_after=None
[2024-04-08T09:45:28.265+0000] {processor.py:183} INFO - Processing /home/airflow/.local/lib/python3.8/site-packages/airflow/example_dags/example_time_delta_sensor_async.py took 0.108 seconds
[2024-04-08T09:45:58.376+0000] {processor.py:161} INFO - Started process (PID=1808) to work on /home/airflow/.local/lib/python3.8/site-packages/airflow/example_dags/example_time_delta_sensor_async.py
[2024-04-08T09:45:58.377+0000] {processor.py:830} INFO - Processing file /home/airflow/.local/lib/python3.8/site-packages/airflow/example_dags/example_time_delta_sensor_async.py for tasks to queue
[2024-04-08T09:45:58.378+0000] {logging_mixin.py:188} INFO - [2024-04-08T09:45:58.377+0000] {dagbag.py:540} INFO - Filling up the DagBag from /home/airflow/.local/lib/python3.8/site-packages/airflow/example_dags/example_time_delta_sensor_async.py
[2024-04-08T09:45:58.380+0000] {processor.py:840} INFO - DAG(s) 'example_time_delta_sensor_async' retrieved from /home/airflow/.local/lib/python3.8/site-packages/airflow/example_dags/example_time_delta_sensor_async.py
[2024-04-08T09:45:58.453+0000] {logging_mixin.py:188} INFO - [2024-04-08T09:45:58.452+0000] {dag.py:3047} INFO - Sync 1 DAGs
[2024-04-08T09:45:58.471+0000] {logging_mixin.py:188} INFO - [2024-04-08T09:45:58.471+0000] {dag.py:3834} INFO - Setting next_dagrun for example_time_delta_sensor_async to None, run_after=None
[2024-04-08T09:45:58.492+0000] {processor.py:183} INFO - Processing /home/airflow/.local/lib/python3.8/site-packages/airflow/example_dags/example_time_delta_sensor_async.py took 0.117 seconds
