[2024-04-08T09:29:44.588+0000] {processor.py:161} INFO - Started process (PID=38) to work on /home/airflow/.local/lib/python3.8/site-packages/airflow/example_dags/example_branch_python_dop_operator_3.py
[2024-04-08T09:29:44.588+0000] {processor.py:830} INFO - Processing file /home/airflow/.local/lib/python3.8/site-packages/airflow/example_dags/example_branch_python_dop_operator_3.py for tasks to queue
[2024-04-08T09:29:44.589+0000] {logging_mixin.py:188} INFO - [2024-04-08T09:29:44.589+0000] {dagbag.py:540} INFO - Filling up the DagBag from /home/airflow/.local/lib/python3.8/site-packages/airflow/example_dags/example_branch_python_dop_operator_3.py
[2024-04-08T09:29:44.594+0000] {processor.py:840} INFO - DAG(s) 'example_branch_dop_operator_v3' retrieved from /home/airflow/.local/lib/python3.8/site-packages/airflow/example_dags/example_branch_python_dop_operator_3.py
[2024-04-08T09:29:44.669+0000] {logging_mixin.py:188} INFO - [2024-04-08T09:29:44.668+0000] {dag.py:3047} INFO - Sync 1 DAGs
[2024-04-08T09:29:44.730+0000] {logging_mixin.py:188} INFO - [2024-04-08T09:29:44.730+0000] {dag.py:3834} INFO - Setting next_dagrun for example_branch_dop_operator_v3 to 2024-04-08 09:28:00+00:00, run_after=2024-04-08 09:29:00+00:00
[2024-04-08T09:29:44.764+0000] {processor.py:183} INFO - Processing /home/airflow/.local/lib/python3.8/site-packages/airflow/example_dags/example_branch_python_dop_operator_3.py took 0.178 seconds
[2024-04-08T09:30:15.053+0000] {processor.py:161} INFO - Started process (PID=93) to work on /home/airflow/.local/lib/python3.8/site-packages/airflow/example_dags/example_branch_python_dop_operator_3.py
[2024-04-08T09:30:15.053+0000] {processor.py:830} INFO - Processing file /home/airflow/.local/lib/python3.8/site-packages/airflow/example_dags/example_branch_python_dop_operator_3.py for tasks to queue
[2024-04-08T09:30:15.054+0000] {logging_mixin.py:188} INFO - [2024-04-08T09:30:15.054+0000] {dagbag.py:540} INFO - Filling up the DagBag from /home/airflow/.local/lib/python3.8/site-packages/airflow/example_dags/example_branch_python_dop_operator_3.py
[2024-04-08T09:30:15.059+0000] {processor.py:840} INFO - DAG(s) 'example_branch_dop_operator_v3' retrieved from /home/airflow/.local/lib/python3.8/site-packages/airflow/example_dags/example_branch_python_dop_operator_3.py
[2024-04-08T09:30:15.177+0000] {logging_mixin.py:188} INFO - [2024-04-08T09:30:15.177+0000] {dag.py:3047} INFO - Sync 1 DAGs
[2024-04-08T09:30:15.210+0000] {logging_mixin.py:188} INFO - [2024-04-08T09:30:15.210+0000] {dag.py:3834} INFO - Setting next_dagrun for example_branch_dop_operator_v3 to 2024-04-08 09:29:00+00:00, run_after=2024-04-08 09:30:00+00:00
[2024-04-08T09:30:15.235+0000] {processor.py:183} INFO - Processing /home/airflow/.local/lib/python3.8/site-packages/airflow/example_dags/example_branch_python_dop_operator_3.py took 0.184 seconds
[2024-04-08T09:30:46.045+0000] {processor.py:161} INFO - Started process (PID=148) to work on /home/airflow/.local/lib/python3.8/site-packages/airflow/example_dags/example_branch_python_dop_operator_3.py
[2024-04-08T09:30:46.046+0000] {processor.py:830} INFO - Processing file /home/airflow/.local/lib/python3.8/site-packages/airflow/example_dags/example_branch_python_dop_operator_3.py for tasks to queue
[2024-04-08T09:30:46.047+0000] {logging_mixin.py:188} INFO - [2024-04-08T09:30:46.047+0000] {dagbag.py:540} INFO - Filling up the DagBag from /home/airflow/.local/lib/python3.8/site-packages/airflow/example_dags/example_branch_python_dop_operator_3.py
[2024-04-08T09:30:46.052+0000] {processor.py:840} INFO - DAG(s) 'example_branch_dop_operator_v3' retrieved from /home/airflow/.local/lib/python3.8/site-packages/airflow/example_dags/example_branch_python_dop_operator_3.py
[2024-04-08T09:30:46.129+0000] {logging_mixin.py:188} INFO - [2024-04-08T09:30:46.129+0000] {dag.py:3047} INFO - Sync 1 DAGs
[2024-04-08T09:30:46.170+0000] {logging_mixin.py:188} INFO - [2024-04-08T09:30:46.169+0000] {dag.py:3834} INFO - Setting next_dagrun for example_branch_dop_operator_v3 to 2024-04-08 09:29:00+00:00, run_after=2024-04-08 09:30:00+00:00
[2024-04-08T09:30:46.192+0000] {processor.py:183} INFO - Processing /home/airflow/.local/lib/python3.8/site-packages/airflow/example_dags/example_branch_python_dop_operator_3.py took 0.149 seconds
[2024-04-08T09:31:16.216+0000] {processor.py:161} INFO - Started process (PID=203) to work on /home/airflow/.local/lib/python3.8/site-packages/airflow/example_dags/example_branch_python_dop_operator_3.py
[2024-04-08T09:31:16.216+0000] {processor.py:830} INFO - Processing file /home/airflow/.local/lib/python3.8/site-packages/airflow/example_dags/example_branch_python_dop_operator_3.py for tasks to queue
[2024-04-08T09:31:16.217+0000] {logging_mixin.py:188} INFO - [2024-04-08T09:31:16.217+0000] {dagbag.py:540} INFO - Filling up the DagBag from /home/airflow/.local/lib/python3.8/site-packages/airflow/example_dags/example_branch_python_dop_operator_3.py
[2024-04-08T09:31:16.222+0000] {processor.py:840} INFO - DAG(s) 'example_branch_dop_operator_v3' retrieved from /home/airflow/.local/lib/python3.8/site-packages/airflow/example_dags/example_branch_python_dop_operator_3.py
[2024-04-08T09:31:16.295+0000] {logging_mixin.py:188} INFO - [2024-04-08T09:31:16.295+0000] {dag.py:3047} INFO - Sync 1 DAGs
[2024-04-08T09:31:16.334+0000] {logging_mixin.py:188} INFO - [2024-04-08T09:31:16.334+0000] {dag.py:3834} INFO - Setting next_dagrun for example_branch_dop_operator_v3 to 2024-04-08 09:30:00+00:00, run_after=2024-04-08 09:31:00+00:00
[2024-04-08T09:31:16.357+0000] {processor.py:183} INFO - Processing /home/airflow/.local/lib/python3.8/site-packages/airflow/example_dags/example_branch_python_dop_operator_3.py took 0.142 seconds
[2024-04-08T09:31:46.608+0000] {processor.py:161} INFO - Started process (PID=257) to work on /home/airflow/.local/lib/python3.8/site-packages/airflow/example_dags/example_branch_python_dop_operator_3.py
[2024-04-08T09:31:46.609+0000] {processor.py:830} INFO - Processing file /home/airflow/.local/lib/python3.8/site-packages/airflow/example_dags/example_branch_python_dop_operator_3.py for tasks to queue
[2024-04-08T09:31:46.609+0000] {logging_mixin.py:188} INFO - [2024-04-08T09:31:46.609+0000] {dagbag.py:540} INFO - Filling up the DagBag from /home/airflow/.local/lib/python3.8/site-packages/airflow/example_dags/example_branch_python_dop_operator_3.py
[2024-04-08T09:31:46.614+0000] {processor.py:840} INFO - DAG(s) 'example_branch_dop_operator_v3' retrieved from /home/airflow/.local/lib/python3.8/site-packages/airflow/example_dags/example_branch_python_dop_operator_3.py
[2024-04-08T09:31:46.688+0000] {logging_mixin.py:188} INFO - [2024-04-08T09:31:46.688+0000] {dag.py:3047} INFO - Sync 1 DAGs
[2024-04-08T09:31:46.727+0000] {logging_mixin.py:188} INFO - [2024-04-08T09:31:46.727+0000] {dag.py:3834} INFO - Setting next_dagrun for example_branch_dop_operator_v3 to 2024-04-08 09:30:00+00:00, run_after=2024-04-08 09:31:00+00:00
[2024-04-08T09:31:46.746+0000] {processor.py:183} INFO - Processing /home/airflow/.local/lib/python3.8/site-packages/airflow/example_dags/example_branch_python_dop_operator_3.py took 0.140 seconds
[2024-04-08T09:32:16.779+0000] {processor.py:161} INFO - Started process (PID=312) to work on /home/airflow/.local/lib/python3.8/site-packages/airflow/example_dags/example_branch_python_dop_operator_3.py
[2024-04-08T09:32:16.779+0000] {processor.py:830} INFO - Processing file /home/airflow/.local/lib/python3.8/site-packages/airflow/example_dags/example_branch_python_dop_operator_3.py for tasks to queue
[2024-04-08T09:32:16.780+0000] {logging_mixin.py:188} INFO - [2024-04-08T09:32:16.780+0000] {dagbag.py:540} INFO - Filling up the DagBag from /home/airflow/.local/lib/python3.8/site-packages/airflow/example_dags/example_branch_python_dop_operator_3.py
[2024-04-08T09:32:16.784+0000] {processor.py:840} INFO - DAG(s) 'example_branch_dop_operator_v3' retrieved from /home/airflow/.local/lib/python3.8/site-packages/airflow/example_dags/example_branch_python_dop_operator_3.py
[2024-04-08T09:32:16.856+0000] {logging_mixin.py:188} INFO - [2024-04-08T09:32:16.856+0000] {dag.py:3047} INFO - Sync 1 DAGs
[2024-04-08T09:32:16.894+0000] {logging_mixin.py:188} INFO - [2024-04-08T09:32:16.894+0000] {dag.py:3834} INFO - Setting next_dagrun for example_branch_dop_operator_v3 to 2024-04-08 09:31:00+00:00, run_after=2024-04-08 09:32:00+00:00
[2024-04-08T09:32:16.915+0000] {processor.py:183} INFO - Processing /home/airflow/.local/lib/python3.8/site-packages/airflow/example_dags/example_branch_python_dop_operator_3.py took 0.138 seconds
[2024-04-08T09:32:46.977+0000] {processor.py:161} INFO - Started process (PID=366) to work on /home/airflow/.local/lib/python3.8/site-packages/airflow/example_dags/example_branch_python_dop_operator_3.py
[2024-04-08T09:32:46.978+0000] {processor.py:830} INFO - Processing file /home/airflow/.local/lib/python3.8/site-packages/airflow/example_dags/example_branch_python_dop_operator_3.py for tasks to queue
[2024-04-08T09:32:46.979+0000] {logging_mixin.py:188} INFO - [2024-04-08T09:32:46.979+0000] {dagbag.py:540} INFO - Filling up the DagBag from /home/airflow/.local/lib/python3.8/site-packages/airflow/example_dags/example_branch_python_dop_operator_3.py
[2024-04-08T09:32:46.983+0000] {processor.py:840} INFO - DAG(s) 'example_branch_dop_operator_v3' retrieved from /home/airflow/.local/lib/python3.8/site-packages/airflow/example_dags/example_branch_python_dop_operator_3.py
[2024-04-08T09:32:47.056+0000] {logging_mixin.py:188} INFO - [2024-04-08T09:32:47.056+0000] {dag.py:3047} INFO - Sync 1 DAGs
[2024-04-08T09:32:47.096+0000] {logging_mixin.py:188} INFO - [2024-04-08T09:32:47.096+0000] {dag.py:3834} INFO - Setting next_dagrun for example_branch_dop_operator_v3 to 2024-04-08 09:31:00+00:00, run_after=2024-04-08 09:32:00+00:00
[2024-04-08T09:32:47.115+0000] {processor.py:183} INFO - Processing /home/airflow/.local/lib/python3.8/site-packages/airflow/example_dags/example_branch_python_dop_operator_3.py took 0.139 seconds
[2024-04-08T09:33:17.208+0000] {processor.py:161} INFO - Started process (PID=421) to work on /home/airflow/.local/lib/python3.8/site-packages/airflow/example_dags/example_branch_python_dop_operator_3.py
[2024-04-08T09:33:17.209+0000] {processor.py:830} INFO - Processing file /home/airflow/.local/lib/python3.8/site-packages/airflow/example_dags/example_branch_python_dop_operator_3.py for tasks to queue
[2024-04-08T09:33:17.210+0000] {logging_mixin.py:188} INFO - [2024-04-08T09:33:17.210+0000] {dagbag.py:540} INFO - Filling up the DagBag from /home/airflow/.local/lib/python3.8/site-packages/airflow/example_dags/example_branch_python_dop_operator_3.py
[2024-04-08T09:33:17.215+0000] {processor.py:840} INFO - DAG(s) 'example_branch_dop_operator_v3' retrieved from /home/airflow/.local/lib/python3.8/site-packages/airflow/example_dags/example_branch_python_dop_operator_3.py
[2024-04-08T09:33:17.289+0000] {logging_mixin.py:188} INFO - [2024-04-08T09:33:17.289+0000] {dag.py:3047} INFO - Sync 1 DAGs
[2024-04-08T09:33:17.327+0000] {logging_mixin.py:188} INFO - [2024-04-08T09:33:17.327+0000] {dag.py:3834} INFO - Setting next_dagrun for example_branch_dop_operator_v3 to 2024-04-08 09:32:00+00:00, run_after=2024-04-08 09:33:00+00:00
[2024-04-08T09:33:17.350+0000] {processor.py:183} INFO - Processing /home/airflow/.local/lib/python3.8/site-packages/airflow/example_dags/example_branch_python_dop_operator_3.py took 0.143 seconds
[2024-04-08T09:33:47.402+0000] {processor.py:161} INFO - Started process (PID=475) to work on /home/airflow/.local/lib/python3.8/site-packages/airflow/example_dags/example_branch_python_dop_operator_3.py
[2024-04-08T09:33:47.403+0000] {processor.py:830} INFO - Processing file /home/airflow/.local/lib/python3.8/site-packages/airflow/example_dags/example_branch_python_dop_operator_3.py for tasks to queue
[2024-04-08T09:33:47.404+0000] {logging_mixin.py:188} INFO - [2024-04-08T09:33:47.404+0000] {dagbag.py:540} INFO - Filling up the DagBag from /home/airflow/.local/lib/python3.8/site-packages/airflow/example_dags/example_branch_python_dop_operator_3.py
[2024-04-08T09:33:47.408+0000] {processor.py:840} INFO - DAG(s) 'example_branch_dop_operator_v3' retrieved from /home/airflow/.local/lib/python3.8/site-packages/airflow/example_dags/example_branch_python_dop_operator_3.py
[2024-04-08T09:33:47.479+0000] {logging_mixin.py:188} INFO - [2024-04-08T09:33:47.479+0000] {dag.py:3047} INFO - Sync 1 DAGs
[2024-04-08T09:33:47.515+0000] {logging_mixin.py:188} INFO - [2024-04-08T09:33:47.515+0000] {dag.py:3834} INFO - Setting next_dagrun for example_branch_dop_operator_v3 to 2024-04-08 09:32:00+00:00, run_after=2024-04-08 09:33:00+00:00
[2024-04-08T09:33:47.533+0000] {processor.py:183} INFO - Processing /home/airflow/.local/lib/python3.8/site-packages/airflow/example_dags/example_branch_python_dop_operator_3.py took 0.133 seconds
[2024-04-08T09:34:17.594+0000] {processor.py:161} INFO - Started process (PID=530) to work on /home/airflow/.local/lib/python3.8/site-packages/airflow/example_dags/example_branch_python_dop_operator_3.py
[2024-04-08T09:34:17.594+0000] {processor.py:830} INFO - Processing file /home/airflow/.local/lib/python3.8/site-packages/airflow/example_dags/example_branch_python_dop_operator_3.py for tasks to queue
[2024-04-08T09:34:17.595+0000] {logging_mixin.py:188} INFO - [2024-04-08T09:34:17.595+0000] {dagbag.py:540} INFO - Filling up the DagBag from /home/airflow/.local/lib/python3.8/site-packages/airflow/example_dags/example_branch_python_dop_operator_3.py
[2024-04-08T09:34:17.599+0000] {processor.py:840} INFO - DAG(s) 'example_branch_dop_operator_v3' retrieved from /home/airflow/.local/lib/python3.8/site-packages/airflow/example_dags/example_branch_python_dop_operator_3.py
[2024-04-08T09:34:17.668+0000] {logging_mixin.py:188} INFO - [2024-04-08T09:34:17.668+0000] {dag.py:3047} INFO - Sync 1 DAGs
[2024-04-08T09:34:17.703+0000] {logging_mixin.py:188} INFO - [2024-04-08T09:34:17.703+0000] {dag.py:3834} INFO - Setting next_dagrun for example_branch_dop_operator_v3 to 2024-04-08 09:33:00+00:00, run_after=2024-04-08 09:34:00+00:00
[2024-04-08T09:34:17.724+0000] {processor.py:183} INFO - Processing /home/airflow/.local/lib/python3.8/site-packages/airflow/example_dags/example_branch_python_dop_operator_3.py took 0.132 seconds
[2024-04-08T09:34:47.940+0000] {processor.py:161} INFO - Started process (PID=585) to work on /home/airflow/.local/lib/python3.8/site-packages/airflow/example_dags/example_branch_python_dop_operator_3.py
[2024-04-08T09:34:47.941+0000] {processor.py:830} INFO - Processing file /home/airflow/.local/lib/python3.8/site-packages/airflow/example_dags/example_branch_python_dop_operator_3.py for tasks to queue
[2024-04-08T09:34:47.942+0000] {logging_mixin.py:188} INFO - [2024-04-08T09:34:47.942+0000] {dagbag.py:540} INFO - Filling up the DagBag from /home/airflow/.local/lib/python3.8/site-packages/airflow/example_dags/example_branch_python_dop_operator_3.py
[2024-04-08T09:34:47.946+0000] {processor.py:840} INFO - DAG(s) 'example_branch_dop_operator_v3' retrieved from /home/airflow/.local/lib/python3.8/site-packages/airflow/example_dags/example_branch_python_dop_operator_3.py
[2024-04-08T09:34:48.019+0000] {logging_mixin.py:188} INFO - [2024-04-08T09:34:48.019+0000] {dag.py:3047} INFO - Sync 1 DAGs
[2024-04-08T09:34:48.058+0000] {logging_mixin.py:188} INFO - [2024-04-08T09:34:48.058+0000] {dag.py:3834} INFO - Setting next_dagrun for example_branch_dop_operator_v3 to 2024-04-08 09:33:00+00:00, run_after=2024-04-08 09:34:00+00:00
[2024-04-08T09:34:48.080+0000] {processor.py:183} INFO - Processing /home/airflow/.local/lib/python3.8/site-packages/airflow/example_dags/example_branch_python_dop_operator_3.py took 0.141 seconds
[2024-04-08T09:35:18.173+0000] {processor.py:161} INFO - Started process (PID=640) to work on /home/airflow/.local/lib/python3.8/site-packages/airflow/example_dags/example_branch_python_dop_operator_3.py
[2024-04-08T09:35:18.174+0000] {processor.py:830} INFO - Processing file /home/airflow/.local/lib/python3.8/site-packages/airflow/example_dags/example_branch_python_dop_operator_3.py for tasks to queue
[2024-04-08T09:35:18.175+0000] {logging_mixin.py:188} INFO - [2024-04-08T09:35:18.175+0000] {dagbag.py:540} INFO - Filling up the DagBag from /home/airflow/.local/lib/python3.8/site-packages/airflow/example_dags/example_branch_python_dop_operator_3.py
[2024-04-08T09:35:18.179+0000] {processor.py:840} INFO - DAG(s) 'example_branch_dop_operator_v3' retrieved from /home/airflow/.local/lib/python3.8/site-packages/airflow/example_dags/example_branch_python_dop_operator_3.py
[2024-04-08T09:35:18.255+0000] {logging_mixin.py:188} INFO - [2024-04-08T09:35:18.255+0000] {dag.py:3047} INFO - Sync 1 DAGs
[2024-04-08T09:35:18.305+0000] {logging_mixin.py:188} INFO - [2024-04-08T09:35:18.305+0000] {dag.py:3834} INFO - Setting next_dagrun for example_branch_dop_operator_v3 to 2024-04-08 09:34:00+00:00, run_after=2024-04-08 09:35:00+00:00
[2024-04-08T09:35:18.333+0000] {processor.py:183} INFO - Processing /home/airflow/.local/lib/python3.8/site-packages/airflow/example_dags/example_branch_python_dop_operator_3.py took 0.162 seconds
[2024-04-08T09:35:48.472+0000] {processor.py:161} INFO - Started process (PID=695) to work on /home/airflow/.local/lib/python3.8/site-packages/airflow/example_dags/example_branch_python_dop_operator_3.py
[2024-04-08T09:35:48.473+0000] {processor.py:830} INFO - Processing file /home/airflow/.local/lib/python3.8/site-packages/airflow/example_dags/example_branch_python_dop_operator_3.py for tasks to queue
[2024-04-08T09:35:48.475+0000] {logging_mixin.py:188} INFO - [2024-04-08T09:35:48.474+0000] {dagbag.py:540} INFO - Filling up the DagBag from /home/airflow/.local/lib/python3.8/site-packages/airflow/example_dags/example_branch_python_dop_operator_3.py
[2024-04-08T09:35:48.481+0000] {processor.py:840} INFO - DAG(s) 'example_branch_dop_operator_v3' retrieved from /home/airflow/.local/lib/python3.8/site-packages/airflow/example_dags/example_branch_python_dop_operator_3.py
[2024-04-08T09:35:48.557+0000] {logging_mixin.py:188} INFO - [2024-04-08T09:35:48.557+0000] {dag.py:3047} INFO - Sync 1 DAGs
[2024-04-08T09:35:48.596+0000] {logging_mixin.py:188} INFO - [2024-04-08T09:35:48.596+0000] {dag.py:3834} INFO - Setting next_dagrun for example_branch_dop_operator_v3 to 2024-04-08 09:34:00+00:00, run_after=2024-04-08 09:35:00+00:00
[2024-04-08T09:35:48.617+0000] {processor.py:183} INFO - Processing /home/airflow/.local/lib/python3.8/site-packages/airflow/example_dags/example_branch_python_dop_operator_3.py took 0.147 seconds
[2024-04-08T09:36:18.789+0000] {processor.py:161} INFO - Started process (PID=750) to work on /home/airflow/.local/lib/python3.8/site-packages/airflow/example_dags/example_branch_python_dop_operator_3.py
[2024-04-08T09:36:18.790+0000] {processor.py:830} INFO - Processing file /home/airflow/.local/lib/python3.8/site-packages/airflow/example_dags/example_branch_python_dop_operator_3.py for tasks to queue
[2024-04-08T09:36:18.792+0000] {logging_mixin.py:188} INFO - [2024-04-08T09:36:18.792+0000] {dagbag.py:540} INFO - Filling up the DagBag from /home/airflow/.local/lib/python3.8/site-packages/airflow/example_dags/example_branch_python_dop_operator_3.py
[2024-04-08T09:36:18.799+0000] {processor.py:840} INFO - DAG(s) 'example_branch_dop_operator_v3' retrieved from /home/airflow/.local/lib/python3.8/site-packages/airflow/example_dags/example_branch_python_dop_operator_3.py
[2024-04-08T09:36:18.886+0000] {logging_mixin.py:188} INFO - [2024-04-08T09:36:18.886+0000] {dag.py:3047} INFO - Sync 1 DAGs
[2024-04-08T09:36:18.929+0000] {logging_mixin.py:188} INFO - [2024-04-08T09:36:18.929+0000] {dag.py:3834} INFO - Setting next_dagrun for example_branch_dop_operator_v3 to 2024-04-08 09:35:00+00:00, run_after=2024-04-08 09:36:00+00:00
[2024-04-08T09:36:18.953+0000] {processor.py:183} INFO - Processing /home/airflow/.local/lib/python3.8/site-packages/airflow/example_dags/example_branch_python_dop_operator_3.py took 0.166 seconds
[2024-04-08T09:36:49.118+0000] {processor.py:161} INFO - Started process (PID=805) to work on /home/airflow/.local/lib/python3.8/site-packages/airflow/example_dags/example_branch_python_dop_operator_3.py
[2024-04-08T09:36:49.119+0000] {processor.py:830} INFO - Processing file /home/airflow/.local/lib/python3.8/site-packages/airflow/example_dags/example_branch_python_dop_operator_3.py for tasks to queue
[2024-04-08T09:36:49.121+0000] {logging_mixin.py:188} INFO - [2024-04-08T09:36:49.121+0000] {dagbag.py:540} INFO - Filling up the DagBag from /home/airflow/.local/lib/python3.8/site-packages/airflow/example_dags/example_branch_python_dop_operator_3.py
[2024-04-08T09:36:49.129+0000] {processor.py:840} INFO - DAG(s) 'example_branch_dop_operator_v3' retrieved from /home/airflow/.local/lib/python3.8/site-packages/airflow/example_dags/example_branch_python_dop_operator_3.py
[2024-04-08T09:36:49.210+0000] {logging_mixin.py:188} INFO - [2024-04-08T09:36:49.210+0000] {dag.py:3047} INFO - Sync 1 DAGs
[2024-04-08T09:36:49.250+0000] {logging_mixin.py:188} INFO - [2024-04-08T09:36:49.250+0000] {dag.py:3834} INFO - Setting next_dagrun for example_branch_dop_operator_v3 to 2024-04-08 09:35:00+00:00, run_after=2024-04-08 09:36:00+00:00
[2024-04-08T09:36:49.272+0000] {processor.py:183} INFO - Processing /home/airflow/.local/lib/python3.8/site-packages/airflow/example_dags/example_branch_python_dop_operator_3.py took 0.157 seconds
[2024-04-08T09:37:19.338+0000] {processor.py:161} INFO - Started process (PID=860) to work on /home/airflow/.local/lib/python3.8/site-packages/airflow/example_dags/example_branch_python_dop_operator_3.py
[2024-04-08T09:37:19.338+0000] {processor.py:830} INFO - Processing file /home/airflow/.local/lib/python3.8/site-packages/airflow/example_dags/example_branch_python_dop_operator_3.py for tasks to queue
[2024-04-08T09:37:19.339+0000] {logging_mixin.py:188} INFO - [2024-04-08T09:37:19.339+0000] {dagbag.py:540} INFO - Filling up the DagBag from /home/airflow/.local/lib/python3.8/site-packages/airflow/example_dags/example_branch_python_dop_operator_3.py
[2024-04-08T09:37:19.344+0000] {processor.py:840} INFO - DAG(s) 'example_branch_dop_operator_v3' retrieved from /home/airflow/.local/lib/python3.8/site-packages/airflow/example_dags/example_branch_python_dop_operator_3.py
[2024-04-08T09:37:19.418+0000] {logging_mixin.py:188} INFO - [2024-04-08T09:37:19.418+0000] {dag.py:3047} INFO - Sync 1 DAGs
[2024-04-08T09:37:19.457+0000] {logging_mixin.py:188} INFO - [2024-04-08T09:37:19.457+0000] {dag.py:3834} INFO - Setting next_dagrun for example_branch_dop_operator_v3 to 2024-04-08 09:36:00+00:00, run_after=2024-04-08 09:37:00+00:00
[2024-04-08T09:37:19.479+0000] {processor.py:183} INFO - Processing /home/airflow/.local/lib/python3.8/site-packages/airflow/example_dags/example_branch_python_dop_operator_3.py took 0.143 seconds
[2024-04-08T09:37:49.647+0000] {processor.py:161} INFO - Started process (PID=915) to work on /home/airflow/.local/lib/python3.8/site-packages/airflow/example_dags/example_branch_python_dop_operator_3.py
[2024-04-08T09:37:49.648+0000] {processor.py:830} INFO - Processing file /home/airflow/.local/lib/python3.8/site-packages/airflow/example_dags/example_branch_python_dop_operator_3.py for tasks to queue
[2024-04-08T09:37:49.650+0000] {logging_mixin.py:188} INFO - [2024-04-08T09:37:49.649+0000] {dagbag.py:540} INFO - Filling up the DagBag from /home/airflow/.local/lib/python3.8/site-packages/airflow/example_dags/example_branch_python_dop_operator_3.py
[2024-04-08T09:37:49.657+0000] {processor.py:840} INFO - DAG(s) 'example_branch_dop_operator_v3' retrieved from /home/airflow/.local/lib/python3.8/site-packages/airflow/example_dags/example_branch_python_dop_operator_3.py
[2024-04-08T09:37:49.735+0000] {logging_mixin.py:188} INFO - [2024-04-08T09:37:49.735+0000] {dag.py:3047} INFO - Sync 1 DAGs
[2024-04-08T09:37:49.774+0000] {logging_mixin.py:188} INFO - [2024-04-08T09:37:49.774+0000] {dag.py:3834} INFO - Setting next_dagrun for example_branch_dop_operator_v3 to 2024-04-08 09:36:00+00:00, run_after=2024-04-08 09:37:00+00:00
[2024-04-08T09:37:49.795+0000] {processor.py:183} INFO - Processing /home/airflow/.local/lib/python3.8/site-packages/airflow/example_dags/example_branch_python_dop_operator_3.py took 0.151 seconds
[2024-04-08T09:38:20.599+0000] {processor.py:161} INFO - Started process (PID=971) to work on /home/airflow/.local/lib/python3.8/site-packages/airflow/example_dags/example_branch_python_dop_operator_3.py
[2024-04-08T09:38:20.599+0000] {processor.py:830} INFO - Processing file /home/airflow/.local/lib/python3.8/site-packages/airflow/example_dags/example_branch_python_dop_operator_3.py for tasks to queue
[2024-04-08T09:38:20.600+0000] {logging_mixin.py:188} INFO - [2024-04-08T09:38:20.600+0000] {dagbag.py:540} INFO - Filling up the DagBag from /home/airflow/.local/lib/python3.8/site-packages/airflow/example_dags/example_branch_python_dop_operator_3.py
[2024-04-08T09:38:20.605+0000] {processor.py:840} INFO - DAG(s) 'example_branch_dop_operator_v3' retrieved from /home/airflow/.local/lib/python3.8/site-packages/airflow/example_dags/example_branch_python_dop_operator_3.py
[2024-04-08T09:38:20.683+0000] {logging_mixin.py:188} INFO - [2024-04-08T09:38:20.683+0000] {dag.py:3047} INFO - Sync 1 DAGs
[2024-04-08T09:38:20.722+0000] {logging_mixin.py:188} INFO - [2024-04-08T09:38:20.722+0000] {dag.py:3834} INFO - Setting next_dagrun for example_branch_dop_operator_v3 to 2024-04-08 09:37:00+00:00, run_after=2024-04-08 09:38:00+00:00
[2024-04-08T09:38:20.744+0000] {processor.py:183} INFO - Processing /home/airflow/.local/lib/python3.8/site-packages/airflow/example_dags/example_branch_python_dop_operator_3.py took 0.147 seconds
[2024-04-08T09:38:50.897+0000] {processor.py:161} INFO - Started process (PID=1026) to work on /home/airflow/.local/lib/python3.8/site-packages/airflow/example_dags/example_branch_python_dop_operator_3.py
[2024-04-08T09:38:50.898+0000] {processor.py:830} INFO - Processing file /home/airflow/.local/lib/python3.8/site-packages/airflow/example_dags/example_branch_python_dop_operator_3.py for tasks to queue
[2024-04-08T09:38:50.899+0000] {logging_mixin.py:188} INFO - [2024-04-08T09:38:50.899+0000] {dagbag.py:540} INFO - Filling up the DagBag from /home/airflow/.local/lib/python3.8/site-packages/airflow/example_dags/example_branch_python_dop_operator_3.py
[2024-04-08T09:38:50.904+0000] {processor.py:840} INFO - DAG(s) 'example_branch_dop_operator_v3' retrieved from /home/airflow/.local/lib/python3.8/site-packages/airflow/example_dags/example_branch_python_dop_operator_3.py
[2024-04-08T09:38:50.989+0000] {logging_mixin.py:188} INFO - [2024-04-08T09:38:50.989+0000] {dag.py:3047} INFO - Sync 1 DAGs
[2024-04-08T09:38:51.028+0000] {logging_mixin.py:188} INFO - [2024-04-08T09:38:51.028+0000] {dag.py:3834} INFO - Setting next_dagrun for example_branch_dop_operator_v3 to 2024-04-08 09:37:00+00:00, run_after=2024-04-08 09:38:00+00:00
[2024-04-08T09:38:51.053+0000] {processor.py:183} INFO - Processing /home/airflow/.local/lib/python3.8/site-packages/airflow/example_dags/example_branch_python_dop_operator_3.py took 0.158 seconds
[2024-04-08T09:39:21.275+0000] {processor.py:161} INFO - Started process (PID=1081) to work on /home/airflow/.local/lib/python3.8/site-packages/airflow/example_dags/example_branch_python_dop_operator_3.py
[2024-04-08T09:39:21.276+0000] {processor.py:830} INFO - Processing file /home/airflow/.local/lib/python3.8/site-packages/airflow/example_dags/example_branch_python_dop_operator_3.py for tasks to queue
[2024-04-08T09:39:21.279+0000] {logging_mixin.py:188} INFO - [2024-04-08T09:39:21.279+0000] {dagbag.py:540} INFO - Filling up the DagBag from /home/airflow/.local/lib/python3.8/site-packages/airflow/example_dags/example_branch_python_dop_operator_3.py
[2024-04-08T09:39:21.284+0000] {processor.py:840} INFO - DAG(s) 'example_branch_dop_operator_v3' retrieved from /home/airflow/.local/lib/python3.8/site-packages/airflow/example_dags/example_branch_python_dop_operator_3.py
[2024-04-08T09:39:21.360+0000] {logging_mixin.py:188} INFO - [2024-04-08T09:39:21.360+0000] {dag.py:3047} INFO - Sync 1 DAGs
[2024-04-08T09:39:21.398+0000] {logging_mixin.py:188} INFO - [2024-04-08T09:39:21.398+0000] {dag.py:3834} INFO - Setting next_dagrun for example_branch_dop_operator_v3 to 2024-04-08 09:38:00+00:00, run_after=2024-04-08 09:39:00+00:00
[2024-04-08T09:39:21.419+0000] {processor.py:183} INFO - Processing /home/airflow/.local/lib/python3.8/site-packages/airflow/example_dags/example_branch_python_dop_operator_3.py took 0.146 seconds
[2024-04-08T09:39:52.364+0000] {processor.py:161} INFO - Started process (PID=1136) to work on /home/airflow/.local/lib/python3.8/site-packages/airflow/example_dags/example_branch_python_dop_operator_3.py
[2024-04-08T09:39:52.364+0000] {processor.py:830} INFO - Processing file /home/airflow/.local/lib/python3.8/site-packages/airflow/example_dags/example_branch_python_dop_operator_3.py for tasks to queue
[2024-04-08T09:39:52.365+0000] {logging_mixin.py:188} INFO - [2024-04-08T09:39:52.365+0000] {dagbag.py:540} INFO - Filling up the DagBag from /home/airflow/.local/lib/python3.8/site-packages/airflow/example_dags/example_branch_python_dop_operator_3.py
[2024-04-08T09:39:52.371+0000] {processor.py:840} INFO - DAG(s) 'example_branch_dop_operator_v3' retrieved from /home/airflow/.local/lib/python3.8/site-packages/airflow/example_dags/example_branch_python_dop_operator_3.py
[2024-04-08T09:39:52.457+0000] {logging_mixin.py:188} INFO - [2024-04-08T09:39:52.457+0000] {dag.py:3047} INFO - Sync 1 DAGs
[2024-04-08T09:39:52.497+0000] {logging_mixin.py:188} INFO - [2024-04-08T09:39:52.497+0000] {dag.py:3834} INFO - Setting next_dagrun for example_branch_dop_operator_v3 to 2024-04-08 09:38:00+00:00, run_after=2024-04-08 09:39:00+00:00
[2024-04-08T09:39:52.518+0000] {processor.py:183} INFO - Processing /home/airflow/.local/lib/python3.8/site-packages/airflow/example_dags/example_branch_python_dop_operator_3.py took 0.156 seconds
[2024-04-08T09:40:22.552+0000] {processor.py:161} INFO - Started process (PID=1190) to work on /home/airflow/.local/lib/python3.8/site-packages/airflow/example_dags/example_branch_python_dop_operator_3.py
[2024-04-08T09:40:22.553+0000] {processor.py:830} INFO - Processing file /home/airflow/.local/lib/python3.8/site-packages/airflow/example_dags/example_branch_python_dop_operator_3.py for tasks to queue
[2024-04-08T09:40:22.553+0000] {logging_mixin.py:188} INFO - [2024-04-08T09:40:22.553+0000] {dagbag.py:540} INFO - Filling up the DagBag from /home/airflow/.local/lib/python3.8/site-packages/airflow/example_dags/example_branch_python_dop_operator_3.py
[2024-04-08T09:40:22.559+0000] {processor.py:840} INFO - DAG(s) 'example_branch_dop_operator_v3' retrieved from /home/airflow/.local/lib/python3.8/site-packages/airflow/example_dags/example_branch_python_dop_operator_3.py
[2024-04-08T09:40:22.641+0000] {logging_mixin.py:188} INFO - [2024-04-08T09:40:22.641+0000] {dag.py:3047} INFO - Sync 1 DAGs
[2024-04-08T09:40:22.681+0000] {logging_mixin.py:188} INFO - [2024-04-08T09:40:22.681+0000] {dag.py:3834} INFO - Setting next_dagrun for example_branch_dop_operator_v3 to 2024-04-08 09:39:00+00:00, run_after=2024-04-08 09:40:00+00:00
[2024-04-08T09:40:22.707+0000] {processor.py:183} INFO - Processing /home/airflow/.local/lib/python3.8/site-packages/airflow/example_dags/example_branch_python_dop_operator_3.py took 0.157 seconds
[2024-04-08T09:40:52.735+0000] {processor.py:161} INFO - Started process (PID=1244) to work on /home/airflow/.local/lib/python3.8/site-packages/airflow/example_dags/example_branch_python_dop_operator_3.py
[2024-04-08T09:40:52.736+0000] {processor.py:830} INFO - Processing file /home/airflow/.local/lib/python3.8/site-packages/airflow/example_dags/example_branch_python_dop_operator_3.py for tasks to queue
[2024-04-08T09:40:52.738+0000] {logging_mixin.py:188} INFO - [2024-04-08T09:40:52.738+0000] {dagbag.py:540} INFO - Filling up the DagBag from /home/airflow/.local/lib/python3.8/site-packages/airflow/example_dags/example_branch_python_dop_operator_3.py
[2024-04-08T09:40:52.746+0000] {processor.py:840} INFO - DAG(s) 'example_branch_dop_operator_v3' retrieved from /home/airflow/.local/lib/python3.8/site-packages/airflow/example_dags/example_branch_python_dop_operator_3.py
[2024-04-08T09:40:52.825+0000] {logging_mixin.py:188} INFO - [2024-04-08T09:40:52.825+0000] {dag.py:3047} INFO - Sync 1 DAGs
[2024-04-08T09:40:52.867+0000] {logging_mixin.py:188} INFO - [2024-04-08T09:40:52.866+0000] {dag.py:3834} INFO - Setting next_dagrun for example_branch_dop_operator_v3 to 2024-04-08 09:39:00+00:00, run_after=2024-04-08 09:40:00+00:00
[2024-04-08T09:40:52.887+0000] {processor.py:183} INFO - Processing /home/airflow/.local/lib/python3.8/site-packages/airflow/example_dags/example_branch_python_dop_operator_3.py took 0.156 seconds
[2024-04-08T09:41:22.929+0000] {processor.py:161} INFO - Started process (PID=1299) to work on /home/airflow/.local/lib/python3.8/site-packages/airflow/example_dags/example_branch_python_dop_operator_3.py
[2024-04-08T09:41:22.930+0000] {processor.py:830} INFO - Processing file /home/airflow/.local/lib/python3.8/site-packages/airflow/example_dags/example_branch_python_dop_operator_3.py for tasks to queue
[2024-04-08T09:41:22.932+0000] {logging_mixin.py:188} INFO - [2024-04-08T09:41:22.932+0000] {dagbag.py:540} INFO - Filling up the DagBag from /home/airflow/.local/lib/python3.8/site-packages/airflow/example_dags/example_branch_python_dop_operator_3.py
[2024-04-08T09:41:22.939+0000] {processor.py:840} INFO - DAG(s) 'example_branch_dop_operator_v3' retrieved from /home/airflow/.local/lib/python3.8/site-packages/airflow/example_dags/example_branch_python_dop_operator_3.py
[2024-04-08T09:41:23.020+0000] {logging_mixin.py:188} INFO - [2024-04-08T09:41:23.020+0000] {dag.py:3047} INFO - Sync 1 DAGs
[2024-04-08T09:41:23.059+0000] {logging_mixin.py:188} INFO - [2024-04-08T09:41:23.059+0000] {dag.py:3834} INFO - Setting next_dagrun for example_branch_dop_operator_v3 to 2024-04-08 09:40:00+00:00, run_after=2024-04-08 09:41:00+00:00
[2024-04-08T09:41:23.083+0000] {processor.py:183} INFO - Processing /home/airflow/.local/lib/python3.8/site-packages/airflow/example_dags/example_branch_python_dop_operator_3.py took 0.157 seconds
[2024-04-08T09:41:53.799+0000] {processor.py:161} INFO - Started process (PID=1354) to work on /home/airflow/.local/lib/python3.8/site-packages/airflow/example_dags/example_branch_python_dop_operator_3.py
[2024-04-08T09:41:53.800+0000] {processor.py:830} INFO - Processing file /home/airflow/.local/lib/python3.8/site-packages/airflow/example_dags/example_branch_python_dop_operator_3.py for tasks to queue
[2024-04-08T09:41:53.801+0000] {logging_mixin.py:188} INFO - [2024-04-08T09:41:53.801+0000] {dagbag.py:540} INFO - Filling up the DagBag from /home/airflow/.local/lib/python3.8/site-packages/airflow/example_dags/example_branch_python_dop_operator_3.py
[2024-04-08T09:41:53.809+0000] {processor.py:840} INFO - DAG(s) 'example_branch_dop_operator_v3' retrieved from /home/airflow/.local/lib/python3.8/site-packages/airflow/example_dags/example_branch_python_dop_operator_3.py
[2024-04-08T09:41:53.888+0000] {logging_mixin.py:188} INFO - [2024-04-08T09:41:53.888+0000] {dag.py:3047} INFO - Sync 1 DAGs
[2024-04-08T09:41:53.945+0000] {logging_mixin.py:188} INFO - [2024-04-08T09:41:53.945+0000] {dag.py:3834} INFO - Setting next_dagrun for example_branch_dop_operator_v3 to 2024-04-08 09:40:00+00:00, run_after=2024-04-08 09:41:00+00:00
[2024-04-08T09:41:53.989+0000] {processor.py:183} INFO - Processing /home/airflow/.local/lib/python3.8/site-packages/airflow/example_dags/example_branch_python_dop_operator_3.py took 0.194 seconds
[2024-04-08T09:42:24.163+0000] {processor.py:161} INFO - Started process (PID=1409) to work on /home/airflow/.local/lib/python3.8/site-packages/airflow/example_dags/example_branch_python_dop_operator_3.py
[2024-04-08T09:42:24.164+0000] {processor.py:830} INFO - Processing file /home/airflow/.local/lib/python3.8/site-packages/airflow/example_dags/example_branch_python_dop_operator_3.py for tasks to queue
[2024-04-08T09:42:24.166+0000] {logging_mixin.py:188} INFO - [2024-04-08T09:42:24.166+0000] {dagbag.py:540} INFO - Filling up the DagBag from /home/airflow/.local/lib/python3.8/site-packages/airflow/example_dags/example_branch_python_dop_operator_3.py
[2024-04-08T09:42:24.173+0000] {processor.py:840} INFO - DAG(s) 'example_branch_dop_operator_v3' retrieved from /home/airflow/.local/lib/python3.8/site-packages/airflow/example_dags/example_branch_python_dop_operator_3.py
[2024-04-08T09:42:24.244+0000] {logging_mixin.py:188} INFO - [2024-04-08T09:42:24.244+0000] {dag.py:3047} INFO - Sync 1 DAGs
[2024-04-08T09:42:24.280+0000] {logging_mixin.py:188} INFO - [2024-04-08T09:42:24.280+0000] {dag.py:3834} INFO - Setting next_dagrun for example_branch_dop_operator_v3 to 2024-04-08 09:41:00+00:00, run_after=2024-04-08 09:42:00+00:00
[2024-04-08T09:42:24.300+0000] {processor.py:183} INFO - Processing /home/airflow/.local/lib/python3.8/site-packages/airflow/example_dags/example_branch_python_dop_operator_3.py took 0.141 seconds
[2024-04-08T09:42:54.423+0000] {processor.py:161} INFO - Started process (PID=1464) to work on /home/airflow/.local/lib/python3.8/site-packages/airflow/example_dags/example_branch_python_dop_operator_3.py
[2024-04-08T09:42:54.424+0000] {processor.py:830} INFO - Processing file /home/airflow/.local/lib/python3.8/site-packages/airflow/example_dags/example_branch_python_dop_operator_3.py for tasks to queue
[2024-04-08T09:42:54.426+0000] {logging_mixin.py:188} INFO - [2024-04-08T09:42:54.425+0000] {dagbag.py:540} INFO - Filling up the DagBag from /home/airflow/.local/lib/python3.8/site-packages/airflow/example_dags/example_branch_python_dop_operator_3.py
[2024-04-08T09:42:54.436+0000] {processor.py:840} INFO - DAG(s) 'example_branch_dop_operator_v3' retrieved from /home/airflow/.local/lib/python3.8/site-packages/airflow/example_dags/example_branch_python_dop_operator_3.py
[2024-04-08T09:42:54.515+0000] {logging_mixin.py:188} INFO - [2024-04-08T09:42:54.515+0000] {dag.py:3047} INFO - Sync 1 DAGs
[2024-04-08T09:42:54.564+0000] {logging_mixin.py:188} INFO - [2024-04-08T09:42:54.564+0000] {dag.py:3834} INFO - Setting next_dagrun for example_branch_dop_operator_v3 to 2024-04-08 09:41:00+00:00, run_after=2024-04-08 09:42:00+00:00
[2024-04-08T09:42:54.584+0000] {processor.py:183} INFO - Processing /home/airflow/.local/lib/python3.8/site-packages/airflow/example_dags/example_branch_python_dop_operator_3.py took 0.165 seconds
[2024-04-08T09:43:24.757+0000] {processor.py:161} INFO - Started process (PID=1519) to work on /home/airflow/.local/lib/python3.8/site-packages/airflow/example_dags/example_branch_python_dop_operator_3.py
[2024-04-08T09:43:24.758+0000] {processor.py:830} INFO - Processing file /home/airflow/.local/lib/python3.8/site-packages/airflow/example_dags/example_branch_python_dop_operator_3.py for tasks to queue
[2024-04-08T09:43:24.759+0000] {logging_mixin.py:188} INFO - [2024-04-08T09:43:24.759+0000] {dagbag.py:540} INFO - Filling up the DagBag from /home/airflow/.local/lib/python3.8/site-packages/airflow/example_dags/example_branch_python_dop_operator_3.py
[2024-04-08T09:43:24.767+0000] {processor.py:840} INFO - DAG(s) 'example_branch_dop_operator_v3' retrieved from /home/airflow/.local/lib/python3.8/site-packages/airflow/example_dags/example_branch_python_dop_operator_3.py
[2024-04-08T09:43:24.853+0000] {logging_mixin.py:188} INFO - [2024-04-08T09:43:24.853+0000] {dag.py:3047} INFO - Sync 1 DAGs
[2024-04-08T09:43:24.898+0000] {logging_mixin.py:188} INFO - [2024-04-08T09:43:24.898+0000] {dag.py:3834} INFO - Setting next_dagrun for example_branch_dop_operator_v3 to 2024-04-08 09:42:00+00:00, run_after=2024-04-08 09:43:00+00:00
[2024-04-08T09:43:24.920+0000] {processor.py:183} INFO - Processing /home/airflow/.local/lib/python3.8/site-packages/airflow/example_dags/example_branch_python_dop_operator_3.py took 0.166 seconds
[2024-04-08T09:43:54.953+0000] {processor.py:161} INFO - Started process (PID=1574) to work on /home/airflow/.local/lib/python3.8/site-packages/airflow/example_dags/example_branch_python_dop_operator_3.py
[2024-04-08T09:43:54.955+0000] {processor.py:830} INFO - Processing file /home/airflow/.local/lib/python3.8/site-packages/airflow/example_dags/example_branch_python_dop_operator_3.py for tasks to queue
[2024-04-08T09:43:54.957+0000] {logging_mixin.py:188} INFO - [2024-04-08T09:43:54.957+0000] {dagbag.py:540} INFO - Filling up the DagBag from /home/airflow/.local/lib/python3.8/site-packages/airflow/example_dags/example_branch_python_dop_operator_3.py
[2024-04-08T09:43:54.968+0000] {processor.py:840} INFO - DAG(s) 'example_branch_dop_operator_v3' retrieved from /home/airflow/.local/lib/python3.8/site-packages/airflow/example_dags/example_branch_python_dop_operator_3.py
[2024-04-08T09:43:55.047+0000] {logging_mixin.py:188} INFO - [2024-04-08T09:43:55.047+0000] {dag.py:3047} INFO - Sync 1 DAGs
[2024-04-08T09:43:55.086+0000] {logging_mixin.py:188} INFO - [2024-04-08T09:43:55.086+0000] {dag.py:3834} INFO - Setting next_dagrun for example_branch_dop_operator_v3 to 2024-04-08 09:42:00+00:00, run_after=2024-04-08 09:43:00+00:00
[2024-04-08T09:43:55.106+0000] {processor.py:183} INFO - Processing /home/airflow/.local/lib/python3.8/site-packages/airflow/example_dags/example_branch_python_dop_operator_3.py took 0.155 seconds
[2024-04-08T09:44:25.476+0000] {processor.py:161} INFO - Started process (PID=1629) to work on /home/airflow/.local/lib/python3.8/site-packages/airflow/example_dags/example_branch_python_dop_operator_3.py
[2024-04-08T09:44:25.477+0000] {processor.py:830} INFO - Processing file /home/airflow/.local/lib/python3.8/site-packages/airflow/example_dags/example_branch_python_dop_operator_3.py for tasks to queue
[2024-04-08T09:44:25.478+0000] {logging_mixin.py:188} INFO - [2024-04-08T09:44:25.478+0000] {dagbag.py:540} INFO - Filling up the DagBag from /home/airflow/.local/lib/python3.8/site-packages/airflow/example_dags/example_branch_python_dop_operator_3.py
[2024-04-08T09:44:25.483+0000] {processor.py:840} INFO - DAG(s) 'example_branch_dop_operator_v3' retrieved from /home/airflow/.local/lib/python3.8/site-packages/airflow/example_dags/example_branch_python_dop_operator_3.py
[2024-04-08T09:44:25.558+0000] {logging_mixin.py:188} INFO - [2024-04-08T09:44:25.558+0000] {dag.py:3047} INFO - Sync 1 DAGs
[2024-04-08T09:44:25.599+0000] {logging_mixin.py:188} INFO - [2024-04-08T09:44:25.599+0000] {dag.py:3834} INFO - Setting next_dagrun for example_branch_dop_operator_v3 to 2024-04-08 09:43:00+00:00, run_after=2024-04-08 09:44:00+00:00
[2024-04-08T09:44:25.623+0000] {processor.py:183} INFO - Processing /home/airflow/.local/lib/python3.8/site-packages/airflow/example_dags/example_branch_python_dop_operator_3.py took 0.148 seconds
[2024-04-08T09:44:55.680+0000] {processor.py:161} INFO - Started process (PID=1684) to work on /home/airflow/.local/lib/python3.8/site-packages/airflow/example_dags/example_branch_python_dop_operator_3.py
[2024-04-08T09:44:55.681+0000] {processor.py:830} INFO - Processing file /home/airflow/.local/lib/python3.8/site-packages/airflow/example_dags/example_branch_python_dop_operator_3.py for tasks to queue
[2024-04-08T09:44:55.683+0000] {logging_mixin.py:188} INFO - [2024-04-08T09:44:55.683+0000] {dagbag.py:540} INFO - Filling up the DagBag from /home/airflow/.local/lib/python3.8/site-packages/airflow/example_dags/example_branch_python_dop_operator_3.py
[2024-04-08T09:44:55.691+0000] {processor.py:840} INFO - DAG(s) 'example_branch_dop_operator_v3' retrieved from /home/airflow/.local/lib/python3.8/site-packages/airflow/example_dags/example_branch_python_dop_operator_3.py
[2024-04-08T09:44:55.773+0000] {logging_mixin.py:188} INFO - [2024-04-08T09:44:55.773+0000] {dag.py:3047} INFO - Sync 1 DAGs
[2024-04-08T09:44:55.813+0000] {logging_mixin.py:188} INFO - [2024-04-08T09:44:55.813+0000] {dag.py:3834} INFO - Setting next_dagrun for example_branch_dop_operator_v3 to 2024-04-08 09:43:00+00:00, run_after=2024-04-08 09:44:00+00:00
[2024-04-08T09:44:55.835+0000] {processor.py:183} INFO - Processing /home/airflow/.local/lib/python3.8/site-packages/airflow/example_dags/example_branch_python_dop_operator_3.py took 0.158 seconds
[2024-04-08T09:45:25.961+0000] {processor.py:161} INFO - Started process (PID=1739) to work on /home/airflow/.local/lib/python3.8/site-packages/airflow/example_dags/example_branch_python_dop_operator_3.py
[2024-04-08T09:45:25.964+0000] {processor.py:830} INFO - Processing file /home/airflow/.local/lib/python3.8/site-packages/airflow/example_dags/example_branch_python_dop_operator_3.py for tasks to queue
[2024-04-08T09:45:25.967+0000] {logging_mixin.py:188} INFO - [2024-04-08T09:45:25.967+0000] {dagbag.py:540} INFO - Filling up the DagBag from /home/airflow/.local/lib/python3.8/site-packages/airflow/example_dags/example_branch_python_dop_operator_3.py
[2024-04-08T09:45:25.974+0000] {processor.py:840} INFO - DAG(s) 'example_branch_dop_operator_v3' retrieved from /home/airflow/.local/lib/python3.8/site-packages/airflow/example_dags/example_branch_python_dop_operator_3.py
[2024-04-08T09:45:26.054+0000] {logging_mixin.py:188} INFO - [2024-04-08T09:45:26.053+0000] {dag.py:3047} INFO - Sync 1 DAGs
[2024-04-08T09:45:26.091+0000] {logging_mixin.py:188} INFO - [2024-04-08T09:45:26.091+0000] {dag.py:3834} INFO - Setting next_dagrun for example_branch_dop_operator_v3 to 2024-04-08 09:44:00+00:00, run_after=2024-04-08 09:45:00+00:00
[2024-04-08T09:45:26.113+0000] {processor.py:183} INFO - Processing /home/airflow/.local/lib/python3.8/site-packages/airflow/example_dags/example_branch_python_dop_operator_3.py took 0.155 seconds
[2024-04-08T09:45:56.155+0000] {processor.py:161} INFO - Started process (PID=1794) to work on /home/airflow/.local/lib/python3.8/site-packages/airflow/example_dags/example_branch_python_dop_operator_3.py
[2024-04-08T09:45:56.158+0000] {processor.py:830} INFO - Processing file /home/airflow/.local/lib/python3.8/site-packages/airflow/example_dags/example_branch_python_dop_operator_3.py for tasks to queue
[2024-04-08T09:45:56.161+0000] {logging_mixin.py:188} INFO - [2024-04-08T09:45:56.161+0000] {dagbag.py:540} INFO - Filling up the DagBag from /home/airflow/.local/lib/python3.8/site-packages/airflow/example_dags/example_branch_python_dop_operator_3.py
[2024-04-08T09:45:56.169+0000] {processor.py:840} INFO - DAG(s) 'example_branch_dop_operator_v3' retrieved from /home/airflow/.local/lib/python3.8/site-packages/airflow/example_dags/example_branch_python_dop_operator_3.py
[2024-04-08T09:45:56.250+0000] {logging_mixin.py:188} INFO - [2024-04-08T09:45:56.249+0000] {dag.py:3047} INFO - Sync 1 DAGs
[2024-04-08T09:45:56.291+0000] {logging_mixin.py:188} INFO - [2024-04-08T09:45:56.291+0000] {dag.py:3834} INFO - Setting next_dagrun for example_branch_dop_operator_v3 to 2024-04-08 09:44:00+00:00, run_after=2024-04-08 09:45:00+00:00
[2024-04-08T09:45:56.314+0000] {processor.py:183} INFO - Processing /home/airflow/.local/lib/python3.8/site-packages/airflow/example_dags/example_branch_python_dop_operator_3.py took 0.162 seconds
