[2024-04-08T09:29:46.937+0000] {processor.py:161} INFO - Started process (PID=56) to work on /home/airflow/.local/lib/python3.8/site-packages/airflow/example_dags/example_sla_dag.py
[2024-04-08T09:29:46.938+0000] {processor.py:830} INFO - Processing file /home/airflow/.local/lib/python3.8/site-packages/airflow/example_dags/example_sla_dag.py for tasks to queue
[2024-04-08T09:29:46.940+0000] {logging_mixin.py:188} INFO - [2024-04-08T09:29:46.939+0000] {dagbag.py:540} INFO - Filling up the DagBag from /home/airflow/.local/lib/python3.8/site-packages/airflow/example_dags/example_sla_dag.py
[2024-04-08T09:29:46.946+0000] {processor.py:840} INFO - DAG(s) 'example_sla_dag' retrieved from /home/airflow/.local/lib/python3.8/site-packages/airflow/example_dags/example_sla_dag.py
[2024-04-08T09:29:47.048+0000] {logging_mixin.py:188} INFO - [2024-04-08T09:29:47.048+0000] {dag.py:3047} INFO - Sync 1 DAGs
[2024-04-08T09:29:47.108+0000] {logging_mixin.py:188} INFO - [2024-04-08T09:29:47.108+0000] {dag.py:3834} INFO - Setting next_dagrun for example_sla_dag to 2024-04-08 09:26:00+00:00, run_after=2024-04-08 09:28:00+00:00
[2024-04-08T09:29:47.147+0000] {processor.py:183} INFO - Processing /home/airflow/.local/lib/python3.8/site-packages/airflow/example_dags/example_sla_dag.py took 0.214 seconds
[2024-04-08T09:30:17.219+0000] {processor.py:161} INFO - Started process (PID=111) to work on /home/airflow/.local/lib/python3.8/site-packages/airflow/example_dags/example_sla_dag.py
[2024-04-08T09:30:17.219+0000] {processor.py:830} INFO - Processing file /home/airflow/.local/lib/python3.8/site-packages/airflow/example_dags/example_sla_dag.py for tasks to queue
[2024-04-08T09:30:17.220+0000] {logging_mixin.py:188} INFO - [2024-04-08T09:30:17.220+0000] {dagbag.py:540} INFO - Filling up the DagBag from /home/airflow/.local/lib/python3.8/site-packages/airflow/example_dags/example_sla_dag.py
[2024-04-08T09:30:17.225+0000] {processor.py:840} INFO - DAG(s) 'example_sla_dag' retrieved from /home/airflow/.local/lib/python3.8/site-packages/airflow/example_dags/example_sla_dag.py
[2024-04-08T09:30:17.337+0000] {logging_mixin.py:188} INFO - [2024-04-08T09:30:17.337+0000] {dag.py:3047} INFO - Sync 1 DAGs
[2024-04-08T09:30:17.366+0000] {logging_mixin.py:188} INFO - [2024-04-08T09:30:17.366+0000] {dag.py:3834} INFO - Setting next_dagrun for example_sla_dag to 2024-04-08 09:28:00+00:00, run_after=2024-04-08 09:30:00+00:00
[2024-04-08T09:30:17.387+0000] {processor.py:183} INFO - Processing /home/airflow/.local/lib/python3.8/site-packages/airflow/example_dags/example_sla_dag.py took 0.170 seconds
[2024-04-08T09:30:47.454+0000] {processor.py:161} INFO - Started process (PID=166) to work on /home/airflow/.local/lib/python3.8/site-packages/airflow/example_dags/example_sla_dag.py
[2024-04-08T09:30:47.455+0000] {processor.py:830} INFO - Processing file /home/airflow/.local/lib/python3.8/site-packages/airflow/example_dags/example_sla_dag.py for tasks to queue
[2024-04-08T09:30:47.456+0000] {logging_mixin.py:188} INFO - [2024-04-08T09:30:47.456+0000] {dagbag.py:540} INFO - Filling up the DagBag from /home/airflow/.local/lib/python3.8/site-packages/airflow/example_dags/example_sla_dag.py
[2024-04-08T09:30:47.461+0000] {processor.py:840} INFO - DAG(s) 'example_sla_dag' retrieved from /home/airflow/.local/lib/python3.8/site-packages/airflow/example_dags/example_sla_dag.py
[2024-04-08T09:30:47.536+0000] {logging_mixin.py:188} INFO - [2024-04-08T09:30:47.536+0000] {dag.py:3047} INFO - Sync 1 DAGs
[2024-04-08T09:30:47.574+0000] {logging_mixin.py:188} INFO - [2024-04-08T09:30:47.573+0000] {dag.py:3834} INFO - Setting next_dagrun for example_sla_dag to 2024-04-08 09:28:00+00:00, run_after=2024-04-08 09:30:00+00:00
[2024-04-08T09:30:47.593+0000] {processor.py:183} INFO - Processing /home/airflow/.local/lib/python3.8/site-packages/airflow/example_dags/example_sla_dag.py took 0.141 seconds
[2024-04-08T09:31:17.688+0000] {processor.py:161} INFO - Started process (PID=221) to work on /home/airflow/.local/lib/python3.8/site-packages/airflow/example_dags/example_sla_dag.py
[2024-04-08T09:31:17.689+0000] {processor.py:830} INFO - Processing file /home/airflow/.local/lib/python3.8/site-packages/airflow/example_dags/example_sla_dag.py for tasks to queue
[2024-04-08T09:31:17.690+0000] {logging_mixin.py:188} INFO - [2024-04-08T09:31:17.689+0000] {dagbag.py:540} INFO - Filling up the DagBag from /home/airflow/.local/lib/python3.8/site-packages/airflow/example_dags/example_sla_dag.py
[2024-04-08T09:31:17.694+0000] {processor.py:840} INFO - DAG(s) 'example_sla_dag' retrieved from /home/airflow/.local/lib/python3.8/site-packages/airflow/example_dags/example_sla_dag.py
[2024-04-08T09:31:17.766+0000] {logging_mixin.py:188} INFO - [2024-04-08T09:31:17.766+0000] {dag.py:3047} INFO - Sync 1 DAGs
[2024-04-08T09:31:17.806+0000] {logging_mixin.py:188} INFO - [2024-04-08T09:31:17.806+0000] {dag.py:3834} INFO - Setting next_dagrun for example_sla_dag to 2024-04-08 09:28:00+00:00, run_after=2024-04-08 09:30:00+00:00
[2024-04-08T09:31:17.826+0000] {processor.py:183} INFO - Processing /home/airflow/.local/lib/python3.8/site-packages/airflow/example_dags/example_sla_dag.py took 0.139 seconds
[2024-04-08T09:31:47.896+0000] {processor.py:161} INFO - Started process (PID=275) to work on /home/airflow/.local/lib/python3.8/site-packages/airflow/example_dags/example_sla_dag.py
[2024-04-08T09:31:47.896+0000] {processor.py:830} INFO - Processing file /home/airflow/.local/lib/python3.8/site-packages/airflow/example_dags/example_sla_dag.py for tasks to queue
[2024-04-08T09:31:47.897+0000] {logging_mixin.py:188} INFO - [2024-04-08T09:31:47.897+0000] {dagbag.py:540} INFO - Filling up the DagBag from /home/airflow/.local/lib/python3.8/site-packages/airflow/example_dags/example_sla_dag.py
[2024-04-08T09:31:47.901+0000] {processor.py:840} INFO - DAG(s) 'example_sla_dag' retrieved from /home/airflow/.local/lib/python3.8/site-packages/airflow/example_dags/example_sla_dag.py
[2024-04-08T09:31:47.975+0000] {logging_mixin.py:188} INFO - [2024-04-08T09:31:47.975+0000] {dag.py:3047} INFO - Sync 1 DAGs
[2024-04-08T09:31:48.012+0000] {logging_mixin.py:188} INFO - [2024-04-08T09:31:48.011+0000] {dag.py:3834} INFO - Setting next_dagrun for example_sla_dag to 2024-04-08 09:28:00+00:00, run_after=2024-04-08 09:30:00+00:00
[2024-04-08T09:31:48.031+0000] {processor.py:183} INFO - Processing /home/airflow/.local/lib/python3.8/site-packages/airflow/example_dags/example_sla_dag.py took 0.137 seconds
[2024-04-08T09:32:18.110+0000] {processor.py:161} INFO - Started process (PID=330) to work on /home/airflow/.local/lib/python3.8/site-packages/airflow/example_dags/example_sla_dag.py
[2024-04-08T09:32:18.110+0000] {processor.py:830} INFO - Processing file /home/airflow/.local/lib/python3.8/site-packages/airflow/example_dags/example_sla_dag.py for tasks to queue
[2024-04-08T09:32:18.111+0000] {logging_mixin.py:188} INFO - [2024-04-08T09:32:18.111+0000] {dagbag.py:540} INFO - Filling up the DagBag from /home/airflow/.local/lib/python3.8/site-packages/airflow/example_dags/example_sla_dag.py
[2024-04-08T09:32:18.115+0000] {processor.py:840} INFO - DAG(s) 'example_sla_dag' retrieved from /home/airflow/.local/lib/python3.8/site-packages/airflow/example_dags/example_sla_dag.py
[2024-04-08T09:32:18.188+0000] {logging_mixin.py:188} INFO - [2024-04-08T09:32:18.188+0000] {dag.py:3047} INFO - Sync 1 DAGs
[2024-04-08T09:32:18.227+0000] {logging_mixin.py:188} INFO - [2024-04-08T09:32:18.226+0000] {dag.py:3834} INFO - Setting next_dagrun for example_sla_dag to 2024-04-08 09:30:00+00:00, run_after=2024-04-08 09:32:00+00:00
[2024-04-08T09:32:18.246+0000] {processor.py:183} INFO - Processing /home/airflow/.local/lib/python3.8/site-packages/airflow/example_dags/example_sla_dag.py took 0.138 seconds
[2024-04-08T09:32:48.360+0000] {processor.py:161} INFO - Started process (PID=385) to work on /home/airflow/.local/lib/python3.8/site-packages/airflow/example_dags/example_sla_dag.py
[2024-04-08T09:32:48.360+0000] {processor.py:830} INFO - Processing file /home/airflow/.local/lib/python3.8/site-packages/airflow/example_dags/example_sla_dag.py for tasks to queue
[2024-04-08T09:32:48.361+0000] {logging_mixin.py:188} INFO - [2024-04-08T09:32:48.361+0000] {dagbag.py:540} INFO - Filling up the DagBag from /home/airflow/.local/lib/python3.8/site-packages/airflow/example_dags/example_sla_dag.py
[2024-04-08T09:32:48.365+0000] {processor.py:840} INFO - DAG(s) 'example_sla_dag' retrieved from /home/airflow/.local/lib/python3.8/site-packages/airflow/example_dags/example_sla_dag.py
[2024-04-08T09:32:48.440+0000] {logging_mixin.py:188} INFO - [2024-04-08T09:32:48.439+0000] {dag.py:3047} INFO - Sync 1 DAGs
[2024-04-08T09:32:48.478+0000] {logging_mixin.py:188} INFO - [2024-04-08T09:32:48.478+0000] {dag.py:3834} INFO - Setting next_dagrun for example_sla_dag to 2024-04-08 09:30:00+00:00, run_after=2024-04-08 09:32:00+00:00
[2024-04-08T09:32:48.497+0000] {processor.py:183} INFO - Processing /home/airflow/.local/lib/python3.8/site-packages/airflow/example_dags/example_sla_dag.py took 0.139 seconds
[2024-04-08T09:33:18.583+0000] {processor.py:161} INFO - Started process (PID=440) to work on /home/airflow/.local/lib/python3.8/site-packages/airflow/example_dags/example_sla_dag.py
[2024-04-08T09:33:18.584+0000] {processor.py:830} INFO - Processing file /home/airflow/.local/lib/python3.8/site-packages/airflow/example_dags/example_sla_dag.py for tasks to queue
[2024-04-08T09:33:18.585+0000] {logging_mixin.py:188} INFO - [2024-04-08T09:33:18.585+0000] {dagbag.py:540} INFO - Filling up the DagBag from /home/airflow/.local/lib/python3.8/site-packages/airflow/example_dags/example_sla_dag.py
[2024-04-08T09:33:18.589+0000] {processor.py:840} INFO - DAG(s) 'example_sla_dag' retrieved from /home/airflow/.local/lib/python3.8/site-packages/airflow/example_dags/example_sla_dag.py
[2024-04-08T09:33:18.662+0000] {logging_mixin.py:188} INFO - [2024-04-08T09:33:18.662+0000] {dag.py:3047} INFO - Sync 1 DAGs
[2024-04-08T09:33:18.698+0000] {logging_mixin.py:188} INFO - [2024-04-08T09:33:18.698+0000] {dag.py:3834} INFO - Setting next_dagrun for example_sla_dag to 2024-04-08 09:30:00+00:00, run_after=2024-04-08 09:32:00+00:00
[2024-04-08T09:33:18.720+0000] {processor.py:183} INFO - Processing /home/airflow/.local/lib/python3.8/site-packages/airflow/example_dags/example_sla_dag.py took 0.138 seconds
[2024-04-08T09:33:48.813+0000] {processor.py:161} INFO - Started process (PID=494) to work on /home/airflow/.local/lib/python3.8/site-packages/airflow/example_dags/example_sla_dag.py
[2024-04-08T09:33:48.813+0000] {processor.py:830} INFO - Processing file /home/airflow/.local/lib/python3.8/site-packages/airflow/example_dags/example_sla_dag.py for tasks to queue
[2024-04-08T09:33:48.814+0000] {logging_mixin.py:188} INFO - [2024-04-08T09:33:48.814+0000] {dagbag.py:540} INFO - Filling up the DagBag from /home/airflow/.local/lib/python3.8/site-packages/airflow/example_dags/example_sla_dag.py
[2024-04-08T09:33:48.818+0000] {processor.py:840} INFO - DAG(s) 'example_sla_dag' retrieved from /home/airflow/.local/lib/python3.8/site-packages/airflow/example_dags/example_sla_dag.py
[2024-04-08T09:33:48.891+0000] {logging_mixin.py:188} INFO - [2024-04-08T09:33:48.891+0000] {dag.py:3047} INFO - Sync 1 DAGs
[2024-04-08T09:33:48.927+0000] {logging_mixin.py:188} INFO - [2024-04-08T09:33:48.927+0000] {dag.py:3834} INFO - Setting next_dagrun for example_sla_dag to 2024-04-08 09:30:00+00:00, run_after=2024-04-08 09:32:00+00:00
[2024-04-08T09:33:48.946+0000] {processor.py:183} INFO - Processing /home/airflow/.local/lib/python3.8/site-packages/airflow/example_dags/example_sla_dag.py took 0.135 seconds
[2024-04-08T09:34:19.051+0000] {processor.py:161} INFO - Started process (PID=549) to work on /home/airflow/.local/lib/python3.8/site-packages/airflow/example_dags/example_sla_dag.py
[2024-04-08T09:34:19.051+0000] {processor.py:830} INFO - Processing file /home/airflow/.local/lib/python3.8/site-packages/airflow/example_dags/example_sla_dag.py for tasks to queue
[2024-04-08T09:34:19.052+0000] {logging_mixin.py:188} INFO - [2024-04-08T09:34:19.052+0000] {dagbag.py:540} INFO - Filling up the DagBag from /home/airflow/.local/lib/python3.8/site-packages/airflow/example_dags/example_sla_dag.py
[2024-04-08T09:34:19.056+0000] {processor.py:840} INFO - DAG(s) 'example_sla_dag' retrieved from /home/airflow/.local/lib/python3.8/site-packages/airflow/example_dags/example_sla_dag.py
[2024-04-08T09:34:19.128+0000] {logging_mixin.py:188} INFO - [2024-04-08T09:34:19.128+0000] {dag.py:3047} INFO - Sync 1 DAGs
[2024-04-08T09:34:19.167+0000] {logging_mixin.py:188} INFO - [2024-04-08T09:34:19.167+0000] {dag.py:3834} INFO - Setting next_dagrun for example_sla_dag to 2024-04-08 09:32:00+00:00, run_after=2024-04-08 09:34:00+00:00
[2024-04-08T09:34:19.187+0000] {processor.py:183} INFO - Processing /home/airflow/.local/lib/python3.8/site-packages/airflow/example_dags/example_sla_dag.py took 0.138 seconds
[2024-04-08T09:34:49.432+0000] {processor.py:161} INFO - Started process (PID=604) to work on /home/airflow/.local/lib/python3.8/site-packages/airflow/example_dags/example_sla_dag.py
[2024-04-08T09:34:49.433+0000] {processor.py:830} INFO - Processing file /home/airflow/.local/lib/python3.8/site-packages/airflow/example_dags/example_sla_dag.py for tasks to queue
[2024-04-08T09:34:49.434+0000] {logging_mixin.py:188} INFO - [2024-04-08T09:34:49.434+0000] {dagbag.py:540} INFO - Filling up the DagBag from /home/airflow/.local/lib/python3.8/site-packages/airflow/example_dags/example_sla_dag.py
[2024-04-08T09:34:49.438+0000] {processor.py:840} INFO - DAG(s) 'example_sla_dag' retrieved from /home/airflow/.local/lib/python3.8/site-packages/airflow/example_dags/example_sla_dag.py
[2024-04-08T09:34:49.510+0000] {logging_mixin.py:188} INFO - [2024-04-08T09:34:49.510+0000] {dag.py:3047} INFO - Sync 1 DAGs
[2024-04-08T09:34:49.551+0000] {logging_mixin.py:188} INFO - [2024-04-08T09:34:49.551+0000] {dag.py:3834} INFO - Setting next_dagrun for example_sla_dag to 2024-04-08 09:32:00+00:00, run_after=2024-04-08 09:34:00+00:00
[2024-04-08T09:34:49.570+0000] {processor.py:183} INFO - Processing /home/airflow/.local/lib/python3.8/site-packages/airflow/example_dags/example_sla_dag.py took 0.139 seconds
[2024-04-08T09:35:19.850+0000] {processor.py:161} INFO - Started process (PID=659) to work on /home/airflow/.local/lib/python3.8/site-packages/airflow/example_dags/example_sla_dag.py
[2024-04-08T09:35:19.851+0000] {processor.py:830} INFO - Processing file /home/airflow/.local/lib/python3.8/site-packages/airflow/example_dags/example_sla_dag.py for tasks to queue
[2024-04-08T09:35:19.852+0000] {logging_mixin.py:188} INFO - [2024-04-08T09:35:19.851+0000] {dagbag.py:540} INFO - Filling up the DagBag from /home/airflow/.local/lib/python3.8/site-packages/airflow/example_dags/example_sla_dag.py
[2024-04-08T09:35:19.856+0000] {processor.py:840} INFO - DAG(s) 'example_sla_dag' retrieved from /home/airflow/.local/lib/python3.8/site-packages/airflow/example_dags/example_sla_dag.py
[2024-04-08T09:35:19.926+0000] {logging_mixin.py:188} INFO - [2024-04-08T09:35:19.926+0000] {dag.py:3047} INFO - Sync 1 DAGs
[2024-04-08T09:35:19.968+0000] {logging_mixin.py:188} INFO - [2024-04-08T09:35:19.967+0000] {dag.py:3834} INFO - Setting next_dagrun for example_sla_dag to 2024-04-08 09:32:00+00:00, run_after=2024-04-08 09:34:00+00:00
[2024-04-08T09:35:19.990+0000] {processor.py:183} INFO - Processing /home/airflow/.local/lib/python3.8/site-packages/airflow/example_dags/example_sla_dag.py took 0.141 seconds
[2024-04-08T09:35:50.065+0000] {processor.py:161} INFO - Started process (PID=714) to work on /home/airflow/.local/lib/python3.8/site-packages/airflow/example_dags/example_sla_dag.py
[2024-04-08T09:35:50.066+0000] {processor.py:830} INFO - Processing file /home/airflow/.local/lib/python3.8/site-packages/airflow/example_dags/example_sla_dag.py for tasks to queue
[2024-04-08T09:35:50.067+0000] {logging_mixin.py:188} INFO - [2024-04-08T09:35:50.066+0000] {dagbag.py:540} INFO - Filling up the DagBag from /home/airflow/.local/lib/python3.8/site-packages/airflow/example_dags/example_sla_dag.py
[2024-04-08T09:35:50.071+0000] {processor.py:840} INFO - DAG(s) 'example_sla_dag' retrieved from /home/airflow/.local/lib/python3.8/site-packages/airflow/example_dags/example_sla_dag.py
[2024-04-08T09:35:50.151+0000] {logging_mixin.py:188} INFO - [2024-04-08T09:35:50.151+0000] {dag.py:3047} INFO - Sync 1 DAGs
[2024-04-08T09:35:50.191+0000] {logging_mixin.py:188} INFO - [2024-04-08T09:35:50.191+0000] {dag.py:3834} INFO - Setting next_dagrun for example_sla_dag to 2024-04-08 09:32:00+00:00, run_after=2024-04-08 09:34:00+00:00
[2024-04-08T09:35:50.212+0000] {processor.py:183} INFO - Processing /home/airflow/.local/lib/python3.8/site-packages/airflow/example_dags/example_sla_dag.py took 0.150 seconds
[2024-04-08T09:36:20.239+0000] {processor.py:161} INFO - Started process (PID=769) to work on /home/airflow/.local/lib/python3.8/site-packages/airflow/example_dags/example_sla_dag.py
[2024-04-08T09:36:20.240+0000] {processor.py:830} INFO - Processing file /home/airflow/.local/lib/python3.8/site-packages/airflow/example_dags/example_sla_dag.py for tasks to queue
[2024-04-08T09:36:20.240+0000] {logging_mixin.py:188} INFO - [2024-04-08T09:36:20.240+0000] {dagbag.py:540} INFO - Filling up the DagBag from /home/airflow/.local/lib/python3.8/site-packages/airflow/example_dags/example_sla_dag.py
[2024-04-08T09:36:20.245+0000] {processor.py:840} INFO - DAG(s) 'example_sla_dag' retrieved from /home/airflow/.local/lib/python3.8/site-packages/airflow/example_dags/example_sla_dag.py
[2024-04-08T09:36:20.320+0000] {logging_mixin.py:188} INFO - [2024-04-08T09:36:20.320+0000] {dag.py:3047} INFO - Sync 1 DAGs
[2024-04-08T09:36:20.357+0000] {logging_mixin.py:188} INFO - [2024-04-08T09:36:20.357+0000] {dag.py:3834} INFO - Setting next_dagrun for example_sla_dag to 2024-04-08 09:34:00+00:00, run_after=2024-04-08 09:36:00+00:00
[2024-04-08T09:36:20.378+0000] {processor.py:183} INFO - Processing /home/airflow/.local/lib/python3.8/site-packages/airflow/example_dags/example_sla_dag.py took 0.140 seconds
[2024-04-08T09:36:50.609+0000] {processor.py:161} INFO - Started process (PID=824) to work on /home/airflow/.local/lib/python3.8/site-packages/airflow/example_dags/example_sla_dag.py
[2024-04-08T09:36:50.609+0000] {processor.py:830} INFO - Processing file /home/airflow/.local/lib/python3.8/site-packages/airflow/example_dags/example_sla_dag.py for tasks to queue
[2024-04-08T09:36:50.610+0000] {logging_mixin.py:188} INFO - [2024-04-08T09:36:50.610+0000] {dagbag.py:540} INFO - Filling up the DagBag from /home/airflow/.local/lib/python3.8/site-packages/airflow/example_dags/example_sla_dag.py
[2024-04-08T09:36:50.614+0000] {processor.py:840} INFO - DAG(s) 'example_sla_dag' retrieved from /home/airflow/.local/lib/python3.8/site-packages/airflow/example_dags/example_sla_dag.py
[2024-04-08T09:36:50.686+0000] {logging_mixin.py:188} INFO - [2024-04-08T09:36:50.686+0000] {dag.py:3047} INFO - Sync 1 DAGs
[2024-04-08T09:36:50.730+0000] {logging_mixin.py:188} INFO - [2024-04-08T09:36:50.730+0000] {dag.py:3834} INFO - Setting next_dagrun for example_sla_dag to 2024-04-08 09:34:00+00:00, run_after=2024-04-08 09:36:00+00:00
[2024-04-08T09:36:50.750+0000] {processor.py:183} INFO - Processing /home/airflow/.local/lib/python3.8/site-packages/airflow/example_dags/example_sla_dag.py took 0.143 seconds
[2024-04-08T09:37:20.896+0000] {processor.py:161} INFO - Started process (PID=879) to work on /home/airflow/.local/lib/python3.8/site-packages/airflow/example_dags/example_sla_dag.py
[2024-04-08T09:37:20.897+0000] {processor.py:830} INFO - Processing file /home/airflow/.local/lib/python3.8/site-packages/airflow/example_dags/example_sla_dag.py for tasks to queue
[2024-04-08T09:37:20.898+0000] {logging_mixin.py:188} INFO - [2024-04-08T09:37:20.898+0000] {dagbag.py:540} INFO - Filling up the DagBag from /home/airflow/.local/lib/python3.8/site-packages/airflow/example_dags/example_sla_dag.py
[2024-04-08T09:37:20.902+0000] {processor.py:840} INFO - DAG(s) 'example_sla_dag' retrieved from /home/airflow/.local/lib/python3.8/site-packages/airflow/example_dags/example_sla_dag.py
[2024-04-08T09:37:20.973+0000] {logging_mixin.py:188} INFO - [2024-04-08T09:37:20.973+0000] {dag.py:3047} INFO - Sync 1 DAGs
[2024-04-08T09:37:21.014+0000] {logging_mixin.py:188} INFO - [2024-04-08T09:37:21.014+0000] {dag.py:3834} INFO - Setting next_dagrun for example_sla_dag to 2024-04-08 09:34:00+00:00, run_after=2024-04-08 09:36:00+00:00
[2024-04-08T09:37:21.033+0000] {processor.py:183} INFO - Processing /home/airflow/.local/lib/python3.8/site-packages/airflow/example_dags/example_sla_dag.py took 0.138 seconds
[2024-04-08T09:37:51.136+0000] {processor.py:161} INFO - Started process (PID=934) to work on /home/airflow/.local/lib/python3.8/site-packages/airflow/example_dags/example_sla_dag.py
[2024-04-08T09:37:51.137+0000] {processor.py:830} INFO - Processing file /home/airflow/.local/lib/python3.8/site-packages/airflow/example_dags/example_sla_dag.py for tasks to queue
[2024-04-08T09:37:51.138+0000] {logging_mixin.py:188} INFO - [2024-04-08T09:37:51.138+0000] {dagbag.py:540} INFO - Filling up the DagBag from /home/airflow/.local/lib/python3.8/site-packages/airflow/example_dags/example_sla_dag.py
[2024-04-08T09:37:51.142+0000] {processor.py:840} INFO - DAG(s) 'example_sla_dag' retrieved from /home/airflow/.local/lib/python3.8/site-packages/airflow/example_dags/example_sla_dag.py
[2024-04-08T09:37:51.213+0000] {logging_mixin.py:188} INFO - [2024-04-08T09:37:51.213+0000] {dag.py:3047} INFO - Sync 1 DAGs
[2024-04-08T09:37:51.255+0000] {logging_mixin.py:188} INFO - [2024-04-08T09:37:51.255+0000] {dag.py:3834} INFO - Setting next_dagrun for example_sla_dag to 2024-04-08 09:34:00+00:00, run_after=2024-04-08 09:36:00+00:00
[2024-04-08T09:37:51.274+0000] {processor.py:183} INFO - Processing /home/airflow/.local/lib/python3.8/site-packages/airflow/example_dags/example_sla_dag.py took 0.139 seconds
[2024-04-08T09:38:21.935+0000] {processor.py:161} INFO - Started process (PID=989) to work on /home/airflow/.local/lib/python3.8/site-packages/airflow/example_dags/example_sla_dag.py
[2024-04-08T09:38:21.936+0000] {processor.py:830} INFO - Processing file /home/airflow/.local/lib/python3.8/site-packages/airflow/example_dags/example_sla_dag.py for tasks to queue
[2024-04-08T09:38:21.937+0000] {logging_mixin.py:188} INFO - [2024-04-08T09:38:21.936+0000] {dagbag.py:540} INFO - Filling up the DagBag from /home/airflow/.local/lib/python3.8/site-packages/airflow/example_dags/example_sla_dag.py
[2024-04-08T09:38:21.941+0000] {processor.py:840} INFO - DAG(s) 'example_sla_dag' retrieved from /home/airflow/.local/lib/python3.8/site-packages/airflow/example_dags/example_sla_dag.py
[2024-04-08T09:38:22.016+0000] {logging_mixin.py:188} INFO - [2024-04-08T09:38:22.016+0000] {dag.py:3047} INFO - Sync 1 DAGs
[2024-04-08T09:38:22.057+0000] {logging_mixin.py:188} INFO - [2024-04-08T09:38:22.057+0000] {dag.py:3834} INFO - Setting next_dagrun for example_sla_dag to 2024-04-08 09:36:00+00:00, run_after=2024-04-08 09:38:00+00:00
[2024-04-08T09:38:22.078+0000] {processor.py:183} INFO - Processing /home/airflow/.local/lib/python3.8/site-packages/airflow/example_dags/example_sla_dag.py took 0.145 seconds
[2024-04-08T09:38:52.406+0000] {processor.py:161} INFO - Started process (PID=1044) to work on /home/airflow/.local/lib/python3.8/site-packages/airflow/example_dags/example_sla_dag.py
[2024-04-08T09:38:52.407+0000] {processor.py:830} INFO - Processing file /home/airflow/.local/lib/python3.8/site-packages/airflow/example_dags/example_sla_dag.py for tasks to queue
[2024-04-08T09:38:52.408+0000] {logging_mixin.py:188} INFO - [2024-04-08T09:38:52.408+0000] {dagbag.py:540} INFO - Filling up the DagBag from /home/airflow/.local/lib/python3.8/site-packages/airflow/example_dags/example_sla_dag.py
[2024-04-08T09:38:52.412+0000] {processor.py:840} INFO - DAG(s) 'example_sla_dag' retrieved from /home/airflow/.local/lib/python3.8/site-packages/airflow/example_dags/example_sla_dag.py
[2024-04-08T09:38:52.488+0000] {logging_mixin.py:188} INFO - [2024-04-08T09:38:52.488+0000] {dag.py:3047} INFO - Sync 1 DAGs
[2024-04-08T09:38:52.526+0000] {logging_mixin.py:188} INFO - [2024-04-08T09:38:52.526+0000] {dag.py:3834} INFO - Setting next_dagrun for example_sla_dag to 2024-04-08 09:36:00+00:00, run_after=2024-04-08 09:38:00+00:00
[2024-04-08T09:38:52.545+0000] {processor.py:183} INFO - Processing /home/airflow/.local/lib/python3.8/site-packages/airflow/example_dags/example_sla_dag.py took 0.141 seconds
[2024-04-08T09:39:22.577+0000] {processor.py:161} INFO - Started process (PID=1099) to work on /home/airflow/.local/lib/python3.8/site-packages/airflow/example_dags/example_sla_dag.py
[2024-04-08T09:39:22.578+0000] {processor.py:830} INFO - Processing file /home/airflow/.local/lib/python3.8/site-packages/airflow/example_dags/example_sla_dag.py for tasks to queue
[2024-04-08T09:39:22.579+0000] {logging_mixin.py:188} INFO - [2024-04-08T09:39:22.579+0000] {dagbag.py:540} INFO - Filling up the DagBag from /home/airflow/.local/lib/python3.8/site-packages/airflow/example_dags/example_sla_dag.py
[2024-04-08T09:39:22.583+0000] {processor.py:840} INFO - DAG(s) 'example_sla_dag' retrieved from /home/airflow/.local/lib/python3.8/site-packages/airflow/example_dags/example_sla_dag.py
[2024-04-08T09:39:22.656+0000] {logging_mixin.py:188} INFO - [2024-04-08T09:39:22.656+0000] {dag.py:3047} INFO - Sync 1 DAGs
[2024-04-08T09:39:22.693+0000] {logging_mixin.py:188} INFO - [2024-04-08T09:39:22.693+0000] {dag.py:3834} INFO - Setting next_dagrun for example_sla_dag to 2024-04-08 09:36:00+00:00, run_after=2024-04-08 09:38:00+00:00
[2024-04-08T09:39:22.711+0000] {processor.py:183} INFO - Processing /home/airflow/.local/lib/python3.8/site-packages/airflow/example_dags/example_sla_dag.py took 0.136 seconds
[2024-04-08T09:39:53.693+0000] {processor.py:161} INFO - Started process (PID=1154) to work on /home/airflow/.local/lib/python3.8/site-packages/airflow/example_dags/example_sla_dag.py
[2024-04-08T09:39:53.693+0000] {processor.py:830} INFO - Processing file /home/airflow/.local/lib/python3.8/site-packages/airflow/example_dags/example_sla_dag.py for tasks to queue
[2024-04-08T09:39:53.694+0000] {logging_mixin.py:188} INFO - [2024-04-08T09:39:53.694+0000] {dagbag.py:540} INFO - Filling up the DagBag from /home/airflow/.local/lib/python3.8/site-packages/airflow/example_dags/example_sla_dag.py
[2024-04-08T09:39:53.698+0000] {processor.py:840} INFO - DAG(s) 'example_sla_dag' retrieved from /home/airflow/.local/lib/python3.8/site-packages/airflow/example_dags/example_sla_dag.py
[2024-04-08T09:39:53.772+0000] {logging_mixin.py:188} INFO - [2024-04-08T09:39:53.771+0000] {dag.py:3047} INFO - Sync 1 DAGs
[2024-04-08T09:39:53.809+0000] {logging_mixin.py:188} INFO - [2024-04-08T09:39:53.809+0000] {dag.py:3834} INFO - Setting next_dagrun for example_sla_dag to 2024-04-08 09:36:00+00:00, run_after=2024-04-08 09:38:00+00:00
[2024-04-08T09:39:53.830+0000] {processor.py:183} INFO - Processing /home/airflow/.local/lib/python3.8/site-packages/airflow/example_dags/example_sla_dag.py took 0.139 seconds
[2024-04-08T09:40:23.934+0000] {processor.py:161} INFO - Started process (PID=1208) to work on /home/airflow/.local/lib/python3.8/site-packages/airflow/example_dags/example_sla_dag.py
[2024-04-08T09:40:23.934+0000] {processor.py:830} INFO - Processing file /home/airflow/.local/lib/python3.8/site-packages/airflow/example_dags/example_sla_dag.py for tasks to queue
[2024-04-08T09:40:23.935+0000] {logging_mixin.py:188} INFO - [2024-04-08T09:40:23.935+0000] {dagbag.py:540} INFO - Filling up the DagBag from /home/airflow/.local/lib/python3.8/site-packages/airflow/example_dags/example_sla_dag.py
[2024-04-08T09:40:23.939+0000] {processor.py:840} INFO - DAG(s) 'example_sla_dag' retrieved from /home/airflow/.local/lib/python3.8/site-packages/airflow/example_dags/example_sla_dag.py
[2024-04-08T09:40:24.014+0000] {logging_mixin.py:188} INFO - [2024-04-08T09:40:24.014+0000] {dag.py:3047} INFO - Sync 1 DAGs
[2024-04-08T09:40:24.051+0000] {logging_mixin.py:188} INFO - [2024-04-08T09:40:24.051+0000] {dag.py:3834} INFO - Setting next_dagrun for example_sla_dag to 2024-04-08 09:38:00+00:00, run_after=2024-04-08 09:40:00+00:00
[2024-04-08T09:40:24.072+0000] {processor.py:183} INFO - Processing /home/airflow/.local/lib/python3.8/site-packages/airflow/example_dags/example_sla_dag.py took 0.140 seconds
[2024-04-08T09:40:54.469+0000] {processor.py:161} INFO - Started process (PID=1263) to work on /home/airflow/.local/lib/python3.8/site-packages/airflow/example_dags/example_sla_dag.py
[2024-04-08T09:40:54.470+0000] {processor.py:830} INFO - Processing file /home/airflow/.local/lib/python3.8/site-packages/airflow/example_dags/example_sla_dag.py for tasks to queue
[2024-04-08T09:40:54.471+0000] {logging_mixin.py:188} INFO - [2024-04-08T09:40:54.470+0000] {dagbag.py:540} INFO - Filling up the DagBag from /home/airflow/.local/lib/python3.8/site-packages/airflow/example_dags/example_sla_dag.py
[2024-04-08T09:40:54.475+0000] {processor.py:840} INFO - DAG(s) 'example_sla_dag' retrieved from /home/airflow/.local/lib/python3.8/site-packages/airflow/example_dags/example_sla_dag.py
[2024-04-08T09:40:54.547+0000] {logging_mixin.py:188} INFO - [2024-04-08T09:40:54.547+0000] {dag.py:3047} INFO - Sync 1 DAGs
[2024-04-08T09:40:54.584+0000] {logging_mixin.py:188} INFO - [2024-04-08T09:40:54.584+0000] {dag.py:3834} INFO - Setting next_dagrun for example_sla_dag to 2024-04-08 09:38:00+00:00, run_after=2024-04-08 09:40:00+00:00
[2024-04-08T09:40:54.604+0000] {processor.py:183} INFO - Processing /home/airflow/.local/lib/python3.8/site-packages/airflow/example_dags/example_sla_dag.py took 0.137 seconds
[2024-04-08T09:41:25.375+0000] {processor.py:161} INFO - Started process (PID=1318) to work on /home/airflow/.local/lib/python3.8/site-packages/airflow/example_dags/example_sla_dag.py
[2024-04-08T09:41:25.375+0000] {processor.py:830} INFO - Processing file /home/airflow/.local/lib/python3.8/site-packages/airflow/example_dags/example_sla_dag.py for tasks to queue
[2024-04-08T09:41:25.376+0000] {logging_mixin.py:188} INFO - [2024-04-08T09:41:25.376+0000] {dagbag.py:540} INFO - Filling up the DagBag from /home/airflow/.local/lib/python3.8/site-packages/airflow/example_dags/example_sla_dag.py
[2024-04-08T09:41:25.380+0000] {processor.py:840} INFO - DAG(s) 'example_sla_dag' retrieved from /home/airflow/.local/lib/python3.8/site-packages/airflow/example_dags/example_sla_dag.py
[2024-04-08T09:41:25.454+0000] {logging_mixin.py:188} INFO - [2024-04-08T09:41:25.454+0000] {dag.py:3047} INFO - Sync 1 DAGs
[2024-04-08T09:41:25.490+0000] {logging_mixin.py:188} INFO - [2024-04-08T09:41:25.490+0000] {dag.py:3834} INFO - Setting next_dagrun for example_sla_dag to 2024-04-08 09:38:00+00:00, run_after=2024-04-08 09:40:00+00:00
[2024-04-08T09:41:25.509+0000] {processor.py:183} INFO - Processing /home/airflow/.local/lib/python3.8/site-packages/airflow/example_dags/example_sla_dag.py took 0.136 seconds
[2024-04-08T09:41:56.285+0000] {processor.py:161} INFO - Started process (PID=1373) to work on /home/airflow/.local/lib/python3.8/site-packages/airflow/example_dags/example_sla_dag.py
[2024-04-08T09:41:56.286+0000] {processor.py:830} INFO - Processing file /home/airflow/.local/lib/python3.8/site-packages/airflow/example_dags/example_sla_dag.py for tasks to queue
[2024-04-08T09:41:56.287+0000] {logging_mixin.py:188} INFO - [2024-04-08T09:41:56.287+0000] {dagbag.py:540} INFO - Filling up the DagBag from /home/airflow/.local/lib/python3.8/site-packages/airflow/example_dags/example_sla_dag.py
[2024-04-08T09:41:56.291+0000] {processor.py:840} INFO - DAG(s) 'example_sla_dag' retrieved from /home/airflow/.local/lib/python3.8/site-packages/airflow/example_dags/example_sla_dag.py
[2024-04-08T09:41:56.364+0000] {logging_mixin.py:188} INFO - [2024-04-08T09:41:56.364+0000] {dag.py:3047} INFO - Sync 1 DAGs
[2024-04-08T09:41:56.401+0000] {logging_mixin.py:188} INFO - [2024-04-08T09:41:56.401+0000] {dag.py:3834} INFO - Setting next_dagrun for example_sla_dag to 2024-04-08 09:38:00+00:00, run_after=2024-04-08 09:40:00+00:00
[2024-04-08T09:41:56.420+0000] {processor.py:183} INFO - Processing /home/airflow/.local/lib/python3.8/site-packages/airflow/example_dags/example_sla_dag.py took 0.136 seconds
[2024-04-08T09:42:26.608+0000] {processor.py:161} INFO - Started process (PID=1428) to work on /home/airflow/.local/lib/python3.8/site-packages/airflow/example_dags/example_sla_dag.py
[2024-04-08T09:42:26.608+0000] {processor.py:830} INFO - Processing file /home/airflow/.local/lib/python3.8/site-packages/airflow/example_dags/example_sla_dag.py for tasks to queue
[2024-04-08T09:42:26.609+0000] {logging_mixin.py:188} INFO - [2024-04-08T09:42:26.609+0000] {dagbag.py:540} INFO - Filling up the DagBag from /home/airflow/.local/lib/python3.8/site-packages/airflow/example_dags/example_sla_dag.py
[2024-04-08T09:42:26.613+0000] {processor.py:840} INFO - DAG(s) 'example_sla_dag' retrieved from /home/airflow/.local/lib/python3.8/site-packages/airflow/example_dags/example_sla_dag.py
[2024-04-08T09:42:26.694+0000] {logging_mixin.py:188} INFO - [2024-04-08T09:42:26.694+0000] {dag.py:3047} INFO - Sync 1 DAGs
[2024-04-08T09:42:26.733+0000] {logging_mixin.py:188} INFO - [2024-04-08T09:42:26.733+0000] {dag.py:3834} INFO - Setting next_dagrun for example_sla_dag to 2024-04-08 09:40:00+00:00, run_after=2024-04-08 09:42:00+00:00
[2024-04-08T09:42:26.755+0000] {processor.py:183} INFO - Processing /home/airflow/.local/lib/python3.8/site-packages/airflow/example_dags/example_sla_dag.py took 0.149 seconds
[2024-04-08T09:42:56.912+0000] {processor.py:161} INFO - Started process (PID=1483) to work on /home/airflow/.local/lib/python3.8/site-packages/airflow/example_dags/example_sla_dag.py
[2024-04-08T09:42:56.913+0000] {processor.py:830} INFO - Processing file /home/airflow/.local/lib/python3.8/site-packages/airflow/example_dags/example_sla_dag.py for tasks to queue
[2024-04-08T09:42:56.914+0000] {logging_mixin.py:188} INFO - [2024-04-08T09:42:56.914+0000] {dagbag.py:540} INFO - Filling up the DagBag from /home/airflow/.local/lib/python3.8/site-packages/airflow/example_dags/example_sla_dag.py
[2024-04-08T09:42:56.919+0000] {processor.py:840} INFO - DAG(s) 'example_sla_dag' retrieved from /home/airflow/.local/lib/python3.8/site-packages/airflow/example_dags/example_sla_dag.py
[2024-04-08T09:42:56.994+0000] {logging_mixin.py:188} INFO - [2024-04-08T09:42:56.994+0000] {dag.py:3047} INFO - Sync 1 DAGs
[2024-04-08T09:42:57.031+0000] {logging_mixin.py:188} INFO - [2024-04-08T09:42:57.031+0000] {dag.py:3834} INFO - Setting next_dagrun for example_sla_dag to 2024-04-08 09:40:00+00:00, run_after=2024-04-08 09:42:00+00:00
[2024-04-08T09:42:57.050+0000] {processor.py:183} INFO - Processing /home/airflow/.local/lib/python3.8/site-packages/airflow/example_dags/example_sla_dag.py took 0.139 seconds
[2024-04-08T09:43:27.132+0000] {processor.py:161} INFO - Started process (PID=1538) to work on /home/airflow/.local/lib/python3.8/site-packages/airflow/example_dags/example_sla_dag.py
[2024-04-08T09:43:27.132+0000] {processor.py:830} INFO - Processing file /home/airflow/.local/lib/python3.8/site-packages/airflow/example_dags/example_sla_dag.py for tasks to queue
[2024-04-08T09:43:27.133+0000] {logging_mixin.py:188} INFO - [2024-04-08T09:43:27.133+0000] {dagbag.py:540} INFO - Filling up the DagBag from /home/airflow/.local/lib/python3.8/site-packages/airflow/example_dags/example_sla_dag.py
[2024-04-08T09:43:27.137+0000] {processor.py:840} INFO - DAG(s) 'example_sla_dag' retrieved from /home/airflow/.local/lib/python3.8/site-packages/airflow/example_dags/example_sla_dag.py
[2024-04-08T09:43:27.211+0000] {logging_mixin.py:188} INFO - [2024-04-08T09:43:27.211+0000] {dag.py:3047} INFO - Sync 1 DAGs
[2024-04-08T09:43:27.252+0000] {logging_mixin.py:188} INFO - [2024-04-08T09:43:27.252+0000] {dag.py:3834} INFO - Setting next_dagrun for example_sla_dag to 2024-04-08 09:40:00+00:00, run_after=2024-04-08 09:42:00+00:00
[2024-04-08T09:43:27.273+0000] {processor.py:183} INFO - Processing /home/airflow/.local/lib/python3.8/site-packages/airflow/example_dags/example_sla_dag.py took 0.143 seconds
[2024-04-08T09:43:57.653+0000] {processor.py:161} INFO - Started process (PID=1593) to work on /home/airflow/.local/lib/python3.8/site-packages/airflow/example_dags/example_sla_dag.py
[2024-04-08T09:43:57.654+0000] {processor.py:830} INFO - Processing file /home/airflow/.local/lib/python3.8/site-packages/airflow/example_dags/example_sla_dag.py for tasks to queue
[2024-04-08T09:43:57.655+0000] {logging_mixin.py:188} INFO - [2024-04-08T09:43:57.654+0000] {dagbag.py:540} INFO - Filling up the DagBag from /home/airflow/.local/lib/python3.8/site-packages/airflow/example_dags/example_sla_dag.py
[2024-04-08T09:43:57.659+0000] {processor.py:840} INFO - DAG(s) 'example_sla_dag' retrieved from /home/airflow/.local/lib/python3.8/site-packages/airflow/example_dags/example_sla_dag.py
[2024-04-08T09:43:57.735+0000] {logging_mixin.py:188} INFO - [2024-04-08T09:43:57.735+0000] {dag.py:3047} INFO - Sync 1 DAGs
[2024-04-08T09:43:57.781+0000] {logging_mixin.py:188} INFO - [2024-04-08T09:43:57.781+0000] {dag.py:3834} INFO - Setting next_dagrun for example_sla_dag to 2024-04-08 09:40:00+00:00, run_after=2024-04-08 09:42:00+00:00
[2024-04-08T09:43:57.804+0000] {processor.py:183} INFO - Processing /home/airflow/.local/lib/python3.8/site-packages/airflow/example_dags/example_sla_dag.py took 0.153 seconds
[2024-04-08T09:44:28.050+0000] {processor.py:161} INFO - Started process (PID=1648) to work on /home/airflow/.local/lib/python3.8/site-packages/airflow/example_dags/example_sla_dag.py
[2024-04-08T09:44:28.051+0000] {processor.py:830} INFO - Processing file /home/airflow/.local/lib/python3.8/site-packages/airflow/example_dags/example_sla_dag.py for tasks to queue
[2024-04-08T09:44:28.052+0000] {logging_mixin.py:188} INFO - [2024-04-08T09:44:28.052+0000] {dagbag.py:540} INFO - Filling up the DagBag from /home/airflow/.local/lib/python3.8/site-packages/airflow/example_dags/example_sla_dag.py
[2024-04-08T09:44:28.056+0000] {processor.py:840} INFO - DAG(s) 'example_sla_dag' retrieved from /home/airflow/.local/lib/python3.8/site-packages/airflow/example_dags/example_sla_dag.py
[2024-04-08T09:44:28.131+0000] {logging_mixin.py:188} INFO - [2024-04-08T09:44:28.131+0000] {dag.py:3047} INFO - Sync 1 DAGs
[2024-04-08T09:44:28.171+0000] {logging_mixin.py:188} INFO - [2024-04-08T09:44:28.170+0000] {dag.py:3834} INFO - Setting next_dagrun for example_sla_dag to 2024-04-08 09:42:00+00:00, run_after=2024-04-08 09:44:00+00:00
[2024-04-08T09:44:28.192+0000] {processor.py:183} INFO - Processing /home/airflow/.local/lib/python3.8/site-packages/airflow/example_dags/example_sla_dag.py took 0.143 seconds
[2024-04-08T09:44:58.273+0000] {processor.py:161} INFO - Started process (PID=1703) to work on /home/airflow/.local/lib/python3.8/site-packages/airflow/example_dags/example_sla_dag.py
[2024-04-08T09:44:58.274+0000] {processor.py:830} INFO - Processing file /home/airflow/.local/lib/python3.8/site-packages/airflow/example_dags/example_sla_dag.py for tasks to queue
[2024-04-08T09:44:58.275+0000] {logging_mixin.py:188} INFO - [2024-04-08T09:44:58.274+0000] {dagbag.py:540} INFO - Filling up the DagBag from /home/airflow/.local/lib/python3.8/site-packages/airflow/example_dags/example_sla_dag.py
[2024-04-08T09:44:58.279+0000] {processor.py:840} INFO - DAG(s) 'example_sla_dag' retrieved from /home/airflow/.local/lib/python3.8/site-packages/airflow/example_dags/example_sla_dag.py
[2024-04-08T09:44:58.358+0000] {logging_mixin.py:188} INFO - [2024-04-08T09:44:58.358+0000] {dag.py:3047} INFO - Sync 1 DAGs
[2024-04-08T09:44:58.400+0000] {logging_mixin.py:188} INFO - [2024-04-08T09:44:58.400+0000] {dag.py:3834} INFO - Setting next_dagrun for example_sla_dag to 2024-04-08 09:42:00+00:00, run_after=2024-04-08 09:44:00+00:00
[2024-04-08T09:44:58.419+0000] {processor.py:183} INFO - Processing /home/airflow/.local/lib/python3.8/site-packages/airflow/example_dags/example_sla_dag.py took 0.147 seconds
[2024-04-08T09:45:28.553+0000] {processor.py:161} INFO - Started process (PID=1758) to work on /home/airflow/.local/lib/python3.8/site-packages/airflow/example_dags/example_sla_dag.py
[2024-04-08T09:45:28.553+0000] {processor.py:830} INFO - Processing file /home/airflow/.local/lib/python3.8/site-packages/airflow/example_dags/example_sla_dag.py for tasks to queue
[2024-04-08T09:45:28.554+0000] {logging_mixin.py:188} INFO - [2024-04-08T09:45:28.554+0000] {dagbag.py:540} INFO - Filling up the DagBag from /home/airflow/.local/lib/python3.8/site-packages/airflow/example_dags/example_sla_dag.py
[2024-04-08T09:45:28.559+0000] {processor.py:840} INFO - DAG(s) 'example_sla_dag' retrieved from /home/airflow/.local/lib/python3.8/site-packages/airflow/example_dags/example_sla_dag.py
[2024-04-08T09:45:28.631+0000] {logging_mixin.py:188} INFO - [2024-04-08T09:45:28.631+0000] {dag.py:3047} INFO - Sync 1 DAGs
[2024-04-08T09:45:28.668+0000] {logging_mixin.py:188} INFO - [2024-04-08T09:45:28.668+0000] {dag.py:3834} INFO - Setting next_dagrun for example_sla_dag to 2024-04-08 09:42:00+00:00, run_after=2024-04-08 09:44:00+00:00
[2024-04-08T09:45:28.688+0000] {processor.py:183} INFO - Processing /home/airflow/.local/lib/python3.8/site-packages/airflow/example_dags/example_sla_dag.py took 0.137 seconds
[2024-04-08T09:45:58.773+0000] {processor.py:161} INFO - Started process (PID=1813) to work on /home/airflow/.local/lib/python3.8/site-packages/airflow/example_dags/example_sla_dag.py
[2024-04-08T09:45:58.774+0000] {processor.py:830} INFO - Processing file /home/airflow/.local/lib/python3.8/site-packages/airflow/example_dags/example_sla_dag.py for tasks to queue
[2024-04-08T09:45:58.774+0000] {logging_mixin.py:188} INFO - [2024-04-08T09:45:58.774+0000] {dagbag.py:540} INFO - Filling up the DagBag from /home/airflow/.local/lib/python3.8/site-packages/airflow/example_dags/example_sla_dag.py
[2024-04-08T09:45:58.778+0000] {processor.py:840} INFO - DAG(s) 'example_sla_dag' retrieved from /home/airflow/.local/lib/python3.8/site-packages/airflow/example_dags/example_sla_dag.py
[2024-04-08T09:45:58.851+0000] {logging_mixin.py:188} INFO - [2024-04-08T09:45:58.851+0000] {dag.py:3047} INFO - Sync 1 DAGs
[2024-04-08T09:45:58.891+0000] {logging_mixin.py:188} INFO - [2024-04-08T09:45:58.891+0000] {dag.py:3834} INFO - Setting next_dagrun for example_sla_dag to 2024-04-08 09:42:00+00:00, run_after=2024-04-08 09:44:00+00:00
[2024-04-08T09:45:58.910+0000] {processor.py:183} INFO - Processing /home/airflow/.local/lib/python3.8/site-packages/airflow/example_dags/example_sla_dag.py took 0.139 seconds
