[2024-04-08T09:29:48.130+0000] {processor.py:161} INFO - Started process (PID=70) to work on /home/airflow/.local/lib/python3.8/site-packages/airflow/example_dags/example_complex.py
[2024-04-08T09:29:48.130+0000] {processor.py:830} INFO - Processing file /home/airflow/.local/lib/python3.8/site-packages/airflow/example_dags/example_complex.py for tasks to queue
[2024-04-08T09:29:48.131+0000] {logging_mixin.py:188} INFO - [2024-04-08T09:29:48.131+0000] {dagbag.py:540} INFO - Filling up the DagBag from /home/airflow/.local/lib/python3.8/site-packages/airflow/example_dags/example_complex.py
[2024-04-08T09:29:48.138+0000] {processor.py:840} INFO - DAG(s) 'example_complex' retrieved from /home/airflow/.local/lib/python3.8/site-packages/airflow/example_dags/example_complex.py
[2024-04-08T09:29:48.211+0000] {logging_mixin.py:188} INFO - [2024-04-08T09:29:48.211+0000] {dag.py:3047} INFO - Sync 1 DAGs
[2024-04-08T09:29:48.236+0000] {logging_mixin.py:188} INFO - [2024-04-08T09:29:48.236+0000] {dag.py:3834} INFO - Setting next_dagrun for example_complex to None, run_after=None
[2024-04-08T09:29:48.263+0000] {processor.py:183} INFO - Processing /home/airflow/.local/lib/python3.8/site-packages/airflow/example_dags/example_complex.py took 0.135 seconds
[2024-04-08T09:30:19.037+0000] {processor.py:161} INFO - Started process (PID=125) to work on /home/airflow/.local/lib/python3.8/site-packages/airflow/example_dags/example_complex.py
[2024-04-08T09:30:19.038+0000] {processor.py:830} INFO - Processing file /home/airflow/.local/lib/python3.8/site-packages/airflow/example_dags/example_complex.py for tasks to queue
[2024-04-08T09:30:19.039+0000] {logging_mixin.py:188} INFO - [2024-04-08T09:30:19.038+0000] {dagbag.py:540} INFO - Filling up the DagBag from /home/airflow/.local/lib/python3.8/site-packages/airflow/example_dags/example_complex.py
[2024-04-08T09:30:19.046+0000] {processor.py:840} INFO - DAG(s) 'example_complex' retrieved from /home/airflow/.local/lib/python3.8/site-packages/airflow/example_dags/example_complex.py
[2024-04-08T09:30:19.213+0000] {logging_mixin.py:188} INFO - [2024-04-08T09:30:19.213+0000] {dag.py:3047} INFO - Sync 1 DAGs
[2024-04-08T09:30:19.228+0000] {logging_mixin.py:188} INFO - [2024-04-08T09:30:19.228+0000] {dag.py:3834} INFO - Setting next_dagrun for example_complex to None, run_after=None
[2024-04-08T09:30:19.264+0000] {processor.py:183} INFO - Processing /home/airflow/.local/lib/python3.8/site-packages/airflow/example_dags/example_complex.py took 0.230 seconds
[2024-04-08T09:30:49.509+0000] {processor.py:161} INFO - Started process (PID=180) to work on /home/airflow/.local/lib/python3.8/site-packages/airflow/example_dags/example_complex.py
[2024-04-08T09:30:49.510+0000] {processor.py:830} INFO - Processing file /home/airflow/.local/lib/python3.8/site-packages/airflow/example_dags/example_complex.py for tasks to queue
[2024-04-08T09:30:49.510+0000] {logging_mixin.py:188} INFO - [2024-04-08T09:30:49.510+0000] {dagbag.py:540} INFO - Filling up the DagBag from /home/airflow/.local/lib/python3.8/site-packages/airflow/example_dags/example_complex.py
[2024-04-08T09:30:49.515+0000] {processor.py:840} INFO - DAG(s) 'example_complex' retrieved from /home/airflow/.local/lib/python3.8/site-packages/airflow/example_dags/example_complex.py
[2024-04-08T09:30:49.591+0000] {logging_mixin.py:188} INFO - [2024-04-08T09:30:49.591+0000] {dag.py:3047} INFO - Sync 1 DAGs
[2024-04-08T09:30:49.607+0000] {logging_mixin.py:188} INFO - [2024-04-08T09:30:49.607+0000] {dag.py:3834} INFO - Setting next_dagrun for example_complex to None, run_after=None
[2024-04-08T09:30:49.628+0000] {processor.py:183} INFO - Processing /home/airflow/.local/lib/python3.8/site-packages/airflow/example_dags/example_complex.py took 0.120 seconds
[2024-04-08T09:31:19.742+0000] {processor.py:161} INFO - Started process (PID=235) to work on /home/airflow/.local/lib/python3.8/site-packages/airflow/example_dags/example_complex.py
[2024-04-08T09:31:19.743+0000] {processor.py:830} INFO - Processing file /home/airflow/.local/lib/python3.8/site-packages/airflow/example_dags/example_complex.py for tasks to queue
[2024-04-08T09:31:19.744+0000] {logging_mixin.py:188} INFO - [2024-04-08T09:31:19.744+0000] {dagbag.py:540} INFO - Filling up the DagBag from /home/airflow/.local/lib/python3.8/site-packages/airflow/example_dags/example_complex.py
[2024-04-08T09:31:19.749+0000] {processor.py:840} INFO - DAG(s) 'example_complex' retrieved from /home/airflow/.local/lib/python3.8/site-packages/airflow/example_dags/example_complex.py
[2024-04-08T09:31:19.825+0000] {logging_mixin.py:188} INFO - [2024-04-08T09:31:19.825+0000] {dag.py:3047} INFO - Sync 1 DAGs
[2024-04-08T09:31:19.842+0000] {logging_mixin.py:188} INFO - [2024-04-08T09:31:19.841+0000] {dag.py:3834} INFO - Setting next_dagrun for example_complex to None, run_after=None
[2024-04-08T09:31:19.862+0000] {processor.py:183} INFO - Processing /home/airflow/.local/lib/python3.8/site-packages/airflow/example_dags/example_complex.py took 0.122 seconds
[2024-04-08T09:31:49.947+0000] {processor.py:161} INFO - Started process (PID=289) to work on /home/airflow/.local/lib/python3.8/site-packages/airflow/example_dags/example_complex.py
[2024-04-08T09:31:49.948+0000] {processor.py:830} INFO - Processing file /home/airflow/.local/lib/python3.8/site-packages/airflow/example_dags/example_complex.py for tasks to queue
[2024-04-08T09:31:49.949+0000] {logging_mixin.py:188} INFO - [2024-04-08T09:31:49.949+0000] {dagbag.py:540} INFO - Filling up the DagBag from /home/airflow/.local/lib/python3.8/site-packages/airflow/example_dags/example_complex.py
[2024-04-08T09:31:49.954+0000] {processor.py:840} INFO - DAG(s) 'example_complex' retrieved from /home/airflow/.local/lib/python3.8/site-packages/airflow/example_dags/example_complex.py
[2024-04-08T09:31:50.029+0000] {logging_mixin.py:188} INFO - [2024-04-08T09:31:50.029+0000] {dag.py:3047} INFO - Sync 1 DAGs
[2024-04-08T09:31:50.046+0000] {logging_mixin.py:188} INFO - [2024-04-08T09:31:50.046+0000] {dag.py:3834} INFO - Setting next_dagrun for example_complex to None, run_after=None
[2024-04-08T09:31:50.067+0000] {processor.py:183} INFO - Processing /home/airflow/.local/lib/python3.8/site-packages/airflow/example_dags/example_complex.py took 0.121 seconds
[2024-04-08T09:32:20.158+0000] {processor.py:161} INFO - Started process (PID=344) to work on /home/airflow/.local/lib/python3.8/site-packages/airflow/example_dags/example_complex.py
[2024-04-08T09:32:20.158+0000] {processor.py:830} INFO - Processing file /home/airflow/.local/lib/python3.8/site-packages/airflow/example_dags/example_complex.py for tasks to queue
[2024-04-08T09:32:20.159+0000] {logging_mixin.py:188} INFO - [2024-04-08T09:32:20.159+0000] {dagbag.py:540} INFO - Filling up the DagBag from /home/airflow/.local/lib/python3.8/site-packages/airflow/example_dags/example_complex.py
[2024-04-08T09:32:20.164+0000] {processor.py:840} INFO - DAG(s) 'example_complex' retrieved from /home/airflow/.local/lib/python3.8/site-packages/airflow/example_dags/example_complex.py
[2024-04-08T09:32:20.241+0000] {logging_mixin.py:188} INFO - [2024-04-08T09:32:20.240+0000] {dag.py:3047} INFO - Sync 1 DAGs
[2024-04-08T09:32:20.257+0000] {logging_mixin.py:188} INFO - [2024-04-08T09:32:20.257+0000] {dag.py:3834} INFO - Setting next_dagrun for example_complex to None, run_after=None
[2024-04-08T09:32:20.279+0000] {processor.py:183} INFO - Processing /home/airflow/.local/lib/python3.8/site-packages/airflow/example_dags/example_complex.py took 0.123 seconds
[2024-04-08T09:32:50.531+0000] {processor.py:161} INFO - Started process (PID=399) to work on /home/airflow/.local/lib/python3.8/site-packages/airflow/example_dags/example_complex.py
[2024-04-08T09:32:50.531+0000] {processor.py:830} INFO - Processing file /home/airflow/.local/lib/python3.8/site-packages/airflow/example_dags/example_complex.py for tasks to queue
[2024-04-08T09:32:50.532+0000] {logging_mixin.py:188} INFO - [2024-04-08T09:32:50.532+0000] {dagbag.py:540} INFO - Filling up the DagBag from /home/airflow/.local/lib/python3.8/site-packages/airflow/example_dags/example_complex.py
[2024-04-08T09:32:50.537+0000] {processor.py:840} INFO - DAG(s) 'example_complex' retrieved from /home/airflow/.local/lib/python3.8/site-packages/airflow/example_dags/example_complex.py
[2024-04-08T09:32:50.611+0000] {logging_mixin.py:188} INFO - [2024-04-08T09:32:50.611+0000] {dag.py:3047} INFO - Sync 1 DAGs
[2024-04-08T09:32:50.628+0000] {logging_mixin.py:188} INFO - [2024-04-08T09:32:50.628+0000] {dag.py:3834} INFO - Setting next_dagrun for example_complex to None, run_after=None
[2024-04-08T09:32:50.649+0000] {processor.py:183} INFO - Processing /home/airflow/.local/lib/python3.8/site-packages/airflow/example_dags/example_complex.py took 0.119 seconds
[2024-04-08T09:33:20.723+0000] {processor.py:161} INFO - Started process (PID=454) to work on /home/airflow/.local/lib/python3.8/site-packages/airflow/example_dags/example_complex.py
[2024-04-08T09:33:20.723+0000] {processor.py:830} INFO - Processing file /home/airflow/.local/lib/python3.8/site-packages/airflow/example_dags/example_complex.py for tasks to queue
[2024-04-08T09:33:20.724+0000] {logging_mixin.py:188} INFO - [2024-04-08T09:33:20.724+0000] {dagbag.py:540} INFO - Filling up the DagBag from /home/airflow/.local/lib/python3.8/site-packages/airflow/example_dags/example_complex.py
[2024-04-08T09:33:20.730+0000] {processor.py:840} INFO - DAG(s) 'example_complex' retrieved from /home/airflow/.local/lib/python3.8/site-packages/airflow/example_dags/example_complex.py
[2024-04-08T09:33:20.805+0000] {logging_mixin.py:188} INFO - [2024-04-08T09:33:20.805+0000] {dag.py:3047} INFO - Sync 1 DAGs
[2024-04-08T09:33:20.822+0000] {logging_mixin.py:188} INFO - [2024-04-08T09:33:20.822+0000] {dag.py:3834} INFO - Setting next_dagrun for example_complex to None, run_after=None
[2024-04-08T09:33:20.844+0000] {processor.py:183} INFO - Processing /home/airflow/.local/lib/python3.8/site-packages/airflow/example_dags/example_complex.py took 0.123 seconds
[2024-04-08T09:33:50.967+0000] {processor.py:161} INFO - Started process (PID=508) to work on /home/airflow/.local/lib/python3.8/site-packages/airflow/example_dags/example_complex.py
[2024-04-08T09:33:50.967+0000] {processor.py:830} INFO - Processing file /home/airflow/.local/lib/python3.8/site-packages/airflow/example_dags/example_complex.py for tasks to queue
[2024-04-08T09:33:50.968+0000] {logging_mixin.py:188} INFO - [2024-04-08T09:33:50.968+0000] {dagbag.py:540} INFO - Filling up the DagBag from /home/airflow/.local/lib/python3.8/site-packages/airflow/example_dags/example_complex.py
[2024-04-08T09:33:50.973+0000] {processor.py:840} INFO - DAG(s) 'example_complex' retrieved from /home/airflow/.local/lib/python3.8/site-packages/airflow/example_dags/example_complex.py
[2024-04-08T09:33:51.050+0000] {logging_mixin.py:188} INFO - [2024-04-08T09:33:51.050+0000] {dag.py:3047} INFO - Sync 1 DAGs
[2024-04-08T09:33:51.068+0000] {logging_mixin.py:188} INFO - [2024-04-08T09:33:51.068+0000] {dag.py:3834} INFO - Setting next_dagrun for example_complex to None, run_after=None
[2024-04-08T09:33:51.091+0000] {processor.py:183} INFO - Processing /home/airflow/.local/lib/python3.8/site-packages/airflow/example_dags/example_complex.py took 0.125 seconds
[2024-04-08T09:34:21.103+0000] {processor.py:161} INFO - Started process (PID=562) to work on /home/airflow/.local/lib/python3.8/site-packages/airflow/example_dags/example_complex.py
[2024-04-08T09:34:21.104+0000] {processor.py:830} INFO - Processing file /home/airflow/.local/lib/python3.8/site-packages/airflow/example_dags/example_complex.py for tasks to queue
[2024-04-08T09:34:21.104+0000] {logging_mixin.py:188} INFO - [2024-04-08T09:34:21.104+0000] {dagbag.py:540} INFO - Filling up the DagBag from /home/airflow/.local/lib/python3.8/site-packages/airflow/example_dags/example_complex.py
[2024-04-08T09:34:21.109+0000] {processor.py:840} INFO - DAG(s) 'example_complex' retrieved from /home/airflow/.local/lib/python3.8/site-packages/airflow/example_dags/example_complex.py
[2024-04-08T09:34:21.182+0000] {logging_mixin.py:188} INFO - [2024-04-08T09:34:21.182+0000] {dag.py:3047} INFO - Sync 1 DAGs
[2024-04-08T09:34:21.198+0000] {logging_mixin.py:188} INFO - [2024-04-08T09:34:21.198+0000] {dag.py:3834} INFO - Setting next_dagrun for example_complex to None, run_after=None
[2024-04-08T09:34:21.217+0000] {processor.py:183} INFO - Processing /home/airflow/.local/lib/python3.8/site-packages/airflow/example_dags/example_complex.py took 0.116 seconds
[2024-04-08T09:34:51.458+0000] {processor.py:161} INFO - Started process (PID=617) to work on /home/airflow/.local/lib/python3.8/site-packages/airflow/example_dags/example_complex.py
[2024-04-08T09:34:51.459+0000] {processor.py:830} INFO - Processing file /home/airflow/.local/lib/python3.8/site-packages/airflow/example_dags/example_complex.py for tasks to queue
[2024-04-08T09:34:51.460+0000] {logging_mixin.py:188} INFO - [2024-04-08T09:34:51.459+0000] {dagbag.py:540} INFO - Filling up the DagBag from /home/airflow/.local/lib/python3.8/site-packages/airflow/example_dags/example_complex.py
[2024-04-08T09:34:51.465+0000] {processor.py:840} INFO - DAG(s) 'example_complex' retrieved from /home/airflow/.local/lib/python3.8/site-packages/airflow/example_dags/example_complex.py
[2024-04-08T09:34:51.540+0000] {logging_mixin.py:188} INFO - [2024-04-08T09:34:51.540+0000] {dag.py:3047} INFO - Sync 1 DAGs
[2024-04-08T09:34:51.557+0000] {logging_mixin.py:188} INFO - [2024-04-08T09:34:51.557+0000] {dag.py:3834} INFO - Setting next_dagrun for example_complex to None, run_after=None
[2024-04-08T09:34:51.577+0000] {processor.py:183} INFO - Processing /home/airflow/.local/lib/python3.8/site-packages/airflow/example_dags/example_complex.py took 0.121 seconds
[2024-04-08T09:35:22.008+0000] {processor.py:161} INFO - Started process (PID=672) to work on /home/airflow/.local/lib/python3.8/site-packages/airflow/example_dags/example_complex.py
[2024-04-08T09:35:22.009+0000] {processor.py:830} INFO - Processing file /home/airflow/.local/lib/python3.8/site-packages/airflow/example_dags/example_complex.py for tasks to queue
[2024-04-08T09:35:22.009+0000] {logging_mixin.py:188} INFO - [2024-04-08T09:35:22.009+0000] {dagbag.py:540} INFO - Filling up the DagBag from /home/airflow/.local/lib/python3.8/site-packages/airflow/example_dags/example_complex.py
[2024-04-08T09:35:22.014+0000] {processor.py:840} INFO - DAG(s) 'example_complex' retrieved from /home/airflow/.local/lib/python3.8/site-packages/airflow/example_dags/example_complex.py
[2024-04-08T09:35:22.087+0000] {logging_mixin.py:188} INFO - [2024-04-08T09:35:22.087+0000] {dag.py:3047} INFO - Sync 1 DAGs
[2024-04-08T09:35:22.103+0000] {logging_mixin.py:188} INFO - [2024-04-08T09:35:22.103+0000] {dag.py:3834} INFO - Setting next_dagrun for example_complex to None, run_after=None
[2024-04-08T09:35:22.123+0000] {processor.py:183} INFO - Processing /home/airflow/.local/lib/python3.8/site-packages/airflow/example_dags/example_complex.py took 0.116 seconds
[2024-04-08T09:35:52.237+0000] {processor.py:161} INFO - Started process (PID=727) to work on /home/airflow/.local/lib/python3.8/site-packages/airflow/example_dags/example_complex.py
[2024-04-08T09:35:52.238+0000] {processor.py:830} INFO - Processing file /home/airflow/.local/lib/python3.8/site-packages/airflow/example_dags/example_complex.py for tasks to queue
[2024-04-08T09:35:52.239+0000] {logging_mixin.py:188} INFO - [2024-04-08T09:35:52.238+0000] {dagbag.py:540} INFO - Filling up the DagBag from /home/airflow/.local/lib/python3.8/site-packages/airflow/example_dags/example_complex.py
[2024-04-08T09:35:52.243+0000] {processor.py:840} INFO - DAG(s) 'example_complex' retrieved from /home/airflow/.local/lib/python3.8/site-packages/airflow/example_dags/example_complex.py
[2024-04-08T09:35:52.316+0000] {logging_mixin.py:188} INFO - [2024-04-08T09:35:52.316+0000] {dag.py:3047} INFO - Sync 1 DAGs
[2024-04-08T09:35:52.333+0000] {logging_mixin.py:188} INFO - [2024-04-08T09:35:52.332+0000] {dag.py:3834} INFO - Setting next_dagrun for example_complex to None, run_after=None
[2024-04-08T09:35:52.351+0000] {processor.py:183} INFO - Processing /home/airflow/.local/lib/python3.8/site-packages/airflow/example_dags/example_complex.py took 0.115 seconds
[2024-04-08T09:36:22.431+0000] {processor.py:161} INFO - Started process (PID=782) to work on /home/airflow/.local/lib/python3.8/site-packages/airflow/example_dags/example_complex.py
[2024-04-08T09:36:22.432+0000] {processor.py:830} INFO - Processing file /home/airflow/.local/lib/python3.8/site-packages/airflow/example_dags/example_complex.py for tasks to queue
[2024-04-08T09:36:22.433+0000] {logging_mixin.py:188} INFO - [2024-04-08T09:36:22.432+0000] {dagbag.py:540} INFO - Filling up the DagBag from /home/airflow/.local/lib/python3.8/site-packages/airflow/example_dags/example_complex.py
[2024-04-08T09:36:22.437+0000] {processor.py:840} INFO - DAG(s) 'example_complex' retrieved from /home/airflow/.local/lib/python3.8/site-packages/airflow/example_dags/example_complex.py
[2024-04-08T09:36:22.512+0000] {logging_mixin.py:188} INFO - [2024-04-08T09:36:22.512+0000] {dag.py:3047} INFO - Sync 1 DAGs
[2024-04-08T09:36:22.528+0000] {logging_mixin.py:188} INFO - [2024-04-08T09:36:22.528+0000] {dag.py:3834} INFO - Setting next_dagrun for example_complex to None, run_after=None
[2024-04-08T09:36:22.547+0000] {processor.py:183} INFO - Processing /home/airflow/.local/lib/python3.8/site-packages/airflow/example_dags/example_complex.py took 0.117 seconds
[2024-04-08T09:36:52.694+0000] {processor.py:161} INFO - Started process (PID=837) to work on /home/airflow/.local/lib/python3.8/site-packages/airflow/example_dags/example_complex.py
[2024-04-08T09:36:52.695+0000] {processor.py:830} INFO - Processing file /home/airflow/.local/lib/python3.8/site-packages/airflow/example_dags/example_complex.py for tasks to queue
[2024-04-08T09:36:52.696+0000] {logging_mixin.py:188} INFO - [2024-04-08T09:36:52.696+0000] {dagbag.py:540} INFO - Filling up the DagBag from /home/airflow/.local/lib/python3.8/site-packages/airflow/example_dags/example_complex.py
[2024-04-08T09:36:52.701+0000] {processor.py:840} INFO - DAG(s) 'example_complex' retrieved from /home/airflow/.local/lib/python3.8/site-packages/airflow/example_dags/example_complex.py
[2024-04-08T09:36:52.778+0000] {logging_mixin.py:188} INFO - [2024-04-08T09:36:52.778+0000] {dag.py:3047} INFO - Sync 1 DAGs
[2024-04-08T09:36:52.795+0000] {logging_mixin.py:188} INFO - [2024-04-08T09:36:52.795+0000] {dag.py:3834} INFO - Setting next_dagrun for example_complex to None, run_after=None
[2024-04-08T09:36:52.815+0000] {processor.py:183} INFO - Processing /home/airflow/.local/lib/python3.8/site-packages/airflow/example_dags/example_complex.py took 0.123 seconds
[2024-04-08T09:37:22.983+0000] {processor.py:161} INFO - Started process (PID=892) to work on /home/airflow/.local/lib/python3.8/site-packages/airflow/example_dags/example_complex.py
[2024-04-08T09:37:22.984+0000] {processor.py:830} INFO - Processing file /home/airflow/.local/lib/python3.8/site-packages/airflow/example_dags/example_complex.py for tasks to queue
[2024-04-08T09:37:22.985+0000] {logging_mixin.py:188} INFO - [2024-04-08T09:37:22.985+0000] {dagbag.py:540} INFO - Filling up the DagBag from /home/airflow/.local/lib/python3.8/site-packages/airflow/example_dags/example_complex.py
[2024-04-08T09:37:22.990+0000] {processor.py:840} INFO - DAG(s) 'example_complex' retrieved from /home/airflow/.local/lib/python3.8/site-packages/airflow/example_dags/example_complex.py
[2024-04-08T09:37:23.072+0000] {logging_mixin.py:188} INFO - [2024-04-08T09:37:23.072+0000] {dag.py:3047} INFO - Sync 1 DAGs
[2024-04-08T09:37:23.090+0000] {logging_mixin.py:188} INFO - [2024-04-08T09:37:23.090+0000] {dag.py:3834} INFO - Setting next_dagrun for example_complex to None, run_after=None
[2024-04-08T09:37:23.112+0000] {processor.py:183} INFO - Processing /home/airflow/.local/lib/python3.8/site-packages/airflow/example_dags/example_complex.py took 0.130 seconds
[2024-04-08T09:37:53.153+0000] {processor.py:161} INFO - Started process (PID=947) to work on /home/airflow/.local/lib/python3.8/site-packages/airflow/example_dags/example_complex.py
[2024-04-08T09:37:53.154+0000] {processor.py:830} INFO - Processing file /home/airflow/.local/lib/python3.8/site-packages/airflow/example_dags/example_complex.py for tasks to queue
[2024-04-08T09:37:53.155+0000] {logging_mixin.py:188} INFO - [2024-04-08T09:37:53.155+0000] {dagbag.py:540} INFO - Filling up the DagBag from /home/airflow/.local/lib/python3.8/site-packages/airflow/example_dags/example_complex.py
[2024-04-08T09:37:53.160+0000] {processor.py:840} INFO - DAG(s) 'example_complex' retrieved from /home/airflow/.local/lib/python3.8/site-packages/airflow/example_dags/example_complex.py
[2024-04-08T09:37:53.232+0000] {logging_mixin.py:188} INFO - [2024-04-08T09:37:53.232+0000] {dag.py:3047} INFO - Sync 1 DAGs
[2024-04-08T09:37:53.248+0000] {logging_mixin.py:188} INFO - [2024-04-08T09:37:53.248+0000] {dag.py:3834} INFO - Setting next_dagrun for example_complex to None, run_after=None
[2024-04-08T09:37:53.267+0000] {processor.py:183} INFO - Processing /home/airflow/.local/lib/python3.8/site-packages/airflow/example_dags/example_complex.py took 0.116 seconds
[2024-04-08T09:38:23.986+0000] {processor.py:161} INFO - Started process (PID=1002) to work on /home/airflow/.local/lib/python3.8/site-packages/airflow/example_dags/example_complex.py
[2024-04-08T09:38:23.987+0000] {processor.py:830} INFO - Processing file /home/airflow/.local/lib/python3.8/site-packages/airflow/example_dags/example_complex.py for tasks to queue
[2024-04-08T09:38:23.988+0000] {logging_mixin.py:188} INFO - [2024-04-08T09:38:23.988+0000] {dagbag.py:540} INFO - Filling up the DagBag from /home/airflow/.local/lib/python3.8/site-packages/airflow/example_dags/example_complex.py
[2024-04-08T09:38:23.994+0000] {processor.py:840} INFO - DAG(s) 'example_complex' retrieved from /home/airflow/.local/lib/python3.8/site-packages/airflow/example_dags/example_complex.py
[2024-04-08T09:38:24.069+0000] {logging_mixin.py:188} INFO - [2024-04-08T09:38:24.069+0000] {dag.py:3047} INFO - Sync 1 DAGs
[2024-04-08T09:38:24.086+0000] {logging_mixin.py:188} INFO - [2024-04-08T09:38:24.086+0000] {dag.py:3834} INFO - Setting next_dagrun for example_complex to None, run_after=None
[2024-04-08T09:38:24.106+0000] {processor.py:183} INFO - Processing /home/airflow/.local/lib/python3.8/site-packages/airflow/example_dags/example_complex.py took 0.122 seconds
[2024-04-08T09:38:55.370+0000] {processor.py:161} INFO - Started process (PID=1057) to work on /home/airflow/.local/lib/python3.8/site-packages/airflow/example_dags/example_complex.py
[2024-04-08T09:38:55.374+0000] {processor.py:830} INFO - Processing file /home/airflow/.local/lib/python3.8/site-packages/airflow/example_dags/example_complex.py for tasks to queue
[2024-04-08T09:38:55.377+0000] {logging_mixin.py:188} INFO - [2024-04-08T09:38:55.376+0000] {dagbag.py:540} INFO - Filling up the DagBag from /home/airflow/.local/lib/python3.8/site-packages/airflow/example_dags/example_complex.py
[2024-04-08T09:38:55.390+0000] {processor.py:840} INFO - DAG(s) 'example_complex' retrieved from /home/airflow/.local/lib/python3.8/site-packages/airflow/example_dags/example_complex.py
[2024-04-08T09:38:55.624+0000] {logging_mixin.py:188} INFO - [2024-04-08T09:38:55.624+0000] {dag.py:3047} INFO - Sync 1 DAGs
[2024-04-08T09:38:55.667+0000] {logging_mixin.py:188} INFO - [2024-04-08T09:38:55.666+0000] {dag.py:3834} INFO - Setting next_dagrun for example_complex to None, run_after=None
[2024-04-08T09:38:55.728+0000] {processor.py:183} INFO - Processing /home/airflow/.local/lib/python3.8/site-packages/airflow/example_dags/example_complex.py took 0.362 seconds
[2024-04-08T09:39:26.657+0000] {processor.py:161} INFO - Started process (PID=1113) to work on /home/airflow/.local/lib/python3.8/site-packages/airflow/example_dags/example_complex.py
[2024-04-08T09:39:26.658+0000] {processor.py:830} INFO - Processing file /home/airflow/.local/lib/python3.8/site-packages/airflow/example_dags/example_complex.py for tasks to queue
[2024-04-08T09:39:26.659+0000] {logging_mixin.py:188} INFO - [2024-04-08T09:39:26.659+0000] {dagbag.py:540} INFO - Filling up the DagBag from /home/airflow/.local/lib/python3.8/site-packages/airflow/example_dags/example_complex.py
[2024-04-08T09:39:26.664+0000] {processor.py:840} INFO - DAG(s) 'example_complex' retrieved from /home/airflow/.local/lib/python3.8/site-packages/airflow/example_dags/example_complex.py
[2024-04-08T09:39:26.741+0000] {logging_mixin.py:188} INFO - [2024-04-08T09:39:26.741+0000] {dag.py:3047} INFO - Sync 1 DAGs
[2024-04-08T09:39:26.758+0000] {logging_mixin.py:188} INFO - [2024-04-08T09:39:26.758+0000] {dag.py:3834} INFO - Setting next_dagrun for example_complex to None, run_after=None
[2024-04-08T09:39:26.778+0000] {processor.py:183} INFO - Processing /home/airflow/.local/lib/python3.8/site-packages/airflow/example_dags/example_complex.py took 0.123 seconds
[2024-04-08T09:39:56.816+0000] {processor.py:161} INFO - Started process (PID=1168) to work on /home/airflow/.local/lib/python3.8/site-packages/airflow/example_dags/example_complex.py
[2024-04-08T09:39:56.817+0000] {processor.py:830} INFO - Processing file /home/airflow/.local/lib/python3.8/site-packages/airflow/example_dags/example_complex.py for tasks to queue
[2024-04-08T09:39:56.818+0000] {logging_mixin.py:188} INFO - [2024-04-08T09:39:56.817+0000] {dagbag.py:540} INFO - Filling up the DagBag from /home/airflow/.local/lib/python3.8/site-packages/airflow/example_dags/example_complex.py
[2024-04-08T09:39:56.823+0000] {processor.py:840} INFO - DAG(s) 'example_complex' retrieved from /home/airflow/.local/lib/python3.8/site-packages/airflow/example_dags/example_complex.py
[2024-04-08T09:39:56.902+0000] {logging_mixin.py:188} INFO - [2024-04-08T09:39:56.902+0000] {dag.py:3047} INFO - Sync 1 DAGs
[2024-04-08T09:39:56.919+0000] {logging_mixin.py:188} INFO - [2024-04-08T09:39:56.919+0000] {dag.py:3834} INFO - Setting next_dagrun for example_complex to None, run_after=None
[2024-04-08T09:39:56.940+0000] {processor.py:183} INFO - Processing /home/airflow/.local/lib/python3.8/site-packages/airflow/example_dags/example_complex.py took 0.126 seconds
[2024-04-08T09:40:27.225+0000] {processor.py:161} INFO - Started process (PID=1222) to work on /home/airflow/.local/lib/python3.8/site-packages/airflow/example_dags/example_complex.py
[2024-04-08T09:40:27.226+0000] {processor.py:830} INFO - Processing file /home/airflow/.local/lib/python3.8/site-packages/airflow/example_dags/example_complex.py for tasks to queue
[2024-04-08T09:40:27.229+0000] {logging_mixin.py:188} INFO - [2024-04-08T09:40:27.229+0000] {dagbag.py:540} INFO - Filling up the DagBag from /home/airflow/.local/lib/python3.8/site-packages/airflow/example_dags/example_complex.py
[2024-04-08T09:40:27.244+0000] {processor.py:840} INFO - DAG(s) 'example_complex' retrieved from /home/airflow/.local/lib/python3.8/site-packages/airflow/example_dags/example_complex.py
[2024-04-08T09:40:27.334+0000] {logging_mixin.py:188} INFO - [2024-04-08T09:40:27.334+0000] {dag.py:3047} INFO - Sync 1 DAGs
[2024-04-08T09:40:27.352+0000] {logging_mixin.py:188} INFO - [2024-04-08T09:40:27.352+0000] {dag.py:3834} INFO - Setting next_dagrun for example_complex to None, run_after=None
[2024-04-08T09:40:27.374+0000] {processor.py:183} INFO - Processing /home/airflow/.local/lib/python3.8/site-packages/airflow/example_dags/example_complex.py took 0.152 seconds
[2024-04-08T09:40:57.496+0000] {processor.py:161} INFO - Started process (PID=1277) to work on /home/airflow/.local/lib/python3.8/site-packages/airflow/example_dags/example_complex.py
[2024-04-08T09:40:57.497+0000] {processor.py:830} INFO - Processing file /home/airflow/.local/lib/python3.8/site-packages/airflow/example_dags/example_complex.py for tasks to queue
[2024-04-08T09:40:57.497+0000] {logging_mixin.py:188} INFO - [2024-04-08T09:40:57.497+0000] {dagbag.py:540} INFO - Filling up the DagBag from /home/airflow/.local/lib/python3.8/site-packages/airflow/example_dags/example_complex.py
[2024-04-08T09:40:57.503+0000] {processor.py:840} INFO - DAG(s) 'example_complex' retrieved from /home/airflow/.local/lib/python3.8/site-packages/airflow/example_dags/example_complex.py
[2024-04-08T09:40:57.578+0000] {logging_mixin.py:188} INFO - [2024-04-08T09:40:57.578+0000] {dag.py:3047} INFO - Sync 1 DAGs
[2024-04-08T09:40:57.596+0000] {logging_mixin.py:188} INFO - [2024-04-08T09:40:57.596+0000] {dag.py:3834} INFO - Setting next_dagrun for example_complex to None, run_after=None
[2024-04-08T09:40:57.619+0000] {processor.py:183} INFO - Processing /home/airflow/.local/lib/python3.8/site-packages/airflow/example_dags/example_complex.py took 0.124 seconds
[2024-04-08T09:41:28.421+0000] {processor.py:161} INFO - Started process (PID=1332) to work on /home/airflow/.local/lib/python3.8/site-packages/airflow/example_dags/example_complex.py
[2024-04-08T09:41:28.421+0000] {processor.py:830} INFO - Processing file /home/airflow/.local/lib/python3.8/site-packages/airflow/example_dags/example_complex.py for tasks to queue
[2024-04-08T09:41:28.422+0000] {logging_mixin.py:188} INFO - [2024-04-08T09:41:28.422+0000] {dagbag.py:540} INFO - Filling up the DagBag from /home/airflow/.local/lib/python3.8/site-packages/airflow/example_dags/example_complex.py
[2024-04-08T09:41:28.427+0000] {processor.py:840} INFO - DAG(s) 'example_complex' retrieved from /home/airflow/.local/lib/python3.8/site-packages/airflow/example_dags/example_complex.py
[2024-04-08T09:41:28.501+0000] {logging_mixin.py:188} INFO - [2024-04-08T09:41:28.501+0000] {dag.py:3047} INFO - Sync 1 DAGs
[2024-04-08T09:41:28.518+0000] {logging_mixin.py:188} INFO - [2024-04-08T09:41:28.518+0000] {dag.py:3834} INFO - Setting next_dagrun for example_complex to None, run_after=None
[2024-04-08T09:41:28.539+0000] {processor.py:183} INFO - Processing /home/airflow/.local/lib/python3.8/site-packages/airflow/example_dags/example_complex.py took 0.120 seconds
[2024-04-08T09:41:59.341+0000] {processor.py:161} INFO - Started process (PID=1387) to work on /home/airflow/.local/lib/python3.8/site-packages/airflow/example_dags/example_complex.py
[2024-04-08T09:41:59.342+0000] {processor.py:830} INFO - Processing file /home/airflow/.local/lib/python3.8/site-packages/airflow/example_dags/example_complex.py for tasks to queue
[2024-04-08T09:41:59.343+0000] {logging_mixin.py:188} INFO - [2024-04-08T09:41:59.343+0000] {dagbag.py:540} INFO - Filling up the DagBag from /home/airflow/.local/lib/python3.8/site-packages/airflow/example_dags/example_complex.py
[2024-04-08T09:41:59.348+0000] {processor.py:840} INFO - DAG(s) 'example_complex' retrieved from /home/airflow/.local/lib/python3.8/site-packages/airflow/example_dags/example_complex.py
[2024-04-08T09:41:59.423+0000] {logging_mixin.py:188} INFO - [2024-04-08T09:41:59.423+0000] {dag.py:3047} INFO - Sync 1 DAGs
[2024-04-08T09:41:59.440+0000] {logging_mixin.py:188} INFO - [2024-04-08T09:41:59.440+0000] {dag.py:3834} INFO - Setting next_dagrun for example_complex to None, run_after=None
[2024-04-08T09:41:59.462+0000] {processor.py:183} INFO - Processing /home/airflow/.local/lib/python3.8/site-packages/airflow/example_dags/example_complex.py took 0.122 seconds
[2024-04-08T09:42:29.813+0000] {processor.py:161} INFO - Started process (PID=1442) to work on /home/airflow/.local/lib/python3.8/site-packages/airflow/example_dags/example_complex.py
[2024-04-08T09:42:29.814+0000] {processor.py:830} INFO - Processing file /home/airflow/.local/lib/python3.8/site-packages/airflow/example_dags/example_complex.py for tasks to queue
[2024-04-08T09:42:29.814+0000] {logging_mixin.py:188} INFO - [2024-04-08T09:42:29.814+0000] {dagbag.py:540} INFO - Filling up the DagBag from /home/airflow/.local/lib/python3.8/site-packages/airflow/example_dags/example_complex.py
[2024-04-08T09:42:29.819+0000] {processor.py:840} INFO - DAG(s) 'example_complex' retrieved from /home/airflow/.local/lib/python3.8/site-packages/airflow/example_dags/example_complex.py
[2024-04-08T09:42:29.892+0000] {logging_mixin.py:188} INFO - [2024-04-08T09:42:29.892+0000] {dag.py:3047} INFO - Sync 1 DAGs
[2024-04-08T09:42:29.909+0000] {logging_mixin.py:188} INFO - [2024-04-08T09:42:29.909+0000] {dag.py:3834} INFO - Setting next_dagrun for example_complex to None, run_after=None
[2024-04-08T09:42:29.928+0000] {processor.py:183} INFO - Processing /home/airflow/.local/lib/python3.8/site-packages/airflow/example_dags/example_complex.py took 0.117 seconds
[2024-04-08T09:42:59.952+0000] {processor.py:161} INFO - Started process (PID=1497) to work on /home/airflow/.local/lib/python3.8/site-packages/airflow/example_dags/example_complex.py
[2024-04-08T09:42:59.953+0000] {processor.py:830} INFO - Processing file /home/airflow/.local/lib/python3.8/site-packages/airflow/example_dags/example_complex.py for tasks to queue
[2024-04-08T09:42:59.954+0000] {logging_mixin.py:188} INFO - [2024-04-08T09:42:59.954+0000] {dagbag.py:540} INFO - Filling up the DagBag from /home/airflow/.local/lib/python3.8/site-packages/airflow/example_dags/example_complex.py
[2024-04-08T09:42:59.958+0000] {processor.py:840} INFO - DAG(s) 'example_complex' retrieved from /home/airflow/.local/lib/python3.8/site-packages/airflow/example_dags/example_complex.py
[2024-04-08T09:43:00.033+0000] {logging_mixin.py:188} INFO - [2024-04-08T09:43:00.033+0000] {dag.py:3047} INFO - Sync 1 DAGs
[2024-04-08T09:43:00.050+0000] {logging_mixin.py:188} INFO - [2024-04-08T09:43:00.050+0000] {dag.py:3834} INFO - Setting next_dagrun for example_complex to None, run_after=None
[2024-04-08T09:43:00.071+0000] {processor.py:183} INFO - Processing /home/airflow/.local/lib/python3.8/site-packages/airflow/example_dags/example_complex.py took 0.120 seconds
[2024-04-08T09:43:30.222+0000] {processor.py:161} INFO - Started process (PID=1552) to work on /home/airflow/.local/lib/python3.8/site-packages/airflow/example_dags/example_complex.py
[2024-04-08T09:43:30.222+0000] {processor.py:830} INFO - Processing file /home/airflow/.local/lib/python3.8/site-packages/airflow/example_dags/example_complex.py for tasks to queue
[2024-04-08T09:43:30.223+0000] {logging_mixin.py:188} INFO - [2024-04-08T09:43:30.223+0000] {dagbag.py:540} INFO - Filling up the DagBag from /home/airflow/.local/lib/python3.8/site-packages/airflow/example_dags/example_complex.py
[2024-04-08T09:43:30.228+0000] {processor.py:840} INFO - DAG(s) 'example_complex' retrieved from /home/airflow/.local/lib/python3.8/site-packages/airflow/example_dags/example_complex.py
[2024-04-08T09:43:30.303+0000] {logging_mixin.py:188} INFO - [2024-04-08T09:43:30.302+0000] {dag.py:3047} INFO - Sync 1 DAGs
[2024-04-08T09:43:30.319+0000] {logging_mixin.py:188} INFO - [2024-04-08T09:43:30.319+0000] {dag.py:3834} INFO - Setting next_dagrun for example_complex to None, run_after=None
[2024-04-08T09:43:30.340+0000] {processor.py:183} INFO - Processing /home/airflow/.local/lib/python3.8/site-packages/airflow/example_dags/example_complex.py took 0.120 seconds
[2024-04-08T09:44:01.065+0000] {processor.py:161} INFO - Started process (PID=1607) to work on /home/airflow/.local/lib/python3.8/site-packages/airflow/example_dags/example_complex.py
[2024-04-08T09:44:01.068+0000] {processor.py:830} INFO - Processing file /home/airflow/.local/lib/python3.8/site-packages/airflow/example_dags/example_complex.py for tasks to queue
[2024-04-08T09:44:01.069+0000] {logging_mixin.py:188} INFO - [2024-04-08T09:44:01.069+0000] {dagbag.py:540} INFO - Filling up the DagBag from /home/airflow/.local/lib/python3.8/site-packages/airflow/example_dags/example_complex.py
[2024-04-08T09:44:01.074+0000] {processor.py:840} INFO - DAG(s) 'example_complex' retrieved from /home/airflow/.local/lib/python3.8/site-packages/airflow/example_dags/example_complex.py
[2024-04-08T09:44:01.154+0000] {logging_mixin.py:188} INFO - [2024-04-08T09:44:01.154+0000] {dag.py:3047} INFO - Sync 1 DAGs
[2024-04-08T09:44:01.171+0000] {logging_mixin.py:188} INFO - [2024-04-08T09:44:01.171+0000] {dag.py:3834} INFO - Setting next_dagrun for example_complex to None, run_after=None
[2024-04-08T09:44:01.191+0000] {processor.py:183} INFO - Processing /home/airflow/.local/lib/python3.8/site-packages/airflow/example_dags/example_complex.py took 0.128 seconds
[2024-04-08T09:44:31.250+0000] {processor.py:161} INFO - Started process (PID=1662) to work on /home/airflow/.local/lib/python3.8/site-packages/airflow/example_dags/example_complex.py
[2024-04-08T09:44:31.251+0000] {processor.py:830} INFO - Processing file /home/airflow/.local/lib/python3.8/site-packages/airflow/example_dags/example_complex.py for tasks to queue
[2024-04-08T09:44:31.252+0000] {logging_mixin.py:188} INFO - [2024-04-08T09:44:31.252+0000] {dagbag.py:540} INFO - Filling up the DagBag from /home/airflow/.local/lib/python3.8/site-packages/airflow/example_dags/example_complex.py
[2024-04-08T09:44:31.257+0000] {processor.py:840} INFO - DAG(s) 'example_complex' retrieved from /home/airflow/.local/lib/python3.8/site-packages/airflow/example_dags/example_complex.py
[2024-04-08T09:44:31.334+0000] {logging_mixin.py:188} INFO - [2024-04-08T09:44:31.334+0000] {dag.py:3047} INFO - Sync 1 DAGs
[2024-04-08T09:44:31.353+0000] {logging_mixin.py:188} INFO - [2024-04-08T09:44:31.353+0000] {dag.py:3834} INFO - Setting next_dagrun for example_complex to None, run_after=None
[2024-04-08T09:44:31.374+0000] {processor.py:183} INFO - Processing /home/airflow/.local/lib/python3.8/site-packages/airflow/example_dags/example_complex.py took 0.125 seconds
[2024-04-08T09:45:01.530+0000] {processor.py:161} INFO - Started process (PID=1717) to work on /home/airflow/.local/lib/python3.8/site-packages/airflow/example_dags/example_complex.py
[2024-04-08T09:45:01.531+0000] {processor.py:830} INFO - Processing file /home/airflow/.local/lib/python3.8/site-packages/airflow/example_dags/example_complex.py for tasks to queue
[2024-04-08T09:45:01.532+0000] {logging_mixin.py:188} INFO - [2024-04-08T09:45:01.532+0000] {dagbag.py:540} INFO - Filling up the DagBag from /home/airflow/.local/lib/python3.8/site-packages/airflow/example_dags/example_complex.py
[2024-04-08T09:45:01.538+0000] {processor.py:840} INFO - DAG(s) 'example_complex' retrieved from /home/airflow/.local/lib/python3.8/site-packages/airflow/example_dags/example_complex.py
[2024-04-08T09:45:01.620+0000] {logging_mixin.py:188} INFO - [2024-04-08T09:45:01.620+0000] {dag.py:3047} INFO - Sync 1 DAGs
[2024-04-08T09:45:01.638+0000] {logging_mixin.py:188} INFO - [2024-04-08T09:45:01.638+0000] {dag.py:3834} INFO - Setting next_dagrun for example_complex to None, run_after=None
[2024-04-08T09:45:01.661+0000] {processor.py:183} INFO - Processing /home/airflow/.local/lib/python3.8/site-packages/airflow/example_dags/example_complex.py took 0.133 seconds
[2024-04-08T09:45:31.809+0000] {processor.py:161} INFO - Started process (PID=1772) to work on /home/airflow/.local/lib/python3.8/site-packages/airflow/example_dags/example_complex.py
[2024-04-08T09:45:31.811+0000] {processor.py:830} INFO - Processing file /home/airflow/.local/lib/python3.8/site-packages/airflow/example_dags/example_complex.py for tasks to queue
[2024-04-08T09:45:31.812+0000] {logging_mixin.py:188} INFO - [2024-04-08T09:45:31.812+0000] {dagbag.py:540} INFO - Filling up the DagBag from /home/airflow/.local/lib/python3.8/site-packages/airflow/example_dags/example_complex.py
[2024-04-08T09:45:31.817+0000] {processor.py:840} INFO - DAG(s) 'example_complex' retrieved from /home/airflow/.local/lib/python3.8/site-packages/airflow/example_dags/example_complex.py
[2024-04-08T09:45:31.892+0000] {logging_mixin.py:188} INFO - [2024-04-08T09:45:31.892+0000] {dag.py:3047} INFO - Sync 1 DAGs
[2024-04-08T09:45:31.909+0000] {logging_mixin.py:188} INFO - [2024-04-08T09:45:31.908+0000] {dag.py:3834} INFO - Setting next_dagrun for example_complex to None, run_after=None
[2024-04-08T09:45:31.929+0000] {processor.py:183} INFO - Processing /home/airflow/.local/lib/python3.8/site-packages/airflow/example_dags/example_complex.py took 0.121 seconds
[2024-04-08T09:46:02.042+0000] {processor.py:161} INFO - Started process (PID=1827) to work on /home/airflow/.local/lib/python3.8/site-packages/airflow/example_dags/example_complex.py
[2024-04-08T09:46:02.042+0000] {processor.py:830} INFO - Processing file /home/airflow/.local/lib/python3.8/site-packages/airflow/example_dags/example_complex.py for tasks to queue
[2024-04-08T09:46:02.043+0000] {logging_mixin.py:188} INFO - [2024-04-08T09:46:02.043+0000] {dagbag.py:540} INFO - Filling up the DagBag from /home/airflow/.local/lib/python3.8/site-packages/airflow/example_dags/example_complex.py
[2024-04-08T09:46:02.048+0000] {processor.py:840} INFO - DAG(s) 'example_complex' retrieved from /home/airflow/.local/lib/python3.8/site-packages/airflow/example_dags/example_complex.py
[2024-04-08T09:46:02.124+0000] {logging_mixin.py:188} INFO - [2024-04-08T09:46:02.124+0000] {dag.py:3047} INFO - Sync 1 DAGs
[2024-04-08T09:46:02.148+0000] {logging_mixin.py:188} INFO - [2024-04-08T09:46:02.148+0000] {dag.py:3834} INFO - Setting next_dagrun for example_complex to None, run_after=None
[2024-04-08T09:46:02.173+0000] {processor.py:183} INFO - Processing /home/airflow/.local/lib/python3.8/site-packages/airflow/example_dags/example_complex.py took 0.133 seconds
