[2024-04-08T09:29:48.590+0000] {processor.py:161} INFO - Started process (PID=75) to work on /home/airflow/.local/lib/python3.8/site-packages/airflow/example_dags/example_xcom.py
[2024-04-08T09:29:48.590+0000] {processor.py:830} INFO - Processing file /home/airflow/.local/lib/python3.8/site-packages/airflow/example_dags/example_xcom.py for tasks to queue
[2024-04-08T09:29:48.591+0000] {logging_mixin.py:188} INFO - [2024-04-08T09:29:48.591+0000] {dagbag.py:540} INFO - Filling up the DagBag from /home/airflow/.local/lib/python3.8/site-packages/airflow/example_dags/example_xcom.py
[2024-04-08T09:29:48.597+0000] {processor.py:840} INFO - DAG(s) 'example_xcom' retrieved from /home/airflow/.local/lib/python3.8/site-packages/airflow/example_dags/example_xcom.py
[2024-04-08T09:29:48.666+0000] {logging_mixin.py:188} INFO - [2024-04-08T09:29:48.666+0000] {dag.py:3047} INFO - Sync 1 DAGs
[2024-04-08T09:29:48.706+0000] {logging_mixin.py:188} INFO - [2024-04-08T09:29:48.706+0000] {dag.py:3834} INFO - Setting next_dagrun for example_xcom to 2021-01-01 00:00:00+00:00, run_after=2021-01-01 00:00:00+00:00
[2024-04-08T09:29:48.727+0000] {processor.py:183} INFO - Processing /home/airflow/.local/lib/python3.8/site-packages/airflow/example_dags/example_xcom.py took 0.139 seconds
[2024-04-08T09:30:19.749+0000] {processor.py:161} INFO - Started process (PID=130) to work on /home/airflow/.local/lib/python3.8/site-packages/airflow/example_dags/example_xcom.py
[2024-04-08T09:30:19.750+0000] {processor.py:830} INFO - Processing file /home/airflow/.local/lib/python3.8/site-packages/airflow/example_dags/example_xcom.py for tasks to queue
[2024-04-08T09:30:19.751+0000] {logging_mixin.py:188} INFO - [2024-04-08T09:30:19.750+0000] {dagbag.py:540} INFO - Filling up the DagBag from /home/airflow/.local/lib/python3.8/site-packages/airflow/example_dags/example_xcom.py
[2024-04-08T09:30:19.757+0000] {processor.py:840} INFO - DAG(s) 'example_xcom' retrieved from /home/airflow/.local/lib/python3.8/site-packages/airflow/example_dags/example_xcom.py
[2024-04-08T09:30:19.879+0000] {logging_mixin.py:188} INFO - [2024-04-08T09:30:19.879+0000] {dag.py:3047} INFO - Sync 1 DAGs
[2024-04-08T09:30:19.909+0000] {logging_mixin.py:188} INFO - [2024-04-08T09:30:19.909+0000] {dag.py:3834} INFO - Setting next_dagrun for example_xcom to 2021-01-01 00:00:00+00:00, run_after=2021-01-01 00:00:00+00:00
[2024-04-08T09:30:19.934+0000] {processor.py:183} INFO - Processing /home/airflow/.local/lib/python3.8/site-packages/airflow/example_dags/example_xcom.py took 0.186 seconds
[2024-04-08T09:30:50.101+0000] {processor.py:161} INFO - Started process (PID=185) to work on /home/airflow/.local/lib/python3.8/site-packages/airflow/example_dags/example_xcom.py
[2024-04-08T09:30:50.102+0000] {processor.py:830} INFO - Processing file /home/airflow/.local/lib/python3.8/site-packages/airflow/example_dags/example_xcom.py for tasks to queue
[2024-04-08T09:30:50.103+0000] {logging_mixin.py:188} INFO - [2024-04-08T09:30:50.103+0000] {dagbag.py:540} INFO - Filling up the DagBag from /home/airflow/.local/lib/python3.8/site-packages/airflow/example_dags/example_xcom.py
[2024-04-08T09:30:50.106+0000] {processor.py:840} INFO - DAG(s) 'example_xcom' retrieved from /home/airflow/.local/lib/python3.8/site-packages/airflow/example_dags/example_xcom.py
[2024-04-08T09:30:50.177+0000] {logging_mixin.py:188} INFO - [2024-04-08T09:30:50.177+0000] {dag.py:3047} INFO - Sync 1 DAGs
[2024-04-08T09:30:50.211+0000] {logging_mixin.py:188} INFO - [2024-04-08T09:30:50.211+0000] {dag.py:3834} INFO - Setting next_dagrun for example_xcom to 2021-01-01 00:00:00+00:00, run_after=2021-01-01 00:00:00+00:00
[2024-04-08T09:30:50.229+0000] {processor.py:183} INFO - Processing /home/airflow/.local/lib/python3.8/site-packages/airflow/example_dags/example_xcom.py took 0.129 seconds
[2024-04-08T09:31:20.310+0000] {processor.py:161} INFO - Started process (PID=240) to work on /home/airflow/.local/lib/python3.8/site-packages/airflow/example_dags/example_xcom.py
[2024-04-08T09:31:20.310+0000] {processor.py:830} INFO - Processing file /home/airflow/.local/lib/python3.8/site-packages/airflow/example_dags/example_xcom.py for tasks to queue
[2024-04-08T09:31:20.311+0000] {logging_mixin.py:188} INFO - [2024-04-08T09:31:20.311+0000] {dagbag.py:540} INFO - Filling up the DagBag from /home/airflow/.local/lib/python3.8/site-packages/airflow/example_dags/example_xcom.py
[2024-04-08T09:31:20.314+0000] {processor.py:840} INFO - DAG(s) 'example_xcom' retrieved from /home/airflow/.local/lib/python3.8/site-packages/airflow/example_dags/example_xcom.py
[2024-04-08T09:31:20.384+0000] {logging_mixin.py:188} INFO - [2024-04-08T09:31:20.384+0000] {dag.py:3047} INFO - Sync 1 DAGs
[2024-04-08T09:31:20.419+0000] {logging_mixin.py:188} INFO - [2024-04-08T09:31:20.419+0000] {dag.py:3834} INFO - Setting next_dagrun for example_xcom to 2021-01-01 00:00:00+00:00, run_after=2021-01-01 00:00:00+00:00
[2024-04-08T09:31:20.437+0000] {processor.py:183} INFO - Processing /home/airflow/.local/lib/python3.8/site-packages/airflow/example_dags/example_xcom.py took 0.129 seconds
[2024-04-08T09:31:50.503+0000] {processor.py:161} INFO - Started process (PID=294) to work on /home/airflow/.local/lib/python3.8/site-packages/airflow/example_dags/example_xcom.py
[2024-04-08T09:31:50.504+0000] {processor.py:830} INFO - Processing file /home/airflow/.local/lib/python3.8/site-packages/airflow/example_dags/example_xcom.py for tasks to queue
[2024-04-08T09:31:50.505+0000] {logging_mixin.py:188} INFO - [2024-04-08T09:31:50.505+0000] {dagbag.py:540} INFO - Filling up the DagBag from /home/airflow/.local/lib/python3.8/site-packages/airflow/example_dags/example_xcom.py
[2024-04-08T09:31:50.508+0000] {processor.py:840} INFO - DAG(s) 'example_xcom' retrieved from /home/airflow/.local/lib/python3.8/site-packages/airflow/example_dags/example_xcom.py
[2024-04-08T09:31:50.579+0000] {logging_mixin.py:188} INFO - [2024-04-08T09:31:50.579+0000] {dag.py:3047} INFO - Sync 1 DAGs
[2024-04-08T09:31:50.615+0000] {logging_mixin.py:188} INFO - [2024-04-08T09:31:50.615+0000] {dag.py:3834} INFO - Setting next_dagrun for example_xcom to 2021-01-01 00:00:00+00:00, run_after=2021-01-01 00:00:00+00:00
[2024-04-08T09:31:50.634+0000] {processor.py:183} INFO - Processing /home/airflow/.local/lib/python3.8/site-packages/airflow/example_dags/example_xcom.py took 0.133 seconds
[2024-04-08T09:32:20.707+0000] {processor.py:161} INFO - Started process (PID=349) to work on /home/airflow/.local/lib/python3.8/site-packages/airflow/example_dags/example_xcom.py
[2024-04-08T09:32:20.707+0000] {processor.py:830} INFO - Processing file /home/airflow/.local/lib/python3.8/site-packages/airflow/example_dags/example_xcom.py for tasks to queue
[2024-04-08T09:32:20.708+0000] {logging_mixin.py:188} INFO - [2024-04-08T09:32:20.708+0000] {dagbag.py:540} INFO - Filling up the DagBag from /home/airflow/.local/lib/python3.8/site-packages/airflow/example_dags/example_xcom.py
[2024-04-08T09:32:20.712+0000] {processor.py:840} INFO - DAG(s) 'example_xcom' retrieved from /home/airflow/.local/lib/python3.8/site-packages/airflow/example_dags/example_xcom.py
[2024-04-08T09:32:20.783+0000] {logging_mixin.py:188} INFO - [2024-04-08T09:32:20.783+0000] {dag.py:3047} INFO - Sync 1 DAGs
[2024-04-08T09:32:20.816+0000] {logging_mixin.py:188} INFO - [2024-04-08T09:32:20.816+0000] {dag.py:3834} INFO - Setting next_dagrun for example_xcom to 2021-01-01 00:00:00+00:00, run_after=2021-01-01 00:00:00+00:00
[2024-04-08T09:32:20.834+0000] {processor.py:183} INFO - Processing /home/airflow/.local/lib/python3.8/site-packages/airflow/example_dags/example_xcom.py took 0.129 seconds
[2024-04-08T09:32:50.971+0000] {processor.py:161} INFO - Started process (PID=404) to work on /home/airflow/.local/lib/python3.8/site-packages/airflow/example_dags/example_xcom.py
[2024-04-08T09:32:50.971+0000] {processor.py:830} INFO - Processing file /home/airflow/.local/lib/python3.8/site-packages/airflow/example_dags/example_xcom.py for tasks to queue
[2024-04-08T09:32:50.972+0000] {logging_mixin.py:188} INFO - [2024-04-08T09:32:50.972+0000] {dagbag.py:540} INFO - Filling up the DagBag from /home/airflow/.local/lib/python3.8/site-packages/airflow/example_dags/example_xcom.py
[2024-04-08T09:32:50.976+0000] {processor.py:840} INFO - DAG(s) 'example_xcom' retrieved from /home/airflow/.local/lib/python3.8/site-packages/airflow/example_dags/example_xcom.py
[2024-04-08T09:32:51.049+0000] {logging_mixin.py:188} INFO - [2024-04-08T09:32:51.048+0000] {dag.py:3047} INFO - Sync 1 DAGs
[2024-04-08T09:32:51.085+0000] {logging_mixin.py:188} INFO - [2024-04-08T09:32:51.085+0000] {dag.py:3834} INFO - Setting next_dagrun for example_xcom to 2021-01-01 00:00:00+00:00, run_after=2021-01-01 00:00:00+00:00
[2024-04-08T09:32:51.105+0000] {processor.py:183} INFO - Processing /home/airflow/.local/lib/python3.8/site-packages/airflow/example_dags/example_xcom.py took 0.136 seconds
[2024-04-08T09:33:21.286+0000] {processor.py:161} INFO - Started process (PID=459) to work on /home/airflow/.local/lib/python3.8/site-packages/airflow/example_dags/example_xcom.py
[2024-04-08T09:33:21.287+0000] {processor.py:830} INFO - Processing file /home/airflow/.local/lib/python3.8/site-packages/airflow/example_dags/example_xcom.py for tasks to queue
[2024-04-08T09:33:21.288+0000] {logging_mixin.py:188} INFO - [2024-04-08T09:33:21.287+0000] {dagbag.py:540} INFO - Filling up the DagBag from /home/airflow/.local/lib/python3.8/site-packages/airflow/example_dags/example_xcom.py
[2024-04-08T09:33:21.291+0000] {processor.py:840} INFO - DAG(s) 'example_xcom' retrieved from /home/airflow/.local/lib/python3.8/site-packages/airflow/example_dags/example_xcom.py
[2024-04-08T09:33:21.364+0000] {logging_mixin.py:188} INFO - [2024-04-08T09:33:21.364+0000] {dag.py:3047} INFO - Sync 1 DAGs
[2024-04-08T09:33:21.400+0000] {logging_mixin.py:188} INFO - [2024-04-08T09:33:21.400+0000] {dag.py:3834} INFO - Setting next_dagrun for example_xcom to 2021-01-01 00:00:00+00:00, run_after=2021-01-01 00:00:00+00:00
[2024-04-08T09:33:21.420+0000] {processor.py:183} INFO - Processing /home/airflow/.local/lib/python3.8/site-packages/airflow/example_dags/example_xcom.py took 0.135 seconds
[2024-04-08T09:33:51.532+0000] {processor.py:161} INFO - Started process (PID=513) to work on /home/airflow/.local/lib/python3.8/site-packages/airflow/example_dags/example_xcom.py
[2024-04-08T09:33:51.532+0000] {processor.py:830} INFO - Processing file /home/airflow/.local/lib/python3.8/site-packages/airflow/example_dags/example_xcom.py for tasks to queue
[2024-04-08T09:33:51.533+0000] {logging_mixin.py:188} INFO - [2024-04-08T09:33:51.533+0000] {dagbag.py:540} INFO - Filling up the DagBag from /home/airflow/.local/lib/python3.8/site-packages/airflow/example_dags/example_xcom.py
[2024-04-08T09:33:51.537+0000] {processor.py:840} INFO - DAG(s) 'example_xcom' retrieved from /home/airflow/.local/lib/python3.8/site-packages/airflow/example_dags/example_xcom.py
[2024-04-08T09:33:51.609+0000] {logging_mixin.py:188} INFO - [2024-04-08T09:33:51.608+0000] {dag.py:3047} INFO - Sync 1 DAGs
[2024-04-08T09:33:51.644+0000] {logging_mixin.py:188} INFO - [2024-04-08T09:33:51.644+0000] {dag.py:3834} INFO - Setting next_dagrun for example_xcom to 2021-01-01 00:00:00+00:00, run_after=2021-01-01 00:00:00+00:00
[2024-04-08T09:33:51.664+0000] {processor.py:183} INFO - Processing /home/airflow/.local/lib/python3.8/site-packages/airflow/example_dags/example_xcom.py took 0.134 seconds
[2024-04-08T09:34:21.857+0000] {processor.py:161} INFO - Started process (PID=568) to work on /home/airflow/.local/lib/python3.8/site-packages/airflow/example_dags/example_xcom.py
[2024-04-08T09:34:21.858+0000] {processor.py:830} INFO - Processing file /home/airflow/.local/lib/python3.8/site-packages/airflow/example_dags/example_xcom.py for tasks to queue
[2024-04-08T09:34:21.859+0000] {logging_mixin.py:188} INFO - [2024-04-08T09:34:21.859+0000] {dagbag.py:540} INFO - Filling up the DagBag from /home/airflow/.local/lib/python3.8/site-packages/airflow/example_dags/example_xcom.py
[2024-04-08T09:34:21.863+0000] {processor.py:840} INFO - DAG(s) 'example_xcom' retrieved from /home/airflow/.local/lib/python3.8/site-packages/airflow/example_dags/example_xcom.py
[2024-04-08T09:34:21.988+0000] {logging_mixin.py:188} INFO - [2024-04-08T09:34:21.987+0000] {dag.py:3047} INFO - Sync 1 DAGs
[2024-04-08T09:34:22.037+0000] {logging_mixin.py:188} INFO - [2024-04-08T09:34:22.036+0000] {dag.py:3834} INFO - Setting next_dagrun for example_xcom to 2021-01-01 00:00:00+00:00, run_after=2021-01-01 00:00:00+00:00
[2024-04-08T09:34:22.059+0000] {processor.py:183} INFO - Processing /home/airflow/.local/lib/python3.8/site-packages/airflow/example_dags/example_xcom.py took 0.203 seconds
[2024-04-08T09:34:52.069+0000] {processor.py:161} INFO - Started process (PID=623) to work on /home/airflow/.local/lib/python3.8/site-packages/airflow/example_dags/example_xcom.py
[2024-04-08T09:34:52.070+0000] {processor.py:830} INFO - Processing file /home/airflow/.local/lib/python3.8/site-packages/airflow/example_dags/example_xcom.py for tasks to queue
[2024-04-08T09:34:52.071+0000] {logging_mixin.py:188} INFO - [2024-04-08T09:34:52.071+0000] {dagbag.py:540} INFO - Filling up the DagBag from /home/airflow/.local/lib/python3.8/site-packages/airflow/example_dags/example_xcom.py
[2024-04-08T09:34:52.074+0000] {processor.py:840} INFO - DAG(s) 'example_xcom' retrieved from /home/airflow/.local/lib/python3.8/site-packages/airflow/example_dags/example_xcom.py
[2024-04-08T09:34:52.147+0000] {logging_mixin.py:188} INFO - [2024-04-08T09:34:52.147+0000] {dag.py:3047} INFO - Sync 1 DAGs
[2024-04-08T09:34:52.182+0000] {logging_mixin.py:188} INFO - [2024-04-08T09:34:52.182+0000] {dag.py:3834} INFO - Setting next_dagrun for example_xcom to 2021-01-01 00:00:00+00:00, run_after=2021-01-01 00:00:00+00:00
[2024-04-08T09:34:52.200+0000] {processor.py:183} INFO - Processing /home/airflow/.local/lib/python3.8/site-packages/airflow/example_dags/example_xcom.py took 0.132 seconds
[2024-04-08T09:35:22.556+0000] {processor.py:161} INFO - Started process (PID=678) to work on /home/airflow/.local/lib/python3.8/site-packages/airflow/example_dags/example_xcom.py
[2024-04-08T09:35:22.557+0000] {processor.py:830} INFO - Processing file /home/airflow/.local/lib/python3.8/site-packages/airflow/example_dags/example_xcom.py for tasks to queue
[2024-04-08T09:35:22.558+0000] {logging_mixin.py:188} INFO - [2024-04-08T09:35:22.557+0000] {dagbag.py:540} INFO - Filling up the DagBag from /home/airflow/.local/lib/python3.8/site-packages/airflow/example_dags/example_xcom.py
[2024-04-08T09:35:22.561+0000] {processor.py:840} INFO - DAG(s) 'example_xcom' retrieved from /home/airflow/.local/lib/python3.8/site-packages/airflow/example_dags/example_xcom.py
[2024-04-08T09:35:22.634+0000] {logging_mixin.py:188} INFO - [2024-04-08T09:35:22.634+0000] {dag.py:3047} INFO - Sync 1 DAGs
[2024-04-08T09:35:22.670+0000] {logging_mixin.py:188} INFO - [2024-04-08T09:35:22.670+0000] {dag.py:3834} INFO - Setting next_dagrun for example_xcom to 2021-01-01 00:00:00+00:00, run_after=2021-01-01 00:00:00+00:00
[2024-04-08T09:35:22.689+0000] {processor.py:183} INFO - Processing /home/airflow/.local/lib/python3.8/site-packages/airflow/example_dags/example_xcom.py took 0.135 seconds
[2024-04-08T09:35:52.801+0000] {processor.py:161} INFO - Started process (PID=733) to work on /home/airflow/.local/lib/python3.8/site-packages/airflow/example_dags/example_xcom.py
[2024-04-08T09:35:52.803+0000] {processor.py:830} INFO - Processing file /home/airflow/.local/lib/python3.8/site-packages/airflow/example_dags/example_xcom.py for tasks to queue
[2024-04-08T09:35:52.804+0000] {logging_mixin.py:188} INFO - [2024-04-08T09:35:52.804+0000] {dagbag.py:540} INFO - Filling up the DagBag from /home/airflow/.local/lib/python3.8/site-packages/airflow/example_dags/example_xcom.py
[2024-04-08T09:35:52.807+0000] {processor.py:840} INFO - DAG(s) 'example_xcom' retrieved from /home/airflow/.local/lib/python3.8/site-packages/airflow/example_dags/example_xcom.py
[2024-04-08T09:35:52.882+0000] {logging_mixin.py:188} INFO - [2024-04-08T09:35:52.881+0000] {dag.py:3047} INFO - Sync 1 DAGs
[2024-04-08T09:35:52.920+0000] {logging_mixin.py:188} INFO - [2024-04-08T09:35:52.920+0000] {dag.py:3834} INFO - Setting next_dagrun for example_xcom to 2021-01-01 00:00:00+00:00, run_after=2021-01-01 00:00:00+00:00
[2024-04-08T09:35:52.940+0000] {processor.py:183} INFO - Processing /home/airflow/.local/lib/python3.8/site-packages/airflow/example_dags/example_xcom.py took 0.141 seconds
[2024-04-08T09:36:23.060+0000] {processor.py:161} INFO - Started process (PID=788) to work on /home/airflow/.local/lib/python3.8/site-packages/airflow/example_dags/example_xcom.py
[2024-04-08T09:36:23.061+0000] {processor.py:830} INFO - Processing file /home/airflow/.local/lib/python3.8/site-packages/airflow/example_dags/example_xcom.py for tasks to queue
[2024-04-08T09:36:23.062+0000] {logging_mixin.py:188} INFO - [2024-04-08T09:36:23.062+0000] {dagbag.py:540} INFO - Filling up the DagBag from /home/airflow/.local/lib/python3.8/site-packages/airflow/example_dags/example_xcom.py
[2024-04-08T09:36:23.066+0000] {processor.py:840} INFO - DAG(s) 'example_xcom' retrieved from /home/airflow/.local/lib/python3.8/site-packages/airflow/example_dags/example_xcom.py
[2024-04-08T09:36:23.152+0000] {logging_mixin.py:188} INFO - [2024-04-08T09:36:23.152+0000] {dag.py:3047} INFO - Sync 1 DAGs
[2024-04-08T09:36:23.194+0000] {logging_mixin.py:188} INFO - [2024-04-08T09:36:23.194+0000] {dag.py:3834} INFO - Setting next_dagrun for example_xcom to 2021-01-01 00:00:00+00:00, run_after=2021-01-01 00:00:00+00:00
[2024-04-08T09:36:23.215+0000] {processor.py:183} INFO - Processing /home/airflow/.local/lib/python3.8/site-packages/airflow/example_dags/example_xcom.py took 0.156 seconds
[2024-04-08T09:36:53.289+0000] {processor.py:161} INFO - Started process (PID=843) to work on /home/airflow/.local/lib/python3.8/site-packages/airflow/example_dags/example_xcom.py
[2024-04-08T09:36:53.289+0000] {processor.py:830} INFO - Processing file /home/airflow/.local/lib/python3.8/site-packages/airflow/example_dags/example_xcom.py for tasks to queue
[2024-04-08T09:36:53.290+0000] {logging_mixin.py:188} INFO - [2024-04-08T09:36:53.290+0000] {dagbag.py:540} INFO - Filling up the DagBag from /home/airflow/.local/lib/python3.8/site-packages/airflow/example_dags/example_xcom.py
[2024-04-08T09:36:53.294+0000] {processor.py:840} INFO - DAG(s) 'example_xcom' retrieved from /home/airflow/.local/lib/python3.8/site-packages/airflow/example_dags/example_xcom.py
[2024-04-08T09:36:53.366+0000] {logging_mixin.py:188} INFO - [2024-04-08T09:36:53.366+0000] {dag.py:3047} INFO - Sync 1 DAGs
[2024-04-08T09:36:53.402+0000] {logging_mixin.py:188} INFO - [2024-04-08T09:36:53.402+0000] {dag.py:3834} INFO - Setting next_dagrun for example_xcom to 2021-01-01 00:00:00+00:00, run_after=2021-01-01 00:00:00+00:00
[2024-04-08T09:36:53.422+0000] {processor.py:183} INFO - Processing /home/airflow/.local/lib/python3.8/site-packages/airflow/example_dags/example_xcom.py took 0.135 seconds
[2024-04-08T09:37:23.620+0000] {processor.py:161} INFO - Started process (PID=898) to work on /home/airflow/.local/lib/python3.8/site-packages/airflow/example_dags/example_xcom.py
[2024-04-08T09:37:23.620+0000] {processor.py:830} INFO - Processing file /home/airflow/.local/lib/python3.8/site-packages/airflow/example_dags/example_xcom.py for tasks to queue
[2024-04-08T09:37:23.621+0000] {logging_mixin.py:188} INFO - [2024-04-08T09:37:23.621+0000] {dagbag.py:540} INFO - Filling up the DagBag from /home/airflow/.local/lib/python3.8/site-packages/airflow/example_dags/example_xcom.py
[2024-04-08T09:37:23.626+0000] {processor.py:840} INFO - DAG(s) 'example_xcom' retrieved from /home/airflow/.local/lib/python3.8/site-packages/airflow/example_dags/example_xcom.py
[2024-04-08T09:37:23.700+0000] {logging_mixin.py:188} INFO - [2024-04-08T09:37:23.700+0000] {dag.py:3047} INFO - Sync 1 DAGs
[2024-04-08T09:37:23.737+0000] {logging_mixin.py:188} INFO - [2024-04-08T09:37:23.737+0000] {dag.py:3834} INFO - Setting next_dagrun for example_xcom to 2021-01-01 00:00:00+00:00, run_after=2021-01-01 00:00:00+00:00
[2024-04-08T09:37:23.756+0000] {processor.py:183} INFO - Processing /home/airflow/.local/lib/python3.8/site-packages/airflow/example_dags/example_xcom.py took 0.138 seconds
[2024-04-08T09:37:54.519+0000] {processor.py:161} INFO - Started process (PID=953) to work on /home/airflow/.local/lib/python3.8/site-packages/airflow/example_dags/example_xcom.py
[2024-04-08T09:37:54.519+0000] {processor.py:830} INFO - Processing file /home/airflow/.local/lib/python3.8/site-packages/airflow/example_dags/example_xcom.py for tasks to queue
[2024-04-08T09:37:54.520+0000] {logging_mixin.py:188} INFO - [2024-04-08T09:37:54.520+0000] {dagbag.py:540} INFO - Filling up the DagBag from /home/airflow/.local/lib/python3.8/site-packages/airflow/example_dags/example_xcom.py
[2024-04-08T09:37:54.524+0000] {processor.py:840} INFO - DAG(s) 'example_xcom' retrieved from /home/airflow/.local/lib/python3.8/site-packages/airflow/example_dags/example_xcom.py
[2024-04-08T09:37:54.598+0000] {logging_mixin.py:188} INFO - [2024-04-08T09:37:54.598+0000] {dag.py:3047} INFO - Sync 1 DAGs
[2024-04-08T09:37:54.636+0000] {logging_mixin.py:188} INFO - [2024-04-08T09:37:54.636+0000] {dag.py:3834} INFO - Setting next_dagrun for example_xcom to 2021-01-01 00:00:00+00:00, run_after=2021-01-01 00:00:00+00:00
[2024-04-08T09:37:54.658+0000] {processor.py:183} INFO - Processing /home/airflow/.local/lib/python3.8/site-packages/airflow/example_dags/example_xcom.py took 0.141 seconds
[2024-04-08T09:38:25.525+0000] {processor.py:161} INFO - Started process (PID=1008) to work on /home/airflow/.local/lib/python3.8/site-packages/airflow/example_dags/example_xcom.py
[2024-04-08T09:38:25.526+0000] {processor.py:830} INFO - Processing file /home/airflow/.local/lib/python3.8/site-packages/airflow/example_dags/example_xcom.py for tasks to queue
[2024-04-08T09:38:25.529+0000] {logging_mixin.py:188} INFO - [2024-04-08T09:38:25.528+0000] {dagbag.py:540} INFO - Filling up the DagBag from /home/airflow/.local/lib/python3.8/site-packages/airflow/example_dags/example_xcom.py
[2024-04-08T09:38:25.533+0000] {processor.py:840} INFO - DAG(s) 'example_xcom' retrieved from /home/airflow/.local/lib/python3.8/site-packages/airflow/example_dags/example_xcom.py
[2024-04-08T09:38:25.613+0000] {logging_mixin.py:188} INFO - [2024-04-08T09:38:25.613+0000] {dag.py:3047} INFO - Sync 1 DAGs
[2024-04-08T09:38:25.654+0000] {logging_mixin.py:188} INFO - [2024-04-08T09:38:25.654+0000] {dag.py:3834} INFO - Setting next_dagrun for example_xcom to 2021-01-01 00:00:00+00:00, run_after=2021-01-01 00:00:00+00:00
[2024-04-08T09:38:25.686+0000] {processor.py:183} INFO - Processing /home/airflow/.local/lib/python3.8/site-packages/airflow/example_dags/example_xcom.py took 0.163 seconds
[2024-04-08T09:38:56.386+0000] {processor.py:161} INFO - Started process (PID=1063) to work on /home/airflow/.local/lib/python3.8/site-packages/airflow/example_dags/example_xcom.py
[2024-04-08T09:38:56.387+0000] {processor.py:830} INFO - Processing file /home/airflow/.local/lib/python3.8/site-packages/airflow/example_dags/example_xcom.py for tasks to queue
[2024-04-08T09:38:56.389+0000] {logging_mixin.py:188} INFO - [2024-04-08T09:38:56.388+0000] {dagbag.py:540} INFO - Filling up the DagBag from /home/airflow/.local/lib/python3.8/site-packages/airflow/example_dags/example_xcom.py
[2024-04-08T09:38:56.394+0000] {processor.py:840} INFO - DAG(s) 'example_xcom' retrieved from /home/airflow/.local/lib/python3.8/site-packages/airflow/example_dags/example_xcom.py
[2024-04-08T09:38:56.514+0000] {logging_mixin.py:188} INFO - [2024-04-08T09:38:56.514+0000] {dag.py:3047} INFO - Sync 1 DAGs
[2024-04-08T09:38:56.585+0000] {logging_mixin.py:188} INFO - [2024-04-08T09:38:56.584+0000] {dag.py:3834} INFO - Setting next_dagrun for example_xcom to 2021-01-01 00:00:00+00:00, run_after=2021-01-01 00:00:00+00:00
[2024-04-08T09:38:56.627+0000] {processor.py:183} INFO - Processing /home/airflow/.local/lib/python3.8/site-packages/airflow/example_dags/example_xcom.py took 0.245 seconds
[2024-04-08T09:39:26.979+0000] {processor.py:161} INFO - Started process (PID=1118) to work on /home/airflow/.local/lib/python3.8/site-packages/airflow/example_dags/example_xcom.py
[2024-04-08T09:39:26.980+0000] {processor.py:830} INFO - Processing file /home/airflow/.local/lib/python3.8/site-packages/airflow/example_dags/example_xcom.py for tasks to queue
[2024-04-08T09:39:26.980+0000] {logging_mixin.py:188} INFO - [2024-04-08T09:39:26.980+0000] {dagbag.py:540} INFO - Filling up the DagBag from /home/airflow/.local/lib/python3.8/site-packages/airflow/example_dags/example_xcom.py
[2024-04-08T09:39:26.984+0000] {processor.py:840} INFO - DAG(s) 'example_xcom' retrieved from /home/airflow/.local/lib/python3.8/site-packages/airflow/example_dags/example_xcom.py
[2024-04-08T09:39:27.056+0000] {logging_mixin.py:188} INFO - [2024-04-08T09:39:27.056+0000] {dag.py:3047} INFO - Sync 1 DAGs
[2024-04-08T09:39:27.094+0000] {logging_mixin.py:188} INFO - [2024-04-08T09:39:27.094+0000] {dag.py:3834} INFO - Setting next_dagrun for example_xcom to 2021-01-01 00:00:00+00:00, run_after=2021-01-01 00:00:00+00:00
[2024-04-08T09:39:27.113+0000] {processor.py:183} INFO - Processing /home/airflow/.local/lib/python3.8/site-packages/airflow/example_dags/example_xcom.py took 0.135 seconds
[2024-04-08T09:39:57.163+0000] {processor.py:161} INFO - Started process (PID=1173) to work on /home/airflow/.local/lib/python3.8/site-packages/airflow/example_dags/example_xcom.py
[2024-04-08T09:39:57.164+0000] {processor.py:830} INFO - Processing file /home/airflow/.local/lib/python3.8/site-packages/airflow/example_dags/example_xcom.py for tasks to queue
[2024-04-08T09:39:57.165+0000] {logging_mixin.py:188} INFO - [2024-04-08T09:39:57.164+0000] {dagbag.py:540} INFO - Filling up the DagBag from /home/airflow/.local/lib/python3.8/site-packages/airflow/example_dags/example_xcom.py
[2024-04-08T09:39:57.168+0000] {processor.py:840} INFO - DAG(s) 'example_xcom' retrieved from /home/airflow/.local/lib/python3.8/site-packages/airflow/example_dags/example_xcom.py
[2024-04-08T09:39:57.246+0000] {logging_mixin.py:188} INFO - [2024-04-08T09:39:57.246+0000] {dag.py:3047} INFO - Sync 1 DAGs
[2024-04-08T09:39:57.281+0000] {logging_mixin.py:188} INFO - [2024-04-08T09:39:57.281+0000] {dag.py:3834} INFO - Setting next_dagrun for example_xcom to 2021-01-01 00:00:00+00:00, run_after=2021-01-01 00:00:00+00:00
[2024-04-08T09:39:57.299+0000] {processor.py:183} INFO - Processing /home/airflow/.local/lib/python3.8/site-packages/airflow/example_dags/example_xcom.py took 0.138 seconds
[2024-04-08T09:40:27.595+0000] {processor.py:161} INFO - Started process (PID=1227) to work on /home/airflow/.local/lib/python3.8/site-packages/airflow/example_dags/example_xcom.py
[2024-04-08T09:40:27.596+0000] {processor.py:830} INFO - Processing file /home/airflow/.local/lib/python3.8/site-packages/airflow/example_dags/example_xcom.py for tasks to queue
[2024-04-08T09:40:27.597+0000] {logging_mixin.py:188} INFO - [2024-04-08T09:40:27.597+0000] {dagbag.py:540} INFO - Filling up the DagBag from /home/airflow/.local/lib/python3.8/site-packages/airflow/example_dags/example_xcom.py
[2024-04-08T09:40:27.601+0000] {processor.py:840} INFO - DAG(s) 'example_xcom' retrieved from /home/airflow/.local/lib/python3.8/site-packages/airflow/example_dags/example_xcom.py
[2024-04-08T09:40:27.679+0000] {logging_mixin.py:188} INFO - [2024-04-08T09:40:27.679+0000] {dag.py:3047} INFO - Sync 1 DAGs
[2024-04-08T09:40:27.718+0000] {logging_mixin.py:188} INFO - [2024-04-08T09:40:27.718+0000] {dag.py:3834} INFO - Setting next_dagrun for example_xcom to 2021-01-01 00:00:00+00:00, run_after=2021-01-01 00:00:00+00:00
[2024-04-08T09:40:27.740+0000] {processor.py:183} INFO - Processing /home/airflow/.local/lib/python3.8/site-packages/airflow/example_dags/example_xcom.py took 0.147 seconds
[2024-04-08T09:40:57.808+0000] {processor.py:161} INFO - Started process (PID=1282) to work on /home/airflow/.local/lib/python3.8/site-packages/airflow/example_dags/example_xcom.py
[2024-04-08T09:40:57.808+0000] {processor.py:830} INFO - Processing file /home/airflow/.local/lib/python3.8/site-packages/airflow/example_dags/example_xcom.py for tasks to queue
[2024-04-08T09:40:57.809+0000] {logging_mixin.py:188} INFO - [2024-04-08T09:40:57.809+0000] {dagbag.py:540} INFO - Filling up the DagBag from /home/airflow/.local/lib/python3.8/site-packages/airflow/example_dags/example_xcom.py
[2024-04-08T09:40:57.813+0000] {processor.py:840} INFO - DAG(s) 'example_xcom' retrieved from /home/airflow/.local/lib/python3.8/site-packages/airflow/example_dags/example_xcom.py
[2024-04-08T09:40:57.885+0000] {logging_mixin.py:188} INFO - [2024-04-08T09:40:57.884+0000] {dag.py:3047} INFO - Sync 1 DAGs
[2024-04-08T09:40:57.923+0000] {logging_mixin.py:188} INFO - [2024-04-08T09:40:57.923+0000] {dag.py:3834} INFO - Setting next_dagrun for example_xcom to 2021-01-01 00:00:00+00:00, run_after=2021-01-01 00:00:00+00:00
[2024-04-08T09:40:57.943+0000] {processor.py:183} INFO - Processing /home/airflow/.local/lib/python3.8/site-packages/airflow/example_dags/example_xcom.py took 0.137 seconds
[2024-04-08T09:41:28.859+0000] {processor.py:161} INFO - Started process (PID=1337) to work on /home/airflow/.local/lib/python3.8/site-packages/airflow/example_dags/example_xcom.py
[2024-04-08T09:41:28.860+0000] {processor.py:830} INFO - Processing file /home/airflow/.local/lib/python3.8/site-packages/airflow/example_dags/example_xcom.py for tasks to queue
[2024-04-08T09:41:28.861+0000] {logging_mixin.py:188} INFO - [2024-04-08T09:41:28.861+0000] {dagbag.py:540} INFO - Filling up the DagBag from /home/airflow/.local/lib/python3.8/site-packages/airflow/example_dags/example_xcom.py
[2024-04-08T09:41:28.864+0000] {processor.py:840} INFO - DAG(s) 'example_xcom' retrieved from /home/airflow/.local/lib/python3.8/site-packages/airflow/example_dags/example_xcom.py
[2024-04-08T09:41:28.936+0000] {logging_mixin.py:188} INFO - [2024-04-08T09:41:28.936+0000] {dag.py:3047} INFO - Sync 1 DAGs
[2024-04-08T09:41:28.975+0000] {logging_mixin.py:188} INFO - [2024-04-08T09:41:28.974+0000] {dag.py:3834} INFO - Setting next_dagrun for example_xcom to 2021-01-01 00:00:00+00:00, run_after=2021-01-01 00:00:00+00:00
[2024-04-08T09:41:28.996+0000] {processor.py:183} INFO - Processing /home/airflow/.local/lib/python3.8/site-packages/airflow/example_dags/example_xcom.py took 0.138 seconds
[2024-04-08T09:41:59.914+0000] {processor.py:161} INFO - Started process (PID=1392) to work on /home/airflow/.local/lib/python3.8/site-packages/airflow/example_dags/example_xcom.py
[2024-04-08T09:41:59.915+0000] {processor.py:830} INFO - Processing file /home/airflow/.local/lib/python3.8/site-packages/airflow/example_dags/example_xcom.py for tasks to queue
[2024-04-08T09:41:59.916+0000] {logging_mixin.py:188} INFO - [2024-04-08T09:41:59.916+0000] {dagbag.py:540} INFO - Filling up the DagBag from /home/airflow/.local/lib/python3.8/site-packages/airflow/example_dags/example_xcom.py
[2024-04-08T09:41:59.919+0000] {processor.py:840} INFO - DAG(s) 'example_xcom' retrieved from /home/airflow/.local/lib/python3.8/site-packages/airflow/example_dags/example_xcom.py
[2024-04-08T09:41:59.993+0000] {logging_mixin.py:188} INFO - [2024-04-08T09:41:59.993+0000] {dag.py:3047} INFO - Sync 1 DAGs
[2024-04-08T09:42:00.029+0000] {logging_mixin.py:188} INFO - [2024-04-08T09:42:00.029+0000] {dag.py:3834} INFO - Setting next_dagrun for example_xcom to 2021-01-01 00:00:00+00:00, run_after=2021-01-01 00:00:00+00:00
[2024-04-08T09:42:00.049+0000] {processor.py:183} INFO - Processing /home/airflow/.local/lib/python3.8/site-packages/airflow/example_dags/example_xcom.py took 0.137 seconds
[2024-04-08T09:42:30.244+0000] {processor.py:161} INFO - Started process (PID=1447) to work on /home/airflow/.local/lib/python3.8/site-packages/airflow/example_dags/example_xcom.py
[2024-04-08T09:42:30.244+0000] {processor.py:830} INFO - Processing file /home/airflow/.local/lib/python3.8/site-packages/airflow/example_dags/example_xcom.py for tasks to queue
[2024-04-08T09:42:30.245+0000] {logging_mixin.py:188} INFO - [2024-04-08T09:42:30.245+0000] {dagbag.py:540} INFO - Filling up the DagBag from /home/airflow/.local/lib/python3.8/site-packages/airflow/example_dags/example_xcom.py
[2024-04-08T09:42:30.249+0000] {processor.py:840} INFO - DAG(s) 'example_xcom' retrieved from /home/airflow/.local/lib/python3.8/site-packages/airflow/example_dags/example_xcom.py
[2024-04-08T09:42:30.319+0000] {logging_mixin.py:188} INFO - [2024-04-08T09:42:30.319+0000] {dag.py:3047} INFO - Sync 1 DAGs
[2024-04-08T09:42:30.354+0000] {logging_mixin.py:188} INFO - [2024-04-08T09:42:30.354+0000] {dag.py:3834} INFO - Setting next_dagrun for example_xcom to 2021-01-01 00:00:00+00:00, run_after=2021-01-01 00:00:00+00:00
[2024-04-08T09:42:30.372+0000] {processor.py:183} INFO - Processing /home/airflow/.local/lib/python3.8/site-packages/airflow/example_dags/example_xcom.py took 0.129 seconds
[2024-04-08T09:43:00.508+0000] {processor.py:161} INFO - Started process (PID=1502) to work on /home/airflow/.local/lib/python3.8/site-packages/airflow/example_dags/example_xcom.py
[2024-04-08T09:43:00.509+0000] {processor.py:830} INFO - Processing file /home/airflow/.local/lib/python3.8/site-packages/airflow/example_dags/example_xcom.py for tasks to queue
[2024-04-08T09:43:00.509+0000] {logging_mixin.py:188} INFO - [2024-04-08T09:43:00.509+0000] {dagbag.py:540} INFO - Filling up the DagBag from /home/airflow/.local/lib/python3.8/site-packages/airflow/example_dags/example_xcom.py
[2024-04-08T09:43:00.513+0000] {processor.py:840} INFO - DAG(s) 'example_xcom' retrieved from /home/airflow/.local/lib/python3.8/site-packages/airflow/example_dags/example_xcom.py
[2024-04-08T09:43:00.583+0000] {logging_mixin.py:188} INFO - [2024-04-08T09:43:00.583+0000] {dag.py:3047} INFO - Sync 1 DAGs
[2024-04-08T09:43:00.618+0000] {logging_mixin.py:188} INFO - [2024-04-08T09:43:00.618+0000] {dag.py:3834} INFO - Setting next_dagrun for example_xcom to 2021-01-01 00:00:00+00:00, run_after=2021-01-01 00:00:00+00:00
[2024-04-08T09:43:00.637+0000] {processor.py:183} INFO - Processing /home/airflow/.local/lib/python3.8/site-packages/airflow/example_dags/example_xcom.py took 0.130 seconds
[2024-04-08T09:43:30.774+0000] {processor.py:161} INFO - Started process (PID=1557) to work on /home/airflow/.local/lib/python3.8/site-packages/airflow/example_dags/example_xcom.py
[2024-04-08T09:43:30.775+0000] {processor.py:830} INFO - Processing file /home/airflow/.local/lib/python3.8/site-packages/airflow/example_dags/example_xcom.py for tasks to queue
[2024-04-08T09:43:30.775+0000] {logging_mixin.py:188} INFO - [2024-04-08T09:43:30.775+0000] {dagbag.py:540} INFO - Filling up the DagBag from /home/airflow/.local/lib/python3.8/site-packages/airflow/example_dags/example_xcom.py
[2024-04-08T09:43:30.779+0000] {processor.py:840} INFO - DAG(s) 'example_xcom' retrieved from /home/airflow/.local/lib/python3.8/site-packages/airflow/example_dags/example_xcom.py
[2024-04-08T09:43:30.853+0000] {logging_mixin.py:188} INFO - [2024-04-08T09:43:30.853+0000] {dag.py:3047} INFO - Sync 1 DAGs
[2024-04-08T09:43:30.887+0000] {logging_mixin.py:188} INFO - [2024-04-08T09:43:30.887+0000] {dag.py:3834} INFO - Setting next_dagrun for example_xcom to 2021-01-01 00:00:00+00:00, run_after=2021-01-01 00:00:00+00:00
[2024-04-08T09:43:30.906+0000] {processor.py:183} INFO - Processing /home/airflow/.local/lib/python3.8/site-packages/airflow/example_dags/example_xcom.py took 0.133 seconds
[2024-04-08T09:44:01.379+0000] {processor.py:161} INFO - Started process (PID=1612) to work on /home/airflow/.local/lib/python3.8/site-packages/airflow/example_dags/example_xcom.py
[2024-04-08T09:44:01.380+0000] {processor.py:830} INFO - Processing file /home/airflow/.local/lib/python3.8/site-packages/airflow/example_dags/example_xcom.py for tasks to queue
[2024-04-08T09:44:01.380+0000] {logging_mixin.py:188} INFO - [2024-04-08T09:44:01.380+0000] {dagbag.py:540} INFO - Filling up the DagBag from /home/airflow/.local/lib/python3.8/site-packages/airflow/example_dags/example_xcom.py
[2024-04-08T09:44:01.384+0000] {processor.py:840} INFO - DAG(s) 'example_xcom' retrieved from /home/airflow/.local/lib/python3.8/site-packages/airflow/example_dags/example_xcom.py
[2024-04-08T09:44:01.456+0000] {logging_mixin.py:188} INFO - [2024-04-08T09:44:01.455+0000] {dag.py:3047} INFO - Sync 1 DAGs
[2024-04-08T09:44:01.492+0000] {logging_mixin.py:188} INFO - [2024-04-08T09:44:01.492+0000] {dag.py:3834} INFO - Setting next_dagrun for example_xcom to 2021-01-01 00:00:00+00:00, run_after=2021-01-01 00:00:00+00:00
[2024-04-08T09:44:01.513+0000] {processor.py:183} INFO - Processing /home/airflow/.local/lib/python3.8/site-packages/airflow/example_dags/example_xcom.py took 0.135 seconds
[2024-04-08T09:44:31.568+0000] {processor.py:161} INFO - Started process (PID=1667) to work on /home/airflow/.local/lib/python3.8/site-packages/airflow/example_dags/example_xcom.py
[2024-04-08T09:44:31.568+0000] {processor.py:830} INFO - Processing file /home/airflow/.local/lib/python3.8/site-packages/airflow/example_dags/example_xcom.py for tasks to queue
[2024-04-08T09:44:31.569+0000] {logging_mixin.py:188} INFO - [2024-04-08T09:44:31.569+0000] {dagbag.py:540} INFO - Filling up the DagBag from /home/airflow/.local/lib/python3.8/site-packages/airflow/example_dags/example_xcom.py
[2024-04-08T09:44:31.572+0000] {processor.py:840} INFO - DAG(s) 'example_xcom' retrieved from /home/airflow/.local/lib/python3.8/site-packages/airflow/example_dags/example_xcom.py
[2024-04-08T09:44:31.644+0000] {logging_mixin.py:188} INFO - [2024-04-08T09:44:31.644+0000] {dag.py:3047} INFO - Sync 1 DAGs
[2024-04-08T09:44:31.682+0000] {logging_mixin.py:188} INFO - [2024-04-08T09:44:31.682+0000] {dag.py:3834} INFO - Setting next_dagrun for example_xcom to 2021-01-01 00:00:00+00:00, run_after=2021-01-01 00:00:00+00:00
[2024-04-08T09:44:31.702+0000] {processor.py:183} INFO - Processing /home/airflow/.local/lib/python3.8/site-packages/airflow/example_dags/example_xcom.py took 0.136 seconds
[2024-04-08T09:45:01.854+0000] {processor.py:161} INFO - Started process (PID=1722) to work on /home/airflow/.local/lib/python3.8/site-packages/airflow/example_dags/example_xcom.py
[2024-04-08T09:45:01.855+0000] {processor.py:830} INFO - Processing file /home/airflow/.local/lib/python3.8/site-packages/airflow/example_dags/example_xcom.py for tasks to queue
[2024-04-08T09:45:01.855+0000] {logging_mixin.py:188} INFO - [2024-04-08T09:45:01.855+0000] {dagbag.py:540} INFO - Filling up the DagBag from /home/airflow/.local/lib/python3.8/site-packages/airflow/example_dags/example_xcom.py
[2024-04-08T09:45:01.859+0000] {processor.py:840} INFO - DAG(s) 'example_xcom' retrieved from /home/airflow/.local/lib/python3.8/site-packages/airflow/example_dags/example_xcom.py
[2024-04-08T09:45:01.936+0000] {logging_mixin.py:188} INFO - [2024-04-08T09:45:01.935+0000] {dag.py:3047} INFO - Sync 1 DAGs
[2024-04-08T09:45:01.976+0000] {logging_mixin.py:188} INFO - [2024-04-08T09:45:01.975+0000] {dag.py:3834} INFO - Setting next_dagrun for example_xcom to 2021-01-01 00:00:00+00:00, run_after=2021-01-01 00:00:00+00:00
[2024-04-08T09:45:01.997+0000] {processor.py:183} INFO - Processing /home/airflow/.local/lib/python3.8/site-packages/airflow/example_dags/example_xcom.py took 0.145 seconds
[2024-04-08T09:45:32.114+0000] {processor.py:161} INFO - Started process (PID=1777) to work on /home/airflow/.local/lib/python3.8/site-packages/airflow/example_dags/example_xcom.py
[2024-04-08T09:45:32.115+0000] {processor.py:830} INFO - Processing file /home/airflow/.local/lib/python3.8/site-packages/airflow/example_dags/example_xcom.py for tasks to queue
[2024-04-08T09:45:32.116+0000] {logging_mixin.py:188} INFO - [2024-04-08T09:45:32.116+0000] {dagbag.py:540} INFO - Filling up the DagBag from /home/airflow/.local/lib/python3.8/site-packages/airflow/example_dags/example_xcom.py
[2024-04-08T09:45:32.119+0000] {processor.py:840} INFO - DAG(s) 'example_xcom' retrieved from /home/airflow/.local/lib/python3.8/site-packages/airflow/example_dags/example_xcom.py
[2024-04-08T09:45:32.189+0000] {logging_mixin.py:188} INFO - [2024-04-08T09:45:32.189+0000] {dag.py:3047} INFO - Sync 1 DAGs
[2024-04-08T09:45:32.224+0000] {logging_mixin.py:188} INFO - [2024-04-08T09:45:32.224+0000] {dag.py:3834} INFO - Setting next_dagrun for example_xcom to 2021-01-01 00:00:00+00:00, run_after=2021-01-01 00:00:00+00:00
[2024-04-08T09:45:32.246+0000] {processor.py:183} INFO - Processing /home/airflow/.local/lib/python3.8/site-packages/airflow/example_dags/example_xcom.py took 0.133 seconds
[2024-04-08T09:46:02.387+0000] {processor.py:161} INFO - Started process (PID=1832) to work on /home/airflow/.local/lib/python3.8/site-packages/airflow/example_dags/example_xcom.py
[2024-04-08T09:46:02.387+0000] {processor.py:830} INFO - Processing file /home/airflow/.local/lib/python3.8/site-packages/airflow/example_dags/example_xcom.py for tasks to queue
[2024-04-08T09:46:02.388+0000] {logging_mixin.py:188} INFO - [2024-04-08T09:46:02.388+0000] {dagbag.py:540} INFO - Filling up the DagBag from /home/airflow/.local/lib/python3.8/site-packages/airflow/example_dags/example_xcom.py
[2024-04-08T09:46:02.391+0000] {processor.py:840} INFO - DAG(s) 'example_xcom' retrieved from /home/airflow/.local/lib/python3.8/site-packages/airflow/example_dags/example_xcom.py
[2024-04-08T09:46:02.476+0000] {logging_mixin.py:188} INFO - [2024-04-08T09:46:02.476+0000] {dag.py:3047} INFO - Sync 1 DAGs
[2024-04-08T09:46:02.519+0000] {logging_mixin.py:188} INFO - [2024-04-08T09:46:02.518+0000] {dag.py:3834} INFO - Setting next_dagrun for example_xcom to 2021-01-01 00:00:00+00:00, run_after=2021-01-01 00:00:00+00:00
[2024-04-08T09:46:02.539+0000] {processor.py:183} INFO - Processing /home/airflow/.local/lib/python3.8/site-packages/airflow/example_dags/example_xcom.py took 0.154 seconds
