[2024-04-08T09:29:48.741+0000] {processor.py:161} INFO - Started process (PID=77) to work on /home/airflow/.local/lib/python3.8/site-packages/airflow/example_dags/example_subdag_operator.py
[2024-04-08T09:29:48.742+0000] {processor.py:830} INFO - Processing file /home/airflow/.local/lib/python3.8/site-packages/airflow/example_dags/example_subdag_operator.py for tasks to queue
[2024-04-08T09:29:48.743+0000] {logging_mixin.py:188} INFO - [2024-04-08T09:29:48.743+0000] {dagbag.py:540} INFO - Filling up the DagBag from /home/airflow/.local/lib/python3.8/site-packages/airflow/example_dags/example_subdag_operator.py
[2024-04-08T09:29:48.823+0000] {processor.py:840} INFO - DAG(s) 'example_subdag_operator.section-1', 'example_subdag_operator.section-2', 'example_subdag_operator' retrieved from /home/airflow/.local/lib/python3.8/site-packages/airflow/example_dags/example_subdag_operator.py
[2024-04-08T09:29:48.828+0000] {logging_mixin.py:188} INFO - [2024-04-08T09:29:48.828+0000] {dag.py:3047} INFO - Sync 3 DAGs
[2024-04-08T09:29:48.883+0000] {logging_mixin.py:188} INFO - [2024-04-08T09:29:48.882+0000] {dag.py:3834} INFO - Setting next_dagrun for example_subdag_operator to 2022-01-01 00:00:00+00:00, run_after=2022-01-01 00:00:00+00:00
[2024-04-08T09:29:48.887+0000] {logging_mixin.py:188} INFO - [2024-04-08T09:29:48.887+0000] {dag.py:3834} INFO - Setting next_dagrun for example_subdag_operator.section-1 to None, run_after=None
[2024-04-08T09:29:48.890+0000] {logging_mixin.py:188} INFO - [2024-04-08T09:29:48.890+0000] {dag.py:3834} INFO - Setting next_dagrun for example_subdag_operator.section-2 to None, run_after=None
[2024-04-08T09:29:48.904+0000] {logging_mixin.py:188} INFO - [2024-04-08T09:29:48.904+0000] {dag.py:3047} INFO - Sync 2 DAGs
[2024-04-08T09:29:48.917+0000] {logging_mixin.py:188} INFO - [2024-04-08T09:29:48.916+0000] {dag.py:3834} INFO - Setting next_dagrun for example_subdag_operator.section-1 to None, run_after=None
[2024-04-08T09:29:48.917+0000] {logging_mixin.py:188} INFO - [2024-04-08T09:29:48.917+0000] {dag.py:3834} INFO - Setting next_dagrun for example_subdag_operator.section-2 to None, run_after=None
[2024-04-08T09:29:48.938+0000] {processor.py:183} INFO - Processing /home/airflow/.local/lib/python3.8/site-packages/airflow/example_dags/example_subdag_operator.py took 0.198 seconds
[2024-04-08T09:30:19.947+0000] {processor.py:161} INFO - Started process (PID=132) to work on /home/airflow/.local/lib/python3.8/site-packages/airflow/example_dags/example_subdag_operator.py
[2024-04-08T09:30:19.947+0000] {processor.py:830} INFO - Processing file /home/airflow/.local/lib/python3.8/site-packages/airflow/example_dags/example_subdag_operator.py for tasks to queue
[2024-04-08T09:30:19.948+0000] {logging_mixin.py:188} INFO - [2024-04-08T09:30:19.948+0000] {dagbag.py:540} INFO - Filling up the DagBag from /home/airflow/.local/lib/python3.8/site-packages/airflow/example_dags/example_subdag_operator.py
[2024-04-08T09:30:20.020+0000] {processor.py:840} INFO - DAG(s) 'example_subdag_operator.section-1', 'example_subdag_operator.section-2', 'example_subdag_operator' retrieved from /home/airflow/.local/lib/python3.8/site-packages/airflow/example_dags/example_subdag_operator.py
[2024-04-08T09:30:20.074+0000] {logging_mixin.py:188} INFO - [2024-04-08T09:30:20.074+0000] {dag.py:3047} INFO - Sync 3 DAGs
[2024-04-08T09:30:20.110+0000] {logging_mixin.py:188} INFO - [2024-04-08T09:30:20.110+0000] {dag.py:3834} INFO - Setting next_dagrun for example_subdag_operator to 2022-01-01 00:00:00+00:00, run_after=2022-01-01 00:00:00+00:00
[2024-04-08T09:30:20.112+0000] {logging_mixin.py:188} INFO - [2024-04-08T09:30:20.112+0000] {dag.py:3834} INFO - Setting next_dagrun for example_subdag_operator.section-1 to None, run_after=None
[2024-04-08T09:30:20.113+0000] {logging_mixin.py:188} INFO - [2024-04-08T09:30:20.113+0000] {dag.py:3834} INFO - Setting next_dagrun for example_subdag_operator.section-2 to None, run_after=None
[2024-04-08T09:30:20.129+0000] {logging_mixin.py:188} INFO - [2024-04-08T09:30:20.128+0000] {dag.py:3047} INFO - Sync 2 DAGs
[2024-04-08T09:30:20.136+0000] {logging_mixin.py:188} INFO - [2024-04-08T09:30:20.136+0000] {dag.py:3834} INFO - Setting next_dagrun for example_subdag_operator.section-1 to None, run_after=None
[2024-04-08T09:30:20.137+0000] {logging_mixin.py:188} INFO - [2024-04-08T09:30:20.137+0000] {dag.py:3834} INFO - Setting next_dagrun for example_subdag_operator.section-2 to None, run_after=None
[2024-04-08T09:30:20.147+0000] {processor.py:183} INFO - Processing /home/airflow/.local/lib/python3.8/site-packages/airflow/example_dags/example_subdag_operator.py took 0.202 seconds
[2024-04-08T09:30:50.241+0000] {processor.py:161} INFO - Started process (PID=187) to work on /home/airflow/.local/lib/python3.8/site-packages/airflow/example_dags/example_subdag_operator.py
[2024-04-08T09:30:50.242+0000] {processor.py:830} INFO - Processing file /home/airflow/.local/lib/python3.8/site-packages/airflow/example_dags/example_subdag_operator.py for tasks to queue
[2024-04-08T09:30:50.243+0000] {logging_mixin.py:188} INFO - [2024-04-08T09:30:50.243+0000] {dagbag.py:540} INFO - Filling up the DagBag from /home/airflow/.local/lib/python3.8/site-packages/airflow/example_dags/example_subdag_operator.py
[2024-04-08T09:30:50.314+0000] {processor.py:840} INFO - DAG(s) 'example_subdag_operator.section-1', 'example_subdag_operator.section-2', 'example_subdag_operator' retrieved from /home/airflow/.local/lib/python3.8/site-packages/airflow/example_dags/example_subdag_operator.py
[2024-04-08T09:30:50.328+0000] {logging_mixin.py:188} INFO - [2024-04-08T09:30:50.328+0000] {dag.py:3047} INFO - Sync 3 DAGs
[2024-04-08T09:30:50.367+0000] {logging_mixin.py:188} INFO - [2024-04-08T09:30:50.367+0000] {dag.py:3834} INFO - Setting next_dagrun for example_subdag_operator to 2022-01-01 00:00:00+00:00, run_after=2022-01-01 00:00:00+00:00
[2024-04-08T09:30:50.370+0000] {logging_mixin.py:188} INFO - [2024-04-08T09:30:50.370+0000] {dag.py:3834} INFO - Setting next_dagrun for example_subdag_operator.section-1 to None, run_after=None
[2024-04-08T09:30:50.371+0000] {logging_mixin.py:188} INFO - [2024-04-08T09:30:50.370+0000] {dag.py:3834} INFO - Setting next_dagrun for example_subdag_operator.section-2 to None, run_after=None
[2024-04-08T09:30:50.382+0000] {logging_mixin.py:188} INFO - [2024-04-08T09:30:50.382+0000] {dag.py:3047} INFO - Sync 2 DAGs
[2024-04-08T09:30:50.389+0000] {logging_mixin.py:188} INFO - [2024-04-08T09:30:50.389+0000] {dag.py:3834} INFO - Setting next_dagrun for example_subdag_operator.section-1 to None, run_after=None
[2024-04-08T09:30:50.390+0000] {logging_mixin.py:188} INFO - [2024-04-08T09:30:50.390+0000] {dag.py:3834} INFO - Setting next_dagrun for example_subdag_operator.section-2 to None, run_after=None
[2024-04-08T09:30:50.400+0000] {processor.py:183} INFO - Processing /home/airflow/.local/lib/python3.8/site-packages/airflow/example_dags/example_subdag_operator.py took 0.160 seconds
[2024-04-08T09:31:20.450+0000] {processor.py:161} INFO - Started process (PID=242) to work on /home/airflow/.local/lib/python3.8/site-packages/airflow/example_dags/example_subdag_operator.py
[2024-04-08T09:31:20.451+0000] {processor.py:830} INFO - Processing file /home/airflow/.local/lib/python3.8/site-packages/airflow/example_dags/example_subdag_operator.py for tasks to queue
[2024-04-08T09:31:20.452+0000] {logging_mixin.py:188} INFO - [2024-04-08T09:31:20.452+0000] {dagbag.py:540} INFO - Filling up the DagBag from /home/airflow/.local/lib/python3.8/site-packages/airflow/example_dags/example_subdag_operator.py
[2024-04-08T09:31:20.524+0000] {processor.py:840} INFO - DAG(s) 'example_subdag_operator.section-1', 'example_subdag_operator.section-2', 'example_subdag_operator' retrieved from /home/airflow/.local/lib/python3.8/site-packages/airflow/example_dags/example_subdag_operator.py
[2024-04-08T09:31:20.537+0000] {logging_mixin.py:188} INFO - [2024-04-08T09:31:20.537+0000] {dag.py:3047} INFO - Sync 3 DAGs
[2024-04-08T09:31:20.577+0000] {logging_mixin.py:188} INFO - [2024-04-08T09:31:20.577+0000] {dag.py:3834} INFO - Setting next_dagrun for example_subdag_operator to 2022-01-01 00:00:00+00:00, run_after=2022-01-01 00:00:00+00:00
[2024-04-08T09:31:20.580+0000] {logging_mixin.py:188} INFO - [2024-04-08T09:31:20.580+0000] {dag.py:3834} INFO - Setting next_dagrun for example_subdag_operator.section-1 to None, run_after=None
[2024-04-08T09:31:20.581+0000] {logging_mixin.py:188} INFO - [2024-04-08T09:31:20.580+0000] {dag.py:3834} INFO - Setting next_dagrun for example_subdag_operator.section-2 to None, run_after=None
[2024-04-08T09:31:20.592+0000] {logging_mixin.py:188} INFO - [2024-04-08T09:31:20.592+0000] {dag.py:3047} INFO - Sync 2 DAGs
[2024-04-08T09:31:20.600+0000] {logging_mixin.py:188} INFO - [2024-04-08T09:31:20.599+0000] {dag.py:3834} INFO - Setting next_dagrun for example_subdag_operator.section-1 to None, run_after=None
[2024-04-08T09:31:20.600+0000] {logging_mixin.py:188} INFO - [2024-04-08T09:31:20.600+0000] {dag.py:3834} INFO - Setting next_dagrun for example_subdag_operator.section-2 to None, run_after=None
[2024-04-08T09:31:20.611+0000] {processor.py:183} INFO - Processing /home/airflow/.local/lib/python3.8/site-packages/airflow/example_dags/example_subdag_operator.py took 0.162 seconds
[2024-04-08T09:31:50.646+0000] {processor.py:161} INFO - Started process (PID=296) to work on /home/airflow/.local/lib/python3.8/site-packages/airflow/example_dags/example_subdag_operator.py
[2024-04-08T09:31:50.647+0000] {processor.py:830} INFO - Processing file /home/airflow/.local/lib/python3.8/site-packages/airflow/example_dags/example_subdag_operator.py for tasks to queue
[2024-04-08T09:31:50.648+0000] {logging_mixin.py:188} INFO - [2024-04-08T09:31:50.647+0000] {dagbag.py:540} INFO - Filling up the DagBag from /home/airflow/.local/lib/python3.8/site-packages/airflow/example_dags/example_subdag_operator.py
[2024-04-08T09:31:50.719+0000] {processor.py:840} INFO - DAG(s) 'example_subdag_operator.section-1', 'example_subdag_operator.section-2', 'example_subdag_operator' retrieved from /home/airflow/.local/lib/python3.8/site-packages/airflow/example_dags/example_subdag_operator.py
[2024-04-08T09:31:50.732+0000] {logging_mixin.py:188} INFO - [2024-04-08T09:31:50.732+0000] {dag.py:3047} INFO - Sync 3 DAGs
[2024-04-08T09:31:50.773+0000] {logging_mixin.py:188} INFO - [2024-04-08T09:31:50.773+0000] {dag.py:3834} INFO - Setting next_dagrun for example_subdag_operator to 2022-01-01 00:00:00+00:00, run_after=2022-01-01 00:00:00+00:00
[2024-04-08T09:31:50.775+0000] {logging_mixin.py:188} INFO - [2024-04-08T09:31:50.775+0000] {dag.py:3834} INFO - Setting next_dagrun for example_subdag_operator.section-1 to None, run_after=None
[2024-04-08T09:31:50.776+0000] {logging_mixin.py:188} INFO - [2024-04-08T09:31:50.776+0000] {dag.py:3834} INFO - Setting next_dagrun for example_subdag_operator.section-2 to None, run_after=None
[2024-04-08T09:31:50.788+0000] {logging_mixin.py:188} INFO - [2024-04-08T09:31:50.788+0000] {dag.py:3047} INFO - Sync 2 DAGs
[2024-04-08T09:31:50.796+0000] {logging_mixin.py:188} INFO - [2024-04-08T09:31:50.795+0000] {dag.py:3834} INFO - Setting next_dagrun for example_subdag_operator.section-1 to None, run_after=None
[2024-04-08T09:31:50.796+0000] {logging_mixin.py:188} INFO - [2024-04-08T09:31:50.796+0000] {dag.py:3834} INFO - Setting next_dagrun for example_subdag_operator.section-2 to None, run_after=None
[2024-04-08T09:31:50.806+0000] {processor.py:183} INFO - Processing /home/airflow/.local/lib/python3.8/site-packages/airflow/example_dags/example_subdag_operator.py took 0.161 seconds
[2024-04-08T09:32:20.846+0000] {processor.py:161} INFO - Started process (PID=351) to work on /home/airflow/.local/lib/python3.8/site-packages/airflow/example_dags/example_subdag_operator.py
[2024-04-08T09:32:20.846+0000] {processor.py:830} INFO - Processing file /home/airflow/.local/lib/python3.8/site-packages/airflow/example_dags/example_subdag_operator.py for tasks to queue
[2024-04-08T09:32:20.847+0000] {logging_mixin.py:188} INFO - [2024-04-08T09:32:20.847+0000] {dagbag.py:540} INFO - Filling up the DagBag from /home/airflow/.local/lib/python3.8/site-packages/airflow/example_dags/example_subdag_operator.py
[2024-04-08T09:32:20.918+0000] {processor.py:840} INFO - DAG(s) 'example_subdag_operator.section-1', 'example_subdag_operator.section-2', 'example_subdag_operator' retrieved from /home/airflow/.local/lib/python3.8/site-packages/airflow/example_dags/example_subdag_operator.py
[2024-04-08T09:32:20.930+0000] {logging_mixin.py:188} INFO - [2024-04-08T09:32:20.930+0000] {dag.py:3047} INFO - Sync 3 DAGs
[2024-04-08T09:32:20.969+0000] {logging_mixin.py:188} INFO - [2024-04-08T09:32:20.969+0000] {dag.py:3834} INFO - Setting next_dagrun for example_subdag_operator to 2022-01-01 00:00:00+00:00, run_after=2022-01-01 00:00:00+00:00
[2024-04-08T09:32:20.972+0000] {logging_mixin.py:188} INFO - [2024-04-08T09:32:20.972+0000] {dag.py:3834} INFO - Setting next_dagrun for example_subdag_operator.section-1 to None, run_after=None
[2024-04-08T09:32:20.973+0000] {logging_mixin.py:188} INFO - [2024-04-08T09:32:20.973+0000] {dag.py:3834} INFO - Setting next_dagrun for example_subdag_operator.section-2 to None, run_after=None
[2024-04-08T09:32:20.985+0000] {logging_mixin.py:188} INFO - [2024-04-08T09:32:20.984+0000] {dag.py:3047} INFO - Sync 2 DAGs
[2024-04-08T09:32:20.993+0000] {logging_mixin.py:188} INFO - [2024-04-08T09:32:20.992+0000] {dag.py:3834} INFO - Setting next_dagrun for example_subdag_operator.section-1 to None, run_after=None
[2024-04-08T09:32:20.993+0000] {logging_mixin.py:188} INFO - [2024-04-08T09:32:20.993+0000] {dag.py:3834} INFO - Setting next_dagrun for example_subdag_operator.section-2 to None, run_after=None
[2024-04-08T09:32:21.003+0000] {processor.py:183} INFO - Processing /home/airflow/.local/lib/python3.8/site-packages/airflow/example_dags/example_subdag_operator.py took 0.159 seconds
[2024-04-08T09:32:51.117+0000] {processor.py:161} INFO - Started process (PID=406) to work on /home/airflow/.local/lib/python3.8/site-packages/airflow/example_dags/example_subdag_operator.py
[2024-04-08T09:32:51.117+0000] {processor.py:830} INFO - Processing file /home/airflow/.local/lib/python3.8/site-packages/airflow/example_dags/example_subdag_operator.py for tasks to queue
[2024-04-08T09:32:51.118+0000] {logging_mixin.py:188} INFO - [2024-04-08T09:32:51.118+0000] {dagbag.py:540} INFO - Filling up the DagBag from /home/airflow/.local/lib/python3.8/site-packages/airflow/example_dags/example_subdag_operator.py
[2024-04-08T09:32:51.188+0000] {processor.py:840} INFO - DAG(s) 'example_subdag_operator.section-1', 'example_subdag_operator.section-2', 'example_subdag_operator' retrieved from /home/airflow/.local/lib/python3.8/site-packages/airflow/example_dags/example_subdag_operator.py
[2024-04-08T09:32:51.202+0000] {logging_mixin.py:188} INFO - [2024-04-08T09:32:51.202+0000] {dag.py:3047} INFO - Sync 3 DAGs
[2024-04-08T09:32:51.240+0000] {logging_mixin.py:188} INFO - [2024-04-08T09:32:51.240+0000] {dag.py:3834} INFO - Setting next_dagrun for example_subdag_operator to 2022-01-01 00:00:00+00:00, run_after=2022-01-01 00:00:00+00:00
[2024-04-08T09:32:51.243+0000] {logging_mixin.py:188} INFO - [2024-04-08T09:32:51.242+0000] {dag.py:3834} INFO - Setting next_dagrun for example_subdag_operator.section-1 to None, run_after=None
[2024-04-08T09:32:51.243+0000] {logging_mixin.py:188} INFO - [2024-04-08T09:32:51.243+0000] {dag.py:3834} INFO - Setting next_dagrun for example_subdag_operator.section-2 to None, run_after=None
[2024-04-08T09:32:51.255+0000] {logging_mixin.py:188} INFO - [2024-04-08T09:32:51.255+0000] {dag.py:3047} INFO - Sync 2 DAGs
[2024-04-08T09:32:51.263+0000] {logging_mixin.py:188} INFO - [2024-04-08T09:32:51.263+0000] {dag.py:3834} INFO - Setting next_dagrun for example_subdag_operator.section-1 to None, run_after=None
[2024-04-08T09:32:51.263+0000] {logging_mixin.py:188} INFO - [2024-04-08T09:32:51.263+0000] {dag.py:3834} INFO - Setting next_dagrun for example_subdag_operator.section-2 to None, run_after=None
[2024-04-08T09:32:51.274+0000] {processor.py:183} INFO - Processing /home/airflow/.local/lib/python3.8/site-packages/airflow/example_dags/example_subdag_operator.py took 0.159 seconds
[2024-04-08T09:33:21.288+0000] {processor.py:161} INFO - Started process (PID=460) to work on /home/airflow/.local/lib/python3.8/site-packages/airflow/example_dags/example_subdag_operator.py
[2024-04-08T09:33:21.288+0000] {processor.py:830} INFO - Processing file /home/airflow/.local/lib/python3.8/site-packages/airflow/example_dags/example_subdag_operator.py for tasks to queue
[2024-04-08T09:33:21.289+0000] {logging_mixin.py:188} INFO - [2024-04-08T09:33:21.289+0000] {dagbag.py:540} INFO - Filling up the DagBag from /home/airflow/.local/lib/python3.8/site-packages/airflow/example_dags/example_subdag_operator.py
[2024-04-08T09:33:21.359+0000] {processor.py:840} INFO - DAG(s) 'example_subdag_operator.section-1', 'example_subdag_operator.section-2', 'example_subdag_operator' retrieved from /home/airflow/.local/lib/python3.8/site-packages/airflow/example_dags/example_subdag_operator.py
[2024-04-08T09:33:21.372+0000] {logging_mixin.py:188} INFO - [2024-04-08T09:33:21.372+0000] {dag.py:3047} INFO - Sync 3 DAGs
[2024-04-08T09:33:21.411+0000] {logging_mixin.py:188} INFO - [2024-04-08T09:33:21.411+0000] {dag.py:3834} INFO - Setting next_dagrun for example_subdag_operator to 2022-01-01 00:00:00+00:00, run_after=2022-01-01 00:00:00+00:00
[2024-04-08T09:33:21.414+0000] {logging_mixin.py:188} INFO - [2024-04-08T09:33:21.414+0000] {dag.py:3834} INFO - Setting next_dagrun for example_subdag_operator.section-1 to None, run_after=None
[2024-04-08T09:33:21.415+0000] {logging_mixin.py:188} INFO - [2024-04-08T09:33:21.414+0000] {dag.py:3834} INFO - Setting next_dagrun for example_subdag_operator.section-2 to None, run_after=None
[2024-04-08T09:33:21.427+0000] {logging_mixin.py:188} INFO - [2024-04-08T09:33:21.426+0000] {dag.py:3047} INFO - Sync 2 DAGs
[2024-04-08T09:33:21.435+0000] {logging_mixin.py:188} INFO - [2024-04-08T09:33:21.435+0000] {dag.py:3834} INFO - Setting next_dagrun for example_subdag_operator.section-1 to None, run_after=None
[2024-04-08T09:33:21.435+0000] {logging_mixin.py:188} INFO - [2024-04-08T09:33:21.435+0000] {dag.py:3834} INFO - Setting next_dagrun for example_subdag_operator.section-2 to None, run_after=None
[2024-04-08T09:33:21.446+0000] {processor.py:183} INFO - Processing /home/airflow/.local/lib/python3.8/site-packages/airflow/example_dags/example_subdag_operator.py took 0.160 seconds
[2024-04-08T09:33:51.532+0000] {processor.py:161} INFO - Started process (PID=514) to work on /home/airflow/.local/lib/python3.8/site-packages/airflow/example_dags/example_subdag_operator.py
[2024-04-08T09:33:51.533+0000] {processor.py:830} INFO - Processing file /home/airflow/.local/lib/python3.8/site-packages/airflow/example_dags/example_subdag_operator.py for tasks to queue
[2024-04-08T09:33:51.534+0000] {logging_mixin.py:188} INFO - [2024-04-08T09:33:51.533+0000] {dagbag.py:540} INFO - Filling up the DagBag from /home/airflow/.local/lib/python3.8/site-packages/airflow/example_dags/example_subdag_operator.py
[2024-04-08T09:33:51.604+0000] {processor.py:840} INFO - DAG(s) 'example_subdag_operator.section-1', 'example_subdag_operator.section-2', 'example_subdag_operator' retrieved from /home/airflow/.local/lib/python3.8/site-packages/airflow/example_dags/example_subdag_operator.py
[2024-04-08T09:33:51.617+0000] {logging_mixin.py:188} INFO - [2024-04-08T09:33:51.617+0000] {dag.py:3047} INFO - Sync 3 DAGs
[2024-04-08T09:33:51.656+0000] {logging_mixin.py:188} INFO - [2024-04-08T09:33:51.656+0000] {dag.py:3834} INFO - Setting next_dagrun for example_subdag_operator to 2022-01-01 00:00:00+00:00, run_after=2022-01-01 00:00:00+00:00
[2024-04-08T09:33:51.658+0000] {logging_mixin.py:188} INFO - [2024-04-08T09:33:51.658+0000] {dag.py:3834} INFO - Setting next_dagrun for example_subdag_operator.section-1 to None, run_after=None
[2024-04-08T09:33:51.659+0000] {logging_mixin.py:188} INFO - [2024-04-08T09:33:51.659+0000] {dag.py:3834} INFO - Setting next_dagrun for example_subdag_operator.section-2 to None, run_after=None
[2024-04-08T09:33:51.670+0000] {logging_mixin.py:188} INFO - [2024-04-08T09:33:51.670+0000] {dag.py:3047} INFO - Sync 2 DAGs
[2024-04-08T09:33:51.682+0000] {logging_mixin.py:188} INFO - [2024-04-08T09:33:51.682+0000] {dag.py:3834} INFO - Setting next_dagrun for example_subdag_operator.section-1 to None, run_after=None
[2024-04-08T09:33:51.682+0000] {logging_mixin.py:188} INFO - [2024-04-08T09:33:51.682+0000] {dag.py:3834} INFO - Setting next_dagrun for example_subdag_operator.section-2 to None, run_after=None
[2024-04-08T09:33:51.693+0000] {processor.py:183} INFO - Processing /home/airflow/.local/lib/python3.8/site-packages/airflow/example_dags/example_subdag_operator.py took 0.162 seconds
[2024-04-08T09:34:22.072+0000] {processor.py:161} INFO - Started process (PID=570) to work on /home/airflow/.local/lib/python3.8/site-packages/airflow/example_dags/example_subdag_operator.py
[2024-04-08T09:34:22.072+0000] {processor.py:830} INFO - Processing file /home/airflow/.local/lib/python3.8/site-packages/airflow/example_dags/example_subdag_operator.py for tasks to queue
[2024-04-08T09:34:22.073+0000] {logging_mixin.py:188} INFO - [2024-04-08T09:34:22.073+0000] {dagbag.py:540} INFO - Filling up the DagBag from /home/airflow/.local/lib/python3.8/site-packages/airflow/example_dags/example_subdag_operator.py
[2024-04-08T09:34:22.150+0000] {processor.py:840} INFO - DAG(s) 'example_subdag_operator.section-1', 'example_subdag_operator.section-2', 'example_subdag_operator' retrieved from /home/airflow/.local/lib/python3.8/site-packages/airflow/example_dags/example_subdag_operator.py
[2024-04-08T09:34:22.167+0000] {logging_mixin.py:188} INFO - [2024-04-08T09:34:22.167+0000] {dag.py:3047} INFO - Sync 3 DAGs
[2024-04-08T09:34:22.211+0000] {logging_mixin.py:188} INFO - [2024-04-08T09:34:22.211+0000] {dag.py:3834} INFO - Setting next_dagrun for example_subdag_operator to 2022-01-01 00:00:00+00:00, run_after=2022-01-01 00:00:00+00:00
[2024-04-08T09:34:22.217+0000] {logging_mixin.py:188} INFO - [2024-04-08T09:34:22.217+0000] {dag.py:3834} INFO - Setting next_dagrun for example_subdag_operator.section-1 to None, run_after=None
[2024-04-08T09:34:22.218+0000] {logging_mixin.py:188} INFO - [2024-04-08T09:34:22.218+0000] {dag.py:3834} INFO - Setting next_dagrun for example_subdag_operator.section-2 to None, run_after=None
[2024-04-08T09:34:22.229+0000] {logging_mixin.py:188} INFO - [2024-04-08T09:34:22.229+0000] {dag.py:3047} INFO - Sync 2 DAGs
[2024-04-08T09:34:22.236+0000] {logging_mixin.py:188} INFO - [2024-04-08T09:34:22.236+0000] {dag.py:3834} INFO - Setting next_dagrun for example_subdag_operator.section-1 to None, run_after=None
[2024-04-08T09:34:22.237+0000] {logging_mixin.py:188} INFO - [2024-04-08T09:34:22.237+0000] {dag.py:3834} INFO - Setting next_dagrun for example_subdag_operator.section-2 to None, run_after=None
[2024-04-08T09:34:22.246+0000] {processor.py:183} INFO - Processing /home/airflow/.local/lib/python3.8/site-packages/airflow/example_dags/example_subdag_operator.py took 0.177 seconds
[2024-04-08T09:34:52.301+0000] {processor.py:161} INFO - Started process (PID=626) to work on /home/airflow/.local/lib/python3.8/site-packages/airflow/example_dags/example_subdag_operator.py
[2024-04-08T09:34:52.301+0000] {processor.py:830} INFO - Processing file /home/airflow/.local/lib/python3.8/site-packages/airflow/example_dags/example_subdag_operator.py for tasks to queue
[2024-04-08T09:34:52.302+0000] {logging_mixin.py:188} INFO - [2024-04-08T09:34:52.302+0000] {dagbag.py:540} INFO - Filling up the DagBag from /home/airflow/.local/lib/python3.8/site-packages/airflow/example_dags/example_subdag_operator.py
[2024-04-08T09:34:52.374+0000] {processor.py:840} INFO - DAG(s) 'example_subdag_operator.section-1', 'example_subdag_operator.section-2', 'example_subdag_operator' retrieved from /home/airflow/.local/lib/python3.8/site-packages/airflow/example_dags/example_subdag_operator.py
[2024-04-08T09:34:52.389+0000] {logging_mixin.py:188} INFO - [2024-04-08T09:34:52.388+0000] {dag.py:3047} INFO - Sync 3 DAGs
[2024-04-08T09:34:52.431+0000] {logging_mixin.py:188} INFO - [2024-04-08T09:34:52.431+0000] {dag.py:3834} INFO - Setting next_dagrun for example_subdag_operator to 2022-01-01 00:00:00+00:00, run_after=2022-01-01 00:00:00+00:00
[2024-04-08T09:34:52.433+0000] {logging_mixin.py:188} INFO - [2024-04-08T09:34:52.433+0000] {dag.py:3834} INFO - Setting next_dagrun for example_subdag_operator.section-1 to None, run_after=None
[2024-04-08T09:34:52.434+0000] {logging_mixin.py:188} INFO - [2024-04-08T09:34:52.434+0000] {dag.py:3834} INFO - Setting next_dagrun for example_subdag_operator.section-2 to None, run_after=None
[2024-04-08T09:34:52.444+0000] {logging_mixin.py:188} INFO - [2024-04-08T09:34:52.444+0000] {dag.py:3047} INFO - Sync 2 DAGs
[2024-04-08T09:34:52.451+0000] {logging_mixin.py:188} INFO - [2024-04-08T09:34:52.451+0000] {dag.py:3834} INFO - Setting next_dagrun for example_subdag_operator.section-1 to None, run_after=None
[2024-04-08T09:34:52.452+0000] {logging_mixin.py:188} INFO - [2024-04-08T09:34:52.452+0000] {dag.py:3834} INFO - Setting next_dagrun for example_subdag_operator.section-2 to None, run_after=None
[2024-04-08T09:34:52.462+0000] {processor.py:183} INFO - Processing /home/airflow/.local/lib/python3.8/site-packages/airflow/example_dags/example_subdag_operator.py took 0.163 seconds
[2024-04-08T09:35:22.700+0000] {processor.py:161} INFO - Started process (PID=680) to work on /home/airflow/.local/lib/python3.8/site-packages/airflow/example_dags/example_subdag_operator.py
[2024-04-08T09:35:22.701+0000] {processor.py:830} INFO - Processing file /home/airflow/.local/lib/python3.8/site-packages/airflow/example_dags/example_subdag_operator.py for tasks to queue
[2024-04-08T09:35:22.702+0000] {logging_mixin.py:188} INFO - [2024-04-08T09:35:22.702+0000] {dagbag.py:540} INFO - Filling up the DagBag from /home/airflow/.local/lib/python3.8/site-packages/airflow/example_dags/example_subdag_operator.py
[2024-04-08T09:35:22.774+0000] {processor.py:840} INFO - DAG(s) 'example_subdag_operator.section-1', 'example_subdag_operator.section-2', 'example_subdag_operator' retrieved from /home/airflow/.local/lib/python3.8/site-packages/airflow/example_dags/example_subdag_operator.py
[2024-04-08T09:35:22.786+0000] {logging_mixin.py:188} INFO - [2024-04-08T09:35:22.785+0000] {dag.py:3047} INFO - Sync 3 DAGs
[2024-04-08T09:35:22.825+0000] {logging_mixin.py:188} INFO - [2024-04-08T09:35:22.825+0000] {dag.py:3834} INFO - Setting next_dagrun for example_subdag_operator to 2022-01-01 00:00:00+00:00, run_after=2022-01-01 00:00:00+00:00
[2024-04-08T09:35:22.827+0000] {logging_mixin.py:188} INFO - [2024-04-08T09:35:22.827+0000] {dag.py:3834} INFO - Setting next_dagrun for example_subdag_operator.section-1 to None, run_after=None
[2024-04-08T09:35:22.828+0000] {logging_mixin.py:188} INFO - [2024-04-08T09:35:22.828+0000] {dag.py:3834} INFO - Setting next_dagrun for example_subdag_operator.section-2 to None, run_after=None
[2024-04-08T09:35:22.839+0000] {logging_mixin.py:188} INFO - [2024-04-08T09:35:22.839+0000] {dag.py:3047} INFO - Sync 2 DAGs
[2024-04-08T09:35:22.846+0000] {logging_mixin.py:188} INFO - [2024-04-08T09:35:22.846+0000] {dag.py:3834} INFO - Setting next_dagrun for example_subdag_operator.section-1 to None, run_after=None
[2024-04-08T09:35:22.847+0000] {logging_mixin.py:188} INFO - [2024-04-08T09:35:22.847+0000] {dag.py:3834} INFO - Setting next_dagrun for example_subdag_operator.section-2 to None, run_after=None
[2024-04-08T09:35:22.857+0000] {processor.py:183} INFO - Processing /home/airflow/.local/lib/python3.8/site-packages/airflow/example_dags/example_subdag_operator.py took 0.158 seconds
[2024-04-08T09:35:52.952+0000] {processor.py:161} INFO - Started process (PID=735) to work on /home/airflow/.local/lib/python3.8/site-packages/airflow/example_dags/example_subdag_operator.py
[2024-04-08T09:35:52.952+0000] {processor.py:830} INFO - Processing file /home/airflow/.local/lib/python3.8/site-packages/airflow/example_dags/example_subdag_operator.py for tasks to queue
[2024-04-08T09:35:52.953+0000] {logging_mixin.py:188} INFO - [2024-04-08T09:35:52.953+0000] {dagbag.py:540} INFO - Filling up the DagBag from /home/airflow/.local/lib/python3.8/site-packages/airflow/example_dags/example_subdag_operator.py
[2024-04-08T09:35:53.025+0000] {processor.py:840} INFO - DAG(s) 'example_subdag_operator.section-1', 'example_subdag_operator.section-2', 'example_subdag_operator' retrieved from /home/airflow/.local/lib/python3.8/site-packages/airflow/example_dags/example_subdag_operator.py
[2024-04-08T09:35:53.039+0000] {logging_mixin.py:188} INFO - [2024-04-08T09:35:53.039+0000] {dag.py:3047} INFO - Sync 3 DAGs
[2024-04-08T09:35:53.079+0000] {logging_mixin.py:188} INFO - [2024-04-08T09:35:53.079+0000] {dag.py:3834} INFO - Setting next_dagrun for example_subdag_operator to 2022-01-01 00:00:00+00:00, run_after=2022-01-01 00:00:00+00:00
[2024-04-08T09:35:53.082+0000] {logging_mixin.py:188} INFO - [2024-04-08T09:35:53.082+0000] {dag.py:3834} INFO - Setting next_dagrun for example_subdag_operator.section-1 to None, run_after=None
[2024-04-08T09:35:53.083+0000] {logging_mixin.py:188} INFO - [2024-04-08T09:35:53.083+0000] {dag.py:3834} INFO - Setting next_dagrun for example_subdag_operator.section-2 to None, run_after=None
[2024-04-08T09:35:53.094+0000] {logging_mixin.py:188} INFO - [2024-04-08T09:35:53.094+0000] {dag.py:3047} INFO - Sync 2 DAGs
[2024-04-08T09:35:53.101+0000] {logging_mixin.py:188} INFO - [2024-04-08T09:35:53.101+0000] {dag.py:3834} INFO - Setting next_dagrun for example_subdag_operator.section-1 to None, run_after=None
[2024-04-08T09:35:53.101+0000] {logging_mixin.py:188} INFO - [2024-04-08T09:35:53.101+0000] {dag.py:3834} INFO - Setting next_dagrun for example_subdag_operator.section-2 to None, run_after=None
[2024-04-08T09:35:53.112+0000] {processor.py:183} INFO - Processing /home/airflow/.local/lib/python3.8/site-packages/airflow/example_dags/example_subdag_operator.py took 0.162 seconds
[2024-04-08T09:36:23.227+0000] {processor.py:161} INFO - Started process (PID=790) to work on /home/airflow/.local/lib/python3.8/site-packages/airflow/example_dags/example_subdag_operator.py
[2024-04-08T09:36:23.227+0000] {processor.py:830} INFO - Processing file /home/airflow/.local/lib/python3.8/site-packages/airflow/example_dags/example_subdag_operator.py for tasks to queue
[2024-04-08T09:36:23.228+0000] {logging_mixin.py:188} INFO - [2024-04-08T09:36:23.228+0000] {dagbag.py:540} INFO - Filling up the DagBag from /home/airflow/.local/lib/python3.8/site-packages/airflow/example_dags/example_subdag_operator.py
[2024-04-08T09:36:23.301+0000] {processor.py:840} INFO - DAG(s) 'example_subdag_operator.section-1', 'example_subdag_operator.section-2', 'example_subdag_operator' retrieved from /home/airflow/.local/lib/python3.8/site-packages/airflow/example_dags/example_subdag_operator.py
[2024-04-08T09:36:23.313+0000] {logging_mixin.py:188} INFO - [2024-04-08T09:36:23.313+0000] {dag.py:3047} INFO - Sync 3 DAGs
[2024-04-08T09:36:23.352+0000] {logging_mixin.py:188} INFO - [2024-04-08T09:36:23.352+0000] {dag.py:3834} INFO - Setting next_dagrun for example_subdag_operator to 2022-01-01 00:00:00+00:00, run_after=2022-01-01 00:00:00+00:00
[2024-04-08T09:36:23.355+0000] {logging_mixin.py:188} INFO - [2024-04-08T09:36:23.355+0000] {dag.py:3834} INFO - Setting next_dagrun for example_subdag_operator.section-1 to None, run_after=None
[2024-04-08T09:36:23.356+0000] {logging_mixin.py:188} INFO - [2024-04-08T09:36:23.356+0000] {dag.py:3834} INFO - Setting next_dagrun for example_subdag_operator.section-2 to None, run_after=None
[2024-04-08T09:36:23.367+0000] {logging_mixin.py:188} INFO - [2024-04-08T09:36:23.366+0000] {dag.py:3047} INFO - Sync 2 DAGs
[2024-04-08T09:36:23.374+0000] {logging_mixin.py:188} INFO - [2024-04-08T09:36:23.374+0000] {dag.py:3834} INFO - Setting next_dagrun for example_subdag_operator.section-1 to None, run_after=None
[2024-04-08T09:36:23.374+0000] {logging_mixin.py:188} INFO - [2024-04-08T09:36:23.374+0000] {dag.py:3834} INFO - Setting next_dagrun for example_subdag_operator.section-2 to None, run_after=None
[2024-04-08T09:36:23.384+0000] {processor.py:183} INFO - Processing /home/airflow/.local/lib/python3.8/site-packages/airflow/example_dags/example_subdag_operator.py took 0.159 seconds
[2024-04-08T09:36:53.434+0000] {processor.py:161} INFO - Started process (PID=845) to work on /home/airflow/.local/lib/python3.8/site-packages/airflow/example_dags/example_subdag_operator.py
[2024-04-08T09:36:53.435+0000] {processor.py:830} INFO - Processing file /home/airflow/.local/lib/python3.8/site-packages/airflow/example_dags/example_subdag_operator.py for tasks to queue
[2024-04-08T09:36:53.435+0000] {logging_mixin.py:188} INFO - [2024-04-08T09:36:53.435+0000] {dagbag.py:540} INFO - Filling up the DagBag from /home/airflow/.local/lib/python3.8/site-packages/airflow/example_dags/example_subdag_operator.py
[2024-04-08T09:36:53.507+0000] {processor.py:840} INFO - DAG(s) 'example_subdag_operator.section-1', 'example_subdag_operator.section-2', 'example_subdag_operator' retrieved from /home/airflow/.local/lib/python3.8/site-packages/airflow/example_dags/example_subdag_operator.py
[2024-04-08T09:36:53.521+0000] {logging_mixin.py:188} INFO - [2024-04-08T09:36:53.521+0000] {dag.py:3047} INFO - Sync 3 DAGs
[2024-04-08T09:36:53.561+0000] {logging_mixin.py:188} INFO - [2024-04-08T09:36:53.561+0000] {dag.py:3834} INFO - Setting next_dagrun for example_subdag_operator to 2022-01-01 00:00:00+00:00, run_after=2022-01-01 00:00:00+00:00
[2024-04-08T09:36:53.564+0000] {logging_mixin.py:188} INFO - [2024-04-08T09:36:53.564+0000] {dag.py:3834} INFO - Setting next_dagrun for example_subdag_operator.section-1 to None, run_after=None
[2024-04-08T09:36:53.565+0000] {logging_mixin.py:188} INFO - [2024-04-08T09:36:53.564+0000] {dag.py:3834} INFO - Setting next_dagrun for example_subdag_operator.section-2 to None, run_after=None
[2024-04-08T09:36:53.576+0000] {logging_mixin.py:188} INFO - [2024-04-08T09:36:53.576+0000] {dag.py:3047} INFO - Sync 2 DAGs
[2024-04-08T09:36:53.583+0000] {logging_mixin.py:188} INFO - [2024-04-08T09:36:53.583+0000] {dag.py:3834} INFO - Setting next_dagrun for example_subdag_operator.section-1 to None, run_after=None
[2024-04-08T09:36:53.583+0000] {logging_mixin.py:188} INFO - [2024-04-08T09:36:53.583+0000] {dag.py:3834} INFO - Setting next_dagrun for example_subdag_operator.section-2 to None, run_after=None
[2024-04-08T09:36:53.593+0000] {processor.py:183} INFO - Processing /home/airflow/.local/lib/python3.8/site-packages/airflow/example_dags/example_subdag_operator.py took 0.161 seconds
[2024-04-08T09:37:23.769+0000] {processor.py:161} INFO - Started process (PID=900) to work on /home/airflow/.local/lib/python3.8/site-packages/airflow/example_dags/example_subdag_operator.py
[2024-04-08T09:37:23.770+0000] {processor.py:830} INFO - Processing file /home/airflow/.local/lib/python3.8/site-packages/airflow/example_dags/example_subdag_operator.py for tasks to queue
[2024-04-08T09:37:23.771+0000] {logging_mixin.py:188} INFO - [2024-04-08T09:37:23.771+0000] {dagbag.py:540} INFO - Filling up the DagBag from /home/airflow/.local/lib/python3.8/site-packages/airflow/example_dags/example_subdag_operator.py
[2024-04-08T09:37:23.846+0000] {processor.py:840} INFO - DAG(s) 'example_subdag_operator.section-1', 'example_subdag_operator.section-2', 'example_subdag_operator' retrieved from /home/airflow/.local/lib/python3.8/site-packages/airflow/example_dags/example_subdag_operator.py
[2024-04-08T09:37:23.860+0000] {logging_mixin.py:188} INFO - [2024-04-08T09:37:23.860+0000] {dag.py:3047} INFO - Sync 3 DAGs
[2024-04-08T09:37:23.904+0000] {logging_mixin.py:188} INFO - [2024-04-08T09:37:23.904+0000] {dag.py:3834} INFO - Setting next_dagrun for example_subdag_operator to 2022-01-01 00:00:00+00:00, run_after=2022-01-01 00:00:00+00:00
[2024-04-08T09:37:23.906+0000] {logging_mixin.py:188} INFO - [2024-04-08T09:37:23.906+0000] {dag.py:3834} INFO - Setting next_dagrun for example_subdag_operator.section-1 to None, run_after=None
[2024-04-08T09:37:23.907+0000] {logging_mixin.py:188} INFO - [2024-04-08T09:37:23.907+0000] {dag.py:3834} INFO - Setting next_dagrun for example_subdag_operator.section-2 to None, run_after=None
[2024-04-08T09:37:23.919+0000] {logging_mixin.py:188} INFO - [2024-04-08T09:37:23.919+0000] {dag.py:3047} INFO - Sync 2 DAGs
[2024-04-08T09:37:23.927+0000] {logging_mixin.py:188} INFO - [2024-04-08T09:37:23.927+0000] {dag.py:3834} INFO - Setting next_dagrun for example_subdag_operator.section-1 to None, run_after=None
[2024-04-08T09:37:23.928+0000] {logging_mixin.py:188} INFO - [2024-04-08T09:37:23.928+0000] {dag.py:3834} INFO - Setting next_dagrun for example_subdag_operator.section-2 to None, run_after=None
[2024-04-08T09:37:23.939+0000] {processor.py:183} INFO - Processing /home/airflow/.local/lib/python3.8/site-packages/airflow/example_dags/example_subdag_operator.py took 0.172 seconds
[2024-04-08T09:37:54.669+0000] {processor.py:161} INFO - Started process (PID=955) to work on /home/airflow/.local/lib/python3.8/site-packages/airflow/example_dags/example_subdag_operator.py
[2024-04-08T09:37:54.670+0000] {processor.py:830} INFO - Processing file /home/airflow/.local/lib/python3.8/site-packages/airflow/example_dags/example_subdag_operator.py for tasks to queue
[2024-04-08T09:37:54.671+0000] {logging_mixin.py:188} INFO - [2024-04-08T09:37:54.671+0000] {dagbag.py:540} INFO - Filling up the DagBag from /home/airflow/.local/lib/python3.8/site-packages/airflow/example_dags/example_subdag_operator.py
[2024-04-08T09:37:54.748+0000] {processor.py:840} INFO - DAG(s) 'example_subdag_operator.section-1', 'example_subdag_operator.section-2', 'example_subdag_operator' retrieved from /home/airflow/.local/lib/python3.8/site-packages/airflow/example_dags/example_subdag_operator.py
[2024-04-08T09:37:54.768+0000] {logging_mixin.py:188} INFO - [2024-04-08T09:37:54.768+0000] {dag.py:3047} INFO - Sync 3 DAGs
[2024-04-08T09:37:54.813+0000] {logging_mixin.py:188} INFO - [2024-04-08T09:37:54.813+0000] {dag.py:3834} INFO - Setting next_dagrun for example_subdag_operator to 2022-01-01 00:00:00+00:00, run_after=2022-01-01 00:00:00+00:00
[2024-04-08T09:37:54.816+0000] {logging_mixin.py:188} INFO - [2024-04-08T09:37:54.816+0000] {dag.py:3834} INFO - Setting next_dagrun for example_subdag_operator.section-1 to None, run_after=None
[2024-04-08T09:37:54.817+0000] {logging_mixin.py:188} INFO - [2024-04-08T09:37:54.817+0000] {dag.py:3834} INFO - Setting next_dagrun for example_subdag_operator.section-2 to None, run_after=None
[2024-04-08T09:37:54.833+0000] {logging_mixin.py:188} INFO - [2024-04-08T09:37:54.833+0000] {dag.py:3047} INFO - Sync 2 DAGs
[2024-04-08T09:37:54.844+0000] {logging_mixin.py:188} INFO - [2024-04-08T09:37:54.844+0000] {dag.py:3834} INFO - Setting next_dagrun for example_subdag_operator.section-1 to None, run_after=None
[2024-04-08T09:37:54.845+0000] {logging_mixin.py:188} INFO - [2024-04-08T09:37:54.845+0000] {dag.py:3834} INFO - Setting next_dagrun for example_subdag_operator.section-2 to None, run_after=None
[2024-04-08T09:37:54.859+0000] {processor.py:183} INFO - Processing /home/airflow/.local/lib/python3.8/site-packages/airflow/example_dags/example_subdag_operator.py took 0.191 seconds
[2024-04-08T09:38:25.708+0000] {processor.py:161} INFO - Started process (PID=1010) to work on /home/airflow/.local/lib/python3.8/site-packages/airflow/example_dags/example_subdag_operator.py
[2024-04-08T09:38:25.709+0000] {processor.py:830} INFO - Processing file /home/airflow/.local/lib/python3.8/site-packages/airflow/example_dags/example_subdag_operator.py for tasks to queue
[2024-04-08T09:38:25.710+0000] {logging_mixin.py:188} INFO - [2024-04-08T09:38:25.710+0000] {dagbag.py:540} INFO - Filling up the DagBag from /home/airflow/.local/lib/python3.8/site-packages/airflow/example_dags/example_subdag_operator.py
[2024-04-08T09:38:25.790+0000] {processor.py:840} INFO - DAG(s) 'example_subdag_operator.section-1', 'example_subdag_operator.section-2', 'example_subdag_operator' retrieved from /home/airflow/.local/lib/python3.8/site-packages/airflow/example_dags/example_subdag_operator.py
[2024-04-08T09:38:25.803+0000] {logging_mixin.py:188} INFO - [2024-04-08T09:38:25.803+0000] {dag.py:3047} INFO - Sync 3 DAGs
[2024-04-08T09:38:25.846+0000] {logging_mixin.py:188} INFO - [2024-04-08T09:38:25.846+0000] {dag.py:3834} INFO - Setting next_dagrun for example_subdag_operator to 2022-01-01 00:00:00+00:00, run_after=2022-01-01 00:00:00+00:00
[2024-04-08T09:38:25.849+0000] {logging_mixin.py:188} INFO - [2024-04-08T09:38:25.849+0000] {dag.py:3834} INFO - Setting next_dagrun for example_subdag_operator.section-1 to None, run_after=None
[2024-04-08T09:38:25.850+0000] {logging_mixin.py:188} INFO - [2024-04-08T09:38:25.850+0000] {dag.py:3834} INFO - Setting next_dagrun for example_subdag_operator.section-2 to None, run_after=None
[2024-04-08T09:38:25.862+0000] {logging_mixin.py:188} INFO - [2024-04-08T09:38:25.862+0000] {dag.py:3047} INFO - Sync 2 DAGs
[2024-04-08T09:38:25.871+0000] {logging_mixin.py:188} INFO - [2024-04-08T09:38:25.871+0000] {dag.py:3834} INFO - Setting next_dagrun for example_subdag_operator.section-1 to None, run_after=None
[2024-04-08T09:38:25.871+0000] {logging_mixin.py:188} INFO - [2024-04-08T09:38:25.871+0000] {dag.py:3834} INFO - Setting next_dagrun for example_subdag_operator.section-2 to None, run_after=None
[2024-04-08T09:38:25.885+0000] {processor.py:183} INFO - Processing /home/airflow/.local/lib/python3.8/site-packages/airflow/example_dags/example_subdag_operator.py took 0.179 seconds
[2024-04-08T09:38:56.655+0000] {processor.py:161} INFO - Started process (PID=1065) to work on /home/airflow/.local/lib/python3.8/site-packages/airflow/example_dags/example_subdag_operator.py
[2024-04-08T09:38:56.657+0000] {processor.py:830} INFO - Processing file /home/airflow/.local/lib/python3.8/site-packages/airflow/example_dags/example_subdag_operator.py for tasks to queue
[2024-04-08T09:38:56.660+0000] {logging_mixin.py:188} INFO - [2024-04-08T09:38:56.660+0000] {dagbag.py:540} INFO - Filling up the DagBag from /home/airflow/.local/lib/python3.8/site-packages/airflow/example_dags/example_subdag_operator.py
[2024-04-08T09:38:56.809+0000] {processor.py:840} INFO - DAG(s) 'example_subdag_operator.section-1', 'example_subdag_operator.section-2', 'example_subdag_operator' retrieved from /home/airflow/.local/lib/python3.8/site-packages/airflow/example_dags/example_subdag_operator.py
[2024-04-08T09:38:56.836+0000] {logging_mixin.py:188} INFO - [2024-04-08T09:38:56.835+0000] {dag.py:3047} INFO - Sync 3 DAGs
[2024-04-08T09:38:56.908+0000] {logging_mixin.py:188} INFO - [2024-04-08T09:38:56.908+0000] {dag.py:3834} INFO - Setting next_dagrun for example_subdag_operator to 2022-01-01 00:00:00+00:00, run_after=2022-01-01 00:00:00+00:00
[2024-04-08T09:38:56.913+0000] {logging_mixin.py:188} INFO - [2024-04-08T09:38:56.912+0000] {dag.py:3834} INFO - Setting next_dagrun for example_subdag_operator.section-1 to None, run_after=None
[2024-04-08T09:38:56.915+0000] {logging_mixin.py:188} INFO - [2024-04-08T09:38:56.915+0000] {dag.py:3834} INFO - Setting next_dagrun for example_subdag_operator.section-2 to None, run_after=None
[2024-04-08T09:38:56.949+0000] {logging_mixin.py:188} INFO - [2024-04-08T09:38:56.948+0000] {dag.py:3047} INFO - Sync 2 DAGs
[2024-04-08T09:38:56.969+0000] {logging_mixin.py:188} INFO - [2024-04-08T09:38:56.969+0000] {dag.py:3834} INFO - Setting next_dagrun for example_subdag_operator.section-1 to None, run_after=None
[2024-04-08T09:38:56.970+0000] {logging_mixin.py:188} INFO - [2024-04-08T09:38:56.970+0000] {dag.py:3834} INFO - Setting next_dagrun for example_subdag_operator.section-2 to None, run_after=None
[2024-04-08T09:38:56.990+0000] {processor.py:183} INFO - Processing /home/airflow/.local/lib/python3.8/site-packages/airflow/example_dags/example_subdag_operator.py took 0.336 seconds
[2024-04-08T09:39:27.124+0000] {processor.py:161} INFO - Started process (PID=1120) to work on /home/airflow/.local/lib/python3.8/site-packages/airflow/example_dags/example_subdag_operator.py
[2024-04-08T09:39:27.124+0000] {processor.py:830} INFO - Processing file /home/airflow/.local/lib/python3.8/site-packages/airflow/example_dags/example_subdag_operator.py for tasks to queue
[2024-04-08T09:39:27.125+0000] {logging_mixin.py:188} INFO - [2024-04-08T09:39:27.125+0000] {dagbag.py:540} INFO - Filling up the DagBag from /home/airflow/.local/lib/python3.8/site-packages/airflow/example_dags/example_subdag_operator.py
[2024-04-08T09:39:27.195+0000] {processor.py:840} INFO - DAG(s) 'example_subdag_operator.section-1', 'example_subdag_operator.section-2', 'example_subdag_operator' retrieved from /home/airflow/.local/lib/python3.8/site-packages/airflow/example_dags/example_subdag_operator.py
[2024-04-08T09:39:27.207+0000] {logging_mixin.py:188} INFO - [2024-04-08T09:39:27.207+0000] {dag.py:3047} INFO - Sync 3 DAGs
[2024-04-08T09:39:27.249+0000] {logging_mixin.py:188} INFO - [2024-04-08T09:39:27.249+0000] {dag.py:3834} INFO - Setting next_dagrun for example_subdag_operator to 2022-01-01 00:00:00+00:00, run_after=2022-01-01 00:00:00+00:00
[2024-04-08T09:39:27.253+0000] {logging_mixin.py:188} INFO - [2024-04-08T09:39:27.253+0000] {dag.py:3834} INFO - Setting next_dagrun for example_subdag_operator.section-1 to None, run_after=None
[2024-04-08T09:39:27.256+0000] {logging_mixin.py:188} INFO - [2024-04-08T09:39:27.256+0000] {dag.py:3834} INFO - Setting next_dagrun for example_subdag_operator.section-2 to None, run_after=None
[2024-04-08T09:39:27.267+0000] {logging_mixin.py:188} INFO - [2024-04-08T09:39:27.267+0000] {dag.py:3047} INFO - Sync 2 DAGs
[2024-04-08T09:39:27.275+0000] {logging_mixin.py:188} INFO - [2024-04-08T09:39:27.275+0000] {dag.py:3834} INFO - Setting next_dagrun for example_subdag_operator.section-1 to None, run_after=None
[2024-04-08T09:39:27.275+0000] {logging_mixin.py:188} INFO - [2024-04-08T09:39:27.275+0000] {dag.py:3834} INFO - Setting next_dagrun for example_subdag_operator.section-2 to None, run_after=None
[2024-04-08T09:39:27.285+0000] {processor.py:183} INFO - Processing /home/airflow/.local/lib/python3.8/site-packages/airflow/example_dags/example_subdag_operator.py took 0.162 seconds
[2024-04-08T09:39:57.311+0000] {processor.py:161} INFO - Started process (PID=1175) to work on /home/airflow/.local/lib/python3.8/site-packages/airflow/example_dags/example_subdag_operator.py
[2024-04-08T09:39:57.312+0000] {processor.py:830} INFO - Processing file /home/airflow/.local/lib/python3.8/site-packages/airflow/example_dags/example_subdag_operator.py for tasks to queue
[2024-04-08T09:39:57.312+0000] {logging_mixin.py:188} INFO - [2024-04-08T09:39:57.312+0000] {dagbag.py:540} INFO - Filling up the DagBag from /home/airflow/.local/lib/python3.8/site-packages/airflow/example_dags/example_subdag_operator.py
[2024-04-08T09:39:57.386+0000] {processor.py:840} INFO - DAG(s) 'example_subdag_operator.section-1', 'example_subdag_operator.section-2', 'example_subdag_operator' retrieved from /home/airflow/.local/lib/python3.8/site-packages/airflow/example_dags/example_subdag_operator.py
[2024-04-08T09:39:57.400+0000] {logging_mixin.py:188} INFO - [2024-04-08T09:39:57.400+0000] {dag.py:3047} INFO - Sync 3 DAGs
[2024-04-08T09:39:57.441+0000] {logging_mixin.py:188} INFO - [2024-04-08T09:39:57.441+0000] {dag.py:3834} INFO - Setting next_dagrun for example_subdag_operator to 2022-01-01 00:00:00+00:00, run_after=2022-01-01 00:00:00+00:00
[2024-04-08T09:39:57.443+0000] {logging_mixin.py:188} INFO - [2024-04-08T09:39:57.443+0000] {dag.py:3834} INFO - Setting next_dagrun for example_subdag_operator.section-1 to None, run_after=None
[2024-04-08T09:39:57.444+0000] {logging_mixin.py:188} INFO - [2024-04-08T09:39:57.444+0000] {dag.py:3834} INFO - Setting next_dagrun for example_subdag_operator.section-2 to None, run_after=None
[2024-04-08T09:39:57.455+0000] {logging_mixin.py:188} INFO - [2024-04-08T09:39:57.455+0000] {dag.py:3047} INFO - Sync 2 DAGs
[2024-04-08T09:39:57.463+0000] {logging_mixin.py:188} INFO - [2024-04-08T09:39:57.463+0000] {dag.py:3834} INFO - Setting next_dagrun for example_subdag_operator.section-1 to None, run_after=None
[2024-04-08T09:39:57.463+0000] {logging_mixin.py:188} INFO - [2024-04-08T09:39:57.463+0000] {dag.py:3834} INFO - Setting next_dagrun for example_subdag_operator.section-2 to None, run_after=None
[2024-04-08T09:39:57.474+0000] {processor.py:183} INFO - Processing /home/airflow/.local/lib/python3.8/site-packages/airflow/example_dags/example_subdag_operator.py took 0.164 seconds
[2024-04-08T09:40:27.752+0000] {processor.py:161} INFO - Started process (PID=1229) to work on /home/airflow/.local/lib/python3.8/site-packages/airflow/example_dags/example_subdag_operator.py
[2024-04-08T09:40:27.753+0000] {processor.py:830} INFO - Processing file /home/airflow/.local/lib/python3.8/site-packages/airflow/example_dags/example_subdag_operator.py for tasks to queue
[2024-04-08T09:40:27.754+0000] {logging_mixin.py:188} INFO - [2024-04-08T09:40:27.754+0000] {dagbag.py:540} INFO - Filling up the DagBag from /home/airflow/.local/lib/python3.8/site-packages/airflow/example_dags/example_subdag_operator.py
[2024-04-08T09:40:27.830+0000] {processor.py:840} INFO - DAG(s) 'example_subdag_operator.section-1', 'example_subdag_operator.section-2', 'example_subdag_operator' retrieved from /home/airflow/.local/lib/python3.8/site-packages/airflow/example_dags/example_subdag_operator.py
[2024-04-08T09:40:27.845+0000] {logging_mixin.py:188} INFO - [2024-04-08T09:40:27.845+0000] {dag.py:3047} INFO - Sync 3 DAGs
[2024-04-08T09:40:27.890+0000] {logging_mixin.py:188} INFO - [2024-04-08T09:40:27.890+0000] {dag.py:3834} INFO - Setting next_dagrun for example_subdag_operator to 2022-01-01 00:00:00+00:00, run_after=2022-01-01 00:00:00+00:00
[2024-04-08T09:40:27.893+0000] {logging_mixin.py:188} INFO - [2024-04-08T09:40:27.893+0000] {dag.py:3834} INFO - Setting next_dagrun for example_subdag_operator.section-1 to None, run_after=None
[2024-04-08T09:40:27.894+0000] {logging_mixin.py:188} INFO - [2024-04-08T09:40:27.894+0000] {dag.py:3834} INFO - Setting next_dagrun for example_subdag_operator.section-2 to None, run_after=None
[2024-04-08T09:40:27.906+0000] {logging_mixin.py:188} INFO - [2024-04-08T09:40:27.906+0000] {dag.py:3047} INFO - Sync 2 DAGs
[2024-04-08T09:40:27.914+0000] {logging_mixin.py:188} INFO - [2024-04-08T09:40:27.914+0000] {dag.py:3834} INFO - Setting next_dagrun for example_subdag_operator.section-1 to None, run_after=None
[2024-04-08T09:40:27.914+0000] {logging_mixin.py:188} INFO - [2024-04-08T09:40:27.914+0000] {dag.py:3834} INFO - Setting next_dagrun for example_subdag_operator.section-2 to None, run_after=None
[2024-04-08T09:40:27.925+0000] {processor.py:183} INFO - Processing /home/airflow/.local/lib/python3.8/site-packages/airflow/example_dags/example_subdag_operator.py took 0.174 seconds
[2024-04-08T09:40:57.954+0000] {processor.py:161} INFO - Started process (PID=1284) to work on /home/airflow/.local/lib/python3.8/site-packages/airflow/example_dags/example_subdag_operator.py
[2024-04-08T09:40:57.955+0000] {processor.py:830} INFO - Processing file /home/airflow/.local/lib/python3.8/site-packages/airflow/example_dags/example_subdag_operator.py for tasks to queue
[2024-04-08T09:40:57.955+0000] {logging_mixin.py:188} INFO - [2024-04-08T09:40:57.955+0000] {dagbag.py:540} INFO - Filling up the DagBag from /home/airflow/.local/lib/python3.8/site-packages/airflow/example_dags/example_subdag_operator.py
[2024-04-08T09:40:58.026+0000] {processor.py:840} INFO - DAG(s) 'example_subdag_operator.section-1', 'example_subdag_operator.section-2', 'example_subdag_operator' retrieved from /home/airflow/.local/lib/python3.8/site-packages/airflow/example_dags/example_subdag_operator.py
[2024-04-08T09:40:58.043+0000] {logging_mixin.py:188} INFO - [2024-04-08T09:40:58.043+0000] {dag.py:3047} INFO - Sync 3 DAGs
[2024-04-08T09:40:58.083+0000] {logging_mixin.py:188} INFO - [2024-04-08T09:40:58.083+0000] {dag.py:3834} INFO - Setting next_dagrun for example_subdag_operator to 2022-01-01 00:00:00+00:00, run_after=2022-01-01 00:00:00+00:00
[2024-04-08T09:40:58.086+0000] {logging_mixin.py:188} INFO - [2024-04-08T09:40:58.085+0000] {dag.py:3834} INFO - Setting next_dagrun for example_subdag_operator.section-1 to None, run_after=None
[2024-04-08T09:40:58.087+0000] {logging_mixin.py:188} INFO - [2024-04-08T09:40:58.086+0000] {dag.py:3834} INFO - Setting next_dagrun for example_subdag_operator.section-2 to None, run_after=None
[2024-04-08T09:40:58.098+0000] {logging_mixin.py:188} INFO - [2024-04-08T09:40:58.098+0000] {dag.py:3047} INFO - Sync 2 DAGs
[2024-04-08T09:40:58.108+0000] {logging_mixin.py:188} INFO - [2024-04-08T09:40:58.108+0000] {dag.py:3834} INFO - Setting next_dagrun for example_subdag_operator.section-1 to None, run_after=None
[2024-04-08T09:40:58.108+0000] {logging_mixin.py:188} INFO - [2024-04-08T09:40:58.108+0000] {dag.py:3834} INFO - Setting next_dagrun for example_subdag_operator.section-2 to None, run_after=None
[2024-04-08T09:40:58.118+0000] {processor.py:183} INFO - Processing /home/airflow/.local/lib/python3.8/site-packages/airflow/example_dags/example_subdag_operator.py took 0.165 seconds
[2024-04-08T09:41:29.006+0000] {processor.py:161} INFO - Started process (PID=1339) to work on /home/airflow/.local/lib/python3.8/site-packages/airflow/example_dags/example_subdag_operator.py
[2024-04-08T09:41:29.007+0000] {processor.py:830} INFO - Processing file /home/airflow/.local/lib/python3.8/site-packages/airflow/example_dags/example_subdag_operator.py for tasks to queue
[2024-04-08T09:41:29.008+0000] {logging_mixin.py:188} INFO - [2024-04-08T09:41:29.008+0000] {dagbag.py:540} INFO - Filling up the DagBag from /home/airflow/.local/lib/python3.8/site-packages/airflow/example_dags/example_subdag_operator.py
[2024-04-08T09:41:29.078+0000] {processor.py:840} INFO - DAG(s) 'example_subdag_operator.section-1', 'example_subdag_operator.section-2', 'example_subdag_operator' retrieved from /home/airflow/.local/lib/python3.8/site-packages/airflow/example_dags/example_subdag_operator.py
[2024-04-08T09:41:29.090+0000] {logging_mixin.py:188} INFO - [2024-04-08T09:41:29.090+0000] {dag.py:3047} INFO - Sync 3 DAGs
[2024-04-08T09:41:29.130+0000] {logging_mixin.py:188} INFO - [2024-04-08T09:41:29.130+0000] {dag.py:3834} INFO - Setting next_dagrun for example_subdag_operator to 2022-01-01 00:00:00+00:00, run_after=2022-01-01 00:00:00+00:00
[2024-04-08T09:41:29.133+0000] {logging_mixin.py:188} INFO - [2024-04-08T09:41:29.133+0000] {dag.py:3834} INFO - Setting next_dagrun for example_subdag_operator.section-1 to None, run_after=None
[2024-04-08T09:41:29.134+0000] {logging_mixin.py:188} INFO - [2024-04-08T09:41:29.134+0000] {dag.py:3834} INFO - Setting next_dagrun for example_subdag_operator.section-2 to None, run_after=None
[2024-04-08T09:41:29.145+0000] {logging_mixin.py:188} INFO - [2024-04-08T09:41:29.145+0000] {dag.py:3047} INFO - Sync 2 DAGs
[2024-04-08T09:41:29.154+0000] {logging_mixin.py:188} INFO - [2024-04-08T09:41:29.153+0000] {dag.py:3834} INFO - Setting next_dagrun for example_subdag_operator.section-1 to None, run_after=None
[2024-04-08T09:41:29.154+0000] {logging_mixin.py:188} INFO - [2024-04-08T09:41:29.154+0000] {dag.py:3834} INFO - Setting next_dagrun for example_subdag_operator.section-2 to None, run_after=None
[2024-04-08T09:41:29.165+0000] {processor.py:183} INFO - Processing /home/airflow/.local/lib/python3.8/site-packages/airflow/example_dags/example_subdag_operator.py took 0.160 seconds
[2024-04-08T09:42:00.062+0000] {processor.py:161} INFO - Started process (PID=1394) to work on /home/airflow/.local/lib/python3.8/site-packages/airflow/example_dags/example_subdag_operator.py
[2024-04-08T09:42:00.062+0000] {processor.py:830} INFO - Processing file /home/airflow/.local/lib/python3.8/site-packages/airflow/example_dags/example_subdag_operator.py for tasks to queue
[2024-04-08T09:42:00.063+0000] {logging_mixin.py:188} INFO - [2024-04-08T09:42:00.063+0000] {dagbag.py:540} INFO - Filling up the DagBag from /home/airflow/.local/lib/python3.8/site-packages/airflow/example_dags/example_subdag_operator.py
[2024-04-08T09:42:00.136+0000] {processor.py:840} INFO - DAG(s) 'example_subdag_operator.section-1', 'example_subdag_operator.section-2', 'example_subdag_operator' retrieved from /home/airflow/.local/lib/python3.8/site-packages/airflow/example_dags/example_subdag_operator.py
[2024-04-08T09:42:00.148+0000] {logging_mixin.py:188} INFO - [2024-04-08T09:42:00.148+0000] {dag.py:3047} INFO - Sync 3 DAGs
[2024-04-08T09:42:00.187+0000] {logging_mixin.py:188} INFO - [2024-04-08T09:42:00.187+0000] {dag.py:3834} INFO - Setting next_dagrun for example_subdag_operator to 2022-01-01 00:00:00+00:00, run_after=2022-01-01 00:00:00+00:00
[2024-04-08T09:42:00.189+0000] {logging_mixin.py:188} INFO - [2024-04-08T09:42:00.189+0000] {dag.py:3834} INFO - Setting next_dagrun for example_subdag_operator.section-1 to None, run_after=None
[2024-04-08T09:42:00.190+0000] {logging_mixin.py:188} INFO - [2024-04-08T09:42:00.190+0000] {dag.py:3834} INFO - Setting next_dagrun for example_subdag_operator.section-2 to None, run_after=None
[2024-04-08T09:42:00.202+0000] {logging_mixin.py:188} INFO - [2024-04-08T09:42:00.202+0000] {dag.py:3047} INFO - Sync 2 DAGs
[2024-04-08T09:42:00.209+0000] {logging_mixin.py:188} INFO - [2024-04-08T09:42:00.209+0000] {dag.py:3834} INFO - Setting next_dagrun for example_subdag_operator.section-1 to None, run_after=None
[2024-04-08T09:42:00.209+0000] {logging_mixin.py:188} INFO - [2024-04-08T09:42:00.209+0000] {dag.py:3834} INFO - Setting next_dagrun for example_subdag_operator.section-2 to None, run_after=None
[2024-04-08T09:42:00.220+0000] {processor.py:183} INFO - Processing /home/airflow/.local/lib/python3.8/site-packages/airflow/example_dags/example_subdag_operator.py took 0.159 seconds
[2024-04-08T09:42:30.384+0000] {processor.py:161} INFO - Started process (PID=1449) to work on /home/airflow/.local/lib/python3.8/site-packages/airflow/example_dags/example_subdag_operator.py
[2024-04-08T09:42:30.384+0000] {processor.py:830} INFO - Processing file /home/airflow/.local/lib/python3.8/site-packages/airflow/example_dags/example_subdag_operator.py for tasks to queue
[2024-04-08T09:42:30.385+0000] {logging_mixin.py:188} INFO - [2024-04-08T09:42:30.385+0000] {dagbag.py:540} INFO - Filling up the DagBag from /home/airflow/.local/lib/python3.8/site-packages/airflow/example_dags/example_subdag_operator.py
[2024-04-08T09:42:30.457+0000] {processor.py:840} INFO - DAG(s) 'example_subdag_operator.section-1', 'example_subdag_operator.section-2', 'example_subdag_operator' retrieved from /home/airflow/.local/lib/python3.8/site-packages/airflow/example_dags/example_subdag_operator.py
[2024-04-08T09:42:30.471+0000] {logging_mixin.py:188} INFO - [2024-04-08T09:42:30.471+0000] {dag.py:3047} INFO - Sync 3 DAGs
[2024-04-08T09:42:30.510+0000] {logging_mixin.py:188} INFO - [2024-04-08T09:42:30.510+0000] {dag.py:3834} INFO - Setting next_dagrun for example_subdag_operator to 2022-01-01 00:00:00+00:00, run_after=2022-01-01 00:00:00+00:00
[2024-04-08T09:42:30.512+0000] {logging_mixin.py:188} INFO - [2024-04-08T09:42:30.512+0000] {dag.py:3834} INFO - Setting next_dagrun for example_subdag_operator.section-1 to None, run_after=None
[2024-04-08T09:42:30.513+0000] {logging_mixin.py:188} INFO - [2024-04-08T09:42:30.513+0000] {dag.py:3834} INFO - Setting next_dagrun for example_subdag_operator.section-2 to None, run_after=None
[2024-04-08T09:42:30.524+0000] {logging_mixin.py:188} INFO - [2024-04-08T09:42:30.524+0000] {dag.py:3047} INFO - Sync 2 DAGs
[2024-04-08T09:42:30.532+0000] {logging_mixin.py:188} INFO - [2024-04-08T09:42:30.532+0000] {dag.py:3834} INFO - Setting next_dagrun for example_subdag_operator.section-1 to None, run_after=None
[2024-04-08T09:42:30.532+0000] {logging_mixin.py:188} INFO - [2024-04-08T09:42:30.532+0000] {dag.py:3834} INFO - Setting next_dagrun for example_subdag_operator.section-2 to None, run_after=None
[2024-04-08T09:42:30.547+0000] {processor.py:183} INFO - Processing /home/airflow/.local/lib/python3.8/site-packages/airflow/example_dags/example_subdag_operator.py took 0.165 seconds
[2024-04-08T09:43:00.649+0000] {processor.py:161} INFO - Started process (PID=1504) to work on /home/airflow/.local/lib/python3.8/site-packages/airflow/example_dags/example_subdag_operator.py
[2024-04-08T09:43:00.649+0000] {processor.py:830} INFO - Processing file /home/airflow/.local/lib/python3.8/site-packages/airflow/example_dags/example_subdag_operator.py for tasks to queue
[2024-04-08T09:43:00.650+0000] {logging_mixin.py:188} INFO - [2024-04-08T09:43:00.650+0000] {dagbag.py:540} INFO - Filling up the DagBag from /home/airflow/.local/lib/python3.8/site-packages/airflow/example_dags/example_subdag_operator.py
[2024-04-08T09:43:00.721+0000] {processor.py:840} INFO - DAG(s) 'example_subdag_operator.section-1', 'example_subdag_operator.section-2', 'example_subdag_operator' retrieved from /home/airflow/.local/lib/python3.8/site-packages/airflow/example_dags/example_subdag_operator.py
[2024-04-08T09:43:00.734+0000] {logging_mixin.py:188} INFO - [2024-04-08T09:43:00.734+0000] {dag.py:3047} INFO - Sync 3 DAGs
[2024-04-08T09:43:00.775+0000] {logging_mixin.py:188} INFO - [2024-04-08T09:43:00.775+0000] {dag.py:3834} INFO - Setting next_dagrun for example_subdag_operator to 2022-01-01 00:00:00+00:00, run_after=2022-01-01 00:00:00+00:00
[2024-04-08T09:43:00.777+0000] {logging_mixin.py:188} INFO - [2024-04-08T09:43:00.777+0000] {dag.py:3834} INFO - Setting next_dagrun for example_subdag_operator.section-1 to None, run_after=None
[2024-04-08T09:43:00.778+0000] {logging_mixin.py:188} INFO - [2024-04-08T09:43:00.778+0000] {dag.py:3834} INFO - Setting next_dagrun for example_subdag_operator.section-2 to None, run_after=None
[2024-04-08T09:43:00.790+0000] {logging_mixin.py:188} INFO - [2024-04-08T09:43:00.790+0000] {dag.py:3047} INFO - Sync 2 DAGs
[2024-04-08T09:43:00.797+0000] {logging_mixin.py:188} INFO - [2024-04-08T09:43:00.797+0000] {dag.py:3834} INFO - Setting next_dagrun for example_subdag_operator.section-1 to None, run_after=None
[2024-04-08T09:43:00.797+0000] {logging_mixin.py:188} INFO - [2024-04-08T09:43:00.797+0000] {dag.py:3834} INFO - Setting next_dagrun for example_subdag_operator.section-2 to None, run_after=None
[2024-04-08T09:43:00.808+0000] {processor.py:183} INFO - Processing /home/airflow/.local/lib/python3.8/site-packages/airflow/example_dags/example_subdag_operator.py took 0.161 seconds
[2024-04-08T09:43:30.917+0000] {processor.py:161} INFO - Started process (PID=1559) to work on /home/airflow/.local/lib/python3.8/site-packages/airflow/example_dags/example_subdag_operator.py
[2024-04-08T09:43:30.918+0000] {processor.py:830} INFO - Processing file /home/airflow/.local/lib/python3.8/site-packages/airflow/example_dags/example_subdag_operator.py for tasks to queue
[2024-04-08T09:43:30.918+0000] {logging_mixin.py:188} INFO - [2024-04-08T09:43:30.918+0000] {dagbag.py:540} INFO - Filling up the DagBag from /home/airflow/.local/lib/python3.8/site-packages/airflow/example_dags/example_subdag_operator.py
[2024-04-08T09:43:30.990+0000] {processor.py:840} INFO - DAG(s) 'example_subdag_operator.section-1', 'example_subdag_operator.section-2', 'example_subdag_operator' retrieved from /home/airflow/.local/lib/python3.8/site-packages/airflow/example_dags/example_subdag_operator.py
[2024-04-08T09:43:31.004+0000] {logging_mixin.py:188} INFO - [2024-04-08T09:43:31.004+0000] {dag.py:3047} INFO - Sync 3 DAGs
[2024-04-08T09:43:31.044+0000] {logging_mixin.py:188} INFO - [2024-04-08T09:43:31.044+0000] {dag.py:3834} INFO - Setting next_dagrun for example_subdag_operator to 2022-01-01 00:00:00+00:00, run_after=2022-01-01 00:00:00+00:00
[2024-04-08T09:43:31.047+0000] {logging_mixin.py:188} INFO - [2024-04-08T09:43:31.047+0000] {dag.py:3834} INFO - Setting next_dagrun for example_subdag_operator.section-1 to None, run_after=None
[2024-04-08T09:43:31.048+0000] {logging_mixin.py:188} INFO - [2024-04-08T09:43:31.048+0000] {dag.py:3834} INFO - Setting next_dagrun for example_subdag_operator.section-2 to None, run_after=None
[2024-04-08T09:43:31.059+0000] {logging_mixin.py:188} INFO - [2024-04-08T09:43:31.059+0000] {dag.py:3047} INFO - Sync 2 DAGs
[2024-04-08T09:43:31.067+0000] {logging_mixin.py:188} INFO - [2024-04-08T09:43:31.067+0000] {dag.py:3834} INFO - Setting next_dagrun for example_subdag_operator.section-1 to None, run_after=None
[2024-04-08T09:43:31.068+0000] {logging_mixin.py:188} INFO - [2024-04-08T09:43:31.068+0000] {dag.py:3834} INFO - Setting next_dagrun for example_subdag_operator.section-2 to None, run_after=None
[2024-04-08T09:43:31.078+0000] {processor.py:183} INFO - Processing /home/airflow/.local/lib/python3.8/site-packages/airflow/example_dags/example_subdag_operator.py took 0.162 seconds
[2024-04-08T09:44:01.525+0000] {processor.py:161} INFO - Started process (PID=1614) to work on /home/airflow/.local/lib/python3.8/site-packages/airflow/example_dags/example_subdag_operator.py
[2024-04-08T09:44:01.525+0000] {processor.py:830} INFO - Processing file /home/airflow/.local/lib/python3.8/site-packages/airflow/example_dags/example_subdag_operator.py for tasks to queue
[2024-04-08T09:44:01.526+0000] {logging_mixin.py:188} INFO - [2024-04-08T09:44:01.526+0000] {dagbag.py:540} INFO - Filling up the DagBag from /home/airflow/.local/lib/python3.8/site-packages/airflow/example_dags/example_subdag_operator.py
[2024-04-08T09:44:01.598+0000] {processor.py:840} INFO - DAG(s) 'example_subdag_operator.section-1', 'example_subdag_operator.section-2', 'example_subdag_operator' retrieved from /home/airflow/.local/lib/python3.8/site-packages/airflow/example_dags/example_subdag_operator.py
[2024-04-08T09:44:01.611+0000] {logging_mixin.py:188} INFO - [2024-04-08T09:44:01.611+0000] {dag.py:3047} INFO - Sync 3 DAGs
[2024-04-08T09:44:01.653+0000] {logging_mixin.py:188} INFO - [2024-04-08T09:44:01.652+0000] {dag.py:3834} INFO - Setting next_dagrun for example_subdag_operator to 2022-01-01 00:00:00+00:00, run_after=2022-01-01 00:00:00+00:00
[2024-04-08T09:44:01.655+0000] {logging_mixin.py:188} INFO - [2024-04-08T09:44:01.655+0000] {dag.py:3834} INFO - Setting next_dagrun for example_subdag_operator.section-1 to None, run_after=None
[2024-04-08T09:44:01.656+0000] {logging_mixin.py:188} INFO - [2024-04-08T09:44:01.656+0000] {dag.py:3834} INFO - Setting next_dagrun for example_subdag_operator.section-2 to None, run_after=None
[2024-04-08T09:44:01.670+0000] {logging_mixin.py:188} INFO - [2024-04-08T09:44:01.670+0000] {dag.py:3047} INFO - Sync 2 DAGs
[2024-04-08T09:44:01.681+0000] {logging_mixin.py:188} INFO - [2024-04-08T09:44:01.680+0000] {dag.py:3834} INFO - Setting next_dagrun for example_subdag_operator.section-1 to None, run_after=None
[2024-04-08T09:44:01.681+0000] {logging_mixin.py:188} INFO - [2024-04-08T09:44:01.681+0000] {dag.py:3834} INFO - Setting next_dagrun for example_subdag_operator.section-2 to None, run_after=None
[2024-04-08T09:44:01.694+0000] {processor.py:183} INFO - Processing /home/airflow/.local/lib/python3.8/site-packages/airflow/example_dags/example_subdag_operator.py took 0.171 seconds
[2024-04-08T09:44:31.713+0000] {processor.py:161} INFO - Started process (PID=1669) to work on /home/airflow/.local/lib/python3.8/site-packages/airflow/example_dags/example_subdag_operator.py
[2024-04-08T09:44:31.713+0000] {processor.py:830} INFO - Processing file /home/airflow/.local/lib/python3.8/site-packages/airflow/example_dags/example_subdag_operator.py for tasks to queue
[2024-04-08T09:44:31.714+0000] {logging_mixin.py:188} INFO - [2024-04-08T09:44:31.714+0000] {dagbag.py:540} INFO - Filling up the DagBag from /home/airflow/.local/lib/python3.8/site-packages/airflow/example_dags/example_subdag_operator.py
[2024-04-08T09:44:31.785+0000] {processor.py:840} INFO - DAG(s) 'example_subdag_operator.section-1', 'example_subdag_operator.section-2', 'example_subdag_operator' retrieved from /home/airflow/.local/lib/python3.8/site-packages/airflow/example_dags/example_subdag_operator.py
[2024-04-08T09:44:31.799+0000] {logging_mixin.py:188} INFO - [2024-04-08T09:44:31.799+0000] {dag.py:3047} INFO - Sync 3 DAGs
[2024-04-08T09:44:31.840+0000] {logging_mixin.py:188} INFO - [2024-04-08T09:44:31.840+0000] {dag.py:3834} INFO - Setting next_dagrun for example_subdag_operator to 2022-01-01 00:00:00+00:00, run_after=2022-01-01 00:00:00+00:00
[2024-04-08T09:44:31.843+0000] {logging_mixin.py:188} INFO - [2024-04-08T09:44:31.843+0000] {dag.py:3834} INFO - Setting next_dagrun for example_subdag_operator.section-1 to None, run_after=None
[2024-04-08T09:44:31.847+0000] {logging_mixin.py:188} INFO - [2024-04-08T09:44:31.847+0000] {dag.py:3834} INFO - Setting next_dagrun for example_subdag_operator.section-2 to None, run_after=None
[2024-04-08T09:44:31.860+0000] {logging_mixin.py:188} INFO - [2024-04-08T09:44:31.860+0000] {dag.py:3047} INFO - Sync 2 DAGs
[2024-04-08T09:44:31.869+0000] {logging_mixin.py:188} INFO - [2024-04-08T09:44:31.869+0000] {dag.py:3834} INFO - Setting next_dagrun for example_subdag_operator.section-1 to None, run_after=None
[2024-04-08T09:44:31.869+0000] {logging_mixin.py:188} INFO - [2024-04-08T09:44:31.869+0000] {dag.py:3834} INFO - Setting next_dagrun for example_subdag_operator.section-2 to None, run_after=None
[2024-04-08T09:44:31.879+0000] {processor.py:183} INFO - Processing /home/airflow/.local/lib/python3.8/site-packages/airflow/example_dags/example_subdag_operator.py took 0.168 seconds
[2024-04-08T09:45:02.008+0000] {processor.py:161} INFO - Started process (PID=1724) to work on /home/airflow/.local/lib/python3.8/site-packages/airflow/example_dags/example_subdag_operator.py
[2024-04-08T09:45:02.009+0000] {processor.py:830} INFO - Processing file /home/airflow/.local/lib/python3.8/site-packages/airflow/example_dags/example_subdag_operator.py for tasks to queue
[2024-04-08T09:45:02.010+0000] {logging_mixin.py:188} INFO - [2024-04-08T09:45:02.010+0000] {dagbag.py:540} INFO - Filling up the DagBag from /home/airflow/.local/lib/python3.8/site-packages/airflow/example_dags/example_subdag_operator.py
[2024-04-08T09:45:02.081+0000] {processor.py:840} INFO - DAG(s) 'example_subdag_operator.section-1', 'example_subdag_operator.section-2', 'example_subdag_operator' retrieved from /home/airflow/.local/lib/python3.8/site-packages/airflow/example_dags/example_subdag_operator.py
[2024-04-08T09:45:02.093+0000] {logging_mixin.py:188} INFO - [2024-04-08T09:45:02.093+0000] {dag.py:3047} INFO - Sync 3 DAGs
[2024-04-08T09:45:02.135+0000] {logging_mixin.py:188} INFO - [2024-04-08T09:45:02.134+0000] {dag.py:3834} INFO - Setting next_dagrun for example_subdag_operator to 2022-01-01 00:00:00+00:00, run_after=2022-01-01 00:00:00+00:00
[2024-04-08T09:45:02.137+0000] {logging_mixin.py:188} INFO - [2024-04-08T09:45:02.137+0000] {dag.py:3834} INFO - Setting next_dagrun for example_subdag_operator.section-1 to None, run_after=None
[2024-04-08T09:45:02.138+0000] {logging_mixin.py:188} INFO - [2024-04-08T09:45:02.138+0000] {dag.py:3834} INFO - Setting next_dagrun for example_subdag_operator.section-2 to None, run_after=None
[2024-04-08T09:45:02.151+0000] {logging_mixin.py:188} INFO - [2024-04-08T09:45:02.151+0000] {dag.py:3047} INFO - Sync 2 DAGs
[2024-04-08T09:45:02.160+0000] {logging_mixin.py:188} INFO - [2024-04-08T09:45:02.160+0000] {dag.py:3834} INFO - Setting next_dagrun for example_subdag_operator.section-1 to None, run_after=None
[2024-04-08T09:45:02.161+0000] {logging_mixin.py:188} INFO - [2024-04-08T09:45:02.161+0000] {dag.py:3834} INFO - Setting next_dagrun for example_subdag_operator.section-2 to None, run_after=None
[2024-04-08T09:45:02.174+0000] {processor.py:183} INFO - Processing /home/airflow/.local/lib/python3.8/site-packages/airflow/example_dags/example_subdag_operator.py took 0.167 seconds
[2024-04-08T09:45:32.259+0000] {processor.py:161} INFO - Started process (PID=1779) to work on /home/airflow/.local/lib/python3.8/site-packages/airflow/example_dags/example_subdag_operator.py
[2024-04-08T09:45:32.259+0000] {processor.py:830} INFO - Processing file /home/airflow/.local/lib/python3.8/site-packages/airflow/example_dags/example_subdag_operator.py for tasks to queue
[2024-04-08T09:45:32.260+0000] {logging_mixin.py:188} INFO - [2024-04-08T09:45:32.260+0000] {dagbag.py:540} INFO - Filling up the DagBag from /home/airflow/.local/lib/python3.8/site-packages/airflow/example_dags/example_subdag_operator.py
[2024-04-08T09:45:32.331+0000] {processor.py:840} INFO - DAG(s) 'example_subdag_operator.section-1', 'example_subdag_operator.section-2', 'example_subdag_operator' retrieved from /home/airflow/.local/lib/python3.8/site-packages/airflow/example_dags/example_subdag_operator.py
[2024-04-08T09:45:32.346+0000] {logging_mixin.py:188} INFO - [2024-04-08T09:45:32.346+0000] {dag.py:3047} INFO - Sync 3 DAGs
[2024-04-08T09:45:32.385+0000] {logging_mixin.py:188} INFO - [2024-04-08T09:45:32.385+0000] {dag.py:3834} INFO - Setting next_dagrun for example_subdag_operator to 2022-01-01 00:00:00+00:00, run_after=2022-01-01 00:00:00+00:00
[2024-04-08T09:45:32.387+0000] {logging_mixin.py:188} INFO - [2024-04-08T09:45:32.387+0000] {dag.py:3834} INFO - Setting next_dagrun for example_subdag_operator.section-1 to None, run_after=None
[2024-04-08T09:45:32.388+0000] {logging_mixin.py:188} INFO - [2024-04-08T09:45:32.388+0000] {dag.py:3834} INFO - Setting next_dagrun for example_subdag_operator.section-2 to None, run_after=None
[2024-04-08T09:45:32.399+0000] {logging_mixin.py:188} INFO - [2024-04-08T09:45:32.399+0000] {dag.py:3047} INFO - Sync 2 DAGs
[2024-04-08T09:45:32.407+0000] {logging_mixin.py:188} INFO - [2024-04-08T09:45:32.407+0000] {dag.py:3834} INFO - Setting next_dagrun for example_subdag_operator.section-1 to None, run_after=None
[2024-04-08T09:45:32.407+0000] {logging_mixin.py:188} INFO - [2024-04-08T09:45:32.407+0000] {dag.py:3834} INFO - Setting next_dagrun for example_subdag_operator.section-2 to None, run_after=None
[2024-04-08T09:45:32.418+0000] {processor.py:183} INFO - Processing /home/airflow/.local/lib/python3.8/site-packages/airflow/example_dags/example_subdag_operator.py took 0.161 seconds
[2024-04-08T09:46:02.550+0000] {processor.py:161} INFO - Started process (PID=1834) to work on /home/airflow/.local/lib/python3.8/site-packages/airflow/example_dags/example_subdag_operator.py
[2024-04-08T09:46:02.551+0000] {processor.py:830} INFO - Processing file /home/airflow/.local/lib/python3.8/site-packages/airflow/example_dags/example_subdag_operator.py for tasks to queue
[2024-04-08T09:46:02.551+0000] {logging_mixin.py:188} INFO - [2024-04-08T09:46:02.551+0000] {dagbag.py:540} INFO - Filling up the DagBag from /home/airflow/.local/lib/python3.8/site-packages/airflow/example_dags/example_subdag_operator.py
[2024-04-08T09:46:02.633+0000] {processor.py:840} INFO - DAG(s) 'example_subdag_operator.section-1', 'example_subdag_operator.section-2', 'example_subdag_operator' retrieved from /home/airflow/.local/lib/python3.8/site-packages/airflow/example_dags/example_subdag_operator.py
[2024-04-08T09:46:02.646+0000] {logging_mixin.py:188} INFO - [2024-04-08T09:46:02.646+0000] {dag.py:3047} INFO - Sync 3 DAGs
[2024-04-08T09:46:02.698+0000] {logging_mixin.py:188} INFO - [2024-04-08T09:46:02.698+0000] {dag.py:3834} INFO - Setting next_dagrun for example_subdag_operator to 2022-01-01 00:00:00+00:00, run_after=2022-01-01 00:00:00+00:00
[2024-04-08T09:46:02.700+0000] {logging_mixin.py:188} INFO - [2024-04-08T09:46:02.700+0000] {dag.py:3834} INFO - Setting next_dagrun for example_subdag_operator.section-1 to None, run_after=None
[2024-04-08T09:46:02.701+0000] {logging_mixin.py:188} INFO - [2024-04-08T09:46:02.701+0000] {dag.py:3834} INFO - Setting next_dagrun for example_subdag_operator.section-2 to None, run_after=None
[2024-04-08T09:46:02.713+0000] {logging_mixin.py:188} INFO - [2024-04-08T09:46:02.713+0000] {dag.py:3047} INFO - Sync 2 DAGs
[2024-04-08T09:46:02.721+0000] {logging_mixin.py:188} INFO - [2024-04-08T09:46:02.721+0000] {dag.py:3834} INFO - Setting next_dagrun for example_subdag_operator.section-1 to None, run_after=None
[2024-04-08T09:46:02.721+0000] {logging_mixin.py:188} INFO - [2024-04-08T09:46:02.721+0000] {dag.py:3834} INFO - Setting next_dagrun for example_subdag_operator.section-2 to None, run_after=None
[2024-04-08T09:46:02.731+0000] {processor.py:183} INFO - Processing /home/airflow/.local/lib/python3.8/site-packages/airflow/example_dags/example_subdag_operator.py took 0.183 seconds
