[2024-04-08T09:29:46.059+0000] {processor.py:161} INFO - Started process (PID=49) to work on /home/airflow/.local/lib/python3.8/site-packages/airflow/example_dags/example_nested_branch_dag.py
[2024-04-08T09:29:46.062+0000] {processor.py:830} INFO - Processing file /home/airflow/.local/lib/python3.8/site-packages/airflow/example_dags/example_nested_branch_dag.py for tasks to queue
[2024-04-08T09:29:46.064+0000] {logging_mixin.py:188} INFO - [2024-04-08T09:29:46.064+0000] {dagbag.py:540} INFO - Filling up the DagBag from /home/airflow/.local/lib/python3.8/site-packages/airflow/example_dags/example_nested_branch_dag.py
[2024-04-08T09:29:46.087+0000] {processor.py:840} INFO - DAG(s) 'example_nested_branch_dag' retrieved from /home/airflow/.local/lib/python3.8/site-packages/airflow/example_dags/example_nested_branch_dag.py
[2024-04-08T09:29:46.206+0000] {logging_mixin.py:188} INFO - [2024-04-08T09:29:46.205+0000] {dag.py:3047} INFO - Sync 1 DAGs
[2024-04-08T09:29:46.269+0000] {logging_mixin.py:188} INFO - [2024-04-08T09:29:46.269+0000] {dag.py:3834} INFO - Setting next_dagrun for example_nested_branch_dag to 2024-04-07 00:00:00+00:00, run_after=2024-04-08 00:00:00+00:00
[2024-04-08T09:29:46.297+0000] {processor.py:183} INFO - Processing /home/airflow/.local/lib/python3.8/site-packages/airflow/example_dags/example_nested_branch_dag.py took 0.243 seconds
[2024-04-08T09:30:16.337+0000] {processor.py:161} INFO - Started process (PID=104) to work on /home/airflow/.local/lib/python3.8/site-packages/airflow/example_dags/example_nested_branch_dag.py
[2024-04-08T09:30:16.338+0000] {processor.py:830} INFO - Processing file /home/airflow/.local/lib/python3.8/site-packages/airflow/example_dags/example_nested_branch_dag.py for tasks to queue
[2024-04-08T09:30:16.339+0000] {logging_mixin.py:188} INFO - [2024-04-08T09:30:16.339+0000] {dagbag.py:540} INFO - Filling up the DagBag from /home/airflow/.local/lib/python3.8/site-packages/airflow/example_dags/example_nested_branch_dag.py
[2024-04-08T09:30:16.343+0000] {processor.py:840} INFO - DAG(s) 'example_nested_branch_dag' retrieved from /home/airflow/.local/lib/python3.8/site-packages/airflow/example_dags/example_nested_branch_dag.py
[2024-04-08T09:30:16.469+0000] {logging_mixin.py:188} INFO - [2024-04-08T09:30:16.469+0000] {dag.py:3047} INFO - Sync 1 DAGs
[2024-04-08T09:30:16.503+0000] {logging_mixin.py:188} INFO - [2024-04-08T09:30:16.503+0000] {dag.py:3834} INFO - Setting next_dagrun for example_nested_branch_dag to 2024-04-07 00:00:00+00:00, run_after=2024-04-08 00:00:00+00:00
[2024-04-08T09:30:16.528+0000] {processor.py:183} INFO - Processing /home/airflow/.local/lib/python3.8/site-packages/airflow/example_dags/example_nested_branch_dag.py took 0.192 seconds
[2024-04-08T09:30:46.845+0000] {processor.py:161} INFO - Started process (PID=159) to work on /home/airflow/.local/lib/python3.8/site-packages/airflow/example_dags/example_nested_branch_dag.py
[2024-04-08T09:30:46.845+0000] {processor.py:830} INFO - Processing file /home/airflow/.local/lib/python3.8/site-packages/airflow/example_dags/example_nested_branch_dag.py for tasks to queue
[2024-04-08T09:30:46.846+0000] {logging_mixin.py:188} INFO - [2024-04-08T09:30:46.846+0000] {dagbag.py:540} INFO - Filling up the DagBag from /home/airflow/.local/lib/python3.8/site-packages/airflow/example_dags/example_nested_branch_dag.py
[2024-04-08T09:30:46.851+0000] {processor.py:840} INFO - DAG(s) 'example_nested_branch_dag' retrieved from /home/airflow/.local/lib/python3.8/site-packages/airflow/example_dags/example_nested_branch_dag.py
[2024-04-08T09:30:46.930+0000] {logging_mixin.py:188} INFO - [2024-04-08T09:30:46.929+0000] {dag.py:3047} INFO - Sync 1 DAGs
[2024-04-08T09:30:46.971+0000] {logging_mixin.py:188} INFO - [2024-04-08T09:30:46.971+0000] {dag.py:3834} INFO - Setting next_dagrun for example_nested_branch_dag to 2024-04-07 00:00:00+00:00, run_after=2024-04-08 00:00:00+00:00
[2024-04-08T09:30:46.992+0000] {processor.py:183} INFO - Processing /home/airflow/.local/lib/python3.8/site-packages/airflow/example_dags/example_nested_branch_dag.py took 0.149 seconds
[2024-04-08T09:31:17.114+0000] {processor.py:161} INFO - Started process (PID=214) to work on /home/airflow/.local/lib/python3.8/site-packages/airflow/example_dags/example_nested_branch_dag.py
[2024-04-08T09:31:17.114+0000] {processor.py:830} INFO - Processing file /home/airflow/.local/lib/python3.8/site-packages/airflow/example_dags/example_nested_branch_dag.py for tasks to queue
[2024-04-08T09:31:17.115+0000] {logging_mixin.py:188} INFO - [2024-04-08T09:31:17.115+0000] {dagbag.py:540} INFO - Filling up the DagBag from /home/airflow/.local/lib/python3.8/site-packages/airflow/example_dags/example_nested_branch_dag.py
[2024-04-08T09:31:17.120+0000] {processor.py:840} INFO - DAG(s) 'example_nested_branch_dag' retrieved from /home/airflow/.local/lib/python3.8/site-packages/airflow/example_dags/example_nested_branch_dag.py
[2024-04-08T09:31:17.196+0000] {logging_mixin.py:188} INFO - [2024-04-08T09:31:17.195+0000] {dag.py:3047} INFO - Sync 1 DAGs
[2024-04-08T09:31:17.235+0000] {logging_mixin.py:188} INFO - [2024-04-08T09:31:17.235+0000] {dag.py:3834} INFO - Setting next_dagrun for example_nested_branch_dag to 2024-04-07 00:00:00+00:00, run_after=2024-04-08 00:00:00+00:00
[2024-04-08T09:31:17.255+0000] {processor.py:183} INFO - Processing /home/airflow/.local/lib/python3.8/site-packages/airflow/example_dags/example_nested_branch_dag.py took 0.142 seconds
[2024-04-08T09:31:47.386+0000] {processor.py:161} INFO - Started process (PID=268) to work on /home/airflow/.local/lib/python3.8/site-packages/airflow/example_dags/example_nested_branch_dag.py
[2024-04-08T09:31:47.387+0000] {processor.py:830} INFO - Processing file /home/airflow/.local/lib/python3.8/site-packages/airflow/example_dags/example_nested_branch_dag.py for tasks to queue
[2024-04-08T09:31:47.388+0000] {logging_mixin.py:188} INFO - [2024-04-08T09:31:47.388+0000] {dagbag.py:540} INFO - Filling up the DagBag from /home/airflow/.local/lib/python3.8/site-packages/airflow/example_dags/example_nested_branch_dag.py
[2024-04-08T09:31:47.392+0000] {processor.py:840} INFO - DAG(s) 'example_nested_branch_dag' retrieved from /home/airflow/.local/lib/python3.8/site-packages/airflow/example_dags/example_nested_branch_dag.py
[2024-04-08T09:31:47.467+0000] {logging_mixin.py:188} INFO - [2024-04-08T09:31:47.467+0000] {dag.py:3047} INFO - Sync 1 DAGs
[2024-04-08T09:31:47.505+0000] {logging_mixin.py:188} INFO - [2024-04-08T09:31:47.505+0000] {dag.py:3834} INFO - Setting next_dagrun for example_nested_branch_dag to 2024-04-07 00:00:00+00:00, run_after=2024-04-08 00:00:00+00:00
[2024-04-08T09:31:47.525+0000] {processor.py:183} INFO - Processing /home/airflow/.local/lib/python3.8/site-packages/airflow/example_dags/example_nested_branch_dag.py took 0.140 seconds
[2024-04-08T09:32:17.644+0000] {processor.py:161} INFO - Started process (PID=323) to work on /home/airflow/.local/lib/python3.8/site-packages/airflow/example_dags/example_nested_branch_dag.py
[2024-04-08T09:32:17.645+0000] {processor.py:830} INFO - Processing file /home/airflow/.local/lib/python3.8/site-packages/airflow/example_dags/example_nested_branch_dag.py for tasks to queue
[2024-04-08T09:32:17.646+0000] {logging_mixin.py:188} INFO - [2024-04-08T09:32:17.646+0000] {dagbag.py:540} INFO - Filling up the DagBag from /home/airflow/.local/lib/python3.8/site-packages/airflow/example_dags/example_nested_branch_dag.py
[2024-04-08T09:32:17.650+0000] {processor.py:840} INFO - DAG(s) 'example_nested_branch_dag' retrieved from /home/airflow/.local/lib/python3.8/site-packages/airflow/example_dags/example_nested_branch_dag.py
[2024-04-08T09:32:17.725+0000] {logging_mixin.py:188} INFO - [2024-04-08T09:32:17.725+0000] {dag.py:3047} INFO - Sync 1 DAGs
[2024-04-08T09:32:17.761+0000] {logging_mixin.py:188} INFO - [2024-04-08T09:32:17.761+0000] {dag.py:3834} INFO - Setting next_dagrun for example_nested_branch_dag to 2024-04-07 00:00:00+00:00, run_after=2024-04-08 00:00:00+00:00
[2024-04-08T09:32:17.780+0000] {processor.py:183} INFO - Processing /home/airflow/.local/lib/python3.8/site-packages/airflow/example_dags/example_nested_branch_dag.py took 0.137 seconds
[2024-04-08T09:32:47.844+0000] {processor.py:161} INFO - Started process (PID=378) to work on /home/airflow/.local/lib/python3.8/site-packages/airflow/example_dags/example_nested_branch_dag.py
[2024-04-08T09:32:47.845+0000] {processor.py:830} INFO - Processing file /home/airflow/.local/lib/python3.8/site-packages/airflow/example_dags/example_nested_branch_dag.py for tasks to queue
[2024-04-08T09:32:47.846+0000] {logging_mixin.py:188} INFO - [2024-04-08T09:32:47.846+0000] {dagbag.py:540} INFO - Filling up the DagBag from /home/airflow/.local/lib/python3.8/site-packages/airflow/example_dags/example_nested_branch_dag.py
[2024-04-08T09:32:47.851+0000] {processor.py:840} INFO - DAG(s) 'example_nested_branch_dag' retrieved from /home/airflow/.local/lib/python3.8/site-packages/airflow/example_dags/example_nested_branch_dag.py
[2024-04-08T09:32:47.924+0000] {logging_mixin.py:188} INFO - [2024-04-08T09:32:47.923+0000] {dag.py:3047} INFO - Sync 1 DAGs
[2024-04-08T09:32:47.963+0000] {logging_mixin.py:188} INFO - [2024-04-08T09:32:47.963+0000] {dag.py:3834} INFO - Setting next_dagrun for example_nested_branch_dag to 2024-04-07 00:00:00+00:00, run_after=2024-04-08 00:00:00+00:00
[2024-04-08T09:32:47.982+0000] {processor.py:183} INFO - Processing /home/airflow/.local/lib/python3.8/site-packages/airflow/example_dags/example_nested_branch_dag.py took 0.139 seconds
[2024-04-08T09:33:18.077+0000] {processor.py:161} INFO - Started process (PID=433) to work on /home/airflow/.local/lib/python3.8/site-packages/airflow/example_dags/example_nested_branch_dag.py
[2024-04-08T09:33:18.078+0000] {processor.py:830} INFO - Processing file /home/airflow/.local/lib/python3.8/site-packages/airflow/example_dags/example_nested_branch_dag.py for tasks to queue
[2024-04-08T09:33:18.079+0000] {logging_mixin.py:188} INFO - [2024-04-08T09:33:18.079+0000] {dagbag.py:540} INFO - Filling up the DagBag from /home/airflow/.local/lib/python3.8/site-packages/airflow/example_dags/example_nested_branch_dag.py
[2024-04-08T09:33:18.083+0000] {processor.py:840} INFO - DAG(s) 'example_nested_branch_dag' retrieved from /home/airflow/.local/lib/python3.8/site-packages/airflow/example_dags/example_nested_branch_dag.py
[2024-04-08T09:33:18.158+0000] {logging_mixin.py:188} INFO - [2024-04-08T09:33:18.158+0000] {dag.py:3047} INFO - Sync 1 DAGs
[2024-04-08T09:33:18.196+0000] {logging_mixin.py:188} INFO - [2024-04-08T09:33:18.196+0000] {dag.py:3834} INFO - Setting next_dagrun for example_nested_branch_dag to 2024-04-07 00:00:00+00:00, run_after=2024-04-08 00:00:00+00:00
[2024-04-08T09:33:18.215+0000] {processor.py:183} INFO - Processing /home/airflow/.local/lib/python3.8/site-packages/airflow/example_dags/example_nested_branch_dag.py took 0.140 seconds
[2024-04-08T09:33:48.319+0000] {processor.py:161} INFO - Started process (PID=487) to work on /home/airflow/.local/lib/python3.8/site-packages/airflow/example_dags/example_nested_branch_dag.py
[2024-04-08T09:33:48.320+0000] {processor.py:830} INFO - Processing file /home/airflow/.local/lib/python3.8/site-packages/airflow/example_dags/example_nested_branch_dag.py for tasks to queue
[2024-04-08T09:33:48.321+0000] {logging_mixin.py:188} INFO - [2024-04-08T09:33:48.321+0000] {dagbag.py:540} INFO - Filling up the DagBag from /home/airflow/.local/lib/python3.8/site-packages/airflow/example_dags/example_nested_branch_dag.py
[2024-04-08T09:33:48.326+0000] {processor.py:840} INFO - DAG(s) 'example_nested_branch_dag' retrieved from /home/airflow/.local/lib/python3.8/site-packages/airflow/example_dags/example_nested_branch_dag.py
[2024-04-08T09:33:48.398+0000] {logging_mixin.py:188} INFO - [2024-04-08T09:33:48.398+0000] {dag.py:3047} INFO - Sync 1 DAGs
[2024-04-08T09:33:48.435+0000] {logging_mixin.py:188} INFO - [2024-04-08T09:33:48.435+0000] {dag.py:3834} INFO - Setting next_dagrun for example_nested_branch_dag to 2024-04-07 00:00:00+00:00, run_after=2024-04-08 00:00:00+00:00
[2024-04-08T09:33:48.454+0000] {processor.py:183} INFO - Processing /home/airflow/.local/lib/python3.8/site-packages/airflow/example_dags/example_nested_branch_dag.py took 0.136 seconds
[2024-04-08T09:34:18.601+0000] {processor.py:161} INFO - Started process (PID=542) to work on /home/airflow/.local/lib/python3.8/site-packages/airflow/example_dags/example_nested_branch_dag.py
[2024-04-08T09:34:18.601+0000] {processor.py:830} INFO - Processing file /home/airflow/.local/lib/python3.8/site-packages/airflow/example_dags/example_nested_branch_dag.py for tasks to queue
[2024-04-08T09:34:18.603+0000] {logging_mixin.py:188} INFO - [2024-04-08T09:34:18.603+0000] {dagbag.py:540} INFO - Filling up the DagBag from /home/airflow/.local/lib/python3.8/site-packages/airflow/example_dags/example_nested_branch_dag.py
[2024-04-08T09:34:18.607+0000] {processor.py:840} INFO - DAG(s) 'example_nested_branch_dag' retrieved from /home/airflow/.local/lib/python3.8/site-packages/airflow/example_dags/example_nested_branch_dag.py
[2024-04-08T09:34:18.681+0000] {logging_mixin.py:188} INFO - [2024-04-08T09:34:18.681+0000] {dag.py:3047} INFO - Sync 1 DAGs
[2024-04-08T09:34:18.717+0000] {logging_mixin.py:188} INFO - [2024-04-08T09:34:18.717+0000] {dag.py:3834} INFO - Setting next_dagrun for example_nested_branch_dag to 2024-04-07 00:00:00+00:00, run_after=2024-04-08 00:00:00+00:00
[2024-04-08T09:34:18.737+0000] {processor.py:183} INFO - Processing /home/airflow/.local/lib/python3.8/site-packages/airflow/example_dags/example_nested_branch_dag.py took 0.138 seconds
[2024-04-08T09:34:48.989+0000] {processor.py:161} INFO - Started process (PID=597) to work on /home/airflow/.local/lib/python3.8/site-packages/airflow/example_dags/example_nested_branch_dag.py
[2024-04-08T09:34:48.990+0000] {processor.py:830} INFO - Processing file /home/airflow/.local/lib/python3.8/site-packages/airflow/example_dags/example_nested_branch_dag.py for tasks to queue
[2024-04-08T09:34:48.991+0000] {logging_mixin.py:188} INFO - [2024-04-08T09:34:48.990+0000] {dagbag.py:540} INFO - Filling up the DagBag from /home/airflow/.local/lib/python3.8/site-packages/airflow/example_dags/example_nested_branch_dag.py
[2024-04-08T09:34:48.995+0000] {processor.py:840} INFO - DAG(s) 'example_nested_branch_dag' retrieved from /home/airflow/.local/lib/python3.8/site-packages/airflow/example_dags/example_nested_branch_dag.py
[2024-04-08T09:34:49.069+0000] {logging_mixin.py:188} INFO - [2024-04-08T09:34:49.069+0000] {dag.py:3047} INFO - Sync 1 DAGs
[2024-04-08T09:34:49.105+0000] {logging_mixin.py:188} INFO - [2024-04-08T09:34:49.105+0000] {dag.py:3834} INFO - Setting next_dagrun for example_nested_branch_dag to 2024-04-07 00:00:00+00:00, run_after=2024-04-08 00:00:00+00:00
[2024-04-08T09:34:49.125+0000] {processor.py:183} INFO - Processing /home/airflow/.local/lib/python3.8/site-packages/airflow/example_dags/example_nested_branch_dag.py took 0.137 seconds
[2024-04-08T09:35:19.369+0000] {processor.py:161} INFO - Started process (PID=652) to work on /home/airflow/.local/lib/python3.8/site-packages/airflow/example_dags/example_nested_branch_dag.py
[2024-04-08T09:35:19.369+0000] {processor.py:830} INFO - Processing file /home/airflow/.local/lib/python3.8/site-packages/airflow/example_dags/example_nested_branch_dag.py for tasks to queue
[2024-04-08T09:35:19.370+0000] {logging_mixin.py:188} INFO - [2024-04-08T09:35:19.370+0000] {dagbag.py:540} INFO - Filling up the DagBag from /home/airflow/.local/lib/python3.8/site-packages/airflow/example_dags/example_nested_branch_dag.py
[2024-04-08T09:35:19.375+0000] {processor.py:840} INFO - DAG(s) 'example_nested_branch_dag' retrieved from /home/airflow/.local/lib/python3.8/site-packages/airflow/example_dags/example_nested_branch_dag.py
[2024-04-08T09:35:19.451+0000] {logging_mixin.py:188} INFO - [2024-04-08T09:35:19.451+0000] {dag.py:3047} INFO - Sync 1 DAGs
[2024-04-08T09:35:19.494+0000] {logging_mixin.py:188} INFO - [2024-04-08T09:35:19.494+0000] {dag.py:3834} INFO - Setting next_dagrun for example_nested_branch_dag to 2024-04-07 00:00:00+00:00, run_after=2024-04-08 00:00:00+00:00
[2024-04-08T09:35:19.518+0000] {processor.py:183} INFO - Processing /home/airflow/.local/lib/python3.8/site-packages/airflow/example_dags/example_nested_branch_dag.py took 0.151 seconds
[2024-04-08T09:35:49.547+0000] {processor.py:161} INFO - Started process (PID=707) to work on /home/airflow/.local/lib/python3.8/site-packages/airflow/example_dags/example_nested_branch_dag.py
[2024-04-08T09:35:49.549+0000] {processor.py:830} INFO - Processing file /home/airflow/.local/lib/python3.8/site-packages/airflow/example_dags/example_nested_branch_dag.py for tasks to queue
[2024-04-08T09:35:49.553+0000] {logging_mixin.py:188} INFO - [2024-04-08T09:35:49.553+0000] {dagbag.py:540} INFO - Filling up the DagBag from /home/airflow/.local/lib/python3.8/site-packages/airflow/example_dags/example_nested_branch_dag.py
[2024-04-08T09:35:49.558+0000] {processor.py:840} INFO - DAG(s) 'example_nested_branch_dag' retrieved from /home/airflow/.local/lib/python3.8/site-packages/airflow/example_dags/example_nested_branch_dag.py
[2024-04-08T09:35:49.633+0000] {logging_mixin.py:188} INFO - [2024-04-08T09:35:49.633+0000] {dag.py:3047} INFO - Sync 1 DAGs
[2024-04-08T09:35:49.676+0000] {logging_mixin.py:188} INFO - [2024-04-08T09:35:49.675+0000] {dag.py:3834} INFO - Setting next_dagrun for example_nested_branch_dag to 2024-04-07 00:00:00+00:00, run_after=2024-04-08 00:00:00+00:00
[2024-04-08T09:35:49.706+0000] {processor.py:183} INFO - Processing /home/airflow/.local/lib/python3.8/site-packages/airflow/example_dags/example_nested_branch_dag.py took 0.160 seconds
[2024-04-08T09:36:19.745+0000] {processor.py:161} INFO - Started process (PID=762) to work on /home/airflow/.local/lib/python3.8/site-packages/airflow/example_dags/example_nested_branch_dag.py
[2024-04-08T09:36:19.745+0000] {processor.py:830} INFO - Processing file /home/airflow/.local/lib/python3.8/site-packages/airflow/example_dags/example_nested_branch_dag.py for tasks to queue
[2024-04-08T09:36:19.747+0000] {logging_mixin.py:188} INFO - [2024-04-08T09:36:19.746+0000] {dagbag.py:540} INFO - Filling up the DagBag from /home/airflow/.local/lib/python3.8/site-packages/airflow/example_dags/example_nested_branch_dag.py
[2024-04-08T09:36:19.751+0000] {processor.py:840} INFO - DAG(s) 'example_nested_branch_dag' retrieved from /home/airflow/.local/lib/python3.8/site-packages/airflow/example_dags/example_nested_branch_dag.py
[2024-04-08T09:36:19.828+0000] {logging_mixin.py:188} INFO - [2024-04-08T09:36:19.828+0000] {dag.py:3047} INFO - Sync 1 DAGs
[2024-04-08T09:36:19.865+0000] {logging_mixin.py:188} INFO - [2024-04-08T09:36:19.865+0000] {dag.py:3834} INFO - Setting next_dagrun for example_nested_branch_dag to 2024-04-07 00:00:00+00:00, run_after=2024-04-08 00:00:00+00:00
[2024-04-08T09:36:19.885+0000] {processor.py:183} INFO - Processing /home/airflow/.local/lib/python3.8/site-packages/airflow/example_dags/example_nested_branch_dag.py took 0.141 seconds
[2024-04-08T09:36:50.157+0000] {processor.py:161} INFO - Started process (PID=817) to work on /home/airflow/.local/lib/python3.8/site-packages/airflow/example_dags/example_nested_branch_dag.py
[2024-04-08T09:36:50.158+0000] {processor.py:830} INFO - Processing file /home/airflow/.local/lib/python3.8/site-packages/airflow/example_dags/example_nested_branch_dag.py for tasks to queue
[2024-04-08T09:36:50.159+0000] {logging_mixin.py:188} INFO - [2024-04-08T09:36:50.158+0000] {dagbag.py:540} INFO - Filling up the DagBag from /home/airflow/.local/lib/python3.8/site-packages/airflow/example_dags/example_nested_branch_dag.py
[2024-04-08T09:36:50.163+0000] {processor.py:840} INFO - DAG(s) 'example_nested_branch_dag' retrieved from /home/airflow/.local/lib/python3.8/site-packages/airflow/example_dags/example_nested_branch_dag.py
[2024-04-08T09:36:50.237+0000] {logging_mixin.py:188} INFO - [2024-04-08T09:36:50.237+0000] {dag.py:3047} INFO - Sync 1 DAGs
[2024-04-08T09:36:50.273+0000] {logging_mixin.py:188} INFO - [2024-04-08T09:36:50.273+0000] {dag.py:3834} INFO - Setting next_dagrun for example_nested_branch_dag to 2024-04-07 00:00:00+00:00, run_after=2024-04-08 00:00:00+00:00
[2024-04-08T09:36:50.293+0000] {processor.py:183} INFO - Processing /home/airflow/.local/lib/python3.8/site-packages/airflow/example_dags/example_nested_branch_dag.py took 0.137 seconds
[2024-04-08T09:37:20.442+0000] {processor.py:161} INFO - Started process (PID=872) to work on /home/airflow/.local/lib/python3.8/site-packages/airflow/example_dags/example_nested_branch_dag.py
[2024-04-08T09:37:20.443+0000] {processor.py:830} INFO - Processing file /home/airflow/.local/lib/python3.8/site-packages/airflow/example_dags/example_nested_branch_dag.py for tasks to queue
[2024-04-08T09:37:20.444+0000] {logging_mixin.py:188} INFO - [2024-04-08T09:37:20.444+0000] {dagbag.py:540} INFO - Filling up the DagBag from /home/airflow/.local/lib/python3.8/site-packages/airflow/example_dags/example_nested_branch_dag.py
[2024-04-08T09:37:20.448+0000] {processor.py:840} INFO - DAG(s) 'example_nested_branch_dag' retrieved from /home/airflow/.local/lib/python3.8/site-packages/airflow/example_dags/example_nested_branch_dag.py
[2024-04-08T09:37:20.523+0000] {logging_mixin.py:188} INFO - [2024-04-08T09:37:20.523+0000] {dag.py:3047} INFO - Sync 1 DAGs
[2024-04-08T09:37:20.560+0000] {logging_mixin.py:188} INFO - [2024-04-08T09:37:20.560+0000] {dag.py:3834} INFO - Setting next_dagrun for example_nested_branch_dag to 2024-04-07 00:00:00+00:00, run_after=2024-04-08 00:00:00+00:00
[2024-04-08T09:37:20.580+0000] {processor.py:183} INFO - Processing /home/airflow/.local/lib/python3.8/site-packages/airflow/example_dags/example_nested_branch_dag.py took 0.139 seconds
[2024-04-08T09:37:50.678+0000] {processor.py:161} INFO - Started process (PID=927) to work on /home/airflow/.local/lib/python3.8/site-packages/airflow/example_dags/example_nested_branch_dag.py
[2024-04-08T09:37:50.679+0000] {processor.py:830} INFO - Processing file /home/airflow/.local/lib/python3.8/site-packages/airflow/example_dags/example_nested_branch_dag.py for tasks to queue
[2024-04-08T09:37:50.680+0000] {logging_mixin.py:188} INFO - [2024-04-08T09:37:50.680+0000] {dagbag.py:540} INFO - Filling up the DagBag from /home/airflow/.local/lib/python3.8/site-packages/airflow/example_dags/example_nested_branch_dag.py
[2024-04-08T09:37:50.684+0000] {processor.py:840} INFO - DAG(s) 'example_nested_branch_dag' retrieved from /home/airflow/.local/lib/python3.8/site-packages/airflow/example_dags/example_nested_branch_dag.py
[2024-04-08T09:37:50.760+0000] {logging_mixin.py:188} INFO - [2024-04-08T09:37:50.760+0000] {dag.py:3047} INFO - Sync 1 DAGs
[2024-04-08T09:37:50.797+0000] {logging_mixin.py:188} INFO - [2024-04-08T09:37:50.797+0000] {dag.py:3834} INFO - Setting next_dagrun for example_nested_branch_dag to 2024-04-07 00:00:00+00:00, run_after=2024-04-08 00:00:00+00:00
[2024-04-08T09:37:50.817+0000] {processor.py:183} INFO - Processing /home/airflow/.local/lib/python3.8/site-packages/airflow/example_dags/example_nested_branch_dag.py took 0.141 seconds
[2024-04-08T09:38:21.409+0000] {processor.py:161} INFO - Started process (PID=982) to work on /home/airflow/.local/lib/python3.8/site-packages/airflow/example_dags/example_nested_branch_dag.py
[2024-04-08T09:38:21.409+0000] {processor.py:830} INFO - Processing file /home/airflow/.local/lib/python3.8/site-packages/airflow/example_dags/example_nested_branch_dag.py for tasks to queue
[2024-04-08T09:38:21.410+0000] {logging_mixin.py:188} INFO - [2024-04-08T09:38:21.410+0000] {dagbag.py:540} INFO - Filling up the DagBag from /home/airflow/.local/lib/python3.8/site-packages/airflow/example_dags/example_nested_branch_dag.py
[2024-04-08T09:38:21.415+0000] {processor.py:840} INFO - DAG(s) 'example_nested_branch_dag' retrieved from /home/airflow/.local/lib/python3.8/site-packages/airflow/example_dags/example_nested_branch_dag.py
[2024-04-08T09:38:21.491+0000] {logging_mixin.py:188} INFO - [2024-04-08T09:38:21.490+0000] {dag.py:3047} INFO - Sync 1 DAGs
[2024-04-08T09:38:21.529+0000] {logging_mixin.py:188} INFO - [2024-04-08T09:38:21.529+0000] {dag.py:3834} INFO - Setting next_dagrun for example_nested_branch_dag to 2024-04-07 00:00:00+00:00, run_after=2024-04-08 00:00:00+00:00
[2024-04-08T09:38:21.549+0000] {processor.py:183} INFO - Processing /home/airflow/.local/lib/python3.8/site-packages/airflow/example_dags/example_nested_branch_dag.py took 0.142 seconds
[2024-04-08T09:38:51.857+0000] {processor.py:161} INFO - Started process (PID=1037) to work on /home/airflow/.local/lib/python3.8/site-packages/airflow/example_dags/example_nested_branch_dag.py
[2024-04-08T09:38:51.857+0000] {processor.py:830} INFO - Processing file /home/airflow/.local/lib/python3.8/site-packages/airflow/example_dags/example_nested_branch_dag.py for tasks to queue
[2024-04-08T09:38:51.859+0000] {logging_mixin.py:188} INFO - [2024-04-08T09:38:51.858+0000] {dagbag.py:540} INFO - Filling up the DagBag from /home/airflow/.local/lib/python3.8/site-packages/airflow/example_dags/example_nested_branch_dag.py
[2024-04-08T09:38:51.866+0000] {processor.py:840} INFO - DAG(s) 'example_nested_branch_dag' retrieved from /home/airflow/.local/lib/python3.8/site-packages/airflow/example_dags/example_nested_branch_dag.py
[2024-04-08T09:38:51.950+0000] {logging_mixin.py:188} INFO - [2024-04-08T09:38:51.950+0000] {dag.py:3047} INFO - Sync 1 DAGs
[2024-04-08T09:38:51.993+0000] {logging_mixin.py:188} INFO - [2024-04-08T09:38:51.993+0000] {dag.py:3834} INFO - Setting next_dagrun for example_nested_branch_dag to 2024-04-07 00:00:00+00:00, run_after=2024-04-08 00:00:00+00:00
[2024-04-08T09:38:52.017+0000] {processor.py:183} INFO - Processing /home/airflow/.local/lib/python3.8/site-packages/airflow/example_dags/example_nested_branch_dag.py took 0.162 seconds
[2024-04-08T09:39:22.064+0000] {processor.py:161} INFO - Started process (PID=1092) to work on /home/airflow/.local/lib/python3.8/site-packages/airflow/example_dags/example_nested_branch_dag.py
[2024-04-08T09:39:22.065+0000] {processor.py:830} INFO - Processing file /home/airflow/.local/lib/python3.8/site-packages/airflow/example_dags/example_nested_branch_dag.py for tasks to queue
[2024-04-08T09:39:22.068+0000] {logging_mixin.py:188} INFO - [2024-04-08T09:39:22.068+0000] {dagbag.py:540} INFO - Filling up the DagBag from /home/airflow/.local/lib/python3.8/site-packages/airflow/example_dags/example_nested_branch_dag.py
[2024-04-08T09:39:22.073+0000] {processor.py:840} INFO - DAG(s) 'example_nested_branch_dag' retrieved from /home/airflow/.local/lib/python3.8/site-packages/airflow/example_dags/example_nested_branch_dag.py
[2024-04-08T09:39:22.150+0000] {logging_mixin.py:188} INFO - [2024-04-08T09:39:22.150+0000] {dag.py:3047} INFO - Sync 1 DAGs
[2024-04-08T09:39:22.189+0000] {logging_mixin.py:188} INFO - [2024-04-08T09:39:22.189+0000] {dag.py:3834} INFO - Setting next_dagrun for example_nested_branch_dag to 2024-04-07 00:00:00+00:00, run_after=2024-04-08 00:00:00+00:00
[2024-04-08T09:39:22.209+0000] {processor.py:183} INFO - Processing /home/airflow/.local/lib/python3.8/site-packages/airflow/example_dags/example_nested_branch_dag.py took 0.146 seconds
[2024-04-08T09:39:53.187+0000] {processor.py:161} INFO - Started process (PID=1147) to work on /home/airflow/.local/lib/python3.8/site-packages/airflow/example_dags/example_nested_branch_dag.py
[2024-04-08T09:39:53.188+0000] {processor.py:830} INFO - Processing file /home/airflow/.local/lib/python3.8/site-packages/airflow/example_dags/example_nested_branch_dag.py for tasks to queue
[2024-04-08T09:39:53.189+0000] {logging_mixin.py:188} INFO - [2024-04-08T09:39:53.188+0000] {dagbag.py:540} INFO - Filling up the DagBag from /home/airflow/.local/lib/python3.8/site-packages/airflow/example_dags/example_nested_branch_dag.py
[2024-04-08T09:39:53.193+0000] {processor.py:840} INFO - DAG(s) 'example_nested_branch_dag' retrieved from /home/airflow/.local/lib/python3.8/site-packages/airflow/example_dags/example_nested_branch_dag.py
[2024-04-08T09:39:53.269+0000] {logging_mixin.py:188} INFO - [2024-04-08T09:39:53.269+0000] {dag.py:3047} INFO - Sync 1 DAGs
[2024-04-08T09:39:53.306+0000] {logging_mixin.py:188} INFO - [2024-04-08T09:39:53.306+0000] {dag.py:3834} INFO - Setting next_dagrun for example_nested_branch_dag to 2024-04-07 00:00:00+00:00, run_after=2024-04-08 00:00:00+00:00
[2024-04-08T09:39:53.326+0000] {processor.py:183} INFO - Processing /home/airflow/.local/lib/python3.8/site-packages/airflow/example_dags/example_nested_branch_dag.py took 0.140 seconds
[2024-04-08T09:40:23.449+0000] {processor.py:161} INFO - Started process (PID=1201) to work on /home/airflow/.local/lib/python3.8/site-packages/airflow/example_dags/example_nested_branch_dag.py
[2024-04-08T09:40:23.450+0000] {processor.py:830} INFO - Processing file /home/airflow/.local/lib/python3.8/site-packages/airflow/example_dags/example_nested_branch_dag.py for tasks to queue
[2024-04-08T09:40:23.451+0000] {logging_mixin.py:188} INFO - [2024-04-08T09:40:23.451+0000] {dagbag.py:540} INFO - Filling up the DagBag from /home/airflow/.local/lib/python3.8/site-packages/airflow/example_dags/example_nested_branch_dag.py
[2024-04-08T09:40:23.455+0000] {processor.py:840} INFO - DAG(s) 'example_nested_branch_dag' retrieved from /home/airflow/.local/lib/python3.8/site-packages/airflow/example_dags/example_nested_branch_dag.py
[2024-04-08T09:40:23.530+0000] {logging_mixin.py:188} INFO - [2024-04-08T09:40:23.530+0000] {dag.py:3047} INFO - Sync 1 DAGs
[2024-04-08T09:40:23.566+0000] {logging_mixin.py:188} INFO - [2024-04-08T09:40:23.566+0000] {dag.py:3834} INFO - Setting next_dagrun for example_nested_branch_dag to 2024-04-07 00:00:00+00:00, run_after=2024-04-08 00:00:00+00:00
[2024-04-08T09:40:23.586+0000] {processor.py:183} INFO - Processing /home/airflow/.local/lib/python3.8/site-packages/airflow/example_dags/example_nested_branch_dag.py took 0.139 seconds
[2024-04-08T09:40:53.932+0000] {processor.py:161} INFO - Started process (PID=1256) to work on /home/airflow/.local/lib/python3.8/site-packages/airflow/example_dags/example_nested_branch_dag.py
[2024-04-08T09:40:53.933+0000] {processor.py:830} INFO - Processing file /home/airflow/.local/lib/python3.8/site-packages/airflow/example_dags/example_nested_branch_dag.py for tasks to queue
[2024-04-08T09:40:53.934+0000] {logging_mixin.py:188} INFO - [2024-04-08T09:40:53.933+0000] {dagbag.py:540} INFO - Filling up the DagBag from /home/airflow/.local/lib/python3.8/site-packages/airflow/example_dags/example_nested_branch_dag.py
[2024-04-08T09:40:53.938+0000] {processor.py:840} INFO - DAG(s) 'example_nested_branch_dag' retrieved from /home/airflow/.local/lib/python3.8/site-packages/airflow/example_dags/example_nested_branch_dag.py
[2024-04-08T09:40:54.012+0000] {logging_mixin.py:188} INFO - [2024-04-08T09:40:54.012+0000] {dag.py:3047} INFO - Sync 1 DAGs
[2024-04-08T09:40:54.048+0000] {logging_mixin.py:188} INFO - [2024-04-08T09:40:54.048+0000] {dag.py:3834} INFO - Setting next_dagrun for example_nested_branch_dag to 2024-04-07 00:00:00+00:00, run_after=2024-04-08 00:00:00+00:00
[2024-04-08T09:40:54.069+0000] {processor.py:183} INFO - Processing /home/airflow/.local/lib/python3.8/site-packages/airflow/example_dags/example_nested_branch_dag.py took 0.138 seconds
[2024-04-08T09:41:24.867+0000] {processor.py:161} INFO - Started process (PID=1311) to work on /home/airflow/.local/lib/python3.8/site-packages/airflow/example_dags/example_nested_branch_dag.py
[2024-04-08T09:41:24.868+0000] {processor.py:830} INFO - Processing file /home/airflow/.local/lib/python3.8/site-packages/airflow/example_dags/example_nested_branch_dag.py for tasks to queue
[2024-04-08T09:41:24.869+0000] {logging_mixin.py:188} INFO - [2024-04-08T09:41:24.869+0000] {dagbag.py:540} INFO - Filling up the DagBag from /home/airflow/.local/lib/python3.8/site-packages/airflow/example_dags/example_nested_branch_dag.py
[2024-04-08T09:41:24.874+0000] {processor.py:840} INFO - DAG(s) 'example_nested_branch_dag' retrieved from /home/airflow/.local/lib/python3.8/site-packages/airflow/example_dags/example_nested_branch_dag.py
[2024-04-08T09:41:24.946+0000] {logging_mixin.py:188} INFO - [2024-04-08T09:41:24.946+0000] {dag.py:3047} INFO - Sync 1 DAGs
[2024-04-08T09:41:24.985+0000] {logging_mixin.py:188} INFO - [2024-04-08T09:41:24.985+0000] {dag.py:3834} INFO - Setting next_dagrun for example_nested_branch_dag to 2024-04-07 00:00:00+00:00, run_after=2024-04-08 00:00:00+00:00
[2024-04-08T09:41:25.004+0000] {processor.py:183} INFO - Processing /home/airflow/.local/lib/python3.8/site-packages/airflow/example_dags/example_nested_branch_dag.py took 0.138 seconds
[2024-04-08T09:41:55.749+0000] {processor.py:161} INFO - Started process (PID=1366) to work on /home/airflow/.local/lib/python3.8/site-packages/airflow/example_dags/example_nested_branch_dag.py
[2024-04-08T09:41:55.749+0000] {processor.py:830} INFO - Processing file /home/airflow/.local/lib/python3.8/site-packages/airflow/example_dags/example_nested_branch_dag.py for tasks to queue
[2024-04-08T09:41:55.751+0000] {logging_mixin.py:188} INFO - [2024-04-08T09:41:55.751+0000] {dagbag.py:540} INFO - Filling up the DagBag from /home/airflow/.local/lib/python3.8/site-packages/airflow/example_dags/example_nested_branch_dag.py
[2024-04-08T09:41:55.756+0000] {processor.py:840} INFO - DAG(s) 'example_nested_branch_dag' retrieved from /home/airflow/.local/lib/python3.8/site-packages/airflow/example_dags/example_nested_branch_dag.py
[2024-04-08T09:41:55.830+0000] {logging_mixin.py:188} INFO - [2024-04-08T09:41:55.830+0000] {dag.py:3047} INFO - Sync 1 DAGs
[2024-04-08T09:41:55.867+0000] {logging_mixin.py:188} INFO - [2024-04-08T09:41:55.867+0000] {dag.py:3834} INFO - Setting next_dagrun for example_nested_branch_dag to 2024-04-07 00:00:00+00:00, run_after=2024-04-08 00:00:00+00:00
[2024-04-08T09:41:55.886+0000] {processor.py:183} INFO - Processing /home/airflow/.local/lib/python3.8/site-packages/airflow/example_dags/example_nested_branch_dag.py took 0.138 seconds
[2024-04-08T09:42:26.086+0000] {processor.py:161} INFO - Started process (PID=1421) to work on /home/airflow/.local/lib/python3.8/site-packages/airflow/example_dags/example_nested_branch_dag.py
[2024-04-08T09:42:26.087+0000] {processor.py:830} INFO - Processing file /home/airflow/.local/lib/python3.8/site-packages/airflow/example_dags/example_nested_branch_dag.py for tasks to queue
[2024-04-08T09:42:26.087+0000] {logging_mixin.py:188} INFO - [2024-04-08T09:42:26.087+0000] {dagbag.py:540} INFO - Filling up the DagBag from /home/airflow/.local/lib/python3.8/site-packages/airflow/example_dags/example_nested_branch_dag.py
[2024-04-08T09:42:26.092+0000] {processor.py:840} INFO - DAG(s) 'example_nested_branch_dag' retrieved from /home/airflow/.local/lib/python3.8/site-packages/airflow/example_dags/example_nested_branch_dag.py
[2024-04-08T09:42:26.167+0000] {logging_mixin.py:188} INFO - [2024-04-08T09:42:26.167+0000] {dag.py:3047} INFO - Sync 1 DAGs
[2024-04-08T09:42:26.204+0000] {logging_mixin.py:188} INFO - [2024-04-08T09:42:26.203+0000] {dag.py:3834} INFO - Setting next_dagrun for example_nested_branch_dag to 2024-04-07 00:00:00+00:00, run_after=2024-04-08 00:00:00+00:00
[2024-04-08T09:42:26.223+0000] {processor.py:183} INFO - Processing /home/airflow/.local/lib/python3.8/site-packages/airflow/example_dags/example_nested_branch_dag.py took 0.139 seconds
[2024-04-08T09:42:56.389+0000] {processor.py:161} INFO - Started process (PID=1476) to work on /home/airflow/.local/lib/python3.8/site-packages/airflow/example_dags/example_nested_branch_dag.py
[2024-04-08T09:42:56.389+0000] {processor.py:830} INFO - Processing file /home/airflow/.local/lib/python3.8/site-packages/airflow/example_dags/example_nested_branch_dag.py for tasks to queue
[2024-04-08T09:42:56.390+0000] {logging_mixin.py:188} INFO - [2024-04-08T09:42:56.390+0000] {dagbag.py:540} INFO - Filling up the DagBag from /home/airflow/.local/lib/python3.8/site-packages/airflow/example_dags/example_nested_branch_dag.py
[2024-04-08T09:42:56.395+0000] {processor.py:840} INFO - DAG(s) 'example_nested_branch_dag' retrieved from /home/airflow/.local/lib/python3.8/site-packages/airflow/example_dags/example_nested_branch_dag.py
[2024-04-08T09:42:56.470+0000] {logging_mixin.py:188} INFO - [2024-04-08T09:42:56.469+0000] {dag.py:3047} INFO - Sync 1 DAGs
[2024-04-08T09:42:56.511+0000] {logging_mixin.py:188} INFO - [2024-04-08T09:42:56.511+0000] {dag.py:3834} INFO - Setting next_dagrun for example_nested_branch_dag to 2024-04-07 00:00:00+00:00, run_after=2024-04-08 00:00:00+00:00
[2024-04-08T09:42:56.530+0000] {processor.py:183} INFO - Processing /home/airflow/.local/lib/python3.8/site-packages/airflow/example_dags/example_nested_branch_dag.py took 0.143 seconds
[2024-04-08T09:43:26.664+0000] {processor.py:161} INFO - Started process (PID=1531) to work on /home/airflow/.local/lib/python3.8/site-packages/airflow/example_dags/example_nested_branch_dag.py
[2024-04-08T09:43:26.665+0000] {processor.py:830} INFO - Processing file /home/airflow/.local/lib/python3.8/site-packages/airflow/example_dags/example_nested_branch_dag.py for tasks to queue
[2024-04-08T09:43:26.666+0000] {logging_mixin.py:188} INFO - [2024-04-08T09:43:26.666+0000] {dagbag.py:540} INFO - Filling up the DagBag from /home/airflow/.local/lib/python3.8/site-packages/airflow/example_dags/example_nested_branch_dag.py
[2024-04-08T09:43:26.671+0000] {processor.py:840} INFO - DAG(s) 'example_nested_branch_dag' retrieved from /home/airflow/.local/lib/python3.8/site-packages/airflow/example_dags/example_nested_branch_dag.py
[2024-04-08T09:43:26.746+0000] {logging_mixin.py:188} INFO - [2024-04-08T09:43:26.746+0000] {dag.py:3047} INFO - Sync 1 DAGs
[2024-04-08T09:43:26.782+0000] {logging_mixin.py:188} INFO - [2024-04-08T09:43:26.782+0000] {dag.py:3834} INFO - Setting next_dagrun for example_nested_branch_dag to 2024-04-07 00:00:00+00:00, run_after=2024-04-08 00:00:00+00:00
[2024-04-08T09:43:26.802+0000] {processor.py:183} INFO - Processing /home/airflow/.local/lib/python3.8/site-packages/airflow/example_dags/example_nested_branch_dag.py took 0.140 seconds
[2024-04-08T09:43:57.063+0000] {processor.py:161} INFO - Started process (PID=1586) to work on /home/airflow/.local/lib/python3.8/site-packages/airflow/example_dags/example_nested_branch_dag.py
[2024-04-08T09:43:57.063+0000] {processor.py:830} INFO - Processing file /home/airflow/.local/lib/python3.8/site-packages/airflow/example_dags/example_nested_branch_dag.py for tasks to queue
[2024-04-08T09:43:57.064+0000] {logging_mixin.py:188} INFO - [2024-04-08T09:43:57.064+0000] {dagbag.py:540} INFO - Filling up the DagBag from /home/airflow/.local/lib/python3.8/site-packages/airflow/example_dags/example_nested_branch_dag.py
[2024-04-08T09:43:57.069+0000] {processor.py:840} INFO - DAG(s) 'example_nested_branch_dag' retrieved from /home/airflow/.local/lib/python3.8/site-packages/airflow/example_dags/example_nested_branch_dag.py
[2024-04-08T09:43:57.143+0000] {logging_mixin.py:188} INFO - [2024-04-08T09:43:57.143+0000] {dag.py:3047} INFO - Sync 1 DAGs
[2024-04-08T09:43:57.182+0000] {logging_mixin.py:188} INFO - [2024-04-08T09:43:57.182+0000] {dag.py:3834} INFO - Setting next_dagrun for example_nested_branch_dag to 2024-04-07 00:00:00+00:00, run_after=2024-04-08 00:00:00+00:00
[2024-04-08T09:43:57.203+0000] {processor.py:183} INFO - Processing /home/airflow/.local/lib/python3.8/site-packages/airflow/example_dags/example_nested_branch_dag.py took 0.142 seconds
[2024-04-08T09:44:27.533+0000] {processor.py:161} INFO - Started process (PID=1641) to work on /home/airflow/.local/lib/python3.8/site-packages/airflow/example_dags/example_nested_branch_dag.py
[2024-04-08T09:44:27.533+0000] {processor.py:830} INFO - Processing file /home/airflow/.local/lib/python3.8/site-packages/airflow/example_dags/example_nested_branch_dag.py for tasks to queue
[2024-04-08T09:44:27.535+0000] {logging_mixin.py:188} INFO - [2024-04-08T09:44:27.535+0000] {dagbag.py:540} INFO - Filling up the DagBag from /home/airflow/.local/lib/python3.8/site-packages/airflow/example_dags/example_nested_branch_dag.py
[2024-04-08T09:44:27.540+0000] {processor.py:840} INFO - DAG(s) 'example_nested_branch_dag' retrieved from /home/airflow/.local/lib/python3.8/site-packages/airflow/example_dags/example_nested_branch_dag.py
[2024-04-08T09:44:27.621+0000] {logging_mixin.py:188} INFO - [2024-04-08T09:44:27.621+0000] {dag.py:3047} INFO - Sync 1 DAGs
[2024-04-08T09:44:27.659+0000] {logging_mixin.py:188} INFO - [2024-04-08T09:44:27.659+0000] {dag.py:3834} INFO - Setting next_dagrun for example_nested_branch_dag to 2024-04-07 00:00:00+00:00, run_after=2024-04-08 00:00:00+00:00
[2024-04-08T09:44:27.678+0000] {processor.py:183} INFO - Processing /home/airflow/.local/lib/python3.8/site-packages/airflow/example_dags/example_nested_branch_dag.py took 0.148 seconds
[2024-04-08T09:44:57.736+0000] {processor.py:161} INFO - Started process (PID=1696) to work on /home/airflow/.local/lib/python3.8/site-packages/airflow/example_dags/example_nested_branch_dag.py
[2024-04-08T09:44:57.737+0000] {processor.py:830} INFO - Processing file /home/airflow/.local/lib/python3.8/site-packages/airflow/example_dags/example_nested_branch_dag.py for tasks to queue
[2024-04-08T09:44:57.738+0000] {logging_mixin.py:188} INFO - [2024-04-08T09:44:57.738+0000] {dagbag.py:540} INFO - Filling up the DagBag from /home/airflow/.local/lib/python3.8/site-packages/airflow/example_dags/example_nested_branch_dag.py
[2024-04-08T09:44:57.742+0000] {processor.py:840} INFO - DAG(s) 'example_nested_branch_dag' retrieved from /home/airflow/.local/lib/python3.8/site-packages/airflow/example_dags/example_nested_branch_dag.py
[2024-04-08T09:44:57.814+0000] {logging_mixin.py:188} INFO - [2024-04-08T09:44:57.814+0000] {dag.py:3047} INFO - Sync 1 DAGs
[2024-04-08T09:44:57.853+0000] {logging_mixin.py:188} INFO - [2024-04-08T09:44:57.853+0000] {dag.py:3834} INFO - Setting next_dagrun for example_nested_branch_dag to 2024-04-07 00:00:00+00:00, run_after=2024-04-08 00:00:00+00:00
[2024-04-08T09:44:57.874+0000] {processor.py:183} INFO - Processing /home/airflow/.local/lib/python3.8/site-packages/airflow/example_dags/example_nested_branch_dag.py took 0.139 seconds
[2024-04-08T09:45:28.008+0000] {processor.py:161} INFO - Started process (PID=1751) to work on /home/airflow/.local/lib/python3.8/site-packages/airflow/example_dags/example_nested_branch_dag.py
[2024-04-08T09:45:28.009+0000] {processor.py:830} INFO - Processing file /home/airflow/.local/lib/python3.8/site-packages/airflow/example_dags/example_nested_branch_dag.py for tasks to queue
[2024-04-08T09:45:28.009+0000] {logging_mixin.py:188} INFO - [2024-04-08T09:45:28.009+0000] {dagbag.py:540} INFO - Filling up the DagBag from /home/airflow/.local/lib/python3.8/site-packages/airflow/example_dags/example_nested_branch_dag.py
[2024-04-08T09:45:28.014+0000] {processor.py:840} INFO - DAG(s) 'example_nested_branch_dag' retrieved from /home/airflow/.local/lib/python3.8/site-packages/airflow/example_dags/example_nested_branch_dag.py
[2024-04-08T09:45:28.087+0000] {logging_mixin.py:188} INFO - [2024-04-08T09:45:28.087+0000] {dag.py:3047} INFO - Sync 1 DAGs
[2024-04-08T09:45:28.125+0000] {logging_mixin.py:188} INFO - [2024-04-08T09:45:28.125+0000] {dag.py:3834} INFO - Setting next_dagrun for example_nested_branch_dag to 2024-04-07 00:00:00+00:00, run_after=2024-04-08 00:00:00+00:00
[2024-04-08T09:45:28.146+0000] {processor.py:183} INFO - Processing /home/airflow/.local/lib/python3.8/site-packages/airflow/example_dags/example_nested_branch_dag.py took 0.139 seconds
[2024-04-08T09:45:58.226+0000] {processor.py:161} INFO - Started process (PID=1806) to work on /home/airflow/.local/lib/python3.8/site-packages/airflow/example_dags/example_nested_branch_dag.py
[2024-04-08T09:45:58.227+0000] {processor.py:830} INFO - Processing file /home/airflow/.local/lib/python3.8/site-packages/airflow/example_dags/example_nested_branch_dag.py for tasks to queue
[2024-04-08T09:45:58.228+0000] {logging_mixin.py:188} INFO - [2024-04-08T09:45:58.228+0000] {dagbag.py:540} INFO - Filling up the DagBag from /home/airflow/.local/lib/python3.8/site-packages/airflow/example_dags/example_nested_branch_dag.py
[2024-04-08T09:45:58.232+0000] {processor.py:840} INFO - DAG(s) 'example_nested_branch_dag' retrieved from /home/airflow/.local/lib/python3.8/site-packages/airflow/example_dags/example_nested_branch_dag.py
[2024-04-08T09:45:58.307+0000] {logging_mixin.py:188} INFO - [2024-04-08T09:45:58.307+0000] {dag.py:3047} INFO - Sync 1 DAGs
[2024-04-08T09:45:58.342+0000] {logging_mixin.py:188} INFO - [2024-04-08T09:45:58.342+0000] {dag.py:3834} INFO - Setting next_dagrun for example_nested_branch_dag to 2024-04-07 00:00:00+00:00, run_after=2024-04-08 00:00:00+00:00
[2024-04-08T09:45:58.363+0000] {processor.py:183} INFO - Processing /home/airflow/.local/lib/python3.8/site-packages/airflow/example_dags/example_nested_branch_dag.py took 0.138 seconds
