[2024-04-08T09:29:45.182+0000] {processor.py:161} INFO - Started process (PID=43) to work on /home/airflow/.local/lib/python3.8/site-packages/airflow/example_dags/example_setup_teardown.py
[2024-04-08T09:29:45.185+0000] {processor.py:830} INFO - Processing file /home/airflow/.local/lib/python3.8/site-packages/airflow/example_dags/example_setup_teardown.py for tasks to queue
[2024-04-08T09:29:45.187+0000] {logging_mixin.py:188} INFO - [2024-04-08T09:29:45.187+0000] {dagbag.py:540} INFO - Filling up the DagBag from /home/airflow/.local/lib/python3.8/site-packages/airflow/example_dags/example_setup_teardown.py
[2024-04-08T09:29:45.199+0000] {processor.py:840} INFO - DAG(s) 'example_setup_teardown' retrieved from /home/airflow/.local/lib/python3.8/site-packages/airflow/example_dags/example_setup_teardown.py
[2024-04-08T09:29:45.318+0000] {logging_mixin.py:188} INFO - [2024-04-08T09:29:45.318+0000] {dag.py:3047} INFO - Sync 1 DAGs
[2024-04-08T09:29:45.382+0000] {logging_mixin.py:188} INFO - [2024-04-08T09:29:45.382+0000] {dag.py:3834} INFO - Setting next_dagrun for example_setup_teardown to 2024-04-07 00:00:00+00:00, run_after=2024-04-08 00:00:00+00:00
[2024-04-08T09:29:45.422+0000] {processor.py:183} INFO - Processing /home/airflow/.local/lib/python3.8/site-packages/airflow/example_dags/example_setup_teardown.py took 0.242 seconds
[2024-04-08T09:30:15.619+0000] {processor.py:161} INFO - Started process (PID=98) to work on /home/airflow/.local/lib/python3.8/site-packages/airflow/example_dags/example_setup_teardown.py
[2024-04-08T09:30:15.619+0000] {processor.py:830} INFO - Processing file /home/airflow/.local/lib/python3.8/site-packages/airflow/example_dags/example_setup_teardown.py for tasks to queue
[2024-04-08T09:30:15.620+0000] {logging_mixin.py:188} INFO - [2024-04-08T09:30:15.620+0000] {dagbag.py:540} INFO - Filling up the DagBag from /home/airflow/.local/lib/python3.8/site-packages/airflow/example_dags/example_setup_teardown.py
[2024-04-08T09:30:15.624+0000] {processor.py:840} INFO - DAG(s) 'example_setup_teardown' retrieved from /home/airflow/.local/lib/python3.8/site-packages/airflow/example_dags/example_setup_teardown.py
[2024-04-08T09:30:15.741+0000] {logging_mixin.py:188} INFO - [2024-04-08T09:30:15.740+0000] {dag.py:3047} INFO - Sync 1 DAGs
[2024-04-08T09:30:15.772+0000] {logging_mixin.py:188} INFO - [2024-04-08T09:30:15.772+0000] {dag.py:3834} INFO - Setting next_dagrun for example_setup_teardown to 2024-04-07 00:00:00+00:00, run_after=2024-04-08 00:00:00+00:00
[2024-04-08T09:30:15.794+0000] {processor.py:183} INFO - Processing /home/airflow/.local/lib/python3.8/site-packages/airflow/example_dags/example_setup_teardown.py took 0.177 seconds
[2024-04-08T09:30:46.387+0000] {processor.py:161} INFO - Started process (PID=153) to work on /home/airflow/.local/lib/python3.8/site-packages/airflow/example_dags/example_setup_teardown.py
[2024-04-08T09:30:46.387+0000] {processor.py:830} INFO - Processing file /home/airflow/.local/lib/python3.8/site-packages/airflow/example_dags/example_setup_teardown.py for tasks to queue
[2024-04-08T09:30:46.388+0000] {logging_mixin.py:188} INFO - [2024-04-08T09:30:46.388+0000] {dagbag.py:540} INFO - Filling up the DagBag from /home/airflow/.local/lib/python3.8/site-packages/airflow/example_dags/example_setup_teardown.py
[2024-04-08T09:30:46.391+0000] {processor.py:840} INFO - DAG(s) 'example_setup_teardown' retrieved from /home/airflow/.local/lib/python3.8/site-packages/airflow/example_dags/example_setup_teardown.py
[2024-04-08T09:30:46.464+0000] {logging_mixin.py:188} INFO - [2024-04-08T09:30:46.464+0000] {dag.py:3047} INFO - Sync 1 DAGs
[2024-04-08T09:30:46.504+0000] {logging_mixin.py:188} INFO - [2024-04-08T09:30:46.503+0000] {dag.py:3834} INFO - Setting next_dagrun for example_setup_teardown to 2024-04-07 00:00:00+00:00, run_after=2024-04-08 00:00:00+00:00
[2024-04-08T09:30:46.523+0000] {processor.py:183} INFO - Processing /home/airflow/.local/lib/python3.8/site-packages/airflow/example_dags/example_setup_teardown.py took 0.138 seconds
[2024-04-08T09:31:16.647+0000] {processor.py:161} INFO - Started process (PID=208) to work on /home/airflow/.local/lib/python3.8/site-packages/airflow/example_dags/example_setup_teardown.py
[2024-04-08T09:31:16.648+0000] {processor.py:830} INFO - Processing file /home/airflow/.local/lib/python3.8/site-packages/airflow/example_dags/example_setup_teardown.py for tasks to queue
[2024-04-08T09:31:16.649+0000] {logging_mixin.py:188} INFO - [2024-04-08T09:31:16.648+0000] {dagbag.py:540} INFO - Filling up the DagBag from /home/airflow/.local/lib/python3.8/site-packages/airflow/example_dags/example_setup_teardown.py
[2024-04-08T09:31:16.652+0000] {processor.py:840} INFO - DAG(s) 'example_setup_teardown' retrieved from /home/airflow/.local/lib/python3.8/site-packages/airflow/example_dags/example_setup_teardown.py
[2024-04-08T09:31:16.726+0000] {logging_mixin.py:188} INFO - [2024-04-08T09:31:16.726+0000] {dag.py:3047} INFO - Sync 1 DAGs
[2024-04-08T09:31:16.763+0000] {logging_mixin.py:188} INFO - [2024-04-08T09:31:16.763+0000] {dag.py:3834} INFO - Setting next_dagrun for example_setup_teardown to 2024-04-07 00:00:00+00:00, run_after=2024-04-08 00:00:00+00:00
[2024-04-08T09:31:16.791+0000] {processor.py:183} INFO - Processing /home/airflow/.local/lib/python3.8/site-packages/airflow/example_dags/example_setup_teardown.py took 0.146 seconds
[2024-04-08T09:31:46.942+0000] {processor.py:161} INFO - Started process (PID=262) to work on /home/airflow/.local/lib/python3.8/site-packages/airflow/example_dags/example_setup_teardown.py
[2024-04-08T09:31:46.942+0000] {processor.py:830} INFO - Processing file /home/airflow/.local/lib/python3.8/site-packages/airflow/example_dags/example_setup_teardown.py for tasks to queue
[2024-04-08T09:31:46.943+0000] {logging_mixin.py:188} INFO - [2024-04-08T09:31:46.943+0000] {dagbag.py:540} INFO - Filling up the DagBag from /home/airflow/.local/lib/python3.8/site-packages/airflow/example_dags/example_setup_teardown.py
[2024-04-08T09:31:46.946+0000] {processor.py:840} INFO - DAG(s) 'example_setup_teardown' retrieved from /home/airflow/.local/lib/python3.8/site-packages/airflow/example_dags/example_setup_teardown.py
[2024-04-08T09:31:47.020+0000] {logging_mixin.py:188} INFO - [2024-04-08T09:31:47.020+0000] {dag.py:3047} INFO - Sync 1 DAGs
[2024-04-08T09:31:47.061+0000] {logging_mixin.py:188} INFO - [2024-04-08T09:31:47.061+0000] {dag.py:3834} INFO - Setting next_dagrun for example_setup_teardown to 2024-04-07 00:00:00+00:00, run_after=2024-04-08 00:00:00+00:00
[2024-04-08T09:31:47.081+0000] {processor.py:183} INFO - Processing /home/airflow/.local/lib/python3.8/site-packages/airflow/example_dags/example_setup_teardown.py took 0.141 seconds
[2024-04-08T09:32:17.204+0000] {processor.py:161} INFO - Started process (PID=317) to work on /home/airflow/.local/lib/python3.8/site-packages/airflow/example_dags/example_setup_teardown.py
[2024-04-08T09:32:17.205+0000] {processor.py:830} INFO - Processing file /home/airflow/.local/lib/python3.8/site-packages/airflow/example_dags/example_setup_teardown.py for tasks to queue
[2024-04-08T09:32:17.206+0000] {logging_mixin.py:188} INFO - [2024-04-08T09:32:17.206+0000] {dagbag.py:540} INFO - Filling up the DagBag from /home/airflow/.local/lib/python3.8/site-packages/airflow/example_dags/example_setup_teardown.py
[2024-04-08T09:32:17.209+0000] {processor.py:840} INFO - DAG(s) 'example_setup_teardown' retrieved from /home/airflow/.local/lib/python3.8/site-packages/airflow/example_dags/example_setup_teardown.py
[2024-04-08T09:32:17.283+0000] {logging_mixin.py:188} INFO - [2024-04-08T09:32:17.283+0000] {dag.py:3047} INFO - Sync 1 DAGs
[2024-04-08T09:32:17.318+0000] {logging_mixin.py:188} INFO - [2024-04-08T09:32:17.318+0000] {dag.py:3834} INFO - Setting next_dagrun for example_setup_teardown to 2024-04-07 00:00:00+00:00, run_after=2024-04-08 00:00:00+00:00
[2024-04-08T09:32:17.338+0000] {processor.py:183} INFO - Processing /home/airflow/.local/lib/python3.8/site-packages/airflow/example_dags/example_setup_teardown.py took 0.135 seconds
[2024-04-08T09:32:47.403+0000] {processor.py:161} INFO - Started process (PID=372) to work on /home/airflow/.local/lib/python3.8/site-packages/airflow/example_dags/example_setup_teardown.py
[2024-04-08T09:32:47.403+0000] {processor.py:830} INFO - Processing file /home/airflow/.local/lib/python3.8/site-packages/airflow/example_dags/example_setup_teardown.py for tasks to queue
[2024-04-08T09:32:47.404+0000] {logging_mixin.py:188} INFO - [2024-04-08T09:32:47.404+0000] {dagbag.py:540} INFO - Filling up the DagBag from /home/airflow/.local/lib/python3.8/site-packages/airflow/example_dags/example_setup_teardown.py
[2024-04-08T09:32:47.408+0000] {processor.py:840} INFO - DAG(s) 'example_setup_teardown' retrieved from /home/airflow/.local/lib/python3.8/site-packages/airflow/example_dags/example_setup_teardown.py
[2024-04-08T09:32:47.480+0000] {logging_mixin.py:188} INFO - [2024-04-08T09:32:47.480+0000] {dag.py:3047} INFO - Sync 1 DAGs
[2024-04-08T09:32:47.519+0000] {logging_mixin.py:188} INFO - [2024-04-08T09:32:47.518+0000] {dag.py:3834} INFO - Setting next_dagrun for example_setup_teardown to 2024-04-07 00:00:00+00:00, run_after=2024-04-08 00:00:00+00:00
[2024-04-08T09:32:47.539+0000] {processor.py:183} INFO - Processing /home/airflow/.local/lib/python3.8/site-packages/airflow/example_dags/example_setup_teardown.py took 0.138 seconds
[2024-04-08T09:33:17.636+0000] {processor.py:161} INFO - Started process (PID=427) to work on /home/airflow/.local/lib/python3.8/site-packages/airflow/example_dags/example_setup_teardown.py
[2024-04-08T09:33:17.637+0000] {processor.py:830} INFO - Processing file /home/airflow/.local/lib/python3.8/site-packages/airflow/example_dags/example_setup_teardown.py for tasks to queue
[2024-04-08T09:33:17.638+0000] {logging_mixin.py:188} INFO - [2024-04-08T09:33:17.638+0000] {dagbag.py:540} INFO - Filling up the DagBag from /home/airflow/.local/lib/python3.8/site-packages/airflow/example_dags/example_setup_teardown.py
[2024-04-08T09:33:17.641+0000] {processor.py:840} INFO - DAG(s) 'example_setup_teardown' retrieved from /home/airflow/.local/lib/python3.8/site-packages/airflow/example_dags/example_setup_teardown.py
[2024-04-08T09:33:17.713+0000] {logging_mixin.py:188} INFO - [2024-04-08T09:33:17.713+0000] {dag.py:3047} INFO - Sync 1 DAGs
[2024-04-08T09:33:17.752+0000] {logging_mixin.py:188} INFO - [2024-04-08T09:33:17.752+0000] {dag.py:3834} INFO - Setting next_dagrun for example_setup_teardown to 2024-04-07 00:00:00+00:00, run_after=2024-04-08 00:00:00+00:00
[2024-04-08T09:33:17.772+0000] {processor.py:183} INFO - Processing /home/airflow/.local/lib/python3.8/site-packages/airflow/example_dags/example_setup_teardown.py took 0.137 seconds
[2024-04-08T09:33:47.878+0000] {processor.py:161} INFO - Started process (PID=481) to work on /home/airflow/.local/lib/python3.8/site-packages/airflow/example_dags/example_setup_teardown.py
[2024-04-08T09:33:47.878+0000] {processor.py:830} INFO - Processing file /home/airflow/.local/lib/python3.8/site-packages/airflow/example_dags/example_setup_teardown.py for tasks to queue
[2024-04-08T09:33:47.879+0000] {logging_mixin.py:188} INFO - [2024-04-08T09:33:47.879+0000] {dagbag.py:540} INFO - Filling up the DagBag from /home/airflow/.local/lib/python3.8/site-packages/airflow/example_dags/example_setup_teardown.py
[2024-04-08T09:33:47.882+0000] {processor.py:840} INFO - DAG(s) 'example_setup_teardown' retrieved from /home/airflow/.local/lib/python3.8/site-packages/airflow/example_dags/example_setup_teardown.py
[2024-04-08T09:33:47.954+0000] {logging_mixin.py:188} INFO - [2024-04-08T09:33:47.953+0000] {dag.py:3047} INFO - Sync 1 DAGs
[2024-04-08T09:33:47.993+0000] {logging_mixin.py:188} INFO - [2024-04-08T09:33:47.993+0000] {dag.py:3834} INFO - Setting next_dagrun for example_setup_teardown to 2024-04-07 00:00:00+00:00, run_after=2024-04-08 00:00:00+00:00
[2024-04-08T09:33:48.012+0000] {processor.py:183} INFO - Processing /home/airflow/.local/lib/python3.8/site-packages/airflow/example_dags/example_setup_teardown.py took 0.136 seconds
[2024-04-08T09:34:18.157+0000] {processor.py:161} INFO - Started process (PID=536) to work on /home/airflow/.local/lib/python3.8/site-packages/airflow/example_dags/example_setup_teardown.py
[2024-04-08T09:34:18.158+0000] {processor.py:830} INFO - Processing file /home/airflow/.local/lib/python3.8/site-packages/airflow/example_dags/example_setup_teardown.py for tasks to queue
[2024-04-08T09:34:18.159+0000] {logging_mixin.py:188} INFO - [2024-04-08T09:34:18.159+0000] {dagbag.py:540} INFO - Filling up the DagBag from /home/airflow/.local/lib/python3.8/site-packages/airflow/example_dags/example_setup_teardown.py
[2024-04-08T09:34:18.162+0000] {processor.py:840} INFO - DAG(s) 'example_setup_teardown' retrieved from /home/airflow/.local/lib/python3.8/site-packages/airflow/example_dags/example_setup_teardown.py
[2024-04-08T09:34:18.236+0000] {logging_mixin.py:188} INFO - [2024-04-08T09:34:18.236+0000] {dag.py:3047} INFO - Sync 1 DAGs
[2024-04-08T09:34:18.273+0000] {logging_mixin.py:188} INFO - [2024-04-08T09:34:18.273+0000] {dag.py:3834} INFO - Setting next_dagrun for example_setup_teardown to 2024-04-07 00:00:00+00:00, run_after=2024-04-08 00:00:00+00:00
[2024-04-08T09:34:18.292+0000] {processor.py:183} INFO - Processing /home/airflow/.local/lib/python3.8/site-packages/airflow/example_dags/example_setup_teardown.py took 0.136 seconds
[2024-04-08T09:34:48.546+0000] {processor.py:161} INFO - Started process (PID=591) to work on /home/airflow/.local/lib/python3.8/site-packages/airflow/example_dags/example_setup_teardown.py
[2024-04-08T09:34:48.547+0000] {processor.py:830} INFO - Processing file /home/airflow/.local/lib/python3.8/site-packages/airflow/example_dags/example_setup_teardown.py for tasks to queue
[2024-04-08T09:34:48.548+0000] {logging_mixin.py:188} INFO - [2024-04-08T09:34:48.548+0000] {dagbag.py:540} INFO - Filling up the DagBag from /home/airflow/.local/lib/python3.8/site-packages/airflow/example_dags/example_setup_teardown.py
[2024-04-08T09:34:48.551+0000] {processor.py:840} INFO - DAG(s) 'example_setup_teardown' retrieved from /home/airflow/.local/lib/python3.8/site-packages/airflow/example_dags/example_setup_teardown.py
[2024-04-08T09:34:48.625+0000] {logging_mixin.py:188} INFO - [2024-04-08T09:34:48.625+0000] {dag.py:3047} INFO - Sync 1 DAGs
[2024-04-08T09:34:48.663+0000] {logging_mixin.py:188} INFO - [2024-04-08T09:34:48.663+0000] {dag.py:3834} INFO - Setting next_dagrun for example_setup_teardown to 2024-04-07 00:00:00+00:00, run_after=2024-04-08 00:00:00+00:00
[2024-04-08T09:34:48.683+0000] {processor.py:183} INFO - Processing /home/airflow/.local/lib/python3.8/site-packages/airflow/example_dags/example_setup_teardown.py took 0.138 seconds
[2024-04-08T09:35:18.849+0000] {processor.py:161} INFO - Started process (PID=646) to work on /home/airflow/.local/lib/python3.8/site-packages/airflow/example_dags/example_setup_teardown.py
[2024-04-08T09:35:18.850+0000] {processor.py:830} INFO - Processing file /home/airflow/.local/lib/python3.8/site-packages/airflow/example_dags/example_setup_teardown.py for tasks to queue
[2024-04-08T09:35:18.851+0000] {logging_mixin.py:188} INFO - [2024-04-08T09:35:18.851+0000] {dagbag.py:540} INFO - Filling up the DagBag from /home/airflow/.local/lib/python3.8/site-packages/airflow/example_dags/example_setup_teardown.py
[2024-04-08T09:35:18.855+0000] {processor.py:840} INFO - DAG(s) 'example_setup_teardown' retrieved from /home/airflow/.local/lib/python3.8/site-packages/airflow/example_dags/example_setup_teardown.py
[2024-04-08T09:35:18.958+0000] {logging_mixin.py:188} INFO - [2024-04-08T09:35:18.957+0000] {dag.py:3047} INFO - Sync 1 DAGs
[2024-04-08T09:35:19.003+0000] {logging_mixin.py:188} INFO - [2024-04-08T09:35:19.003+0000] {dag.py:3834} INFO - Setting next_dagrun for example_setup_teardown to 2024-04-07 00:00:00+00:00, run_after=2024-04-08 00:00:00+00:00
[2024-04-08T09:35:19.026+0000] {processor.py:183} INFO - Processing /home/airflow/.local/lib/python3.8/site-packages/airflow/example_dags/example_setup_teardown.py took 0.179 seconds
[2024-04-08T09:35:49.058+0000] {processor.py:161} INFO - Started process (PID=701) to work on /home/airflow/.local/lib/python3.8/site-packages/airflow/example_dags/example_setup_teardown.py
[2024-04-08T09:35:49.058+0000] {processor.py:830} INFO - Processing file /home/airflow/.local/lib/python3.8/site-packages/airflow/example_dags/example_setup_teardown.py for tasks to queue
[2024-04-08T09:35:49.059+0000] {logging_mixin.py:188} INFO - [2024-04-08T09:35:49.059+0000] {dagbag.py:540} INFO - Filling up the DagBag from /home/airflow/.local/lib/python3.8/site-packages/airflow/example_dags/example_setup_teardown.py
[2024-04-08T09:35:49.063+0000] {processor.py:840} INFO - DAG(s) 'example_setup_teardown' retrieved from /home/airflow/.local/lib/python3.8/site-packages/airflow/example_dags/example_setup_teardown.py
[2024-04-08T09:35:49.138+0000] {logging_mixin.py:188} INFO - [2024-04-08T09:35:49.138+0000] {dag.py:3047} INFO - Sync 1 DAGs
[2024-04-08T09:35:49.176+0000] {logging_mixin.py:188} INFO - [2024-04-08T09:35:49.175+0000] {dag.py:3834} INFO - Setting next_dagrun for example_setup_teardown to 2024-04-07 00:00:00+00:00, run_after=2024-04-08 00:00:00+00:00
[2024-04-08T09:35:49.196+0000] {processor.py:183} INFO - Processing /home/airflow/.local/lib/python3.8/site-packages/airflow/example_dags/example_setup_teardown.py took 0.140 seconds
[2024-04-08T09:36:19.304+0000] {processor.py:161} INFO - Started process (PID=756) to work on /home/airflow/.local/lib/python3.8/site-packages/airflow/example_dags/example_setup_teardown.py
[2024-04-08T09:36:19.304+0000] {processor.py:830} INFO - Processing file /home/airflow/.local/lib/python3.8/site-packages/airflow/example_dags/example_setup_teardown.py for tasks to queue
[2024-04-08T09:36:19.305+0000] {logging_mixin.py:188} INFO - [2024-04-08T09:36:19.305+0000] {dagbag.py:540} INFO - Filling up the DagBag from /home/airflow/.local/lib/python3.8/site-packages/airflow/example_dags/example_setup_teardown.py
[2024-04-08T09:36:19.308+0000] {processor.py:840} INFO - DAG(s) 'example_setup_teardown' retrieved from /home/airflow/.local/lib/python3.8/site-packages/airflow/example_dags/example_setup_teardown.py
[2024-04-08T09:36:19.382+0000] {logging_mixin.py:188} INFO - [2024-04-08T09:36:19.382+0000] {dag.py:3047} INFO - Sync 1 DAGs
[2024-04-08T09:36:19.420+0000] {logging_mixin.py:188} INFO - [2024-04-08T09:36:19.420+0000] {dag.py:3834} INFO - Setting next_dagrun for example_setup_teardown to 2024-04-07 00:00:00+00:00, run_after=2024-04-08 00:00:00+00:00
[2024-04-08T09:36:19.439+0000] {processor.py:183} INFO - Processing /home/airflow/.local/lib/python3.8/site-packages/airflow/example_dags/example_setup_teardown.py took 0.137 seconds
[2024-04-08T09:36:49.710+0000] {processor.py:161} INFO - Started process (PID=811) to work on /home/airflow/.local/lib/python3.8/site-packages/airflow/example_dags/example_setup_teardown.py
[2024-04-08T09:36:49.711+0000] {processor.py:830} INFO - Processing file /home/airflow/.local/lib/python3.8/site-packages/airflow/example_dags/example_setup_teardown.py for tasks to queue
[2024-04-08T09:36:49.711+0000] {logging_mixin.py:188} INFO - [2024-04-08T09:36:49.711+0000] {dagbag.py:540} INFO - Filling up the DagBag from /home/airflow/.local/lib/python3.8/site-packages/airflow/example_dags/example_setup_teardown.py
[2024-04-08T09:36:49.715+0000] {processor.py:840} INFO - DAG(s) 'example_setup_teardown' retrieved from /home/airflow/.local/lib/python3.8/site-packages/airflow/example_dags/example_setup_teardown.py
[2024-04-08T09:36:49.789+0000] {logging_mixin.py:188} INFO - [2024-04-08T09:36:49.789+0000] {dag.py:3047} INFO - Sync 1 DAGs
[2024-04-08T09:36:49.825+0000] {logging_mixin.py:188} INFO - [2024-04-08T09:36:49.825+0000] {dag.py:3834} INFO - Setting next_dagrun for example_setup_teardown to 2024-04-07 00:00:00+00:00, run_after=2024-04-08 00:00:00+00:00
[2024-04-08T09:36:49.845+0000] {processor.py:183} INFO - Processing /home/airflow/.local/lib/python3.8/site-packages/airflow/example_dags/example_setup_teardown.py took 0.136 seconds
[2024-04-08T09:37:19.981+0000] {processor.py:161} INFO - Started process (PID=866) to work on /home/airflow/.local/lib/python3.8/site-packages/airflow/example_dags/example_setup_teardown.py
[2024-04-08T09:37:19.981+0000] {processor.py:830} INFO - Processing file /home/airflow/.local/lib/python3.8/site-packages/airflow/example_dags/example_setup_teardown.py for tasks to queue
[2024-04-08T09:37:19.982+0000] {logging_mixin.py:188} INFO - [2024-04-08T09:37:19.982+0000] {dagbag.py:540} INFO - Filling up the DagBag from /home/airflow/.local/lib/python3.8/site-packages/airflow/example_dags/example_setup_teardown.py
[2024-04-08T09:37:19.985+0000] {processor.py:840} INFO - DAG(s) 'example_setup_teardown' retrieved from /home/airflow/.local/lib/python3.8/site-packages/airflow/example_dags/example_setup_teardown.py
[2024-04-08T09:37:20.062+0000] {logging_mixin.py:188} INFO - [2024-04-08T09:37:20.062+0000] {dag.py:3047} INFO - Sync 1 DAGs
[2024-04-08T09:37:20.102+0000] {logging_mixin.py:188} INFO - [2024-04-08T09:37:20.102+0000] {dag.py:3834} INFO - Setting next_dagrun for example_setup_teardown to 2024-04-07 00:00:00+00:00, run_after=2024-04-08 00:00:00+00:00
[2024-04-08T09:37:20.122+0000] {processor.py:183} INFO - Processing /home/airflow/.local/lib/python3.8/site-packages/airflow/example_dags/example_setup_teardown.py took 0.143 seconds
[2024-04-08T09:37:50.227+0000] {processor.py:161} INFO - Started process (PID=921) to work on /home/airflow/.local/lib/python3.8/site-packages/airflow/example_dags/example_setup_teardown.py
[2024-04-08T09:37:50.227+0000] {processor.py:830} INFO - Processing file /home/airflow/.local/lib/python3.8/site-packages/airflow/example_dags/example_setup_teardown.py for tasks to queue
[2024-04-08T09:37:50.228+0000] {logging_mixin.py:188} INFO - [2024-04-08T09:37:50.228+0000] {dagbag.py:540} INFO - Filling up the DagBag from /home/airflow/.local/lib/python3.8/site-packages/airflow/example_dags/example_setup_teardown.py
[2024-04-08T09:37:50.232+0000] {processor.py:840} INFO - DAG(s) 'example_setup_teardown' retrieved from /home/airflow/.local/lib/python3.8/site-packages/airflow/example_dags/example_setup_teardown.py
[2024-04-08T09:37:50.307+0000] {logging_mixin.py:188} INFO - [2024-04-08T09:37:50.307+0000] {dag.py:3047} INFO - Sync 1 DAGs
[2024-04-08T09:37:50.343+0000] {logging_mixin.py:188} INFO - [2024-04-08T09:37:50.343+0000] {dag.py:3834} INFO - Setting next_dagrun for example_setup_teardown to 2024-04-07 00:00:00+00:00, run_after=2024-04-08 00:00:00+00:00
[2024-04-08T09:37:50.363+0000] {processor.py:183} INFO - Processing /home/airflow/.local/lib/python3.8/site-packages/airflow/example_dags/example_setup_teardown.py took 0.138 seconds
[2024-04-08T09:38:20.956+0000] {processor.py:161} INFO - Started process (PID=976) to work on /home/airflow/.local/lib/python3.8/site-packages/airflow/example_dags/example_setup_teardown.py
[2024-04-08T09:38:20.957+0000] {processor.py:830} INFO - Processing file /home/airflow/.local/lib/python3.8/site-packages/airflow/example_dags/example_setup_teardown.py for tasks to queue
[2024-04-08T09:38:20.958+0000] {logging_mixin.py:188} INFO - [2024-04-08T09:38:20.957+0000] {dagbag.py:540} INFO - Filling up the DagBag from /home/airflow/.local/lib/python3.8/site-packages/airflow/example_dags/example_setup_teardown.py
[2024-04-08T09:38:20.961+0000] {processor.py:840} INFO - DAG(s) 'example_setup_teardown' retrieved from /home/airflow/.local/lib/python3.8/site-packages/airflow/example_dags/example_setup_teardown.py
[2024-04-08T09:38:21.036+0000] {logging_mixin.py:188} INFO - [2024-04-08T09:38:21.036+0000] {dag.py:3047} INFO - Sync 1 DAGs
[2024-04-08T09:38:21.076+0000] {logging_mixin.py:188} INFO - [2024-04-08T09:38:21.075+0000] {dag.py:3834} INFO - Setting next_dagrun for example_setup_teardown to 2024-04-07 00:00:00+00:00, run_after=2024-04-08 00:00:00+00:00
[2024-04-08T09:38:21.095+0000] {processor.py:183} INFO - Processing /home/airflow/.local/lib/python3.8/site-packages/airflow/example_dags/example_setup_teardown.py took 0.141 seconds
[2024-04-08T09:38:51.278+0000] {processor.py:161} INFO - Started process (PID=1031) to work on /home/airflow/.local/lib/python3.8/site-packages/airflow/example_dags/example_setup_teardown.py
[2024-04-08T09:38:51.279+0000] {processor.py:830} INFO - Processing file /home/airflow/.local/lib/python3.8/site-packages/airflow/example_dags/example_setup_teardown.py for tasks to queue
[2024-04-08T09:38:51.280+0000] {logging_mixin.py:188} INFO - [2024-04-08T09:38:51.280+0000] {dagbag.py:540} INFO - Filling up the DagBag from /home/airflow/.local/lib/python3.8/site-packages/airflow/example_dags/example_setup_teardown.py
[2024-04-08T09:38:51.284+0000] {processor.py:840} INFO - DAG(s) 'example_setup_teardown' retrieved from /home/airflow/.local/lib/python3.8/site-packages/airflow/example_dags/example_setup_teardown.py
[2024-04-08T09:38:51.369+0000] {logging_mixin.py:188} INFO - [2024-04-08T09:38:51.369+0000] {dag.py:3047} INFO - Sync 1 DAGs
[2024-04-08T09:38:51.419+0000] {logging_mixin.py:188} INFO - [2024-04-08T09:38:51.419+0000] {dag.py:3834} INFO - Setting next_dagrun for example_setup_teardown to 2024-04-07 00:00:00+00:00, run_after=2024-04-08 00:00:00+00:00
[2024-04-08T09:38:51.455+0000] {processor.py:183} INFO - Processing /home/airflow/.local/lib/python3.8/site-packages/airflow/example_dags/example_setup_teardown.py took 0.178 seconds
[2024-04-08T09:39:21.619+0000] {processor.py:161} INFO - Started process (PID=1086) to work on /home/airflow/.local/lib/python3.8/site-packages/airflow/example_dags/example_setup_teardown.py
[2024-04-08T09:39:21.620+0000] {processor.py:830} INFO - Processing file /home/airflow/.local/lib/python3.8/site-packages/airflow/example_dags/example_setup_teardown.py for tasks to queue
[2024-04-08T09:39:21.621+0000] {logging_mixin.py:188} INFO - [2024-04-08T09:39:21.621+0000] {dagbag.py:540} INFO - Filling up the DagBag from /home/airflow/.local/lib/python3.8/site-packages/airflow/example_dags/example_setup_teardown.py
[2024-04-08T09:39:21.624+0000] {processor.py:840} INFO - DAG(s) 'example_setup_teardown' retrieved from /home/airflow/.local/lib/python3.8/site-packages/airflow/example_dags/example_setup_teardown.py
[2024-04-08T09:39:21.696+0000] {logging_mixin.py:188} INFO - [2024-04-08T09:39:21.696+0000] {dag.py:3047} INFO - Sync 1 DAGs
[2024-04-08T09:39:21.734+0000] {logging_mixin.py:188} INFO - [2024-04-08T09:39:21.734+0000] {dag.py:3834} INFO - Setting next_dagrun for example_setup_teardown to 2024-04-07 00:00:00+00:00, run_after=2024-04-08 00:00:00+00:00
[2024-04-08T09:39:21.754+0000] {processor.py:183} INFO - Processing /home/airflow/.local/lib/python3.8/site-packages/airflow/example_dags/example_setup_teardown.py took 0.136 seconds
[2024-04-08T09:39:52.738+0000] {processor.py:161} INFO - Started process (PID=1141) to work on /home/airflow/.local/lib/python3.8/site-packages/airflow/example_dags/example_setup_teardown.py
[2024-04-08T09:39:52.739+0000] {processor.py:830} INFO - Processing file /home/airflow/.local/lib/python3.8/site-packages/airflow/example_dags/example_setup_teardown.py for tasks to queue
[2024-04-08T09:39:52.740+0000] {logging_mixin.py:188} INFO - [2024-04-08T09:39:52.740+0000] {dagbag.py:540} INFO - Filling up the DagBag from /home/airflow/.local/lib/python3.8/site-packages/airflow/example_dags/example_setup_teardown.py
[2024-04-08T09:39:52.743+0000] {processor.py:840} INFO - DAG(s) 'example_setup_teardown' retrieved from /home/airflow/.local/lib/python3.8/site-packages/airflow/example_dags/example_setup_teardown.py
[2024-04-08T09:39:52.819+0000] {logging_mixin.py:188} INFO - [2024-04-08T09:39:52.819+0000] {dag.py:3047} INFO - Sync 1 DAGs
[2024-04-08T09:39:52.859+0000] {logging_mixin.py:188} INFO - [2024-04-08T09:39:52.859+0000] {dag.py:3834} INFO - Setting next_dagrun for example_setup_teardown to 2024-04-07 00:00:00+00:00, run_after=2024-04-08 00:00:00+00:00
[2024-04-08T09:39:52.879+0000] {processor.py:183} INFO - Processing /home/airflow/.local/lib/python3.8/site-packages/airflow/example_dags/example_setup_teardown.py took 0.142 seconds
[2024-04-08T09:40:23.008+0000] {processor.py:161} INFO - Started process (PID=1195) to work on /home/airflow/.local/lib/python3.8/site-packages/airflow/example_dags/example_setup_teardown.py
[2024-04-08T09:40:23.009+0000] {processor.py:830} INFO - Processing file /home/airflow/.local/lib/python3.8/site-packages/airflow/example_dags/example_setup_teardown.py for tasks to queue
[2024-04-08T09:40:23.010+0000] {logging_mixin.py:188} INFO - [2024-04-08T09:40:23.009+0000] {dagbag.py:540} INFO - Filling up the DagBag from /home/airflow/.local/lib/python3.8/site-packages/airflow/example_dags/example_setup_teardown.py
[2024-04-08T09:40:23.013+0000] {processor.py:840} INFO - DAG(s) 'example_setup_teardown' retrieved from /home/airflow/.local/lib/python3.8/site-packages/airflow/example_dags/example_setup_teardown.py
[2024-04-08T09:40:23.085+0000] {logging_mixin.py:188} INFO - [2024-04-08T09:40:23.085+0000] {dag.py:3047} INFO - Sync 1 DAGs
[2024-04-08T09:40:23.122+0000] {logging_mixin.py:188} INFO - [2024-04-08T09:40:23.122+0000] {dag.py:3834} INFO - Setting next_dagrun for example_setup_teardown to 2024-04-07 00:00:00+00:00, run_after=2024-04-08 00:00:00+00:00
[2024-04-08T09:40:23.142+0000] {processor.py:183} INFO - Processing /home/airflow/.local/lib/python3.8/site-packages/airflow/example_dags/example_setup_teardown.py took 0.135 seconds
[2024-04-08T09:40:53.502+0000] {processor.py:161} INFO - Started process (PID=1250) to work on /home/airflow/.local/lib/python3.8/site-packages/airflow/example_dags/example_setup_teardown.py
[2024-04-08T09:40:53.502+0000] {processor.py:830} INFO - Processing file /home/airflow/.local/lib/python3.8/site-packages/airflow/example_dags/example_setup_teardown.py for tasks to queue
[2024-04-08T09:40:53.504+0000] {logging_mixin.py:188} INFO - [2024-04-08T09:40:53.503+0000] {dagbag.py:540} INFO - Filling up the DagBag from /home/airflow/.local/lib/python3.8/site-packages/airflow/example_dags/example_setup_teardown.py
[2024-04-08T09:40:53.507+0000] {processor.py:840} INFO - DAG(s) 'example_setup_teardown' retrieved from /home/airflow/.local/lib/python3.8/site-packages/airflow/example_dags/example_setup_teardown.py
[2024-04-08T09:40:53.578+0000] {logging_mixin.py:188} INFO - [2024-04-08T09:40:53.577+0000] {dag.py:3047} INFO - Sync 1 DAGs
[2024-04-08T09:40:53.615+0000] {logging_mixin.py:188} INFO - [2024-04-08T09:40:53.615+0000] {dag.py:3834} INFO - Setting next_dagrun for example_setup_teardown to 2024-04-07 00:00:00+00:00, run_after=2024-04-08 00:00:00+00:00
[2024-04-08T09:40:53.636+0000] {processor.py:183} INFO - Processing /home/airflow/.local/lib/python3.8/site-packages/airflow/example_dags/example_setup_teardown.py took 0.136 seconds
[2024-04-08T09:41:24.413+0000] {processor.py:161} INFO - Started process (PID=1305) to work on /home/airflow/.local/lib/python3.8/site-packages/airflow/example_dags/example_setup_teardown.py
[2024-04-08T09:41:24.414+0000] {processor.py:830} INFO - Processing file /home/airflow/.local/lib/python3.8/site-packages/airflow/example_dags/example_setup_teardown.py for tasks to queue
[2024-04-08T09:41:24.415+0000] {logging_mixin.py:188} INFO - [2024-04-08T09:41:24.415+0000] {dagbag.py:540} INFO - Filling up the DagBag from /home/airflow/.local/lib/python3.8/site-packages/airflow/example_dags/example_setup_teardown.py
[2024-04-08T09:41:24.418+0000] {processor.py:840} INFO - DAG(s) 'example_setup_teardown' retrieved from /home/airflow/.local/lib/python3.8/site-packages/airflow/example_dags/example_setup_teardown.py
[2024-04-08T09:41:24.492+0000] {logging_mixin.py:188} INFO - [2024-04-08T09:41:24.492+0000] {dag.py:3047} INFO - Sync 1 DAGs
[2024-04-08T09:41:24.532+0000] {logging_mixin.py:188} INFO - [2024-04-08T09:41:24.532+0000] {dag.py:3834} INFO - Setting next_dagrun for example_setup_teardown to 2024-04-07 00:00:00+00:00, run_after=2024-04-08 00:00:00+00:00
[2024-04-08T09:41:24.553+0000] {processor.py:183} INFO - Processing /home/airflow/.local/lib/python3.8/site-packages/airflow/example_dags/example_setup_teardown.py took 0.141 seconds
[2024-04-08T09:41:55.309+0000] {processor.py:161} INFO - Started process (PID=1360) to work on /home/airflow/.local/lib/python3.8/site-packages/airflow/example_dags/example_setup_teardown.py
[2024-04-08T09:41:55.309+0000] {processor.py:830} INFO - Processing file /home/airflow/.local/lib/python3.8/site-packages/airflow/example_dags/example_setup_teardown.py for tasks to queue
[2024-04-08T09:41:55.311+0000] {logging_mixin.py:188} INFO - [2024-04-08T09:41:55.310+0000] {dagbag.py:540} INFO - Filling up the DagBag from /home/airflow/.local/lib/python3.8/site-packages/airflow/example_dags/example_setup_teardown.py
[2024-04-08T09:41:55.314+0000] {processor.py:840} INFO - DAG(s) 'example_setup_teardown' retrieved from /home/airflow/.local/lib/python3.8/site-packages/airflow/example_dags/example_setup_teardown.py
[2024-04-08T09:41:55.386+0000] {logging_mixin.py:188} INFO - [2024-04-08T09:41:55.386+0000] {dag.py:3047} INFO - Sync 1 DAGs
[2024-04-08T09:41:55.427+0000] {logging_mixin.py:188} INFO - [2024-04-08T09:41:55.427+0000] {dag.py:3834} INFO - Setting next_dagrun for example_setup_teardown to 2024-04-07 00:00:00+00:00, run_after=2024-04-08 00:00:00+00:00
[2024-04-08T09:41:55.446+0000] {processor.py:183} INFO - Processing /home/airflow/.local/lib/python3.8/site-packages/airflow/example_dags/example_setup_teardown.py took 0.138 seconds
[2024-04-08T09:42:25.599+0000] {processor.py:161} INFO - Started process (PID=1415) to work on /home/airflow/.local/lib/python3.8/site-packages/airflow/example_dags/example_setup_teardown.py
[2024-04-08T09:42:25.599+0000] {processor.py:830} INFO - Processing file /home/airflow/.local/lib/python3.8/site-packages/airflow/example_dags/example_setup_teardown.py for tasks to queue
[2024-04-08T09:42:25.600+0000] {logging_mixin.py:188} INFO - [2024-04-08T09:42:25.600+0000] {dagbag.py:540} INFO - Filling up the DagBag from /home/airflow/.local/lib/python3.8/site-packages/airflow/example_dags/example_setup_teardown.py
[2024-04-08T09:42:25.604+0000] {processor.py:840} INFO - DAG(s) 'example_setup_teardown' retrieved from /home/airflow/.local/lib/python3.8/site-packages/airflow/example_dags/example_setup_teardown.py
[2024-04-08T09:42:25.686+0000] {logging_mixin.py:188} INFO - [2024-04-08T09:42:25.685+0000] {dag.py:3047} INFO - Sync 1 DAGs
[2024-04-08T09:42:25.732+0000] {logging_mixin.py:188} INFO - [2024-04-08T09:42:25.732+0000] {dag.py:3834} INFO - Setting next_dagrun for example_setup_teardown to 2024-04-07 00:00:00+00:00, run_after=2024-04-08 00:00:00+00:00
[2024-04-08T09:42:25.755+0000] {processor.py:183} INFO - Processing /home/airflow/.local/lib/python3.8/site-packages/airflow/example_dags/example_setup_teardown.py took 0.158 seconds
[2024-04-08T09:42:55.940+0000] {processor.py:161} INFO - Started process (PID=1470) to work on /home/airflow/.local/lib/python3.8/site-packages/airflow/example_dags/example_setup_teardown.py
[2024-04-08T09:42:55.941+0000] {processor.py:830} INFO - Processing file /home/airflow/.local/lib/python3.8/site-packages/airflow/example_dags/example_setup_teardown.py for tasks to queue
[2024-04-08T09:42:55.942+0000] {logging_mixin.py:188} INFO - [2024-04-08T09:42:55.942+0000] {dagbag.py:540} INFO - Filling up the DagBag from /home/airflow/.local/lib/python3.8/site-packages/airflow/example_dags/example_setup_teardown.py
[2024-04-08T09:42:55.945+0000] {processor.py:840} INFO - DAG(s) 'example_setup_teardown' retrieved from /home/airflow/.local/lib/python3.8/site-packages/airflow/example_dags/example_setup_teardown.py
[2024-04-08T09:42:56.016+0000] {logging_mixin.py:188} INFO - [2024-04-08T09:42:56.016+0000] {dag.py:3047} INFO - Sync 1 DAGs
[2024-04-08T09:42:56.056+0000] {logging_mixin.py:188} INFO - [2024-04-08T09:42:56.056+0000] {dag.py:3834} INFO - Setting next_dagrun for example_setup_teardown to 2024-04-07 00:00:00+00:00, run_after=2024-04-08 00:00:00+00:00
[2024-04-08T09:42:56.075+0000] {processor.py:183} INFO - Processing /home/airflow/.local/lib/python3.8/site-packages/airflow/example_dags/example_setup_teardown.py took 0.137 seconds
[2024-04-08T09:43:26.221+0000] {processor.py:161} INFO - Started process (PID=1525) to work on /home/airflow/.local/lib/python3.8/site-packages/airflow/example_dags/example_setup_teardown.py
[2024-04-08T09:43:26.222+0000] {processor.py:830} INFO - Processing file /home/airflow/.local/lib/python3.8/site-packages/airflow/example_dags/example_setup_teardown.py for tasks to queue
[2024-04-08T09:43:26.222+0000] {logging_mixin.py:188} INFO - [2024-04-08T09:43:26.222+0000] {dagbag.py:540} INFO - Filling up the DagBag from /home/airflow/.local/lib/python3.8/site-packages/airflow/example_dags/example_setup_teardown.py
[2024-04-08T09:43:26.226+0000] {processor.py:840} INFO - DAG(s) 'example_setup_teardown' retrieved from /home/airflow/.local/lib/python3.8/site-packages/airflow/example_dags/example_setup_teardown.py
[2024-04-08T09:43:26.305+0000] {logging_mixin.py:188} INFO - [2024-04-08T09:43:26.304+0000] {dag.py:3047} INFO - Sync 1 DAGs
[2024-04-08T09:43:26.341+0000] {logging_mixin.py:188} INFO - [2024-04-08T09:43:26.341+0000] {dag.py:3834} INFO - Setting next_dagrun for example_setup_teardown to 2024-04-07 00:00:00+00:00, run_after=2024-04-08 00:00:00+00:00
[2024-04-08T09:43:26.360+0000] {processor.py:183} INFO - Processing /home/airflow/.local/lib/python3.8/site-packages/airflow/example_dags/example_setup_teardown.py took 0.140 seconds
[2024-04-08T09:43:56.596+0000] {processor.py:161} INFO - Started process (PID=1580) to work on /home/airflow/.local/lib/python3.8/site-packages/airflow/example_dags/example_setup_teardown.py
[2024-04-08T09:43:56.597+0000] {processor.py:830} INFO - Processing file /home/airflow/.local/lib/python3.8/site-packages/airflow/example_dags/example_setup_teardown.py for tasks to queue
[2024-04-08T09:43:56.597+0000] {logging_mixin.py:188} INFO - [2024-04-08T09:43:56.597+0000] {dagbag.py:540} INFO - Filling up the DagBag from /home/airflow/.local/lib/python3.8/site-packages/airflow/example_dags/example_setup_teardown.py
[2024-04-08T09:43:56.601+0000] {processor.py:840} INFO - DAG(s) 'example_setup_teardown' retrieved from /home/airflow/.local/lib/python3.8/site-packages/airflow/example_dags/example_setup_teardown.py
[2024-04-08T09:43:56.672+0000] {logging_mixin.py:188} INFO - [2024-04-08T09:43:56.671+0000] {dag.py:3047} INFO - Sync 1 DAGs
[2024-04-08T09:43:56.708+0000] {logging_mixin.py:188} INFO - [2024-04-08T09:43:56.708+0000] {dag.py:3834} INFO - Setting next_dagrun for example_setup_teardown to 2024-04-07 00:00:00+00:00, run_after=2024-04-08 00:00:00+00:00
[2024-04-08T09:43:56.729+0000] {processor.py:183} INFO - Processing /home/airflow/.local/lib/python3.8/site-packages/airflow/example_dags/example_setup_teardown.py took 0.134 seconds
[2024-04-08T09:44:27.044+0000] {processor.py:161} INFO - Started process (PID=1635) to work on /home/airflow/.local/lib/python3.8/site-packages/airflow/example_dags/example_setup_teardown.py
[2024-04-08T09:44:27.045+0000] {processor.py:830} INFO - Processing file /home/airflow/.local/lib/python3.8/site-packages/airflow/example_dags/example_setup_teardown.py for tasks to queue
[2024-04-08T09:44:27.046+0000] {logging_mixin.py:188} INFO - [2024-04-08T09:44:27.046+0000] {dagbag.py:540} INFO - Filling up the DagBag from /home/airflow/.local/lib/python3.8/site-packages/airflow/example_dags/example_setup_teardown.py
[2024-04-08T09:44:27.049+0000] {processor.py:840} INFO - DAG(s) 'example_setup_teardown' retrieved from /home/airflow/.local/lib/python3.8/site-packages/airflow/example_dags/example_setup_teardown.py
[2024-04-08T09:44:27.125+0000] {logging_mixin.py:188} INFO - [2024-04-08T09:44:27.125+0000] {dag.py:3047} INFO - Sync 1 DAGs
[2024-04-08T09:44:27.166+0000] {logging_mixin.py:188} INFO - [2024-04-08T09:44:27.166+0000] {dag.py:3834} INFO - Setting next_dagrun for example_setup_teardown to 2024-04-07 00:00:00+00:00, run_after=2024-04-08 00:00:00+00:00
[2024-04-08T09:44:27.188+0000] {processor.py:183} INFO - Processing /home/airflow/.local/lib/python3.8/site-packages/airflow/example_dags/example_setup_teardown.py took 0.146 seconds
[2024-04-08T09:44:57.298+0000] {processor.py:161} INFO - Started process (PID=1690) to work on /home/airflow/.local/lib/python3.8/site-packages/airflow/example_dags/example_setup_teardown.py
[2024-04-08T09:44:57.299+0000] {processor.py:830} INFO - Processing file /home/airflow/.local/lib/python3.8/site-packages/airflow/example_dags/example_setup_teardown.py for tasks to queue
[2024-04-08T09:44:57.300+0000] {logging_mixin.py:188} INFO - [2024-04-08T09:44:57.300+0000] {dagbag.py:540} INFO - Filling up the DagBag from /home/airflow/.local/lib/python3.8/site-packages/airflow/example_dags/example_setup_teardown.py
[2024-04-08T09:44:57.303+0000] {processor.py:840} INFO - DAG(s) 'example_setup_teardown' retrieved from /home/airflow/.local/lib/python3.8/site-packages/airflow/example_dags/example_setup_teardown.py
[2024-04-08T09:44:57.375+0000] {logging_mixin.py:188} INFO - [2024-04-08T09:44:57.374+0000] {dag.py:3047} INFO - Sync 1 DAGs
[2024-04-08T09:44:57.411+0000] {logging_mixin.py:188} INFO - [2024-04-08T09:44:57.411+0000] {dag.py:3834} INFO - Setting next_dagrun for example_setup_teardown to 2024-04-07 00:00:00+00:00, run_after=2024-04-08 00:00:00+00:00
[2024-04-08T09:44:57.433+0000] {processor.py:183} INFO - Processing /home/airflow/.local/lib/python3.8/site-packages/airflow/example_dags/example_setup_teardown.py took 0.136 seconds
[2024-04-08T09:45:27.591+0000] {processor.py:161} INFO - Started process (PID=1745) to work on /home/airflow/.local/lib/python3.8/site-packages/airflow/example_dags/example_setup_teardown.py
[2024-04-08T09:45:27.591+0000] {processor.py:830} INFO - Processing file /home/airflow/.local/lib/python3.8/site-packages/airflow/example_dags/example_setup_teardown.py for tasks to queue
[2024-04-08T09:45:27.592+0000] {logging_mixin.py:188} INFO - [2024-04-08T09:45:27.592+0000] {dagbag.py:540} INFO - Filling up the DagBag from /home/airflow/.local/lib/python3.8/site-packages/airflow/example_dags/example_setup_teardown.py
[2024-04-08T09:45:27.596+0000] {processor.py:840} INFO - DAG(s) 'example_setup_teardown' retrieved from /home/airflow/.local/lib/python3.8/site-packages/airflow/example_dags/example_setup_teardown.py
[2024-04-08T09:45:27.668+0000] {logging_mixin.py:188} INFO - [2024-04-08T09:45:27.668+0000] {dag.py:3047} INFO - Sync 1 DAGs
[2024-04-08T09:45:27.704+0000] {logging_mixin.py:188} INFO - [2024-04-08T09:45:27.704+0000] {dag.py:3834} INFO - Setting next_dagrun for example_setup_teardown to 2024-04-07 00:00:00+00:00, run_after=2024-04-08 00:00:00+00:00
[2024-04-08T09:45:27.723+0000] {processor.py:183} INFO - Processing /home/airflow/.local/lib/python3.8/site-packages/airflow/example_dags/example_setup_teardown.py took 0.134 seconds
[2024-04-08T09:45:57.774+0000] {processor.py:161} INFO - Started process (PID=1800) to work on /home/airflow/.local/lib/python3.8/site-packages/airflow/example_dags/example_setup_teardown.py
[2024-04-08T09:45:57.774+0000] {processor.py:830} INFO - Processing file /home/airflow/.local/lib/python3.8/site-packages/airflow/example_dags/example_setup_teardown.py for tasks to queue
[2024-04-08T09:45:57.775+0000] {logging_mixin.py:188} INFO - [2024-04-08T09:45:57.775+0000] {dagbag.py:540} INFO - Filling up the DagBag from /home/airflow/.local/lib/python3.8/site-packages/airflow/example_dags/example_setup_teardown.py
[2024-04-08T09:45:57.778+0000] {processor.py:840} INFO - DAG(s) 'example_setup_teardown' retrieved from /home/airflow/.local/lib/python3.8/site-packages/airflow/example_dags/example_setup_teardown.py
[2024-04-08T09:45:57.852+0000] {logging_mixin.py:188} INFO - [2024-04-08T09:45:57.852+0000] {dag.py:3047} INFO - Sync 1 DAGs
[2024-04-08T09:45:57.889+0000] {logging_mixin.py:188} INFO - [2024-04-08T09:45:57.889+0000] {dag.py:3834} INFO - Setting next_dagrun for example_setup_teardown to 2024-04-07 00:00:00+00:00, run_after=2024-04-08 00:00:00+00:00
[2024-04-08T09:45:57.910+0000] {processor.py:183} INFO - Processing /home/airflow/.local/lib/python3.8/site-packages/airflow/example_dags/example_setup_teardown.py took 0.138 seconds
