[2024-04-08T09:29:47.975+0000] {processor.py:161} INFO - Started process (PID=68) to work on /home/airflow/.local/lib/python3.8/site-packages/airflow/example_dags/example_external_task_marker_dag.py
[2024-04-08T09:29:47.976+0000] {processor.py:830} INFO - Processing file /home/airflow/.local/lib/python3.8/site-packages/airflow/example_dags/example_external_task_marker_dag.py for tasks to queue
[2024-04-08T09:29:47.977+0000] {logging_mixin.py:188} INFO - [2024-04-08T09:29:47.977+0000] {dagbag.py:540} INFO - Filling up the DagBag from /home/airflow/.local/lib/python3.8/site-packages/airflow/example_dags/example_external_task_marker_dag.py
[2024-04-08T09:29:47.981+0000] {processor.py:840} INFO - DAG(s) 'example_external_task_marker_child', 'example_external_task_marker_parent' retrieved from /home/airflow/.local/lib/python3.8/site-packages/airflow/example_dags/example_external_task_marker_dag.py
[2024-04-08T09:29:48.060+0000] {logging_mixin.py:188} INFO - [2024-04-08T09:29:48.059+0000] {dag.py:3047} INFO - Sync 2 DAGs
[2024-04-08T09:29:48.088+0000] {logging_mixin.py:188} INFO - [2024-04-08T09:29:48.088+0000] {dag.py:3834} INFO - Setting next_dagrun for example_external_task_marker_child to None, run_after=None
[2024-04-08T09:29:48.091+0000] {logging_mixin.py:188} INFO - [2024-04-08T09:29:48.091+0000] {dag.py:3834} INFO - Setting next_dagrun for example_external_task_marker_parent to None, run_after=None
[2024-04-08T09:29:48.113+0000] {processor.py:183} INFO - Processing /home/airflow/.local/lib/python3.8/site-packages/airflow/example_dags/example_external_task_marker_dag.py took 0.140 seconds
[2024-04-08T09:30:18.633+0000] {processor.py:161} INFO - Started process (PID=123) to work on /home/airflow/.local/lib/python3.8/site-packages/airflow/example_dags/example_external_task_marker_dag.py
[2024-04-08T09:30:18.635+0000] {processor.py:830} INFO - Processing file /home/airflow/.local/lib/python3.8/site-packages/airflow/example_dags/example_external_task_marker_dag.py for tasks to queue
[2024-04-08T09:30:18.642+0000] {logging_mixin.py:188} INFO - [2024-04-08T09:30:18.642+0000] {dagbag.py:540} INFO - Filling up the DagBag from /home/airflow/.local/lib/python3.8/site-packages/airflow/example_dags/example_external_task_marker_dag.py
[2024-04-08T09:30:18.651+0000] {processor.py:840} INFO - DAG(s) 'example_external_task_marker_parent', 'example_external_task_marker_child' retrieved from /home/airflow/.local/lib/python3.8/site-packages/airflow/example_dags/example_external_task_marker_dag.py
[2024-04-08T09:30:18.931+0000] {logging_mixin.py:188} INFO - [2024-04-08T09:30:18.931+0000] {dag.py:3047} INFO - Sync 2 DAGs
[2024-04-08T09:30:18.960+0000] {logging_mixin.py:188} INFO - [2024-04-08T09:30:18.960+0000] {dag.py:3834} INFO - Setting next_dagrun for example_external_task_marker_child to None, run_after=None
[2024-04-08T09:30:18.966+0000] {logging_mixin.py:188} INFO - [2024-04-08T09:30:18.966+0000] {dag.py:3834} INFO - Setting next_dagrun for example_external_task_marker_parent to None, run_after=None
[2024-04-08T09:30:19.017+0000] {processor.py:183} INFO - Processing /home/airflow/.local/lib/python3.8/site-packages/airflow/example_dags/example_external_task_marker_dag.py took 0.387 seconds
[2024-04-08T09:30:49.372+0000] {processor.py:161} INFO - Started process (PID=178) to work on /home/airflow/.local/lib/python3.8/site-packages/airflow/example_dags/example_external_task_marker_dag.py
[2024-04-08T09:30:49.373+0000] {processor.py:830} INFO - Processing file /home/airflow/.local/lib/python3.8/site-packages/airflow/example_dags/example_external_task_marker_dag.py for tasks to queue
[2024-04-08T09:30:49.374+0000] {logging_mixin.py:188} INFO - [2024-04-08T09:30:49.374+0000] {dagbag.py:540} INFO - Filling up the DagBag from /home/airflow/.local/lib/python3.8/site-packages/airflow/example_dags/example_external_task_marker_dag.py
[2024-04-08T09:30:49.377+0000] {processor.py:840} INFO - DAG(s) 'example_external_task_marker_parent', 'example_external_task_marker_child' retrieved from /home/airflow/.local/lib/python3.8/site-packages/airflow/example_dags/example_external_task_marker_dag.py
[2024-04-08T09:30:49.450+0000] {logging_mixin.py:188} INFO - [2024-04-08T09:30:49.450+0000] {dag.py:3047} INFO - Sync 2 DAGs
[2024-04-08T09:30:49.473+0000] {logging_mixin.py:188} INFO - [2024-04-08T09:30:49.472+0000] {dag.py:3834} INFO - Setting next_dagrun for example_external_task_marker_child to None, run_after=None
[2024-04-08T09:30:49.475+0000] {logging_mixin.py:188} INFO - [2024-04-08T09:30:49.475+0000] {dag.py:3834} INFO - Setting next_dagrun for example_external_task_marker_parent to None, run_after=None
[2024-04-08T09:30:49.497+0000] {processor.py:183} INFO - Processing /home/airflow/.local/lib/python3.8/site-packages/airflow/example_dags/example_external_task_marker_dag.py took 0.126 seconds
[2024-04-08T09:31:19.606+0000] {processor.py:161} INFO - Started process (PID=233) to work on /home/airflow/.local/lib/python3.8/site-packages/airflow/example_dags/example_external_task_marker_dag.py
[2024-04-08T09:31:19.606+0000] {processor.py:830} INFO - Processing file /home/airflow/.local/lib/python3.8/site-packages/airflow/example_dags/example_external_task_marker_dag.py for tasks to queue
[2024-04-08T09:31:19.607+0000] {logging_mixin.py:188} INFO - [2024-04-08T09:31:19.607+0000] {dagbag.py:540} INFO - Filling up the DagBag from /home/airflow/.local/lib/python3.8/site-packages/airflow/example_dags/example_external_task_marker_dag.py
[2024-04-08T09:31:19.610+0000] {processor.py:840} INFO - DAG(s) 'example_external_task_marker_child', 'example_external_task_marker_parent' retrieved from /home/airflow/.local/lib/python3.8/site-packages/airflow/example_dags/example_external_task_marker_dag.py
[2024-04-08T09:31:19.685+0000] {logging_mixin.py:188} INFO - [2024-04-08T09:31:19.685+0000] {dag.py:3047} INFO - Sync 2 DAGs
[2024-04-08T09:31:19.706+0000] {logging_mixin.py:188} INFO - [2024-04-08T09:31:19.706+0000] {dag.py:3834} INFO - Setting next_dagrun for example_external_task_marker_child to None, run_after=None
[2024-04-08T09:31:19.709+0000] {logging_mixin.py:188} INFO - [2024-04-08T09:31:19.709+0000] {dag.py:3834} INFO - Setting next_dagrun for example_external_task_marker_parent to None, run_after=None
[2024-04-08T09:31:19.731+0000] {processor.py:183} INFO - Processing /home/airflow/.local/lib/python3.8/site-packages/airflow/example_dags/example_external_task_marker_dag.py took 0.127 seconds
[2024-04-08T09:31:49.810+0000] {processor.py:161} INFO - Started process (PID=287) to work on /home/airflow/.local/lib/python3.8/site-packages/airflow/example_dags/example_external_task_marker_dag.py
[2024-04-08T09:31:49.811+0000] {processor.py:830} INFO - Processing file /home/airflow/.local/lib/python3.8/site-packages/airflow/example_dags/example_external_task_marker_dag.py for tasks to queue
[2024-04-08T09:31:49.812+0000] {logging_mixin.py:188} INFO - [2024-04-08T09:31:49.812+0000] {dagbag.py:540} INFO - Filling up the DagBag from /home/airflow/.local/lib/python3.8/site-packages/airflow/example_dags/example_external_task_marker_dag.py
[2024-04-08T09:31:49.815+0000] {processor.py:840} INFO - DAG(s) 'example_external_task_marker_parent', 'example_external_task_marker_child' retrieved from /home/airflow/.local/lib/python3.8/site-packages/airflow/example_dags/example_external_task_marker_dag.py
[2024-04-08T09:31:49.888+0000] {logging_mixin.py:188} INFO - [2024-04-08T09:31:49.888+0000] {dag.py:3047} INFO - Sync 2 DAGs
[2024-04-08T09:31:49.910+0000] {logging_mixin.py:188} INFO - [2024-04-08T09:31:49.910+0000] {dag.py:3834} INFO - Setting next_dagrun for example_external_task_marker_child to None, run_after=None
[2024-04-08T09:31:49.913+0000] {logging_mixin.py:188} INFO - [2024-04-08T09:31:49.912+0000] {dag.py:3834} INFO - Setting next_dagrun for example_external_task_marker_parent to None, run_after=None
[2024-04-08T09:31:49.935+0000] {processor.py:183} INFO - Processing /home/airflow/.local/lib/python3.8/site-packages/airflow/example_dags/example_external_task_marker_dag.py took 0.127 seconds
[2024-04-08T09:32:20.018+0000] {processor.py:161} INFO - Started process (PID=342) to work on /home/airflow/.local/lib/python3.8/site-packages/airflow/example_dags/example_external_task_marker_dag.py
[2024-04-08T09:32:20.018+0000] {processor.py:830} INFO - Processing file /home/airflow/.local/lib/python3.8/site-packages/airflow/example_dags/example_external_task_marker_dag.py for tasks to queue
[2024-04-08T09:32:20.019+0000] {logging_mixin.py:188} INFO - [2024-04-08T09:32:20.019+0000] {dagbag.py:540} INFO - Filling up the DagBag from /home/airflow/.local/lib/python3.8/site-packages/airflow/example_dags/example_external_task_marker_dag.py
[2024-04-08T09:32:20.022+0000] {processor.py:840} INFO - DAG(s) 'example_external_task_marker_child', 'example_external_task_marker_parent' retrieved from /home/airflow/.local/lib/python3.8/site-packages/airflow/example_dags/example_external_task_marker_dag.py
[2024-04-08T09:32:20.096+0000] {logging_mixin.py:188} INFO - [2024-04-08T09:32:20.095+0000] {dag.py:3047} INFO - Sync 2 DAGs
[2024-04-08T09:32:20.117+0000] {logging_mixin.py:188} INFO - [2024-04-08T09:32:20.117+0000] {dag.py:3834} INFO - Setting next_dagrun for example_external_task_marker_child to None, run_after=None
[2024-04-08T09:32:20.121+0000] {logging_mixin.py:188} INFO - [2024-04-08T09:32:20.121+0000] {dag.py:3834} INFO - Setting next_dagrun for example_external_task_marker_parent to None, run_after=None
[2024-04-08T09:32:20.146+0000] {processor.py:183} INFO - Processing /home/airflow/.local/lib/python3.8/site-packages/airflow/example_dags/example_external_task_marker_dag.py took 0.130 seconds
[2024-04-08T09:32:50.399+0000] {processor.py:161} INFO - Started process (PID=397) to work on /home/airflow/.local/lib/python3.8/site-packages/airflow/example_dags/example_external_task_marker_dag.py
[2024-04-08T09:32:50.400+0000] {processor.py:830} INFO - Processing file /home/airflow/.local/lib/python3.8/site-packages/airflow/example_dags/example_external_task_marker_dag.py for tasks to queue
[2024-04-08T09:32:50.401+0000] {logging_mixin.py:188} INFO - [2024-04-08T09:32:50.401+0000] {dagbag.py:540} INFO - Filling up the DagBag from /home/airflow/.local/lib/python3.8/site-packages/airflow/example_dags/example_external_task_marker_dag.py
[2024-04-08T09:32:50.404+0000] {processor.py:840} INFO - DAG(s) 'example_external_task_marker_parent', 'example_external_task_marker_child' retrieved from /home/airflow/.local/lib/python3.8/site-packages/airflow/example_dags/example_external_task_marker_dag.py
[2024-04-08T09:32:50.475+0000] {logging_mixin.py:188} INFO - [2024-04-08T09:32:50.474+0000] {dag.py:3047} INFO - Sync 2 DAGs
[2024-04-08T09:32:50.495+0000] {logging_mixin.py:188} INFO - [2024-04-08T09:32:50.495+0000] {dag.py:3834} INFO - Setting next_dagrun for example_external_task_marker_child to None, run_after=None
[2024-04-08T09:32:50.498+0000] {logging_mixin.py:188} INFO - [2024-04-08T09:32:50.498+0000] {dag.py:3834} INFO - Setting next_dagrun for example_external_task_marker_parent to None, run_after=None
[2024-04-08T09:32:50.518+0000] {processor.py:183} INFO - Processing /home/airflow/.local/lib/python3.8/site-packages/airflow/example_dags/example_external_task_marker_dag.py took 0.120 seconds
[2024-04-08T09:33:20.594+0000] {processor.py:161} INFO - Started process (PID=452) to work on /home/airflow/.local/lib/python3.8/site-packages/airflow/example_dags/example_external_task_marker_dag.py
[2024-04-08T09:33:20.595+0000] {processor.py:830} INFO - Processing file /home/airflow/.local/lib/python3.8/site-packages/airflow/example_dags/example_external_task_marker_dag.py for tasks to queue
[2024-04-08T09:33:20.596+0000] {logging_mixin.py:188} INFO - [2024-04-08T09:33:20.596+0000] {dagbag.py:540} INFO - Filling up the DagBag from /home/airflow/.local/lib/python3.8/site-packages/airflow/example_dags/example_external_task_marker_dag.py
[2024-04-08T09:33:20.598+0000] {processor.py:840} INFO - DAG(s) 'example_external_task_marker_parent', 'example_external_task_marker_child' retrieved from /home/airflow/.local/lib/python3.8/site-packages/airflow/example_dags/example_external_task_marker_dag.py
[2024-04-08T09:33:20.668+0000] {logging_mixin.py:188} INFO - [2024-04-08T09:33:20.668+0000] {dag.py:3047} INFO - Sync 2 DAGs
[2024-04-08T09:33:20.689+0000] {logging_mixin.py:188} INFO - [2024-04-08T09:33:20.689+0000] {dag.py:3834} INFO - Setting next_dagrun for example_external_task_marker_child to None, run_after=None
[2024-04-08T09:33:20.692+0000] {logging_mixin.py:188} INFO - [2024-04-08T09:33:20.691+0000] {dag.py:3834} INFO - Setting next_dagrun for example_external_task_marker_parent to None, run_after=None
[2024-04-08T09:33:20.710+0000] {processor.py:183} INFO - Processing /home/airflow/.local/lib/python3.8/site-packages/airflow/example_dags/example_external_task_marker_dag.py took 0.117 seconds
[2024-04-08T09:33:50.831+0000] {processor.py:161} INFO - Started process (PID=506) to work on /home/airflow/.local/lib/python3.8/site-packages/airflow/example_dags/example_external_task_marker_dag.py
[2024-04-08T09:33:50.832+0000] {processor.py:830} INFO - Processing file /home/airflow/.local/lib/python3.8/site-packages/airflow/example_dags/example_external_task_marker_dag.py for tasks to queue
[2024-04-08T09:33:50.833+0000] {logging_mixin.py:188} INFO - [2024-04-08T09:33:50.833+0000] {dagbag.py:540} INFO - Filling up the DagBag from /home/airflow/.local/lib/python3.8/site-packages/airflow/example_dags/example_external_task_marker_dag.py
[2024-04-08T09:33:50.836+0000] {processor.py:840} INFO - DAG(s) 'example_external_task_marker_parent', 'example_external_task_marker_child' retrieved from /home/airflow/.local/lib/python3.8/site-packages/airflow/example_dags/example_external_task_marker_dag.py
[2024-04-08T09:33:50.909+0000] {logging_mixin.py:188} INFO - [2024-04-08T09:33:50.909+0000] {dag.py:3047} INFO - Sync 2 DAGs
[2024-04-08T09:33:50.931+0000] {logging_mixin.py:188} INFO - [2024-04-08T09:33:50.931+0000] {dag.py:3834} INFO - Setting next_dagrun for example_external_task_marker_child to None, run_after=None
[2024-04-08T09:33:50.933+0000] {logging_mixin.py:188} INFO - [2024-04-08T09:33:50.933+0000] {dag.py:3834} INFO - Setting next_dagrun for example_external_task_marker_parent to None, run_after=None
[2024-04-08T09:33:50.953+0000] {processor.py:183} INFO - Processing /home/airflow/.local/lib/python3.8/site-packages/airflow/example_dags/example_external_task_marker_dag.py took 0.124 seconds
[2024-04-08T09:34:20.970+0000] {processor.py:161} INFO - Started process (PID=561) to work on /home/airflow/.local/lib/python3.8/site-packages/airflow/example_dags/example_external_task_marker_dag.py
[2024-04-08T09:34:20.970+0000] {processor.py:830} INFO - Processing file /home/airflow/.local/lib/python3.8/site-packages/airflow/example_dags/example_external_task_marker_dag.py for tasks to queue
[2024-04-08T09:34:20.971+0000] {logging_mixin.py:188} INFO - [2024-04-08T09:34:20.971+0000] {dagbag.py:540} INFO - Filling up the DagBag from /home/airflow/.local/lib/python3.8/site-packages/airflow/example_dags/example_external_task_marker_dag.py
[2024-04-08T09:34:20.974+0000] {processor.py:840} INFO - DAG(s) 'example_external_task_marker_child', 'example_external_task_marker_parent' retrieved from /home/airflow/.local/lib/python3.8/site-packages/airflow/example_dags/example_external_task_marker_dag.py
[2024-04-08T09:34:21.048+0000] {logging_mixin.py:188} INFO - [2024-04-08T09:34:21.048+0000] {dag.py:3047} INFO - Sync 2 DAGs
[2024-04-08T09:34:21.069+0000] {logging_mixin.py:188} INFO - [2024-04-08T09:34:21.069+0000] {dag.py:3834} INFO - Setting next_dagrun for example_external_task_marker_child to None, run_after=None
[2024-04-08T09:34:21.072+0000] {logging_mixin.py:188} INFO - [2024-04-08T09:34:21.072+0000] {dag.py:3834} INFO - Setting next_dagrun for example_external_task_marker_parent to None, run_after=None
[2024-04-08T09:34:21.093+0000] {processor.py:183} INFO - Processing /home/airflow/.local/lib/python3.8/site-packages/airflow/example_dags/example_external_task_marker_dag.py took 0.125 seconds
[2024-04-08T09:34:51.334+0000] {processor.py:161} INFO - Started process (PID=616) to work on /home/airflow/.local/lib/python3.8/site-packages/airflow/example_dags/example_external_task_marker_dag.py
[2024-04-08T09:34:51.335+0000] {processor.py:830} INFO - Processing file /home/airflow/.local/lib/python3.8/site-packages/airflow/example_dags/example_external_task_marker_dag.py for tasks to queue
[2024-04-08T09:34:51.336+0000] {logging_mixin.py:188} INFO - [2024-04-08T09:34:51.336+0000] {dagbag.py:540} INFO - Filling up the DagBag from /home/airflow/.local/lib/python3.8/site-packages/airflow/example_dags/example_external_task_marker_dag.py
[2024-04-08T09:34:51.339+0000] {processor.py:840} INFO - DAG(s) 'example_external_task_marker_parent', 'example_external_task_marker_child' retrieved from /home/airflow/.local/lib/python3.8/site-packages/airflow/example_dags/example_external_task_marker_dag.py
[2024-04-08T09:34:51.411+0000] {logging_mixin.py:188} INFO - [2024-04-08T09:34:51.411+0000] {dag.py:3047} INFO - Sync 2 DAGs
[2024-04-08T09:34:51.432+0000] {logging_mixin.py:188} INFO - [2024-04-08T09:34:51.432+0000] {dag.py:3834} INFO - Setting next_dagrun for example_external_task_marker_child to None, run_after=None
[2024-04-08T09:34:51.435+0000] {logging_mixin.py:188} INFO - [2024-04-08T09:34:51.435+0000] {dag.py:3834} INFO - Setting next_dagrun for example_external_task_marker_parent to None, run_after=None
[2024-04-08T09:34:51.457+0000] {processor.py:183} INFO - Processing /home/airflow/.local/lib/python3.8/site-packages/airflow/example_dags/example_external_task_marker_dag.py took 0.124 seconds
[2024-04-08T09:35:21.875+0000] {processor.py:161} INFO - Started process (PID=671) to work on /home/airflow/.local/lib/python3.8/site-packages/airflow/example_dags/example_external_task_marker_dag.py
[2024-04-08T09:35:21.877+0000] {processor.py:830} INFO - Processing file /home/airflow/.local/lib/python3.8/site-packages/airflow/example_dags/example_external_task_marker_dag.py for tasks to queue
[2024-04-08T09:35:21.878+0000] {logging_mixin.py:188} INFO - [2024-04-08T09:35:21.878+0000] {dagbag.py:540} INFO - Filling up the DagBag from /home/airflow/.local/lib/python3.8/site-packages/airflow/example_dags/example_external_task_marker_dag.py
[2024-04-08T09:35:21.881+0000] {processor.py:840} INFO - DAG(s) 'example_external_task_marker_child', 'example_external_task_marker_parent' retrieved from /home/airflow/.local/lib/python3.8/site-packages/airflow/example_dags/example_external_task_marker_dag.py
[2024-04-08T09:35:21.954+0000] {logging_mixin.py:188} INFO - [2024-04-08T09:35:21.954+0000] {dag.py:3047} INFO - Sync 2 DAGs
[2024-04-08T09:35:21.976+0000] {logging_mixin.py:188} INFO - [2024-04-08T09:35:21.976+0000] {dag.py:3834} INFO - Setting next_dagrun for example_external_task_marker_child to None, run_after=None
[2024-04-08T09:35:21.979+0000] {logging_mixin.py:188} INFO - [2024-04-08T09:35:21.979+0000] {dag.py:3834} INFO - Setting next_dagrun for example_external_task_marker_parent to None, run_after=None
[2024-04-08T09:35:22.000+0000] {processor.py:183} INFO - Processing /home/airflow/.local/lib/python3.8/site-packages/airflow/example_dags/example_external_task_marker_dag.py took 0.127 seconds
[2024-04-08T09:35:52.104+0000] {processor.py:161} INFO - Started process (PID=726) to work on /home/airflow/.local/lib/python3.8/site-packages/airflow/example_dags/example_external_task_marker_dag.py
[2024-04-08T09:35:52.105+0000] {processor.py:830} INFO - Processing file /home/airflow/.local/lib/python3.8/site-packages/airflow/example_dags/example_external_task_marker_dag.py for tasks to queue
[2024-04-08T09:35:52.106+0000] {logging_mixin.py:188} INFO - [2024-04-08T09:35:52.105+0000] {dagbag.py:540} INFO - Filling up the DagBag from /home/airflow/.local/lib/python3.8/site-packages/airflow/example_dags/example_external_task_marker_dag.py
[2024-04-08T09:35:52.108+0000] {processor.py:840} INFO - DAG(s) 'example_external_task_marker_child', 'example_external_task_marker_parent' retrieved from /home/airflow/.local/lib/python3.8/site-packages/airflow/example_dags/example_external_task_marker_dag.py
[2024-04-08T09:35:52.182+0000] {logging_mixin.py:188} INFO - [2024-04-08T09:35:52.182+0000] {dag.py:3047} INFO - Sync 2 DAGs
[2024-04-08T09:35:52.204+0000] {logging_mixin.py:188} INFO - [2024-04-08T09:35:52.204+0000] {dag.py:3834} INFO - Setting next_dagrun for example_external_task_marker_child to None, run_after=None
[2024-04-08T09:35:52.207+0000] {logging_mixin.py:188} INFO - [2024-04-08T09:35:52.207+0000] {dag.py:3834} INFO - Setting next_dagrun for example_external_task_marker_parent to None, run_after=None
[2024-04-08T09:35:52.229+0000] {processor.py:183} INFO - Processing /home/airflow/.local/lib/python3.8/site-packages/airflow/example_dags/example_external_task_marker_dag.py took 0.126 seconds
[2024-04-08T09:36:22.295+0000] {processor.py:161} INFO - Started process (PID=781) to work on /home/airflow/.local/lib/python3.8/site-packages/airflow/example_dags/example_external_task_marker_dag.py
[2024-04-08T09:36:22.295+0000] {processor.py:830} INFO - Processing file /home/airflow/.local/lib/python3.8/site-packages/airflow/example_dags/example_external_task_marker_dag.py for tasks to queue
[2024-04-08T09:36:22.296+0000] {logging_mixin.py:188} INFO - [2024-04-08T09:36:22.296+0000] {dagbag.py:540} INFO - Filling up the DagBag from /home/airflow/.local/lib/python3.8/site-packages/airflow/example_dags/example_external_task_marker_dag.py
[2024-04-08T09:36:22.299+0000] {processor.py:840} INFO - DAG(s) 'example_external_task_marker_child', 'example_external_task_marker_parent' retrieved from /home/airflow/.local/lib/python3.8/site-packages/airflow/example_dags/example_external_task_marker_dag.py
[2024-04-08T09:36:22.374+0000] {logging_mixin.py:188} INFO - [2024-04-08T09:36:22.374+0000] {dag.py:3047} INFO - Sync 2 DAGs
[2024-04-08T09:36:22.396+0000] {logging_mixin.py:188} INFO - [2024-04-08T09:36:22.396+0000] {dag.py:3834} INFO - Setting next_dagrun for example_external_task_marker_child to None, run_after=None
[2024-04-08T09:36:22.398+0000] {logging_mixin.py:188} INFO - [2024-04-08T09:36:22.398+0000] {dag.py:3834} INFO - Setting next_dagrun for example_external_task_marker_parent to None, run_after=None
[2024-04-08T09:36:22.420+0000] {processor.py:183} INFO - Processing /home/airflow/.local/lib/python3.8/site-packages/airflow/example_dags/example_external_task_marker_dag.py took 0.127 seconds
[2024-04-08T09:36:52.558+0000] {processor.py:161} INFO - Started process (PID=836) to work on /home/airflow/.local/lib/python3.8/site-packages/airflow/example_dags/example_external_task_marker_dag.py
[2024-04-08T09:36:52.559+0000] {processor.py:830} INFO - Processing file /home/airflow/.local/lib/python3.8/site-packages/airflow/example_dags/example_external_task_marker_dag.py for tasks to queue
[2024-04-08T09:36:52.560+0000] {logging_mixin.py:188} INFO - [2024-04-08T09:36:52.560+0000] {dagbag.py:540} INFO - Filling up the DagBag from /home/airflow/.local/lib/python3.8/site-packages/airflow/example_dags/example_external_task_marker_dag.py
[2024-04-08T09:36:52.563+0000] {processor.py:840} INFO - DAG(s) 'example_external_task_marker_parent', 'example_external_task_marker_child' retrieved from /home/airflow/.local/lib/python3.8/site-packages/airflow/example_dags/example_external_task_marker_dag.py
[2024-04-08T09:36:52.637+0000] {logging_mixin.py:188} INFO - [2024-04-08T09:36:52.637+0000] {dag.py:3047} INFO - Sync 2 DAGs
[2024-04-08T09:36:52.660+0000] {logging_mixin.py:188} INFO - [2024-04-08T09:36:52.660+0000] {dag.py:3834} INFO - Setting next_dagrun for example_external_task_marker_child to None, run_after=None
[2024-04-08T09:36:52.663+0000] {logging_mixin.py:188} INFO - [2024-04-08T09:36:52.663+0000] {dag.py:3834} INFO - Setting next_dagrun for example_external_task_marker_parent to None, run_after=None
[2024-04-08T09:36:52.686+0000] {processor.py:183} INFO - Processing /home/airflow/.local/lib/python3.8/site-packages/airflow/example_dags/example_external_task_marker_dag.py took 0.129 seconds
[2024-04-08T09:37:22.845+0000] {processor.py:161} INFO - Started process (PID=891) to work on /home/airflow/.local/lib/python3.8/site-packages/airflow/example_dags/example_external_task_marker_dag.py
[2024-04-08T09:37:22.846+0000] {processor.py:830} INFO - Processing file /home/airflow/.local/lib/python3.8/site-packages/airflow/example_dags/example_external_task_marker_dag.py for tasks to queue
[2024-04-08T09:37:22.847+0000] {logging_mixin.py:188} INFO - [2024-04-08T09:37:22.847+0000] {dagbag.py:540} INFO - Filling up the DagBag from /home/airflow/.local/lib/python3.8/site-packages/airflow/example_dags/example_external_task_marker_dag.py
[2024-04-08T09:37:22.850+0000] {processor.py:840} INFO - DAG(s) 'example_external_task_marker_parent', 'example_external_task_marker_child' retrieved from /home/airflow/.local/lib/python3.8/site-packages/airflow/example_dags/example_external_task_marker_dag.py
[2024-04-08T09:37:22.926+0000] {logging_mixin.py:188} INFO - [2024-04-08T09:37:22.926+0000] {dag.py:3047} INFO - Sync 2 DAGs
[2024-04-08T09:37:22.950+0000] {logging_mixin.py:188} INFO - [2024-04-08T09:37:22.950+0000] {dag.py:3834} INFO - Setting next_dagrun for example_external_task_marker_child to None, run_after=None
[2024-04-08T09:37:22.953+0000] {logging_mixin.py:188} INFO - [2024-04-08T09:37:22.953+0000] {dag.py:3834} INFO - Setting next_dagrun for example_external_task_marker_parent to None, run_after=None
[2024-04-08T09:37:22.977+0000] {processor.py:183} INFO - Processing /home/airflow/.local/lib/python3.8/site-packages/airflow/example_dags/example_external_task_marker_dag.py took 0.133 seconds
[2024-04-08T09:37:53.028+0000] {processor.py:161} INFO - Started process (PID=946) to work on /home/airflow/.local/lib/python3.8/site-packages/airflow/example_dags/example_external_task_marker_dag.py
[2024-04-08T09:37:53.028+0000] {processor.py:830} INFO - Processing file /home/airflow/.local/lib/python3.8/site-packages/airflow/example_dags/example_external_task_marker_dag.py for tasks to queue
[2024-04-08T09:37:53.029+0000] {logging_mixin.py:188} INFO - [2024-04-08T09:37:53.029+0000] {dagbag.py:540} INFO - Filling up the DagBag from /home/airflow/.local/lib/python3.8/site-packages/airflow/example_dags/example_external_task_marker_dag.py
[2024-04-08T09:37:53.032+0000] {processor.py:840} INFO - DAG(s) 'example_external_task_marker_parent', 'example_external_task_marker_child' retrieved from /home/airflow/.local/lib/python3.8/site-packages/airflow/example_dags/example_external_task_marker_dag.py
[2024-04-08T09:37:53.105+0000] {logging_mixin.py:188} INFO - [2024-04-08T09:37:53.105+0000] {dag.py:3047} INFO - Sync 2 DAGs
[2024-04-08T09:37:53.126+0000] {logging_mixin.py:188} INFO - [2024-04-08T09:37:53.126+0000] {dag.py:3834} INFO - Setting next_dagrun for example_external_task_marker_child to None, run_after=None
[2024-04-08T09:37:53.129+0000] {logging_mixin.py:188} INFO - [2024-04-08T09:37:53.129+0000] {dag.py:3834} INFO - Setting next_dagrun for example_external_task_marker_parent to None, run_after=None
[2024-04-08T09:37:53.150+0000] {processor.py:183} INFO - Processing /home/airflow/.local/lib/python3.8/site-packages/airflow/example_dags/example_external_task_marker_dag.py took 0.124 seconds
[2024-04-08T09:38:23.850+0000] {processor.py:161} INFO - Started process (PID=1001) to work on /home/airflow/.local/lib/python3.8/site-packages/airflow/example_dags/example_external_task_marker_dag.py
[2024-04-08T09:38:23.851+0000] {processor.py:830} INFO - Processing file /home/airflow/.local/lib/python3.8/site-packages/airflow/example_dags/example_external_task_marker_dag.py for tasks to queue
[2024-04-08T09:38:23.851+0000] {logging_mixin.py:188} INFO - [2024-04-08T09:38:23.851+0000] {dagbag.py:540} INFO - Filling up the DagBag from /home/airflow/.local/lib/python3.8/site-packages/airflow/example_dags/example_external_task_marker_dag.py
[2024-04-08T09:38:23.854+0000] {processor.py:840} INFO - DAG(s) 'example_external_task_marker_child', 'example_external_task_marker_parent' retrieved from /home/airflow/.local/lib/python3.8/site-packages/airflow/example_dags/example_external_task_marker_dag.py
[2024-04-08T09:38:23.930+0000] {logging_mixin.py:188} INFO - [2024-04-08T09:38:23.929+0000] {dag.py:3047} INFO - Sync 2 DAGs
[2024-04-08T09:38:23.952+0000] {logging_mixin.py:188} INFO - [2024-04-08T09:38:23.951+0000] {dag.py:3834} INFO - Setting next_dagrun for example_external_task_marker_child to None, run_after=None
[2024-04-08T09:38:23.958+0000] {logging_mixin.py:188} INFO - [2024-04-08T09:38:23.958+0000] {dag.py:3834} INFO - Setting next_dagrun for example_external_task_marker_parent to None, run_after=None
[2024-04-08T09:38:23.986+0000] {processor.py:183} INFO - Processing /home/airflow/.local/lib/python3.8/site-packages/airflow/example_dags/example_external_task_marker_dag.py took 0.138 seconds
[2024-04-08T09:38:55.369+0000] {processor.py:161} INFO - Started process (PID=1056) to work on /home/airflow/.local/lib/python3.8/site-packages/airflow/example_dags/example_external_task_marker_dag.py
[2024-04-08T09:38:55.372+0000] {processor.py:830} INFO - Processing file /home/airflow/.local/lib/python3.8/site-packages/airflow/example_dags/example_external_task_marker_dag.py for tasks to queue
[2024-04-08T09:38:55.376+0000] {logging_mixin.py:188} INFO - [2024-04-08T09:38:55.376+0000] {dagbag.py:540} INFO - Filling up the DagBag from /home/airflow/.local/lib/python3.8/site-packages/airflow/example_dags/example_external_task_marker_dag.py
[2024-04-08T09:38:55.388+0000] {processor.py:840} INFO - DAG(s) 'example_external_task_marker_parent', 'example_external_task_marker_child' retrieved from /home/airflow/.local/lib/python3.8/site-packages/airflow/example_dags/example_external_task_marker_dag.py
[2024-04-08T09:38:55.568+0000] {logging_mixin.py:188} INFO - [2024-04-08T09:38:55.567+0000] {dag.py:3047} INFO - Sync 2 DAGs
[2024-04-08T09:38:55.630+0000] {logging_mixin.py:188} INFO - [2024-04-08T09:38:55.629+0000] {dag.py:3834} INFO - Setting next_dagrun for example_external_task_marker_child to None, run_after=None
[2024-04-08T09:38:55.639+0000] {logging_mixin.py:188} INFO - [2024-04-08T09:38:55.639+0000] {dag.py:3834} INFO - Setting next_dagrun for example_external_task_marker_parent to None, run_after=None
[2024-04-08T09:38:55.691+0000] {processor.py:183} INFO - Processing /home/airflow/.local/lib/python3.8/site-packages/airflow/example_dags/example_external_task_marker_dag.py took 0.326 seconds
[2024-04-08T09:39:26.516+0000] {processor.py:161} INFO - Started process (PID=1111) to work on /home/airflow/.local/lib/python3.8/site-packages/airflow/example_dags/example_external_task_marker_dag.py
[2024-04-08T09:39:26.518+0000] {processor.py:830} INFO - Processing file /home/airflow/.local/lib/python3.8/site-packages/airflow/example_dags/example_external_task_marker_dag.py for tasks to queue
[2024-04-08T09:39:26.519+0000] {logging_mixin.py:188} INFO - [2024-04-08T09:39:26.519+0000] {dagbag.py:540} INFO - Filling up the DagBag from /home/airflow/.local/lib/python3.8/site-packages/airflow/example_dags/example_external_task_marker_dag.py
[2024-04-08T09:39:26.523+0000] {processor.py:840} INFO - DAG(s) 'example_external_task_marker_child', 'example_external_task_marker_parent' retrieved from /home/airflow/.local/lib/python3.8/site-packages/airflow/example_dags/example_external_task_marker_dag.py
[2024-04-08T09:39:26.601+0000] {logging_mixin.py:188} INFO - [2024-04-08T09:39:26.601+0000] {dag.py:3047} INFO - Sync 2 DAGs
[2024-04-08T09:39:26.623+0000] {logging_mixin.py:188} INFO - [2024-04-08T09:39:26.623+0000] {dag.py:3834} INFO - Setting next_dagrun for example_external_task_marker_child to None, run_after=None
[2024-04-08T09:39:26.626+0000] {logging_mixin.py:188} INFO - [2024-04-08T09:39:26.626+0000] {dag.py:3834} INFO - Setting next_dagrun for example_external_task_marker_parent to None, run_after=None
[2024-04-08T09:39:26.646+0000] {processor.py:183} INFO - Processing /home/airflow/.local/lib/python3.8/site-packages/airflow/example_dags/example_external_task_marker_dag.py took 0.133 seconds
[2024-04-08T09:39:56.670+0000] {processor.py:161} INFO - Started process (PID=1166) to work on /home/airflow/.local/lib/python3.8/site-packages/airflow/example_dags/example_external_task_marker_dag.py
[2024-04-08T09:39:56.671+0000] {processor.py:830} INFO - Processing file /home/airflow/.local/lib/python3.8/site-packages/airflow/example_dags/example_external_task_marker_dag.py for tasks to queue
[2024-04-08T09:39:56.672+0000] {logging_mixin.py:188} INFO - [2024-04-08T09:39:56.672+0000] {dagbag.py:540} INFO - Filling up the DagBag from /home/airflow/.local/lib/python3.8/site-packages/airflow/example_dags/example_external_task_marker_dag.py
[2024-04-08T09:39:56.675+0000] {processor.py:840} INFO - DAG(s) 'example_external_task_marker_parent', 'example_external_task_marker_child' retrieved from /home/airflow/.local/lib/python3.8/site-packages/airflow/example_dags/example_external_task_marker_dag.py
[2024-04-08T09:39:56.753+0000] {logging_mixin.py:188} INFO - [2024-04-08T09:39:56.753+0000] {dag.py:3047} INFO - Sync 2 DAGs
[2024-04-08T09:39:56.777+0000] {logging_mixin.py:188} INFO - [2024-04-08T09:39:56.776+0000] {dag.py:3834} INFO - Setting next_dagrun for example_external_task_marker_child to None, run_after=None
[2024-04-08T09:39:56.780+0000] {logging_mixin.py:188} INFO - [2024-04-08T09:39:56.780+0000] {dag.py:3834} INFO - Setting next_dagrun for example_external_task_marker_parent to None, run_after=None
[2024-04-08T09:39:56.801+0000] {processor.py:183} INFO - Processing /home/airflow/.local/lib/python3.8/site-packages/airflow/example_dags/example_external_task_marker_dag.py took 0.133 seconds
[2024-04-08T09:40:27.073+0000] {processor.py:161} INFO - Started process (PID=1220) to work on /home/airflow/.local/lib/python3.8/site-packages/airflow/example_dags/example_external_task_marker_dag.py
[2024-04-08T09:40:27.074+0000] {processor.py:830} INFO - Processing file /home/airflow/.local/lib/python3.8/site-packages/airflow/example_dags/example_external_task_marker_dag.py for tasks to queue
[2024-04-08T09:40:27.075+0000] {logging_mixin.py:188} INFO - [2024-04-08T09:40:27.075+0000] {dagbag.py:540} INFO - Filling up the DagBag from /home/airflow/.local/lib/python3.8/site-packages/airflow/example_dags/example_external_task_marker_dag.py
[2024-04-08T09:40:27.078+0000] {processor.py:840} INFO - DAG(s) 'example_external_task_marker_parent', 'example_external_task_marker_child' retrieved from /home/airflow/.local/lib/python3.8/site-packages/airflow/example_dags/example_external_task_marker_dag.py
[2024-04-08T09:40:27.156+0000] {logging_mixin.py:188} INFO - [2024-04-08T09:40:27.156+0000] {dag.py:3047} INFO - Sync 2 DAGs
[2024-04-08T09:40:27.184+0000] {logging_mixin.py:188} INFO - [2024-04-08T09:40:27.184+0000] {dag.py:3834} INFO - Setting next_dagrun for example_external_task_marker_child to None, run_after=None
[2024-04-08T09:40:27.188+0000] {logging_mixin.py:188} INFO - [2024-04-08T09:40:27.187+0000] {dag.py:3834} INFO - Setting next_dagrun for example_external_task_marker_parent to None, run_after=None
[2024-04-08T09:40:27.210+0000] {processor.py:183} INFO - Processing /home/airflow/.local/lib/python3.8/site-packages/airflow/example_dags/example_external_task_marker_dag.py took 0.139 seconds
[2024-04-08T09:40:57.234+0000] {processor.py:161} INFO - Started process (PID=1275) to work on /home/airflow/.local/lib/python3.8/site-packages/airflow/example_dags/example_external_task_marker_dag.py
[2024-04-08T09:40:57.234+0000] {processor.py:830} INFO - Processing file /home/airflow/.local/lib/python3.8/site-packages/airflow/example_dags/example_external_task_marker_dag.py for tasks to queue
[2024-04-08T09:40:57.235+0000] {logging_mixin.py:188} INFO - [2024-04-08T09:40:57.235+0000] {dagbag.py:540} INFO - Filling up the DagBag from /home/airflow/.local/lib/python3.8/site-packages/airflow/example_dags/example_external_task_marker_dag.py
[2024-04-08T09:40:57.238+0000] {processor.py:840} INFO - DAG(s) 'example_external_task_marker_child', 'example_external_task_marker_parent' retrieved from /home/airflow/.local/lib/python3.8/site-packages/airflow/example_dags/example_external_task_marker_dag.py
[2024-04-08T09:40:57.311+0000] {logging_mixin.py:188} INFO - [2024-04-08T09:40:57.311+0000] {dag.py:3047} INFO - Sync 2 DAGs
[2024-04-08T09:40:57.333+0000] {logging_mixin.py:188} INFO - [2024-04-08T09:40:57.333+0000] {dag.py:3834} INFO - Setting next_dagrun for example_external_task_marker_child to None, run_after=None
[2024-04-08T09:40:57.335+0000] {logging_mixin.py:188} INFO - [2024-04-08T09:40:57.335+0000] {dag.py:3834} INFO - Setting next_dagrun for example_external_task_marker_parent to None, run_after=None
[2024-04-08T09:40:57.357+0000] {processor.py:183} INFO - Processing /home/airflow/.local/lib/python3.8/site-packages/airflow/example_dags/example_external_task_marker_dag.py took 0.125 seconds
[2024-04-08T09:41:28.281+0000] {processor.py:161} INFO - Started process (PID=1330) to work on /home/airflow/.local/lib/python3.8/site-packages/airflow/example_dags/example_external_task_marker_dag.py
[2024-04-08T09:41:28.282+0000] {processor.py:830} INFO - Processing file /home/airflow/.local/lib/python3.8/site-packages/airflow/example_dags/example_external_task_marker_dag.py for tasks to queue
[2024-04-08T09:41:28.283+0000] {logging_mixin.py:188} INFO - [2024-04-08T09:41:28.283+0000] {dagbag.py:540} INFO - Filling up the DagBag from /home/airflow/.local/lib/python3.8/site-packages/airflow/example_dags/example_external_task_marker_dag.py
[2024-04-08T09:41:28.287+0000] {processor.py:840} INFO - DAG(s) 'example_external_task_marker_parent', 'example_external_task_marker_child' retrieved from /home/airflow/.local/lib/python3.8/site-packages/airflow/example_dags/example_external_task_marker_dag.py
[2024-04-08T09:41:28.359+0000] {logging_mixin.py:188} INFO - [2024-04-08T09:41:28.359+0000] {dag.py:3047} INFO - Sync 2 DAGs
[2024-04-08T09:41:28.381+0000] {logging_mixin.py:188} INFO - [2024-04-08T09:41:28.381+0000] {dag.py:3834} INFO - Setting next_dagrun for example_external_task_marker_child to None, run_after=None
[2024-04-08T09:41:28.384+0000] {logging_mixin.py:188} INFO - [2024-04-08T09:41:28.384+0000] {dag.py:3834} INFO - Setting next_dagrun for example_external_task_marker_parent to None, run_after=None
[2024-04-08T09:41:28.407+0000] {processor.py:183} INFO - Processing /home/airflow/.local/lib/python3.8/site-packages/airflow/example_dags/example_external_task_marker_dag.py took 0.128 seconds
[2024-04-08T09:41:59.200+0000] {processor.py:161} INFO - Started process (PID=1385) to work on /home/airflow/.local/lib/python3.8/site-packages/airflow/example_dags/example_external_task_marker_dag.py
[2024-04-08T09:41:59.201+0000] {processor.py:830} INFO - Processing file /home/airflow/.local/lib/python3.8/site-packages/airflow/example_dags/example_external_task_marker_dag.py for tasks to queue
[2024-04-08T09:41:59.202+0000] {logging_mixin.py:188} INFO - [2024-04-08T09:41:59.202+0000] {dagbag.py:540} INFO - Filling up the DagBag from /home/airflow/.local/lib/python3.8/site-packages/airflow/example_dags/example_external_task_marker_dag.py
[2024-04-08T09:41:59.205+0000] {processor.py:840} INFO - DAG(s) 'example_external_task_marker_parent', 'example_external_task_marker_child' retrieved from /home/airflow/.local/lib/python3.8/site-packages/airflow/example_dags/example_external_task_marker_dag.py
[2024-04-08T09:41:59.278+0000] {logging_mixin.py:188} INFO - [2024-04-08T09:41:59.278+0000] {dag.py:3047} INFO - Sync 2 DAGs
[2024-04-08T09:41:59.300+0000] {logging_mixin.py:188} INFO - [2024-04-08T09:41:59.300+0000] {dag.py:3834} INFO - Setting next_dagrun for example_external_task_marker_child to None, run_after=None
[2024-04-08T09:41:59.303+0000] {logging_mixin.py:188} INFO - [2024-04-08T09:41:59.303+0000] {dag.py:3834} INFO - Setting next_dagrun for example_external_task_marker_parent to None, run_after=None
[2024-04-08T09:41:59.327+0000] {processor.py:183} INFO - Processing /home/airflow/.local/lib/python3.8/site-packages/airflow/example_dags/example_external_task_marker_dag.py took 0.128 seconds
[2024-04-08T09:42:29.510+0000] {processor.py:161} INFO - Started process (PID=1440) to work on /home/airflow/.local/lib/python3.8/site-packages/airflow/example_dags/example_external_task_marker_dag.py
[2024-04-08T09:42:29.510+0000] {processor.py:830} INFO - Processing file /home/airflow/.local/lib/python3.8/site-packages/airflow/example_dags/example_external_task_marker_dag.py for tasks to queue
[2024-04-08T09:42:29.511+0000] {logging_mixin.py:188} INFO - [2024-04-08T09:42:29.511+0000] {dagbag.py:540} INFO - Filling up the DagBag from /home/airflow/.local/lib/python3.8/site-packages/airflow/example_dags/example_external_task_marker_dag.py
[2024-04-08T09:42:29.514+0000] {processor.py:840} INFO - DAG(s) 'example_external_task_marker_child', 'example_external_task_marker_parent' retrieved from /home/airflow/.local/lib/python3.8/site-packages/airflow/example_dags/example_external_task_marker_dag.py
[2024-04-08T09:42:29.594+0000] {logging_mixin.py:188} INFO - [2024-04-08T09:42:29.594+0000] {dag.py:3047} INFO - Sync 2 DAGs
[2024-04-08T09:42:29.619+0000] {logging_mixin.py:188} INFO - [2024-04-08T09:42:29.619+0000] {dag.py:3834} INFO - Setting next_dagrun for example_external_task_marker_child to None, run_after=None
[2024-04-08T09:42:29.622+0000] {logging_mixin.py:188} INFO - [2024-04-08T09:42:29.622+0000] {dag.py:3834} INFO - Setting next_dagrun for example_external_task_marker_parent to None, run_after=None
[2024-04-08T09:42:29.642+0000] {processor.py:183} INFO - Processing /home/airflow/.local/lib/python3.8/site-packages/airflow/example_dags/example_external_task_marker_dag.py took 0.134 seconds
[2024-04-08T09:42:59.818+0000] {processor.py:161} INFO - Started process (PID=1495) to work on /home/airflow/.local/lib/python3.8/site-packages/airflow/example_dags/example_external_task_marker_dag.py
[2024-04-08T09:42:59.818+0000] {processor.py:830} INFO - Processing file /home/airflow/.local/lib/python3.8/site-packages/airflow/example_dags/example_external_task_marker_dag.py for tasks to queue
[2024-04-08T09:42:59.819+0000] {logging_mixin.py:188} INFO - [2024-04-08T09:42:59.819+0000] {dagbag.py:540} INFO - Filling up the DagBag from /home/airflow/.local/lib/python3.8/site-packages/airflow/example_dags/example_external_task_marker_dag.py
[2024-04-08T09:42:59.822+0000] {processor.py:840} INFO - DAG(s) 'example_external_task_marker_child', 'example_external_task_marker_parent' retrieved from /home/airflow/.local/lib/python3.8/site-packages/airflow/example_dags/example_external_task_marker_dag.py
[2024-04-08T09:42:59.894+0000] {logging_mixin.py:188} INFO - [2024-04-08T09:42:59.894+0000] {dag.py:3047} INFO - Sync 2 DAGs
[2024-04-08T09:42:59.916+0000] {logging_mixin.py:188} INFO - [2024-04-08T09:42:59.916+0000] {dag.py:3834} INFO - Setting next_dagrun for example_external_task_marker_child to None, run_after=None
[2024-04-08T09:42:59.918+0000] {logging_mixin.py:188} INFO - [2024-04-08T09:42:59.918+0000] {dag.py:3834} INFO - Setting next_dagrun for example_external_task_marker_parent to None, run_after=None
[2024-04-08T09:42:59.941+0000] {processor.py:183} INFO - Processing /home/airflow/.local/lib/python3.8/site-packages/airflow/example_dags/example_external_task_marker_dag.py took 0.124 seconds
[2024-04-08T09:43:30.087+0000] {processor.py:161} INFO - Started process (PID=1550) to work on /home/airflow/.local/lib/python3.8/site-packages/airflow/example_dags/example_external_task_marker_dag.py
[2024-04-08T09:43:30.087+0000] {processor.py:830} INFO - Processing file /home/airflow/.local/lib/python3.8/site-packages/airflow/example_dags/example_external_task_marker_dag.py for tasks to queue
[2024-04-08T09:43:30.088+0000] {logging_mixin.py:188} INFO - [2024-04-08T09:43:30.088+0000] {dagbag.py:540} INFO - Filling up the DagBag from /home/airflow/.local/lib/python3.8/site-packages/airflow/example_dags/example_external_task_marker_dag.py
[2024-04-08T09:43:30.091+0000] {processor.py:840} INFO - DAG(s) 'example_external_task_marker_parent', 'example_external_task_marker_child' retrieved from /home/airflow/.local/lib/python3.8/site-packages/airflow/example_dags/example_external_task_marker_dag.py
[2024-04-08T09:43:30.164+0000] {logging_mixin.py:188} INFO - [2024-04-08T09:43:30.163+0000] {dag.py:3047} INFO - Sync 2 DAGs
[2024-04-08T09:43:30.185+0000] {logging_mixin.py:188} INFO - [2024-04-08T09:43:30.185+0000] {dag.py:3834} INFO - Setting next_dagrun for example_external_task_marker_child to None, run_after=None
[2024-04-08T09:43:30.188+0000] {logging_mixin.py:188} INFO - [2024-04-08T09:43:30.187+0000] {dag.py:3834} INFO - Setting next_dagrun for example_external_task_marker_parent to None, run_after=None
[2024-04-08T09:43:30.210+0000] {processor.py:183} INFO - Processing /home/airflow/.local/lib/python3.8/site-packages/airflow/example_dags/example_external_task_marker_dag.py took 0.125 seconds
[2024-04-08T09:44:00.918+0000] {processor.py:161} INFO - Started process (PID=1605) to work on /home/airflow/.local/lib/python3.8/site-packages/airflow/example_dags/example_external_task_marker_dag.py
[2024-04-08T09:44:00.919+0000] {processor.py:830} INFO - Processing file /home/airflow/.local/lib/python3.8/site-packages/airflow/example_dags/example_external_task_marker_dag.py for tasks to queue
[2024-04-08T09:44:00.919+0000] {logging_mixin.py:188} INFO - [2024-04-08T09:44:00.919+0000] {dagbag.py:540} INFO - Filling up the DagBag from /home/airflow/.local/lib/python3.8/site-packages/airflow/example_dags/example_external_task_marker_dag.py
[2024-04-08T09:44:00.922+0000] {processor.py:840} INFO - DAG(s) 'example_external_task_marker_child', 'example_external_task_marker_parent' retrieved from /home/airflow/.local/lib/python3.8/site-packages/airflow/example_dags/example_external_task_marker_dag.py
[2024-04-08T09:44:01.002+0000] {logging_mixin.py:188} INFO - [2024-04-08T09:44:01.002+0000] {dag.py:3047} INFO - Sync 2 DAGs
[2024-04-08T09:44:01.025+0000] {logging_mixin.py:188} INFO - [2024-04-08T09:44:01.025+0000] {dag.py:3834} INFO - Setting next_dagrun for example_external_task_marker_child to None, run_after=None
[2024-04-08T09:44:01.030+0000] {logging_mixin.py:188} INFO - [2024-04-08T09:44:01.030+0000] {dag.py:3834} INFO - Setting next_dagrun for example_external_task_marker_parent to None, run_after=None
[2024-04-08T09:44:01.051+0000] {processor.py:183} INFO - Processing /home/airflow/.local/lib/python3.8/site-packages/airflow/example_dags/example_external_task_marker_dag.py took 0.134 seconds
[2024-04-08T09:44:31.116+0000] {processor.py:161} INFO - Started process (PID=1660) to work on /home/airflow/.local/lib/python3.8/site-packages/airflow/example_dags/example_external_task_marker_dag.py
[2024-04-08T09:44:31.117+0000] {processor.py:830} INFO - Processing file /home/airflow/.local/lib/python3.8/site-packages/airflow/example_dags/example_external_task_marker_dag.py for tasks to queue
[2024-04-08T09:44:31.118+0000] {logging_mixin.py:188} INFO - [2024-04-08T09:44:31.118+0000] {dagbag.py:540} INFO - Filling up the DagBag from /home/airflow/.local/lib/python3.8/site-packages/airflow/example_dags/example_external_task_marker_dag.py
[2024-04-08T09:44:31.121+0000] {processor.py:840} INFO - DAG(s) 'example_external_task_marker_parent', 'example_external_task_marker_child' retrieved from /home/airflow/.local/lib/python3.8/site-packages/airflow/example_dags/example_external_task_marker_dag.py
[2024-04-08T09:44:31.194+0000] {logging_mixin.py:188} INFO - [2024-04-08T09:44:31.194+0000] {dag.py:3047} INFO - Sync 2 DAGs
[2024-04-08T09:44:31.216+0000] {logging_mixin.py:188} INFO - [2024-04-08T09:44:31.216+0000] {dag.py:3834} INFO - Setting next_dagrun for example_external_task_marker_child to None, run_after=None
[2024-04-08T09:44:31.219+0000] {logging_mixin.py:188} INFO - [2024-04-08T09:44:31.219+0000] {dag.py:3834} INFO - Setting next_dagrun for example_external_task_marker_parent to None, run_after=None
[2024-04-08T09:44:31.239+0000] {processor.py:183} INFO - Processing /home/airflow/.local/lib/python3.8/site-packages/airflow/example_dags/example_external_task_marker_dag.py took 0.124 seconds
[2024-04-08T09:45:01.362+0000] {processor.py:161} INFO - Started process (PID=1715) to work on /home/airflow/.local/lib/python3.8/site-packages/airflow/example_dags/example_external_task_marker_dag.py
[2024-04-08T09:45:01.362+0000] {processor.py:830} INFO - Processing file /home/airflow/.local/lib/python3.8/site-packages/airflow/example_dags/example_external_task_marker_dag.py for tasks to queue
[2024-04-08T09:45:01.363+0000] {logging_mixin.py:188} INFO - [2024-04-08T09:45:01.363+0000] {dagbag.py:540} INFO - Filling up the DagBag from /home/airflow/.local/lib/python3.8/site-packages/airflow/example_dags/example_external_task_marker_dag.py
[2024-04-08T09:45:01.368+0000] {processor.py:840} INFO - DAG(s) 'example_external_task_marker_parent', 'example_external_task_marker_child' retrieved from /home/airflow/.local/lib/python3.8/site-packages/airflow/example_dags/example_external_task_marker_dag.py
[2024-04-08T09:45:01.447+0000] {logging_mixin.py:188} INFO - [2024-04-08T09:45:01.447+0000] {dag.py:3047} INFO - Sync 2 DAGs
[2024-04-08T09:45:01.471+0000] {logging_mixin.py:188} INFO - [2024-04-08T09:45:01.471+0000] {dag.py:3834} INFO - Setting next_dagrun for example_external_task_marker_child to None, run_after=None
[2024-04-08T09:45:01.474+0000] {logging_mixin.py:188} INFO - [2024-04-08T09:45:01.474+0000] {dag.py:3834} INFO - Setting next_dagrun for example_external_task_marker_parent to None, run_after=None
[2024-04-08T09:45:01.495+0000] {processor.py:183} INFO - Processing /home/airflow/.local/lib/python3.8/site-packages/airflow/example_dags/example_external_task_marker_dag.py took 0.135 seconds
[2024-04-08T09:45:31.545+0000] {processor.py:161} INFO - Started process (PID=1770) to work on /home/airflow/.local/lib/python3.8/site-packages/airflow/example_dags/example_external_task_marker_dag.py
[2024-04-08T09:45:31.545+0000] {processor.py:830} INFO - Processing file /home/airflow/.local/lib/python3.8/site-packages/airflow/example_dags/example_external_task_marker_dag.py for tasks to queue
[2024-04-08T09:45:31.546+0000] {logging_mixin.py:188} INFO - [2024-04-08T09:45:31.546+0000] {dagbag.py:540} INFO - Filling up the DagBag from /home/airflow/.local/lib/python3.8/site-packages/airflow/example_dags/example_external_task_marker_dag.py
[2024-04-08T09:45:31.549+0000] {processor.py:840} INFO - DAG(s) 'example_external_task_marker_child', 'example_external_task_marker_parent' retrieved from /home/airflow/.local/lib/python3.8/site-packages/airflow/example_dags/example_external_task_marker_dag.py
[2024-04-08T09:45:31.619+0000] {logging_mixin.py:188} INFO - [2024-04-08T09:45:31.618+0000] {dag.py:3047} INFO - Sync 2 DAGs
[2024-04-08T09:45:31.639+0000] {logging_mixin.py:188} INFO - [2024-04-08T09:45:31.639+0000] {dag.py:3834} INFO - Setting next_dagrun for example_external_task_marker_child to None, run_after=None
[2024-04-08T09:45:31.641+0000] {logging_mixin.py:188} INFO - [2024-04-08T09:45:31.641+0000] {dag.py:3834} INFO - Setting next_dagrun for example_external_task_marker_parent to None, run_after=None
[2024-04-08T09:45:31.660+0000] {processor.py:183} INFO - Processing /home/airflow/.local/lib/python3.8/site-packages/airflow/example_dags/example_external_task_marker_dag.py took 0.117 seconds
[2024-04-08T09:46:01.732+0000] {processor.py:161} INFO - Started process (PID=1825) to work on /home/airflow/.local/lib/python3.8/site-packages/airflow/example_dags/example_external_task_marker_dag.py
[2024-04-08T09:46:01.733+0000] {processor.py:830} INFO - Processing file /home/airflow/.local/lib/python3.8/site-packages/airflow/example_dags/example_external_task_marker_dag.py for tasks to queue
[2024-04-08T09:46:01.734+0000] {logging_mixin.py:188} INFO - [2024-04-08T09:46:01.734+0000] {dagbag.py:540} INFO - Filling up the DagBag from /home/airflow/.local/lib/python3.8/site-packages/airflow/example_dags/example_external_task_marker_dag.py
[2024-04-08T09:46:01.737+0000] {processor.py:840} INFO - DAG(s) 'example_external_task_marker_child', 'example_external_task_marker_parent' retrieved from /home/airflow/.local/lib/python3.8/site-packages/airflow/example_dags/example_external_task_marker_dag.py
[2024-04-08T09:46:01.813+0000] {logging_mixin.py:188} INFO - [2024-04-08T09:46:01.813+0000] {dag.py:3047} INFO - Sync 2 DAGs
[2024-04-08T09:46:01.848+0000] {logging_mixin.py:188} INFO - [2024-04-08T09:46:01.848+0000] {dag.py:3834} INFO - Setting next_dagrun for example_external_task_marker_child to None, run_after=None
[2024-04-08T09:46:01.852+0000] {logging_mixin.py:188} INFO - [2024-04-08T09:46:01.852+0000] {dag.py:3834} INFO - Setting next_dagrun for example_external_task_marker_parent to None, run_after=None
[2024-04-08T09:46:01.879+0000] {processor.py:183} INFO - Processing /home/airflow/.local/lib/python3.8/site-packages/airflow/example_dags/example_external_task_marker_dag.py took 0.149 seconds
