[2024-04-08T09:29:47.661+0000] {processor.py:161} INFO - Started process (PID=64) to work on /home/airflow/.local/lib/python3.8/site-packages/airflow/example_dags/example_sensors.py
[2024-04-08T09:29:47.662+0000] {processor.py:830} INFO - Processing file /home/airflow/.local/lib/python3.8/site-packages/airflow/example_dags/example_sensors.py for tasks to queue
[2024-04-08T09:29:47.663+0000] {logging_mixin.py:188} INFO - [2024-04-08T09:29:47.663+0000] {dagbag.py:540} INFO - Filling up the DagBag from /home/airflow/.local/lib/python3.8/site-packages/airflow/example_dags/example_sensors.py
[2024-04-08T09:29:47.668+0000] {processor.py:840} INFO - DAG(s) 'example_sensors' retrieved from /home/airflow/.local/lib/python3.8/site-packages/airflow/example_dags/example_sensors.py
[2024-04-08T09:29:47.738+0000] {logging_mixin.py:188} INFO - [2024-04-08T09:29:47.738+0000] {dag.py:3047} INFO - Sync 1 DAGs
[2024-04-08T09:29:47.759+0000] {logging_mixin.py:188} INFO - [2024-04-08T09:29:47.759+0000] {dag.py:3834} INFO - Setting next_dagrun for example_sensors to None, run_after=None
[2024-04-08T09:29:47.785+0000] {processor.py:183} INFO - Processing /home/airflow/.local/lib/python3.8/site-packages/airflow/example_dags/example_sensors.py took 0.125 seconds
[2024-04-08T09:30:18.123+0000] {processor.py:161} INFO - Started process (PID=119) to work on /home/airflow/.local/lib/python3.8/site-packages/airflow/example_dags/example_sensors.py
[2024-04-08T09:30:18.124+0000] {processor.py:830} INFO - Processing file /home/airflow/.local/lib/python3.8/site-packages/airflow/example_dags/example_sensors.py for tasks to queue
[2024-04-08T09:30:18.125+0000] {logging_mixin.py:188} INFO - [2024-04-08T09:30:18.125+0000] {dagbag.py:540} INFO - Filling up the DagBag from /home/airflow/.local/lib/python3.8/site-packages/airflow/example_dags/example_sensors.py
[2024-04-08T09:30:18.130+0000] {processor.py:840} INFO - DAG(s) 'example_sensors' retrieved from /home/airflow/.local/lib/python3.8/site-packages/airflow/example_dags/example_sensors.py
[2024-04-08T09:30:18.255+0000] {logging_mixin.py:188} INFO - [2024-04-08T09:30:18.255+0000] {dag.py:3047} INFO - Sync 1 DAGs
[2024-04-08T09:30:18.268+0000] {logging_mixin.py:188} INFO - [2024-04-08T09:30:18.268+0000] {dag.py:3834} INFO - Setting next_dagrun for example_sensors to None, run_after=None
[2024-04-08T09:30:18.294+0000] {processor.py:183} INFO - Processing /home/airflow/.local/lib/python3.8/site-packages/airflow/example_dags/example_sensors.py took 0.173 seconds
[2024-04-08T09:30:49.083+0000] {processor.py:161} INFO - Started process (PID=174) to work on /home/airflow/.local/lib/python3.8/site-packages/airflow/example_dags/example_sensors.py
[2024-04-08T09:30:49.084+0000] {processor.py:830} INFO - Processing file /home/airflow/.local/lib/python3.8/site-packages/airflow/example_dags/example_sensors.py for tasks to queue
[2024-04-08T09:30:49.084+0000] {logging_mixin.py:188} INFO - [2024-04-08T09:30:49.084+0000] {dagbag.py:540} INFO - Filling up the DagBag from /home/airflow/.local/lib/python3.8/site-packages/airflow/example_dags/example_sensors.py
[2024-04-08T09:30:49.089+0000] {processor.py:840} INFO - DAG(s) 'example_sensors' retrieved from /home/airflow/.local/lib/python3.8/site-packages/airflow/example_dags/example_sensors.py
[2024-04-08T09:30:49.162+0000] {logging_mixin.py:188} INFO - [2024-04-08T09:30:49.162+0000] {dag.py:3047} INFO - Sync 1 DAGs
[2024-04-08T09:30:49.178+0000] {logging_mixin.py:188} INFO - [2024-04-08T09:30:49.178+0000] {dag.py:3834} INFO - Setting next_dagrun for example_sensors to None, run_after=None
[2024-04-08T09:30:49.198+0000] {processor.py:183} INFO - Processing /home/airflow/.local/lib/python3.8/site-packages/airflow/example_dags/example_sensors.py took 0.116 seconds
[2024-04-08T09:31:19.314+0000] {processor.py:161} INFO - Started process (PID=229) to work on /home/airflow/.local/lib/python3.8/site-packages/airflow/example_dags/example_sensors.py
[2024-04-08T09:31:19.315+0000] {processor.py:830} INFO - Processing file /home/airflow/.local/lib/python3.8/site-packages/airflow/example_dags/example_sensors.py for tasks to queue
[2024-04-08T09:31:19.316+0000] {logging_mixin.py:188} INFO - [2024-04-08T09:31:19.316+0000] {dagbag.py:540} INFO - Filling up the DagBag from /home/airflow/.local/lib/python3.8/site-packages/airflow/example_dags/example_sensors.py
[2024-04-08T09:31:19.320+0000] {processor.py:840} INFO - DAG(s) 'example_sensors' retrieved from /home/airflow/.local/lib/python3.8/site-packages/airflow/example_dags/example_sensors.py
[2024-04-08T09:31:19.394+0000] {logging_mixin.py:188} INFO - [2024-04-08T09:31:19.394+0000] {dag.py:3047} INFO - Sync 1 DAGs
[2024-04-08T09:31:19.411+0000] {logging_mixin.py:188} INFO - [2024-04-08T09:31:19.411+0000] {dag.py:3834} INFO - Setting next_dagrun for example_sensors to None, run_after=None
[2024-04-08T09:31:19.432+0000] {processor.py:183} INFO - Processing /home/airflow/.local/lib/python3.8/site-packages/airflow/example_dags/example_sensors.py took 0.119 seconds
[2024-04-08T09:31:49.516+0000] {processor.py:161} INFO - Started process (PID=283) to work on /home/airflow/.local/lib/python3.8/site-packages/airflow/example_dags/example_sensors.py
[2024-04-08T09:31:49.516+0000] {processor.py:830} INFO - Processing file /home/airflow/.local/lib/python3.8/site-packages/airflow/example_dags/example_sensors.py for tasks to queue
[2024-04-08T09:31:49.517+0000] {logging_mixin.py:188} INFO - [2024-04-08T09:31:49.517+0000] {dagbag.py:540} INFO - Filling up the DagBag from /home/airflow/.local/lib/python3.8/site-packages/airflow/example_dags/example_sensors.py
[2024-04-08T09:31:49.521+0000] {processor.py:840} INFO - DAG(s) 'example_sensors' retrieved from /home/airflow/.local/lib/python3.8/site-packages/airflow/example_dags/example_sensors.py
[2024-04-08T09:31:49.594+0000] {logging_mixin.py:188} INFO - [2024-04-08T09:31:49.594+0000] {dag.py:3047} INFO - Sync 1 DAGs
[2024-04-08T09:31:49.610+0000] {logging_mixin.py:188} INFO - [2024-04-08T09:31:49.610+0000] {dag.py:3834} INFO - Setting next_dagrun for example_sensors to None, run_after=None
[2024-04-08T09:31:49.631+0000] {processor.py:183} INFO - Processing /home/airflow/.local/lib/python3.8/site-packages/airflow/example_dags/example_sensors.py took 0.117 seconds
[2024-04-08T09:32:19.726+0000] {processor.py:161} INFO - Started process (PID=338) to work on /home/airflow/.local/lib/python3.8/site-packages/airflow/example_dags/example_sensors.py
[2024-04-08T09:32:19.727+0000] {processor.py:830} INFO - Processing file /home/airflow/.local/lib/python3.8/site-packages/airflow/example_dags/example_sensors.py for tasks to queue
[2024-04-08T09:32:19.728+0000] {logging_mixin.py:188} INFO - [2024-04-08T09:32:19.727+0000] {dagbag.py:540} INFO - Filling up the DagBag from /home/airflow/.local/lib/python3.8/site-packages/airflow/example_dags/example_sensors.py
[2024-04-08T09:32:19.732+0000] {processor.py:840} INFO - DAG(s) 'example_sensors' retrieved from /home/airflow/.local/lib/python3.8/site-packages/airflow/example_dags/example_sensors.py
[2024-04-08T09:32:19.806+0000] {logging_mixin.py:188} INFO - [2024-04-08T09:32:19.806+0000] {dag.py:3047} INFO - Sync 1 DAGs
[2024-04-08T09:32:19.823+0000] {logging_mixin.py:188} INFO - [2024-04-08T09:32:19.823+0000] {dag.py:3834} INFO - Setting next_dagrun for example_sensors to None, run_after=None
[2024-04-08T09:32:19.843+0000] {processor.py:183} INFO - Processing /home/airflow/.local/lib/python3.8/site-packages/airflow/example_dags/example_sensors.py took 0.118 seconds
[2024-04-08T09:32:49.977+0000] {processor.py:161} INFO - Started process (PID=393) to work on /home/airflow/.local/lib/python3.8/site-packages/airflow/example_dags/example_sensors.py
[2024-04-08T09:32:49.978+0000] {processor.py:830} INFO - Processing file /home/airflow/.local/lib/python3.8/site-packages/airflow/example_dags/example_sensors.py for tasks to queue
[2024-04-08T09:32:49.978+0000] {logging_mixin.py:188} INFO - [2024-04-08T09:32:49.978+0000] {dagbag.py:540} INFO - Filling up the DagBag from /home/airflow/.local/lib/python3.8/site-packages/airflow/example_dags/example_sensors.py
[2024-04-08T09:32:49.983+0000] {processor.py:840} INFO - DAG(s) 'example_sensors' retrieved from /home/airflow/.local/lib/python3.8/site-packages/airflow/example_dags/example_sensors.py
[2024-04-08T09:32:50.062+0000] {logging_mixin.py:188} INFO - [2024-04-08T09:32:50.062+0000] {dag.py:3047} INFO - Sync 1 DAGs
[2024-04-08T09:32:50.081+0000] {logging_mixin.py:188} INFO - [2024-04-08T09:32:50.080+0000] {dag.py:3834} INFO - Setting next_dagrun for example_sensors to None, run_after=None
[2024-04-08T09:32:50.103+0000] {processor.py:183} INFO - Processing /home/airflow/.local/lib/python3.8/site-packages/airflow/example_dags/example_sensors.py took 0.128 seconds
[2024-04-08T09:33:20.189+0000] {processor.py:161} INFO - Started process (PID=448) to work on /home/airflow/.local/lib/python3.8/site-packages/airflow/example_dags/example_sensors.py
[2024-04-08T09:33:20.190+0000] {processor.py:830} INFO - Processing file /home/airflow/.local/lib/python3.8/site-packages/airflow/example_dags/example_sensors.py for tasks to queue
[2024-04-08T09:33:20.191+0000] {logging_mixin.py:188} INFO - [2024-04-08T09:33:20.191+0000] {dagbag.py:540} INFO - Filling up the DagBag from /home/airflow/.local/lib/python3.8/site-packages/airflow/example_dags/example_sensors.py
[2024-04-08T09:33:20.195+0000] {processor.py:840} INFO - DAG(s) 'example_sensors' retrieved from /home/airflow/.local/lib/python3.8/site-packages/airflow/example_dags/example_sensors.py
[2024-04-08T09:33:20.270+0000] {logging_mixin.py:188} INFO - [2024-04-08T09:33:20.270+0000] {dag.py:3047} INFO - Sync 1 DAGs
[2024-04-08T09:33:20.286+0000] {logging_mixin.py:188} INFO - [2024-04-08T09:33:20.286+0000] {dag.py:3834} INFO - Setting next_dagrun for example_sensors to None, run_after=None
[2024-04-08T09:33:20.307+0000] {processor.py:183} INFO - Processing /home/airflow/.local/lib/python3.8/site-packages/airflow/example_dags/example_sensors.py took 0.119 seconds
[2024-04-08T09:33:50.422+0000] {processor.py:161} INFO - Started process (PID=502) to work on /home/airflow/.local/lib/python3.8/site-packages/airflow/example_dags/example_sensors.py
[2024-04-08T09:33:50.423+0000] {processor.py:830} INFO - Processing file /home/airflow/.local/lib/python3.8/site-packages/airflow/example_dags/example_sensors.py for tasks to queue
[2024-04-08T09:33:50.424+0000] {logging_mixin.py:188} INFO - [2024-04-08T09:33:50.424+0000] {dagbag.py:540} INFO - Filling up the DagBag from /home/airflow/.local/lib/python3.8/site-packages/airflow/example_dags/example_sensors.py
[2024-04-08T09:33:50.428+0000] {processor.py:840} INFO - DAG(s) 'example_sensors' retrieved from /home/airflow/.local/lib/python3.8/site-packages/airflow/example_dags/example_sensors.py
[2024-04-08T09:33:50.499+0000] {logging_mixin.py:188} INFO - [2024-04-08T09:33:50.499+0000] {dag.py:3047} INFO - Sync 1 DAGs
[2024-04-08T09:33:50.516+0000] {logging_mixin.py:188} INFO - [2024-04-08T09:33:50.515+0000] {dag.py:3834} INFO - Setting next_dagrun for example_sensors to None, run_after=None
[2024-04-08T09:33:50.536+0000] {processor.py:183} INFO - Processing /home/airflow/.local/lib/python3.8/site-packages/airflow/example_dags/example_sensors.py took 0.115 seconds
[2024-04-08T09:34:20.668+0000] {processor.py:161} INFO - Started process (PID=557) to work on /home/airflow/.local/lib/python3.8/site-packages/airflow/example_dags/example_sensors.py
[2024-04-08T09:34:20.669+0000] {processor.py:830} INFO - Processing file /home/airflow/.local/lib/python3.8/site-packages/airflow/example_dags/example_sensors.py for tasks to queue
[2024-04-08T09:34:20.670+0000] {logging_mixin.py:188} INFO - [2024-04-08T09:34:20.670+0000] {dagbag.py:540} INFO - Filling up the DagBag from /home/airflow/.local/lib/python3.8/site-packages/airflow/example_dags/example_sensors.py
[2024-04-08T09:34:20.674+0000] {processor.py:840} INFO - DAG(s) 'example_sensors' retrieved from /home/airflow/.local/lib/python3.8/site-packages/airflow/example_dags/example_sensors.py
[2024-04-08T09:34:20.755+0000] {logging_mixin.py:188} INFO - [2024-04-08T09:34:20.755+0000] {dag.py:3047} INFO - Sync 1 DAGs
[2024-04-08T09:34:20.771+0000] {logging_mixin.py:188} INFO - [2024-04-08T09:34:20.771+0000] {dag.py:3834} INFO - Setting next_dagrun for example_sensors to None, run_after=None
[2024-04-08T09:34:20.793+0000] {processor.py:183} INFO - Processing /home/airflow/.local/lib/python3.8/site-packages/airflow/example_dags/example_sensors.py took 0.126 seconds
[2024-04-08T09:34:51.047+0000] {processor.py:161} INFO - Started process (PID=612) to work on /home/airflow/.local/lib/python3.8/site-packages/airflow/example_dags/example_sensors.py
[2024-04-08T09:34:51.047+0000] {processor.py:830} INFO - Processing file /home/airflow/.local/lib/python3.8/site-packages/airflow/example_dags/example_sensors.py for tasks to queue
[2024-04-08T09:34:51.048+0000] {logging_mixin.py:188} INFO - [2024-04-08T09:34:51.048+0000] {dagbag.py:540} INFO - Filling up the DagBag from /home/airflow/.local/lib/python3.8/site-packages/airflow/example_dags/example_sensors.py
[2024-04-08T09:34:51.052+0000] {processor.py:840} INFO - DAG(s) 'example_sensors' retrieved from /home/airflow/.local/lib/python3.8/site-packages/airflow/example_dags/example_sensors.py
[2024-04-08T09:34:51.124+0000] {logging_mixin.py:188} INFO - [2024-04-08T09:34:51.124+0000] {dag.py:3047} INFO - Sync 1 DAGs
[2024-04-08T09:34:51.141+0000] {logging_mixin.py:188} INFO - [2024-04-08T09:34:51.140+0000] {dag.py:3834} INFO - Setting next_dagrun for example_sensors to None, run_after=None
[2024-04-08T09:34:51.161+0000] {processor.py:183} INFO - Processing /home/airflow/.local/lib/python3.8/site-packages/airflow/example_dags/example_sensors.py took 0.115 seconds
[2024-04-08T09:35:21.468+0000] {processor.py:161} INFO - Started process (PID=666) to work on /home/airflow/.local/lib/python3.8/site-packages/airflow/example_dags/example_sensors.py
[2024-04-08T09:35:21.469+0000] {processor.py:830} INFO - Processing file /home/airflow/.local/lib/python3.8/site-packages/airflow/example_dags/example_sensors.py for tasks to queue
[2024-04-08T09:35:21.470+0000] {logging_mixin.py:188} INFO - [2024-04-08T09:35:21.470+0000] {dagbag.py:540} INFO - Filling up the DagBag from /home/airflow/.local/lib/python3.8/site-packages/airflow/example_dags/example_sensors.py
[2024-04-08T09:35:21.474+0000] {processor.py:840} INFO - DAG(s) 'example_sensors' retrieved from /home/airflow/.local/lib/python3.8/site-packages/airflow/example_dags/example_sensors.py
[2024-04-08T09:35:21.544+0000] {logging_mixin.py:188} INFO - [2024-04-08T09:35:21.544+0000] {dag.py:3047} INFO - Sync 1 DAGs
[2024-04-08T09:35:21.561+0000] {logging_mixin.py:188} INFO - [2024-04-08T09:35:21.560+0000] {dag.py:3834} INFO - Setting next_dagrun for example_sensors to None, run_after=None
[2024-04-08T09:35:21.579+0000] {processor.py:183} INFO - Processing /home/airflow/.local/lib/python3.8/site-packages/airflow/example_dags/example_sensors.py took 0.112 seconds
[2024-04-08T09:35:51.697+0000] {processor.py:161} INFO - Started process (PID=721) to work on /home/airflow/.local/lib/python3.8/site-packages/airflow/example_dags/example_sensors.py
[2024-04-08T09:35:51.697+0000] {processor.py:830} INFO - Processing file /home/airflow/.local/lib/python3.8/site-packages/airflow/example_dags/example_sensors.py for tasks to queue
[2024-04-08T09:35:51.698+0000] {logging_mixin.py:188} INFO - [2024-04-08T09:35:51.698+0000] {dagbag.py:540} INFO - Filling up the DagBag from /home/airflow/.local/lib/python3.8/site-packages/airflow/example_dags/example_sensors.py
[2024-04-08T09:35:51.702+0000] {processor.py:840} INFO - DAG(s) 'example_sensors' retrieved from /home/airflow/.local/lib/python3.8/site-packages/airflow/example_dags/example_sensors.py
[2024-04-08T09:35:51.774+0000] {logging_mixin.py:188} INFO - [2024-04-08T09:35:51.774+0000] {dag.py:3047} INFO - Sync 1 DAGs
[2024-04-08T09:35:51.790+0000] {logging_mixin.py:188} INFO - [2024-04-08T09:35:51.790+0000] {dag.py:3834} INFO - Setting next_dagrun for example_sensors to None, run_after=None
[2024-04-08T09:35:51.809+0000] {processor.py:183} INFO - Processing /home/airflow/.local/lib/python3.8/site-packages/airflow/example_dags/example_sensors.py took 0.114 seconds
[2024-04-08T09:36:21.860+0000] {processor.py:161} INFO - Started process (PID=776) to work on /home/airflow/.local/lib/python3.8/site-packages/airflow/example_dags/example_sensors.py
[2024-04-08T09:36:21.861+0000] {processor.py:830} INFO - Processing file /home/airflow/.local/lib/python3.8/site-packages/airflow/example_dags/example_sensors.py for tasks to queue
[2024-04-08T09:36:21.862+0000] {logging_mixin.py:188} INFO - [2024-04-08T09:36:21.862+0000] {dagbag.py:540} INFO - Filling up the DagBag from /home/airflow/.local/lib/python3.8/site-packages/airflow/example_dags/example_sensors.py
[2024-04-08T09:36:21.866+0000] {processor.py:840} INFO - DAG(s) 'example_sensors' retrieved from /home/airflow/.local/lib/python3.8/site-packages/airflow/example_dags/example_sensors.py
[2024-04-08T09:36:21.938+0000] {logging_mixin.py:188} INFO - [2024-04-08T09:36:21.938+0000] {dag.py:3047} INFO - Sync 1 DAGs
[2024-04-08T09:36:21.954+0000] {logging_mixin.py:188} INFO - [2024-04-08T09:36:21.954+0000] {dag.py:3834} INFO - Setting next_dagrun for example_sensors to None, run_after=None
[2024-04-08T09:36:21.973+0000] {processor.py:183} INFO - Processing /home/airflow/.local/lib/python3.8/site-packages/airflow/example_dags/example_sensors.py took 0.115 seconds
[2024-04-08T09:36:52.242+0000] {processor.py:161} INFO - Started process (PID=832) to work on /home/airflow/.local/lib/python3.8/site-packages/airflow/example_dags/example_sensors.py
[2024-04-08T09:36:52.243+0000] {processor.py:830} INFO - Processing file /home/airflow/.local/lib/python3.8/site-packages/airflow/example_dags/example_sensors.py for tasks to queue
[2024-04-08T09:36:52.244+0000] {logging_mixin.py:188} INFO - [2024-04-08T09:36:52.244+0000] {dagbag.py:540} INFO - Filling up the DagBag from /home/airflow/.local/lib/python3.8/site-packages/airflow/example_dags/example_sensors.py
[2024-04-08T09:36:52.250+0000] {processor.py:840} INFO - DAG(s) 'example_sensors' retrieved from /home/airflow/.local/lib/python3.8/site-packages/airflow/example_dags/example_sensors.py
[2024-04-08T09:36:52.330+0000] {logging_mixin.py:188} INFO - [2024-04-08T09:36:52.329+0000] {dag.py:3047} INFO - Sync 1 DAGs
[2024-04-08T09:36:52.347+0000] {logging_mixin.py:188} INFO - [2024-04-08T09:36:52.347+0000] {dag.py:3834} INFO - Setting next_dagrun for example_sensors to None, run_after=None
[2024-04-08T09:36:52.368+0000] {processor.py:183} INFO - Processing /home/airflow/.local/lib/python3.8/site-packages/airflow/example_dags/example_sensors.py took 0.130 seconds
[2024-04-08T09:37:22.526+0000] {processor.py:161} INFO - Started process (PID=887) to work on /home/airflow/.local/lib/python3.8/site-packages/airflow/example_dags/example_sensors.py
[2024-04-08T09:37:22.527+0000] {processor.py:830} INFO - Processing file /home/airflow/.local/lib/python3.8/site-packages/airflow/example_dags/example_sensors.py for tasks to queue
[2024-04-08T09:37:22.528+0000] {logging_mixin.py:188} INFO - [2024-04-08T09:37:22.528+0000] {dagbag.py:540} INFO - Filling up the DagBag from /home/airflow/.local/lib/python3.8/site-packages/airflow/example_dags/example_sensors.py
[2024-04-08T09:37:22.532+0000] {processor.py:840} INFO - DAG(s) 'example_sensors' retrieved from /home/airflow/.local/lib/python3.8/site-packages/airflow/example_dags/example_sensors.py
[2024-04-08T09:37:22.612+0000] {logging_mixin.py:188} INFO - [2024-04-08T09:37:22.612+0000] {dag.py:3047} INFO - Sync 1 DAGs
[2024-04-08T09:37:22.632+0000] {logging_mixin.py:188} INFO - [2024-04-08T09:37:22.632+0000] {dag.py:3834} INFO - Setting next_dagrun for example_sensors to None, run_after=None
[2024-04-08T09:37:22.656+0000] {processor.py:183} INFO - Processing /home/airflow/.local/lib/python3.8/site-packages/airflow/example_dags/example_sensors.py took 0.131 seconds
[2024-04-08T09:37:52.739+0000] {processor.py:161} INFO - Started process (PID=942) to work on /home/airflow/.local/lib/python3.8/site-packages/airflow/example_dags/example_sensors.py
[2024-04-08T09:37:52.740+0000] {processor.py:830} INFO - Processing file /home/airflow/.local/lib/python3.8/site-packages/airflow/example_dags/example_sensors.py for tasks to queue
[2024-04-08T09:37:52.741+0000] {logging_mixin.py:188} INFO - [2024-04-08T09:37:52.741+0000] {dagbag.py:540} INFO - Filling up the DagBag from /home/airflow/.local/lib/python3.8/site-packages/airflow/example_dags/example_sensors.py
[2024-04-08T09:37:52.746+0000] {processor.py:840} INFO - DAG(s) 'example_sensors' retrieved from /home/airflow/.local/lib/python3.8/site-packages/airflow/example_dags/example_sensors.py
[2024-04-08T09:37:52.819+0000] {logging_mixin.py:188} INFO - [2024-04-08T09:37:52.818+0000] {dag.py:3047} INFO - Sync 1 DAGs
[2024-04-08T09:37:52.835+0000] {logging_mixin.py:188} INFO - [2024-04-08T09:37:52.835+0000] {dag.py:3834} INFO - Setting next_dagrun for example_sensors to None, run_after=None
[2024-04-08T09:37:52.855+0000] {processor.py:183} INFO - Processing /home/airflow/.local/lib/python3.8/site-packages/airflow/example_dags/example_sensors.py took 0.117 seconds
[2024-04-08T09:38:23.547+0000] {processor.py:161} INFO - Started process (PID=997) to work on /home/airflow/.local/lib/python3.8/site-packages/airflow/example_dags/example_sensors.py
[2024-04-08T09:38:23.547+0000] {processor.py:830} INFO - Processing file /home/airflow/.local/lib/python3.8/site-packages/airflow/example_dags/example_sensors.py for tasks to queue
[2024-04-08T09:38:23.548+0000] {logging_mixin.py:188} INFO - [2024-04-08T09:38:23.548+0000] {dagbag.py:540} INFO - Filling up the DagBag from /home/airflow/.local/lib/python3.8/site-packages/airflow/example_dags/example_sensors.py
[2024-04-08T09:38:23.552+0000] {processor.py:840} INFO - DAG(s) 'example_sensors' retrieved from /home/airflow/.local/lib/python3.8/site-packages/airflow/example_dags/example_sensors.py
[2024-04-08T09:38:23.627+0000] {logging_mixin.py:188} INFO - [2024-04-08T09:38:23.627+0000] {dag.py:3047} INFO - Sync 1 DAGs
[2024-04-08T09:38:23.644+0000] {logging_mixin.py:188} INFO - [2024-04-08T09:38:23.644+0000] {dag.py:3834} INFO - Setting next_dagrun for example_sensors to None, run_after=None
[2024-04-08T09:38:23.665+0000] {processor.py:183} INFO - Processing /home/airflow/.local/lib/python3.8/site-packages/airflow/example_dags/example_sensors.py took 0.120 seconds
[2024-04-08T09:38:54.543+0000] {processor.py:161} INFO - Started process (PID=1052) to work on /home/airflow/.local/lib/python3.8/site-packages/airflow/example_dags/example_sensors.py
[2024-04-08T09:38:54.545+0000] {processor.py:830} INFO - Processing file /home/airflow/.local/lib/python3.8/site-packages/airflow/example_dags/example_sensors.py for tasks to queue
[2024-04-08T09:38:54.547+0000] {logging_mixin.py:188} INFO - [2024-04-08T09:38:54.546+0000] {dagbag.py:540} INFO - Filling up the DagBag from /home/airflow/.local/lib/python3.8/site-packages/airflow/example_dags/example_sensors.py
[2024-04-08T09:38:54.557+0000] {processor.py:840} INFO - DAG(s) 'example_sensors' retrieved from /home/airflow/.local/lib/python3.8/site-packages/airflow/example_dags/example_sensors.py
[2024-04-08T09:38:54.680+0000] {logging_mixin.py:188} INFO - [2024-04-08T09:38:54.679+0000] {dag.py:3047} INFO - Sync 1 DAGs
[2024-04-08T09:38:54.710+0000] {logging_mixin.py:188} INFO - [2024-04-08T09:38:54.710+0000] {dag.py:3834} INFO - Setting next_dagrun for example_sensors to None, run_after=None
[2024-04-08T09:38:54.753+0000] {processor.py:183} INFO - Processing /home/airflow/.local/lib/python3.8/site-packages/airflow/example_dags/example_sensors.py took 0.214 seconds
[2024-04-08T09:39:25.211+0000] {processor.py:161} INFO - Started process (PID=1107) to work on /home/airflow/.local/lib/python3.8/site-packages/airflow/example_dags/example_sensors.py
[2024-04-08T09:39:25.212+0000] {processor.py:830} INFO - Processing file /home/airflow/.local/lib/python3.8/site-packages/airflow/example_dags/example_sensors.py for tasks to queue
[2024-04-08T09:39:25.213+0000] {logging_mixin.py:188} INFO - [2024-04-08T09:39:25.213+0000] {dagbag.py:540} INFO - Filling up the DagBag from /home/airflow/.local/lib/python3.8/site-packages/airflow/example_dags/example_sensors.py
[2024-04-08T09:39:25.217+0000] {processor.py:840} INFO - DAG(s) 'example_sensors' retrieved from /home/airflow/.local/lib/python3.8/site-packages/airflow/example_dags/example_sensors.py
[2024-04-08T09:39:25.289+0000] {logging_mixin.py:188} INFO - [2024-04-08T09:39:25.289+0000] {dag.py:3047} INFO - Sync 1 DAGs
[2024-04-08T09:39:25.306+0000] {logging_mixin.py:188} INFO - [2024-04-08T09:39:25.306+0000] {dag.py:3834} INFO - Setting next_dagrun for example_sensors to None, run_after=None
[2024-04-08T09:39:25.326+0000] {processor.py:183} INFO - Processing /home/airflow/.local/lib/python3.8/site-packages/airflow/example_dags/example_sensors.py took 0.116 seconds
[2024-04-08T09:39:56.365+0000] {processor.py:161} INFO - Started process (PID=1162) to work on /home/airflow/.local/lib/python3.8/site-packages/airflow/example_dags/example_sensors.py
[2024-04-08T09:39:56.366+0000] {processor.py:830} INFO - Processing file /home/airflow/.local/lib/python3.8/site-packages/airflow/example_dags/example_sensors.py for tasks to queue
[2024-04-08T09:39:56.367+0000] {logging_mixin.py:188} INFO - [2024-04-08T09:39:56.367+0000] {dagbag.py:540} INFO - Filling up the DagBag from /home/airflow/.local/lib/python3.8/site-packages/airflow/example_dags/example_sensors.py
[2024-04-08T09:39:56.372+0000] {processor.py:840} INFO - DAG(s) 'example_sensors' retrieved from /home/airflow/.local/lib/python3.8/site-packages/airflow/example_dags/example_sensors.py
[2024-04-08T09:39:56.457+0000] {logging_mixin.py:188} INFO - [2024-04-08T09:39:56.457+0000] {dag.py:3047} INFO - Sync 1 DAGs
[2024-04-08T09:39:56.477+0000] {logging_mixin.py:188} INFO - [2024-04-08T09:39:56.477+0000] {dag.py:3834} INFO - Setting next_dagrun for example_sensors to None, run_after=None
[2024-04-08T09:39:56.499+0000] {processor.py:183} INFO - Processing /home/airflow/.local/lib/python3.8/site-packages/airflow/example_dags/example_sensors.py took 0.135 seconds
[2024-04-08T09:40:26.762+0000] {processor.py:161} INFO - Started process (PID=1216) to work on /home/airflow/.local/lib/python3.8/site-packages/airflow/example_dags/example_sensors.py
[2024-04-08T09:40:26.764+0000] {processor.py:830} INFO - Processing file /home/airflow/.local/lib/python3.8/site-packages/airflow/example_dags/example_sensors.py for tasks to queue
[2024-04-08T09:40:26.766+0000] {logging_mixin.py:188} INFO - [2024-04-08T09:40:26.766+0000] {dagbag.py:540} INFO - Filling up the DagBag from /home/airflow/.local/lib/python3.8/site-packages/airflow/example_dags/example_sensors.py
[2024-04-08T09:40:26.772+0000] {processor.py:840} INFO - DAG(s) 'example_sensors' retrieved from /home/airflow/.local/lib/python3.8/site-packages/airflow/example_dags/example_sensors.py
[2024-04-08T09:40:26.855+0000] {logging_mixin.py:188} INFO - [2024-04-08T09:40:26.855+0000] {dag.py:3047} INFO - Sync 1 DAGs
[2024-04-08T09:40:26.874+0000] {logging_mixin.py:188} INFO - [2024-04-08T09:40:26.874+0000] {dag.py:3834} INFO - Setting next_dagrun for example_sensors to None, run_after=None
[2024-04-08T09:40:26.899+0000] {processor.py:183} INFO - Processing /home/airflow/.local/lib/python3.8/site-packages/airflow/example_dags/example_sensors.py took 0.139 seconds
[2024-04-08T09:40:56.946+0000] {processor.py:161} INFO - Started process (PID=1271) to work on /home/airflow/.local/lib/python3.8/site-packages/airflow/example_dags/example_sensors.py
[2024-04-08T09:40:56.947+0000] {processor.py:830} INFO - Processing file /home/airflow/.local/lib/python3.8/site-packages/airflow/example_dags/example_sensors.py for tasks to queue
[2024-04-08T09:40:56.948+0000] {logging_mixin.py:188} INFO - [2024-04-08T09:40:56.948+0000] {dagbag.py:540} INFO - Filling up the DagBag from /home/airflow/.local/lib/python3.8/site-packages/airflow/example_dags/example_sensors.py
[2024-04-08T09:40:56.952+0000] {processor.py:840} INFO - DAG(s) 'example_sensors' retrieved from /home/airflow/.local/lib/python3.8/site-packages/airflow/example_dags/example_sensors.py
[2024-04-08T09:40:57.025+0000] {logging_mixin.py:188} INFO - [2024-04-08T09:40:57.024+0000] {dag.py:3047} INFO - Sync 1 DAGs
[2024-04-08T09:40:57.041+0000] {logging_mixin.py:188} INFO - [2024-04-08T09:40:57.041+0000] {dag.py:3834} INFO - Setting next_dagrun for example_sensors to None, run_after=None
[2024-04-08T09:40:57.061+0000] {processor.py:183} INFO - Processing /home/airflow/.local/lib/python3.8/site-packages/airflow/example_dags/example_sensors.py took 0.116 seconds
[2024-04-08T09:41:27.990+0000] {processor.py:161} INFO - Started process (PID=1326) to work on /home/airflow/.local/lib/python3.8/site-packages/airflow/example_dags/example_sensors.py
[2024-04-08T09:41:27.991+0000] {processor.py:830} INFO - Processing file /home/airflow/.local/lib/python3.8/site-packages/airflow/example_dags/example_sensors.py for tasks to queue
[2024-04-08T09:41:27.992+0000] {logging_mixin.py:188} INFO - [2024-04-08T09:41:27.992+0000] {dagbag.py:540} INFO - Filling up the DagBag from /home/airflow/.local/lib/python3.8/site-packages/airflow/example_dags/example_sensors.py
[2024-04-08T09:41:27.996+0000] {processor.py:840} INFO - DAG(s) 'example_sensors' retrieved from /home/airflow/.local/lib/python3.8/site-packages/airflow/example_dags/example_sensors.py
[2024-04-08T09:41:28.068+0000] {logging_mixin.py:188} INFO - [2024-04-08T09:41:28.068+0000] {dag.py:3047} INFO - Sync 1 DAGs
[2024-04-08T09:41:28.085+0000] {logging_mixin.py:188} INFO - [2024-04-08T09:41:28.085+0000] {dag.py:3834} INFO - Setting next_dagrun for example_sensors to None, run_after=None
[2024-04-08T09:41:28.105+0000] {processor.py:183} INFO - Processing /home/airflow/.local/lib/python3.8/site-packages/airflow/example_dags/example_sensors.py took 0.117 seconds
[2024-04-08T09:41:58.895+0000] {processor.py:161} INFO - Started process (PID=1381) to work on /home/airflow/.local/lib/python3.8/site-packages/airflow/example_dags/example_sensors.py
[2024-04-08T09:41:58.895+0000] {processor.py:830} INFO - Processing file /home/airflow/.local/lib/python3.8/site-packages/airflow/example_dags/example_sensors.py for tasks to queue
[2024-04-08T09:41:58.896+0000] {logging_mixin.py:188} INFO - [2024-04-08T09:41:58.896+0000] {dagbag.py:540} INFO - Filling up the DagBag from /home/airflow/.local/lib/python3.8/site-packages/airflow/example_dags/example_sensors.py
[2024-04-08T09:41:58.901+0000] {processor.py:840} INFO - DAG(s) 'example_sensors' retrieved from /home/airflow/.local/lib/python3.8/site-packages/airflow/example_dags/example_sensors.py
[2024-04-08T09:41:58.978+0000] {logging_mixin.py:188} INFO - [2024-04-08T09:41:58.978+0000] {dag.py:3047} INFO - Sync 1 DAGs
[2024-04-08T09:41:58.995+0000] {logging_mixin.py:188} INFO - [2024-04-08T09:41:58.994+0000] {dag.py:3834} INFO - Setting next_dagrun for example_sensors to None, run_after=None
[2024-04-08T09:41:59.016+0000] {processor.py:183} INFO - Processing /home/airflow/.local/lib/python3.8/site-packages/airflow/example_dags/example_sensors.py took 0.123 seconds
[2024-04-08T09:42:29.220+0000] {processor.py:161} INFO - Started process (PID=1436) to work on /home/airflow/.local/lib/python3.8/site-packages/airflow/example_dags/example_sensors.py
[2024-04-08T09:42:29.221+0000] {processor.py:830} INFO - Processing file /home/airflow/.local/lib/python3.8/site-packages/airflow/example_dags/example_sensors.py for tasks to queue
[2024-04-08T09:42:29.222+0000] {logging_mixin.py:188} INFO - [2024-04-08T09:42:29.222+0000] {dagbag.py:540} INFO - Filling up the DagBag from /home/airflow/.local/lib/python3.8/site-packages/airflow/example_dags/example_sensors.py
[2024-04-08T09:42:29.226+0000] {processor.py:840} INFO - DAG(s) 'example_sensors' retrieved from /home/airflow/.local/lib/python3.8/site-packages/airflow/example_dags/example_sensors.py
[2024-04-08T09:42:29.299+0000] {logging_mixin.py:188} INFO - [2024-04-08T09:42:29.298+0000] {dag.py:3047} INFO - Sync 1 DAGs
[2024-04-08T09:42:29.315+0000] {logging_mixin.py:188} INFO - [2024-04-08T09:42:29.315+0000] {dag.py:3834} INFO - Setting next_dagrun for example_sensors to None, run_after=None
[2024-04-08T09:42:29.335+0000] {processor.py:183} INFO - Processing /home/airflow/.local/lib/python3.8/site-packages/airflow/example_dags/example_sensors.py took 0.116 seconds
[2024-04-08T09:42:59.528+0000] {processor.py:161} INFO - Started process (PID=1491) to work on /home/airflow/.local/lib/python3.8/site-packages/airflow/example_dags/example_sensors.py
[2024-04-08T09:42:59.528+0000] {processor.py:830} INFO - Processing file /home/airflow/.local/lib/python3.8/site-packages/airflow/example_dags/example_sensors.py for tasks to queue
[2024-04-08T09:42:59.529+0000] {logging_mixin.py:188} INFO - [2024-04-08T09:42:59.529+0000] {dagbag.py:540} INFO - Filling up the DagBag from /home/airflow/.local/lib/python3.8/site-packages/airflow/example_dags/example_sensors.py
[2024-04-08T09:42:59.533+0000] {processor.py:840} INFO - DAG(s) 'example_sensors' retrieved from /home/airflow/.local/lib/python3.8/site-packages/airflow/example_dags/example_sensors.py
[2024-04-08T09:42:59.606+0000] {logging_mixin.py:188} INFO - [2024-04-08T09:42:59.605+0000] {dag.py:3047} INFO - Sync 1 DAGs
[2024-04-08T09:42:59.622+0000] {logging_mixin.py:188} INFO - [2024-04-08T09:42:59.622+0000] {dag.py:3834} INFO - Setting next_dagrun for example_sensors to None, run_after=None
[2024-04-08T09:42:59.643+0000] {processor.py:183} INFO - Processing /home/airflow/.local/lib/python3.8/site-packages/airflow/example_dags/example_sensors.py took 0.116 seconds
[2024-04-08T09:43:29.799+0000] {processor.py:161} INFO - Started process (PID=1546) to work on /home/airflow/.local/lib/python3.8/site-packages/airflow/example_dags/example_sensors.py
[2024-04-08T09:43:29.800+0000] {processor.py:830} INFO - Processing file /home/airflow/.local/lib/python3.8/site-packages/airflow/example_dags/example_sensors.py for tasks to queue
[2024-04-08T09:43:29.801+0000] {logging_mixin.py:188} INFO - [2024-04-08T09:43:29.801+0000] {dagbag.py:540} INFO - Filling up the DagBag from /home/airflow/.local/lib/python3.8/site-packages/airflow/example_dags/example_sensors.py
[2024-04-08T09:43:29.805+0000] {processor.py:840} INFO - DAG(s) 'example_sensors' retrieved from /home/airflow/.local/lib/python3.8/site-packages/airflow/example_dags/example_sensors.py
[2024-04-08T09:43:29.877+0000] {logging_mixin.py:188} INFO - [2024-04-08T09:43:29.877+0000] {dag.py:3047} INFO - Sync 1 DAGs
[2024-04-08T09:43:29.894+0000] {logging_mixin.py:188} INFO - [2024-04-08T09:43:29.894+0000] {dag.py:3834} INFO - Setting next_dagrun for example_sensors to None, run_after=None
[2024-04-08T09:43:29.914+0000] {processor.py:183} INFO - Processing /home/airflow/.local/lib/python3.8/site-packages/airflow/example_dags/example_sensors.py took 0.116 seconds
[2024-04-08T09:44:00.393+0000] {processor.py:161} INFO - Started process (PID=1601) to work on /home/airflow/.local/lib/python3.8/site-packages/airflow/example_dags/example_sensors.py
[2024-04-08T09:44:00.393+0000] {processor.py:830} INFO - Processing file /home/airflow/.local/lib/python3.8/site-packages/airflow/example_dags/example_sensors.py for tasks to queue
[2024-04-08T09:44:00.394+0000] {logging_mixin.py:188} INFO - [2024-04-08T09:44:00.394+0000] {dagbag.py:540} INFO - Filling up the DagBag from /home/airflow/.local/lib/python3.8/site-packages/airflow/example_dags/example_sensors.py
[2024-04-08T09:44:00.398+0000] {processor.py:840} INFO - DAG(s) 'example_sensors' retrieved from /home/airflow/.local/lib/python3.8/site-packages/airflow/example_dags/example_sensors.py
[2024-04-08T09:44:00.482+0000] {logging_mixin.py:188} INFO - [2024-04-08T09:44:00.482+0000] {dag.py:3047} INFO - Sync 1 DAGs
[2024-04-08T09:44:00.505+0000] {logging_mixin.py:188} INFO - [2024-04-08T09:44:00.505+0000] {dag.py:3834} INFO - Setting next_dagrun for example_sensors to None, run_after=None
[2024-04-08T09:44:00.529+0000] {processor.py:183} INFO - Processing /home/airflow/.local/lib/python3.8/site-packages/airflow/example_dags/example_sensors.py took 0.138 seconds
[2024-04-08T09:44:30.714+0000] {processor.py:161} INFO - Started process (PID=1656) to work on /home/airflow/.local/lib/python3.8/site-packages/airflow/example_dags/example_sensors.py
[2024-04-08T09:44:30.714+0000] {processor.py:830} INFO - Processing file /home/airflow/.local/lib/python3.8/site-packages/airflow/example_dags/example_sensors.py for tasks to queue
[2024-04-08T09:44:30.715+0000] {logging_mixin.py:188} INFO - [2024-04-08T09:44:30.715+0000] {dagbag.py:540} INFO - Filling up the DagBag from /home/airflow/.local/lib/python3.8/site-packages/airflow/example_dags/example_sensors.py
[2024-04-08T09:44:30.719+0000] {processor.py:840} INFO - DAG(s) 'example_sensors' retrieved from /home/airflow/.local/lib/python3.8/site-packages/airflow/example_dags/example_sensors.py
[2024-04-08T09:44:30.790+0000] {logging_mixin.py:188} INFO - [2024-04-08T09:44:30.790+0000] {dag.py:3047} INFO - Sync 1 DAGs
[2024-04-08T09:44:30.806+0000] {logging_mixin.py:188} INFO - [2024-04-08T09:44:30.806+0000] {dag.py:3834} INFO - Setting next_dagrun for example_sensors to None, run_after=None
[2024-04-08T09:44:30.825+0000] {processor.py:183} INFO - Processing /home/airflow/.local/lib/python3.8/site-packages/airflow/example_dags/example_sensors.py took 0.113 seconds
[2024-04-08T09:45:01.064+0000] {processor.py:161} INFO - Started process (PID=1711) to work on /home/airflow/.local/lib/python3.8/site-packages/airflow/example_dags/example_sensors.py
[2024-04-08T09:45:01.065+0000] {processor.py:830} INFO - Processing file /home/airflow/.local/lib/python3.8/site-packages/airflow/example_dags/example_sensors.py for tasks to queue
[2024-04-08T09:45:01.066+0000] {logging_mixin.py:188} INFO - [2024-04-08T09:45:01.065+0000] {dagbag.py:540} INFO - Filling up the DagBag from /home/airflow/.local/lib/python3.8/site-packages/airflow/example_dags/example_sensors.py
[2024-04-08T09:45:01.070+0000] {processor.py:840} INFO - DAG(s) 'example_sensors' retrieved from /home/airflow/.local/lib/python3.8/site-packages/airflow/example_dags/example_sensors.py
[2024-04-08T09:45:01.145+0000] {logging_mixin.py:188} INFO - [2024-04-08T09:45:01.145+0000] {dag.py:3047} INFO - Sync 1 DAGs
[2024-04-08T09:45:01.162+0000] {logging_mixin.py:188} INFO - [2024-04-08T09:45:01.162+0000] {dag.py:3834} INFO - Setting next_dagrun for example_sensors to None, run_after=None
[2024-04-08T09:45:01.183+0000] {processor.py:183} INFO - Processing /home/airflow/.local/lib/python3.8/site-packages/airflow/example_dags/example_sensors.py took 0.121 seconds
[2024-04-08T09:45:31.264+0000] {processor.py:161} INFO - Started process (PID=1766) to work on /home/airflow/.local/lib/python3.8/site-packages/airflow/example_dags/example_sensors.py
[2024-04-08T09:45:31.264+0000] {processor.py:830} INFO - Processing file /home/airflow/.local/lib/python3.8/site-packages/airflow/example_dags/example_sensors.py for tasks to queue
[2024-04-08T09:45:31.265+0000] {logging_mixin.py:188} INFO - [2024-04-08T09:45:31.265+0000] {dagbag.py:540} INFO - Filling up the DagBag from /home/airflow/.local/lib/python3.8/site-packages/airflow/example_dags/example_sensors.py
[2024-04-08T09:45:31.269+0000] {processor.py:840} INFO - DAG(s) 'example_sensors' retrieved from /home/airflow/.local/lib/python3.8/site-packages/airflow/example_dags/example_sensors.py
[2024-04-08T09:45:31.344+0000] {logging_mixin.py:188} INFO - [2024-04-08T09:45:31.344+0000] {dag.py:3047} INFO - Sync 1 DAGs
[2024-04-08T09:45:31.362+0000] {logging_mixin.py:188} INFO - [2024-04-08T09:45:31.362+0000] {dag.py:3834} INFO - Setting next_dagrun for example_sensors to None, run_after=None
[2024-04-08T09:45:31.382+0000] {processor.py:183} INFO - Processing /home/airflow/.local/lib/python3.8/site-packages/airflow/example_dags/example_sensors.py took 0.120 seconds
[2024-04-08T09:46:01.411+0000] {processor.py:161} INFO - Started process (PID=1821) to work on /home/airflow/.local/lib/python3.8/site-packages/airflow/example_dags/example_sensors.py
[2024-04-08T09:46:01.412+0000] {processor.py:830} INFO - Processing file /home/airflow/.local/lib/python3.8/site-packages/airflow/example_dags/example_sensors.py for tasks to queue
[2024-04-08T09:46:01.413+0000] {logging_mixin.py:188} INFO - [2024-04-08T09:46:01.413+0000] {dagbag.py:540} INFO - Filling up the DagBag from /home/airflow/.local/lib/python3.8/site-packages/airflow/example_dags/example_sensors.py
[2024-04-08T09:46:01.417+0000] {processor.py:840} INFO - DAG(s) 'example_sensors' retrieved from /home/airflow/.local/lib/python3.8/site-packages/airflow/example_dags/example_sensors.py
[2024-04-08T09:46:01.495+0000] {logging_mixin.py:188} INFO - [2024-04-08T09:46:01.495+0000] {dag.py:3047} INFO - Sync 1 DAGs
[2024-04-08T09:46:01.517+0000] {logging_mixin.py:188} INFO - [2024-04-08T09:46:01.517+0000] {dag.py:3834} INFO - Setting next_dagrun for example_sensors to None, run_after=None
[2024-04-08T09:46:01.539+0000] {processor.py:183} INFO - Processing /home/airflow/.local/lib/python3.8/site-packages/airflow/example_dags/example_sensors.py took 0.129 seconds
