[2024-04-08T09:29:44.708+0000] {processor.py:161} INFO - Started process (PID=39) to work on /home/airflow/.local/lib/python3.8/site-packages/airflow/example_dags/example_short_circuit_operator.py
[2024-04-08T09:29:44.721+0000] {processor.py:830} INFO - Processing file /home/airflow/.local/lib/python3.8/site-packages/airflow/example_dags/example_short_circuit_operator.py for tasks to queue
[2024-04-08T09:29:44.723+0000] {logging_mixin.py:188} INFO - [2024-04-08T09:29:44.723+0000] {dagbag.py:540} INFO - Filling up the DagBag from /home/airflow/.local/lib/python3.8/site-packages/airflow/example_dags/example_short_circuit_operator.py
[2024-04-08T09:29:44.729+0000] {processor.py:840} INFO - DAG(s) 'example_short_circuit_operator' retrieved from /home/airflow/.local/lib/python3.8/site-packages/airflow/example_dags/example_short_circuit_operator.py
[2024-04-08T09:29:44.826+0000] {logging_mixin.py:188} INFO - [2024-04-08T09:29:44.826+0000] {dag.py:3047} INFO - Sync 1 DAGs
[2024-04-08T09:29:44.870+0000] {logging_mixin.py:188} INFO - [2024-04-08T09:29:44.870+0000] {dag.py:3834} INFO - Setting next_dagrun for example_short_circuit_operator to 2024-04-07 00:00:00+00:00, run_after=2024-04-08 00:00:00+00:00
[2024-04-08T09:29:44.901+0000] {processor.py:183} INFO - Processing /home/airflow/.local/lib/python3.8/site-packages/airflow/example_dags/example_short_circuit_operator.py took 0.195 seconds
[2024-04-08T09:30:15.250+0000] {processor.py:161} INFO - Started process (PID=94) to work on /home/airflow/.local/lib/python3.8/site-packages/airflow/example_dags/example_short_circuit_operator.py
[2024-04-08T09:30:15.251+0000] {processor.py:830} INFO - Processing file /home/airflow/.local/lib/python3.8/site-packages/airflow/example_dags/example_short_circuit_operator.py for tasks to queue
[2024-04-08T09:30:15.252+0000] {logging_mixin.py:188} INFO - [2024-04-08T09:30:15.252+0000] {dagbag.py:540} INFO - Filling up the DagBag from /home/airflow/.local/lib/python3.8/site-packages/airflow/example_dags/example_short_circuit_operator.py
[2024-04-08T09:30:15.256+0000] {processor.py:840} INFO - DAG(s) 'example_short_circuit_operator' retrieved from /home/airflow/.local/lib/python3.8/site-packages/airflow/example_dags/example_short_circuit_operator.py
[2024-04-08T09:30:15.380+0000] {logging_mixin.py:188} INFO - [2024-04-08T09:30:15.380+0000] {dag.py:3047} INFO - Sync 1 DAGs
[2024-04-08T09:30:15.411+0000] {logging_mixin.py:188} INFO - [2024-04-08T09:30:15.411+0000] {dag.py:3834} INFO - Setting next_dagrun for example_short_circuit_operator to 2024-04-07 00:00:00+00:00, run_after=2024-04-08 00:00:00+00:00
[2024-04-08T09:30:15.436+0000] {processor.py:183} INFO - Processing /home/airflow/.local/lib/python3.8/site-packages/airflow/example_dags/example_short_circuit_operator.py took 0.188 seconds
[2024-04-08T09:30:46.102+0000] {processor.py:161} INFO - Started process (PID=149) to work on /home/airflow/.local/lib/python3.8/site-packages/airflow/example_dags/example_short_circuit_operator.py
[2024-04-08T09:30:46.103+0000] {processor.py:830} INFO - Processing file /home/airflow/.local/lib/python3.8/site-packages/airflow/example_dags/example_short_circuit_operator.py for tasks to queue
[2024-04-08T09:30:46.104+0000] {logging_mixin.py:188} INFO - [2024-04-08T09:30:46.104+0000] {dagbag.py:540} INFO - Filling up the DagBag from /home/airflow/.local/lib/python3.8/site-packages/airflow/example_dags/example_short_circuit_operator.py
[2024-04-08T09:30:46.107+0000] {processor.py:840} INFO - DAG(s) 'example_short_circuit_operator' retrieved from /home/airflow/.local/lib/python3.8/site-packages/airflow/example_dags/example_short_circuit_operator.py
[2024-04-08T09:30:46.185+0000] {logging_mixin.py:188} INFO - [2024-04-08T09:30:46.185+0000] {dag.py:3047} INFO - Sync 1 DAGs
[2024-04-08T09:30:46.226+0000] {logging_mixin.py:188} INFO - [2024-04-08T09:30:46.226+0000] {dag.py:3834} INFO - Setting next_dagrun for example_short_circuit_operator to 2024-04-07 00:00:00+00:00, run_after=2024-04-08 00:00:00+00:00
[2024-04-08T09:30:46.246+0000] {processor.py:183} INFO - Processing /home/airflow/.local/lib/python3.8/site-packages/airflow/example_dags/example_short_circuit_operator.py took 0.145 seconds
[2024-04-08T09:31:16.370+0000] {processor.py:161} INFO - Started process (PID=204) to work on /home/airflow/.local/lib/python3.8/site-packages/airflow/example_dags/example_short_circuit_operator.py
[2024-04-08T09:31:16.371+0000] {processor.py:830} INFO - Processing file /home/airflow/.local/lib/python3.8/site-packages/airflow/example_dags/example_short_circuit_operator.py for tasks to queue
[2024-04-08T09:31:16.373+0000] {logging_mixin.py:188} INFO - [2024-04-08T09:31:16.373+0000] {dagbag.py:540} INFO - Filling up the DagBag from /home/airflow/.local/lib/python3.8/site-packages/airflow/example_dags/example_short_circuit_operator.py
[2024-04-08T09:31:16.376+0000] {processor.py:840} INFO - DAG(s) 'example_short_circuit_operator' retrieved from /home/airflow/.local/lib/python3.8/site-packages/airflow/example_dags/example_short_circuit_operator.py
[2024-04-08T09:31:16.452+0000] {logging_mixin.py:188} INFO - [2024-04-08T09:31:16.452+0000] {dag.py:3047} INFO - Sync 1 DAGs
[2024-04-08T09:31:16.488+0000] {logging_mixin.py:188} INFO - [2024-04-08T09:31:16.488+0000] {dag.py:3834} INFO - Setting next_dagrun for example_short_circuit_operator to 2024-04-07 00:00:00+00:00, run_after=2024-04-08 00:00:00+00:00
[2024-04-08T09:31:16.508+0000] {processor.py:183} INFO - Processing /home/airflow/.local/lib/python3.8/site-packages/airflow/example_dags/example_short_circuit_operator.py took 0.139 seconds
[2024-04-08T09:31:46.666+0000] {processor.py:161} INFO - Started process (PID=258) to work on /home/airflow/.local/lib/python3.8/site-packages/airflow/example_dags/example_short_circuit_operator.py
[2024-04-08T09:31:46.666+0000] {processor.py:830} INFO - Processing file /home/airflow/.local/lib/python3.8/site-packages/airflow/example_dags/example_short_circuit_operator.py for tasks to queue
[2024-04-08T09:31:46.667+0000] {logging_mixin.py:188} INFO - [2024-04-08T09:31:46.667+0000] {dagbag.py:540} INFO - Filling up the DagBag from /home/airflow/.local/lib/python3.8/site-packages/airflow/example_dags/example_short_circuit_operator.py
[2024-04-08T09:31:46.671+0000] {processor.py:840} INFO - DAG(s) 'example_short_circuit_operator' retrieved from /home/airflow/.local/lib/python3.8/site-packages/airflow/example_dags/example_short_circuit_operator.py
[2024-04-08T09:31:46.745+0000] {logging_mixin.py:188} INFO - [2024-04-08T09:31:46.745+0000] {dag.py:3047} INFO - Sync 1 DAGs
[2024-04-08T09:31:46.783+0000] {logging_mixin.py:188} INFO - [2024-04-08T09:31:46.783+0000] {dag.py:3834} INFO - Setting next_dagrun for example_short_circuit_operator to 2024-04-07 00:00:00+00:00, run_after=2024-04-08 00:00:00+00:00
[2024-04-08T09:31:46.802+0000] {processor.py:183} INFO - Processing /home/airflow/.local/lib/python3.8/site-packages/airflow/example_dags/example_short_circuit_operator.py took 0.138 seconds
[2024-04-08T09:32:16.927+0000] {processor.py:161} INFO - Started process (PID=313) to work on /home/airflow/.local/lib/python3.8/site-packages/airflow/example_dags/example_short_circuit_operator.py
[2024-04-08T09:32:16.927+0000] {processor.py:830} INFO - Processing file /home/airflow/.local/lib/python3.8/site-packages/airflow/example_dags/example_short_circuit_operator.py for tasks to queue
[2024-04-08T09:32:16.928+0000] {logging_mixin.py:188} INFO - [2024-04-08T09:32:16.928+0000] {dagbag.py:540} INFO - Filling up the DagBag from /home/airflow/.local/lib/python3.8/site-packages/airflow/example_dags/example_short_circuit_operator.py
[2024-04-08T09:32:16.932+0000] {processor.py:840} INFO - DAG(s) 'example_short_circuit_operator' retrieved from /home/airflow/.local/lib/python3.8/site-packages/airflow/example_dags/example_short_circuit_operator.py
[2024-04-08T09:32:17.008+0000] {logging_mixin.py:188} INFO - [2024-04-08T09:32:17.007+0000] {dag.py:3047} INFO - Sync 1 DAGs
[2024-04-08T09:32:17.043+0000] {logging_mixin.py:188} INFO - [2024-04-08T09:32:17.043+0000] {dag.py:3834} INFO - Setting next_dagrun for example_short_circuit_operator to 2024-04-07 00:00:00+00:00, run_after=2024-04-08 00:00:00+00:00
[2024-04-08T09:32:17.062+0000] {processor.py:183} INFO - Processing /home/airflow/.local/lib/python3.8/site-packages/airflow/example_dags/example_short_circuit_operator.py took 0.137 seconds
[2024-04-08T09:32:47.126+0000] {processor.py:161} INFO - Started process (PID=368) to work on /home/airflow/.local/lib/python3.8/site-packages/airflow/example_dags/example_short_circuit_operator.py
[2024-04-08T09:32:47.127+0000] {processor.py:830} INFO - Processing file /home/airflow/.local/lib/python3.8/site-packages/airflow/example_dags/example_short_circuit_operator.py for tasks to queue
[2024-04-08T09:32:47.128+0000] {logging_mixin.py:188} INFO - [2024-04-08T09:32:47.128+0000] {dagbag.py:540} INFO - Filling up the DagBag from /home/airflow/.local/lib/python3.8/site-packages/airflow/example_dags/example_short_circuit_operator.py
[2024-04-08T09:32:47.131+0000] {processor.py:840} INFO - DAG(s) 'example_short_circuit_operator' retrieved from /home/airflow/.local/lib/python3.8/site-packages/airflow/example_dags/example_short_circuit_operator.py
[2024-04-08T09:32:47.204+0000] {logging_mixin.py:188} INFO - [2024-04-08T09:32:47.204+0000] {dag.py:3047} INFO - Sync 1 DAGs
[2024-04-08T09:32:47.244+0000] {logging_mixin.py:188} INFO - [2024-04-08T09:32:47.244+0000] {dag.py:3834} INFO - Setting next_dagrun for example_short_circuit_operator to 2024-04-07 00:00:00+00:00, run_after=2024-04-08 00:00:00+00:00
[2024-04-08T09:32:47.263+0000] {processor.py:183} INFO - Processing /home/airflow/.local/lib/python3.8/site-packages/airflow/example_dags/example_short_circuit_operator.py took 0.138 seconds
[2024-04-08T09:33:17.362+0000] {processor.py:161} INFO - Started process (PID=423) to work on /home/airflow/.local/lib/python3.8/site-packages/airflow/example_dags/example_short_circuit_operator.py
[2024-04-08T09:33:17.363+0000] {processor.py:830} INFO - Processing file /home/airflow/.local/lib/python3.8/site-packages/airflow/example_dags/example_short_circuit_operator.py for tasks to queue
[2024-04-08T09:33:17.363+0000] {logging_mixin.py:188} INFO - [2024-04-08T09:33:17.363+0000] {dagbag.py:540} INFO - Filling up the DagBag from /home/airflow/.local/lib/python3.8/site-packages/airflow/example_dags/example_short_circuit_operator.py
[2024-04-08T09:33:17.367+0000] {processor.py:840} INFO - DAG(s) 'example_short_circuit_operator' retrieved from /home/airflow/.local/lib/python3.8/site-packages/airflow/example_dags/example_short_circuit_operator.py
[2024-04-08T09:33:17.441+0000] {logging_mixin.py:188} INFO - [2024-04-08T09:33:17.441+0000] {dag.py:3047} INFO - Sync 1 DAGs
[2024-04-08T09:33:17.479+0000] {logging_mixin.py:188} INFO - [2024-04-08T09:33:17.479+0000] {dag.py:3834} INFO - Setting next_dagrun for example_short_circuit_operator to 2024-04-07 00:00:00+00:00, run_after=2024-04-08 00:00:00+00:00
[2024-04-08T09:33:17.498+0000] {processor.py:183} INFO - Processing /home/airflow/.local/lib/python3.8/site-packages/airflow/example_dags/example_short_circuit_operator.py took 0.138 seconds
[2024-04-08T09:33:47.545+0000] {processor.py:161} INFO - Started process (PID=477) to work on /home/airflow/.local/lib/python3.8/site-packages/airflow/example_dags/example_short_circuit_operator.py
[2024-04-08T09:33:47.546+0000] {processor.py:830} INFO - Processing file /home/airflow/.local/lib/python3.8/site-packages/airflow/example_dags/example_short_circuit_operator.py for tasks to queue
[2024-04-08T09:33:47.547+0000] {logging_mixin.py:188} INFO - [2024-04-08T09:33:47.546+0000] {dagbag.py:540} INFO - Filling up the DagBag from /home/airflow/.local/lib/python3.8/site-packages/airflow/example_dags/example_short_circuit_operator.py
[2024-04-08T09:33:47.551+0000] {processor.py:840} INFO - DAG(s) 'example_short_circuit_operator' retrieved from /home/airflow/.local/lib/python3.8/site-packages/airflow/example_dags/example_short_circuit_operator.py
[2024-04-08T09:33:47.624+0000] {logging_mixin.py:188} INFO - [2024-04-08T09:33:47.624+0000] {dag.py:3047} INFO - Sync 1 DAGs
[2024-04-08T09:33:47.661+0000] {logging_mixin.py:188} INFO - [2024-04-08T09:33:47.661+0000] {dag.py:3834} INFO - Setting next_dagrun for example_short_circuit_operator to 2024-04-07 00:00:00+00:00, run_after=2024-04-08 00:00:00+00:00
[2024-04-08T09:33:47.682+0000] {processor.py:183} INFO - Processing /home/airflow/.local/lib/python3.8/site-packages/airflow/example_dags/example_short_circuit_operator.py took 0.138 seconds
[2024-04-08T09:34:17.734+0000] {processor.py:161} INFO - Started process (PID=531) to work on /home/airflow/.local/lib/python3.8/site-packages/airflow/example_dags/example_short_circuit_operator.py
[2024-04-08T09:34:17.735+0000] {processor.py:830} INFO - Processing file /home/airflow/.local/lib/python3.8/site-packages/airflow/example_dags/example_short_circuit_operator.py for tasks to queue
[2024-04-08T09:34:17.735+0000] {logging_mixin.py:188} INFO - [2024-04-08T09:34:17.735+0000] {dagbag.py:540} INFO - Filling up the DagBag from /home/airflow/.local/lib/python3.8/site-packages/airflow/example_dags/example_short_circuit_operator.py
[2024-04-08T09:34:17.739+0000] {processor.py:840} INFO - DAG(s) 'example_short_circuit_operator' retrieved from /home/airflow/.local/lib/python3.8/site-packages/airflow/example_dags/example_short_circuit_operator.py
[2024-04-08T09:34:17.808+0000] {logging_mixin.py:188} INFO - [2024-04-08T09:34:17.808+0000] {dag.py:3047} INFO - Sync 1 DAGs
[2024-04-08T09:34:17.842+0000] {logging_mixin.py:188} INFO - [2024-04-08T09:34:17.842+0000] {dag.py:3834} INFO - Setting next_dagrun for example_short_circuit_operator to 2024-04-07 00:00:00+00:00, run_after=2024-04-08 00:00:00+00:00
[2024-04-08T09:34:17.861+0000] {processor.py:183} INFO - Processing /home/airflow/.local/lib/python3.8/site-packages/airflow/example_dags/example_short_circuit_operator.py took 0.128 seconds
[2024-04-08T09:34:48.092+0000] {processor.py:161} INFO - Started process (PID=586) to work on /home/airflow/.local/lib/python3.8/site-packages/airflow/example_dags/example_short_circuit_operator.py
[2024-04-08T09:34:48.092+0000] {processor.py:830} INFO - Processing file /home/airflow/.local/lib/python3.8/site-packages/airflow/example_dags/example_short_circuit_operator.py for tasks to queue
[2024-04-08T09:34:48.094+0000] {logging_mixin.py:188} INFO - [2024-04-08T09:34:48.093+0000] {dagbag.py:540} INFO - Filling up the DagBag from /home/airflow/.local/lib/python3.8/site-packages/airflow/example_dags/example_short_circuit_operator.py
[2024-04-08T09:34:48.098+0000] {processor.py:840} INFO - DAG(s) 'example_short_circuit_operator' retrieved from /home/airflow/.local/lib/python3.8/site-packages/airflow/example_dags/example_short_circuit_operator.py
[2024-04-08T09:34:48.173+0000] {logging_mixin.py:188} INFO - [2024-04-08T09:34:48.173+0000] {dag.py:3047} INFO - Sync 1 DAGs
[2024-04-08T09:34:48.208+0000] {logging_mixin.py:188} INFO - [2024-04-08T09:34:48.208+0000] {dag.py:3834} INFO - Setting next_dagrun for example_short_circuit_operator to 2024-04-07 00:00:00+00:00, run_after=2024-04-08 00:00:00+00:00
[2024-04-08T09:34:48.228+0000] {processor.py:183} INFO - Processing /home/airflow/.local/lib/python3.8/site-packages/airflow/example_dags/example_short_circuit_operator.py took 0.140 seconds
[2024-04-08T09:35:18.344+0000] {processor.py:161} INFO - Started process (PID=641) to work on /home/airflow/.local/lib/python3.8/site-packages/airflow/example_dags/example_short_circuit_operator.py
[2024-04-08T09:35:18.345+0000] {processor.py:830} INFO - Processing file /home/airflow/.local/lib/python3.8/site-packages/airflow/example_dags/example_short_circuit_operator.py for tasks to queue
[2024-04-08T09:35:18.346+0000] {logging_mixin.py:188} INFO - [2024-04-08T09:35:18.346+0000] {dagbag.py:540} INFO - Filling up the DagBag from /home/airflow/.local/lib/python3.8/site-packages/airflow/example_dags/example_short_circuit_operator.py
[2024-04-08T09:35:18.350+0000] {processor.py:840} INFO - DAG(s) 'example_short_circuit_operator' retrieved from /home/airflow/.local/lib/python3.8/site-packages/airflow/example_dags/example_short_circuit_operator.py
[2024-04-08T09:35:18.421+0000] {logging_mixin.py:188} INFO - [2024-04-08T09:35:18.421+0000] {dag.py:3047} INFO - Sync 1 DAGs
[2024-04-08T09:35:18.460+0000] {logging_mixin.py:188} INFO - [2024-04-08T09:35:18.460+0000] {dag.py:3834} INFO - Setting next_dagrun for example_short_circuit_operator to 2024-04-07 00:00:00+00:00, run_after=2024-04-08 00:00:00+00:00
[2024-04-08T09:35:18.485+0000] {processor.py:183} INFO - Processing /home/airflow/.local/lib/python3.8/site-packages/airflow/example_dags/example_short_circuit_operator.py took 0.143 seconds
[2024-04-08T09:35:48.627+0000] {processor.py:161} INFO - Started process (PID=696) to work on /home/airflow/.local/lib/python3.8/site-packages/airflow/example_dags/example_short_circuit_operator.py
[2024-04-08T09:35:48.627+0000] {processor.py:830} INFO - Processing file /home/airflow/.local/lib/python3.8/site-packages/airflow/example_dags/example_short_circuit_operator.py for tasks to queue
[2024-04-08T09:35:48.628+0000] {logging_mixin.py:188} INFO - [2024-04-08T09:35:48.628+0000] {dagbag.py:540} INFO - Filling up the DagBag from /home/airflow/.local/lib/python3.8/site-packages/airflow/example_dags/example_short_circuit_operator.py
[2024-04-08T09:35:48.632+0000] {processor.py:840} INFO - DAG(s) 'example_short_circuit_operator' retrieved from /home/airflow/.local/lib/python3.8/site-packages/airflow/example_dags/example_short_circuit_operator.py
[2024-04-08T09:35:48.705+0000] {logging_mixin.py:188} INFO - [2024-04-08T09:35:48.705+0000] {dag.py:3047} INFO - Sync 1 DAGs
[2024-04-08T09:35:48.740+0000] {logging_mixin.py:188} INFO - [2024-04-08T09:35:48.740+0000] {dag.py:3834} INFO - Setting next_dagrun for example_short_circuit_operator to 2024-04-07 00:00:00+00:00, run_after=2024-04-08 00:00:00+00:00
[2024-04-08T09:35:48.759+0000] {processor.py:183} INFO - Processing /home/airflow/.local/lib/python3.8/site-packages/airflow/example_dags/example_short_circuit_operator.py took 0.134 seconds
[2024-04-08T09:36:18.953+0000] {processor.py:161} INFO - Started process (PID=751) to work on /home/airflow/.local/lib/python3.8/site-packages/airflow/example_dags/example_short_circuit_operator.py
[2024-04-08T09:36:18.953+0000] {processor.py:830} INFO - Processing file /home/airflow/.local/lib/python3.8/site-packages/airflow/example_dags/example_short_circuit_operator.py for tasks to queue
[2024-04-08T09:36:18.954+0000] {logging_mixin.py:188} INFO - [2024-04-08T09:36:18.954+0000] {dagbag.py:540} INFO - Filling up the DagBag from /home/airflow/.local/lib/python3.8/site-packages/airflow/example_dags/example_short_circuit_operator.py
[2024-04-08T09:36:18.958+0000] {processor.py:840} INFO - DAG(s) 'example_short_circuit_operator' retrieved from /home/airflow/.local/lib/python3.8/site-packages/airflow/example_dags/example_short_circuit_operator.py
[2024-04-08T09:36:19.034+0000] {logging_mixin.py:188} INFO - [2024-04-08T09:36:19.034+0000] {dag.py:3047} INFO - Sync 1 DAGs
[2024-04-08T09:36:19.070+0000] {logging_mixin.py:188} INFO - [2024-04-08T09:36:19.070+0000] {dag.py:3834} INFO - Setting next_dagrun for example_short_circuit_operator to 2024-04-07 00:00:00+00:00, run_after=2024-04-08 00:00:00+00:00
[2024-04-08T09:36:19.090+0000] {processor.py:183} INFO - Processing /home/airflow/.local/lib/python3.8/site-packages/airflow/example_dags/example_short_circuit_operator.py took 0.139 seconds
[2024-04-08T09:36:49.283+0000] {processor.py:161} INFO - Started process (PID=806) to work on /home/airflow/.local/lib/python3.8/site-packages/airflow/example_dags/example_short_circuit_operator.py
[2024-04-08T09:36:49.283+0000] {processor.py:830} INFO - Processing file /home/airflow/.local/lib/python3.8/site-packages/airflow/example_dags/example_short_circuit_operator.py for tasks to queue
[2024-04-08T09:36:49.284+0000] {logging_mixin.py:188} INFO - [2024-04-08T09:36:49.284+0000] {dagbag.py:540} INFO - Filling up the DagBag from /home/airflow/.local/lib/python3.8/site-packages/airflow/example_dags/example_short_circuit_operator.py
[2024-04-08T09:36:49.288+0000] {processor.py:840} INFO - DAG(s) 'example_short_circuit_operator' retrieved from /home/airflow/.local/lib/python3.8/site-packages/airflow/example_dags/example_short_circuit_operator.py
[2024-04-08T09:36:49.358+0000] {logging_mixin.py:188} INFO - [2024-04-08T09:36:49.357+0000] {dag.py:3047} INFO - Sync 1 DAGs
[2024-04-08T09:36:49.395+0000] {logging_mixin.py:188} INFO - [2024-04-08T09:36:49.394+0000] {dag.py:3834} INFO - Setting next_dagrun for example_short_circuit_operator to 2024-04-07 00:00:00+00:00, run_after=2024-04-08 00:00:00+00:00
[2024-04-08T09:36:49.413+0000] {processor.py:183} INFO - Processing /home/airflow/.local/lib/python3.8/site-packages/airflow/example_dags/example_short_circuit_operator.py took 0.132 seconds
[2024-04-08T09:37:19.489+0000] {processor.py:161} INFO - Started process (PID=861) to work on /home/airflow/.local/lib/python3.8/site-packages/airflow/example_dags/example_short_circuit_operator.py
[2024-04-08T09:37:19.490+0000] {processor.py:830} INFO - Processing file /home/airflow/.local/lib/python3.8/site-packages/airflow/example_dags/example_short_circuit_operator.py for tasks to queue
[2024-04-08T09:37:19.490+0000] {logging_mixin.py:188} INFO - [2024-04-08T09:37:19.490+0000] {dagbag.py:540} INFO - Filling up the DagBag from /home/airflow/.local/lib/python3.8/site-packages/airflow/example_dags/example_short_circuit_operator.py
[2024-04-08T09:37:19.494+0000] {processor.py:840} INFO - DAG(s) 'example_short_circuit_operator' retrieved from /home/airflow/.local/lib/python3.8/site-packages/airflow/example_dags/example_short_circuit_operator.py
[2024-04-08T09:37:19.566+0000] {logging_mixin.py:188} INFO - [2024-04-08T09:37:19.566+0000] {dag.py:3047} INFO - Sync 1 DAGs
[2024-04-08T09:37:19.600+0000] {logging_mixin.py:188} INFO - [2024-04-08T09:37:19.600+0000] {dag.py:3834} INFO - Setting next_dagrun for example_short_circuit_operator to 2024-04-07 00:00:00+00:00, run_after=2024-04-08 00:00:00+00:00
[2024-04-08T09:37:19.618+0000] {processor.py:183} INFO - Processing /home/airflow/.local/lib/python3.8/site-packages/airflow/example_dags/example_short_circuit_operator.py took 0.131 seconds
[2024-04-08T09:37:49.804+0000] {processor.py:161} INFO - Started process (PID=916) to work on /home/airflow/.local/lib/python3.8/site-packages/airflow/example_dags/example_short_circuit_operator.py
[2024-04-08T09:37:49.804+0000] {processor.py:830} INFO - Processing file /home/airflow/.local/lib/python3.8/site-packages/airflow/example_dags/example_short_circuit_operator.py for tasks to queue
[2024-04-08T09:37:49.805+0000] {logging_mixin.py:188} INFO - [2024-04-08T09:37:49.805+0000] {dagbag.py:540} INFO - Filling up the DagBag from /home/airflow/.local/lib/python3.8/site-packages/airflow/example_dags/example_short_circuit_operator.py
[2024-04-08T09:37:49.808+0000] {processor.py:840} INFO - DAG(s) 'example_short_circuit_operator' retrieved from /home/airflow/.local/lib/python3.8/site-packages/airflow/example_dags/example_short_circuit_operator.py
[2024-04-08T09:37:49.878+0000] {logging_mixin.py:188} INFO - [2024-04-08T09:37:49.878+0000] {dag.py:3047} INFO - Sync 1 DAGs
[2024-04-08T09:37:49.912+0000] {logging_mixin.py:188} INFO - [2024-04-08T09:37:49.912+0000] {dag.py:3834} INFO - Setting next_dagrun for example_short_circuit_operator to 2024-04-07 00:00:00+00:00, run_after=2024-04-08 00:00:00+00:00
[2024-04-08T09:37:49.930+0000] {processor.py:183} INFO - Processing /home/airflow/.local/lib/python3.8/site-packages/airflow/example_dags/example_short_circuit_operator.py took 0.128 seconds
[2024-04-08T09:38:20.671+0000] {processor.py:161} INFO - Started process (PID=972) to work on /home/airflow/.local/lib/python3.8/site-packages/airflow/example_dags/example_short_circuit_operator.py
[2024-04-08T09:38:20.672+0000] {processor.py:830} INFO - Processing file /home/airflow/.local/lib/python3.8/site-packages/airflow/example_dags/example_short_circuit_operator.py for tasks to queue
[2024-04-08T09:38:20.673+0000] {logging_mixin.py:188} INFO - [2024-04-08T09:38:20.673+0000] {dagbag.py:540} INFO - Filling up the DagBag from /home/airflow/.local/lib/python3.8/site-packages/airflow/example_dags/example_short_circuit_operator.py
[2024-04-08T09:38:20.676+0000] {processor.py:840} INFO - DAG(s) 'example_short_circuit_operator' retrieved from /home/airflow/.local/lib/python3.8/site-packages/airflow/example_dags/example_short_circuit_operator.py
[2024-04-08T09:38:20.753+0000] {logging_mixin.py:188} INFO - [2024-04-08T09:38:20.753+0000] {dag.py:3047} INFO - Sync 1 DAGs
[2024-04-08T09:38:20.793+0000] {logging_mixin.py:188} INFO - [2024-04-08T09:38:20.792+0000] {dag.py:3834} INFO - Setting next_dagrun for example_short_circuit_operator to 2024-04-07 00:00:00+00:00, run_after=2024-04-08 00:00:00+00:00
[2024-04-08T09:38:20.812+0000] {processor.py:183} INFO - Processing /home/airflow/.local/lib/python3.8/site-packages/airflow/example_dags/example_short_circuit_operator.py took 0.143 seconds
[2024-04-08T09:38:50.981+0000] {processor.py:161} INFO - Started process (PID=1027) to work on /home/airflow/.local/lib/python3.8/site-packages/airflow/example_dags/example_short_circuit_operator.py
[2024-04-08T09:38:50.982+0000] {processor.py:830} INFO - Processing file /home/airflow/.local/lib/python3.8/site-packages/airflow/example_dags/example_short_circuit_operator.py for tasks to queue
[2024-04-08T09:38:50.983+0000] {logging_mixin.py:188} INFO - [2024-04-08T09:38:50.982+0000] {dagbag.py:540} INFO - Filling up the DagBag from /home/airflow/.local/lib/python3.8/site-packages/airflow/example_dags/example_short_circuit_operator.py
[2024-04-08T09:38:50.986+0000] {processor.py:840} INFO - DAG(s) 'example_short_circuit_operator' retrieved from /home/airflow/.local/lib/python3.8/site-packages/airflow/example_dags/example_short_circuit_operator.py
[2024-04-08T09:38:51.067+0000] {logging_mixin.py:188} INFO - [2024-04-08T09:38:51.067+0000] {dag.py:3047} INFO - Sync 1 DAGs
[2024-04-08T09:38:51.106+0000] {logging_mixin.py:188} INFO - [2024-04-08T09:38:51.106+0000] {dag.py:3834} INFO - Setting next_dagrun for example_short_circuit_operator to 2024-04-07 00:00:00+00:00, run_after=2024-04-08 00:00:00+00:00
[2024-04-08T09:38:51.126+0000] {processor.py:183} INFO - Processing /home/airflow/.local/lib/python3.8/site-packages/airflow/example_dags/example_short_circuit_operator.py took 0.147 seconds
[2024-04-08T09:39:21.343+0000] {processor.py:161} INFO - Started process (PID=1082) to work on /home/airflow/.local/lib/python3.8/site-packages/airflow/example_dags/example_short_circuit_operator.py
[2024-04-08T09:39:21.344+0000] {processor.py:830} INFO - Processing file /home/airflow/.local/lib/python3.8/site-packages/airflow/example_dags/example_short_circuit_operator.py for tasks to queue
[2024-04-08T09:39:21.345+0000] {logging_mixin.py:188} INFO - [2024-04-08T09:39:21.345+0000] {dagbag.py:540} INFO - Filling up the DagBag from /home/airflow/.local/lib/python3.8/site-packages/airflow/example_dags/example_short_circuit_operator.py
[2024-04-08T09:39:21.348+0000] {processor.py:840} INFO - DAG(s) 'example_short_circuit_operator' retrieved from /home/airflow/.local/lib/python3.8/site-packages/airflow/example_dags/example_short_circuit_operator.py
[2024-04-08T09:39:21.422+0000] {logging_mixin.py:188} INFO - [2024-04-08T09:39:21.422+0000] {dag.py:3047} INFO - Sync 1 DAGs
[2024-04-08T09:39:21.461+0000] {logging_mixin.py:188} INFO - [2024-04-08T09:39:21.461+0000] {dag.py:3834} INFO - Setting next_dagrun for example_short_circuit_operator to 2024-04-07 00:00:00+00:00, run_after=2024-04-08 00:00:00+00:00
[2024-04-08T09:39:21.481+0000] {processor.py:183} INFO - Processing /home/airflow/.local/lib/python3.8/site-packages/airflow/example_dags/example_short_circuit_operator.py took 0.139 seconds
[2024-04-08T09:39:52.442+0000] {processor.py:161} INFO - Started process (PID=1137) to work on /home/airflow/.local/lib/python3.8/site-packages/airflow/example_dags/example_short_circuit_operator.py
[2024-04-08T09:39:52.443+0000] {processor.py:830} INFO - Processing file /home/airflow/.local/lib/python3.8/site-packages/airflow/example_dags/example_short_circuit_operator.py for tasks to queue
[2024-04-08T09:39:52.444+0000] {logging_mixin.py:188} INFO - [2024-04-08T09:39:52.444+0000] {dagbag.py:540} INFO - Filling up the DagBag from /home/airflow/.local/lib/python3.8/site-packages/airflow/example_dags/example_short_circuit_operator.py
[2024-04-08T09:39:52.448+0000] {processor.py:840} INFO - DAG(s) 'example_short_circuit_operator' retrieved from /home/airflow/.local/lib/python3.8/site-packages/airflow/example_dags/example_short_circuit_operator.py
[2024-04-08T09:39:52.527+0000] {logging_mixin.py:188} INFO - [2024-04-08T09:39:52.527+0000] {dag.py:3047} INFO - Sync 1 DAGs
[2024-04-08T09:39:52.568+0000] {logging_mixin.py:188} INFO - [2024-04-08T09:39:52.568+0000] {dag.py:3834} INFO - Setting next_dagrun for example_short_circuit_operator to 2024-04-07 00:00:00+00:00, run_after=2024-04-08 00:00:00+00:00
[2024-04-08T09:39:52.589+0000] {processor.py:183} INFO - Processing /home/airflow/.local/lib/python3.8/site-packages/airflow/example_dags/example_short_circuit_operator.py took 0.148 seconds
[2024-04-08T09:40:22.719+0000] {processor.py:161} INFO - Started process (PID=1191) to work on /home/airflow/.local/lib/python3.8/site-packages/airflow/example_dags/example_short_circuit_operator.py
[2024-04-08T09:40:22.720+0000] {processor.py:830} INFO - Processing file /home/airflow/.local/lib/python3.8/site-packages/airflow/example_dags/example_short_circuit_operator.py for tasks to queue
[2024-04-08T09:40:22.721+0000] {logging_mixin.py:188} INFO - [2024-04-08T09:40:22.721+0000] {dagbag.py:540} INFO - Filling up the DagBag from /home/airflow/.local/lib/python3.8/site-packages/airflow/example_dags/example_short_circuit_operator.py
[2024-04-08T09:40:22.725+0000] {processor.py:840} INFO - DAG(s) 'example_short_circuit_operator' retrieved from /home/airflow/.local/lib/python3.8/site-packages/airflow/example_dags/example_short_circuit_operator.py
[2024-04-08T09:40:22.802+0000] {logging_mixin.py:188} INFO - [2024-04-08T09:40:22.802+0000] {dag.py:3047} INFO - Sync 1 DAGs
[2024-04-08T09:40:22.839+0000] {logging_mixin.py:188} INFO - [2024-04-08T09:40:22.839+0000] {dag.py:3834} INFO - Setting next_dagrun for example_short_circuit_operator to 2024-04-07 00:00:00+00:00, run_after=2024-04-08 00:00:00+00:00
[2024-04-08T09:40:22.862+0000] {processor.py:183} INFO - Processing /home/airflow/.local/lib/python3.8/site-packages/airflow/example_dags/example_short_circuit_operator.py took 0.145 seconds
[2024-04-08T09:40:53.097+0000] {processor.py:161} INFO - Started process (PID=1246) to work on /home/airflow/.local/lib/python3.8/site-packages/airflow/example_dags/example_short_circuit_operator.py
[2024-04-08T09:40:53.098+0000] {processor.py:830} INFO - Processing file /home/airflow/.local/lib/python3.8/site-packages/airflow/example_dags/example_short_circuit_operator.py for tasks to queue
[2024-04-08T09:40:53.098+0000] {logging_mixin.py:188} INFO - [2024-04-08T09:40:53.098+0000] {dagbag.py:540} INFO - Filling up the DagBag from /home/airflow/.local/lib/python3.8/site-packages/airflow/example_dags/example_short_circuit_operator.py
[2024-04-08T09:40:53.102+0000] {processor.py:840} INFO - DAG(s) 'example_short_circuit_operator' retrieved from /home/airflow/.local/lib/python3.8/site-packages/airflow/example_dags/example_short_circuit_operator.py
[2024-04-08T09:40:53.178+0000] {logging_mixin.py:188} INFO - [2024-04-08T09:40:53.178+0000] {dag.py:3047} INFO - Sync 1 DAGs
[2024-04-08T09:40:53.225+0000] {logging_mixin.py:188} INFO - [2024-04-08T09:40:53.225+0000] {dag.py:3834} INFO - Setting next_dagrun for example_short_circuit_operator to 2024-04-07 00:00:00+00:00, run_after=2024-04-08 00:00:00+00:00
[2024-04-08T09:40:53.246+0000] {processor.py:183} INFO - Processing /home/airflow/.local/lib/python3.8/site-packages/airflow/example_dags/example_short_circuit_operator.py took 0.150 seconds
[2024-04-08T09:41:24.095+0000] {processor.py:161} INFO - Started process (PID=1301) to work on /home/airflow/.local/lib/python3.8/site-packages/airflow/example_dags/example_short_circuit_operator.py
[2024-04-08T09:41:24.096+0000] {processor.py:830} INFO - Processing file /home/airflow/.local/lib/python3.8/site-packages/airflow/example_dags/example_short_circuit_operator.py for tasks to queue
[2024-04-08T09:41:24.097+0000] {logging_mixin.py:188} INFO - [2024-04-08T09:41:24.097+0000] {dagbag.py:540} INFO - Filling up the DagBag from /home/airflow/.local/lib/python3.8/site-packages/airflow/example_dags/example_short_circuit_operator.py
[2024-04-08T09:41:24.101+0000] {processor.py:840} INFO - DAG(s) 'example_short_circuit_operator' retrieved from /home/airflow/.local/lib/python3.8/site-packages/airflow/example_dags/example_short_circuit_operator.py
[2024-04-08T09:41:24.175+0000] {logging_mixin.py:188} INFO - [2024-04-08T09:41:24.175+0000] {dag.py:3047} INFO - Sync 1 DAGs
[2024-04-08T09:41:24.214+0000] {logging_mixin.py:188} INFO - [2024-04-08T09:41:24.214+0000] {dag.py:3834} INFO - Setting next_dagrun for example_short_circuit_operator to 2024-04-07 00:00:00+00:00, run_after=2024-04-08 00:00:00+00:00
[2024-04-08T09:41:24.236+0000] {processor.py:183} INFO - Processing /home/airflow/.local/lib/python3.8/site-packages/airflow/example_dags/example_short_circuit_operator.py took 0.142 seconds
[2024-04-08T09:41:54.976+0000] {processor.py:161} INFO - Started process (PID=1356) to work on /home/airflow/.local/lib/python3.8/site-packages/airflow/example_dags/example_short_circuit_operator.py
[2024-04-08T09:41:54.976+0000] {processor.py:830} INFO - Processing file /home/airflow/.local/lib/python3.8/site-packages/airflow/example_dags/example_short_circuit_operator.py for tasks to queue
[2024-04-08T09:41:54.977+0000] {logging_mixin.py:188} INFO - [2024-04-08T09:41:54.977+0000] {dagbag.py:540} INFO - Filling up the DagBag from /home/airflow/.local/lib/python3.8/site-packages/airflow/example_dags/example_short_circuit_operator.py
[2024-04-08T09:41:54.981+0000] {processor.py:840} INFO - DAG(s) 'example_short_circuit_operator' retrieved from /home/airflow/.local/lib/python3.8/site-packages/airflow/example_dags/example_short_circuit_operator.py
[2024-04-08T09:41:55.053+0000] {logging_mixin.py:188} INFO - [2024-04-08T09:41:55.053+0000] {dag.py:3047} INFO - Sync 1 DAGs
[2024-04-08T09:41:55.091+0000] {logging_mixin.py:188} INFO - [2024-04-08T09:41:55.091+0000] {dag.py:3834} INFO - Setting next_dagrun for example_short_circuit_operator to 2024-04-07 00:00:00+00:00, run_after=2024-04-08 00:00:00+00:00
[2024-04-08T09:41:55.111+0000] {processor.py:183} INFO - Processing /home/airflow/.local/lib/python3.8/site-packages/airflow/example_dags/example_short_circuit_operator.py took 0.136 seconds
[2024-04-08T09:42:25.221+0000] {processor.py:161} INFO - Started process (PID=1411) to work on /home/airflow/.local/lib/python3.8/site-packages/airflow/example_dags/example_short_circuit_operator.py
[2024-04-08T09:42:25.222+0000] {processor.py:830} INFO - Processing file /home/airflow/.local/lib/python3.8/site-packages/airflow/example_dags/example_short_circuit_operator.py for tasks to queue
[2024-04-08T09:42:25.224+0000] {logging_mixin.py:188} INFO - [2024-04-08T09:42:25.223+0000] {dagbag.py:540} INFO - Filling up the DagBag from /home/airflow/.local/lib/python3.8/site-packages/airflow/example_dags/example_short_circuit_operator.py
[2024-04-08T09:42:25.231+0000] {processor.py:840} INFO - DAG(s) 'example_short_circuit_operator' retrieved from /home/airflow/.local/lib/python3.8/site-packages/airflow/example_dags/example_short_circuit_operator.py
[2024-04-08T09:42:25.322+0000] {logging_mixin.py:188} INFO - [2024-04-08T09:42:25.322+0000] {dag.py:3047} INFO - Sync 1 DAGs
[2024-04-08T09:42:25.366+0000] {logging_mixin.py:188} INFO - [2024-04-08T09:42:25.366+0000] {dag.py:3834} INFO - Setting next_dagrun for example_short_circuit_operator to 2024-04-07 00:00:00+00:00, run_after=2024-04-08 00:00:00+00:00
[2024-04-08T09:42:25.388+0000] {processor.py:183} INFO - Processing /home/airflow/.local/lib/python3.8/site-packages/airflow/example_dags/example_short_circuit_operator.py took 0.171 seconds
[2024-04-08T09:42:55.589+0000] {processor.py:161} INFO - Started process (PID=1466) to work on /home/airflow/.local/lib/python3.8/site-packages/airflow/example_dags/example_short_circuit_operator.py
[2024-04-08T09:42:55.591+0000] {processor.py:830} INFO - Processing file /home/airflow/.local/lib/python3.8/site-packages/airflow/example_dags/example_short_circuit_operator.py for tasks to queue
[2024-04-08T09:42:55.593+0000] {logging_mixin.py:188} INFO - [2024-04-08T09:42:55.593+0000] {dagbag.py:540} INFO - Filling up the DagBag from /home/airflow/.local/lib/python3.8/site-packages/airflow/example_dags/example_short_circuit_operator.py
[2024-04-08T09:42:55.602+0000] {processor.py:840} INFO - DAG(s) 'example_short_circuit_operator' retrieved from /home/airflow/.local/lib/python3.8/site-packages/airflow/example_dags/example_short_circuit_operator.py
[2024-04-08T09:42:55.686+0000] {logging_mixin.py:188} INFO - [2024-04-08T09:42:55.686+0000] {dag.py:3047} INFO - Sync 1 DAGs
[2024-04-08T09:42:55.724+0000] {logging_mixin.py:188} INFO - [2024-04-08T09:42:55.724+0000] {dag.py:3834} INFO - Setting next_dagrun for example_short_circuit_operator to 2024-04-07 00:00:00+00:00, run_after=2024-04-08 00:00:00+00:00
[2024-04-08T09:42:55.744+0000] {processor.py:183} INFO - Processing /home/airflow/.local/lib/python3.8/site-packages/airflow/example_dags/example_short_circuit_operator.py took 0.159 seconds
[2024-04-08T09:43:25.772+0000] {processor.py:161} INFO - Started process (PID=1520) to work on /home/airflow/.local/lib/python3.8/site-packages/airflow/example_dags/example_short_circuit_operator.py
[2024-04-08T09:43:25.773+0000] {processor.py:830} INFO - Processing file /home/airflow/.local/lib/python3.8/site-packages/airflow/example_dags/example_short_circuit_operator.py for tasks to queue
[2024-04-08T09:43:25.774+0000] {logging_mixin.py:188} INFO - [2024-04-08T09:43:25.774+0000] {dagbag.py:540} INFO - Filling up the DagBag from /home/airflow/.local/lib/python3.8/site-packages/airflow/example_dags/example_short_circuit_operator.py
[2024-04-08T09:43:25.781+0000] {processor.py:840} INFO - DAG(s) 'example_short_circuit_operator' retrieved from /home/airflow/.local/lib/python3.8/site-packages/airflow/example_dags/example_short_circuit_operator.py
[2024-04-08T09:43:25.861+0000] {logging_mixin.py:188} INFO - [2024-04-08T09:43:25.861+0000] {dag.py:3047} INFO - Sync 1 DAGs
[2024-04-08T09:43:25.895+0000] {logging_mixin.py:188} INFO - [2024-04-08T09:43:25.895+0000] {dag.py:3834} INFO - Setting next_dagrun for example_short_circuit_operator to 2024-04-07 00:00:00+00:00, run_after=2024-04-08 00:00:00+00:00
[2024-04-08T09:43:25.914+0000] {processor.py:183} INFO - Processing /home/airflow/.local/lib/python3.8/site-packages/airflow/example_dags/example_short_circuit_operator.py took 0.145 seconds
[2024-04-08T09:43:56.100+0000] {processor.py:161} INFO - Started process (PID=1575) to work on /home/airflow/.local/lib/python3.8/site-packages/airflow/example_dags/example_short_circuit_operator.py
[2024-04-08T09:43:56.101+0000] {processor.py:830} INFO - Processing file /home/airflow/.local/lib/python3.8/site-packages/airflow/example_dags/example_short_circuit_operator.py for tasks to queue
[2024-04-08T09:43:56.102+0000] {logging_mixin.py:188} INFO - [2024-04-08T09:43:56.102+0000] {dagbag.py:540} INFO - Filling up the DagBag from /home/airflow/.local/lib/python3.8/site-packages/airflow/example_dags/example_short_circuit_operator.py
[2024-04-08T09:43:56.109+0000] {processor.py:840} INFO - DAG(s) 'example_short_circuit_operator' retrieved from /home/airflow/.local/lib/python3.8/site-packages/airflow/example_dags/example_short_circuit_operator.py
[2024-04-08T09:43:56.200+0000] {logging_mixin.py:188} INFO - [2024-04-08T09:43:56.200+0000] {dag.py:3047} INFO - Sync 1 DAGs
[2024-04-08T09:43:56.239+0000] {logging_mixin.py:188} INFO - [2024-04-08T09:43:56.238+0000] {dag.py:3834} INFO - Setting next_dagrun for example_short_circuit_operator to 2024-04-07 00:00:00+00:00, run_after=2024-04-08 00:00:00+00:00
[2024-04-08T09:43:56.260+0000] {processor.py:183} INFO - Processing /home/airflow/.local/lib/python3.8/site-packages/airflow/example_dags/example_short_circuit_operator.py took 0.164 seconds
[2024-04-08T09:44:26.653+0000] {processor.py:161} INFO - Started process (PID=1631) to work on /home/airflow/.local/lib/python3.8/site-packages/airflow/example_dags/example_short_circuit_operator.py
[2024-04-08T09:44:26.654+0000] {processor.py:830} INFO - Processing file /home/airflow/.local/lib/python3.8/site-packages/airflow/example_dags/example_short_circuit_operator.py for tasks to queue
[2024-04-08T09:44:26.655+0000] {logging_mixin.py:188} INFO - [2024-04-08T09:44:26.655+0000] {dagbag.py:540} INFO - Filling up the DagBag from /home/airflow/.local/lib/python3.8/site-packages/airflow/example_dags/example_short_circuit_operator.py
[2024-04-08T09:44:26.662+0000] {processor.py:840} INFO - DAG(s) 'example_short_circuit_operator' retrieved from /home/airflow/.local/lib/python3.8/site-packages/airflow/example_dags/example_short_circuit_operator.py
[2024-04-08T09:44:26.745+0000] {logging_mixin.py:188} INFO - [2024-04-08T09:44:26.745+0000] {dag.py:3047} INFO - Sync 1 DAGs
[2024-04-08T09:44:26.784+0000] {logging_mixin.py:188} INFO - [2024-04-08T09:44:26.784+0000] {dag.py:3834} INFO - Setting next_dagrun for example_short_circuit_operator to 2024-04-07 00:00:00+00:00, run_after=2024-04-08 00:00:00+00:00
[2024-04-08T09:44:26.804+0000] {processor.py:183} INFO - Processing /home/airflow/.local/lib/python3.8/site-packages/airflow/example_dags/example_short_circuit_operator.py took 0.154 seconds
[2024-04-08T09:44:56.860+0000] {processor.py:161} INFO - Started process (PID=1685) to work on /home/airflow/.local/lib/python3.8/site-packages/airflow/example_dags/example_short_circuit_operator.py
[2024-04-08T09:44:56.861+0000] {processor.py:830} INFO - Processing file /home/airflow/.local/lib/python3.8/site-packages/airflow/example_dags/example_short_circuit_operator.py for tasks to queue
[2024-04-08T09:44:56.863+0000] {logging_mixin.py:188} INFO - [2024-04-08T09:44:56.863+0000] {dagbag.py:540} INFO - Filling up the DagBag from /home/airflow/.local/lib/python3.8/site-packages/airflow/example_dags/example_short_circuit_operator.py
[2024-04-08T09:44:56.869+0000] {processor.py:840} INFO - DAG(s) 'example_short_circuit_operator' retrieved from /home/airflow/.local/lib/python3.8/site-packages/airflow/example_dags/example_short_circuit_operator.py
[2024-04-08T09:44:56.945+0000] {logging_mixin.py:188} INFO - [2024-04-08T09:44:56.945+0000] {dag.py:3047} INFO - Sync 1 DAGs
[2024-04-08T09:44:56.979+0000] {logging_mixin.py:188} INFO - [2024-04-08T09:44:56.979+0000] {dag.py:3834} INFO - Setting next_dagrun for example_short_circuit_operator to 2024-04-07 00:00:00+00:00, run_after=2024-04-08 00:00:00+00:00
[2024-04-08T09:44:56.998+0000] {processor.py:183} INFO - Processing /home/airflow/.local/lib/python3.8/site-packages/airflow/example_dags/example_short_circuit_operator.py took 0.141 seconds
[2024-04-08T09:45:27.154+0000] {processor.py:161} INFO - Started process (PID=1740) to work on /home/airflow/.local/lib/python3.8/site-packages/airflow/example_dags/example_short_circuit_operator.py
[2024-04-08T09:45:27.155+0000] {processor.py:830} INFO - Processing file /home/airflow/.local/lib/python3.8/site-packages/airflow/example_dags/example_short_circuit_operator.py for tasks to queue
[2024-04-08T09:45:27.157+0000] {logging_mixin.py:188} INFO - [2024-04-08T09:45:27.157+0000] {dagbag.py:540} INFO - Filling up the DagBag from /home/airflow/.local/lib/python3.8/site-packages/airflow/example_dags/example_short_circuit_operator.py
[2024-04-08T09:45:27.165+0000] {processor.py:840} INFO - DAG(s) 'example_short_circuit_operator' retrieved from /home/airflow/.local/lib/python3.8/site-packages/airflow/example_dags/example_short_circuit_operator.py
[2024-04-08T09:45:27.250+0000] {logging_mixin.py:188} INFO - [2024-04-08T09:45:27.250+0000] {dag.py:3047} INFO - Sync 1 DAGs
[2024-04-08T09:45:27.286+0000] {logging_mixin.py:188} INFO - [2024-04-08T09:45:27.286+0000] {dag.py:3834} INFO - Setting next_dagrun for example_short_circuit_operator to 2024-04-07 00:00:00+00:00, run_after=2024-04-08 00:00:00+00:00
[2024-04-08T09:45:27.308+0000] {processor.py:183} INFO - Processing /home/airflow/.local/lib/python3.8/site-packages/airflow/example_dags/example_short_circuit_operator.py took 0.158 seconds
[2024-04-08T09:45:57.358+0000] {processor.py:161} INFO - Started process (PID=1795) to work on /home/airflow/.local/lib/python3.8/site-packages/airflow/example_dags/example_short_circuit_operator.py
[2024-04-08T09:45:57.360+0000] {processor.py:830} INFO - Processing file /home/airflow/.local/lib/python3.8/site-packages/airflow/example_dags/example_short_circuit_operator.py for tasks to queue
[2024-04-08T09:45:57.362+0000] {logging_mixin.py:188} INFO - [2024-04-08T09:45:57.361+0000] {dagbag.py:540} INFO - Filling up the DagBag from /home/airflow/.local/lib/python3.8/site-packages/airflow/example_dags/example_short_circuit_operator.py
[2024-04-08T09:45:57.368+0000] {processor.py:840} INFO - DAG(s) 'example_short_circuit_operator' retrieved from /home/airflow/.local/lib/python3.8/site-packages/airflow/example_dags/example_short_circuit_operator.py
[2024-04-08T09:45:57.452+0000] {logging_mixin.py:188} INFO - [2024-04-08T09:45:57.452+0000] {dag.py:3047} INFO - Sync 1 DAGs
[2024-04-08T09:45:57.489+0000] {logging_mixin.py:188} INFO - [2024-04-08T09:45:57.489+0000] {dag.py:3834} INFO - Setting next_dagrun for example_short_circuit_operator to 2024-04-07 00:00:00+00:00, run_after=2024-04-08 00:00:00+00:00
[2024-04-08T09:45:57.510+0000] {processor.py:183} INFO - Processing /home/airflow/.local/lib/python3.8/site-packages/airflow/example_dags/example_short_circuit_operator.py took 0.156 seconds
