[2024-04-08T09:29:48.083+0000] {processor.py:161} INFO - Started process (PID=69) to work on /home/airflow/.local/lib/python3.8/site-packages/airflow/example_dags/example_task_group_decorator.py
[2024-04-08T09:29:48.084+0000] {processor.py:830} INFO - Processing file /home/airflow/.local/lib/python3.8/site-packages/airflow/example_dags/example_task_group_decorator.py for tasks to queue
[2024-04-08T09:29:48.085+0000] {logging_mixin.py:188} INFO - [2024-04-08T09:29:48.085+0000] {dagbag.py:540} INFO - Filling up the DagBag from /home/airflow/.local/lib/python3.8/site-packages/airflow/example_dags/example_task_group_decorator.py
[2024-04-08T09:29:48.094+0000] {processor.py:840} INFO - DAG(s) 'example_task_group_decorator' retrieved from /home/airflow/.local/lib/python3.8/site-packages/airflow/example_dags/example_task_group_decorator.py
[2024-04-08T09:29:48.164+0000] {logging_mixin.py:188} INFO - [2024-04-08T09:29:48.164+0000] {dag.py:3047} INFO - Sync 1 DAGs
[2024-04-08T09:29:48.205+0000] {logging_mixin.py:188} INFO - [2024-04-08T09:29:48.204+0000] {dag.py:3834} INFO - Setting next_dagrun for example_task_group_decorator to 2024-04-07 00:00:00+00:00, run_after=2024-04-08 00:00:00+00:00
[2024-04-08T09:29:48.232+0000] {processor.py:183} INFO - Processing /home/airflow/.local/lib/python3.8/site-packages/airflow/example_dags/example_task_group_decorator.py took 0.150 seconds
[2024-04-08T09:30:19.015+0000] {processor.py:161} INFO - Started process (PID=124) to work on /home/airflow/.local/lib/python3.8/site-packages/airflow/example_dags/example_task_group_decorator.py
[2024-04-08T09:30:19.016+0000] {processor.py:830} INFO - Processing file /home/airflow/.local/lib/python3.8/site-packages/airflow/example_dags/example_task_group_decorator.py for tasks to queue
[2024-04-08T09:30:19.017+0000] {logging_mixin.py:188} INFO - [2024-04-08T09:30:19.017+0000] {dagbag.py:540} INFO - Filling up the DagBag from /home/airflow/.local/lib/python3.8/site-packages/airflow/example_dags/example_task_group_decorator.py
[2024-04-08T09:30:19.028+0000] {processor.py:840} INFO - DAG(s) 'example_task_group_decorator' retrieved from /home/airflow/.local/lib/python3.8/site-packages/airflow/example_dags/example_task_group_decorator.py
[2024-04-08T09:30:19.194+0000] {logging_mixin.py:188} INFO - [2024-04-08T09:30:19.193+0000] {dag.py:3047} INFO - Sync 1 DAGs
[2024-04-08T09:30:19.237+0000] {logging_mixin.py:188} INFO - [2024-04-08T09:30:19.237+0000] {dag.py:3834} INFO - Setting next_dagrun for example_task_group_decorator to 2024-04-07 00:00:00+00:00, run_after=2024-04-08 00:00:00+00:00
[2024-04-08T09:30:19.272+0000] {processor.py:183} INFO - Processing /home/airflow/.local/lib/python3.8/site-packages/airflow/example_dags/example_task_group_decorator.py took 0.258 seconds
[2024-04-08T09:30:49.496+0000] {processor.py:161} INFO - Started process (PID=179) to work on /home/airflow/.local/lib/python3.8/site-packages/airflow/example_dags/example_task_group_decorator.py
[2024-04-08T09:30:49.497+0000] {processor.py:830} INFO - Processing file /home/airflow/.local/lib/python3.8/site-packages/airflow/example_dags/example_task_group_decorator.py for tasks to queue
[2024-04-08T09:30:49.498+0000] {logging_mixin.py:188} INFO - [2024-04-08T09:30:49.497+0000] {dagbag.py:540} INFO - Filling up the DagBag from /home/airflow/.local/lib/python3.8/site-packages/airflow/example_dags/example_task_group_decorator.py
[2024-04-08T09:30:49.504+0000] {processor.py:840} INFO - DAG(s) 'example_task_group_decorator' retrieved from /home/airflow/.local/lib/python3.8/site-packages/airflow/example_dags/example_task_group_decorator.py
[2024-04-08T09:30:49.580+0000] {logging_mixin.py:188} INFO - [2024-04-08T09:30:49.580+0000] {dag.py:3047} INFO - Sync 1 DAGs
[2024-04-08T09:30:49.616+0000] {logging_mixin.py:188} INFO - [2024-04-08T09:30:49.615+0000] {dag.py:3834} INFO - Setting next_dagrun for example_task_group_decorator to 2024-04-07 00:00:00+00:00, run_after=2024-04-08 00:00:00+00:00
[2024-04-08T09:30:49.635+0000] {processor.py:183} INFO - Processing /home/airflow/.local/lib/python3.8/site-packages/airflow/example_dags/example_task_group_decorator.py took 0.140 seconds
[2024-04-08T09:31:19.731+0000] {processor.py:161} INFO - Started process (PID=234) to work on /home/airflow/.local/lib/python3.8/site-packages/airflow/example_dags/example_task_group_decorator.py
[2024-04-08T09:31:19.731+0000] {processor.py:830} INFO - Processing file /home/airflow/.local/lib/python3.8/site-packages/airflow/example_dags/example_task_group_decorator.py for tasks to queue
[2024-04-08T09:31:19.732+0000] {logging_mixin.py:188} INFO - [2024-04-08T09:31:19.732+0000] {dagbag.py:540} INFO - Filling up the DagBag from /home/airflow/.local/lib/python3.8/site-packages/airflow/example_dags/example_task_group_decorator.py
[2024-04-08T09:31:19.739+0000] {processor.py:840} INFO - DAG(s) 'example_task_group_decorator' retrieved from /home/airflow/.local/lib/python3.8/site-packages/airflow/example_dags/example_task_group_decorator.py
[2024-04-08T09:31:19.813+0000] {logging_mixin.py:188} INFO - [2024-04-08T09:31:19.813+0000] {dag.py:3047} INFO - Sync 1 DAGs
[2024-04-08T09:31:19.850+0000] {logging_mixin.py:188} INFO - [2024-04-08T09:31:19.850+0000] {dag.py:3834} INFO - Setting next_dagrun for example_task_group_decorator to 2024-04-07 00:00:00+00:00, run_after=2024-04-08 00:00:00+00:00
[2024-04-08T09:31:19.870+0000] {processor.py:183} INFO - Processing /home/airflow/.local/lib/python3.8/site-packages/airflow/example_dags/example_task_group_decorator.py took 0.141 seconds
[2024-04-08T09:31:49.931+0000] {processor.py:161} INFO - Started process (PID=288) to work on /home/airflow/.local/lib/python3.8/site-packages/airflow/example_dags/example_task_group_decorator.py
[2024-04-08T09:31:49.932+0000] {processor.py:830} INFO - Processing file /home/airflow/.local/lib/python3.8/site-packages/airflow/example_dags/example_task_group_decorator.py for tasks to queue
[2024-04-08T09:31:49.932+0000] {logging_mixin.py:188} INFO - [2024-04-08T09:31:49.932+0000] {dagbag.py:540} INFO - Filling up the DagBag from /home/airflow/.local/lib/python3.8/site-packages/airflow/example_dags/example_task_group_decorator.py
[2024-04-08T09:31:49.939+0000] {processor.py:840} INFO - DAG(s) 'example_task_group_decorator' retrieved from /home/airflow/.local/lib/python3.8/site-packages/airflow/example_dags/example_task_group_decorator.py
[2024-04-08T09:31:50.014+0000] {logging_mixin.py:188} INFO - [2024-04-08T09:31:50.014+0000] {dag.py:3047} INFO - Sync 1 DAGs
[2024-04-08T09:31:50.050+0000] {logging_mixin.py:188} INFO - [2024-04-08T09:31:50.050+0000] {dag.py:3834} INFO - Setting next_dagrun for example_task_group_decorator to 2024-04-07 00:00:00+00:00, run_after=2024-04-08 00:00:00+00:00
[2024-04-08T09:31:50.070+0000] {processor.py:183} INFO - Processing /home/airflow/.local/lib/python3.8/site-packages/airflow/example_dags/example_task_group_decorator.py took 0.140 seconds
[2024-04-08T09:32:20.141+0000] {processor.py:161} INFO - Started process (PID=343) to work on /home/airflow/.local/lib/python3.8/site-packages/airflow/example_dags/example_task_group_decorator.py
[2024-04-08T09:32:20.142+0000] {processor.py:830} INFO - Processing file /home/airflow/.local/lib/python3.8/site-packages/airflow/example_dags/example_task_group_decorator.py for tasks to queue
[2024-04-08T09:32:20.143+0000] {logging_mixin.py:188} INFO - [2024-04-08T09:32:20.143+0000] {dagbag.py:540} INFO - Filling up the DagBag from /home/airflow/.local/lib/python3.8/site-packages/airflow/example_dags/example_task_group_decorator.py
[2024-04-08T09:32:20.149+0000] {processor.py:840} INFO - DAG(s) 'example_task_group_decorator' retrieved from /home/airflow/.local/lib/python3.8/site-packages/airflow/example_dags/example_task_group_decorator.py
[2024-04-08T09:32:20.224+0000] {logging_mixin.py:188} INFO - [2024-04-08T09:32:20.224+0000] {dag.py:3047} INFO - Sync 1 DAGs
[2024-04-08T09:32:20.259+0000] {logging_mixin.py:188} INFO - [2024-04-08T09:32:20.259+0000] {dag.py:3834} INFO - Setting next_dagrun for example_task_group_decorator to 2024-04-07 00:00:00+00:00, run_after=2024-04-08 00:00:00+00:00
[2024-04-08T09:32:20.279+0000] {processor.py:183} INFO - Processing /home/airflow/.local/lib/python3.8/site-packages/airflow/example_dags/example_task_group_decorator.py took 0.139 seconds
[2024-04-08T09:32:50.528+0000] {processor.py:161} INFO - Started process (PID=398) to work on /home/airflow/.local/lib/python3.8/site-packages/airflow/example_dags/example_task_group_decorator.py
[2024-04-08T09:32:50.529+0000] {processor.py:830} INFO - Processing file /home/airflow/.local/lib/python3.8/site-packages/airflow/example_dags/example_task_group_decorator.py for tasks to queue
[2024-04-08T09:32:50.530+0000] {logging_mixin.py:188} INFO - [2024-04-08T09:32:50.530+0000] {dagbag.py:540} INFO - Filling up the DagBag from /home/airflow/.local/lib/python3.8/site-packages/airflow/example_dags/example_task_group_decorator.py
[2024-04-08T09:32:50.536+0000] {processor.py:840} INFO - DAG(s) 'example_task_group_decorator' retrieved from /home/airflow/.local/lib/python3.8/site-packages/airflow/example_dags/example_task_group_decorator.py
[2024-04-08T09:32:50.609+0000] {logging_mixin.py:188} INFO - [2024-04-08T09:32:50.609+0000] {dag.py:3047} INFO - Sync 1 DAGs
[2024-04-08T09:32:50.645+0000] {logging_mixin.py:188} INFO - [2024-04-08T09:32:50.645+0000] {dag.py:3834} INFO - Setting next_dagrun for example_task_group_decorator to 2024-04-07 00:00:00+00:00, run_after=2024-04-08 00:00:00+00:00
[2024-04-08T09:32:50.667+0000] {processor.py:183} INFO - Processing /home/airflow/.local/lib/python3.8/site-packages/airflow/example_dags/example_task_group_decorator.py took 0.140 seconds
[2024-04-08T09:33:20.721+0000] {processor.py:161} INFO - Started process (PID=453) to work on /home/airflow/.local/lib/python3.8/site-packages/airflow/example_dags/example_task_group_decorator.py
[2024-04-08T09:33:20.721+0000] {processor.py:830} INFO - Processing file /home/airflow/.local/lib/python3.8/site-packages/airflow/example_dags/example_task_group_decorator.py for tasks to queue
[2024-04-08T09:33:20.722+0000] {logging_mixin.py:188} INFO - [2024-04-08T09:33:20.722+0000] {dagbag.py:540} INFO - Filling up the DagBag from /home/airflow/.local/lib/python3.8/site-packages/airflow/example_dags/example_task_group_decorator.py
[2024-04-08T09:33:20.728+0000] {processor.py:840} INFO - DAG(s) 'example_task_group_decorator' retrieved from /home/airflow/.local/lib/python3.8/site-packages/airflow/example_dags/example_task_group_decorator.py
[2024-04-08T09:33:20.802+0000] {logging_mixin.py:188} INFO - [2024-04-08T09:33:20.802+0000] {dag.py:3047} INFO - Sync 1 DAGs
[2024-04-08T09:33:20.840+0000] {logging_mixin.py:188} INFO - [2024-04-08T09:33:20.839+0000] {dag.py:3834} INFO - Setting next_dagrun for example_task_group_decorator to 2024-04-07 00:00:00+00:00, run_after=2024-04-08 00:00:00+00:00
[2024-04-08T09:33:20.861+0000] {processor.py:183} INFO - Processing /home/airflow/.local/lib/python3.8/site-packages/airflow/example_dags/example_task_group_decorator.py took 0.142 seconds
[2024-04-08T09:33:50.964+0000] {processor.py:161} INFO - Started process (PID=507) to work on /home/airflow/.local/lib/python3.8/site-packages/airflow/example_dags/example_task_group_decorator.py
[2024-04-08T09:33:50.965+0000] {processor.py:830} INFO - Processing file /home/airflow/.local/lib/python3.8/site-packages/airflow/example_dags/example_task_group_decorator.py for tasks to queue
[2024-04-08T09:33:50.966+0000] {logging_mixin.py:188} INFO - [2024-04-08T09:33:50.966+0000] {dagbag.py:540} INFO - Filling up the DagBag from /home/airflow/.local/lib/python3.8/site-packages/airflow/example_dags/example_task_group_decorator.py
[2024-04-08T09:33:50.972+0000] {processor.py:840} INFO - DAG(s) 'example_task_group_decorator' retrieved from /home/airflow/.local/lib/python3.8/site-packages/airflow/example_dags/example_task_group_decorator.py
[2024-04-08T09:33:51.048+0000] {logging_mixin.py:188} INFO - [2024-04-08T09:33:51.048+0000] {dag.py:3047} INFO - Sync 1 DAGs
[2024-04-08T09:33:51.087+0000] {logging_mixin.py:188} INFO - [2024-04-08T09:33:51.086+0000] {dag.py:3834} INFO - Setting next_dagrun for example_task_group_decorator to 2024-04-07 00:00:00+00:00, run_after=2024-04-08 00:00:00+00:00
[2024-04-08T09:33:51.109+0000] {processor.py:183} INFO - Processing /home/airflow/.local/lib/python3.8/site-packages/airflow/example_dags/example_task_group_decorator.py took 0.146 seconds
[2024-04-08T09:34:21.228+0000] {processor.py:161} INFO - Started process (PID=563) to work on /home/airflow/.local/lib/python3.8/site-packages/airflow/example_dags/example_task_group_decorator.py
[2024-04-08T09:34:21.228+0000] {processor.py:830} INFO - Processing file /home/airflow/.local/lib/python3.8/site-packages/airflow/example_dags/example_task_group_decorator.py for tasks to queue
[2024-04-08T09:34:21.229+0000] {logging_mixin.py:188} INFO - [2024-04-08T09:34:21.229+0000] {dagbag.py:540} INFO - Filling up the DagBag from /home/airflow/.local/lib/python3.8/site-packages/airflow/example_dags/example_task_group_decorator.py
[2024-04-08T09:34:21.235+0000] {processor.py:840} INFO - DAG(s) 'example_task_group_decorator' retrieved from /home/airflow/.local/lib/python3.8/site-packages/airflow/example_dags/example_task_group_decorator.py
[2024-04-08T09:34:21.306+0000] {logging_mixin.py:188} INFO - [2024-04-08T09:34:21.306+0000] {dag.py:3047} INFO - Sync 1 DAGs
[2024-04-08T09:34:21.340+0000] {logging_mixin.py:188} INFO - [2024-04-08T09:34:21.340+0000] {dag.py:3834} INFO - Setting next_dagrun for example_task_group_decorator to 2024-04-07 00:00:00+00:00, run_after=2024-04-08 00:00:00+00:00
[2024-04-08T09:34:21.359+0000] {processor.py:183} INFO - Processing /home/airflow/.local/lib/python3.8/site-packages/airflow/example_dags/example_task_group_decorator.py took 0.132 seconds
[2024-04-08T09:34:51.468+0000] {processor.py:161} INFO - Started process (PID=618) to work on /home/airflow/.local/lib/python3.8/site-packages/airflow/example_dags/example_task_group_decorator.py
[2024-04-08T09:34:51.468+0000] {processor.py:830} INFO - Processing file /home/airflow/.local/lib/python3.8/site-packages/airflow/example_dags/example_task_group_decorator.py for tasks to queue
[2024-04-08T09:34:51.469+0000] {logging_mixin.py:188} INFO - [2024-04-08T09:34:51.469+0000] {dagbag.py:540} INFO - Filling up the DagBag from /home/airflow/.local/lib/python3.8/site-packages/airflow/example_dags/example_task_group_decorator.py
[2024-04-08T09:34:51.475+0000] {processor.py:840} INFO - DAG(s) 'example_task_group_decorator' retrieved from /home/airflow/.local/lib/python3.8/site-packages/airflow/example_dags/example_task_group_decorator.py
[2024-04-08T09:34:51.547+0000] {logging_mixin.py:188} INFO - [2024-04-08T09:34:51.547+0000] {dag.py:3047} INFO - Sync 1 DAGs
[2024-04-08T09:34:51.583+0000] {logging_mixin.py:188} INFO - [2024-04-08T09:34:51.583+0000] {dag.py:3834} INFO - Setting next_dagrun for example_task_group_decorator to 2024-04-07 00:00:00+00:00, run_after=2024-04-08 00:00:00+00:00
[2024-04-08T09:34:51.604+0000] {processor.py:183} INFO - Processing /home/airflow/.local/lib/python3.8/site-packages/airflow/example_dags/example_task_group_decorator.py took 0.138 seconds
[2024-04-08T09:35:22.133+0000] {processor.py:161} INFO - Started process (PID=673) to work on /home/airflow/.local/lib/python3.8/site-packages/airflow/example_dags/example_task_group_decorator.py
[2024-04-08T09:35:22.134+0000] {processor.py:830} INFO - Processing file /home/airflow/.local/lib/python3.8/site-packages/airflow/example_dags/example_task_group_decorator.py for tasks to queue
[2024-04-08T09:35:22.135+0000] {logging_mixin.py:188} INFO - [2024-04-08T09:35:22.134+0000] {dagbag.py:540} INFO - Filling up the DagBag from /home/airflow/.local/lib/python3.8/site-packages/airflow/example_dags/example_task_group_decorator.py
[2024-04-08T09:35:22.141+0000] {processor.py:840} INFO - DAG(s) 'example_task_group_decorator' retrieved from /home/airflow/.local/lib/python3.8/site-packages/airflow/example_dags/example_task_group_decorator.py
[2024-04-08T09:35:22.214+0000] {logging_mixin.py:188} INFO - [2024-04-08T09:35:22.214+0000] {dag.py:3047} INFO - Sync 1 DAGs
[2024-04-08T09:35:22.250+0000] {logging_mixin.py:188} INFO - [2024-04-08T09:35:22.250+0000] {dag.py:3834} INFO - Setting next_dagrun for example_task_group_decorator to 2024-04-07 00:00:00+00:00, run_after=2024-04-08 00:00:00+00:00
[2024-04-08T09:35:22.270+0000] {processor.py:183} INFO - Processing /home/airflow/.local/lib/python3.8/site-packages/airflow/example_dags/example_task_group_decorator.py took 0.138 seconds
[2024-04-08T09:35:52.362+0000] {processor.py:161} INFO - Started process (PID=728) to work on /home/airflow/.local/lib/python3.8/site-packages/airflow/example_dags/example_task_group_decorator.py
[2024-04-08T09:35:52.362+0000] {processor.py:830} INFO - Processing file /home/airflow/.local/lib/python3.8/site-packages/airflow/example_dags/example_task_group_decorator.py for tasks to queue
[2024-04-08T09:35:52.364+0000] {logging_mixin.py:188} INFO - [2024-04-08T09:35:52.364+0000] {dagbag.py:540} INFO - Filling up the DagBag from /home/airflow/.local/lib/python3.8/site-packages/airflow/example_dags/example_task_group_decorator.py
[2024-04-08T09:35:52.371+0000] {processor.py:840} INFO - DAG(s) 'example_task_group_decorator' retrieved from /home/airflow/.local/lib/python3.8/site-packages/airflow/example_dags/example_task_group_decorator.py
[2024-04-08T09:35:52.444+0000] {logging_mixin.py:188} INFO - [2024-04-08T09:35:52.444+0000] {dag.py:3047} INFO - Sync 1 DAGs
[2024-04-08T09:35:52.481+0000] {logging_mixin.py:188} INFO - [2024-04-08T09:35:52.481+0000] {dag.py:3834} INFO - Setting next_dagrun for example_task_group_decorator to 2024-04-07 00:00:00+00:00, run_after=2024-04-08 00:00:00+00:00
[2024-04-08T09:35:52.501+0000] {processor.py:183} INFO - Processing /home/airflow/.local/lib/python3.8/site-packages/airflow/example_dags/example_task_group_decorator.py took 0.141 seconds
[2024-04-08T09:36:22.558+0000] {processor.py:161} INFO - Started process (PID=783) to work on /home/airflow/.local/lib/python3.8/site-packages/airflow/example_dags/example_task_group_decorator.py
[2024-04-08T09:36:22.559+0000] {processor.py:830} INFO - Processing file /home/airflow/.local/lib/python3.8/site-packages/airflow/example_dags/example_task_group_decorator.py for tasks to queue
[2024-04-08T09:36:22.560+0000] {logging_mixin.py:188} INFO - [2024-04-08T09:36:22.559+0000] {dagbag.py:540} INFO - Filling up the DagBag from /home/airflow/.local/lib/python3.8/site-packages/airflow/example_dags/example_task_group_decorator.py
[2024-04-08T09:36:22.566+0000] {processor.py:840} INFO - DAG(s) 'example_task_group_decorator' retrieved from /home/airflow/.local/lib/python3.8/site-packages/airflow/example_dags/example_task_group_decorator.py
[2024-04-08T09:36:22.661+0000] {logging_mixin.py:188} INFO - [2024-04-08T09:36:22.661+0000] {dag.py:3047} INFO - Sync 1 DAGs
[2024-04-08T09:36:22.715+0000] {logging_mixin.py:188} INFO - [2024-04-08T09:36:22.715+0000] {dag.py:3834} INFO - Setting next_dagrun for example_task_group_decorator to 2024-04-07 00:00:00+00:00, run_after=2024-04-08 00:00:00+00:00
[2024-04-08T09:36:22.739+0000] {processor.py:183} INFO - Processing /home/airflow/.local/lib/python3.8/site-packages/airflow/example_dags/example_task_group_decorator.py took 0.183 seconds
[2024-04-08T09:36:52.829+0000] {processor.py:161} INFO - Started process (PID=838) to work on /home/airflow/.local/lib/python3.8/site-packages/airflow/example_dags/example_task_group_decorator.py
[2024-04-08T09:36:52.829+0000] {processor.py:830} INFO - Processing file /home/airflow/.local/lib/python3.8/site-packages/airflow/example_dags/example_task_group_decorator.py for tasks to queue
[2024-04-08T09:36:52.830+0000] {logging_mixin.py:188} INFO - [2024-04-08T09:36:52.830+0000] {dagbag.py:540} INFO - Filling up the DagBag from /home/airflow/.local/lib/python3.8/site-packages/airflow/example_dags/example_task_group_decorator.py
[2024-04-08T09:36:52.836+0000] {processor.py:840} INFO - DAG(s) 'example_task_group_decorator' retrieved from /home/airflow/.local/lib/python3.8/site-packages/airflow/example_dags/example_task_group_decorator.py
[2024-04-08T09:36:52.921+0000] {logging_mixin.py:188} INFO - [2024-04-08T09:36:52.921+0000] {dag.py:3047} INFO - Sync 1 DAGs
[2024-04-08T09:36:52.965+0000] {logging_mixin.py:188} INFO - [2024-04-08T09:36:52.965+0000] {dag.py:3834} INFO - Setting next_dagrun for example_task_group_decorator to 2024-04-07 00:00:00+00:00, run_after=2024-04-08 00:00:00+00:00
[2024-04-08T09:36:52.989+0000] {processor.py:183} INFO - Processing /home/airflow/.local/lib/python3.8/site-packages/airflow/example_dags/example_task_group_decorator.py took 0.162 seconds
[2024-04-08T09:37:23.123+0000] {processor.py:161} INFO - Started process (PID=893) to work on /home/airflow/.local/lib/python3.8/site-packages/airflow/example_dags/example_task_group_decorator.py
[2024-04-08T09:37:23.123+0000] {processor.py:830} INFO - Processing file /home/airflow/.local/lib/python3.8/site-packages/airflow/example_dags/example_task_group_decorator.py for tasks to queue
[2024-04-08T09:37:23.124+0000] {logging_mixin.py:188} INFO - [2024-04-08T09:37:23.124+0000] {dagbag.py:540} INFO - Filling up the DagBag from /home/airflow/.local/lib/python3.8/site-packages/airflow/example_dags/example_task_group_decorator.py
[2024-04-08T09:37:23.131+0000] {processor.py:840} INFO - DAG(s) 'example_task_group_decorator' retrieved from /home/airflow/.local/lib/python3.8/site-packages/airflow/example_dags/example_task_group_decorator.py
[2024-04-08T09:37:23.217+0000] {logging_mixin.py:188} INFO - [2024-04-08T09:37:23.217+0000] {dag.py:3047} INFO - Sync 1 DAGs
[2024-04-08T09:37:23.263+0000] {logging_mixin.py:188} INFO - [2024-04-08T09:37:23.263+0000] {dag.py:3834} INFO - Setting next_dagrun for example_task_group_decorator to 2024-04-07 00:00:00+00:00, run_after=2024-04-08 00:00:00+00:00
[2024-04-08T09:37:23.288+0000] {processor.py:183} INFO - Processing /home/airflow/.local/lib/python3.8/site-packages/airflow/example_dags/example_task_group_decorator.py took 0.167 seconds
[2024-04-08T09:37:54.173+0000] {processor.py:161} INFO - Started process (PID=948) to work on /home/airflow/.local/lib/python3.8/site-packages/airflow/example_dags/example_task_group_decorator.py
[2024-04-08T09:37:54.174+0000] {processor.py:830} INFO - Processing file /home/airflow/.local/lib/python3.8/site-packages/airflow/example_dags/example_task_group_decorator.py for tasks to queue
[2024-04-08T09:37:54.175+0000] {logging_mixin.py:188} INFO - [2024-04-08T09:37:54.175+0000] {dagbag.py:540} INFO - Filling up the DagBag from /home/airflow/.local/lib/python3.8/site-packages/airflow/example_dags/example_task_group_decorator.py
[2024-04-08T09:37:54.183+0000] {processor.py:840} INFO - DAG(s) 'example_task_group_decorator' retrieved from /home/airflow/.local/lib/python3.8/site-packages/airflow/example_dags/example_task_group_decorator.py
[2024-04-08T09:37:54.272+0000] {logging_mixin.py:188} INFO - [2024-04-08T09:37:54.272+0000] {dag.py:3047} INFO - Sync 1 DAGs
[2024-04-08T09:37:54.310+0000] {logging_mixin.py:188} INFO - [2024-04-08T09:37:54.310+0000] {dag.py:3834} INFO - Setting next_dagrun for example_task_group_decorator to 2024-04-07 00:00:00+00:00, run_after=2024-04-08 00:00:00+00:00
[2024-04-08T09:37:54.332+0000] {processor.py:183} INFO - Processing /home/airflow/.local/lib/python3.8/site-packages/airflow/example_dags/example_task_group_decorator.py took 0.161 seconds
[2024-04-08T09:38:25.009+0000] {processor.py:161} INFO - Started process (PID=1003) to work on /home/airflow/.local/lib/python3.8/site-packages/airflow/example_dags/example_task_group_decorator.py
[2024-04-08T09:38:25.009+0000] {processor.py:830} INFO - Processing file /home/airflow/.local/lib/python3.8/site-packages/airflow/example_dags/example_task_group_decorator.py for tasks to queue
[2024-04-08T09:38:25.011+0000] {logging_mixin.py:188} INFO - [2024-04-08T09:38:25.011+0000] {dagbag.py:540} INFO - Filling up the DagBag from /home/airflow/.local/lib/python3.8/site-packages/airflow/example_dags/example_task_group_decorator.py
[2024-04-08T09:38:25.019+0000] {processor.py:840} INFO - DAG(s) 'example_task_group_decorator' retrieved from /home/airflow/.local/lib/python3.8/site-packages/airflow/example_dags/example_task_group_decorator.py
[2024-04-08T09:38:25.103+0000] {logging_mixin.py:188} INFO - [2024-04-08T09:38:25.103+0000] {dag.py:3047} INFO - Sync 1 DAGs
[2024-04-08T09:38:25.147+0000] {logging_mixin.py:188} INFO - [2024-04-08T09:38:25.147+0000] {dag.py:3834} INFO - Setting next_dagrun for example_task_group_decorator to 2024-04-07 00:00:00+00:00, run_after=2024-04-08 00:00:00+00:00
[2024-04-08T09:38:25.171+0000] {processor.py:183} INFO - Processing /home/airflow/.local/lib/python3.8/site-packages/airflow/example_dags/example_task_group_decorator.py took 0.165 seconds
[2024-04-08T09:38:55.725+0000] {processor.py:161} INFO - Started process (PID=1058) to work on /home/airflow/.local/lib/python3.8/site-packages/airflow/example_dags/example_task_group_decorator.py
[2024-04-08T09:38:55.726+0000] {processor.py:830} INFO - Processing file /home/airflow/.local/lib/python3.8/site-packages/airflow/example_dags/example_task_group_decorator.py for tasks to queue
[2024-04-08T09:38:55.728+0000] {logging_mixin.py:188} INFO - [2024-04-08T09:38:55.728+0000] {dagbag.py:540} INFO - Filling up the DagBag from /home/airflow/.local/lib/python3.8/site-packages/airflow/example_dags/example_task_group_decorator.py
[2024-04-08T09:38:55.745+0000] {processor.py:840} INFO - DAG(s) 'example_task_group_decorator' retrieved from /home/airflow/.local/lib/python3.8/site-packages/airflow/example_dags/example_task_group_decorator.py
[2024-04-08T09:38:55.883+0000] {logging_mixin.py:188} INFO - [2024-04-08T09:38:55.882+0000] {dag.py:3047} INFO - Sync 1 DAGs
[2024-04-08T09:38:55.963+0000] {logging_mixin.py:188} INFO - [2024-04-08T09:38:55.962+0000] {dag.py:3834} INFO - Setting next_dagrun for example_task_group_decorator to 2024-04-07 00:00:00+00:00, run_after=2024-04-08 00:00:00+00:00
[2024-04-08T09:38:56.009+0000] {processor.py:183} INFO - Processing /home/airflow/.local/lib/python3.8/site-packages/airflow/example_dags/example_task_group_decorator.py took 0.286 seconds
[2024-04-08T09:39:26.519+0000] {processor.py:161} INFO - Started process (PID=1112) to work on /home/airflow/.local/lib/python3.8/site-packages/airflow/example_dags/example_task_group_decorator.py
[2024-04-08T09:39:26.520+0000] {processor.py:830} INFO - Processing file /home/airflow/.local/lib/python3.8/site-packages/airflow/example_dags/example_task_group_decorator.py for tasks to queue
[2024-04-08T09:39:26.521+0000] {logging_mixin.py:188} INFO - [2024-04-08T09:39:26.521+0000] {dagbag.py:540} INFO - Filling up the DagBag from /home/airflow/.local/lib/python3.8/site-packages/airflow/example_dags/example_task_group_decorator.py
[2024-04-08T09:39:26.529+0000] {processor.py:840} INFO - DAG(s) 'example_task_group_decorator' retrieved from /home/airflow/.local/lib/python3.8/site-packages/airflow/example_dags/example_task_group_decorator.py
[2024-04-08T09:39:26.603+0000] {logging_mixin.py:188} INFO - [2024-04-08T09:39:26.603+0000] {dag.py:3047} INFO - Sync 1 DAGs
[2024-04-08T09:39:26.639+0000] {logging_mixin.py:188} INFO - [2024-04-08T09:39:26.639+0000] {dag.py:3834} INFO - Setting next_dagrun for example_task_group_decorator to 2024-04-07 00:00:00+00:00, run_after=2024-04-08 00:00:00+00:00
[2024-04-08T09:39:26.661+0000] {processor.py:183} INFO - Processing /home/airflow/.local/lib/python3.8/site-packages/airflow/example_dags/example_task_group_decorator.py took 0.144 seconds
[2024-04-08T09:39:56.687+0000] {processor.py:161} INFO - Started process (PID=1167) to work on /home/airflow/.local/lib/python3.8/site-packages/airflow/example_dags/example_task_group_decorator.py
[2024-04-08T09:39:56.687+0000] {processor.py:830} INFO - Processing file /home/airflow/.local/lib/python3.8/site-packages/airflow/example_dags/example_task_group_decorator.py for tasks to queue
[2024-04-08T09:39:56.688+0000] {logging_mixin.py:188} INFO - [2024-04-08T09:39:56.688+0000] {dagbag.py:540} INFO - Filling up the DagBag from /home/airflow/.local/lib/python3.8/site-packages/airflow/example_dags/example_task_group_decorator.py
[2024-04-08T09:39:56.695+0000] {processor.py:840} INFO - DAG(s) 'example_task_group_decorator' retrieved from /home/airflow/.local/lib/python3.8/site-packages/airflow/example_dags/example_task_group_decorator.py
[2024-04-08T09:39:56.772+0000] {logging_mixin.py:188} INFO - [2024-04-08T09:39:56.772+0000] {dag.py:3047} INFO - Sync 1 DAGs
[2024-04-08T09:39:56.812+0000] {logging_mixin.py:188} INFO - [2024-04-08T09:39:56.812+0000] {dag.py:3834} INFO - Setting next_dagrun for example_task_group_decorator to 2024-04-07 00:00:00+00:00, run_after=2024-04-08 00:00:00+00:00
[2024-04-08T09:39:56.834+0000] {processor.py:183} INFO - Processing /home/airflow/.local/lib/python3.8/site-packages/airflow/example_dags/example_task_group_decorator.py took 0.149 seconds
[2024-04-08T09:40:27.081+0000] {processor.py:161} INFO - Started process (PID=1221) to work on /home/airflow/.local/lib/python3.8/site-packages/airflow/example_dags/example_task_group_decorator.py
[2024-04-08T09:40:27.081+0000] {processor.py:830} INFO - Processing file /home/airflow/.local/lib/python3.8/site-packages/airflow/example_dags/example_task_group_decorator.py for tasks to queue
[2024-04-08T09:40:27.082+0000] {logging_mixin.py:188} INFO - [2024-04-08T09:40:27.082+0000] {dagbag.py:540} INFO - Filling up the DagBag from /home/airflow/.local/lib/python3.8/site-packages/airflow/example_dags/example_task_group_decorator.py
[2024-04-08T09:40:27.088+0000] {processor.py:840} INFO - DAG(s) 'example_task_group_decorator' retrieved from /home/airflow/.local/lib/python3.8/site-packages/airflow/example_dags/example_task_group_decorator.py
[2024-04-08T09:40:27.164+0000] {logging_mixin.py:188} INFO - [2024-04-08T09:40:27.164+0000] {dag.py:3047} INFO - Sync 1 DAGs
[2024-04-08T09:40:27.204+0000] {logging_mixin.py:188} INFO - [2024-04-08T09:40:27.204+0000] {dag.py:3834} INFO - Setting next_dagrun for example_task_group_decorator to 2024-04-07 00:00:00+00:00, run_after=2024-04-08 00:00:00+00:00
[2024-04-08T09:40:27.234+0000] {processor.py:183} INFO - Processing /home/airflow/.local/lib/python3.8/site-packages/airflow/example_dags/example_task_group_decorator.py took 0.155 seconds
[2024-04-08T09:40:57.357+0000] {processor.py:161} INFO - Started process (PID=1276) to work on /home/airflow/.local/lib/python3.8/site-packages/airflow/example_dags/example_task_group_decorator.py
[2024-04-08T09:40:57.358+0000] {processor.py:830} INFO - Processing file /home/airflow/.local/lib/python3.8/site-packages/airflow/example_dags/example_task_group_decorator.py for tasks to queue
[2024-04-08T09:40:57.359+0000] {logging_mixin.py:188} INFO - [2024-04-08T09:40:57.358+0000] {dagbag.py:540} INFO - Filling up the DagBag from /home/airflow/.local/lib/python3.8/site-packages/airflow/example_dags/example_task_group_decorator.py
[2024-04-08T09:40:57.365+0000] {processor.py:840} INFO - DAG(s) 'example_task_group_decorator' retrieved from /home/airflow/.local/lib/python3.8/site-packages/airflow/example_dags/example_task_group_decorator.py
[2024-04-08T09:40:57.433+0000] {logging_mixin.py:188} INFO - [2024-04-08T09:40:57.433+0000] {dag.py:3047} INFO - Sync 1 DAGs
[2024-04-08T09:40:57.467+0000] {logging_mixin.py:188} INFO - [2024-04-08T09:40:57.467+0000] {dag.py:3834} INFO - Setting next_dagrun for example_task_group_decorator to 2024-04-07 00:00:00+00:00, run_after=2024-04-08 00:00:00+00:00
[2024-04-08T09:40:57.486+0000] {processor.py:183} INFO - Processing /home/airflow/.local/lib/python3.8/site-packages/airflow/example_dags/example_task_group_decorator.py took 0.130 seconds
[2024-04-08T09:41:28.400+0000] {processor.py:161} INFO - Started process (PID=1331) to work on /home/airflow/.local/lib/python3.8/site-packages/airflow/example_dags/example_task_group_decorator.py
[2024-04-08T09:41:28.401+0000] {processor.py:830} INFO - Processing file /home/airflow/.local/lib/python3.8/site-packages/airflow/example_dags/example_task_group_decorator.py for tasks to queue
[2024-04-08T09:41:28.402+0000] {logging_mixin.py:188} INFO - [2024-04-08T09:41:28.402+0000] {dagbag.py:540} INFO - Filling up the DagBag from /home/airflow/.local/lib/python3.8/site-packages/airflow/example_dags/example_task_group_decorator.py
[2024-04-08T09:41:28.408+0000] {processor.py:840} INFO - DAG(s) 'example_task_group_decorator' retrieved from /home/airflow/.local/lib/python3.8/site-packages/airflow/example_dags/example_task_group_decorator.py
[2024-04-08T09:41:28.485+0000] {logging_mixin.py:188} INFO - [2024-04-08T09:41:28.485+0000] {dag.py:3047} INFO - Sync 1 DAGs
[2024-04-08T09:41:28.525+0000] {logging_mixin.py:188} INFO - [2024-04-08T09:41:28.524+0000] {dag.py:3834} INFO - Setting next_dagrun for example_task_group_decorator to 2024-04-07 00:00:00+00:00, run_after=2024-04-08 00:00:00+00:00
[2024-04-08T09:41:28.544+0000] {processor.py:183} INFO - Processing /home/airflow/.local/lib/python3.8/site-packages/airflow/example_dags/example_task_group_decorator.py took 0.145 seconds
[2024-04-08T09:41:59.324+0000] {processor.py:161} INFO - Started process (PID=1386) to work on /home/airflow/.local/lib/python3.8/site-packages/airflow/example_dags/example_task_group_decorator.py
[2024-04-08T09:41:59.324+0000] {processor.py:830} INFO - Processing file /home/airflow/.local/lib/python3.8/site-packages/airflow/example_dags/example_task_group_decorator.py for tasks to queue
[2024-04-08T09:41:59.325+0000] {logging_mixin.py:188} INFO - [2024-04-08T09:41:59.325+0000] {dagbag.py:540} INFO - Filling up the DagBag from /home/airflow/.local/lib/python3.8/site-packages/airflow/example_dags/example_task_group_decorator.py
[2024-04-08T09:41:59.334+0000] {processor.py:840} INFO - DAG(s) 'example_task_group_decorator' retrieved from /home/airflow/.local/lib/python3.8/site-packages/airflow/example_dags/example_task_group_decorator.py
[2024-04-08T09:41:59.410+0000] {logging_mixin.py:188} INFO - [2024-04-08T09:41:59.410+0000] {dag.py:3047} INFO - Sync 1 DAGs
[2024-04-08T09:41:59.447+0000] {logging_mixin.py:188} INFO - [2024-04-08T09:41:59.447+0000] {dag.py:3834} INFO - Setting next_dagrun for example_task_group_decorator to 2024-04-07 00:00:00+00:00, run_after=2024-04-08 00:00:00+00:00
[2024-04-08T09:41:59.466+0000] {processor.py:183} INFO - Processing /home/airflow/.local/lib/python3.8/site-packages/airflow/example_dags/example_task_group_decorator.py took 0.144 seconds
[2024-04-08T09:42:29.653+0000] {processor.py:161} INFO - Started process (PID=1441) to work on /home/airflow/.local/lib/python3.8/site-packages/airflow/example_dags/example_task_group_decorator.py
[2024-04-08T09:42:29.653+0000] {processor.py:830} INFO - Processing file /home/airflow/.local/lib/python3.8/site-packages/airflow/example_dags/example_task_group_decorator.py for tasks to queue
[2024-04-08T09:42:29.654+0000] {logging_mixin.py:188} INFO - [2024-04-08T09:42:29.654+0000] {dagbag.py:540} INFO - Filling up the DagBag from /home/airflow/.local/lib/python3.8/site-packages/airflow/example_dags/example_task_group_decorator.py
[2024-04-08T09:42:29.660+0000] {processor.py:840} INFO - DAG(s) 'example_task_group_decorator' retrieved from /home/airflow/.local/lib/python3.8/site-packages/airflow/example_dags/example_task_group_decorator.py
[2024-04-08T09:42:29.735+0000] {logging_mixin.py:188} INFO - [2024-04-08T09:42:29.735+0000] {dag.py:3047} INFO - Sync 1 DAGs
[2024-04-08T09:42:29.769+0000] {logging_mixin.py:188} INFO - [2024-04-08T09:42:29.769+0000] {dag.py:3834} INFO - Setting next_dagrun for example_task_group_decorator to 2024-04-07 00:00:00+00:00, run_after=2024-04-08 00:00:00+00:00
[2024-04-08T09:42:29.799+0000] {processor.py:183} INFO - Processing /home/airflow/.local/lib/python3.8/site-packages/airflow/example_dags/example_task_group_decorator.py took 0.148 seconds
[2024-04-08T09:42:59.943+0000] {processor.py:161} INFO - Started process (PID=1496) to work on /home/airflow/.local/lib/python3.8/site-packages/airflow/example_dags/example_task_group_decorator.py
[2024-04-08T09:42:59.943+0000] {processor.py:830} INFO - Processing file /home/airflow/.local/lib/python3.8/site-packages/airflow/example_dags/example_task_group_decorator.py for tasks to queue
[2024-04-08T09:42:59.944+0000] {logging_mixin.py:188} INFO - [2024-04-08T09:42:59.944+0000] {dagbag.py:540} INFO - Filling up the DagBag from /home/airflow/.local/lib/python3.8/site-packages/airflow/example_dags/example_task_group_decorator.py
[2024-04-08T09:42:59.951+0000] {processor.py:840} INFO - DAG(s) 'example_task_group_decorator' retrieved from /home/airflow/.local/lib/python3.8/site-packages/airflow/example_dags/example_task_group_decorator.py
[2024-04-08T09:43:00.025+0000] {logging_mixin.py:188} INFO - [2024-04-08T09:43:00.025+0000] {dag.py:3047} INFO - Sync 1 DAGs
[2024-04-08T09:43:00.061+0000] {logging_mixin.py:188} INFO - [2024-04-08T09:43:00.061+0000] {dag.py:3834} INFO - Setting next_dagrun for example_task_group_decorator to 2024-04-07 00:00:00+00:00, run_after=2024-04-08 00:00:00+00:00
[2024-04-08T09:43:00.081+0000] {processor.py:183} INFO - Processing /home/airflow/.local/lib/python3.8/site-packages/airflow/example_dags/example_task_group_decorator.py took 0.140 seconds
[2024-04-08T09:43:30.209+0000] {processor.py:161} INFO - Started process (PID=1551) to work on /home/airflow/.local/lib/python3.8/site-packages/airflow/example_dags/example_task_group_decorator.py
[2024-04-08T09:43:30.209+0000] {processor.py:830} INFO - Processing file /home/airflow/.local/lib/python3.8/site-packages/airflow/example_dags/example_task_group_decorator.py for tasks to queue
[2024-04-08T09:43:30.210+0000] {logging_mixin.py:188} INFO - [2024-04-08T09:43:30.210+0000] {dagbag.py:540} INFO - Filling up the DagBag from /home/airflow/.local/lib/python3.8/site-packages/airflow/example_dags/example_task_group_decorator.py
[2024-04-08T09:43:30.217+0000] {processor.py:840} INFO - DAG(s) 'example_task_group_decorator' retrieved from /home/airflow/.local/lib/python3.8/site-packages/airflow/example_dags/example_task_group_decorator.py
[2024-04-08T09:43:30.291+0000] {logging_mixin.py:188} INFO - [2024-04-08T09:43:30.290+0000] {dag.py:3047} INFO - Sync 1 DAGs
[2024-04-08T09:43:30.327+0000] {logging_mixin.py:188} INFO - [2024-04-08T09:43:30.327+0000] {dag.py:3834} INFO - Setting next_dagrun for example_task_group_decorator to 2024-04-07 00:00:00+00:00, run_after=2024-04-08 00:00:00+00:00
[2024-04-08T09:43:30.347+0000] {processor.py:183} INFO - Processing /home/airflow/.local/lib/python3.8/site-packages/airflow/example_dags/example_task_group_decorator.py took 0.140 seconds
[2024-04-08T09:44:00.920+0000] {processor.py:161} INFO - Started process (PID=1606) to work on /home/airflow/.local/lib/python3.8/site-packages/airflow/example_dags/example_task_group_decorator.py
[2024-04-08T09:44:00.920+0000] {processor.py:830} INFO - Processing file /home/airflow/.local/lib/python3.8/site-packages/airflow/example_dags/example_task_group_decorator.py for tasks to queue
[2024-04-08T09:44:00.921+0000] {logging_mixin.py:188} INFO - [2024-04-08T09:44:00.921+0000] {dagbag.py:540} INFO - Filling up the DagBag from /home/airflow/.local/lib/python3.8/site-packages/airflow/example_dags/example_task_group_decorator.py
[2024-04-08T09:44:00.928+0000] {processor.py:840} INFO - DAG(s) 'example_task_group_decorator' retrieved from /home/airflow/.local/lib/python3.8/site-packages/airflow/example_dags/example_task_group_decorator.py
[2024-04-08T09:44:01.006+0000] {logging_mixin.py:188} INFO - [2024-04-08T09:44:01.005+0000] {dag.py:3047} INFO - Sync 1 DAGs
[2024-04-08T09:44:01.042+0000] {logging_mixin.py:188} INFO - [2024-04-08T09:44:01.042+0000] {dag.py:3834} INFO - Setting next_dagrun for example_task_group_decorator to 2024-04-07 00:00:00+00:00, run_after=2024-04-08 00:00:00+00:00
[2024-04-08T09:44:01.063+0000] {processor.py:183} INFO - Processing /home/airflow/.local/lib/python3.8/site-packages/airflow/example_dags/example_task_group_decorator.py took 0.145 seconds
[2024-04-08T09:44:31.118+0000] {processor.py:161} INFO - Started process (PID=1661) to work on /home/airflow/.local/lib/python3.8/site-packages/airflow/example_dags/example_task_group_decorator.py
[2024-04-08T09:44:31.118+0000] {processor.py:830} INFO - Processing file /home/airflow/.local/lib/python3.8/site-packages/airflow/example_dags/example_task_group_decorator.py for tasks to queue
[2024-04-08T09:44:31.119+0000] {logging_mixin.py:188} INFO - [2024-04-08T09:44:31.119+0000] {dagbag.py:540} INFO - Filling up the DagBag from /home/airflow/.local/lib/python3.8/site-packages/airflow/example_dags/example_task_group_decorator.py
[2024-04-08T09:44:31.126+0000] {processor.py:840} INFO - DAG(s) 'example_task_group_decorator' retrieved from /home/airflow/.local/lib/python3.8/site-packages/airflow/example_dags/example_task_group_decorator.py
[2024-04-08T09:44:31.198+0000] {logging_mixin.py:188} INFO - [2024-04-08T09:44:31.198+0000] {dag.py:3047} INFO - Sync 1 DAGs
[2024-04-08T09:44:31.234+0000] {logging_mixin.py:188} INFO - [2024-04-08T09:44:31.233+0000] {dag.py:3834} INFO - Setting next_dagrun for example_task_group_decorator to 2024-04-07 00:00:00+00:00, run_after=2024-04-08 00:00:00+00:00
[2024-04-08T09:44:31.255+0000] {processor.py:183} INFO - Processing /home/airflow/.local/lib/python3.8/site-packages/airflow/example_dags/example_task_group_decorator.py took 0.138 seconds
[2024-04-08T09:45:01.371+0000] {processor.py:161} INFO - Started process (PID=1716) to work on /home/airflow/.local/lib/python3.8/site-packages/airflow/example_dags/example_task_group_decorator.py
[2024-04-08T09:45:01.372+0000] {processor.py:830} INFO - Processing file /home/airflow/.local/lib/python3.8/site-packages/airflow/example_dags/example_task_group_decorator.py for tasks to queue
[2024-04-08T09:45:01.373+0000] {logging_mixin.py:188} INFO - [2024-04-08T09:45:01.372+0000] {dagbag.py:540} INFO - Filling up the DagBag from /home/airflow/.local/lib/python3.8/site-packages/airflow/example_dags/example_task_group_decorator.py
[2024-04-08T09:45:01.379+0000] {processor.py:840} INFO - DAG(s) 'example_task_group_decorator' retrieved from /home/airflow/.local/lib/python3.8/site-packages/airflow/example_dags/example_task_group_decorator.py
[2024-04-08T09:45:01.457+0000] {logging_mixin.py:188} INFO - [2024-04-08T09:45:01.457+0000] {dag.py:3047} INFO - Sync 1 DAGs
[2024-04-08T09:45:01.495+0000] {logging_mixin.py:188} INFO - [2024-04-08T09:45:01.495+0000] {dag.py:3834} INFO - Setting next_dagrun for example_task_group_decorator to 2024-04-07 00:00:00+00:00, run_after=2024-04-08 00:00:00+00:00
[2024-04-08T09:45:01.532+0000] {processor.py:183} INFO - Processing /home/airflow/.local/lib/python3.8/site-packages/airflow/example_dags/example_task_group_decorator.py took 0.162 seconds
[2024-04-08T09:45:31.670+0000] {processor.py:161} INFO - Started process (PID=1771) to work on /home/airflow/.local/lib/python3.8/site-packages/airflow/example_dags/example_task_group_decorator.py
[2024-04-08T09:45:31.671+0000] {processor.py:830} INFO - Processing file /home/airflow/.local/lib/python3.8/site-packages/airflow/example_dags/example_task_group_decorator.py for tasks to queue
[2024-04-08T09:45:31.671+0000] {logging_mixin.py:188} INFO - [2024-04-08T09:45:31.671+0000] {dagbag.py:540} INFO - Filling up the DagBag from /home/airflow/.local/lib/python3.8/site-packages/airflow/example_dags/example_task_group_decorator.py
[2024-04-08T09:45:31.677+0000] {processor.py:840} INFO - DAG(s) 'example_task_group_decorator' retrieved from /home/airflow/.local/lib/python3.8/site-packages/airflow/example_dags/example_task_group_decorator.py
[2024-04-08T09:45:31.746+0000] {logging_mixin.py:188} INFO - [2024-04-08T09:45:31.746+0000] {dag.py:3047} INFO - Sync 1 DAGs
[2024-04-08T09:45:31.781+0000] {logging_mixin.py:188} INFO - [2024-04-08T09:45:31.781+0000] {dag.py:3834} INFO - Setting next_dagrun for example_task_group_decorator to 2024-04-07 00:00:00+00:00, run_after=2024-04-08 00:00:00+00:00
[2024-04-08T09:45:31.798+0000] {processor.py:183} INFO - Processing /home/airflow/.local/lib/python3.8/site-packages/airflow/example_dags/example_task_group_decorator.py took 0.130 seconds
[2024-04-08T09:46:01.893+0000] {processor.py:161} INFO - Started process (PID=1826) to work on /home/airflow/.local/lib/python3.8/site-packages/airflow/example_dags/example_task_group_decorator.py
[2024-04-08T09:46:01.894+0000] {processor.py:830} INFO - Processing file /home/airflow/.local/lib/python3.8/site-packages/airflow/example_dags/example_task_group_decorator.py for tasks to queue
[2024-04-08T09:46:01.895+0000] {logging_mixin.py:188} INFO - [2024-04-08T09:46:01.894+0000] {dagbag.py:540} INFO - Filling up the DagBag from /home/airflow/.local/lib/python3.8/site-packages/airflow/example_dags/example_task_group_decorator.py
[2024-04-08T09:46:01.901+0000] {processor.py:840} INFO - DAG(s) 'example_task_group_decorator' retrieved from /home/airflow/.local/lib/python3.8/site-packages/airflow/example_dags/example_task_group_decorator.py
[2024-04-08T09:46:01.972+0000] {logging_mixin.py:188} INFO - [2024-04-08T09:46:01.972+0000] {dag.py:3047} INFO - Sync 1 DAGs
[2024-04-08T09:46:02.008+0000] {logging_mixin.py:188} INFO - [2024-04-08T09:46:02.007+0000] {dag.py:3834} INFO - Setting next_dagrun for example_task_group_decorator to 2024-04-07 00:00:00+00:00, run_after=2024-04-08 00:00:00+00:00
[2024-04-08T09:46:02.030+0000] {processor.py:183} INFO - Processing /home/airflow/.local/lib/python3.8/site-packages/airflow/example_dags/example_task_group_decorator.py took 0.138 seconds
