[2024-04-08T09:29:48.596+0000] {processor.py:161} INFO - Started process (PID=76) to work on /home/airflow/.local/lib/python3.8/site-packages/airflow/example_dags/example_datasets.py
[2024-04-08T09:29:48.597+0000] {processor.py:830} INFO - Processing file /home/airflow/.local/lib/python3.8/site-packages/airflow/example_dags/example_datasets.py for tasks to queue
[2024-04-08T09:29:48.598+0000] {logging_mixin.py:188} INFO - [2024-04-08T09:29:48.597+0000] {dagbag.py:540} INFO - Filling up the DagBag from /home/airflow/.local/lib/python3.8/site-packages/airflow/example_dags/example_datasets.py
[2024-04-08T09:29:48.603+0000] {processor.py:840} INFO - DAG(s) 'dataset_produces_2', 'dataset_consumes_unknown_never_scheduled', 'dataset_consumes_1', 'dataset_consumes_1_and_2', 'dataset_produces_1', 'dataset_consumes_1_never_scheduled' retrieved from /home/airflow/.local/lib/python3.8/site-packages/airflow/example_dags/example_datasets.py
[2024-04-08T09:29:48.673+0000] {logging_mixin.py:188} INFO - [2024-04-08T09:29:48.673+0000] {dag.py:3047} INFO - Sync 6 DAGs
[2024-04-08T09:29:48.719+0000] {logging_mixin.py:188} INFO - [2024-04-08T09:29:48.718+0000] {dag.py:3834} INFO - Setting next_dagrun for dataset_consumes_1 to None, run_after=None
[2024-04-08T09:29:48.722+0000] {logging_mixin.py:188} INFO - [2024-04-08T09:29:48.722+0000] {dag.py:3834} INFO - Setting next_dagrun for dataset_consumes_1_and_2 to None, run_after=None
[2024-04-08T09:29:48.723+0000] {logging_mixin.py:188} INFO - [2024-04-08T09:29:48.723+0000] {dag.py:3834} INFO - Setting next_dagrun for dataset_consumes_1_never_scheduled to None, run_after=None
[2024-04-08T09:29:48.724+0000] {logging_mixin.py:188} INFO - [2024-04-08T09:29:48.724+0000] {dag.py:3834} INFO - Setting next_dagrun for dataset_consumes_unknown_never_scheduled to None, run_after=None
[2024-04-08T09:29:48.725+0000] {logging_mixin.py:188} INFO - [2024-04-08T09:29:48.725+0000] {dag.py:3834} INFO - Setting next_dagrun for dataset_produces_1 to 2024-04-07 00:00:00+00:00, run_after=2024-04-08 00:00:00+00:00
[2024-04-08T09:29:48.726+0000] {logging_mixin.py:188} INFO - [2024-04-08T09:29:48.726+0000] {dag.py:3834} INFO - Setting next_dagrun for dataset_produces_2 to None, run_after=None
[2024-04-08T09:29:48.765+0000] {processor.py:183} INFO - Processing /home/airflow/.local/lib/python3.8/site-packages/airflow/example_dags/example_datasets.py took 0.171 seconds
[2024-04-08T09:30:19.945+0000] {processor.py:161} INFO - Started process (PID=131) to work on /home/airflow/.local/lib/python3.8/site-packages/airflow/example_dags/example_datasets.py
[2024-04-08T09:30:19.945+0000] {processor.py:830} INFO - Processing file /home/airflow/.local/lib/python3.8/site-packages/airflow/example_dags/example_datasets.py for tasks to queue
[2024-04-08T09:30:19.946+0000] {logging_mixin.py:188} INFO - [2024-04-08T09:30:19.946+0000] {dagbag.py:540} INFO - Filling up the DagBag from /home/airflow/.local/lib/python3.8/site-packages/airflow/example_dags/example_datasets.py
[2024-04-08T09:30:19.951+0000] {processor.py:840} INFO - DAG(s) 'dataset_produces_2', 'dataset_consumes_unknown_never_scheduled', 'dataset_produces_1', 'dataset_consumes_1', 'dataset_consumes_1_and_2', 'dataset_consumes_1_never_scheduled' retrieved from /home/airflow/.local/lib/python3.8/site-packages/airflow/example_dags/example_datasets.py
[2024-04-08T09:30:20.115+0000] {logging_mixin.py:188} INFO - [2024-04-08T09:30:20.115+0000] {dag.py:3047} INFO - Sync 6 DAGs
[2024-04-08T09:30:20.151+0000] {logging_mixin.py:188} INFO - [2024-04-08T09:30:20.151+0000] {dag.py:3834} INFO - Setting next_dagrun for dataset_consumes_1 to None, run_after=None
[2024-04-08T09:30:20.154+0000] {logging_mixin.py:188} INFO - [2024-04-08T09:30:20.153+0000] {dag.py:3834} INFO - Setting next_dagrun for dataset_consumes_1_and_2 to None, run_after=None
[2024-04-08T09:30:20.156+0000] {logging_mixin.py:188} INFO - [2024-04-08T09:30:20.156+0000] {dag.py:3834} INFO - Setting next_dagrun for dataset_consumes_1_never_scheduled to None, run_after=None
[2024-04-08T09:30:20.157+0000] {logging_mixin.py:188} INFO - [2024-04-08T09:30:20.157+0000] {dag.py:3834} INFO - Setting next_dagrun for dataset_consumes_unknown_never_scheduled to None, run_after=None
[2024-04-08T09:30:20.158+0000] {logging_mixin.py:188} INFO - [2024-04-08T09:30:20.158+0000] {dag.py:3834} INFO - Setting next_dagrun for dataset_produces_1 to 2024-04-07 00:00:00+00:00, run_after=2024-04-08 00:00:00+00:00
[2024-04-08T09:30:20.159+0000] {logging_mixin.py:188} INFO - [2024-04-08T09:30:20.159+0000] {dag.py:3834} INFO - Setting next_dagrun for dataset_produces_2 to None, run_after=None
[2024-04-08T09:30:20.201+0000] {processor.py:183} INFO - Processing /home/airflow/.local/lib/python3.8/site-packages/airflow/example_dags/example_datasets.py took 0.258 seconds
[2024-04-08T09:30:50.240+0000] {processor.py:161} INFO - Started process (PID=186) to work on /home/airflow/.local/lib/python3.8/site-packages/airflow/example_dags/example_datasets.py
[2024-04-08T09:30:50.240+0000] {processor.py:830} INFO - Processing file /home/airflow/.local/lib/python3.8/site-packages/airflow/example_dags/example_datasets.py for tasks to queue
[2024-04-08T09:30:50.241+0000] {logging_mixin.py:188} INFO - [2024-04-08T09:30:50.241+0000] {dagbag.py:540} INFO - Filling up the DagBag from /home/airflow/.local/lib/python3.8/site-packages/airflow/example_dags/example_datasets.py
[2024-04-08T09:30:50.245+0000] {processor.py:840} INFO - DAG(s) 'dataset_produces_2', 'dataset_consumes_1_and_2', 'dataset_produces_1', 'dataset_consumes_1_never_scheduled', 'dataset_consumes_unknown_never_scheduled', 'dataset_consumes_1' retrieved from /home/airflow/.local/lib/python3.8/site-packages/airflow/example_dags/example_datasets.py
[2024-04-08T09:30:50.327+0000] {logging_mixin.py:188} INFO - [2024-04-08T09:30:50.327+0000] {dag.py:3047} INFO - Sync 6 DAGs
[2024-04-08T09:30:50.368+0000] {logging_mixin.py:188} INFO - [2024-04-08T09:30:50.368+0000] {dag.py:3834} INFO - Setting next_dagrun for dataset_consumes_1 to None, run_after=None
[2024-04-08T09:30:50.371+0000] {logging_mixin.py:188} INFO - [2024-04-08T09:30:50.371+0000] {dag.py:3834} INFO - Setting next_dagrun for dataset_consumes_1_and_2 to None, run_after=None
[2024-04-08T09:30:50.372+0000] {logging_mixin.py:188} INFO - [2024-04-08T09:30:50.371+0000] {dag.py:3834} INFO - Setting next_dagrun for dataset_consumes_1_never_scheduled to None, run_after=None
[2024-04-08T09:30:50.372+0000] {logging_mixin.py:188} INFO - [2024-04-08T09:30:50.372+0000] {dag.py:3834} INFO - Setting next_dagrun for dataset_consumes_unknown_never_scheduled to None, run_after=None
[2024-04-08T09:30:50.374+0000] {logging_mixin.py:188} INFO - [2024-04-08T09:30:50.374+0000] {dag.py:3834} INFO - Setting next_dagrun for dataset_produces_1 to 2024-04-07 00:00:00+00:00, run_after=2024-04-08 00:00:00+00:00
[2024-04-08T09:30:50.375+0000] {logging_mixin.py:188} INFO - [2024-04-08T09:30:50.375+0000] {dag.py:3834} INFO - Setting next_dagrun for dataset_produces_2 to None, run_after=None
[2024-04-08T09:30:50.407+0000] {processor.py:183} INFO - Processing /home/airflow/.local/lib/python3.8/site-packages/airflow/example_dags/example_datasets.py took 0.169 seconds
[2024-04-08T09:31:20.449+0000] {processor.py:161} INFO - Started process (PID=241) to work on /home/airflow/.local/lib/python3.8/site-packages/airflow/example_dags/example_datasets.py
[2024-04-08T09:31:20.449+0000] {processor.py:830} INFO - Processing file /home/airflow/.local/lib/python3.8/site-packages/airflow/example_dags/example_datasets.py for tasks to queue
[2024-04-08T09:31:20.450+0000] {logging_mixin.py:188} INFO - [2024-04-08T09:31:20.450+0000] {dagbag.py:540} INFO - Filling up the DagBag from /home/airflow/.local/lib/python3.8/site-packages/airflow/example_dags/example_datasets.py
[2024-04-08T09:31:20.455+0000] {processor.py:840} INFO - DAG(s) 'dataset_produces_2', 'dataset_consumes_1', 'dataset_consumes_unknown_never_scheduled', 'dataset_produces_1', 'dataset_consumes_1_never_scheduled', 'dataset_consumes_1_and_2' retrieved from /home/airflow/.local/lib/python3.8/site-packages/airflow/example_dags/example_datasets.py
[2024-04-08T09:31:20.538+0000] {logging_mixin.py:188} INFO - [2024-04-08T09:31:20.538+0000] {dag.py:3047} INFO - Sync 6 DAGs
[2024-04-08T09:31:20.579+0000] {logging_mixin.py:188} INFO - [2024-04-08T09:31:20.579+0000] {dag.py:3834} INFO - Setting next_dagrun for dataset_consumes_1 to None, run_after=None
[2024-04-08T09:31:20.582+0000] {logging_mixin.py:188} INFO - [2024-04-08T09:31:20.582+0000] {dag.py:3834} INFO - Setting next_dagrun for dataset_consumes_1_and_2 to None, run_after=None
[2024-04-08T09:31:20.583+0000] {logging_mixin.py:188} INFO - [2024-04-08T09:31:20.583+0000] {dag.py:3834} INFO - Setting next_dagrun for dataset_consumes_1_never_scheduled to None, run_after=None
[2024-04-08T09:31:20.584+0000] {logging_mixin.py:188} INFO - [2024-04-08T09:31:20.584+0000] {dag.py:3834} INFO - Setting next_dagrun for dataset_consumes_unknown_never_scheduled to None, run_after=None
[2024-04-08T09:31:20.585+0000] {logging_mixin.py:188} INFO - [2024-04-08T09:31:20.585+0000] {dag.py:3834} INFO - Setting next_dagrun for dataset_produces_1 to 2024-04-07 00:00:00+00:00, run_after=2024-04-08 00:00:00+00:00
[2024-04-08T09:31:20.586+0000] {logging_mixin.py:188} INFO - [2024-04-08T09:31:20.586+0000] {dag.py:3834} INFO - Setting next_dagrun for dataset_produces_2 to None, run_after=None
[2024-04-08T09:31:20.622+0000] {processor.py:183} INFO - Processing /home/airflow/.local/lib/python3.8/site-packages/airflow/example_dags/example_datasets.py took 0.175 seconds
[2024-04-08T09:31:50.645+0000] {processor.py:161} INFO - Started process (PID=295) to work on /home/airflow/.local/lib/python3.8/site-packages/airflow/example_dags/example_datasets.py
[2024-04-08T09:31:50.645+0000] {processor.py:830} INFO - Processing file /home/airflow/.local/lib/python3.8/site-packages/airflow/example_dags/example_datasets.py for tasks to queue
[2024-04-08T09:31:50.646+0000] {logging_mixin.py:188} INFO - [2024-04-08T09:31:50.646+0000] {dagbag.py:540} INFO - Filling up the DagBag from /home/airflow/.local/lib/python3.8/site-packages/airflow/example_dags/example_datasets.py
[2024-04-08T09:31:50.651+0000] {processor.py:840} INFO - DAG(s) 'dataset_consumes_1_and_2', 'dataset_consumes_1', 'dataset_produces_2', 'dataset_consumes_1_never_scheduled', 'dataset_consumes_unknown_never_scheduled', 'dataset_produces_1' retrieved from /home/airflow/.local/lib/python3.8/site-packages/airflow/example_dags/example_datasets.py
[2024-04-08T09:31:50.732+0000] {logging_mixin.py:188} INFO - [2024-04-08T09:31:50.732+0000] {dag.py:3047} INFO - Sync 6 DAGs
[2024-04-08T09:31:50.774+0000] {logging_mixin.py:188} INFO - [2024-04-08T09:31:50.774+0000] {dag.py:3834} INFO - Setting next_dagrun for dataset_consumes_1 to None, run_after=None
[2024-04-08T09:31:50.777+0000] {logging_mixin.py:188} INFO - [2024-04-08T09:31:50.776+0000] {dag.py:3834} INFO - Setting next_dagrun for dataset_consumes_1_and_2 to None, run_after=None
[2024-04-08T09:31:50.777+0000] {logging_mixin.py:188} INFO - [2024-04-08T09:31:50.777+0000] {dag.py:3834} INFO - Setting next_dagrun for dataset_consumes_1_never_scheduled to None, run_after=None
[2024-04-08T09:31:50.778+0000] {logging_mixin.py:188} INFO - [2024-04-08T09:31:50.778+0000] {dag.py:3834} INFO - Setting next_dagrun for dataset_consumes_unknown_never_scheduled to None, run_after=None
[2024-04-08T09:31:50.780+0000] {logging_mixin.py:188} INFO - [2024-04-08T09:31:50.780+0000] {dag.py:3834} INFO - Setting next_dagrun for dataset_produces_1 to 2024-04-07 00:00:00+00:00, run_after=2024-04-08 00:00:00+00:00
[2024-04-08T09:31:50.781+0000] {logging_mixin.py:188} INFO - [2024-04-08T09:31:50.781+0000] {dag.py:3834} INFO - Setting next_dagrun for dataset_produces_2 to None, run_after=None
[2024-04-08T09:31:50.813+0000] {processor.py:183} INFO - Processing /home/airflow/.local/lib/python3.8/site-packages/airflow/example_dags/example_datasets.py took 0.170 seconds
[2024-04-08T09:32:20.844+0000] {processor.py:161} INFO - Started process (PID=350) to work on /home/airflow/.local/lib/python3.8/site-packages/airflow/example_dags/example_datasets.py
[2024-04-08T09:32:20.845+0000] {processor.py:830} INFO - Processing file /home/airflow/.local/lib/python3.8/site-packages/airflow/example_dags/example_datasets.py for tasks to queue
[2024-04-08T09:32:20.846+0000] {logging_mixin.py:188} INFO - [2024-04-08T09:32:20.846+0000] {dagbag.py:540} INFO - Filling up the DagBag from /home/airflow/.local/lib/python3.8/site-packages/airflow/example_dags/example_datasets.py
[2024-04-08T09:32:20.850+0000] {processor.py:840} INFO - DAG(s) 'dataset_consumes_1', 'dataset_produces_1', 'dataset_consumes_unknown_never_scheduled', 'dataset_consumes_1_and_2', 'dataset_consumes_1_never_scheduled', 'dataset_produces_2' retrieved from /home/airflow/.local/lib/python3.8/site-packages/airflow/example_dags/example_datasets.py
[2024-04-08T09:32:20.931+0000] {logging_mixin.py:188} INFO - [2024-04-08T09:32:20.931+0000] {dag.py:3047} INFO - Sync 6 DAGs
[2024-04-08T09:32:20.972+0000] {logging_mixin.py:188} INFO - [2024-04-08T09:32:20.972+0000] {dag.py:3834} INFO - Setting next_dagrun for dataset_consumes_1 to None, run_after=None
[2024-04-08T09:32:20.975+0000] {logging_mixin.py:188} INFO - [2024-04-08T09:32:20.974+0000] {dag.py:3834} INFO - Setting next_dagrun for dataset_consumes_1_and_2 to None, run_after=None
[2024-04-08T09:32:20.975+0000] {logging_mixin.py:188} INFO - [2024-04-08T09:32:20.975+0000] {dag.py:3834} INFO - Setting next_dagrun for dataset_consumes_1_never_scheduled to None, run_after=None
[2024-04-08T09:32:20.976+0000] {logging_mixin.py:188} INFO - [2024-04-08T09:32:20.976+0000] {dag.py:3834} INFO - Setting next_dagrun for dataset_consumes_unknown_never_scheduled to None, run_after=None
[2024-04-08T09:32:20.978+0000] {logging_mixin.py:188} INFO - [2024-04-08T09:32:20.978+0000] {dag.py:3834} INFO - Setting next_dagrun for dataset_produces_1 to 2024-04-07 00:00:00+00:00, run_after=2024-04-08 00:00:00+00:00
[2024-04-08T09:32:20.979+0000] {logging_mixin.py:188} INFO - [2024-04-08T09:32:20.979+0000] {dag.py:3834} INFO - Setting next_dagrun for dataset_produces_2 to None, run_after=None
[2024-04-08T09:32:21.014+0000] {processor.py:183} INFO - Processing /home/airflow/.local/lib/python3.8/site-packages/airflow/example_dags/example_datasets.py took 0.172 seconds
[2024-04-08T09:32:51.115+0000] {processor.py:161} INFO - Started process (PID=405) to work on /home/airflow/.local/lib/python3.8/site-packages/airflow/example_dags/example_datasets.py
[2024-04-08T09:32:51.116+0000] {processor.py:830} INFO - Processing file /home/airflow/.local/lib/python3.8/site-packages/airflow/example_dags/example_datasets.py for tasks to queue
[2024-04-08T09:32:51.116+0000] {logging_mixin.py:188} INFO - [2024-04-08T09:32:51.116+0000] {dagbag.py:540} INFO - Filling up the DagBag from /home/airflow/.local/lib/python3.8/site-packages/airflow/example_dags/example_datasets.py
[2024-04-08T09:32:51.121+0000] {processor.py:840} INFO - DAG(s) 'dataset_produces_1', 'dataset_consumes_1', 'dataset_consumes_1_never_scheduled', 'dataset_produces_2', 'dataset_consumes_1_and_2', 'dataset_consumes_unknown_never_scheduled' retrieved from /home/airflow/.local/lib/python3.8/site-packages/airflow/example_dags/example_datasets.py
[2024-04-08T09:32:51.201+0000] {logging_mixin.py:188} INFO - [2024-04-08T09:32:51.201+0000] {dag.py:3047} INFO - Sync 6 DAGs
[2024-04-08T09:32:51.241+0000] {logging_mixin.py:188} INFO - [2024-04-08T09:32:51.241+0000] {dag.py:3834} INFO - Setting next_dagrun for dataset_consumes_1 to None, run_after=None
[2024-04-08T09:32:51.244+0000] {logging_mixin.py:188} INFO - [2024-04-08T09:32:51.244+0000] {dag.py:3834} INFO - Setting next_dagrun for dataset_consumes_1_and_2 to None, run_after=None
[2024-04-08T09:32:51.246+0000] {logging_mixin.py:188} INFO - [2024-04-08T09:32:51.246+0000] {dag.py:3834} INFO - Setting next_dagrun for dataset_consumes_1_never_scheduled to None, run_after=None
[2024-04-08T09:32:51.246+0000] {logging_mixin.py:188} INFO - [2024-04-08T09:32:51.246+0000] {dag.py:3834} INFO - Setting next_dagrun for dataset_consumes_unknown_never_scheduled to None, run_after=None
[2024-04-08T09:32:51.249+0000] {logging_mixin.py:188} INFO - [2024-04-08T09:32:51.249+0000] {dag.py:3834} INFO - Setting next_dagrun for dataset_produces_1 to 2024-04-07 00:00:00+00:00, run_after=2024-04-08 00:00:00+00:00
[2024-04-08T09:32:51.250+0000] {logging_mixin.py:188} INFO - [2024-04-08T09:32:51.250+0000] {dag.py:3834} INFO - Setting next_dagrun for dataset_produces_2 to None, run_after=None
[2024-04-08T09:32:51.285+0000] {processor.py:183} INFO - Processing /home/airflow/.local/lib/python3.8/site-packages/airflow/example_dags/example_datasets.py took 0.172 seconds
[2024-04-08T09:33:21.431+0000] {processor.py:161} INFO - Started process (PID=461) to work on /home/airflow/.local/lib/python3.8/site-packages/airflow/example_dags/example_datasets.py
[2024-04-08T09:33:21.432+0000] {processor.py:830} INFO - Processing file /home/airflow/.local/lib/python3.8/site-packages/airflow/example_dags/example_datasets.py for tasks to queue
[2024-04-08T09:33:21.433+0000] {logging_mixin.py:188} INFO - [2024-04-08T09:33:21.433+0000] {dagbag.py:540} INFO - Filling up the DagBag from /home/airflow/.local/lib/python3.8/site-packages/airflow/example_dags/example_datasets.py
[2024-04-08T09:33:21.437+0000] {processor.py:840} INFO - DAG(s) 'dataset_consumes_1_and_2', 'dataset_produces_2', 'dataset_consumes_1', 'dataset_produces_1', 'dataset_consumes_1_never_scheduled', 'dataset_consumes_unknown_never_scheduled' retrieved from /home/airflow/.local/lib/python3.8/site-packages/airflow/example_dags/example_datasets.py
[2024-04-08T09:33:21.518+0000] {logging_mixin.py:188} INFO - [2024-04-08T09:33:21.518+0000] {dag.py:3047} INFO - Sync 6 DAGs
[2024-04-08T09:33:21.562+0000] {logging_mixin.py:188} INFO - [2024-04-08T09:33:21.562+0000] {dag.py:3834} INFO - Setting next_dagrun for dataset_consumes_1 to None, run_after=None
[2024-04-08T09:33:21.564+0000] {logging_mixin.py:188} INFO - [2024-04-08T09:33:21.564+0000] {dag.py:3834} INFO - Setting next_dagrun for dataset_consumes_1_and_2 to None, run_after=None
[2024-04-08T09:33:21.565+0000] {logging_mixin.py:188} INFO - [2024-04-08T09:33:21.565+0000] {dag.py:3834} INFO - Setting next_dagrun for dataset_consumes_1_never_scheduled to None, run_after=None
[2024-04-08T09:33:21.566+0000] {logging_mixin.py:188} INFO - [2024-04-08T09:33:21.566+0000] {dag.py:3834} INFO - Setting next_dagrun for dataset_consumes_unknown_never_scheduled to None, run_after=None
[2024-04-08T09:33:21.567+0000] {logging_mixin.py:188} INFO - [2024-04-08T09:33:21.567+0000] {dag.py:3834} INFO - Setting next_dagrun for dataset_produces_1 to 2024-04-07 00:00:00+00:00, run_after=2024-04-08 00:00:00+00:00
[2024-04-08T09:33:21.568+0000] {logging_mixin.py:188} INFO - [2024-04-08T09:33:21.568+0000] {dag.py:3834} INFO - Setting next_dagrun for dataset_produces_2 to None, run_after=None
[2024-04-08T09:33:21.599+0000] {processor.py:183} INFO - Processing /home/airflow/.local/lib/python3.8/site-packages/airflow/example_dags/example_datasets.py took 0.169 seconds
[2024-04-08T09:33:51.676+0000] {processor.py:161} INFO - Started process (PID=515) to work on /home/airflow/.local/lib/python3.8/site-packages/airflow/example_dags/example_datasets.py
[2024-04-08T09:33:51.677+0000] {processor.py:830} INFO - Processing file /home/airflow/.local/lib/python3.8/site-packages/airflow/example_dags/example_datasets.py for tasks to queue
[2024-04-08T09:33:51.678+0000] {logging_mixin.py:188} INFO - [2024-04-08T09:33:51.677+0000] {dagbag.py:540} INFO - Filling up the DagBag from /home/airflow/.local/lib/python3.8/site-packages/airflow/example_dags/example_datasets.py
[2024-04-08T09:33:51.682+0000] {processor.py:840} INFO - DAG(s) 'dataset_produces_1', 'dataset_consumes_1_never_scheduled', 'dataset_consumes_1_and_2', 'dataset_consumes_unknown_never_scheduled', 'dataset_produces_2', 'dataset_consumes_1' retrieved from /home/airflow/.local/lib/python3.8/site-packages/airflow/example_dags/example_datasets.py
[2024-04-08T09:33:51.762+0000] {logging_mixin.py:188} INFO - [2024-04-08T09:33:51.762+0000] {dag.py:3047} INFO - Sync 6 DAGs
[2024-04-08T09:33:51.806+0000] {logging_mixin.py:188} INFO - [2024-04-08T09:33:51.806+0000] {dag.py:3834} INFO - Setting next_dagrun for dataset_consumes_1 to None, run_after=None
[2024-04-08T09:33:51.809+0000] {logging_mixin.py:188} INFO - [2024-04-08T09:33:51.809+0000] {dag.py:3834} INFO - Setting next_dagrun for dataset_consumes_1_and_2 to None, run_after=None
[2024-04-08T09:33:51.810+0000] {logging_mixin.py:188} INFO - [2024-04-08T09:33:51.810+0000] {dag.py:3834} INFO - Setting next_dagrun for dataset_consumes_1_never_scheduled to None, run_after=None
[2024-04-08T09:33:51.811+0000] {logging_mixin.py:188} INFO - [2024-04-08T09:33:51.810+0000] {dag.py:3834} INFO - Setting next_dagrun for dataset_consumes_unknown_never_scheduled to None, run_after=None
[2024-04-08T09:33:51.812+0000] {logging_mixin.py:188} INFO - [2024-04-08T09:33:51.812+0000] {dag.py:3834} INFO - Setting next_dagrun for dataset_produces_1 to 2024-04-07 00:00:00+00:00, run_after=2024-04-08 00:00:00+00:00
[2024-04-08T09:33:51.813+0000] {logging_mixin.py:188} INFO - [2024-04-08T09:33:51.813+0000] {dag.py:3834} INFO - Setting next_dagrun for dataset_produces_2 to None, run_after=None
[2024-04-08T09:33:51.844+0000] {processor.py:183} INFO - Processing /home/airflow/.local/lib/python3.8/site-packages/airflow/example_dags/example_datasets.py took 0.170 seconds
[2024-04-08T09:34:21.860+0000] {processor.py:161} INFO - Started process (PID=569) to work on /home/airflow/.local/lib/python3.8/site-packages/airflow/example_dags/example_datasets.py
[2024-04-08T09:34:21.860+0000] {processor.py:830} INFO - Processing file /home/airflow/.local/lib/python3.8/site-packages/airflow/example_dags/example_datasets.py for tasks to queue
[2024-04-08T09:34:21.861+0000] {logging_mixin.py:188} INFO - [2024-04-08T09:34:21.861+0000] {dagbag.py:540} INFO - Filling up the DagBag from /home/airflow/.local/lib/python3.8/site-packages/airflow/example_dags/example_datasets.py
[2024-04-08T09:34:21.865+0000] {processor.py:840} INFO - DAG(s) 'dataset_consumes_1', 'dataset_consumes_1_never_scheduled', 'dataset_produces_1', 'dataset_consumes_unknown_never_scheduled', 'dataset_produces_2', 'dataset_consumes_1_and_2' retrieved from /home/airflow/.local/lib/python3.8/site-packages/airflow/example_dags/example_datasets.py
[2024-04-08T09:34:22.008+0000] {logging_mixin.py:188} INFO - [2024-04-08T09:34:22.008+0000] {dag.py:3047} INFO - Sync 6 DAGs
[2024-04-08T09:34:22.056+0000] {logging_mixin.py:188} INFO - [2024-04-08T09:34:22.056+0000] {dag.py:3834} INFO - Setting next_dagrun for dataset_consumes_1 to None, run_after=None
[2024-04-08T09:34:22.059+0000] {logging_mixin.py:188} INFO - [2024-04-08T09:34:22.059+0000] {dag.py:3834} INFO - Setting next_dagrun for dataset_consumes_1_and_2 to None, run_after=None
[2024-04-08T09:34:22.060+0000] {logging_mixin.py:188} INFO - [2024-04-08T09:34:22.060+0000] {dag.py:3834} INFO - Setting next_dagrun for dataset_consumes_1_never_scheduled to None, run_after=None
[2024-04-08T09:34:22.061+0000] {logging_mixin.py:188} INFO - [2024-04-08T09:34:22.061+0000] {dag.py:3834} INFO - Setting next_dagrun for dataset_consumes_unknown_never_scheduled to None, run_after=None
[2024-04-08T09:34:22.063+0000] {logging_mixin.py:188} INFO - [2024-04-08T09:34:22.063+0000] {dag.py:3834} INFO - Setting next_dagrun for dataset_produces_1 to 2024-04-07 00:00:00+00:00, run_after=2024-04-08 00:00:00+00:00
[2024-04-08T09:34:22.064+0000] {logging_mixin.py:188} INFO - [2024-04-08T09:34:22.064+0000] {dag.py:3834} INFO - Setting next_dagrun for dataset_produces_2 to None, run_after=None
[2024-04-08T09:34:22.101+0000] {processor.py:183} INFO - Processing /home/airflow/.local/lib/python3.8/site-packages/airflow/example_dags/example_datasets.py took 0.243 seconds
[2024-04-08T09:34:52.211+0000] {processor.py:161} INFO - Started process (PID=624) to work on /home/airflow/.local/lib/python3.8/site-packages/airflow/example_dags/example_datasets.py
[2024-04-08T09:34:52.212+0000] {processor.py:830} INFO - Processing file /home/airflow/.local/lib/python3.8/site-packages/airflow/example_dags/example_datasets.py for tasks to queue
[2024-04-08T09:34:52.213+0000] {logging_mixin.py:188} INFO - [2024-04-08T09:34:52.213+0000] {dagbag.py:540} INFO - Filling up the DagBag from /home/airflow/.local/lib/python3.8/site-packages/airflow/example_dags/example_datasets.py
[2024-04-08T09:34:52.217+0000] {processor.py:840} INFO - DAG(s) 'dataset_produces_2', 'dataset_consumes_unknown_never_scheduled', 'dataset_consumes_1_and_2', 'dataset_consumes_1', 'dataset_produces_1', 'dataset_consumes_1_never_scheduled' retrieved from /home/airflow/.local/lib/python3.8/site-packages/airflow/example_dags/example_datasets.py
[2024-04-08T09:34:52.305+0000] {logging_mixin.py:188} INFO - [2024-04-08T09:34:52.305+0000] {dag.py:3047} INFO - Sync 6 DAGs
[2024-04-08T09:34:52.347+0000] {logging_mixin.py:188} INFO - [2024-04-08T09:34:52.347+0000] {dag.py:3834} INFO - Setting next_dagrun for dataset_consumes_1 to None, run_after=None
[2024-04-08T09:34:52.350+0000] {logging_mixin.py:188} INFO - [2024-04-08T09:34:52.350+0000] {dag.py:3834} INFO - Setting next_dagrun for dataset_consumes_1_and_2 to None, run_after=None
[2024-04-08T09:34:52.351+0000] {logging_mixin.py:188} INFO - [2024-04-08T09:34:52.351+0000] {dag.py:3834} INFO - Setting next_dagrun for dataset_consumes_1_never_scheduled to None, run_after=None
[2024-04-08T09:34:52.352+0000] {logging_mixin.py:188} INFO - [2024-04-08T09:34:52.352+0000] {dag.py:3834} INFO - Setting next_dagrun for dataset_consumes_unknown_never_scheduled to None, run_after=None
[2024-04-08T09:34:52.353+0000] {logging_mixin.py:188} INFO - [2024-04-08T09:34:52.353+0000] {dag.py:3834} INFO - Setting next_dagrun for dataset_produces_1 to 2024-04-07 00:00:00+00:00, run_after=2024-04-08 00:00:00+00:00
[2024-04-08T09:34:52.354+0000] {logging_mixin.py:188} INFO - [2024-04-08T09:34:52.353+0000] {dag.py:3834} INFO - Setting next_dagrun for dataset_produces_2 to None, run_after=None
[2024-04-08T09:34:52.386+0000] {processor.py:183} INFO - Processing /home/airflow/.local/lib/python3.8/site-packages/airflow/example_dags/example_datasets.py took 0.176 seconds
[2024-04-08T09:35:22.572+0000] {processor.py:161} INFO - Started process (PID=679) to work on /home/airflow/.local/lib/python3.8/site-packages/airflow/example_dags/example_datasets.py
[2024-04-08T09:35:22.573+0000] {processor.py:830} INFO - Processing file /home/airflow/.local/lib/python3.8/site-packages/airflow/example_dags/example_datasets.py for tasks to queue
[2024-04-08T09:35:22.574+0000] {logging_mixin.py:188} INFO - [2024-04-08T09:35:22.573+0000] {dagbag.py:540} INFO - Filling up the DagBag from /home/airflow/.local/lib/python3.8/site-packages/airflow/example_dags/example_datasets.py
[2024-04-08T09:35:22.578+0000] {processor.py:840} INFO - DAG(s) 'dataset_consumes_1', 'dataset_consumes_1_never_scheduled', 'dataset_consumes_1_and_2', 'dataset_consumes_unknown_never_scheduled', 'dataset_produces_2', 'dataset_produces_1' retrieved from /home/airflow/.local/lib/python3.8/site-packages/airflow/example_dags/example_datasets.py
[2024-04-08T09:35:22.657+0000] {logging_mixin.py:188} INFO - [2024-04-08T09:35:22.656+0000] {dag.py:3047} INFO - Sync 6 DAGs
[2024-04-08T09:35:22.699+0000] {logging_mixin.py:188} INFO - [2024-04-08T09:35:22.699+0000] {dag.py:3834} INFO - Setting next_dagrun for dataset_consumes_1 to None, run_after=None
[2024-04-08T09:35:22.702+0000] {logging_mixin.py:188} INFO - [2024-04-08T09:35:22.702+0000] {dag.py:3834} INFO - Setting next_dagrun for dataset_consumes_1_and_2 to None, run_after=None
[2024-04-08T09:35:22.703+0000] {logging_mixin.py:188} INFO - [2024-04-08T09:35:22.703+0000] {dag.py:3834} INFO - Setting next_dagrun for dataset_consumes_1_never_scheduled to None, run_after=None
[2024-04-08T09:35:22.704+0000] {logging_mixin.py:188} INFO - [2024-04-08T09:35:22.704+0000] {dag.py:3834} INFO - Setting next_dagrun for dataset_consumes_unknown_never_scheduled to None, run_after=None
[2024-04-08T09:35:22.705+0000] {logging_mixin.py:188} INFO - [2024-04-08T09:35:22.705+0000] {dag.py:3834} INFO - Setting next_dagrun for dataset_produces_1 to 2024-04-07 00:00:00+00:00, run_after=2024-04-08 00:00:00+00:00
[2024-04-08T09:35:22.706+0000] {logging_mixin.py:188} INFO - [2024-04-08T09:35:22.706+0000] {dag.py:3834} INFO - Setting next_dagrun for dataset_produces_2 to None, run_after=None
[2024-04-08T09:35:22.737+0000] {processor.py:183} INFO - Processing /home/airflow/.local/lib/python3.8/site-packages/airflow/example_dags/example_datasets.py took 0.166 seconds
[2024-04-08T09:35:52.813+0000] {processor.py:161} INFO - Started process (PID=734) to work on /home/airflow/.local/lib/python3.8/site-packages/airflow/example_dags/example_datasets.py
[2024-04-08T09:35:52.813+0000] {processor.py:830} INFO - Processing file /home/airflow/.local/lib/python3.8/site-packages/airflow/example_dags/example_datasets.py for tasks to queue
[2024-04-08T09:35:52.814+0000] {logging_mixin.py:188} INFO - [2024-04-08T09:35:52.814+0000] {dagbag.py:540} INFO - Filling up the DagBag from /home/airflow/.local/lib/python3.8/site-packages/airflow/example_dags/example_datasets.py
[2024-04-08T09:35:52.819+0000] {processor.py:840} INFO - DAG(s) 'dataset_produces_1', 'dataset_consumes_1', 'dataset_produces_2', 'dataset_consumes_1_never_scheduled', 'dataset_consumes_unknown_never_scheduled', 'dataset_consumes_1_and_2' retrieved from /home/airflow/.local/lib/python3.8/site-packages/airflow/example_dags/example_datasets.py
[2024-04-08T09:35:52.898+0000] {logging_mixin.py:188} INFO - [2024-04-08T09:35:52.898+0000] {dag.py:3047} INFO - Sync 6 DAGs
[2024-04-08T09:35:52.939+0000] {logging_mixin.py:188} INFO - [2024-04-08T09:35:52.939+0000] {dag.py:3834} INFO - Setting next_dagrun for dataset_consumes_1 to None, run_after=None
[2024-04-08T09:35:52.942+0000] {logging_mixin.py:188} INFO - [2024-04-08T09:35:52.941+0000] {dag.py:3834} INFO - Setting next_dagrun for dataset_consumes_1_and_2 to None, run_after=None
[2024-04-08T09:35:52.942+0000] {logging_mixin.py:188} INFO - [2024-04-08T09:35:52.942+0000] {dag.py:3834} INFO - Setting next_dagrun for dataset_consumes_1_never_scheduled to None, run_after=None
[2024-04-08T09:35:52.944+0000] {logging_mixin.py:188} INFO - [2024-04-08T09:35:52.944+0000] {dag.py:3834} INFO - Setting next_dagrun for dataset_consumes_unknown_never_scheduled to None, run_after=None
[2024-04-08T09:35:52.946+0000] {logging_mixin.py:188} INFO - [2024-04-08T09:35:52.945+0000] {dag.py:3834} INFO - Setting next_dagrun for dataset_produces_1 to 2024-04-07 00:00:00+00:00, run_after=2024-04-08 00:00:00+00:00
[2024-04-08T09:35:52.946+0000] {logging_mixin.py:188} INFO - [2024-04-08T09:35:52.946+0000] {dag.py:3834} INFO - Setting next_dagrun for dataset_produces_2 to None, run_after=None
[2024-04-08T09:35:52.979+0000] {processor.py:183} INFO - Processing /home/airflow/.local/lib/python3.8/site-packages/airflow/example_dags/example_datasets.py took 0.169 seconds
[2024-04-08T09:36:23.078+0000] {processor.py:161} INFO - Started process (PID=789) to work on /home/airflow/.local/lib/python3.8/site-packages/airflow/example_dags/example_datasets.py
[2024-04-08T09:36:23.078+0000] {processor.py:830} INFO - Processing file /home/airflow/.local/lib/python3.8/site-packages/airflow/example_dags/example_datasets.py for tasks to queue
[2024-04-08T09:36:23.079+0000] {logging_mixin.py:188} INFO - [2024-04-08T09:36:23.079+0000] {dagbag.py:540} INFO - Filling up the DagBag from /home/airflow/.local/lib/python3.8/site-packages/airflow/example_dags/example_datasets.py
[2024-04-08T09:36:23.084+0000] {processor.py:840} INFO - DAG(s) 'dataset_consumes_1_and_2', 'dataset_consumes_1_never_scheduled', 'dataset_consumes_1', 'dataset_produces_2', 'dataset_produces_1', 'dataset_consumes_unknown_never_scheduled' retrieved from /home/airflow/.local/lib/python3.8/site-packages/airflow/example_dags/example_datasets.py
[2024-04-08T09:36:23.179+0000] {logging_mixin.py:188} INFO - [2024-04-08T09:36:23.179+0000] {dag.py:3047} INFO - Sync 6 DAGs
[2024-04-08T09:36:23.225+0000] {logging_mixin.py:188} INFO - [2024-04-08T09:36:23.225+0000] {dag.py:3834} INFO - Setting next_dagrun for dataset_consumes_1 to None, run_after=None
[2024-04-08T09:36:23.228+0000] {logging_mixin.py:188} INFO - [2024-04-08T09:36:23.227+0000] {dag.py:3834} INFO - Setting next_dagrun for dataset_consumes_1_and_2 to None, run_after=None
[2024-04-08T09:36:23.228+0000] {logging_mixin.py:188} INFO - [2024-04-08T09:36:23.228+0000] {dag.py:3834} INFO - Setting next_dagrun for dataset_consumes_1_never_scheduled to None, run_after=None
[2024-04-08T09:36:23.229+0000] {logging_mixin.py:188} INFO - [2024-04-08T09:36:23.229+0000] {dag.py:3834} INFO - Setting next_dagrun for dataset_consumes_unknown_never_scheduled to None, run_after=None
[2024-04-08T09:36:23.231+0000] {logging_mixin.py:188} INFO - [2024-04-08T09:36:23.231+0000] {dag.py:3834} INFO - Setting next_dagrun for dataset_produces_1 to 2024-04-07 00:00:00+00:00, run_after=2024-04-08 00:00:00+00:00
[2024-04-08T09:36:23.232+0000] {logging_mixin.py:188} INFO - [2024-04-08T09:36:23.232+0000] {dag.py:3834} INFO - Setting next_dagrun for dataset_produces_2 to None, run_after=None
[2024-04-08T09:36:23.264+0000] {processor.py:183} INFO - Processing /home/airflow/.local/lib/python3.8/site-packages/airflow/example_dags/example_datasets.py took 0.188 seconds
[2024-04-08T09:36:53.306+0000] {processor.py:161} INFO - Started process (PID=844) to work on /home/airflow/.local/lib/python3.8/site-packages/airflow/example_dags/example_datasets.py
[2024-04-08T09:36:53.306+0000] {processor.py:830} INFO - Processing file /home/airflow/.local/lib/python3.8/site-packages/airflow/example_dags/example_datasets.py for tasks to queue
[2024-04-08T09:36:53.307+0000] {logging_mixin.py:188} INFO - [2024-04-08T09:36:53.307+0000] {dagbag.py:540} INFO - Filling up the DagBag from /home/airflow/.local/lib/python3.8/site-packages/airflow/example_dags/example_datasets.py
[2024-04-08T09:36:53.311+0000] {processor.py:840} INFO - DAG(s) 'dataset_consumes_1_never_scheduled', 'dataset_produces_2', 'dataset_consumes_1', 'dataset_consumes_unknown_never_scheduled', 'dataset_produces_1', 'dataset_consumes_1_and_2' retrieved from /home/airflow/.local/lib/python3.8/site-packages/airflow/example_dags/example_datasets.py
[2024-04-08T09:36:53.391+0000] {logging_mixin.py:188} INFO - [2024-04-08T09:36:53.391+0000] {dag.py:3047} INFO - Sync 6 DAGs
[2024-04-08T09:36:53.434+0000] {logging_mixin.py:188} INFO - [2024-04-08T09:36:53.434+0000] {dag.py:3834} INFO - Setting next_dagrun for dataset_consumes_1 to None, run_after=None
[2024-04-08T09:36:53.437+0000] {logging_mixin.py:188} INFO - [2024-04-08T09:36:53.437+0000] {dag.py:3834} INFO - Setting next_dagrun for dataset_consumes_1_and_2 to None, run_after=None
[2024-04-08T09:36:53.438+0000] {logging_mixin.py:188} INFO - [2024-04-08T09:36:53.438+0000] {dag.py:3834} INFO - Setting next_dagrun for dataset_consumes_1_never_scheduled to None, run_after=None
[2024-04-08T09:36:53.439+0000] {logging_mixin.py:188} INFO - [2024-04-08T09:36:53.439+0000] {dag.py:3834} INFO - Setting next_dagrun for dataset_consumes_unknown_never_scheduled to None, run_after=None
[2024-04-08T09:36:53.440+0000] {logging_mixin.py:188} INFO - [2024-04-08T09:36:53.440+0000] {dag.py:3834} INFO - Setting next_dagrun for dataset_produces_1 to 2024-04-07 00:00:00+00:00, run_after=2024-04-08 00:00:00+00:00
[2024-04-08T09:36:53.441+0000] {logging_mixin.py:188} INFO - [2024-04-08T09:36:53.441+0000] {dag.py:3834} INFO - Setting next_dagrun for dataset_produces_2 to None, run_after=None
[2024-04-08T09:36:53.472+0000] {processor.py:183} INFO - Processing /home/airflow/.local/lib/python3.8/site-packages/airflow/example_dags/example_datasets.py took 0.168 seconds
[2024-04-08T09:37:23.767+0000] {processor.py:161} INFO - Started process (PID=899) to work on /home/airflow/.local/lib/python3.8/site-packages/airflow/example_dags/example_datasets.py
[2024-04-08T09:37:23.768+0000] {processor.py:830} INFO - Processing file /home/airflow/.local/lib/python3.8/site-packages/airflow/example_dags/example_datasets.py for tasks to queue
[2024-04-08T09:37:23.769+0000] {logging_mixin.py:188} INFO - [2024-04-08T09:37:23.769+0000] {dagbag.py:540} INFO - Filling up the DagBag from /home/airflow/.local/lib/python3.8/site-packages/airflow/example_dags/example_datasets.py
[2024-04-08T09:37:23.774+0000] {processor.py:840} INFO - DAG(s) 'dataset_consumes_1_never_scheduled', 'dataset_produces_1', 'dataset_consumes_unknown_never_scheduled', 'dataset_consumes_1_and_2', 'dataset_produces_2', 'dataset_consumes_1' retrieved from /home/airflow/.local/lib/python3.8/site-packages/airflow/example_dags/example_datasets.py
[2024-04-08T09:37:23.860+0000] {logging_mixin.py:188} INFO - [2024-04-08T09:37:23.860+0000] {dag.py:3047} INFO - Sync 6 DAGs
[2024-04-08T09:37:23.904+0000] {logging_mixin.py:188} INFO - [2024-04-08T09:37:23.904+0000] {dag.py:3834} INFO - Setting next_dagrun for dataset_consumes_1 to None, run_after=None
[2024-04-08T09:37:23.907+0000] {logging_mixin.py:188} INFO - [2024-04-08T09:37:23.907+0000] {dag.py:3834} INFO - Setting next_dagrun for dataset_consumes_1_and_2 to None, run_after=None
[2024-04-08T09:37:23.908+0000] {logging_mixin.py:188} INFO - [2024-04-08T09:37:23.908+0000] {dag.py:3834} INFO - Setting next_dagrun for dataset_consumes_1_never_scheduled to None, run_after=None
[2024-04-08T09:37:23.909+0000] {logging_mixin.py:188} INFO - [2024-04-08T09:37:23.909+0000] {dag.py:3834} INFO - Setting next_dagrun for dataset_consumes_unknown_never_scheduled to None, run_after=None
[2024-04-08T09:37:23.910+0000] {logging_mixin.py:188} INFO - [2024-04-08T09:37:23.910+0000] {dag.py:3834} INFO - Setting next_dagrun for dataset_produces_1 to 2024-04-07 00:00:00+00:00, run_after=2024-04-08 00:00:00+00:00
[2024-04-08T09:37:23.911+0000] {logging_mixin.py:188} INFO - [2024-04-08T09:37:23.911+0000] {dag.py:3834} INFO - Setting next_dagrun for dataset_produces_2 to None, run_after=None
[2024-04-08T09:37:23.946+0000] {processor.py:183} INFO - Processing /home/airflow/.local/lib/python3.8/site-packages/airflow/example_dags/example_datasets.py took 0.180 seconds
[2024-04-08T09:37:54.641+0000] {processor.py:161} INFO - Started process (PID=954) to work on /home/airflow/.local/lib/python3.8/site-packages/airflow/example_dags/example_datasets.py
[2024-04-08T09:37:54.641+0000] {processor.py:830} INFO - Processing file /home/airflow/.local/lib/python3.8/site-packages/airflow/example_dags/example_datasets.py for tasks to queue
[2024-04-08T09:37:54.642+0000] {logging_mixin.py:188} INFO - [2024-04-08T09:37:54.642+0000] {dagbag.py:540} INFO - Filling up the DagBag from /home/airflow/.local/lib/python3.8/site-packages/airflow/example_dags/example_datasets.py
[2024-04-08T09:37:54.647+0000] {processor.py:840} INFO - DAG(s) 'dataset_consumes_1_and_2', 'dataset_produces_2', 'dataset_produces_1', 'dataset_consumes_1_never_scheduled', 'dataset_consumes_unknown_never_scheduled', 'dataset_consumes_1' retrieved from /home/airflow/.local/lib/python3.8/site-packages/airflow/example_dags/example_datasets.py
[2024-04-08T09:37:54.731+0000] {logging_mixin.py:188} INFO - [2024-04-08T09:37:54.731+0000] {dag.py:3047} INFO - Sync 6 DAGs
[2024-04-08T09:37:54.781+0000] {logging_mixin.py:188} INFO - [2024-04-08T09:37:54.781+0000] {dag.py:3834} INFO - Setting next_dagrun for dataset_consumes_1 to None, run_after=None
[2024-04-08T09:37:54.787+0000] {logging_mixin.py:188} INFO - [2024-04-08T09:37:54.787+0000] {dag.py:3834} INFO - Setting next_dagrun for dataset_consumes_1_and_2 to None, run_after=None
[2024-04-08T09:37:54.788+0000] {logging_mixin.py:188} INFO - [2024-04-08T09:37:54.788+0000] {dag.py:3834} INFO - Setting next_dagrun for dataset_consumes_1_never_scheduled to None, run_after=None
[2024-04-08T09:37:54.789+0000] {logging_mixin.py:188} INFO - [2024-04-08T09:37:54.789+0000] {dag.py:3834} INFO - Setting next_dagrun for dataset_consumes_unknown_never_scheduled to None, run_after=None
[2024-04-08T09:37:54.791+0000] {logging_mixin.py:188} INFO - [2024-04-08T09:37:54.791+0000] {dag.py:3834} INFO - Setting next_dagrun for dataset_produces_1 to 2024-04-07 00:00:00+00:00, run_after=2024-04-08 00:00:00+00:00
[2024-04-08T09:37:54.792+0000] {logging_mixin.py:188} INFO - [2024-04-08T09:37:54.792+0000] {dag.py:3834} INFO - Setting next_dagrun for dataset_produces_2 to None, run_after=None
[2024-04-08T09:37:54.834+0000] {processor.py:183} INFO - Processing /home/airflow/.local/lib/python3.8/site-packages/airflow/example_dags/example_datasets.py took 0.195 seconds
[2024-04-08T09:38:25.538+0000] {processor.py:161} INFO - Started process (PID=1009) to work on /home/airflow/.local/lib/python3.8/site-packages/airflow/example_dags/example_datasets.py
[2024-04-08T09:38:25.539+0000] {processor.py:830} INFO - Processing file /home/airflow/.local/lib/python3.8/site-packages/airflow/example_dags/example_datasets.py for tasks to queue
[2024-04-08T09:38:25.540+0000] {logging_mixin.py:188} INFO - [2024-04-08T09:38:25.540+0000] {dagbag.py:540} INFO - Filling up the DagBag from /home/airflow/.local/lib/python3.8/site-packages/airflow/example_dags/example_datasets.py
[2024-04-08T09:38:25.544+0000] {processor.py:840} INFO - DAG(s) 'dataset_consumes_1', 'dataset_consumes_unknown_never_scheduled', 'dataset_consumes_1_and_2', 'dataset_consumes_1_never_scheduled', 'dataset_produces_1', 'dataset_produces_2' retrieved from /home/airflow/.local/lib/python3.8/site-packages/airflow/example_dags/example_datasets.py
[2024-04-08T09:38:25.632+0000] {logging_mixin.py:188} INFO - [2024-04-08T09:38:25.632+0000] {dag.py:3047} INFO - Sync 6 DAGs
[2024-04-08T09:38:25.681+0000] {logging_mixin.py:188} INFO - [2024-04-08T09:38:25.681+0000] {dag.py:3834} INFO - Setting next_dagrun for dataset_consumes_1 to None, run_after=None
[2024-04-08T09:38:25.685+0000] {logging_mixin.py:188} INFO - [2024-04-08T09:38:25.685+0000] {dag.py:3834} INFO - Setting next_dagrun for dataset_consumes_1_and_2 to None, run_after=None
[2024-04-08T09:38:25.687+0000] {logging_mixin.py:188} INFO - [2024-04-08T09:38:25.687+0000] {dag.py:3834} INFO - Setting next_dagrun for dataset_consumes_1_never_scheduled to None, run_after=None
[2024-04-08T09:38:25.691+0000] {logging_mixin.py:188} INFO - [2024-04-08T09:38:25.691+0000] {dag.py:3834} INFO - Setting next_dagrun for dataset_consumes_unknown_never_scheduled to None, run_after=None
[2024-04-08T09:38:25.694+0000] {logging_mixin.py:188} INFO - [2024-04-08T09:38:25.694+0000] {dag.py:3834} INFO - Setting next_dagrun for dataset_produces_1 to 2024-04-07 00:00:00+00:00, run_after=2024-04-08 00:00:00+00:00
[2024-04-08T09:38:25.698+0000] {logging_mixin.py:188} INFO - [2024-04-08T09:38:25.698+0000] {dag.py:3834} INFO - Setting next_dagrun for dataset_produces_2 to None, run_after=None
[2024-04-08T09:38:25.740+0000] {processor.py:183} INFO - Processing /home/airflow/.local/lib/python3.8/site-packages/airflow/example_dags/example_datasets.py took 0.204 seconds
[2024-04-08T09:38:56.597+0000] {processor.py:161} INFO - Started process (PID=1064) to work on /home/airflow/.local/lib/python3.8/site-packages/airflow/example_dags/example_datasets.py
[2024-04-08T09:38:56.600+0000] {processor.py:830} INFO - Processing file /home/airflow/.local/lib/python3.8/site-packages/airflow/example_dags/example_datasets.py for tasks to queue
[2024-04-08T09:38:56.601+0000] {logging_mixin.py:188} INFO - [2024-04-08T09:38:56.601+0000] {dagbag.py:540} INFO - Filling up the DagBag from /home/airflow/.local/lib/python3.8/site-packages/airflow/example_dags/example_datasets.py
[2024-04-08T09:38:56.609+0000] {processor.py:840} INFO - DAG(s) 'dataset_consumes_unknown_never_scheduled', 'dataset_produces_2', 'dataset_produces_1', 'dataset_consumes_1_never_scheduled', 'dataset_consumes_1', 'dataset_consumes_1_and_2' retrieved from /home/airflow/.local/lib/python3.8/site-packages/airflow/example_dags/example_datasets.py
[2024-04-08T09:38:56.759+0000] {logging_mixin.py:188} INFO - [2024-04-08T09:38:56.759+0000] {dag.py:3047} INFO - Sync 6 DAGs
[2024-04-08T09:38:56.840+0000] {logging_mixin.py:188} INFO - [2024-04-08T09:38:56.840+0000] {dag.py:3834} INFO - Setting next_dagrun for dataset_consumes_1 to None, run_after=None
[2024-04-08T09:38:56.845+0000] {logging_mixin.py:188} INFO - [2024-04-08T09:38:56.845+0000] {dag.py:3834} INFO - Setting next_dagrun for dataset_consumes_1_and_2 to None, run_after=None
[2024-04-08T09:38:56.847+0000] {logging_mixin.py:188} INFO - [2024-04-08T09:38:56.847+0000] {dag.py:3834} INFO - Setting next_dagrun for dataset_consumes_1_never_scheduled to None, run_after=None
[2024-04-08T09:38:56.848+0000] {logging_mixin.py:188} INFO - [2024-04-08T09:38:56.848+0000] {dag.py:3834} INFO - Setting next_dagrun for dataset_consumes_unknown_never_scheduled to None, run_after=None
[2024-04-08T09:38:56.852+0000] {logging_mixin.py:188} INFO - [2024-04-08T09:38:56.851+0000] {dag.py:3834} INFO - Setting next_dagrun for dataset_produces_1 to 2024-04-07 00:00:00+00:00, run_after=2024-04-08 00:00:00+00:00
[2024-04-08T09:38:56.855+0000] {logging_mixin.py:188} INFO - [2024-04-08T09:38:56.855+0000] {dag.py:3834} INFO - Setting next_dagrun for dataset_produces_2 to None, run_after=None
[2024-04-08T09:38:56.930+0000] {processor.py:183} INFO - Processing /home/airflow/.local/lib/python3.8/site-packages/airflow/example_dags/example_datasets.py took 0.337 seconds
[2024-04-08T09:39:27.067+0000] {processor.py:161} INFO - Started process (PID=1119) to work on /home/airflow/.local/lib/python3.8/site-packages/airflow/example_dags/example_datasets.py
[2024-04-08T09:39:27.068+0000] {processor.py:830} INFO - Processing file /home/airflow/.local/lib/python3.8/site-packages/airflow/example_dags/example_datasets.py for tasks to queue
[2024-04-08T09:39:27.069+0000] {logging_mixin.py:188} INFO - [2024-04-08T09:39:27.068+0000] {dagbag.py:540} INFO - Filling up the DagBag from /home/airflow/.local/lib/python3.8/site-packages/airflow/example_dags/example_datasets.py
[2024-04-08T09:39:27.073+0000] {processor.py:840} INFO - DAG(s) 'dataset_consumes_1', 'dataset_produces_2', 'dataset_consumes_1_and_2', 'dataset_consumes_1_never_scheduled', 'dataset_consumes_unknown_never_scheduled', 'dataset_produces_1' retrieved from /home/airflow/.local/lib/python3.8/site-packages/airflow/example_dags/example_datasets.py
[2024-04-08T09:39:27.154+0000] {logging_mixin.py:188} INFO - [2024-04-08T09:39:27.154+0000] {dag.py:3047} INFO - Sync 6 DAGs
[2024-04-08T09:39:27.195+0000] {logging_mixin.py:188} INFO - [2024-04-08T09:39:27.195+0000] {dag.py:3834} INFO - Setting next_dagrun for dataset_consumes_1 to None, run_after=None
[2024-04-08T09:39:27.198+0000] {logging_mixin.py:188} INFO - [2024-04-08T09:39:27.197+0000] {dag.py:3834} INFO - Setting next_dagrun for dataset_consumes_1_and_2 to None, run_after=None
[2024-04-08T09:39:27.199+0000] {logging_mixin.py:188} INFO - [2024-04-08T09:39:27.198+0000] {dag.py:3834} INFO - Setting next_dagrun for dataset_consumes_1_never_scheduled to None, run_after=None
[2024-04-08T09:39:27.199+0000] {logging_mixin.py:188} INFO - [2024-04-08T09:39:27.199+0000] {dag.py:3834} INFO - Setting next_dagrun for dataset_consumes_unknown_never_scheduled to None, run_after=None
[2024-04-08T09:39:27.201+0000] {logging_mixin.py:188} INFO - [2024-04-08T09:39:27.201+0000] {dag.py:3834} INFO - Setting next_dagrun for dataset_produces_1 to 2024-04-07 00:00:00+00:00, run_after=2024-04-08 00:00:00+00:00
[2024-04-08T09:39:27.202+0000] {logging_mixin.py:188} INFO - [2024-04-08T09:39:27.202+0000] {dag.py:3834} INFO - Setting next_dagrun for dataset_produces_2 to None, run_after=None
[2024-04-08T09:39:27.235+0000] {processor.py:183} INFO - Processing /home/airflow/.local/lib/python3.8/site-packages/airflow/example_dags/example_datasets.py took 0.169 seconds
[2024-04-08T09:39:57.311+0000] {processor.py:161} INFO - Started process (PID=1174) to work on /home/airflow/.local/lib/python3.8/site-packages/airflow/example_dags/example_datasets.py
[2024-04-08T09:39:57.311+0000] {processor.py:830} INFO - Processing file /home/airflow/.local/lib/python3.8/site-packages/airflow/example_dags/example_datasets.py for tasks to queue
[2024-04-08T09:39:57.312+0000] {logging_mixin.py:188} INFO - [2024-04-08T09:39:57.312+0000] {dagbag.py:540} INFO - Filling up the DagBag from /home/airflow/.local/lib/python3.8/site-packages/airflow/example_dags/example_datasets.py
[2024-04-08T09:39:57.317+0000] {processor.py:840} INFO - DAG(s) 'dataset_consumes_unknown_never_scheduled', 'dataset_produces_2', 'dataset_produces_1', 'dataset_consumes_1_never_scheduled', 'dataset_consumes_1_and_2', 'dataset_consumes_1' retrieved from /home/airflow/.local/lib/python3.8/site-packages/airflow/example_dags/example_datasets.py
[2024-04-08T09:39:57.399+0000] {logging_mixin.py:188} INFO - [2024-04-08T09:39:57.399+0000] {dag.py:3047} INFO - Sync 6 DAGs
[2024-04-08T09:39:57.442+0000] {logging_mixin.py:188} INFO - [2024-04-08T09:39:57.442+0000] {dag.py:3834} INFO - Setting next_dagrun for dataset_consumes_1 to None, run_after=None
[2024-04-08T09:39:57.444+0000] {logging_mixin.py:188} INFO - [2024-04-08T09:39:57.444+0000] {dag.py:3834} INFO - Setting next_dagrun for dataset_consumes_1_and_2 to None, run_after=None
[2024-04-08T09:39:57.445+0000] {logging_mixin.py:188} INFO - [2024-04-08T09:39:57.445+0000] {dag.py:3834} INFO - Setting next_dagrun for dataset_consumes_1_never_scheduled to None, run_after=None
[2024-04-08T09:39:57.446+0000] {logging_mixin.py:188} INFO - [2024-04-08T09:39:57.446+0000] {dag.py:3834} INFO - Setting next_dagrun for dataset_consumes_unknown_never_scheduled to None, run_after=None
[2024-04-08T09:39:57.448+0000] {logging_mixin.py:188} INFO - [2024-04-08T09:39:57.447+0000] {dag.py:3834} INFO - Setting next_dagrun for dataset_produces_1 to 2024-04-07 00:00:00+00:00, run_after=2024-04-08 00:00:00+00:00
[2024-04-08T09:39:57.449+0000] {logging_mixin.py:188} INFO - [2024-04-08T09:39:57.449+0000] {dag.py:3834} INFO - Setting next_dagrun for dataset_produces_2 to None, run_after=None
[2024-04-08T09:39:57.485+0000] {processor.py:183} INFO - Processing /home/airflow/.local/lib/python3.8/site-packages/airflow/example_dags/example_datasets.py took 0.176 seconds
[2024-04-08T09:40:27.688+0000] {processor.py:161} INFO - Started process (PID=1228) to work on /home/airflow/.local/lib/python3.8/site-packages/airflow/example_dags/example_datasets.py
[2024-04-08T09:40:27.689+0000] {processor.py:830} INFO - Processing file /home/airflow/.local/lib/python3.8/site-packages/airflow/example_dags/example_datasets.py for tasks to queue
[2024-04-08T09:40:27.690+0000] {logging_mixin.py:188} INFO - [2024-04-08T09:40:27.690+0000] {dagbag.py:540} INFO - Filling up the DagBag from /home/airflow/.local/lib/python3.8/site-packages/airflow/example_dags/example_datasets.py
[2024-04-08T09:40:27.695+0000] {processor.py:840} INFO - DAG(s) 'dataset_consumes_1_never_scheduled', 'dataset_produces_1', 'dataset_produces_2', 'dataset_consumes_unknown_never_scheduled', 'dataset_consumes_1', 'dataset_consumes_1_and_2' retrieved from /home/airflow/.local/lib/python3.8/site-packages/airflow/example_dags/example_datasets.py
[2024-04-08T09:40:27.782+0000] {logging_mixin.py:188} INFO - [2024-04-08T09:40:27.782+0000] {dag.py:3047} INFO - Sync 6 DAGs
[2024-04-08T09:40:27.830+0000] {logging_mixin.py:188} INFO - [2024-04-08T09:40:27.830+0000] {dag.py:3834} INFO - Setting next_dagrun for dataset_consumes_1 to None, run_after=None
[2024-04-08T09:40:27.835+0000] {logging_mixin.py:188} INFO - [2024-04-08T09:40:27.835+0000] {dag.py:3834} INFO - Setting next_dagrun for dataset_consumes_1_and_2 to None, run_after=None
[2024-04-08T09:40:27.839+0000] {logging_mixin.py:188} INFO - [2024-04-08T09:40:27.839+0000] {dag.py:3834} INFO - Setting next_dagrun for dataset_consumes_1_never_scheduled to None, run_after=None
[2024-04-08T09:40:27.841+0000] {logging_mixin.py:188} INFO - [2024-04-08T09:40:27.841+0000] {dag.py:3834} INFO - Setting next_dagrun for dataset_consumes_unknown_never_scheduled to None, run_after=None
[2024-04-08T09:40:27.846+0000] {logging_mixin.py:188} INFO - [2024-04-08T09:40:27.846+0000] {dag.py:3834} INFO - Setting next_dagrun for dataset_produces_1 to 2024-04-07 00:00:00+00:00, run_after=2024-04-08 00:00:00+00:00
[2024-04-08T09:40:27.847+0000] {logging_mixin.py:188} INFO - [2024-04-08T09:40:27.847+0000] {dag.py:3834} INFO - Setting next_dagrun for dataset_produces_2 to None, run_after=None
[2024-04-08T09:40:27.885+0000] {processor.py:183} INFO - Processing /home/airflow/.local/lib/python3.8/site-packages/airflow/example_dags/example_datasets.py took 0.198 seconds
[2024-04-08T09:40:57.910+0000] {processor.py:161} INFO - Started process (PID=1283) to work on /home/airflow/.local/lib/python3.8/site-packages/airflow/example_dags/example_datasets.py
[2024-04-08T09:40:57.910+0000] {processor.py:830} INFO - Processing file /home/airflow/.local/lib/python3.8/site-packages/airflow/example_dags/example_datasets.py for tasks to queue
[2024-04-08T09:40:57.911+0000] {logging_mixin.py:188} INFO - [2024-04-08T09:40:57.911+0000] {dagbag.py:540} INFO - Filling up the DagBag from /home/airflow/.local/lib/python3.8/site-packages/airflow/example_dags/example_datasets.py
[2024-04-08T09:40:57.915+0000] {processor.py:840} INFO - DAG(s) 'dataset_produces_2', 'dataset_consumes_1_and_2', 'dataset_consumes_unknown_never_scheduled', 'dataset_consumes_1', 'dataset_consumes_1_never_scheduled', 'dataset_produces_1' retrieved from /home/airflow/.local/lib/python3.8/site-packages/airflow/example_dags/example_datasets.py
[2024-04-08T09:40:57.998+0000] {logging_mixin.py:188} INFO - [2024-04-08T09:40:57.997+0000] {dag.py:3047} INFO - Sync 6 DAGs
[2024-04-08T09:40:58.038+0000] {logging_mixin.py:188} INFO - [2024-04-08T09:40:58.038+0000] {dag.py:3834} INFO - Setting next_dagrun for dataset_consumes_1 to None, run_after=None
[2024-04-08T09:40:58.040+0000] {logging_mixin.py:188} INFO - [2024-04-08T09:40:58.040+0000] {dag.py:3834} INFO - Setting next_dagrun for dataset_consumes_1_and_2 to None, run_after=None
[2024-04-08T09:40:58.041+0000] {logging_mixin.py:188} INFO - [2024-04-08T09:40:58.041+0000] {dag.py:3834} INFO - Setting next_dagrun for dataset_consumes_1_never_scheduled to None, run_after=None
[2024-04-08T09:40:58.042+0000] {logging_mixin.py:188} INFO - [2024-04-08T09:40:58.042+0000] {dag.py:3834} INFO - Setting next_dagrun for dataset_consumes_unknown_never_scheduled to None, run_after=None
[2024-04-08T09:40:58.043+0000] {logging_mixin.py:188} INFO - [2024-04-08T09:40:58.043+0000] {dag.py:3834} INFO - Setting next_dagrun for dataset_produces_1 to 2024-04-07 00:00:00+00:00, run_after=2024-04-08 00:00:00+00:00
[2024-04-08T09:40:58.044+0000] {logging_mixin.py:188} INFO - [2024-04-08T09:40:58.044+0000] {dag.py:3834} INFO - Setting next_dagrun for dataset_produces_2 to None, run_after=None
[2024-04-08T09:40:58.076+0000] {processor.py:183} INFO - Processing /home/airflow/.local/lib/python3.8/site-packages/airflow/example_dags/example_datasets.py took 0.168 seconds
[2024-04-08T09:41:28.982+0000] {processor.py:161} INFO - Started process (PID=1338) to work on /home/airflow/.local/lib/python3.8/site-packages/airflow/example_dags/example_datasets.py
[2024-04-08T09:41:28.982+0000] {processor.py:830} INFO - Processing file /home/airflow/.local/lib/python3.8/site-packages/airflow/example_dags/example_datasets.py for tasks to queue
[2024-04-08T09:41:28.983+0000] {logging_mixin.py:188} INFO - [2024-04-08T09:41:28.983+0000] {dagbag.py:540} INFO - Filling up the DagBag from /home/airflow/.local/lib/python3.8/site-packages/airflow/example_dags/example_datasets.py
[2024-04-08T09:41:28.987+0000] {processor.py:840} INFO - DAG(s) 'dataset_consumes_1', 'dataset_produces_1', 'dataset_consumes_1_never_scheduled', 'dataset_consumes_unknown_never_scheduled', 'dataset_consumes_1_and_2', 'dataset_produces_2' retrieved from /home/airflow/.local/lib/python3.8/site-packages/airflow/example_dags/example_datasets.py
[2024-04-08T09:41:29.069+0000] {logging_mixin.py:188} INFO - [2024-04-08T09:41:29.069+0000] {dag.py:3047} INFO - Sync 6 DAGs
[2024-04-08T09:41:29.110+0000] {logging_mixin.py:188} INFO - [2024-04-08T09:41:29.110+0000] {dag.py:3834} INFO - Setting next_dagrun for dataset_consumes_1 to None, run_after=None
[2024-04-08T09:41:29.113+0000] {logging_mixin.py:188} INFO - [2024-04-08T09:41:29.113+0000] {dag.py:3834} INFO - Setting next_dagrun for dataset_consumes_1_and_2 to None, run_after=None
[2024-04-08T09:41:29.114+0000] {logging_mixin.py:188} INFO - [2024-04-08T09:41:29.114+0000] {dag.py:3834} INFO - Setting next_dagrun for dataset_consumes_1_never_scheduled to None, run_after=None
[2024-04-08T09:41:29.115+0000] {logging_mixin.py:188} INFO - [2024-04-08T09:41:29.114+0000] {dag.py:3834} INFO - Setting next_dagrun for dataset_consumes_unknown_never_scheduled to None, run_after=None
[2024-04-08T09:41:29.116+0000] {logging_mixin.py:188} INFO - [2024-04-08T09:41:29.116+0000] {dag.py:3834} INFO - Setting next_dagrun for dataset_produces_1 to 2024-04-07 00:00:00+00:00, run_after=2024-04-08 00:00:00+00:00
[2024-04-08T09:41:29.117+0000] {logging_mixin.py:188} INFO - [2024-04-08T09:41:29.117+0000] {dag.py:3834} INFO - Setting next_dagrun for dataset_produces_2 to None, run_after=None
[2024-04-08T09:41:29.149+0000] {processor.py:183} INFO - Processing /home/airflow/.local/lib/python3.8/site-packages/airflow/example_dags/example_datasets.py took 0.169 seconds
[2024-04-08T09:41:59.916+0000] {processor.py:161} INFO - Started process (PID=1393) to work on /home/airflow/.local/lib/python3.8/site-packages/airflow/example_dags/example_datasets.py
[2024-04-08T09:41:59.917+0000] {processor.py:830} INFO - Processing file /home/airflow/.local/lib/python3.8/site-packages/airflow/example_dags/example_datasets.py for tasks to queue
[2024-04-08T09:41:59.917+0000] {logging_mixin.py:188} INFO - [2024-04-08T09:41:59.917+0000] {dagbag.py:540} INFO - Filling up the DagBag from /home/airflow/.local/lib/python3.8/site-packages/airflow/example_dags/example_datasets.py
[2024-04-08T09:41:59.922+0000] {processor.py:840} INFO - DAG(s) 'dataset_consumes_1_never_scheduled', 'dataset_produces_1', 'dataset_consumes_1', 'dataset_consumes_1_and_2', 'dataset_produces_2', 'dataset_consumes_unknown_never_scheduled' retrieved from /home/airflow/.local/lib/python3.8/site-packages/airflow/example_dags/example_datasets.py
[2024-04-08T09:42:00.005+0000] {logging_mixin.py:188} INFO - [2024-04-08T09:42:00.005+0000] {dag.py:3047} INFO - Sync 6 DAGs
[2024-04-08T09:42:00.050+0000] {logging_mixin.py:188} INFO - [2024-04-08T09:42:00.050+0000] {dag.py:3834} INFO - Setting next_dagrun for dataset_consumes_1 to None, run_after=None
[2024-04-08T09:42:00.056+0000] {logging_mixin.py:188} INFO - [2024-04-08T09:42:00.056+0000] {dag.py:3834} INFO - Setting next_dagrun for dataset_consumes_1_and_2 to None, run_after=None
[2024-04-08T09:42:00.057+0000] {logging_mixin.py:188} INFO - [2024-04-08T09:42:00.057+0000] {dag.py:3834} INFO - Setting next_dagrun for dataset_consumes_1_never_scheduled to None, run_after=None
[2024-04-08T09:42:00.058+0000] {logging_mixin.py:188} INFO - [2024-04-08T09:42:00.058+0000] {dag.py:3834} INFO - Setting next_dagrun for dataset_consumes_unknown_never_scheduled to None, run_after=None
[2024-04-08T09:42:00.060+0000] {logging_mixin.py:188} INFO - [2024-04-08T09:42:00.060+0000] {dag.py:3834} INFO - Setting next_dagrun for dataset_produces_1 to 2024-04-07 00:00:00+00:00, run_after=2024-04-08 00:00:00+00:00
[2024-04-08T09:42:00.060+0000] {logging_mixin.py:188} INFO - [2024-04-08T09:42:00.060+0000] {dag.py:3834} INFO - Setting next_dagrun for dataset_produces_2 to None, run_after=None
[2024-04-08T09:42:00.093+0000] {processor.py:183} INFO - Processing /home/airflow/.local/lib/python3.8/site-packages/airflow/example_dags/example_datasets.py took 0.178 seconds
[2024-04-08T09:42:30.383+0000] {processor.py:161} INFO - Started process (PID=1448) to work on /home/airflow/.local/lib/python3.8/site-packages/airflow/example_dags/example_datasets.py
[2024-04-08T09:42:30.384+0000] {processor.py:830} INFO - Processing file /home/airflow/.local/lib/python3.8/site-packages/airflow/example_dags/example_datasets.py for tasks to queue
[2024-04-08T09:42:30.385+0000] {logging_mixin.py:188} INFO - [2024-04-08T09:42:30.385+0000] {dagbag.py:540} INFO - Filling up the DagBag from /home/airflow/.local/lib/python3.8/site-packages/airflow/example_dags/example_datasets.py
[2024-04-08T09:42:30.389+0000] {processor.py:840} INFO - DAG(s) 'dataset_consumes_1', 'dataset_produces_1', 'dataset_consumes_unknown_never_scheduled', 'dataset_consumes_1_never_scheduled', 'dataset_produces_2', 'dataset_consumes_1_and_2' retrieved from /home/airflow/.local/lib/python3.8/site-packages/airflow/example_dags/example_datasets.py
[2024-04-08T09:42:30.470+0000] {logging_mixin.py:188} INFO - [2024-04-08T09:42:30.469+0000] {dag.py:3047} INFO - Sync 6 DAGs
[2024-04-08T09:42:30.511+0000] {logging_mixin.py:188} INFO - [2024-04-08T09:42:30.511+0000] {dag.py:3834} INFO - Setting next_dagrun for dataset_consumes_1 to None, run_after=None
[2024-04-08T09:42:30.513+0000] {logging_mixin.py:188} INFO - [2024-04-08T09:42:30.513+0000] {dag.py:3834} INFO - Setting next_dagrun for dataset_consumes_1_and_2 to None, run_after=None
[2024-04-08T09:42:30.514+0000] {logging_mixin.py:188} INFO - [2024-04-08T09:42:30.514+0000] {dag.py:3834} INFO - Setting next_dagrun for dataset_consumes_1_never_scheduled to None, run_after=None
[2024-04-08T09:42:30.515+0000] {logging_mixin.py:188} INFO - [2024-04-08T09:42:30.515+0000] {dag.py:3834} INFO - Setting next_dagrun for dataset_consumes_unknown_never_scheduled to None, run_after=None
[2024-04-08T09:42:30.517+0000] {logging_mixin.py:188} INFO - [2024-04-08T09:42:30.517+0000] {dag.py:3834} INFO - Setting next_dagrun for dataset_produces_1 to 2024-04-07 00:00:00+00:00, run_after=2024-04-08 00:00:00+00:00
[2024-04-08T09:42:30.517+0000] {logging_mixin.py:188} INFO - [2024-04-08T09:42:30.517+0000] {dag.py:3834} INFO - Setting next_dagrun for dataset_produces_2 to None, run_after=None
[2024-04-08T09:42:30.559+0000] {processor.py:183} INFO - Processing /home/airflow/.local/lib/python3.8/site-packages/airflow/example_dags/example_datasets.py took 0.177 seconds
[2024-04-08T09:43:00.647+0000] {processor.py:161} INFO - Started process (PID=1503) to work on /home/airflow/.local/lib/python3.8/site-packages/airflow/example_dags/example_datasets.py
[2024-04-08T09:43:00.648+0000] {processor.py:830} INFO - Processing file /home/airflow/.local/lib/python3.8/site-packages/airflow/example_dags/example_datasets.py for tasks to queue
[2024-04-08T09:43:00.649+0000] {logging_mixin.py:188} INFO - [2024-04-08T09:43:00.648+0000] {dagbag.py:540} INFO - Filling up the DagBag from /home/airflow/.local/lib/python3.8/site-packages/airflow/example_dags/example_datasets.py
[2024-04-08T09:43:00.653+0000] {processor.py:840} INFO - DAG(s) 'dataset_consumes_1_and_2', 'dataset_produces_2', 'dataset_produces_1', 'dataset_consumes_1', 'dataset_consumes_1_never_scheduled', 'dataset_consumes_unknown_never_scheduled' retrieved from /home/airflow/.local/lib/python3.8/site-packages/airflow/example_dags/example_datasets.py
[2024-04-08T09:43:00.734+0000] {logging_mixin.py:188} INFO - [2024-04-08T09:43:00.734+0000] {dag.py:3047} INFO - Sync 6 DAGs
[2024-04-08T09:43:00.776+0000] {logging_mixin.py:188} INFO - [2024-04-08T09:43:00.776+0000] {dag.py:3834} INFO - Setting next_dagrun for dataset_consumes_1 to None, run_after=None
[2024-04-08T09:43:00.778+0000] {logging_mixin.py:188} INFO - [2024-04-08T09:43:00.778+0000] {dag.py:3834} INFO - Setting next_dagrun for dataset_consumes_1_and_2 to None, run_after=None
[2024-04-08T09:43:00.779+0000] {logging_mixin.py:188} INFO - [2024-04-08T09:43:00.779+0000] {dag.py:3834} INFO - Setting next_dagrun for dataset_consumes_1_never_scheduled to None, run_after=None
[2024-04-08T09:43:00.780+0000] {logging_mixin.py:188} INFO - [2024-04-08T09:43:00.780+0000] {dag.py:3834} INFO - Setting next_dagrun for dataset_consumes_unknown_never_scheduled to None, run_after=None
[2024-04-08T09:43:00.782+0000] {logging_mixin.py:188} INFO - [2024-04-08T09:43:00.782+0000] {dag.py:3834} INFO - Setting next_dagrun for dataset_produces_1 to 2024-04-07 00:00:00+00:00, run_after=2024-04-08 00:00:00+00:00
[2024-04-08T09:43:00.782+0000] {logging_mixin.py:188} INFO - [2024-04-08T09:43:00.782+0000] {dag.py:3834} INFO - Setting next_dagrun for dataset_produces_2 to None, run_after=None
[2024-04-08T09:43:00.814+0000] {processor.py:183} INFO - Processing /home/airflow/.local/lib/python3.8/site-packages/airflow/example_dags/example_datasets.py took 0.169 seconds
[2024-04-08T09:43:30.916+0000] {processor.py:161} INFO - Started process (PID=1558) to work on /home/airflow/.local/lib/python3.8/site-packages/airflow/example_dags/example_datasets.py
[2024-04-08T09:43:30.918+0000] {processor.py:830} INFO - Processing file /home/airflow/.local/lib/python3.8/site-packages/airflow/example_dags/example_datasets.py for tasks to queue
[2024-04-08T09:43:30.918+0000] {logging_mixin.py:188} INFO - [2024-04-08T09:43:30.918+0000] {dagbag.py:540} INFO - Filling up the DagBag from /home/airflow/.local/lib/python3.8/site-packages/airflow/example_dags/example_datasets.py
[2024-04-08T09:43:30.927+0000] {processor.py:840} INFO - DAG(s) 'dataset_consumes_unknown_never_scheduled', 'dataset_consumes_1', 'dataset_produces_2', 'dataset_consumes_1_and_2', 'dataset_produces_1', 'dataset_consumes_1_never_scheduled' retrieved from /home/airflow/.local/lib/python3.8/site-packages/airflow/example_dags/example_datasets.py
[2024-04-08T09:43:31.007+0000] {logging_mixin.py:188} INFO - [2024-04-08T09:43:31.007+0000] {dag.py:3047} INFO - Sync 6 DAGs
[2024-04-08T09:43:31.050+0000] {logging_mixin.py:188} INFO - [2024-04-08T09:43:31.050+0000] {dag.py:3834} INFO - Setting next_dagrun for dataset_consumes_1 to None, run_after=None
[2024-04-08T09:43:31.055+0000] {logging_mixin.py:188} INFO - [2024-04-08T09:43:31.055+0000] {dag.py:3834} INFO - Setting next_dagrun for dataset_consumes_1_and_2 to None, run_after=None
[2024-04-08T09:43:31.056+0000] {logging_mixin.py:188} INFO - [2024-04-08T09:43:31.056+0000] {dag.py:3834} INFO - Setting next_dagrun for dataset_consumes_1_never_scheduled to None, run_after=None
[2024-04-08T09:43:31.057+0000] {logging_mixin.py:188} INFO - [2024-04-08T09:43:31.057+0000] {dag.py:3834} INFO - Setting next_dagrun for dataset_consumes_unknown_never_scheduled to None, run_after=None
[2024-04-08T09:43:31.058+0000] {logging_mixin.py:188} INFO - [2024-04-08T09:43:31.058+0000] {dag.py:3834} INFO - Setting next_dagrun for dataset_produces_1 to 2024-04-07 00:00:00+00:00, run_after=2024-04-08 00:00:00+00:00
[2024-04-08T09:43:31.059+0000] {logging_mixin.py:188} INFO - [2024-04-08T09:43:31.059+0000] {dag.py:3834} INFO - Setting next_dagrun for dataset_produces_2 to None, run_after=None
[2024-04-08T09:43:31.095+0000] {processor.py:183} INFO - Processing /home/airflow/.local/lib/python3.8/site-packages/airflow/example_dags/example_datasets.py took 0.180 seconds
[2024-04-08T09:44:01.494+0000] {processor.py:161} INFO - Started process (PID=1613) to work on /home/airflow/.local/lib/python3.8/site-packages/airflow/example_dags/example_datasets.py
[2024-04-08T09:44:01.495+0000] {processor.py:830} INFO - Processing file /home/airflow/.local/lib/python3.8/site-packages/airflow/example_dags/example_datasets.py for tasks to queue
[2024-04-08T09:44:01.496+0000] {logging_mixin.py:188} INFO - [2024-04-08T09:44:01.495+0000] {dagbag.py:540} INFO - Filling up the DagBag from /home/airflow/.local/lib/python3.8/site-packages/airflow/example_dags/example_datasets.py
[2024-04-08T09:44:01.500+0000] {processor.py:840} INFO - DAG(s) 'dataset_consumes_unknown_never_scheduled', 'dataset_consumes_1', 'dataset_produces_2', 'dataset_consumes_1_never_scheduled', 'dataset_produces_1', 'dataset_consumes_1_and_2' retrieved from /home/airflow/.local/lib/python3.8/site-packages/airflow/example_dags/example_datasets.py
[2024-04-08T09:44:01.582+0000] {logging_mixin.py:188} INFO - [2024-04-08T09:44:01.581+0000] {dag.py:3047} INFO - Sync 6 DAGs
[2024-04-08T09:44:01.624+0000] {logging_mixin.py:188} INFO - [2024-04-08T09:44:01.624+0000] {dag.py:3834} INFO - Setting next_dagrun for dataset_consumes_1 to None, run_after=None
[2024-04-08T09:44:01.626+0000] {logging_mixin.py:188} INFO - [2024-04-08T09:44:01.626+0000] {dag.py:3834} INFO - Setting next_dagrun for dataset_consumes_1_and_2 to None, run_after=None
[2024-04-08T09:44:01.627+0000] {logging_mixin.py:188} INFO - [2024-04-08T09:44:01.627+0000] {dag.py:3834} INFO - Setting next_dagrun for dataset_consumes_1_never_scheduled to None, run_after=None
[2024-04-08T09:44:01.628+0000] {logging_mixin.py:188} INFO - [2024-04-08T09:44:01.628+0000] {dag.py:3834} INFO - Setting next_dagrun for dataset_consumes_unknown_never_scheduled to None, run_after=None
[2024-04-08T09:44:01.629+0000] {logging_mixin.py:188} INFO - [2024-04-08T09:44:01.629+0000] {dag.py:3834} INFO - Setting next_dagrun for dataset_produces_1 to 2024-04-07 00:00:00+00:00, run_after=2024-04-08 00:00:00+00:00
[2024-04-08T09:44:01.630+0000] {logging_mixin.py:188} INFO - [2024-04-08T09:44:01.630+0000] {dag.py:3834} INFO - Setting next_dagrun for dataset_produces_2 to None, run_after=None
[2024-04-08T09:44:01.664+0000] {processor.py:183} INFO - Processing /home/airflow/.local/lib/python3.8/site-packages/airflow/example_dags/example_datasets.py took 0.171 seconds
[2024-04-08T09:44:31.678+0000] {processor.py:161} INFO - Started process (PID=1668) to work on /home/airflow/.local/lib/python3.8/site-packages/airflow/example_dags/example_datasets.py
[2024-04-08T09:44:31.679+0000] {processor.py:830} INFO - Processing file /home/airflow/.local/lib/python3.8/site-packages/airflow/example_dags/example_datasets.py for tasks to queue
[2024-04-08T09:44:31.680+0000] {logging_mixin.py:188} INFO - [2024-04-08T09:44:31.679+0000] {dagbag.py:540} INFO - Filling up the DagBag from /home/airflow/.local/lib/python3.8/site-packages/airflow/example_dags/example_datasets.py
[2024-04-08T09:44:31.684+0000] {processor.py:840} INFO - DAG(s) 'dataset_consumes_1', 'dataset_produces_2', 'dataset_produces_1', 'dataset_consumes_unknown_never_scheduled', 'dataset_consumes_1_and_2', 'dataset_consumes_1_never_scheduled' retrieved from /home/airflow/.local/lib/python3.8/site-packages/airflow/example_dags/example_datasets.py
[2024-04-08T09:44:31.765+0000] {logging_mixin.py:188} INFO - [2024-04-08T09:44:31.765+0000] {dag.py:3047} INFO - Sync 6 DAGs
[2024-04-08T09:44:31.807+0000] {logging_mixin.py:188} INFO - [2024-04-08T09:44:31.807+0000] {dag.py:3834} INFO - Setting next_dagrun for dataset_consumes_1 to None, run_after=None
[2024-04-08T09:44:31.809+0000] {logging_mixin.py:188} INFO - [2024-04-08T09:44:31.809+0000] {dag.py:3834} INFO - Setting next_dagrun for dataset_consumes_1_and_2 to None, run_after=None
[2024-04-08T09:44:31.810+0000] {logging_mixin.py:188} INFO - [2024-04-08T09:44:31.810+0000] {dag.py:3834} INFO - Setting next_dagrun for dataset_consumes_1_never_scheduled to None, run_after=None
[2024-04-08T09:44:31.811+0000] {logging_mixin.py:188} INFO - [2024-04-08T09:44:31.811+0000] {dag.py:3834} INFO - Setting next_dagrun for dataset_consumes_unknown_never_scheduled to None, run_after=None
[2024-04-08T09:44:31.813+0000] {logging_mixin.py:188} INFO - [2024-04-08T09:44:31.813+0000] {dag.py:3834} INFO - Setting next_dagrun for dataset_produces_1 to 2024-04-07 00:00:00+00:00, run_after=2024-04-08 00:00:00+00:00
[2024-04-08T09:44:31.813+0000] {logging_mixin.py:188} INFO - [2024-04-08T09:44:31.813+0000] {dag.py:3834} INFO - Setting next_dagrun for dataset_produces_2 to None, run_after=None
[2024-04-08T09:44:31.851+0000] {processor.py:183} INFO - Processing /home/airflow/.local/lib/python3.8/site-packages/airflow/example_dags/example_datasets.py took 0.174 seconds
[2024-04-08T09:45:01.980+0000] {processor.py:161} INFO - Started process (PID=1723) to work on /home/airflow/.local/lib/python3.8/site-packages/airflow/example_dags/example_datasets.py
[2024-04-08T09:45:01.981+0000] {processor.py:830} INFO - Processing file /home/airflow/.local/lib/python3.8/site-packages/airflow/example_dags/example_datasets.py for tasks to queue
[2024-04-08T09:45:01.982+0000] {logging_mixin.py:188} INFO - [2024-04-08T09:45:01.982+0000] {dagbag.py:540} INFO - Filling up the DagBag from /home/airflow/.local/lib/python3.8/site-packages/airflow/example_dags/example_datasets.py
[2024-04-08T09:45:01.986+0000] {processor.py:840} INFO - DAG(s) 'dataset_produces_1', 'dataset_produces_2', 'dataset_consumes_1_and_2', 'dataset_consumes_1_never_scheduled', 'dataset_consumes_unknown_never_scheduled', 'dataset_consumes_1' retrieved from /home/airflow/.local/lib/python3.8/site-packages/airflow/example_dags/example_datasets.py
[2024-04-08T09:45:02.068+0000] {logging_mixin.py:188} INFO - [2024-04-08T09:45:02.068+0000] {dag.py:3047} INFO - Sync 6 DAGs
[2024-04-08T09:45:02.110+0000] {logging_mixin.py:188} INFO - [2024-04-08T09:45:02.110+0000] {dag.py:3834} INFO - Setting next_dagrun for dataset_consumes_1 to None, run_after=None
[2024-04-08T09:45:02.112+0000] {logging_mixin.py:188} INFO - [2024-04-08T09:45:02.112+0000] {dag.py:3834} INFO - Setting next_dagrun for dataset_consumes_1_and_2 to None, run_after=None
[2024-04-08T09:45:02.113+0000] {logging_mixin.py:188} INFO - [2024-04-08T09:45:02.113+0000] {dag.py:3834} INFO - Setting next_dagrun for dataset_consumes_1_never_scheduled to None, run_after=None
[2024-04-08T09:45:02.114+0000] {logging_mixin.py:188} INFO - [2024-04-08T09:45:02.114+0000] {dag.py:3834} INFO - Setting next_dagrun for dataset_consumes_unknown_never_scheduled to None, run_after=None
[2024-04-08T09:45:02.116+0000] {logging_mixin.py:188} INFO - [2024-04-08T09:45:02.116+0000] {dag.py:3834} INFO - Setting next_dagrun for dataset_produces_1 to 2024-04-07 00:00:00+00:00, run_after=2024-04-08 00:00:00+00:00
[2024-04-08T09:45:02.116+0000] {logging_mixin.py:188} INFO - [2024-04-08T09:45:02.116+0000] {dag.py:3834} INFO - Setting next_dagrun for dataset_produces_2 to None, run_after=None
[2024-04-08T09:45:02.152+0000] {processor.py:183} INFO - Processing /home/airflow/.local/lib/python3.8/site-packages/airflow/example_dags/example_datasets.py took 0.174 seconds
[2024-04-08T09:45:32.242+0000] {processor.py:161} INFO - Started process (PID=1778) to work on /home/airflow/.local/lib/python3.8/site-packages/airflow/example_dags/example_datasets.py
[2024-04-08T09:45:32.243+0000] {processor.py:830} INFO - Processing file /home/airflow/.local/lib/python3.8/site-packages/airflow/example_dags/example_datasets.py for tasks to queue
[2024-04-08T09:45:32.244+0000] {logging_mixin.py:188} INFO - [2024-04-08T09:45:32.244+0000] {dagbag.py:540} INFO - Filling up the DagBag from /home/airflow/.local/lib/python3.8/site-packages/airflow/example_dags/example_datasets.py
[2024-04-08T09:45:32.249+0000] {processor.py:840} INFO - DAG(s) 'dataset_consumes_1', 'dataset_produces_1', 'dataset_consumes_unknown_never_scheduled', 'dataset_produces_2', 'dataset_consumes_1_and_2', 'dataset_consumes_1_never_scheduled' retrieved from /home/airflow/.local/lib/python3.8/site-packages/airflow/example_dags/example_datasets.py
[2024-04-08T09:45:32.332+0000] {logging_mixin.py:188} INFO - [2024-04-08T09:45:32.332+0000] {dag.py:3047} INFO - Sync 6 DAGs
[2024-04-08T09:45:32.374+0000] {logging_mixin.py:188} INFO - [2024-04-08T09:45:32.373+0000] {dag.py:3834} INFO - Setting next_dagrun for dataset_consumes_1 to None, run_after=None
[2024-04-08T09:45:32.376+0000] {logging_mixin.py:188} INFO - [2024-04-08T09:45:32.376+0000] {dag.py:3834} INFO - Setting next_dagrun for dataset_consumes_1_and_2 to None, run_after=None
[2024-04-08T09:45:32.377+0000] {logging_mixin.py:188} INFO - [2024-04-08T09:45:32.377+0000] {dag.py:3834} INFO - Setting next_dagrun for dataset_consumes_1_never_scheduled to None, run_after=None
[2024-04-08T09:45:32.378+0000] {logging_mixin.py:188} INFO - [2024-04-08T09:45:32.378+0000] {dag.py:3834} INFO - Setting next_dagrun for dataset_consumes_unknown_never_scheduled to None, run_after=None
[2024-04-08T09:45:32.379+0000] {logging_mixin.py:188} INFO - [2024-04-08T09:45:32.379+0000] {dag.py:3834} INFO - Setting next_dagrun for dataset_produces_1 to 2024-04-07 00:00:00+00:00, run_after=2024-04-08 00:00:00+00:00
[2024-04-08T09:45:32.380+0000] {logging_mixin.py:188} INFO - [2024-04-08T09:45:32.380+0000] {dag.py:3834} INFO - Setting next_dagrun for dataset_produces_2 to None, run_after=None
[2024-04-08T09:45:32.413+0000] {processor.py:183} INFO - Processing /home/airflow/.local/lib/python3.8/site-packages/airflow/example_dags/example_datasets.py took 0.172 seconds
[2024-04-08T09:46:02.501+0000] {processor.py:161} INFO - Started process (PID=1833) to work on /home/airflow/.local/lib/python3.8/site-packages/airflow/example_dags/example_datasets.py
[2024-04-08T09:46:02.502+0000] {processor.py:830} INFO - Processing file /home/airflow/.local/lib/python3.8/site-packages/airflow/example_dags/example_datasets.py for tasks to queue
[2024-04-08T09:46:02.502+0000] {logging_mixin.py:188} INFO - [2024-04-08T09:46:02.502+0000] {dagbag.py:540} INFO - Filling up the DagBag from /home/airflow/.local/lib/python3.8/site-packages/airflow/example_dags/example_datasets.py
[2024-04-08T09:46:02.507+0000] {processor.py:840} INFO - DAG(s) 'dataset_consumes_1_and_2', 'dataset_consumes_unknown_never_scheduled', 'dataset_consumes_1_never_scheduled', 'dataset_produces_1', 'dataset_consumes_1', 'dataset_produces_2' retrieved from /home/airflow/.local/lib/python3.8/site-packages/airflow/example_dags/example_datasets.py
[2024-04-08T09:46:02.589+0000] {logging_mixin.py:188} INFO - [2024-04-08T09:46:02.589+0000] {dag.py:3047} INFO - Sync 6 DAGs
[2024-04-08T09:46:02.644+0000] {logging_mixin.py:188} INFO - [2024-04-08T09:46:02.644+0000] {dag.py:3834} INFO - Setting next_dagrun for dataset_consumes_1 to None, run_after=None
[2024-04-08T09:46:02.647+0000] {logging_mixin.py:188} INFO - [2024-04-08T09:46:02.647+0000] {dag.py:3834} INFO - Setting next_dagrun for dataset_consumes_1_and_2 to None, run_after=None
[2024-04-08T09:46:02.648+0000] {logging_mixin.py:188} INFO - [2024-04-08T09:46:02.648+0000] {dag.py:3834} INFO - Setting next_dagrun for dataset_consumes_1_never_scheduled to None, run_after=None
[2024-04-08T09:46:02.649+0000] {logging_mixin.py:188} INFO - [2024-04-08T09:46:02.649+0000] {dag.py:3834} INFO - Setting next_dagrun for dataset_consumes_unknown_never_scheduled to None, run_after=None
[2024-04-08T09:46:02.650+0000] {logging_mixin.py:188} INFO - [2024-04-08T09:46:02.650+0000] {dag.py:3834} INFO - Setting next_dagrun for dataset_produces_1 to 2024-04-07 00:00:00+00:00, run_after=2024-04-08 00:00:00+00:00
[2024-04-08T09:46:02.651+0000] {logging_mixin.py:188} INFO - [2024-04-08T09:46:02.651+0000] {dag.py:3834} INFO - Setting next_dagrun for dataset_produces_2 to None, run_after=None
[2024-04-08T09:46:02.694+0000] {processor.py:183} INFO - Processing /home/airflow/.local/lib/python3.8/site-packages/airflow/example_dags/example_datasets.py took 0.194 seconds
