[2024-04-08T09:29:44.501+0000] {processor.py:161} INFO - Started process (PID=37) to work on /home/airflow/.local/lib/python3.8/site-packages/airflow/example_dags/tutorial.py
[2024-04-08T09:29:44.501+0000] {processor.py:830} INFO - Processing file /home/airflow/.local/lib/python3.8/site-packages/airflow/example_dags/tutorial.py for tasks to queue
[2024-04-08T09:29:44.502+0000] {logging_mixin.py:188} INFO - [2024-04-08T09:29:44.502+0000] {dagbag.py:540} INFO - Filling up the DagBag from /home/airflow/.local/lib/python3.8/site-packages/airflow/example_dags/tutorial.py
[2024-04-08T09:29:44.507+0000] {processor.py:840} INFO - DAG(s) 'tutorial' retrieved from /home/airflow/.local/lib/python3.8/site-packages/airflow/example_dags/tutorial.py
[2024-04-08T09:29:44.596+0000] {logging_mixin.py:188} INFO - [2024-04-08T09:29:44.596+0000] {dag.py:3047} INFO - Sync 1 DAGs
[2024-04-08T09:29:44.635+0000] {logging_mixin.py:188} INFO - [2024-04-08T09:29:44.635+0000] {dag.py:3834} INFO - Setting next_dagrun for tutorial to 2024-04-07 00:00:00+00:00, run_after=2024-04-08 00:00:00+00:00
[2024-04-08T09:29:44.661+0000] {processor.py:183} INFO - Processing /home/airflow/.local/lib/python3.8/site-packages/airflow/example_dags/tutorial.py took 0.162 seconds
[2024-04-08T09:30:14.832+0000] {processor.py:161} INFO - Started process (PID=92) to work on /home/airflow/.local/lib/python3.8/site-packages/airflow/example_dags/tutorial.py
[2024-04-08T09:30:14.835+0000] {processor.py:830} INFO - Processing file /home/airflow/.local/lib/python3.8/site-packages/airflow/example_dags/tutorial.py for tasks to queue
[2024-04-08T09:30:14.835+0000] {logging_mixin.py:188} INFO - [2024-04-08T09:30:14.835+0000] {dagbag.py:540} INFO - Filling up the DagBag from /home/airflow/.local/lib/python3.8/site-packages/airflow/example_dags/tutorial.py
[2024-04-08T09:30:14.839+0000] {processor.py:840} INFO - DAG(s) 'tutorial' retrieved from /home/airflow/.local/lib/python3.8/site-packages/airflow/example_dags/tutorial.py
[2024-04-08T09:30:14.965+0000] {logging_mixin.py:188} INFO - [2024-04-08T09:30:14.965+0000] {dag.py:3047} INFO - Sync 1 DAGs
[2024-04-08T09:30:15.010+0000] {logging_mixin.py:188} INFO - [2024-04-08T09:30:15.010+0000] {dag.py:3834} INFO - Setting next_dagrun for tutorial to 2024-04-07 00:00:00+00:00, run_after=2024-04-08 00:00:00+00:00
[2024-04-08T09:30:15.041+0000] {processor.py:183} INFO - Processing /home/airflow/.local/lib/python3.8/site-packages/airflow/example_dags/tutorial.py took 0.211 seconds
[2024-04-08T09:30:45.859+0000] {processor.py:161} INFO - Started process (PID=147) to work on /home/airflow/.local/lib/python3.8/site-packages/airflow/example_dags/tutorial.py
[2024-04-08T09:30:45.860+0000] {processor.py:830} INFO - Processing file /home/airflow/.local/lib/python3.8/site-packages/airflow/example_dags/tutorial.py for tasks to queue
[2024-04-08T09:30:45.861+0000] {logging_mixin.py:188} INFO - [2024-04-08T09:30:45.861+0000] {dagbag.py:540} INFO - Filling up the DagBag from /home/airflow/.local/lib/python3.8/site-packages/airflow/example_dags/tutorial.py
[2024-04-08T09:30:45.865+0000] {processor.py:840} INFO - DAG(s) 'tutorial' retrieved from /home/airflow/.local/lib/python3.8/site-packages/airflow/example_dags/tutorial.py
[2024-04-08T09:30:45.953+0000] {logging_mixin.py:188} INFO - [2024-04-08T09:30:45.953+0000] {dag.py:3047} INFO - Sync 1 DAGs
[2024-04-08T09:30:45.998+0000] {logging_mixin.py:188} INFO - [2024-04-08T09:30:45.998+0000] {dag.py:3834} INFO - Setting next_dagrun for tutorial to 2024-04-07 00:00:00+00:00, run_after=2024-04-08 00:00:00+00:00
[2024-04-08T09:30:46.030+0000] {processor.py:183} INFO - Processing /home/airflow/.local/lib/python3.8/site-packages/airflow/example_dags/tutorial.py took 0.173 seconds
[2024-04-08T09:31:16.069+0000] {processor.py:161} INFO - Started process (PID=201) to work on /home/airflow/.local/lib/python3.8/site-packages/airflow/example_dags/tutorial.py
[2024-04-08T09:31:16.069+0000] {processor.py:830} INFO - Processing file /home/airflow/.local/lib/python3.8/site-packages/airflow/example_dags/tutorial.py for tasks to queue
[2024-04-08T09:31:16.070+0000] {logging_mixin.py:188} INFO - [2024-04-08T09:31:16.070+0000] {dagbag.py:540} INFO - Filling up the DagBag from /home/airflow/.local/lib/python3.8/site-packages/airflow/example_dags/tutorial.py
[2024-04-08T09:31:16.073+0000] {processor.py:840} INFO - DAG(s) 'tutorial' retrieved from /home/airflow/.local/lib/python3.8/site-packages/airflow/example_dags/tutorial.py
[2024-04-08T09:31:16.144+0000] {logging_mixin.py:188} INFO - [2024-04-08T09:31:16.144+0000] {dag.py:3047} INFO - Sync 1 DAGs
[2024-04-08T09:31:16.180+0000] {logging_mixin.py:188} INFO - [2024-04-08T09:31:16.179+0000] {dag.py:3834} INFO - Setting next_dagrun for tutorial to 2024-04-07 00:00:00+00:00, run_after=2024-04-08 00:00:00+00:00
[2024-04-08T09:31:16.203+0000] {processor.py:183} INFO - Processing /home/airflow/.local/lib/python3.8/site-packages/airflow/example_dags/tutorial.py took 0.136 seconds
[2024-04-08T09:31:46.442+0000] {processor.py:161} INFO - Started process (PID=256) to work on /home/airflow/.local/lib/python3.8/site-packages/airflow/example_dags/tutorial.py
[2024-04-08T09:31:46.443+0000] {processor.py:830} INFO - Processing file /home/airflow/.local/lib/python3.8/site-packages/airflow/example_dags/tutorial.py for tasks to queue
[2024-04-08T09:31:46.445+0000] {logging_mixin.py:188} INFO - [2024-04-08T09:31:46.444+0000] {dagbag.py:540} INFO - Filling up the DagBag from /home/airflow/.local/lib/python3.8/site-packages/airflow/example_dags/tutorial.py
[2024-04-08T09:31:46.451+0000] {processor.py:840} INFO - DAG(s) 'tutorial' retrieved from /home/airflow/.local/lib/python3.8/site-packages/airflow/example_dags/tutorial.py
[2024-04-08T09:31:46.537+0000] {logging_mixin.py:188} INFO - [2024-04-08T09:31:46.537+0000] {dag.py:3047} INFO - Sync 1 DAGs
[2024-04-08T09:31:46.574+0000] {logging_mixin.py:188} INFO - [2024-04-08T09:31:46.574+0000] {dag.py:3834} INFO - Setting next_dagrun for tutorial to 2024-04-07 00:00:00+00:00, run_after=2024-04-08 00:00:00+00:00
[2024-04-08T09:31:46.597+0000] {processor.py:183} INFO - Processing /home/airflow/.local/lib/python3.8/site-packages/airflow/example_dags/tutorial.py took 0.159 seconds
[2024-04-08T09:32:16.622+0000] {processor.py:161} INFO - Started process (PID=310) to work on /home/airflow/.local/lib/python3.8/site-packages/airflow/example_dags/tutorial.py
[2024-04-08T09:32:16.624+0000] {processor.py:830} INFO - Processing file /home/airflow/.local/lib/python3.8/site-packages/airflow/example_dags/tutorial.py for tasks to queue
[2024-04-08T09:32:16.626+0000] {logging_mixin.py:188} INFO - [2024-04-08T09:32:16.625+0000] {dagbag.py:540} INFO - Filling up the DagBag from /home/airflow/.local/lib/python3.8/site-packages/airflow/example_dags/tutorial.py
[2024-04-08T09:32:16.632+0000] {processor.py:840} INFO - DAG(s) 'tutorial' retrieved from /home/airflow/.local/lib/python3.8/site-packages/airflow/example_dags/tutorial.py
[2024-04-08T09:32:16.715+0000] {logging_mixin.py:188} INFO - [2024-04-08T09:32:16.715+0000] {dag.py:3047} INFO - Sync 1 DAGs
[2024-04-08T09:32:16.748+0000] {logging_mixin.py:188} INFO - [2024-04-08T09:32:16.748+0000] {dag.py:3834} INFO - Setting next_dagrun for tutorial to 2024-04-07 00:00:00+00:00, run_after=2024-04-08 00:00:00+00:00
[2024-04-08T09:32:16.767+0000] {processor.py:183} INFO - Processing /home/airflow/.local/lib/python3.8/site-packages/airflow/example_dags/tutorial.py took 0.149 seconds
[2024-04-08T09:32:46.860+0000] {processor.py:161} INFO - Started process (PID=365) to work on /home/airflow/.local/lib/python3.8/site-packages/airflow/example_dags/tutorial.py
[2024-04-08T09:32:46.862+0000] {processor.py:830} INFO - Processing file /home/airflow/.local/lib/python3.8/site-packages/airflow/example_dags/tutorial.py for tasks to queue
[2024-04-08T09:32:46.864+0000] {logging_mixin.py:188} INFO - [2024-04-08T09:32:46.863+0000] {dagbag.py:540} INFO - Filling up the DagBag from /home/airflow/.local/lib/python3.8/site-packages/airflow/example_dags/tutorial.py
[2024-04-08T09:32:46.870+0000] {processor.py:840} INFO - DAG(s) 'tutorial' retrieved from /home/airflow/.local/lib/python3.8/site-packages/airflow/example_dags/tutorial.py
[2024-04-08T09:32:46.955+0000] {logging_mixin.py:188} INFO - [2024-04-08T09:32:46.954+0000] {dag.py:3047} INFO - Sync 1 DAGs
[2024-04-08T09:32:46.991+0000] {logging_mixin.py:188} INFO - [2024-04-08T09:32:46.991+0000] {dag.py:3834} INFO - Setting next_dagrun for tutorial to 2024-04-07 00:00:00+00:00, run_after=2024-04-08 00:00:00+00:00
[2024-04-08T09:32:47.012+0000] {processor.py:183} INFO - Processing /home/airflow/.local/lib/python3.8/site-packages/airflow/example_dags/tutorial.py took 0.156 seconds
[2024-04-08T09:33:17.090+0000] {processor.py:161} INFO - Started process (PID=420) to work on /home/airflow/.local/lib/python3.8/site-packages/airflow/example_dags/tutorial.py
[2024-04-08T09:33:17.091+0000] {processor.py:830} INFO - Processing file /home/airflow/.local/lib/python3.8/site-packages/airflow/example_dags/tutorial.py for tasks to queue
[2024-04-08T09:33:17.093+0000] {logging_mixin.py:188} INFO - [2024-04-08T09:33:17.093+0000] {dagbag.py:540} INFO - Filling up the DagBag from /home/airflow/.local/lib/python3.8/site-packages/airflow/example_dags/tutorial.py
[2024-04-08T09:33:17.099+0000] {processor.py:840} INFO - DAG(s) 'tutorial' retrieved from /home/airflow/.local/lib/python3.8/site-packages/airflow/example_dags/tutorial.py
[2024-04-08T09:33:17.181+0000] {logging_mixin.py:188} INFO - [2024-04-08T09:33:17.181+0000] {dag.py:3047} INFO - Sync 1 DAGs
[2024-04-08T09:33:17.221+0000] {logging_mixin.py:188} INFO - [2024-04-08T09:33:17.220+0000] {dag.py:3834} INFO - Setting next_dagrun for tutorial to 2024-04-07 00:00:00+00:00, run_after=2024-04-08 00:00:00+00:00
[2024-04-08T09:33:17.241+0000] {processor.py:183} INFO - Processing /home/airflow/.local/lib/python3.8/site-packages/airflow/example_dags/tutorial.py took 0.156 seconds
[2024-04-08T09:33:47.268+0000] {processor.py:161} INFO - Started process (PID=474) to work on /home/airflow/.local/lib/python3.8/site-packages/airflow/example_dags/tutorial.py
[2024-04-08T09:33:47.270+0000] {processor.py:830} INFO - Processing file /home/airflow/.local/lib/python3.8/site-packages/airflow/example_dags/tutorial.py for tasks to queue
[2024-04-08T09:33:47.272+0000] {logging_mixin.py:188} INFO - [2024-04-08T09:33:47.272+0000] {dagbag.py:540} INFO - Filling up the DagBag from /home/airflow/.local/lib/python3.8/site-packages/airflow/example_dags/tutorial.py
[2024-04-08T09:33:47.279+0000] {processor.py:840} INFO - DAG(s) 'tutorial' retrieved from /home/airflow/.local/lib/python3.8/site-packages/airflow/example_dags/tutorial.py
[2024-04-08T09:33:47.362+0000] {logging_mixin.py:188} INFO - [2024-04-08T09:33:47.361+0000] {dag.py:3047} INFO - Sync 1 DAGs
[2024-04-08T09:33:47.396+0000] {logging_mixin.py:188} INFO - [2024-04-08T09:33:47.396+0000] {dag.py:3834} INFO - Setting next_dagrun for tutorial to 2024-04-07 00:00:00+00:00, run_after=2024-04-08 00:00:00+00:00
[2024-04-08T09:33:47.418+0000] {processor.py:183} INFO - Processing /home/airflow/.local/lib/python3.8/site-packages/airflow/example_dags/tutorial.py took 0.155 seconds
[2024-04-08T09:34:17.463+0000] {processor.py:161} INFO - Started process (PID=529) to work on /home/airflow/.local/lib/python3.8/site-packages/airflow/example_dags/tutorial.py
[2024-04-08T09:34:17.464+0000] {processor.py:830} INFO - Processing file /home/airflow/.local/lib/python3.8/site-packages/airflow/example_dags/tutorial.py for tasks to queue
[2024-04-08T09:34:17.465+0000] {logging_mixin.py:188} INFO - [2024-04-08T09:34:17.465+0000] {dagbag.py:540} INFO - Filling up the DagBag from /home/airflow/.local/lib/python3.8/site-packages/airflow/example_dags/tutorial.py
[2024-04-08T09:34:17.467+0000] {processor.py:840} INFO - DAG(s) 'tutorial' retrieved from /home/airflow/.local/lib/python3.8/site-packages/airflow/example_dags/tutorial.py
[2024-04-08T09:34:17.536+0000] {logging_mixin.py:188} INFO - [2024-04-08T09:34:17.536+0000] {dag.py:3047} INFO - Sync 1 DAGs
[2024-04-08T09:34:17.570+0000] {logging_mixin.py:188} INFO - [2024-04-08T09:34:17.570+0000] {dag.py:3834} INFO - Setting next_dagrun for tutorial to 2024-04-07 00:00:00+00:00, run_after=2024-04-08 00:00:00+00:00
[2024-04-08T09:34:17.589+0000] {processor.py:183} INFO - Processing /home/airflow/.local/lib/python3.8/site-packages/airflow/example_dags/tutorial.py took 0.127 seconds
[2024-04-08T09:34:47.939+0000] {processor.py:161} INFO - Started process (PID=584) to work on /home/airflow/.local/lib/python3.8/site-packages/airflow/example_dags/tutorial.py
[2024-04-08T09:34:47.939+0000] {processor.py:830} INFO - Processing file /home/airflow/.local/lib/python3.8/site-packages/airflow/example_dags/tutorial.py for tasks to queue
[2024-04-08T09:34:47.940+0000] {logging_mixin.py:188} INFO - [2024-04-08T09:34:47.940+0000] {dagbag.py:540} INFO - Filling up the DagBag from /home/airflow/.local/lib/python3.8/site-packages/airflow/example_dags/tutorial.py
[2024-04-08T09:34:47.943+0000] {processor.py:840} INFO - DAG(s) 'tutorial' retrieved from /home/airflow/.local/lib/python3.8/site-packages/airflow/example_dags/tutorial.py
[2024-04-08T09:34:48.017+0000] {logging_mixin.py:188} INFO - [2024-04-08T09:34:48.017+0000] {dag.py:3047} INFO - Sync 1 DAGs
[2024-04-08T09:34:48.056+0000] {logging_mixin.py:188} INFO - [2024-04-08T09:34:48.055+0000] {dag.py:3834} INFO - Setting next_dagrun for tutorial to 2024-04-07 00:00:00+00:00, run_after=2024-04-08 00:00:00+00:00
[2024-04-08T09:34:48.077+0000] {processor.py:183} INFO - Processing /home/airflow/.local/lib/python3.8/site-packages/airflow/example_dags/tutorial.py took 0.140 seconds
[2024-04-08T09:35:18.173+0000] {processor.py:161} INFO - Started process (PID=639) to work on /home/airflow/.local/lib/python3.8/site-packages/airflow/example_dags/tutorial.py
[2024-04-08T09:35:18.174+0000] {processor.py:830} INFO - Processing file /home/airflow/.local/lib/python3.8/site-packages/airflow/example_dags/tutorial.py for tasks to queue
[2024-04-08T09:35:18.175+0000] {logging_mixin.py:188} INFO - [2024-04-08T09:35:18.175+0000] {dagbag.py:540} INFO - Filling up the DagBag from /home/airflow/.local/lib/python3.8/site-packages/airflow/example_dags/tutorial.py
[2024-04-08T09:35:18.178+0000] {processor.py:840} INFO - DAG(s) 'tutorial' retrieved from /home/airflow/.local/lib/python3.8/site-packages/airflow/example_dags/tutorial.py
[2024-04-08T09:35:18.255+0000] {logging_mixin.py:188} INFO - [2024-04-08T09:35:18.255+0000] {dag.py:3047} INFO - Sync 1 DAGs
[2024-04-08T09:35:18.302+0000] {logging_mixin.py:188} INFO - [2024-04-08T09:35:18.302+0000] {dag.py:3834} INFO - Setting next_dagrun for tutorial to 2024-04-07 00:00:00+00:00, run_after=2024-04-08 00:00:00+00:00
[2024-04-08T09:35:18.327+0000] {processor.py:183} INFO - Processing /home/airflow/.local/lib/python3.8/site-packages/airflow/example_dags/tutorial.py took 0.156 seconds
[2024-04-08T09:35:48.469+0000] {processor.py:161} INFO - Started process (PID=694) to work on /home/airflow/.local/lib/python3.8/site-packages/airflow/example_dags/tutorial.py
[2024-04-08T09:35:48.471+0000] {processor.py:830} INFO - Processing file /home/airflow/.local/lib/python3.8/site-packages/airflow/example_dags/tutorial.py for tasks to queue
[2024-04-08T09:35:48.472+0000] {logging_mixin.py:188} INFO - [2024-04-08T09:35:48.472+0000] {dagbag.py:540} INFO - Filling up the DagBag from /home/airflow/.local/lib/python3.8/site-packages/airflow/example_dags/tutorial.py
[2024-04-08T09:35:48.477+0000] {processor.py:840} INFO - DAG(s) 'tutorial' retrieved from /home/airflow/.local/lib/python3.8/site-packages/airflow/example_dags/tutorial.py
[2024-04-08T09:35:48.556+0000] {logging_mixin.py:188} INFO - [2024-04-08T09:35:48.556+0000] {dag.py:3047} INFO - Sync 1 DAGs
[2024-04-08T09:35:48.593+0000] {logging_mixin.py:188} INFO - [2024-04-08T09:35:48.593+0000] {dag.py:3834} INFO - Setting next_dagrun for tutorial to 2024-04-07 00:00:00+00:00, run_after=2024-04-08 00:00:00+00:00
[2024-04-08T09:35:48.614+0000] {processor.py:183} INFO - Processing /home/airflow/.local/lib/python3.8/site-packages/airflow/example_dags/tutorial.py took 0.148 seconds
[2024-04-08T09:36:18.784+0000] {processor.py:161} INFO - Started process (PID=749) to work on /home/airflow/.local/lib/python3.8/site-packages/airflow/example_dags/tutorial.py
[2024-04-08T09:36:18.785+0000] {processor.py:830} INFO - Processing file /home/airflow/.local/lib/python3.8/site-packages/airflow/example_dags/tutorial.py for tasks to queue
[2024-04-08T09:36:18.787+0000] {logging_mixin.py:188} INFO - [2024-04-08T09:36:18.787+0000] {dagbag.py:540} INFO - Filling up the DagBag from /home/airflow/.local/lib/python3.8/site-packages/airflow/example_dags/tutorial.py
[2024-04-08T09:36:18.792+0000] {processor.py:840} INFO - DAG(s) 'tutorial' retrieved from /home/airflow/.local/lib/python3.8/site-packages/airflow/example_dags/tutorial.py
[2024-04-08T09:36:18.881+0000] {logging_mixin.py:188} INFO - [2024-04-08T09:36:18.881+0000] {dag.py:3047} INFO - Sync 1 DAGs
[2024-04-08T09:36:18.921+0000] {logging_mixin.py:188} INFO - [2024-04-08T09:36:18.920+0000] {dag.py:3834} INFO - Setting next_dagrun for tutorial to 2024-04-07 00:00:00+00:00, run_after=2024-04-08 00:00:00+00:00
[2024-04-08T09:36:18.941+0000] {processor.py:183} INFO - Processing /home/airflow/.local/lib/python3.8/site-packages/airflow/example_dags/tutorial.py took 0.160 seconds
[2024-04-08T09:36:49.115+0000] {processor.py:161} INFO - Started process (PID=804) to work on /home/airflow/.local/lib/python3.8/site-packages/airflow/example_dags/tutorial.py
[2024-04-08T09:36:49.116+0000] {processor.py:830} INFO - Processing file /home/airflow/.local/lib/python3.8/site-packages/airflow/example_dags/tutorial.py for tasks to queue
[2024-04-08T09:36:49.118+0000] {logging_mixin.py:188} INFO - [2024-04-08T09:36:49.117+0000] {dagbag.py:540} INFO - Filling up the DagBag from /home/airflow/.local/lib/python3.8/site-packages/airflow/example_dags/tutorial.py
[2024-04-08T09:36:49.122+0000] {processor.py:840} INFO - DAG(s) 'tutorial' retrieved from /home/airflow/.local/lib/python3.8/site-packages/airflow/example_dags/tutorial.py
[2024-04-08T09:36:49.209+0000] {logging_mixin.py:188} INFO - [2024-04-08T09:36:49.208+0000] {dag.py:3047} INFO - Sync 1 DAGs
[2024-04-08T09:36:49.249+0000] {logging_mixin.py:188} INFO - [2024-04-08T09:36:49.249+0000] {dag.py:3834} INFO - Setting next_dagrun for tutorial to 2024-04-07 00:00:00+00:00, run_after=2024-04-08 00:00:00+00:00
[2024-04-08T09:36:49.272+0000] {processor.py:183} INFO - Processing /home/airflow/.local/lib/python3.8/site-packages/airflow/example_dags/tutorial.py took 0.161 seconds
[2024-04-08T09:37:19.337+0000] {processor.py:161} INFO - Started process (PID=859) to work on /home/airflow/.local/lib/python3.8/site-packages/airflow/example_dags/tutorial.py
[2024-04-08T09:37:19.338+0000] {processor.py:830} INFO - Processing file /home/airflow/.local/lib/python3.8/site-packages/airflow/example_dags/tutorial.py for tasks to queue
[2024-04-08T09:37:19.339+0000] {logging_mixin.py:188} INFO - [2024-04-08T09:37:19.339+0000] {dagbag.py:540} INFO - Filling up the DagBag from /home/airflow/.local/lib/python3.8/site-packages/airflow/example_dags/tutorial.py
[2024-04-08T09:37:19.342+0000] {processor.py:840} INFO - DAG(s) 'tutorial' retrieved from /home/airflow/.local/lib/python3.8/site-packages/airflow/example_dags/tutorial.py
[2024-04-08T09:37:19.419+0000] {logging_mixin.py:188} INFO - [2024-04-08T09:37:19.419+0000] {dag.py:3047} INFO - Sync 1 DAGs
[2024-04-08T09:37:19.456+0000] {logging_mixin.py:188} INFO - [2024-04-08T09:37:19.456+0000] {dag.py:3834} INFO - Setting next_dagrun for tutorial to 2024-04-07 00:00:00+00:00, run_after=2024-04-08 00:00:00+00:00
[2024-04-08T09:37:19.478+0000] {processor.py:183} INFO - Processing /home/airflow/.local/lib/python3.8/site-packages/airflow/example_dags/tutorial.py took 0.143 seconds
[2024-04-08T09:37:49.642+0000] {processor.py:161} INFO - Started process (PID=914) to work on /home/airflow/.local/lib/python3.8/site-packages/airflow/example_dags/tutorial.py
[2024-04-08T09:37:49.643+0000] {processor.py:830} INFO - Processing file /home/airflow/.local/lib/python3.8/site-packages/airflow/example_dags/tutorial.py for tasks to queue
[2024-04-08T09:37:49.645+0000] {logging_mixin.py:188} INFO - [2024-04-08T09:37:49.645+0000] {dagbag.py:540} INFO - Filling up the DagBag from /home/airflow/.local/lib/python3.8/site-packages/airflow/example_dags/tutorial.py
[2024-04-08T09:37:49.651+0000] {processor.py:840} INFO - DAG(s) 'tutorial' retrieved from /home/airflow/.local/lib/python3.8/site-packages/airflow/example_dags/tutorial.py
[2024-04-08T09:37:49.733+0000] {logging_mixin.py:188} INFO - [2024-04-08T09:37:49.733+0000] {dag.py:3047} INFO - Sync 1 DAGs
[2024-04-08T09:37:49.771+0000] {logging_mixin.py:188} INFO - [2024-04-08T09:37:49.770+0000] {dag.py:3834} INFO - Setting next_dagrun for tutorial to 2024-04-07 00:00:00+00:00, run_after=2024-04-08 00:00:00+00:00
[2024-04-08T09:37:49.791+0000] {processor.py:183} INFO - Processing /home/airflow/.local/lib/python3.8/site-packages/airflow/example_dags/tutorial.py took 0.155 seconds
[2024-04-08T09:38:20.442+0000] {processor.py:161} INFO - Started process (PID=970) to work on /home/airflow/.local/lib/python3.8/site-packages/airflow/example_dags/tutorial.py
[2024-04-08T09:38:20.442+0000] {processor.py:830} INFO - Processing file /home/airflow/.local/lib/python3.8/site-packages/airflow/example_dags/tutorial.py for tasks to queue
[2024-04-08T09:38:20.443+0000] {logging_mixin.py:188} INFO - [2024-04-08T09:38:20.443+0000] {dagbag.py:540} INFO - Filling up the DagBag from /home/airflow/.local/lib/python3.8/site-packages/airflow/example_dags/tutorial.py
[2024-04-08T09:38:20.447+0000] {processor.py:840} INFO - DAG(s) 'tutorial' retrieved from /home/airflow/.local/lib/python3.8/site-packages/airflow/example_dags/tutorial.py
[2024-04-08T09:38:20.524+0000] {logging_mixin.py:188} INFO - [2024-04-08T09:38:20.524+0000] {dag.py:3047} INFO - Sync 1 DAGs
[2024-04-08T09:38:20.565+0000] {logging_mixin.py:188} INFO - [2024-04-08T09:38:20.565+0000] {dag.py:3834} INFO - Setting next_dagrun for tutorial to 2024-04-07 00:00:00+00:00, run_after=2024-04-08 00:00:00+00:00
[2024-04-08T09:38:20.587+0000] {processor.py:183} INFO - Processing /home/airflow/.local/lib/python3.8/site-packages/airflow/example_dags/tutorial.py took 0.147 seconds
[2024-04-08T09:38:50.701+0000] {processor.py:161} INFO - Started process (PID=1025) to work on /home/airflow/.local/lib/python3.8/site-packages/airflow/example_dags/tutorial.py
[2024-04-08T09:38:50.702+0000] {processor.py:830} INFO - Processing file /home/airflow/.local/lib/python3.8/site-packages/airflow/example_dags/tutorial.py for tasks to queue
[2024-04-08T09:38:50.704+0000] {logging_mixin.py:188} INFO - [2024-04-08T09:38:50.703+0000] {dagbag.py:540} INFO - Filling up the DagBag from /home/airflow/.local/lib/python3.8/site-packages/airflow/example_dags/tutorial.py
[2024-04-08T09:38:50.710+0000] {processor.py:840} INFO - DAG(s) 'tutorial' retrieved from /home/airflow/.local/lib/python3.8/site-packages/airflow/example_dags/tutorial.py
[2024-04-08T09:38:50.808+0000] {logging_mixin.py:188} INFO - [2024-04-08T09:38:50.808+0000] {dag.py:3047} INFO - Sync 1 DAGs
[2024-04-08T09:38:50.856+0000] {logging_mixin.py:188} INFO - [2024-04-08T09:38:50.856+0000] {dag.py:3834} INFO - Setting next_dagrun for tutorial to 2024-04-07 00:00:00+00:00, run_after=2024-04-08 00:00:00+00:00
[2024-04-08T09:38:50.884+0000] {processor.py:183} INFO - Processing /home/airflow/.local/lib/python3.8/site-packages/airflow/example_dags/tutorial.py took 0.187 seconds
[2024-04-08T09:39:21.110+0000] {processor.py:161} INFO - Started process (PID=1080) to work on /home/airflow/.local/lib/python3.8/site-packages/airflow/example_dags/tutorial.py
[2024-04-08T09:39:21.112+0000] {processor.py:830} INFO - Processing file /home/airflow/.local/lib/python3.8/site-packages/airflow/example_dags/tutorial.py for tasks to queue
[2024-04-08T09:39:21.116+0000] {logging_mixin.py:188} INFO - [2024-04-08T09:39:21.116+0000] {dagbag.py:540} INFO - Filling up the DagBag from /home/airflow/.local/lib/python3.8/site-packages/airflow/example_dags/tutorial.py
[2024-04-08T09:39:21.121+0000] {processor.py:840} INFO - DAG(s) 'tutorial' retrieved from /home/airflow/.local/lib/python3.8/site-packages/airflow/example_dags/tutorial.py
[2024-04-08T09:39:21.204+0000] {logging_mixin.py:188} INFO - [2024-04-08T09:39:21.204+0000] {dag.py:3047} INFO - Sync 1 DAGs
[2024-04-08T09:39:21.240+0000] {logging_mixin.py:188} INFO - [2024-04-08T09:39:21.240+0000] {dag.py:3834} INFO - Setting next_dagrun for tutorial to 2024-04-07 00:00:00+00:00, run_after=2024-04-08 00:00:00+00:00
[2024-04-08T09:39:21.262+0000] {processor.py:183} INFO - Processing /home/airflow/.local/lib/python3.8/site-packages/airflow/example_dags/tutorial.py took 0.155 seconds
[2024-04-08T09:39:52.188+0000] {processor.py:161} INFO - Started process (PID=1135) to work on /home/airflow/.local/lib/python3.8/site-packages/airflow/example_dags/tutorial.py
[2024-04-08T09:39:52.189+0000] {processor.py:830} INFO - Processing file /home/airflow/.local/lib/python3.8/site-packages/airflow/example_dags/tutorial.py for tasks to queue
[2024-04-08T09:39:52.190+0000] {logging_mixin.py:188} INFO - [2024-04-08T09:39:52.190+0000] {dagbag.py:540} INFO - Filling up the DagBag from /home/airflow/.local/lib/python3.8/site-packages/airflow/example_dags/tutorial.py
[2024-04-08T09:39:52.194+0000] {processor.py:840} INFO - DAG(s) 'tutorial' retrieved from /home/airflow/.local/lib/python3.8/site-packages/airflow/example_dags/tutorial.py
[2024-04-08T09:39:52.282+0000] {logging_mixin.py:188} INFO - [2024-04-08T09:39:52.281+0000] {dag.py:3047} INFO - Sync 1 DAGs
[2024-04-08T09:39:52.326+0000] {logging_mixin.py:188} INFO - [2024-04-08T09:39:52.326+0000] {dag.py:3834} INFO - Setting next_dagrun for tutorial to 2024-04-07 00:00:00+00:00, run_after=2024-04-08 00:00:00+00:00
[2024-04-08T09:39:52.351+0000] {processor.py:183} INFO - Processing /home/airflow/.local/lib/python3.8/site-packages/airflow/example_dags/tutorial.py took 0.164 seconds
[2024-04-08T09:40:22.396+0000] {processor.py:161} INFO - Started process (PID=1188) to work on /home/airflow/.local/lib/python3.8/site-packages/airflow/example_dags/tutorial.py
[2024-04-08T09:40:22.398+0000] {processor.py:830} INFO - Processing file /home/airflow/.local/lib/python3.8/site-packages/airflow/example_dags/tutorial.py for tasks to queue
[2024-04-08T09:40:22.398+0000] {logging_mixin.py:188} INFO - [2024-04-08T09:40:22.398+0000] {dagbag.py:540} INFO - Filling up the DagBag from /home/airflow/.local/lib/python3.8/site-packages/airflow/example_dags/tutorial.py
[2024-04-08T09:40:22.401+0000] {processor.py:840} INFO - DAG(s) 'tutorial' retrieved from /home/airflow/.local/lib/python3.8/site-packages/airflow/example_dags/tutorial.py
[2024-04-08T09:40:22.476+0000] {logging_mixin.py:188} INFO - [2024-04-08T09:40:22.476+0000] {dag.py:3047} INFO - Sync 1 DAGs
[2024-04-08T09:40:22.516+0000] {logging_mixin.py:188} INFO - [2024-04-08T09:40:22.516+0000] {dag.py:3834} INFO - Setting next_dagrun for tutorial to 2024-04-07 00:00:00+00:00, run_after=2024-04-08 00:00:00+00:00
[2024-04-08T09:40:22.535+0000] {processor.py:183} INFO - Processing /home/airflow/.local/lib/python3.8/site-packages/airflow/example_dags/tutorial.py took 0.141 seconds
[2024-04-08T09:40:52.733+0000] {processor.py:161} INFO - Started process (PID=1243) to work on /home/airflow/.local/lib/python3.8/site-packages/airflow/example_dags/tutorial.py
[2024-04-08T09:40:52.734+0000] {processor.py:830} INFO - Processing file /home/airflow/.local/lib/python3.8/site-packages/airflow/example_dags/tutorial.py for tasks to queue
[2024-04-08T09:40:52.736+0000] {logging_mixin.py:188} INFO - [2024-04-08T09:40:52.736+0000] {dagbag.py:540} INFO - Filling up the DagBag from /home/airflow/.local/lib/python3.8/site-packages/airflow/example_dags/tutorial.py
[2024-04-08T09:40:52.743+0000] {processor.py:840} INFO - DAG(s) 'tutorial' retrieved from /home/airflow/.local/lib/python3.8/site-packages/airflow/example_dags/tutorial.py
[2024-04-08T09:40:52.825+0000] {logging_mixin.py:188} INFO - [2024-04-08T09:40:52.825+0000] {dag.py:3047} INFO - Sync 1 DAGs
[2024-04-08T09:40:52.868+0000] {logging_mixin.py:188} INFO - [2024-04-08T09:40:52.868+0000] {dag.py:3834} INFO - Setting next_dagrun for tutorial to 2024-04-07 00:00:00+00:00, run_after=2024-04-08 00:00:00+00:00
[2024-04-08T09:40:52.888+0000] {processor.py:183} INFO - Processing /home/airflow/.local/lib/python3.8/site-packages/airflow/example_dags/tutorial.py took 0.159 seconds
[2024-04-08T09:41:22.924+0000] {processor.py:161} INFO - Started process (PID=1298) to work on /home/airflow/.local/lib/python3.8/site-packages/airflow/example_dags/tutorial.py
[2024-04-08T09:41:22.926+0000] {processor.py:830} INFO - Processing file /home/airflow/.local/lib/python3.8/site-packages/airflow/example_dags/tutorial.py for tasks to queue
[2024-04-08T09:41:22.928+0000] {logging_mixin.py:188} INFO - [2024-04-08T09:41:22.927+0000] {dagbag.py:540} INFO - Filling up the DagBag from /home/airflow/.local/lib/python3.8/site-packages/airflow/example_dags/tutorial.py
[2024-04-08T09:41:22.933+0000] {processor.py:840} INFO - DAG(s) 'tutorial' retrieved from /home/airflow/.local/lib/python3.8/site-packages/airflow/example_dags/tutorial.py
[2024-04-08T09:41:23.018+0000] {logging_mixin.py:188} INFO - [2024-04-08T09:41:23.018+0000] {dag.py:3047} INFO - Sync 1 DAGs
[2024-04-08T09:41:23.055+0000] {logging_mixin.py:188} INFO - [2024-04-08T09:41:23.055+0000] {dag.py:3834} INFO - Setting next_dagrun for tutorial to 2024-04-07 00:00:00+00:00, run_after=2024-04-08 00:00:00+00:00
[2024-04-08T09:41:23.075+0000] {processor.py:183} INFO - Processing /home/airflow/.local/lib/python3.8/site-packages/airflow/example_dags/tutorial.py took 0.155 seconds
[2024-04-08T09:41:53.795+0000] {processor.py:161} INFO - Started process (PID=1353) to work on /home/airflow/.local/lib/python3.8/site-packages/airflow/example_dags/tutorial.py
[2024-04-08T09:41:53.796+0000] {processor.py:830} INFO - Processing file /home/airflow/.local/lib/python3.8/site-packages/airflow/example_dags/tutorial.py for tasks to queue
[2024-04-08T09:41:53.798+0000] {logging_mixin.py:188} INFO - [2024-04-08T09:41:53.798+0000] {dagbag.py:540} INFO - Filling up the DagBag from /home/airflow/.local/lib/python3.8/site-packages/airflow/example_dags/tutorial.py
[2024-04-08T09:41:53.804+0000] {processor.py:840} INFO - DAG(s) 'tutorial' retrieved from /home/airflow/.local/lib/python3.8/site-packages/airflow/example_dags/tutorial.py
[2024-04-08T09:41:53.887+0000] {logging_mixin.py:188} INFO - [2024-04-08T09:41:53.887+0000] {dag.py:3047} INFO - Sync 1 DAGs
[2024-04-08T09:41:53.936+0000] {logging_mixin.py:188} INFO - [2024-04-08T09:41:53.936+0000] {dag.py:3834} INFO - Setting next_dagrun for tutorial to 2024-04-07 00:00:00+00:00, run_after=2024-04-08 00:00:00+00:00
[2024-04-08T09:41:53.956+0000] {processor.py:183} INFO - Processing /home/airflow/.local/lib/python3.8/site-packages/airflow/example_dags/tutorial.py took 0.165 seconds
[2024-04-08T09:42:24.007+0000] {processor.py:161} INFO - Started process (PID=1408) to work on /home/airflow/.local/lib/python3.8/site-packages/airflow/example_dags/tutorial.py
[2024-04-08T09:42:24.009+0000] {processor.py:830} INFO - Processing file /home/airflow/.local/lib/python3.8/site-packages/airflow/example_dags/tutorial.py for tasks to queue
[2024-04-08T09:42:24.011+0000] {logging_mixin.py:188} INFO - [2024-04-08T09:42:24.010+0000] {dagbag.py:540} INFO - Filling up the DagBag from /home/airflow/.local/lib/python3.8/site-packages/airflow/example_dags/tutorial.py
[2024-04-08T09:42:24.017+0000] {processor.py:840} INFO - DAG(s) 'tutorial' retrieved from /home/airflow/.local/lib/python3.8/site-packages/airflow/example_dags/tutorial.py
[2024-04-08T09:42:24.102+0000] {logging_mixin.py:188} INFO - [2024-04-08T09:42:24.102+0000] {dag.py:3047} INFO - Sync 1 DAGs
[2024-04-08T09:42:24.144+0000] {logging_mixin.py:188} INFO - [2024-04-08T09:42:24.144+0000] {dag.py:3834} INFO - Setting next_dagrun for tutorial to 2024-04-07 00:00:00+00:00, run_after=2024-04-08 00:00:00+00:00
[2024-04-08T09:42:24.169+0000] {processor.py:183} INFO - Processing /home/airflow/.local/lib/python3.8/site-packages/airflow/example_dags/tutorial.py took 0.166 seconds
[2024-04-08T09:42:54.418+0000] {processor.py:161} INFO - Started process (PID=1463) to work on /home/airflow/.local/lib/python3.8/site-packages/airflow/example_dags/tutorial.py
[2024-04-08T09:42:54.419+0000] {processor.py:830} INFO - Processing file /home/airflow/.local/lib/python3.8/site-packages/airflow/example_dags/tutorial.py for tasks to queue
[2024-04-08T09:42:54.422+0000] {logging_mixin.py:188} INFO - [2024-04-08T09:42:54.421+0000] {dagbag.py:540} INFO - Filling up the DagBag from /home/airflow/.local/lib/python3.8/site-packages/airflow/example_dags/tutorial.py
[2024-04-08T09:42:54.428+0000] {processor.py:840} INFO - DAG(s) 'tutorial' retrieved from /home/airflow/.local/lib/python3.8/site-packages/airflow/example_dags/tutorial.py
[2024-04-08T09:42:54.514+0000] {logging_mixin.py:188} INFO - [2024-04-08T09:42:54.514+0000] {dag.py:3047} INFO - Sync 1 DAGs
[2024-04-08T09:42:54.561+0000] {logging_mixin.py:188} INFO - [2024-04-08T09:42:54.561+0000] {dag.py:3834} INFO - Setting next_dagrun for tutorial to 2024-04-07 00:00:00+00:00, run_after=2024-04-08 00:00:00+00:00
[2024-04-08T09:42:54.581+0000] {processor.py:183} INFO - Processing /home/airflow/.local/lib/python3.8/site-packages/airflow/example_dags/tutorial.py took 0.167 seconds
[2024-04-08T09:43:24.754+0000] {processor.py:161} INFO - Started process (PID=1518) to work on /home/airflow/.local/lib/python3.8/site-packages/airflow/example_dags/tutorial.py
[2024-04-08T09:43:24.755+0000] {processor.py:830} INFO - Processing file /home/airflow/.local/lib/python3.8/site-packages/airflow/example_dags/tutorial.py for tasks to queue
[2024-04-08T09:43:24.756+0000] {logging_mixin.py:188} INFO - [2024-04-08T09:43:24.756+0000] {dagbag.py:540} INFO - Filling up the DagBag from /home/airflow/.local/lib/python3.8/site-packages/airflow/example_dags/tutorial.py
[2024-04-08T09:43:24.761+0000] {processor.py:840} INFO - DAG(s) 'tutorial' retrieved from /home/airflow/.local/lib/python3.8/site-packages/airflow/example_dags/tutorial.py
[2024-04-08T09:43:24.852+0000] {logging_mixin.py:188} INFO - [2024-04-08T09:43:24.851+0000] {dag.py:3047} INFO - Sync 1 DAGs
[2024-04-08T09:43:24.895+0000] {logging_mixin.py:188} INFO - [2024-04-08T09:43:24.895+0000] {dag.py:3834} INFO - Setting next_dagrun for tutorial to 2024-04-07 00:00:00+00:00, run_after=2024-04-08 00:00:00+00:00
[2024-04-08T09:43:24.916+0000] {processor.py:183} INFO - Processing /home/airflow/.local/lib/python3.8/site-packages/airflow/example_dags/tutorial.py took 0.166 seconds
[2024-04-08T09:43:54.949+0000] {processor.py:161} INFO - Started process (PID=1573) to work on /home/airflow/.local/lib/python3.8/site-packages/airflow/example_dags/tutorial.py
[2024-04-08T09:43:54.950+0000] {processor.py:830} INFO - Processing file /home/airflow/.local/lib/python3.8/site-packages/airflow/example_dags/tutorial.py for tasks to queue
[2024-04-08T09:43:54.952+0000] {logging_mixin.py:188} INFO - [2024-04-08T09:43:54.952+0000] {dagbag.py:540} INFO - Filling up the DagBag from /home/airflow/.local/lib/python3.8/site-packages/airflow/example_dags/tutorial.py
[2024-04-08T09:43:54.958+0000] {processor.py:840} INFO - DAG(s) 'tutorial' retrieved from /home/airflow/.local/lib/python3.8/site-packages/airflow/example_dags/tutorial.py
[2024-04-08T09:43:55.043+0000] {logging_mixin.py:188} INFO - [2024-04-08T09:43:55.043+0000] {dag.py:3047} INFO - Sync 1 DAGs
[2024-04-08T09:43:55.082+0000] {logging_mixin.py:188} INFO - [2024-04-08T09:43:55.082+0000] {dag.py:3834} INFO - Setting next_dagrun for tutorial to 2024-04-07 00:00:00+00:00, run_after=2024-04-08 00:00:00+00:00
[2024-04-08T09:43:55.104+0000] {processor.py:183} INFO - Processing /home/airflow/.local/lib/python3.8/site-packages/airflow/example_dags/tutorial.py took 0.158 seconds
[2024-04-08T09:44:25.474+0000] {processor.py:161} INFO - Started process (PID=1628) to work on /home/airflow/.local/lib/python3.8/site-packages/airflow/example_dags/tutorial.py
[2024-04-08T09:44:25.474+0000] {processor.py:830} INFO - Processing file /home/airflow/.local/lib/python3.8/site-packages/airflow/example_dags/tutorial.py for tasks to queue
[2024-04-08T09:44:25.476+0000] {logging_mixin.py:188} INFO - [2024-04-08T09:44:25.476+0000] {dagbag.py:540} INFO - Filling up the DagBag from /home/airflow/.local/lib/python3.8/site-packages/airflow/example_dags/tutorial.py
[2024-04-08T09:44:25.479+0000] {processor.py:840} INFO - DAG(s) 'tutorial' retrieved from /home/airflow/.local/lib/python3.8/site-packages/airflow/example_dags/tutorial.py
[2024-04-08T09:44:25.554+0000] {logging_mixin.py:188} INFO - [2024-04-08T09:44:25.554+0000] {dag.py:3047} INFO - Sync 1 DAGs
[2024-04-08T09:44:25.590+0000] {logging_mixin.py:188} INFO - [2024-04-08T09:44:25.590+0000] {dag.py:3834} INFO - Setting next_dagrun for tutorial to 2024-04-07 00:00:00+00:00, run_after=2024-04-08 00:00:00+00:00
[2024-04-08T09:44:25.610+0000] {processor.py:183} INFO - Processing /home/airflow/.local/lib/python3.8/site-packages/airflow/example_dags/tutorial.py took 0.139 seconds
[2024-04-08T09:44:55.677+0000] {processor.py:161} INFO - Started process (PID=1683) to work on /home/airflow/.local/lib/python3.8/site-packages/airflow/example_dags/tutorial.py
[2024-04-08T09:44:55.678+0000] {processor.py:830} INFO - Processing file /home/airflow/.local/lib/python3.8/site-packages/airflow/example_dags/tutorial.py for tasks to queue
[2024-04-08T09:44:55.680+0000] {logging_mixin.py:188} INFO - [2024-04-08T09:44:55.679+0000] {dagbag.py:540} INFO - Filling up the DagBag from /home/airflow/.local/lib/python3.8/site-packages/airflow/example_dags/tutorial.py
[2024-04-08T09:44:55.686+0000] {processor.py:840} INFO - DAG(s) 'tutorial' retrieved from /home/airflow/.local/lib/python3.8/site-packages/airflow/example_dags/tutorial.py
[2024-04-08T09:44:55.771+0000] {logging_mixin.py:188} INFO - [2024-04-08T09:44:55.771+0000] {dag.py:3047} INFO - Sync 1 DAGs
[2024-04-08T09:44:55.810+0000] {logging_mixin.py:188} INFO - [2024-04-08T09:44:55.810+0000] {dag.py:3834} INFO - Setting next_dagrun for tutorial to 2024-04-07 00:00:00+00:00, run_after=2024-04-08 00:00:00+00:00
[2024-04-08T09:44:55.834+0000] {processor.py:183} INFO - Processing /home/airflow/.local/lib/python3.8/site-packages/airflow/example_dags/tutorial.py took 0.162 seconds
[2024-04-08T09:45:25.954+0000] {processor.py:161} INFO - Started process (PID=1738) to work on /home/airflow/.local/lib/python3.8/site-packages/airflow/example_dags/tutorial.py
[2024-04-08T09:45:25.955+0000] {processor.py:830} INFO - Processing file /home/airflow/.local/lib/python3.8/site-packages/airflow/example_dags/tutorial.py for tasks to queue
[2024-04-08T09:45:25.957+0000] {logging_mixin.py:188} INFO - [2024-04-08T09:45:25.957+0000] {dagbag.py:540} INFO - Filling up the DagBag from /home/airflow/.local/lib/python3.8/site-packages/airflow/example_dags/tutorial.py
[2024-04-08T09:45:25.963+0000] {processor.py:840} INFO - DAG(s) 'tutorial' retrieved from /home/airflow/.local/lib/python3.8/site-packages/airflow/example_dags/tutorial.py
[2024-04-08T09:45:26.051+0000] {logging_mixin.py:188} INFO - [2024-04-08T09:45:26.051+0000] {dag.py:3047} INFO - Sync 1 DAGs
[2024-04-08T09:45:26.087+0000] {logging_mixin.py:188} INFO - [2024-04-08T09:45:26.087+0000] {dag.py:3834} INFO - Setting next_dagrun for tutorial to 2024-04-07 00:00:00+00:00, run_after=2024-04-08 00:00:00+00:00
[2024-04-08T09:45:26.107+0000] {processor.py:183} INFO - Processing /home/airflow/.local/lib/python3.8/site-packages/airflow/example_dags/tutorial.py took 0.158 seconds
[2024-04-08T09:45:56.148+0000] {processor.py:161} INFO - Started process (PID=1793) to work on /home/airflow/.local/lib/python3.8/site-packages/airflow/example_dags/tutorial.py
[2024-04-08T09:45:56.149+0000] {processor.py:830} INFO - Processing file /home/airflow/.local/lib/python3.8/site-packages/airflow/example_dags/tutorial.py for tasks to queue
[2024-04-08T09:45:56.151+0000] {logging_mixin.py:188} INFO - [2024-04-08T09:45:56.151+0000] {dagbag.py:540} INFO - Filling up the DagBag from /home/airflow/.local/lib/python3.8/site-packages/airflow/example_dags/tutorial.py
[2024-04-08T09:45:56.157+0000] {processor.py:840} INFO - DAG(s) 'tutorial' retrieved from /home/airflow/.local/lib/python3.8/site-packages/airflow/example_dags/tutorial.py
[2024-04-08T09:45:56.243+0000] {logging_mixin.py:188} INFO - [2024-04-08T09:45:56.243+0000] {dag.py:3047} INFO - Sync 1 DAGs
[2024-04-08T09:45:56.286+0000] {logging_mixin.py:188} INFO - [2024-04-08T09:45:56.286+0000] {dag.py:3834} INFO - Setting next_dagrun for tutorial to 2024-04-07 00:00:00+00:00, run_after=2024-04-08 00:00:00+00:00
[2024-04-08T09:45:56.307+0000] {processor.py:183} INFO - Processing /home/airflow/.local/lib/python3.8/site-packages/airflow/example_dags/tutorial.py took 0.164 seconds
