[2024-04-09T08:41:35.835+0000] {processor.py:161} INFO - Started process (PID=167) to work on /opt/airflow/dags/main.py
[2024-04-09T08:41:35.838+0000] {processor.py:830} INFO - Processing file /opt/airflow/dags/main.py for tasks to queue
[2024-04-09T08:41:35.838+0000] {logging_mixin.py:188} INFO - [2024-04-09T08:41:35.838+0000] {dagbag.py:540} INFO - Filling up the DagBag from /opt/airflow/dags/main.py
[2024-04-09T08:41:35.847+0000] {processor.py:840} INFO - DAG(s) 'my_dag' retrieved from /opt/airflow/dags/main.py
[2024-04-09T08:41:36.013+0000] {logging_mixin.py:188} INFO - [2024-04-09T08:41:36.013+0000] {dag.py:3047} INFO - Sync 1 DAGs
[2024-04-09T08:41:36.054+0000] {logging_mixin.py:188} INFO - [2024-04-09T08:41:36.054+0000] {dag.py:3834} INFO - Setting next_dagrun for my_dag to 2024-04-09 08:38:00+00:00, run_after=2024-04-09 08:40:00+00:00
[2024-04-09T08:41:36.079+0000] {processor.py:183} INFO - Processing /opt/airflow/dags/main.py took 0.246 seconds
[2024-04-09T08:42:06.316+0000] {processor.py:161} INFO - Started process (PID=420) to work on /opt/airflow/dags/main.py
[2024-04-09T08:42:06.317+0000] {processor.py:830} INFO - Processing file /opt/airflow/dags/main.py for tasks to queue
[2024-04-09T08:42:06.318+0000] {logging_mixin.py:188} INFO - [2024-04-09T08:42:06.317+0000] {dagbag.py:540} INFO - Filling up the DagBag from /opt/airflow/dags/main.py
[2024-04-09T08:42:06.325+0000] {processor.py:840} INFO - DAG(s) 'my_dag' retrieved from /opt/airflow/dags/main.py
[2024-04-09T08:42:06.410+0000] {logging_mixin.py:188} INFO - [2024-04-09T08:42:06.410+0000] {dag.py:3047} INFO - Sync 1 DAGs
[2024-04-09T08:42:06.458+0000] {logging_mixin.py:188} INFO - [2024-04-09T08:42:06.458+0000] {dag.py:3834} INFO - Setting next_dagrun for my_dag to 2024-04-09 08:40:00+00:00, run_after=2024-04-09 08:42:00+00:00
[2024-04-09T08:42:06.481+0000] {processor.py:183} INFO - Processing /opt/airflow/dags/main.py took 0.168 seconds
[2024-04-09T08:42:36.542+0000] {processor.py:161} INFO - Started process (PID=672) to work on /opt/airflow/dags/main.py
[2024-04-09T08:42:36.543+0000] {processor.py:830} INFO - Processing file /opt/airflow/dags/main.py for tasks to queue
[2024-04-09T08:42:36.543+0000] {logging_mixin.py:188} INFO - [2024-04-09T08:42:36.543+0000] {dagbag.py:540} INFO - Filling up the DagBag from /opt/airflow/dags/main.py
[2024-04-09T08:42:36.549+0000] {processor.py:840} INFO - DAG(s) 'my_dag' retrieved from /opt/airflow/dags/main.py
[2024-04-09T08:42:36.623+0000] {logging_mixin.py:188} INFO - [2024-04-09T08:42:36.623+0000] {dag.py:3047} INFO - Sync 1 DAGs
[2024-04-09T08:42:36.666+0000] {logging_mixin.py:188} INFO - [2024-04-09T08:42:36.665+0000] {dag.py:3834} INFO - Setting next_dagrun for my_dag to 2024-04-09 08:40:00+00:00, run_after=2024-04-09 08:42:00+00:00
[2024-04-09T08:42:36.685+0000] {processor.py:183} INFO - Processing /opt/airflow/dags/main.py took 0.146 seconds
[2024-04-09T08:43:06.863+0000] {processor.py:161} INFO - Started process (PID=924) to work on /opt/airflow/dags/main.py
[2024-04-09T08:43:06.864+0000] {processor.py:830} INFO - Processing file /opt/airflow/dags/main.py for tasks to queue
[2024-04-09T08:43:06.866+0000] {logging_mixin.py:188} INFO - [2024-04-09T08:43:06.865+0000] {dagbag.py:540} INFO - Filling up the DagBag from /opt/airflow/dags/main.py
[2024-04-09T08:43:06.876+0000] {processor.py:840} INFO - DAG(s) 'my_dag' retrieved from /opt/airflow/dags/main.py
[2024-04-09T08:43:06.959+0000] {logging_mixin.py:188} INFO - [2024-04-09T08:43:06.959+0000] {dag.py:3047} INFO - Sync 1 DAGs
[2024-04-09T08:43:07.001+0000] {logging_mixin.py:188} INFO - [2024-04-09T08:43:07.001+0000] {dag.py:3834} INFO - Setting next_dagrun for my_dag to 2024-04-09 08:40:00+00:00, run_after=2024-04-09 08:42:00+00:00
[2024-04-09T08:43:07.021+0000] {processor.py:183} INFO - Processing /opt/airflow/dags/main.py took 0.162 seconds
[2024-04-09T08:43:37.333+0000] {processor.py:161} INFO - Started process (PID=1176) to work on /opt/airflow/dags/main.py
[2024-04-09T08:43:37.334+0000] {processor.py:830} INFO - Processing file /opt/airflow/dags/main.py for tasks to queue
[2024-04-09T08:43:37.335+0000] {logging_mixin.py:188} INFO - [2024-04-09T08:43:37.334+0000] {dagbag.py:540} INFO - Filling up the DagBag from /opt/airflow/dags/main.py
[2024-04-09T08:43:37.345+0000] {processor.py:840} INFO - DAG(s) 'my_dag' retrieved from /opt/airflow/dags/main.py
[2024-04-09T08:43:37.424+0000] {logging_mixin.py:188} INFO - [2024-04-09T08:43:37.424+0000] {dag.py:3047} INFO - Sync 1 DAGs
[2024-04-09T08:43:37.466+0000] {logging_mixin.py:188} INFO - [2024-04-09T08:43:37.466+0000] {dag.py:3834} INFO - Setting next_dagrun for my_dag to 2024-04-09 08:40:00+00:00, run_after=2024-04-09 08:42:00+00:00
[2024-04-09T08:43:37.488+0000] {processor.py:183} INFO - Processing /opt/airflow/dags/main.py took 0.159 seconds
[2024-04-09T08:44:07.629+0000] {processor.py:161} INFO - Started process (PID=1427) to work on /opt/airflow/dags/main.py
[2024-04-09T08:44:07.630+0000] {processor.py:830} INFO - Processing file /opt/airflow/dags/main.py for tasks to queue
[2024-04-09T08:44:07.631+0000] {logging_mixin.py:188} INFO - [2024-04-09T08:44:07.631+0000] {dagbag.py:540} INFO - Filling up the DagBag from /opt/airflow/dags/main.py
[2024-04-09T08:44:07.641+0000] {processor.py:840} INFO - DAG(s) 'my_dag' retrieved from /opt/airflow/dags/main.py
[2024-04-09T08:44:07.723+0000] {logging_mixin.py:188} INFO - [2024-04-09T08:44:07.722+0000] {dag.py:3047} INFO - Sync 1 DAGs
[2024-04-09T08:44:07.763+0000] {logging_mixin.py:188} INFO - [2024-04-09T08:44:07.763+0000] {dag.py:3834} INFO - Setting next_dagrun for my_dag to 2024-04-09 08:42:00+00:00, run_after=2024-04-09 08:44:00+00:00
[2024-04-09T08:44:07.784+0000] {processor.py:183} INFO - Processing /opt/airflow/dags/main.py took 0.159 seconds
[2024-04-09T08:44:38.049+0000] {processor.py:161} INFO - Started process (PID=1679) to work on /opt/airflow/dags/main.py
[2024-04-09T08:44:38.050+0000] {processor.py:830} INFO - Processing file /opt/airflow/dags/main.py for tasks to queue
[2024-04-09T08:44:38.051+0000] {logging_mixin.py:188} INFO - [2024-04-09T08:44:38.050+0000] {dagbag.py:540} INFO - Filling up the DagBag from /opt/airflow/dags/main.py
[2024-04-09T08:44:38.059+0000] {processor.py:840} INFO - DAG(s) 'my_dag' retrieved from /opt/airflow/dags/main.py
[2024-04-09T08:44:38.139+0000] {logging_mixin.py:188} INFO - [2024-04-09T08:44:38.139+0000] {dag.py:3047} INFO - Sync 1 DAGs
[2024-04-09T08:44:38.181+0000] {logging_mixin.py:188} INFO - [2024-04-09T08:44:38.181+0000] {dag.py:3834} INFO - Setting next_dagrun for my_dag to 2024-04-09 08:42:00+00:00, run_after=2024-04-09 08:44:00+00:00
[2024-04-09T08:44:38.203+0000] {processor.py:183} INFO - Processing /opt/airflow/dags/main.py took 0.158 seconds
[2024-04-09T08:45:08.318+0000] {processor.py:161} INFO - Started process (PID=1931) to work on /opt/airflow/dags/main.py
[2024-04-09T08:45:08.319+0000] {processor.py:830} INFO - Processing file /opt/airflow/dags/main.py for tasks to queue
[2024-04-09T08:45:08.320+0000] {logging_mixin.py:188} INFO - [2024-04-09T08:45:08.320+0000] {dagbag.py:540} INFO - Filling up the DagBag from /opt/airflow/dags/main.py
[2024-04-09T08:45:08.329+0000] {processor.py:840} INFO - DAG(s) 'my_dag' retrieved from /opt/airflow/dags/main.py
[2024-04-09T08:45:08.410+0000] {logging_mixin.py:188} INFO - [2024-04-09T08:45:08.410+0000] {dag.py:3047} INFO - Sync 1 DAGs
[2024-04-09T08:45:08.451+0000] {logging_mixin.py:188} INFO - [2024-04-09T08:45:08.451+0000] {dag.py:3834} INFO - Setting next_dagrun for my_dag to 2024-04-09 08:42:00+00:00, run_after=2024-04-09 08:44:00+00:00
[2024-04-09T08:45:08.472+0000] {processor.py:183} INFO - Processing /opt/airflow/dags/main.py took 0.158 seconds
[2024-04-09T08:45:38.663+0000] {processor.py:161} INFO - Started process (PID=2183) to work on /opt/airflow/dags/main.py
[2024-04-09T08:45:38.664+0000] {processor.py:830} INFO - Processing file /opt/airflow/dags/main.py for tasks to queue
[2024-04-09T08:45:38.665+0000] {logging_mixin.py:188} INFO - [2024-04-09T08:45:38.665+0000] {dagbag.py:540} INFO - Filling up the DagBag from /opt/airflow/dags/main.py
[2024-04-09T08:45:38.675+0000] {processor.py:840} INFO - DAG(s) 'my_dag' retrieved from /opt/airflow/dags/main.py
[2024-04-09T08:45:38.757+0000] {logging_mixin.py:188} INFO - [2024-04-09T08:45:38.757+0000] {dag.py:3047} INFO - Sync 1 DAGs
[2024-04-09T08:45:38.797+0000] {logging_mixin.py:188} INFO - [2024-04-09T08:45:38.797+0000] {dag.py:3834} INFO - Setting next_dagrun for my_dag to 2024-04-09 08:42:00+00:00, run_after=2024-04-09 08:44:00+00:00
[2024-04-09T08:45:38.818+0000] {processor.py:183} INFO - Processing /opt/airflow/dags/main.py took 0.158 seconds
[2024-04-09T08:46:09.769+0000] {processor.py:161} INFO - Started process (PID=2435) to work on /opt/airflow/dags/main.py
[2024-04-09T08:46:09.769+0000] {processor.py:830} INFO - Processing file /opt/airflow/dags/main.py for tasks to queue
[2024-04-09T08:46:09.770+0000] {logging_mixin.py:188} INFO - [2024-04-09T08:46:09.770+0000] {dagbag.py:540} INFO - Filling up the DagBag from /opt/airflow/dags/main.py
[2024-04-09T08:46:09.775+0000] {processor.py:840} INFO - DAG(s) 'my_dag' retrieved from /opt/airflow/dags/main.py
[2024-04-09T08:46:09.848+0000] {logging_mixin.py:188} INFO - [2024-04-09T08:46:09.848+0000] {dag.py:3047} INFO - Sync 1 DAGs
[2024-04-09T08:46:09.887+0000] {logging_mixin.py:188} INFO - [2024-04-09T08:46:09.887+0000] {dag.py:3834} INFO - Setting next_dagrun for my_dag to 2024-04-09 08:44:00+00:00, run_after=2024-04-09 08:46:00+00:00
[2024-04-09T08:46:09.908+0000] {processor.py:183} INFO - Processing /opt/airflow/dags/main.py took 0.142 seconds
[2024-04-09T08:46:39.954+0000] {processor.py:161} INFO - Started process (PID=2687) to work on /opt/airflow/dags/main.py
[2024-04-09T08:46:39.955+0000] {processor.py:830} INFO - Processing file /opt/airflow/dags/main.py for tasks to queue
[2024-04-09T08:46:39.957+0000] {logging_mixin.py:188} INFO - [2024-04-09T08:46:39.956+0000] {dagbag.py:540} INFO - Filling up the DagBag from /opt/airflow/dags/main.py
[2024-04-09T08:46:39.968+0000] {processor.py:840} INFO - DAG(s) 'my_dag' retrieved from /opt/airflow/dags/main.py
[2024-04-09T08:46:40.048+0000] {logging_mixin.py:188} INFO - [2024-04-09T08:46:40.048+0000] {dag.py:3047} INFO - Sync 1 DAGs
[2024-04-09T08:46:40.088+0000] {logging_mixin.py:188} INFO - [2024-04-09T08:46:40.088+0000] {dag.py:3834} INFO - Setting next_dagrun for my_dag to 2024-04-09 08:44:00+00:00, run_after=2024-04-09 08:46:00+00:00
[2024-04-09T08:46:40.109+0000] {processor.py:183} INFO - Processing /opt/airflow/dags/main.py took 0.158 seconds
[2024-04-09T08:47:10.250+0000] {processor.py:161} INFO - Started process (PID=2939) to work on /opt/airflow/dags/main.py
[2024-04-09T08:47:10.251+0000] {processor.py:830} INFO - Processing file /opt/airflow/dags/main.py for tasks to queue
[2024-04-09T08:47:10.252+0000] {logging_mixin.py:188} INFO - [2024-04-09T08:47:10.252+0000] {dagbag.py:540} INFO - Filling up the DagBag from /opt/airflow/dags/main.py
[2024-04-09T08:47:10.261+0000] {processor.py:840} INFO - DAG(s) 'my_dag' retrieved from /opt/airflow/dags/main.py
[2024-04-09T08:47:10.342+0000] {logging_mixin.py:188} INFO - [2024-04-09T08:47:10.342+0000] {dag.py:3047} INFO - Sync 1 DAGs
[2024-04-09T08:47:10.382+0000] {logging_mixin.py:188} INFO - [2024-04-09T08:47:10.381+0000] {dag.py:3834} INFO - Setting next_dagrun for my_dag to 2024-04-09 08:44:00+00:00, run_after=2024-04-09 08:46:00+00:00
[2024-04-09T08:47:10.402+0000] {processor.py:183} INFO - Processing /opt/airflow/dags/main.py took 0.156 seconds
[2024-04-09T08:47:41.343+0000] {processor.py:161} INFO - Started process (PID=3191) to work on /opt/airflow/dags/main.py
[2024-04-09T08:47:41.344+0000] {processor.py:830} INFO - Processing file /opt/airflow/dags/main.py for tasks to queue
[2024-04-09T08:47:41.345+0000] {logging_mixin.py:188} INFO - [2024-04-09T08:47:41.345+0000] {dagbag.py:540} INFO - Filling up the DagBag from /opt/airflow/dags/main.py
[2024-04-09T08:47:41.354+0000] {processor.py:840} INFO - DAG(s) 'my_dag' retrieved from /opt/airflow/dags/main.py
[2024-04-09T08:47:41.435+0000] {logging_mixin.py:188} INFO - [2024-04-09T08:47:41.435+0000] {dag.py:3047} INFO - Sync 1 DAGs
[2024-04-09T08:47:41.475+0000] {logging_mixin.py:188} INFO - [2024-04-09T08:47:41.475+0000] {dag.py:3834} INFO - Setting next_dagrun for my_dag to 2024-04-09 08:44:00+00:00, run_after=2024-04-09 08:46:00+00:00
[2024-04-09T08:47:41.495+0000] {processor.py:183} INFO - Processing /opt/airflow/dags/main.py took 0.156 seconds
[2024-04-09T08:48:12.504+0000] {processor.py:161} INFO - Started process (PID=3443) to work on /opt/airflow/dags/main.py
[2024-04-09T08:48:12.506+0000] {processor.py:830} INFO - Processing file /opt/airflow/dags/main.py for tasks to queue
[2024-04-09T08:48:12.507+0000] {logging_mixin.py:188} INFO - [2024-04-09T08:48:12.507+0000] {dagbag.py:540} INFO - Filling up the DagBag from /opt/airflow/dags/main.py
[2024-04-09T08:48:12.519+0000] {processor.py:840} INFO - DAG(s) 'my_dag' retrieved from /opt/airflow/dags/main.py
[2024-04-09T08:48:12.598+0000] {logging_mixin.py:188} INFO - [2024-04-09T08:48:12.598+0000] {dag.py:3047} INFO - Sync 1 DAGs
[2024-04-09T08:48:12.638+0000] {logging_mixin.py:188} INFO - [2024-04-09T08:48:12.638+0000] {dag.py:3834} INFO - Setting next_dagrun for my_dag to 2024-04-09 08:46:00+00:00, run_after=2024-04-09 08:48:00+00:00
[2024-04-09T08:48:12.662+0000] {processor.py:183} INFO - Processing /opt/airflow/dags/main.py took 0.161 seconds
[2024-04-09T08:48:42.902+0000] {processor.py:161} INFO - Started process (PID=3695) to work on /opt/airflow/dags/main.py
[2024-04-09T08:48:42.903+0000] {processor.py:830} INFO - Processing file /opt/airflow/dags/main.py for tasks to queue
[2024-04-09T08:48:42.904+0000] {logging_mixin.py:188} INFO - [2024-04-09T08:48:42.904+0000] {dagbag.py:540} INFO - Filling up the DagBag from /opt/airflow/dags/main.py
[2024-04-09T08:48:42.912+0000] {processor.py:840} INFO - DAG(s) 'my_dag' retrieved from /opt/airflow/dags/main.py
[2024-04-09T08:48:42.993+0000] {logging_mixin.py:188} INFO - [2024-04-09T08:48:42.993+0000] {dag.py:3047} INFO - Sync 1 DAGs
[2024-04-09T08:48:43.033+0000] {logging_mixin.py:188} INFO - [2024-04-09T08:48:43.033+0000] {dag.py:3834} INFO - Setting next_dagrun for my_dag to 2024-04-09 08:46:00+00:00, run_after=2024-04-09 08:48:00+00:00
[2024-04-09T08:48:43.054+0000] {processor.py:183} INFO - Processing /opt/airflow/dags/main.py took 0.156 seconds
[2024-04-09T08:49:13.987+0000] {processor.py:161} INFO - Started process (PID=3947) to work on /opt/airflow/dags/main.py
[2024-04-09T08:49:13.988+0000] {processor.py:830} INFO - Processing file /opt/airflow/dags/main.py for tasks to queue
[2024-04-09T08:49:13.989+0000] {logging_mixin.py:188} INFO - [2024-04-09T08:49:13.989+0000] {dagbag.py:540} INFO - Filling up the DagBag from /opt/airflow/dags/main.py
[2024-04-09T08:49:13.998+0000] {processor.py:840} INFO - DAG(s) 'my_dag' retrieved from /opt/airflow/dags/main.py
[2024-04-09T08:49:14.080+0000] {logging_mixin.py:188} INFO - [2024-04-09T08:49:14.080+0000] {dag.py:3047} INFO - Sync 1 DAGs
[2024-04-09T08:49:14.121+0000] {logging_mixin.py:188} INFO - [2024-04-09T08:49:14.120+0000] {dag.py:3834} INFO - Setting next_dagrun for my_dag to 2024-04-09 08:46:00+00:00, run_after=2024-04-09 08:48:00+00:00
[2024-04-09T08:49:14.141+0000] {processor.py:183} INFO - Processing /opt/airflow/dags/main.py took 0.158 seconds
[2024-04-09T08:49:44.204+0000] {processor.py:161} INFO - Started process (PID=4199) to work on /opt/airflow/dags/main.py
[2024-04-09T08:49:44.207+0000] {processor.py:830} INFO - Processing file /opt/airflow/dags/main.py for tasks to queue
[2024-04-09T08:49:44.207+0000] {logging_mixin.py:188} INFO - [2024-04-09T08:49:44.207+0000] {dagbag.py:540} INFO - Filling up the DagBag from /opt/airflow/dags/main.py
[2024-04-09T08:49:44.213+0000] {processor.py:840} INFO - DAG(s) 'my_dag' retrieved from /opt/airflow/dags/main.py
[2024-04-09T08:49:44.287+0000] {logging_mixin.py:188} INFO - [2024-04-09T08:49:44.287+0000] {dag.py:3047} INFO - Sync 1 DAGs
[2024-04-09T08:49:44.327+0000] {logging_mixin.py:188} INFO - [2024-04-09T08:49:44.327+0000] {dag.py:3834} INFO - Setting next_dagrun for my_dag to 2024-04-09 08:46:00+00:00, run_after=2024-04-09 08:48:00+00:00
[2024-04-09T08:49:44.347+0000] {processor.py:183} INFO - Processing /opt/airflow/dags/main.py took 0.145 seconds
[2024-04-09T08:50:14.369+0000] {processor.py:161} INFO - Started process (PID=4451) to work on /opt/airflow/dags/main.py
[2024-04-09T08:50:14.371+0000] {processor.py:830} INFO - Processing file /opt/airflow/dags/main.py for tasks to queue
[2024-04-09T08:50:14.371+0000] {logging_mixin.py:188} INFO - [2024-04-09T08:50:14.371+0000] {dagbag.py:540} INFO - Filling up the DagBag from /opt/airflow/dags/main.py
[2024-04-09T08:50:14.377+0000] {processor.py:840} INFO - DAG(s) 'my_dag' retrieved from /opt/airflow/dags/main.py
[2024-04-09T08:50:14.450+0000] {logging_mixin.py:188} INFO - [2024-04-09T08:50:14.450+0000] {dag.py:3047} INFO - Sync 1 DAGs
[2024-04-09T08:50:14.490+0000] {logging_mixin.py:188} INFO - [2024-04-09T08:50:14.490+0000] {dag.py:3834} INFO - Setting next_dagrun for my_dag to 2024-04-09 08:48:00+00:00, run_after=2024-04-09 08:50:00+00:00
[2024-04-09T08:50:14.509+0000] {processor.py:183} INFO - Processing /opt/airflow/dags/main.py took 0.143 seconds
[2024-04-09T08:50:44.555+0000] {processor.py:161} INFO - Started process (PID=4703) to work on /opt/airflow/dags/main.py
[2024-04-09T08:50:44.555+0000] {processor.py:830} INFO - Processing file /opt/airflow/dags/main.py for tasks to queue
[2024-04-09T08:50:44.556+0000] {logging_mixin.py:188} INFO - [2024-04-09T08:50:44.556+0000] {dagbag.py:540} INFO - Filling up the DagBag from /opt/airflow/dags/main.py
[2024-04-09T08:50:44.561+0000] {processor.py:840} INFO - DAG(s) 'my_dag' retrieved from /opt/airflow/dags/main.py
[2024-04-09T08:50:44.684+0000] {logging_mixin.py:188} INFO - [2024-04-09T08:50:44.684+0000] {dag.py:3047} INFO - Sync 1 DAGs
[2024-04-09T08:50:44.722+0000] {logging_mixin.py:188} INFO - [2024-04-09T08:50:44.722+0000] {dag.py:3834} INFO - Setting next_dagrun for my_dag to 2024-04-09 08:48:00+00:00, run_after=2024-04-09 08:50:00+00:00
[2024-04-09T08:50:44.744+0000] {processor.py:183} INFO - Processing /opt/airflow/dags/main.py took 0.191 seconds
[2024-04-09T08:51:09.337+0000] {processor.py:161} INFO - Started process (PID=167) to work on /opt/airflow/dags/main.py
[2024-04-09T08:51:09.337+0000] {processor.py:830} INFO - Processing file /opt/airflow/dags/main.py for tasks to queue
[2024-04-09T08:51:09.338+0000] {logging_mixin.py:188} INFO - [2024-04-09T08:51:09.338+0000] {dagbag.py:540} INFO - Filling up the DagBag from /opt/airflow/dags/main.py
[2024-04-09T08:51:09.344+0000] {processor.py:840} INFO - DAG(s) 'my_dag' retrieved from /opt/airflow/dags/main.py
[2024-04-09T08:51:09.475+0000] {logging_mixin.py:188} INFO - [2024-04-09T08:51:09.474+0000] {dag.py:3047} INFO - Sync 1 DAGs
[2024-04-09T08:51:09.511+0000] {logging_mixin.py:188} INFO - [2024-04-09T08:51:09.511+0000] {dag.py:3834} INFO - Setting next_dagrun for my_dag to 2024-04-09 08:48:00+00:00, run_after=2024-04-09 08:50:00+00:00
[2024-04-09T08:51:09.534+0000] {processor.py:183} INFO - Processing /opt/airflow/dags/main.py took 0.198 seconds
[2024-04-09T08:51:40.043+0000] {processor.py:161} INFO - Started process (PID=420) to work on /opt/airflow/dags/main.py
[2024-04-09T08:51:40.044+0000] {processor.py:830} INFO - Processing file /opt/airflow/dags/main.py for tasks to queue
[2024-04-09T08:51:40.049+0000] {logging_mixin.py:188} INFO - [2024-04-09T08:51:40.049+0000] {dagbag.py:540} INFO - Filling up the DagBag from /opt/airflow/dags/main.py
[2024-04-09T08:51:40.060+0000] {processor.py:840} INFO - DAG(s) 'my_dag' retrieved from /opt/airflow/dags/main.py
[2024-04-09T08:51:40.184+0000] {logging_mixin.py:188} INFO - [2024-04-09T08:51:40.184+0000] {dag.py:3047} INFO - Sync 1 DAGs
[2024-04-09T08:51:40.226+0000] {logging_mixin.py:188} INFO - [2024-04-09T08:51:40.225+0000] {dag.py:3834} INFO - Setting next_dagrun for my_dag to 2024-04-09 08:48:00+00:00, run_after=2024-04-09 08:50:00+00:00
[2024-04-09T08:51:40.250+0000] {processor.py:183} INFO - Processing /opt/airflow/dags/main.py took 0.211 seconds
[2024-04-09T08:52:10.878+0000] {processor.py:161} INFO - Started process (PID=672) to work on /opt/airflow/dags/main.py
[2024-04-09T08:52:10.880+0000] {processor.py:830} INFO - Processing file /opt/airflow/dags/main.py for tasks to queue
[2024-04-09T08:52:10.881+0000] {logging_mixin.py:188} INFO - [2024-04-09T08:52:10.881+0000] {dagbag.py:540} INFO - Filling up the DagBag from /opt/airflow/dags/main.py
[2024-04-09T08:52:10.890+0000] {processor.py:840} INFO - DAG(s) 'my_dag' retrieved from /opt/airflow/dags/main.py
[2024-04-09T08:52:10.970+0000] {logging_mixin.py:188} INFO - [2024-04-09T08:52:10.970+0000] {dag.py:3047} INFO - Sync 1 DAGs
[2024-04-09T08:52:11.011+0000] {logging_mixin.py:188} INFO - [2024-04-09T08:52:11.011+0000] {dag.py:3834} INFO - Setting next_dagrun for my_dag to 2024-04-09 08:50:00+00:00, run_after=2024-04-09 08:52:00+00:00
[2024-04-09T08:52:11.033+0000] {processor.py:183} INFO - Processing /opt/airflow/dags/main.py took 0.159 seconds
[2024-04-09T08:52:41.765+0000] {processor.py:161} INFO - Started process (PID=924) to work on /opt/airflow/dags/main.py
[2024-04-09T08:52:41.766+0000] {processor.py:830} INFO - Processing file /opt/airflow/dags/main.py for tasks to queue
[2024-04-09T08:52:41.767+0000] {logging_mixin.py:188} INFO - [2024-04-09T08:52:41.767+0000] {dagbag.py:540} INFO - Filling up the DagBag from /opt/airflow/dags/main.py
[2024-04-09T08:52:41.777+0000] {processor.py:840} INFO - DAG(s) 'my_dag' retrieved from /opt/airflow/dags/main.py
[2024-04-09T08:52:41.857+0000] {logging_mixin.py:188} INFO - [2024-04-09T08:52:41.856+0000] {dag.py:3047} INFO - Sync 1 DAGs
[2024-04-09T08:52:41.902+0000] {logging_mixin.py:188} INFO - [2024-04-09T08:52:41.902+0000] {dag.py:3834} INFO - Setting next_dagrun for my_dag to 2024-04-09 08:50:00+00:00, run_after=2024-04-09 08:52:00+00:00
[2024-04-09T08:52:41.924+0000] {processor.py:183} INFO - Processing /opt/airflow/dags/main.py took 0.162 seconds
[2024-04-09T08:53:12.175+0000] {processor.py:161} INFO - Started process (PID=1176) to work on /opt/airflow/dags/main.py
[2024-04-09T08:53:12.177+0000] {processor.py:830} INFO - Processing file /opt/airflow/dags/main.py for tasks to queue
[2024-04-09T08:53:12.179+0000] {logging_mixin.py:188} INFO - [2024-04-09T08:53:12.178+0000] {dagbag.py:540} INFO - Filling up the DagBag from /opt/airflow/dags/main.py
[2024-04-09T08:53:12.194+0000] {processor.py:840} INFO - DAG(s) 'my_dag' retrieved from /opt/airflow/dags/main.py
[2024-04-09T08:53:12.275+0000] {logging_mixin.py:188} INFO - [2024-04-09T08:53:12.275+0000] {dag.py:3047} INFO - Sync 1 DAGs
[2024-04-09T08:53:12.317+0000] {logging_mixin.py:188} INFO - [2024-04-09T08:53:12.317+0000] {dag.py:3834} INFO - Setting next_dagrun for my_dag to 2024-04-09 08:50:00+00:00, run_after=2024-04-09 08:52:00+00:00
[2024-04-09T08:53:12.337+0000] {processor.py:183} INFO - Processing /opt/airflow/dags/main.py took 0.167 seconds
[2024-04-09T08:53:42.417+0000] {processor.py:161} INFO - Started process (PID=1431) to work on /opt/airflow/dags/main.py
[2024-04-09T08:53:42.418+0000] {processor.py:830} INFO - Processing file /opt/airflow/dags/main.py for tasks to queue
[2024-04-09T08:53:42.418+0000] {logging_mixin.py:188} INFO - [2024-04-09T08:53:42.418+0000] {dagbag.py:540} INFO - Filling up the DagBag from /opt/airflow/dags/main.py
[2024-04-09T08:53:42.423+0000] {processor.py:840} INFO - DAG(s) 'my_dag' retrieved from /opt/airflow/dags/main.py
[2024-04-09T08:53:42.496+0000] {logging_mixin.py:188} INFO - [2024-04-09T08:53:42.496+0000] {dag.py:3047} INFO - Sync 1 DAGs
[2024-04-09T08:53:42.537+0000] {logging_mixin.py:188} INFO - [2024-04-09T08:53:42.537+0000] {dag.py:3834} INFO - Setting next_dagrun for my_dag to 2024-04-09 08:50:00+00:00, run_after=2024-04-09 08:52:00+00:00
[2024-04-09T08:53:42.555+0000] {processor.py:183} INFO - Processing /opt/airflow/dags/main.py took 0.139 seconds
[2024-04-09T08:54:12.613+0000] {processor.py:161} INFO - Started process (PID=1680) to work on /opt/airflow/dags/main.py
[2024-04-09T08:54:12.614+0000] {processor.py:830} INFO - Processing file /opt/airflow/dags/main.py for tasks to queue
[2024-04-09T08:54:12.615+0000] {logging_mixin.py:188} INFO - [2024-04-09T08:54:12.615+0000] {dagbag.py:540} INFO - Filling up the DagBag from /opt/airflow/dags/main.py
[2024-04-09T08:54:12.627+0000] {processor.py:840} INFO - DAG(s) 'my_dag' retrieved from /opt/airflow/dags/main.py
[2024-04-09T08:54:12.704+0000] {logging_mixin.py:188} INFO - [2024-04-09T08:54:12.704+0000] {dag.py:3047} INFO - Sync 1 DAGs
[2024-04-09T08:54:12.746+0000] {logging_mixin.py:188} INFO - [2024-04-09T08:54:12.746+0000] {dag.py:3834} INFO - Setting next_dagrun for my_dag to 2024-04-09 08:52:00+00:00, run_after=2024-04-09 08:54:00+00:00
[2024-04-09T08:54:12.769+0000] {processor.py:183} INFO - Processing /opt/airflow/dags/main.py took 0.161 seconds
[2024-04-09T08:54:43.045+0000] {processor.py:161} INFO - Started process (PID=1932) to work on /opt/airflow/dags/main.py
[2024-04-09T08:54:43.047+0000] {processor.py:830} INFO - Processing file /opt/airflow/dags/main.py for tasks to queue
[2024-04-09T08:54:43.048+0000] {logging_mixin.py:188} INFO - [2024-04-09T08:54:43.047+0000] {dagbag.py:540} INFO - Filling up the DagBag from /opt/airflow/dags/main.py
[2024-04-09T08:54:43.057+0000] {processor.py:840} INFO - DAG(s) 'my_dag' retrieved from /opt/airflow/dags/main.py
[2024-04-09T08:54:43.137+0000] {logging_mixin.py:188} INFO - [2024-04-09T08:54:43.137+0000] {dag.py:3047} INFO - Sync 1 DAGs
[2024-04-09T08:54:43.177+0000] {logging_mixin.py:188} INFO - [2024-04-09T08:54:43.177+0000] {dag.py:3834} INFO - Setting next_dagrun for my_dag to 2024-04-09 08:52:00+00:00, run_after=2024-04-09 08:54:00+00:00
[2024-04-09T08:54:43.198+0000] {processor.py:183} INFO - Processing /opt/airflow/dags/main.py took 0.157 seconds
[2024-04-09T08:55:13.467+0000] {processor.py:161} INFO - Started process (PID=2184) to work on /opt/airflow/dags/main.py
[2024-04-09T08:55:13.468+0000] {processor.py:830} INFO - Processing file /opt/airflow/dags/main.py for tasks to queue
[2024-04-09T08:55:13.469+0000] {logging_mixin.py:188} INFO - [2024-04-09T08:55:13.469+0000] {dagbag.py:540} INFO - Filling up the DagBag from /opt/airflow/dags/main.py
[2024-04-09T08:55:13.477+0000] {processor.py:840} INFO - DAG(s) 'my_dag' retrieved from /opt/airflow/dags/main.py
[2024-04-09T08:55:13.557+0000] {logging_mixin.py:188} INFO - [2024-04-09T08:55:13.556+0000] {dag.py:3047} INFO - Sync 1 DAGs
[2024-04-09T08:55:13.601+0000] {logging_mixin.py:188} INFO - [2024-04-09T08:55:13.600+0000] {dag.py:3834} INFO - Setting next_dagrun for my_dag to 2024-04-09 08:52:00+00:00, run_after=2024-04-09 08:54:00+00:00
[2024-04-09T08:55:13.621+0000] {processor.py:183} INFO - Processing /opt/airflow/dags/main.py took 0.157 seconds
[2024-04-09T08:55:44.526+0000] {processor.py:161} INFO - Started process (PID=2436) to work on /opt/airflow/dags/main.py
[2024-04-09T08:55:44.527+0000] {processor.py:830} INFO - Processing file /opt/airflow/dags/main.py for tasks to queue
[2024-04-09T08:55:44.532+0000] {logging_mixin.py:188} INFO - [2024-04-09T08:55:44.531+0000] {dagbag.py:540} INFO - Filling up the DagBag from /opt/airflow/dags/main.py
[2024-04-09T08:55:44.544+0000] {processor.py:840} INFO - DAG(s) 'my_dag' retrieved from /opt/airflow/dags/main.py
[2024-04-09T08:55:44.622+0000] {logging_mixin.py:188} INFO - [2024-04-09T08:55:44.622+0000] {dag.py:3047} INFO - Sync 1 DAGs
[2024-04-09T08:55:44.663+0000] {logging_mixin.py:188} INFO - [2024-04-09T08:55:44.663+0000] {dag.py:3834} INFO - Setting next_dagrun for my_dag to 2024-04-09 08:52:00+00:00, run_after=2024-04-09 08:54:00+00:00
[2024-04-09T08:55:44.684+0000] {processor.py:183} INFO - Processing /opt/airflow/dags/main.py took 0.163 seconds
[2024-04-09T08:56:14.757+0000] {processor.py:161} INFO - Started process (PID=2688) to work on /opt/airflow/dags/main.py
[2024-04-09T08:56:14.758+0000] {processor.py:830} INFO - Processing file /opt/airflow/dags/main.py for tasks to queue
[2024-04-09T08:56:14.758+0000] {logging_mixin.py:188} INFO - [2024-04-09T08:56:14.758+0000] {dagbag.py:540} INFO - Filling up the DagBag from /opt/airflow/dags/main.py
[2024-04-09T08:56:14.766+0000] {processor.py:840} INFO - DAG(s) 'my_dag' retrieved from /opt/airflow/dags/main.py
[2024-04-09T08:56:14.855+0000] {logging_mixin.py:188} INFO - [2024-04-09T08:56:14.855+0000] {dag.py:3047} INFO - Sync 1 DAGs
[2024-04-09T08:56:14.896+0000] {logging_mixin.py:188} INFO - [2024-04-09T08:56:14.896+0000] {dag.py:3834} INFO - Setting next_dagrun for my_dag to 2024-04-09 08:54:00+00:00, run_after=2024-04-09 08:56:00+00:00
[2024-04-09T08:56:14.918+0000] {processor.py:183} INFO - Processing /opt/airflow/dags/main.py took 0.164 seconds
[2024-04-09T08:56:45.069+0000] {processor.py:161} INFO - Started process (PID=2940) to work on /opt/airflow/dags/main.py
[2024-04-09T08:56:45.071+0000] {processor.py:830} INFO - Processing file /opt/airflow/dags/main.py for tasks to queue
[2024-04-09T08:56:45.072+0000] {logging_mixin.py:188} INFO - [2024-04-09T08:56:45.071+0000] {dagbag.py:540} INFO - Filling up the DagBag from /opt/airflow/dags/main.py
[2024-04-09T08:56:45.084+0000] {processor.py:840} INFO - DAG(s) 'my_dag' retrieved from /opt/airflow/dags/main.py
[2024-04-09T08:56:45.166+0000] {logging_mixin.py:188} INFO - [2024-04-09T08:56:45.166+0000] {dag.py:3047} INFO - Sync 1 DAGs
[2024-04-09T08:56:45.210+0000] {logging_mixin.py:188} INFO - [2024-04-09T08:56:45.210+0000] {dag.py:3834} INFO - Setting next_dagrun for my_dag to 2024-04-09 08:54:00+00:00, run_after=2024-04-09 08:56:00+00:00
[2024-04-09T08:56:45.233+0000] {processor.py:183} INFO - Processing /opt/airflow/dags/main.py took 0.168 seconds
[2024-04-09T08:57:15.282+0000] {processor.py:161} INFO - Started process (PID=3192) to work on /opt/airflow/dags/main.py
[2024-04-09T08:57:15.284+0000] {processor.py:830} INFO - Processing file /opt/airflow/dags/main.py for tasks to queue
[2024-04-09T08:57:15.285+0000] {logging_mixin.py:188} INFO - [2024-04-09T08:57:15.284+0000] {dagbag.py:540} INFO - Filling up the DagBag from /opt/airflow/dags/main.py
[2024-04-09T08:57:15.294+0000] {processor.py:840} INFO - DAG(s) 'my_dag' retrieved from /opt/airflow/dags/main.py
[2024-04-09T08:57:15.375+0000] {logging_mixin.py:188} INFO - [2024-04-09T08:57:15.374+0000] {dag.py:3047} INFO - Sync 1 DAGs
[2024-04-09T08:57:15.415+0000] {logging_mixin.py:188} INFO - [2024-04-09T08:57:15.415+0000] {dag.py:3834} INFO - Setting next_dagrun for my_dag to 2024-04-09 08:54:00+00:00, run_after=2024-04-09 08:56:00+00:00
[2024-04-09T08:57:15.436+0000] {processor.py:183} INFO - Processing /opt/airflow/dags/main.py took 0.157 seconds
[2024-04-09T08:57:45.471+0000] {processor.py:161} INFO - Started process (PID=3444) to work on /opt/airflow/dags/main.py
[2024-04-09T08:57:45.472+0000] {processor.py:830} INFO - Processing file /opt/airflow/dags/main.py for tasks to queue
[2024-04-09T08:57:45.472+0000] {logging_mixin.py:188} INFO - [2024-04-09T08:57:45.472+0000] {dagbag.py:540} INFO - Filling up the DagBag from /opt/airflow/dags/main.py
[2024-04-09T08:57:45.480+0000] {processor.py:840} INFO - DAG(s) 'my_dag' retrieved from /opt/airflow/dags/main.py
[2024-04-09T08:57:45.559+0000] {logging_mixin.py:188} INFO - [2024-04-09T08:57:45.559+0000] {dag.py:3047} INFO - Sync 1 DAGs
[2024-04-09T08:57:45.598+0000] {logging_mixin.py:188} INFO - [2024-04-09T08:57:45.598+0000] {dag.py:3834} INFO - Setting next_dagrun for my_dag to 2024-04-09 08:54:00+00:00, run_after=2024-04-09 08:56:00+00:00
[2024-04-09T08:57:45.619+0000] {processor.py:183} INFO - Processing /opt/airflow/dags/main.py took 0.151 seconds
[2024-04-09T08:58:15.754+0000] {processor.py:161} INFO - Started process (PID=3695) to work on /opt/airflow/dags/main.py
[2024-04-09T08:58:15.755+0000] {processor.py:830} INFO - Processing file /opt/airflow/dags/main.py for tasks to queue
[2024-04-09T08:58:15.756+0000] {logging_mixin.py:188} INFO - [2024-04-09T08:58:15.756+0000] {dagbag.py:540} INFO - Filling up the DagBag from /opt/airflow/dags/main.py
[2024-04-09T08:58:15.764+0000] {processor.py:840} INFO - DAG(s) 'my_dag' retrieved from /opt/airflow/dags/main.py
[2024-04-09T08:58:15.844+0000] {logging_mixin.py:188} INFO - [2024-04-09T08:58:15.844+0000] {dag.py:3047} INFO - Sync 1 DAGs
[2024-04-09T08:58:15.884+0000] {logging_mixin.py:188} INFO - [2024-04-09T08:58:15.884+0000] {dag.py:3834} INFO - Setting next_dagrun for my_dag to 2024-04-09 08:56:00+00:00, run_after=2024-04-09 08:58:00+00:00
[2024-04-09T08:58:15.906+0000] {processor.py:183} INFO - Processing /opt/airflow/dags/main.py took 0.155 seconds
[2024-04-09T08:58:45.954+0000] {processor.py:161} INFO - Started process (PID=3947) to work on /opt/airflow/dags/main.py
[2024-04-09T08:58:45.955+0000] {processor.py:830} INFO - Processing file /opt/airflow/dags/main.py for tasks to queue
[2024-04-09T08:58:45.956+0000] {logging_mixin.py:188} INFO - [2024-04-09T08:58:45.956+0000] {dagbag.py:540} INFO - Filling up the DagBag from /opt/airflow/dags/main.py
[2024-04-09T08:58:45.967+0000] {processor.py:840} INFO - DAG(s) 'my_dag' retrieved from /opt/airflow/dags/main.py
[2024-04-09T08:58:46.049+0000] {logging_mixin.py:188} INFO - [2024-04-09T08:58:46.049+0000] {dag.py:3047} INFO - Sync 1 DAGs
[2024-04-09T08:58:46.089+0000] {logging_mixin.py:188} INFO - [2024-04-09T08:58:46.089+0000] {dag.py:3834} INFO - Setting next_dagrun for my_dag to 2024-04-09 08:56:00+00:00, run_after=2024-04-09 08:58:00+00:00
[2024-04-09T08:58:46.109+0000] {processor.py:183} INFO - Processing /opt/airflow/dags/main.py took 0.159 seconds
[2024-04-09T08:59:16.255+0000] {processor.py:161} INFO - Started process (PID=4204) to work on /opt/airflow/dags/main.py
[2024-04-09T08:59:16.255+0000] {processor.py:830} INFO - Processing file /opt/airflow/dags/main.py for tasks to queue
[2024-04-09T08:59:16.256+0000] {logging_mixin.py:188} INFO - [2024-04-09T08:59:16.256+0000] {dagbag.py:540} INFO - Filling up the DagBag from /opt/airflow/dags/main.py
[2024-04-09T08:59:16.261+0000] {processor.py:840} INFO - DAG(s) 'my_dag' retrieved from /opt/airflow/dags/main.py
[2024-04-09T08:59:16.336+0000] {logging_mixin.py:188} INFO - [2024-04-09T08:59:16.335+0000] {dag.py:3047} INFO - Sync 1 DAGs
[2024-04-09T08:59:16.378+0000] {logging_mixin.py:188} INFO - [2024-04-09T08:59:16.378+0000] {dag.py:3834} INFO - Setting next_dagrun for my_dag to 2024-04-09 08:56:00+00:00, run_after=2024-04-09 08:58:00+00:00
[2024-04-09T08:59:16.398+0000] {processor.py:183} INFO - Processing /opt/airflow/dags/main.py took 0.145 seconds
[2024-04-09T08:59:46.691+0000] {processor.py:161} INFO - Started process (PID=4451) to work on /opt/airflow/dags/main.py
[2024-04-09T08:59:46.693+0000] {processor.py:830} INFO - Processing file /opt/airflow/dags/main.py for tasks to queue
[2024-04-09T08:59:46.694+0000] {logging_mixin.py:188} INFO - [2024-04-09T08:59:46.694+0000] {dagbag.py:540} INFO - Filling up the DagBag from /opt/airflow/dags/main.py
[2024-04-09T08:59:46.705+0000] {processor.py:840} INFO - DAG(s) 'my_dag' retrieved from /opt/airflow/dags/main.py
[2024-04-09T08:59:46.787+0000] {logging_mixin.py:188} INFO - [2024-04-09T08:59:46.787+0000] {dag.py:3047} INFO - Sync 1 DAGs
[2024-04-09T08:59:46.832+0000] {logging_mixin.py:188} INFO - [2024-04-09T08:59:46.832+0000] {dag.py:3834} INFO - Setting next_dagrun for my_dag to 2024-04-09 08:56:00+00:00, run_after=2024-04-09 08:58:00+00:00
[2024-04-09T08:59:46.853+0000] {processor.py:183} INFO - Processing /opt/airflow/dags/main.py took 0.166 seconds
[2024-04-09T09:00:16.959+0000] {processor.py:161} INFO - Started process (PID=4703) to work on /opt/airflow/dags/main.py
[2024-04-09T09:00:16.960+0000] {processor.py:830} INFO - Processing file /opt/airflow/dags/main.py for tasks to queue
[2024-04-09T09:00:16.961+0000] {logging_mixin.py:188} INFO - [2024-04-09T09:00:16.961+0000] {dagbag.py:540} INFO - Filling up the DagBag from /opt/airflow/dags/main.py
[2024-04-09T09:00:16.972+0000] {processor.py:840} INFO - DAG(s) 'my_dag' retrieved from /opt/airflow/dags/main.py
[2024-04-09T09:00:17.056+0000] {logging_mixin.py:188} INFO - [2024-04-09T09:00:17.056+0000] {dag.py:3047} INFO - Sync 1 DAGs
[2024-04-09T09:00:17.100+0000] {logging_mixin.py:188} INFO - [2024-04-09T09:00:17.099+0000] {dag.py:3834} INFO - Setting next_dagrun for my_dag to 2024-04-09 08:58:00+00:00, run_after=2024-04-09 09:00:00+00:00
[2024-04-09T09:00:17.124+0000] {processor.py:183} INFO - Processing /opt/airflow/dags/main.py took 0.171 seconds
[2024-04-09T09:00:47.327+0000] {processor.py:161} INFO - Started process (PID=4955) to work on /opt/airflow/dags/main.py
[2024-04-09T09:00:47.328+0000] {processor.py:830} INFO - Processing file /opt/airflow/dags/main.py for tasks to queue
[2024-04-09T09:00:47.329+0000] {logging_mixin.py:188} INFO - [2024-04-09T09:00:47.329+0000] {dagbag.py:540} INFO - Filling up the DagBag from /opt/airflow/dags/main.py
[2024-04-09T09:00:47.338+0000] {processor.py:840} INFO - DAG(s) 'my_dag' retrieved from /opt/airflow/dags/main.py
[2024-04-09T09:00:47.422+0000] {logging_mixin.py:188} INFO - [2024-04-09T09:00:47.421+0000] {dag.py:3047} INFO - Sync 1 DAGs
[2024-04-09T09:00:47.462+0000] {logging_mixin.py:188} INFO - [2024-04-09T09:00:47.462+0000] {dag.py:3834} INFO - Setting next_dagrun for my_dag to 2024-04-09 08:58:00+00:00, run_after=2024-04-09 09:00:00+00:00
[2024-04-09T09:00:47.483+0000] {processor.py:183} INFO - Processing /opt/airflow/dags/main.py took 0.159 seconds
[2024-04-09T09:01:17.559+0000] {processor.py:161} INFO - Started process (PID=5207) to work on /opt/airflow/dags/main.py
[2024-04-09T09:01:17.561+0000] {processor.py:830} INFO - Processing file /opt/airflow/dags/main.py for tasks to queue
[2024-04-09T09:01:17.562+0000] {logging_mixin.py:188} INFO - [2024-04-09T09:01:17.561+0000] {dagbag.py:540} INFO - Filling up the DagBag from /opt/airflow/dags/main.py
[2024-04-09T09:01:17.573+0000] {processor.py:840} INFO - DAG(s) 'my_dag' retrieved from /opt/airflow/dags/main.py
[2024-04-09T09:01:17.655+0000] {logging_mixin.py:188} INFO - [2024-04-09T09:01:17.654+0000] {dag.py:3047} INFO - Sync 1 DAGs
[2024-04-09T09:01:17.695+0000] {logging_mixin.py:188} INFO - [2024-04-09T09:01:17.695+0000] {dag.py:3834} INFO - Setting next_dagrun for my_dag to 2024-04-09 08:58:00+00:00, run_after=2024-04-09 09:00:00+00:00
[2024-04-09T09:01:17.716+0000] {processor.py:183} INFO - Processing /opt/airflow/dags/main.py took 0.160 seconds
[2024-04-09T09:01:47.782+0000] {processor.py:161} INFO - Started process (PID=5459) to work on /opt/airflow/dags/main.py
[2024-04-09T09:01:47.783+0000] {processor.py:830} INFO - Processing file /opt/airflow/dags/main.py for tasks to queue
[2024-04-09T09:01:47.784+0000] {logging_mixin.py:188} INFO - [2024-04-09T09:01:47.783+0000] {dagbag.py:540} INFO - Filling up the DagBag from /opt/airflow/dags/main.py
[2024-04-09T09:01:47.794+0000] {processor.py:840} INFO - DAG(s) 'my_dag' retrieved from /opt/airflow/dags/main.py
[2024-04-09T09:01:47.876+0000] {logging_mixin.py:188} INFO - [2024-04-09T09:01:47.876+0000] {dag.py:3047} INFO - Sync 1 DAGs
[2024-04-09T09:01:47.915+0000] {logging_mixin.py:188} INFO - [2024-04-09T09:01:47.915+0000] {dag.py:3834} INFO - Setting next_dagrun for my_dag to 2024-04-09 08:58:00+00:00, run_after=2024-04-09 09:00:00+00:00
[2024-04-09T09:01:47.936+0000] {processor.py:183} INFO - Processing /opt/airflow/dags/main.py took 0.158 seconds
[2024-04-09T09:02:18.258+0000] {processor.py:161} INFO - Started process (PID=5711) to work on /opt/airflow/dags/main.py
[2024-04-09T09:02:18.259+0000] {processor.py:830} INFO - Processing file /opt/airflow/dags/main.py for tasks to queue
[2024-04-09T09:02:18.260+0000] {logging_mixin.py:188} INFO - [2024-04-09T09:02:18.260+0000] {dagbag.py:540} INFO - Filling up the DagBag from /opt/airflow/dags/main.py
[2024-04-09T09:02:18.272+0000] {processor.py:840} INFO - DAG(s) 'my_dag' retrieved from /opt/airflow/dags/main.py
[2024-04-09T09:02:18.352+0000] {logging_mixin.py:188} INFO - [2024-04-09T09:02:18.352+0000] {dag.py:3047} INFO - Sync 1 DAGs
[2024-04-09T09:02:18.396+0000] {logging_mixin.py:188} INFO - [2024-04-09T09:02:18.395+0000] {dag.py:3834} INFO - Setting next_dagrun for my_dag to 2024-04-09 09:00:00+00:00, run_after=2024-04-09 09:02:00+00:00
[2024-04-09T09:02:18.418+0000] {processor.py:183} INFO - Processing /opt/airflow/dags/main.py took 0.166 seconds
[2024-04-09T09:02:48.458+0000] {processor.py:161} INFO - Started process (PID=5965) to work on /opt/airflow/dags/main.py
[2024-04-09T09:02:48.463+0000] {processor.py:830} INFO - Processing file /opt/airflow/dags/main.py for tasks to queue
[2024-04-09T09:02:48.464+0000] {logging_mixin.py:188} INFO - [2024-04-09T09:02:48.463+0000] {dagbag.py:540} INFO - Filling up the DagBag from /opt/airflow/dags/main.py
[2024-04-09T09:02:48.471+0000] {processor.py:840} INFO - DAG(s) 'my_dag' retrieved from /opt/airflow/dags/main.py
[2024-04-09T09:02:48.551+0000] {logging_mixin.py:188} INFO - [2024-04-09T09:02:48.551+0000] {dag.py:3047} INFO - Sync 1 DAGs
[2024-04-09T09:02:48.594+0000] {logging_mixin.py:188} INFO - [2024-04-09T09:02:48.594+0000] {dag.py:3834} INFO - Setting next_dagrun for my_dag to 2024-04-09 09:00:00+00:00, run_after=2024-04-09 09:02:00+00:00
[2024-04-09T09:02:48.613+0000] {processor.py:183} INFO - Processing /opt/airflow/dags/main.py took 0.159 seconds
[2024-04-09T09:03:18.802+0000] {processor.py:161} INFO - Started process (PID=6219) to work on /opt/airflow/dags/main.py
[2024-04-09T09:03:18.804+0000] {processor.py:830} INFO - Processing file /opt/airflow/dags/main.py for tasks to queue
[2024-04-09T09:03:18.804+0000] {logging_mixin.py:188} INFO - [2024-04-09T09:03:18.804+0000] {dagbag.py:540} INFO - Filling up the DagBag from /opt/airflow/dags/main.py
[2024-04-09T09:03:18.817+0000] {processor.py:840} INFO - DAG(s) 'my_dag' retrieved from /opt/airflow/dags/main.py
[2024-04-09T09:03:18.892+0000] {logging_mixin.py:188} INFO - [2024-04-09T09:03:18.892+0000] {dag.py:3047} INFO - Sync 1 DAGs
[2024-04-09T09:03:18.935+0000] {logging_mixin.py:188} INFO - [2024-04-09T09:03:18.935+0000] {dag.py:3834} INFO - Setting next_dagrun for my_dag to 2024-04-09 09:00:00+00:00, run_after=2024-04-09 09:02:00+00:00
[2024-04-09T09:03:18.955+0000] {processor.py:183} INFO - Processing /opt/airflow/dags/main.py took 0.154 seconds
[2024-04-09T10:09:07.366+0000] {processor.py:161} INFO - Started process (PID=167) to work on /opt/airflow/dags/main.py
[2024-04-09T10:09:07.367+0000] {processor.py:830} INFO - Processing file /opt/airflow/dags/main.py for tasks to queue
[2024-04-09T10:09:07.368+0000] {logging_mixin.py:188} INFO - [2024-04-09T10:09:07.368+0000] {dagbag.py:540} INFO - Filling up the DagBag from /opt/airflow/dags/main.py
[2024-04-09T10:09:07.376+0000] {processor.py:840} INFO - DAG(s) 'my_dag' retrieved from /opt/airflow/dags/main.py
[2024-04-09T10:09:07.526+0000] {logging_mixin.py:188} INFO - [2024-04-09T10:09:07.526+0000] {dag.py:3047} INFO - Sync 1 DAGs
[2024-04-09T10:09:07.571+0000] {logging_mixin.py:188} INFO - [2024-04-09T10:09:07.571+0000] {dag.py:3834} INFO - Setting next_dagrun for my_dag to 2024-04-09 10:06:00+00:00, run_after=2024-04-09 10:08:00+00:00
[2024-04-09T10:09:07.597+0000] {processor.py:183} INFO - Processing /opt/airflow/dags/main.py took 0.234 seconds
[2024-04-09T10:09:37.699+0000] {processor.py:161} INFO - Started process (PID=420) to work on /opt/airflow/dags/main.py
[2024-04-09T10:09:37.702+0000] {processor.py:830} INFO - Processing file /opt/airflow/dags/main.py for tasks to queue
[2024-04-09T10:09:37.705+0000] {logging_mixin.py:188} INFO - [2024-04-09T10:09:37.704+0000] {dagbag.py:540} INFO - Filling up the DagBag from /opt/airflow/dags/main.py
[2024-04-09T10:09:37.727+0000] {processor.py:840} INFO - DAG(s) 'my_dag' retrieved from /opt/airflow/dags/main.py
[2024-04-09T10:09:37.808+0000] {logging_mixin.py:188} INFO - [2024-04-09T10:09:37.808+0000] {dag.py:3047} INFO - Sync 1 DAGs
[2024-04-09T10:09:37.862+0000] {logging_mixin.py:188} INFO - [2024-04-09T10:09:37.862+0000] {dag.py:3834} INFO - Setting next_dagrun for my_dag to 2024-04-09 10:06:00+00:00, run_after=2024-04-09 10:08:00+00:00
[2024-04-09T10:09:37.883+0000] {processor.py:183} INFO - Processing /opt/airflow/dags/main.py took 0.189 seconds
[2024-04-09T10:10:08.171+0000] {processor.py:161} INFO - Started process (PID=672) to work on /opt/airflow/dags/main.py
[2024-04-09T10:10:08.172+0000] {processor.py:830} INFO - Processing file /opt/airflow/dags/main.py for tasks to queue
[2024-04-09T10:10:08.173+0000] {logging_mixin.py:188} INFO - [2024-04-09T10:10:08.173+0000] {dagbag.py:540} INFO - Filling up the DagBag from /opt/airflow/dags/main.py
[2024-04-09T10:10:08.184+0000] {processor.py:840} INFO - DAG(s) 'my_dag' retrieved from /opt/airflow/dags/main.py
[2024-04-09T10:10:08.261+0000] {logging_mixin.py:188} INFO - [2024-04-09T10:10:08.261+0000] {dag.py:3047} INFO - Sync 1 DAGs
[2024-04-09T10:10:08.305+0000] {logging_mixin.py:188} INFO - [2024-04-09T10:10:08.305+0000] {dag.py:3834} INFO - Setting next_dagrun for my_dag to 2024-04-09 10:08:00+00:00, run_after=2024-04-09 10:10:00+00:00
[2024-04-09T10:10:08.332+0000] {processor.py:183} INFO - Processing /opt/airflow/dags/main.py took 0.164 seconds
[2024-04-09T10:10:38.683+0000] {processor.py:161} INFO - Started process (PID=924) to work on /opt/airflow/dags/main.py
[2024-04-09T10:10:38.685+0000] {processor.py:830} INFO - Processing file /opt/airflow/dags/main.py for tasks to queue
[2024-04-09T10:10:38.686+0000] {logging_mixin.py:188} INFO - [2024-04-09T10:10:38.685+0000] {dagbag.py:540} INFO - Filling up the DagBag from /opt/airflow/dags/main.py
[2024-04-09T10:10:38.695+0000] {processor.py:840} INFO - DAG(s) 'my_dag' retrieved from /opt/airflow/dags/main.py
[2024-04-09T10:10:38.783+0000] {logging_mixin.py:188} INFO - [2024-04-09T10:10:38.782+0000] {dag.py:3047} INFO - Sync 1 DAGs
[2024-04-09T10:10:38.828+0000] {logging_mixin.py:188} INFO - [2024-04-09T10:10:38.828+0000] {dag.py:3834} INFO - Setting next_dagrun for my_dag to 2024-04-09 10:08:00+00:00, run_after=2024-04-09 10:10:00+00:00
[2024-04-09T10:10:38.853+0000] {processor.py:183} INFO - Processing /opt/airflow/dags/main.py took 0.179 seconds
[2024-04-09T10:11:08.886+0000] {processor.py:161} INFO - Started process (PID=1176) to work on /opt/airflow/dags/main.py
[2024-04-09T10:11:08.888+0000] {processor.py:830} INFO - Processing file /opt/airflow/dags/main.py for tasks to queue
[2024-04-09T10:11:08.889+0000] {logging_mixin.py:188} INFO - [2024-04-09T10:11:08.889+0000] {dagbag.py:540} INFO - Filling up the DagBag from /opt/airflow/dags/main.py
[2024-04-09T10:11:08.897+0000] {processor.py:840} INFO - DAG(s) 'my_dag' retrieved from /opt/airflow/dags/main.py
[2024-04-09T10:11:08.976+0000] {logging_mixin.py:188} INFO - [2024-04-09T10:11:08.976+0000] {dag.py:3047} INFO - Sync 1 DAGs
[2024-04-09T10:11:09.016+0000] {logging_mixin.py:188} INFO - [2024-04-09T10:11:09.016+0000] {dag.py:3834} INFO - Setting next_dagrun for my_dag to 2024-04-09 10:08:00+00:00, run_after=2024-04-09 10:10:00+00:00
[2024-04-09T10:11:09.035+0000] {processor.py:183} INFO - Processing /opt/airflow/dags/main.py took 0.152 seconds
[2024-04-09T10:11:39.349+0000] {processor.py:161} INFO - Started process (PID=1428) to work on /opt/airflow/dags/main.py
[2024-04-09T10:11:39.351+0000] {processor.py:830} INFO - Processing file /opt/airflow/dags/main.py for tasks to queue
[2024-04-09T10:11:39.352+0000] {logging_mixin.py:188} INFO - [2024-04-09T10:11:39.351+0000] {dagbag.py:540} INFO - Filling up the DagBag from /opt/airflow/dags/main.py
[2024-04-09T10:11:39.363+0000] {processor.py:840} INFO - DAG(s) 'my_dag' retrieved from /opt/airflow/dags/main.py
[2024-04-09T10:11:39.445+0000] {logging_mixin.py:188} INFO - [2024-04-09T10:11:39.445+0000] {dag.py:3047} INFO - Sync 1 DAGs
[2024-04-09T10:11:39.491+0000] {logging_mixin.py:188} INFO - [2024-04-09T10:11:39.491+0000] {dag.py:3834} INFO - Setting next_dagrun for my_dag to 2024-04-09 10:08:00+00:00, run_after=2024-04-09 10:10:00+00:00
[2024-04-09T10:11:39.512+0000] {processor.py:183} INFO - Processing /opt/airflow/dags/main.py took 0.168 seconds
[2024-04-09T10:12:09.662+0000] {processor.py:161} INFO - Started process (PID=1685) to work on /opt/airflow/dags/main.py
[2024-04-09T10:12:09.663+0000] {processor.py:830} INFO - Processing file /opt/airflow/dags/main.py for tasks to queue
[2024-04-09T10:12:09.663+0000] {logging_mixin.py:188} INFO - [2024-04-09T10:12:09.663+0000] {dagbag.py:540} INFO - Filling up the DagBag from /opt/airflow/dags/main.py
[2024-04-09T10:12:09.668+0000] {processor.py:840} INFO - DAG(s) 'my_dag' retrieved from /opt/airflow/dags/main.py
[2024-04-09T10:12:09.742+0000] {logging_mixin.py:188} INFO - [2024-04-09T10:12:09.742+0000] {dag.py:3047} INFO - Sync 1 DAGs
[2024-04-09T10:12:09.783+0000] {logging_mixin.py:188} INFO - [2024-04-09T10:12:09.783+0000] {dag.py:3834} INFO - Setting next_dagrun for my_dag to 2024-04-09 10:10:00+00:00, run_after=2024-04-09 10:12:00+00:00
[2024-04-09T10:12:09.806+0000] {processor.py:183} INFO - Processing /opt/airflow/dags/main.py took 0.145 seconds
[2024-04-09T10:12:40.203+0000] {processor.py:161} INFO - Started process (PID=1931) to work on /opt/airflow/dags/main.py
[2024-04-09T10:12:40.204+0000] {processor.py:830} INFO - Processing file /opt/airflow/dags/main.py for tasks to queue
[2024-04-09T10:12:40.205+0000] {logging_mixin.py:188} INFO - [2024-04-09T10:12:40.205+0000] {dagbag.py:540} INFO - Filling up the DagBag from /opt/airflow/dags/main.py
[2024-04-09T10:12:40.211+0000] {processor.py:840} INFO - DAG(s) 'my_dag' retrieved from /opt/airflow/dags/main.py
[2024-04-09T10:12:40.287+0000] {logging_mixin.py:188} INFO - [2024-04-09T10:12:40.286+0000] {dag.py:3047} INFO - Sync 1 DAGs
[2024-04-09T10:12:40.328+0000] {logging_mixin.py:188} INFO - [2024-04-09T10:12:40.328+0000] {dag.py:3834} INFO - Setting next_dagrun for my_dag to 2024-04-09 10:10:00+00:00, run_after=2024-04-09 10:12:00+00:00
[2024-04-09T10:12:40.349+0000] {processor.py:183} INFO - Processing /opt/airflow/dags/main.py took 0.148 seconds
[2024-04-09T10:13:10.393+0000] {processor.py:161} INFO - Started process (PID=2183) to work on /opt/airflow/dags/main.py
[2024-04-09T10:13:10.394+0000] {processor.py:830} INFO - Processing file /opt/airflow/dags/main.py for tasks to queue
[2024-04-09T10:13:10.395+0000] {logging_mixin.py:188} INFO - [2024-04-09T10:13:10.394+0000] {dagbag.py:540} INFO - Filling up the DagBag from /opt/airflow/dags/main.py
[2024-04-09T10:13:10.403+0000] {processor.py:840} INFO - DAG(s) 'my_dag' retrieved from /opt/airflow/dags/main.py
[2024-04-09T10:13:10.479+0000] {logging_mixin.py:188} INFO - [2024-04-09T10:13:10.479+0000] {dag.py:3047} INFO - Sync 1 DAGs
[2024-04-09T10:13:10.524+0000] {logging_mixin.py:188} INFO - [2024-04-09T10:13:10.524+0000] {dag.py:3834} INFO - Setting next_dagrun for my_dag to 2024-04-09 10:10:00+00:00, run_after=2024-04-09 10:12:00+00:00
[2024-04-09T10:13:10.547+0000] {processor.py:183} INFO - Processing /opt/airflow/dags/main.py took 0.157 seconds
[2024-04-09T10:13:40.604+0000] {processor.py:161} INFO - Started process (PID=2438) to work on /opt/airflow/dags/main.py
[2024-04-09T10:13:40.605+0000] {processor.py:830} INFO - Processing file /opt/airflow/dags/main.py for tasks to queue
[2024-04-09T10:13:40.605+0000] {logging_mixin.py:188} INFO - [2024-04-09T10:13:40.605+0000] {dagbag.py:540} INFO - Filling up the DagBag from /opt/airflow/dags/main.py
[2024-04-09T10:13:40.611+0000] {processor.py:840} INFO - DAG(s) 'my_dag' retrieved from /opt/airflow/dags/main.py
[2024-04-09T10:13:40.686+0000] {logging_mixin.py:188} INFO - [2024-04-09T10:13:40.686+0000] {dag.py:3047} INFO - Sync 1 DAGs
[2024-04-09T10:13:40.729+0000] {logging_mixin.py:188} INFO - [2024-04-09T10:13:40.729+0000] {dag.py:3834} INFO - Setting next_dagrun for my_dag to 2024-04-09 10:10:00+00:00, run_after=2024-04-09 10:12:00+00:00
[2024-04-09T10:13:40.747+0000] {processor.py:183} INFO - Processing /opt/airflow/dags/main.py took 0.145 seconds
[2024-04-09T10:14:10.821+0000] {processor.py:161} INFO - Started process (PID=2687) to work on /opt/airflow/dags/main.py
[2024-04-09T10:14:10.822+0000] {processor.py:830} INFO - Processing file /opt/airflow/dags/main.py for tasks to queue
[2024-04-09T10:14:10.823+0000] {logging_mixin.py:188} INFO - [2024-04-09T10:14:10.822+0000] {dagbag.py:540} INFO - Filling up the DagBag from /opt/airflow/dags/main.py
[2024-04-09T10:14:10.833+0000] {processor.py:840} INFO - DAG(s) 'my_dag' retrieved from /opt/airflow/dags/main.py
[2024-04-09T10:14:10.909+0000] {logging_mixin.py:188} INFO - [2024-04-09T10:14:10.909+0000] {dag.py:3047} INFO - Sync 1 DAGs
[2024-04-09T10:14:10.954+0000] {logging_mixin.py:188} INFO - [2024-04-09T10:14:10.954+0000] {dag.py:3834} INFO - Setting next_dagrun for my_dag to 2024-04-09 10:12:00+00:00, run_after=2024-04-09 10:14:00+00:00
[2024-04-09T10:14:10.977+0000] {processor.py:183} INFO - Processing /opt/airflow/dags/main.py took 0.158 seconds
[2024-04-09T10:14:41.638+0000] {processor.py:161} INFO - Started process (PID=2939) to work on /opt/airflow/dags/main.py
[2024-04-09T10:14:41.639+0000] {processor.py:830} INFO - Processing file /opt/airflow/dags/main.py for tasks to queue
[2024-04-09T10:14:41.640+0000] {logging_mixin.py:188} INFO - [2024-04-09T10:14:41.640+0000] {dagbag.py:540} INFO - Filling up the DagBag from /opt/airflow/dags/main.py
[2024-04-09T10:14:41.651+0000] {processor.py:840} INFO - DAG(s) 'my_dag' retrieved from /opt/airflow/dags/main.py
[2024-04-09T10:14:41.747+0000] {logging_mixin.py:188} INFO - [2024-04-09T10:14:41.747+0000] {dag.py:3047} INFO - Sync 1 DAGs
[2024-04-09T10:14:41.795+0000] {logging_mixin.py:188} INFO - [2024-04-09T10:14:41.794+0000] {dag.py:3834} INFO - Setting next_dagrun for my_dag to 2024-04-09 10:12:00+00:00, run_after=2024-04-09 10:14:00+00:00
[2024-04-09T10:14:41.822+0000] {processor.py:183} INFO - Processing /opt/airflow/dags/main.py took 0.190 seconds
[2024-04-09T10:15:11.975+0000] {processor.py:161} INFO - Started process (PID=3205) to work on /opt/airflow/dags/main.py
[2024-04-09T10:15:11.976+0000] {processor.py:830} INFO - Processing file /opt/airflow/dags/main.py for tasks to queue
[2024-04-09T10:15:11.977+0000] {logging_mixin.py:188} INFO - [2024-04-09T10:15:11.976+0000] {dagbag.py:540} INFO - Filling up the DagBag from /opt/airflow/dags/main.py
[2024-04-09T10:15:11.981+0000] {processor.py:840} INFO - DAG(s) 'my_dag' retrieved from /opt/airflow/dags/main.py
[2024-04-09T10:15:12.047+0000] {logging_mixin.py:188} INFO - [2024-04-09T10:15:12.047+0000] {dag.py:3047} INFO - Sync 1 DAGs
[2024-04-09T10:15:12.085+0000] {logging_mixin.py:188} INFO - [2024-04-09T10:15:12.085+0000] {dag.py:3834} INFO - Setting next_dagrun for my_dag to 2024-04-09 10:14:00+00:00, run_after=2024-04-09 10:16:00+00:00
[2024-04-09T10:15:12.103+0000] {processor.py:183} INFO - Processing /opt/airflow/dags/main.py took 0.129 seconds
[2024-04-09T10:15:42.236+0000] {processor.py:161} INFO - Started process (PID=3458) to work on /opt/airflow/dags/main.py
[2024-04-09T10:15:42.237+0000] {processor.py:830} INFO - Processing file /opt/airflow/dags/main.py for tasks to queue
[2024-04-09T10:15:42.238+0000] {logging_mixin.py:188} INFO - [2024-04-09T10:15:42.237+0000] {dagbag.py:540} INFO - Filling up the DagBag from /opt/airflow/dags/main.py
[2024-04-09T10:15:42.244+0000] {processor.py:840} INFO - DAG(s) 'my_dag' retrieved from /opt/airflow/dags/main.py
[2024-04-09T10:15:42.317+0000] {logging_mixin.py:188} INFO - [2024-04-09T10:15:42.317+0000] {dag.py:3047} INFO - Sync 1 DAGs
[2024-04-09T10:15:42.354+0000] {logging_mixin.py:188} INFO - [2024-04-09T10:15:42.353+0000] {dag.py:3834} INFO - Setting next_dagrun for my_dag to 2024-04-09 10:14:00+00:00, run_after=2024-04-09 10:16:00+00:00
[2024-04-09T10:15:42.370+0000] {processor.py:183} INFO - Processing /opt/airflow/dags/main.py took 0.136 seconds
[2024-04-09T10:16:12.527+0000] {processor.py:161} INFO - Started process (PID=3713) to work on /opt/airflow/dags/main.py
[2024-04-09T10:16:12.528+0000] {processor.py:830} INFO - Processing file /opt/airflow/dags/main.py for tasks to queue
[2024-04-09T10:16:12.531+0000] {logging_mixin.py:188} INFO - [2024-04-09T10:16:12.531+0000] {dagbag.py:540} INFO - Filling up the DagBag from /opt/airflow/dags/main.py
[2024-04-09T10:16:12.543+0000] {processor.py:840} INFO - DAG(s) 'my_dag' retrieved from /opt/airflow/dags/main.py
[2024-04-09T10:16:12.621+0000] {logging_mixin.py:188} INFO - [2024-04-09T10:16:12.621+0000] {dag.py:3047} INFO - Sync 1 DAGs
[2024-04-09T10:16:12.662+0000] {logging_mixin.py:188} INFO - [2024-04-09T10:16:12.662+0000] {dag.py:3834} INFO - Setting next_dagrun for my_dag to 2024-04-09 10:16:00+00:00, run_after=2024-04-09 10:18:00+00:00
[2024-04-09T10:16:12.683+0000] {processor.py:183} INFO - Processing /opt/airflow/dags/main.py took 0.162 seconds
[2024-04-09T10:16:42.797+0000] {processor.py:161} INFO - Started process (PID=3965) to work on /opt/airflow/dags/main.py
[2024-04-09T10:16:42.800+0000] {processor.py:830} INFO - Processing file /opt/airflow/dags/main.py for tasks to queue
[2024-04-09T10:16:42.801+0000] {logging_mixin.py:188} INFO - [2024-04-09T10:16:42.801+0000] {dagbag.py:540} INFO - Filling up the DagBag from /opt/airflow/dags/main.py
[2024-04-09T10:16:42.817+0000] {processor.py:840} INFO - DAG(s) 'my_dag' retrieved from /opt/airflow/dags/main.py
[2024-04-09T10:16:42.917+0000] {logging_mixin.py:188} INFO - [2024-04-09T10:16:42.917+0000] {dag.py:3047} INFO - Sync 1 DAGs
[2024-04-09T10:16:42.963+0000] {logging_mixin.py:188} INFO - [2024-04-09T10:16:42.962+0000] {dag.py:3834} INFO - Setting next_dagrun for my_dag to 2024-04-09 10:16:00+00:00, run_after=2024-04-09 10:18:00+00:00
[2024-04-09T10:16:42.992+0000] {processor.py:183} INFO - Processing /opt/airflow/dags/main.py took 0.201 seconds
[2024-04-09T10:17:13.988+0000] {processor.py:161} INFO - Started process (PID=4216) to work on /opt/airflow/dags/main.py
[2024-04-09T10:17:13.989+0000] {processor.py:830} INFO - Processing file /opt/airflow/dags/main.py for tasks to queue
[2024-04-09T10:17:13.990+0000] {logging_mixin.py:188} INFO - [2024-04-09T10:17:13.990+0000] {dagbag.py:540} INFO - Filling up the DagBag from /opt/airflow/dags/main.py
[2024-04-09T10:17:13.998+0000] {processor.py:840} INFO - DAG(s) 'my_dag' retrieved from /opt/airflow/dags/main.py
[2024-04-09T10:17:14.077+0000] {logging_mixin.py:188} INFO - [2024-04-09T10:17:14.077+0000] {dag.py:3047} INFO - Sync 1 DAGs
[2024-04-09T10:17:14.116+0000] {logging_mixin.py:188} INFO - [2024-04-09T10:17:14.116+0000] {dag.py:3834} INFO - Setting next_dagrun for my_dag to 2024-04-09 10:16:00+00:00, run_after=2024-04-09 10:18:00+00:00
[2024-04-09T10:17:14.137+0000] {processor.py:183} INFO - Processing /opt/airflow/dags/main.py took 0.153 seconds
[2024-04-09T10:17:44.219+0000] {processor.py:161} INFO - Started process (PID=4468) to work on /opt/airflow/dags/main.py
[2024-04-09T10:17:44.220+0000] {processor.py:830} INFO - Processing file /opt/airflow/dags/main.py for tasks to queue
[2024-04-09T10:17:44.222+0000] {logging_mixin.py:188} INFO - [2024-04-09T10:17:44.221+0000] {dagbag.py:540} INFO - Filling up the DagBag from /opt/airflow/dags/main.py
[2024-04-09T10:17:44.234+0000] {processor.py:840} INFO - DAG(s) 'my_dag' retrieved from /opt/airflow/dags/main.py
[2024-04-09T10:17:44.315+0000] {logging_mixin.py:188} INFO - [2024-04-09T10:17:44.315+0000] {dag.py:3047} INFO - Sync 1 DAGs
[2024-04-09T10:17:44.360+0000] {logging_mixin.py:188} INFO - [2024-04-09T10:17:44.360+0000] {dag.py:3834} INFO - Setting next_dagrun for my_dag to 2024-04-09 10:16:00+00:00, run_after=2024-04-09 10:18:00+00:00
[2024-04-09T10:17:44.383+0000] {processor.py:183} INFO - Processing /opt/airflow/dags/main.py took 0.169 seconds
[2024-04-09T10:18:14.411+0000] {processor.py:161} INFO - Started process (PID=4729) to work on /opt/airflow/dags/main.py
[2024-04-09T10:18:14.412+0000] {processor.py:830} INFO - Processing file /opt/airflow/dags/main.py for tasks to queue
[2024-04-09T10:18:14.413+0000] {logging_mixin.py:188} INFO - [2024-04-09T10:18:14.413+0000] {dagbag.py:540} INFO - Filling up the DagBag from /opt/airflow/dags/main.py
[2024-04-09T10:18:14.427+0000] {processor.py:840} INFO - DAG(s) 'my_dag' retrieved from /opt/airflow/dags/main.py
[2024-04-09T10:18:14.527+0000] {logging_mixin.py:188} INFO - [2024-04-09T10:18:14.527+0000] {dag.py:3047} INFO - Sync 1 DAGs
[2024-04-09T10:18:14.576+0000] {logging_mixin.py:188} INFO - [2024-04-09T10:18:14.576+0000] {dag.py:3834} INFO - Setting next_dagrun for my_dag to 2024-04-09 10:18:00+00:00, run_after=2024-04-09 10:20:00+00:00
[2024-04-09T10:18:14.603+0000] {processor.py:183} INFO - Processing /opt/airflow/dags/main.py took 0.198 seconds
[2024-04-09T10:18:44.897+0000] {processor.py:161} INFO - Started process (PID=4978) to work on /opt/airflow/dags/main.py
[2024-04-09T10:18:44.899+0000] {processor.py:830} INFO - Processing file /opt/airflow/dags/main.py for tasks to queue
[2024-04-09T10:18:44.899+0000] {logging_mixin.py:188} INFO - [2024-04-09T10:18:44.899+0000] {dagbag.py:540} INFO - Filling up the DagBag from /opt/airflow/dags/main.py
[2024-04-09T10:18:44.909+0000] {processor.py:840} INFO - DAG(s) 'my_dag' retrieved from /opt/airflow/dags/main.py
[2024-04-09T10:18:44.989+0000] {logging_mixin.py:188} INFO - [2024-04-09T10:18:44.989+0000] {dag.py:3047} INFO - Sync 1 DAGs
[2024-04-09T10:18:45.033+0000] {logging_mixin.py:188} INFO - [2024-04-09T10:18:45.033+0000] {dag.py:3834} INFO - Setting next_dagrun for my_dag to 2024-04-09 10:18:00+00:00, run_after=2024-04-09 10:20:00+00:00
[2024-04-09T10:18:45.056+0000] {processor.py:183} INFO - Processing /opt/airflow/dags/main.py took 0.164 seconds
[2024-04-09T10:19:15.213+0000] {processor.py:161} INFO - Started process (PID=5230) to work on /opt/airflow/dags/main.py
[2024-04-09T10:19:15.214+0000] {processor.py:830} INFO - Processing file /opt/airflow/dags/main.py for tasks to queue
[2024-04-09T10:19:15.215+0000] {logging_mixin.py:188} INFO - [2024-04-09T10:19:15.215+0000] {dagbag.py:540} INFO - Filling up the DagBag from /opt/airflow/dags/main.py
[2024-04-09T10:19:15.236+0000] {processor.py:840} INFO - DAG(s) 'my_dag' retrieved from /opt/airflow/dags/main.py
[2024-04-09T10:19:15.328+0000] {logging_mixin.py:188} INFO - [2024-04-09T10:19:15.327+0000] {dag.py:3047} INFO - Sync 1 DAGs
[2024-04-09T10:19:15.374+0000] {logging_mixin.py:188} INFO - [2024-04-09T10:19:15.374+0000] {dag.py:3834} INFO - Setting next_dagrun for my_dag to 2024-04-09 10:18:00+00:00, run_after=2024-04-09 10:20:00+00:00
[2024-04-09T10:19:15.396+0000] {processor.py:183} INFO - Processing /opt/airflow/dags/main.py took 0.188 seconds
[2024-04-09T10:19:45.560+0000] {processor.py:161} INFO - Started process (PID=5482) to work on /opt/airflow/dags/main.py
[2024-04-09T10:19:45.562+0000] {processor.py:830} INFO - Processing file /opt/airflow/dags/main.py for tasks to queue
[2024-04-09T10:19:45.563+0000] {logging_mixin.py:188} INFO - [2024-04-09T10:19:45.562+0000] {dagbag.py:540} INFO - Filling up the DagBag from /opt/airflow/dags/main.py
[2024-04-09T10:19:45.574+0000] {processor.py:840} INFO - DAG(s) 'my_dag' retrieved from /opt/airflow/dags/main.py
[2024-04-09T10:19:45.657+0000] {logging_mixin.py:188} INFO - [2024-04-09T10:19:45.657+0000] {dag.py:3047} INFO - Sync 1 DAGs
[2024-04-09T10:19:45.712+0000] {logging_mixin.py:188} INFO - [2024-04-09T10:19:45.711+0000] {dag.py:3834} INFO - Setting next_dagrun for my_dag to 2024-04-09 10:18:00+00:00, run_after=2024-04-09 10:20:00+00:00
[2024-04-09T10:19:45.735+0000] {processor.py:183} INFO - Processing /opt/airflow/dags/main.py took 0.180 seconds
[2024-04-09T10:20:16.666+0000] {processor.py:161} INFO - Started process (PID=5740) to work on /opt/airflow/dags/main.py
[2024-04-09T10:20:16.667+0000] {processor.py:830} INFO - Processing file /opt/airflow/dags/main.py for tasks to queue
[2024-04-09T10:20:16.669+0000] {logging_mixin.py:188} INFO - [2024-04-09T10:20:16.668+0000] {dagbag.py:540} INFO - Filling up the DagBag from /opt/airflow/dags/main.py
[2024-04-09T10:20:16.680+0000] {processor.py:840} INFO - DAG(s) 'my_dag' retrieved from /opt/airflow/dags/main.py
[2024-04-09T10:20:16.773+0000] {logging_mixin.py:188} INFO - [2024-04-09T10:20:16.773+0000] {dag.py:3047} INFO - Sync 1 DAGs
[2024-04-09T10:20:16.817+0000] {logging_mixin.py:188} INFO - [2024-04-09T10:20:16.817+0000] {dag.py:3834} INFO - Setting next_dagrun for my_dag to 2024-04-09 10:20:00+00:00, run_after=2024-04-09 10:22:00+00:00
[2024-04-09T10:20:16.839+0000] {processor.py:183} INFO - Processing /opt/airflow/dags/main.py took 0.178 seconds
[2024-04-09T10:20:46.950+0000] {processor.py:161} INFO - Started process (PID=5992) to work on /opt/airflow/dags/main.py
[2024-04-09T10:20:46.951+0000] {processor.py:830} INFO - Processing file /opt/airflow/dags/main.py for tasks to queue
[2024-04-09T10:20:46.953+0000] {logging_mixin.py:188} INFO - [2024-04-09T10:20:46.952+0000] {dagbag.py:540} INFO - Filling up the DagBag from /opt/airflow/dags/main.py
[2024-04-09T10:20:46.966+0000] {processor.py:840} INFO - DAG(s) 'my_dag' retrieved from /opt/airflow/dags/main.py
[2024-04-09T10:20:47.054+0000] {logging_mixin.py:188} INFO - [2024-04-09T10:20:47.054+0000] {dag.py:3047} INFO - Sync 1 DAGs
[2024-04-09T10:20:47.100+0000] {logging_mixin.py:188} INFO - [2024-04-09T10:20:47.100+0000] {dag.py:3834} INFO - Setting next_dagrun for my_dag to 2024-04-09 10:20:00+00:00, run_after=2024-04-09 10:22:00+00:00
[2024-04-09T10:20:47.122+0000] {processor.py:183} INFO - Processing /opt/airflow/dags/main.py took 0.178 seconds
[2024-04-09T10:21:17.179+0000] {processor.py:161} INFO - Started process (PID=6244) to work on /opt/airflow/dags/main.py
[2024-04-09T10:21:17.180+0000] {processor.py:830} INFO - Processing file /opt/airflow/dags/main.py for tasks to queue
[2024-04-09T10:21:17.181+0000] {logging_mixin.py:188} INFO - [2024-04-09T10:21:17.181+0000] {dagbag.py:540} INFO - Filling up the DagBag from /opt/airflow/dags/main.py
[2024-04-09T10:21:17.193+0000] {processor.py:840} INFO - DAG(s) 'my_dag' retrieved from /opt/airflow/dags/main.py
[2024-04-09T10:21:17.301+0000] {logging_mixin.py:188} INFO - [2024-04-09T10:21:17.301+0000] {dag.py:3047} INFO - Sync 1 DAGs
[2024-04-09T10:21:17.347+0000] {logging_mixin.py:188} INFO - [2024-04-09T10:21:17.347+0000] {dag.py:3834} INFO - Setting next_dagrun for my_dag to 2024-04-09 10:20:00+00:00, run_after=2024-04-09 10:22:00+00:00
[2024-04-09T10:21:17.372+0000] {processor.py:183} INFO - Processing /opt/airflow/dags/main.py took 0.199 seconds
[2024-04-09T10:21:47.454+0000] {processor.py:161} INFO - Started process (PID=6496) to work on /opt/airflow/dags/main.py
[2024-04-09T10:21:47.455+0000] {processor.py:830} INFO - Processing file /opt/airflow/dags/main.py for tasks to queue
[2024-04-09T10:21:47.457+0000] {logging_mixin.py:188} INFO - [2024-04-09T10:21:47.456+0000] {dagbag.py:540} INFO - Filling up the DagBag from /opt/airflow/dags/main.py
[2024-04-09T10:21:47.472+0000] {processor.py:840} INFO - DAG(s) 'my_dag' retrieved from /opt/airflow/dags/main.py
[2024-04-09T10:21:47.562+0000] {logging_mixin.py:188} INFO - [2024-04-09T10:21:47.562+0000] {dag.py:3047} INFO - Sync 1 DAGs
[2024-04-09T10:21:47.608+0000] {logging_mixin.py:188} INFO - [2024-04-09T10:21:47.608+0000] {dag.py:3834} INFO - Setting next_dagrun for my_dag to 2024-04-09 10:20:00+00:00, run_after=2024-04-09 10:22:00+00:00
[2024-04-09T10:21:47.633+0000] {processor.py:183} INFO - Processing /opt/airflow/dags/main.py took 0.184 seconds
[2024-04-09T10:22:17.732+0000] {processor.py:161} INFO - Started process (PID=6754) to work on /opt/airflow/dags/main.py
[2024-04-09T10:22:17.734+0000] {processor.py:830} INFO - Processing file /opt/airflow/dags/main.py for tasks to queue
[2024-04-09T10:22:17.735+0000] {logging_mixin.py:188} INFO - [2024-04-09T10:22:17.735+0000] {dagbag.py:540} INFO - Filling up the DagBag from /opt/airflow/dags/main.py
[2024-04-09T10:22:17.746+0000] {processor.py:840} INFO - DAG(s) 'my_dag' retrieved from /opt/airflow/dags/main.py
[2024-04-09T10:22:17.833+0000] {logging_mixin.py:188} INFO - [2024-04-09T10:22:17.833+0000] {dag.py:3047} INFO - Sync 1 DAGs
[2024-04-09T10:22:17.881+0000] {logging_mixin.py:188} INFO - [2024-04-09T10:22:17.881+0000] {dag.py:3834} INFO - Setting next_dagrun for my_dag to 2024-04-09 10:22:00+00:00, run_after=2024-04-09 10:24:00+00:00
[2024-04-09T10:22:17.905+0000] {processor.py:183} INFO - Processing /opt/airflow/dags/main.py took 0.178 seconds
[2024-04-09T10:22:48.120+0000] {processor.py:161} INFO - Started process (PID=7006) to work on /opt/airflow/dags/main.py
[2024-04-09T10:22:48.124+0000] {processor.py:830} INFO - Processing file /opt/airflow/dags/main.py for tasks to queue
[2024-04-09T10:22:48.126+0000] {logging_mixin.py:188} INFO - [2024-04-09T10:22:48.125+0000] {dagbag.py:540} INFO - Filling up the DagBag from /opt/airflow/dags/main.py
[2024-04-09T10:22:48.138+0000] {processor.py:840} INFO - DAG(s) 'my_dag' retrieved from /opt/airflow/dags/main.py
[2024-04-09T10:22:48.219+0000] {logging_mixin.py:188} INFO - [2024-04-09T10:22:48.219+0000] {dag.py:3047} INFO - Sync 1 DAGs
[2024-04-09T10:22:48.262+0000] {logging_mixin.py:188} INFO - [2024-04-09T10:22:48.262+0000] {dag.py:3834} INFO - Setting next_dagrun for my_dag to 2024-04-09 10:22:00+00:00, run_after=2024-04-09 10:24:00+00:00
[2024-04-09T10:22:48.283+0000] {processor.py:183} INFO - Processing /opt/airflow/dags/main.py took 0.168 seconds
[2024-04-09T10:23:18.599+0000] {processor.py:161} INFO - Started process (PID=7258) to work on /opt/airflow/dags/main.py
[2024-04-09T10:23:18.601+0000] {processor.py:830} INFO - Processing file /opt/airflow/dags/main.py for tasks to queue
[2024-04-09T10:23:18.602+0000] {logging_mixin.py:188} INFO - [2024-04-09T10:23:18.602+0000] {dagbag.py:540} INFO - Filling up the DagBag from /opt/airflow/dags/main.py
[2024-04-09T10:23:18.617+0000] {processor.py:840} INFO - DAG(s) 'my_dag' retrieved from /opt/airflow/dags/main.py
[2024-04-09T10:23:18.704+0000] {logging_mixin.py:188} INFO - [2024-04-09T10:23:18.704+0000] {dag.py:3047} INFO - Sync 1 DAGs
[2024-04-09T10:23:18.747+0000] {logging_mixin.py:188} INFO - [2024-04-09T10:23:18.747+0000] {dag.py:3834} INFO - Setting next_dagrun for my_dag to 2024-04-09 10:22:00+00:00, run_after=2024-04-09 10:24:00+00:00
[2024-04-09T10:23:18.773+0000] {processor.py:183} INFO - Processing /opt/airflow/dags/main.py took 0.177 seconds
[2024-04-09T10:23:48.880+0000] {processor.py:161} INFO - Started process (PID=7513) to work on /opt/airflow/dags/main.py
[2024-04-09T10:23:48.881+0000] {processor.py:830} INFO - Processing file /opt/airflow/dags/main.py for tasks to queue
[2024-04-09T10:23:48.881+0000] {logging_mixin.py:188} INFO - [2024-04-09T10:23:48.881+0000] {dagbag.py:540} INFO - Filling up the DagBag from /opt/airflow/dags/main.py
[2024-04-09T10:23:48.886+0000] {processor.py:840} INFO - DAG(s) 'my_dag' retrieved from /opt/airflow/dags/main.py
[2024-04-09T10:23:48.956+0000] {logging_mixin.py:188} INFO - [2024-04-09T10:23:48.956+0000] {dag.py:3047} INFO - Sync 1 DAGs
[2024-04-09T10:23:48.993+0000] {logging_mixin.py:188} INFO - [2024-04-09T10:23:48.993+0000] {dag.py:3834} INFO - Setting next_dagrun for my_dag to 2024-04-09 10:22:00+00:00, run_after=2024-04-09 10:24:00+00:00
[2024-04-09T10:23:49.010+0000] {processor.py:183} INFO - Processing /opt/airflow/dags/main.py took 0.131 seconds
[2024-04-09T10:24:19.118+0000] {processor.py:161} INFO - Started process (PID=7773) to work on /opt/airflow/dags/main.py
[2024-04-09T10:24:19.119+0000] {processor.py:830} INFO - Processing file /opt/airflow/dags/main.py for tasks to queue
[2024-04-09T10:24:19.119+0000] {logging_mixin.py:188} INFO - [2024-04-09T10:24:19.119+0000] {dagbag.py:540} INFO - Filling up the DagBag from /opt/airflow/dags/main.py
[2024-04-09T10:24:19.124+0000] {processor.py:840} INFO - DAG(s) 'my_dag' retrieved from /opt/airflow/dags/main.py
[2024-04-09T10:24:19.191+0000] {logging_mixin.py:188} INFO - [2024-04-09T10:24:19.191+0000] {dag.py:3047} INFO - Sync 1 DAGs
[2024-04-09T10:24:19.228+0000] {logging_mixin.py:188} INFO - [2024-04-09T10:24:19.228+0000] {dag.py:3834} INFO - Setting next_dagrun for my_dag to 2024-04-09 10:24:00+00:00, run_after=2024-04-09 10:26:00+00:00
[2024-04-09T10:24:19.246+0000] {processor.py:183} INFO - Processing /opt/airflow/dags/main.py took 0.130 seconds
[2024-04-09T10:24:59.132+0000] {processor.py:161} INFO - Started process (PID=167) to work on /opt/airflow/dags/main.py
[2024-04-09T10:24:59.133+0000] {processor.py:830} INFO - Processing file /opt/airflow/dags/main.py for tasks to queue
[2024-04-09T10:24:59.134+0000] {logging_mixin.py:188} INFO - [2024-04-09T10:24:59.134+0000] {dagbag.py:540} INFO - Filling up the DagBag from /opt/airflow/dags/main.py
[2024-04-09T10:24:59.142+0000] {processor.py:840} INFO - DAG(s) 'my_dag' retrieved from /opt/airflow/dags/main.py
[2024-04-09T10:24:59.292+0000] {logging_mixin.py:188} INFO - [2024-04-09T10:24:59.292+0000] {dag.py:3047} INFO - Sync 1 DAGs
[2024-04-09T10:24:59.336+0000] {logging_mixin.py:188} INFO - [2024-04-09T10:24:59.336+0000] {dag.py:3834} INFO - Setting next_dagrun for my_dag to 2024-04-09 10:24:00+00:00, run_after=2024-04-09 10:26:00+00:00
[2024-04-09T10:24:59.362+0000] {processor.py:183} INFO - Processing /opt/airflow/dags/main.py took 0.232 seconds
[2024-04-09T10:25:29.468+0000] {processor.py:161} INFO - Started process (PID=420) to work on /opt/airflow/dags/main.py
[2024-04-09T10:25:29.469+0000] {processor.py:830} INFO - Processing file /opt/airflow/dags/main.py for tasks to queue
[2024-04-09T10:25:29.470+0000] {logging_mixin.py:188} INFO - [2024-04-09T10:25:29.470+0000] {dagbag.py:540} INFO - Filling up the DagBag from /opt/airflow/dags/main.py
[2024-04-09T10:25:29.479+0000] {processor.py:840} INFO - DAG(s) 'my_dag' retrieved from /opt/airflow/dags/main.py
[2024-04-09T10:25:29.558+0000] {logging_mixin.py:188} INFO - [2024-04-09T10:25:29.558+0000] {dag.py:3047} INFO - Sync 1 DAGs
[2024-04-09T10:25:29.608+0000] {logging_mixin.py:188} INFO - [2024-04-09T10:25:29.608+0000] {dag.py:3834} INFO - Setting next_dagrun for my_dag to 2024-04-09 10:24:00+00:00, run_after=2024-04-09 10:26:00+00:00
[2024-04-09T10:25:29.639+0000] {processor.py:183} INFO - Processing /opt/airflow/dags/main.py took 0.175 seconds
[2024-04-09T10:25:59.792+0000] {processor.py:161} INFO - Started process (PID=672) to work on /opt/airflow/dags/main.py
[2024-04-09T10:25:59.794+0000] {processor.py:830} INFO - Processing file /opt/airflow/dags/main.py for tasks to queue
[2024-04-09T10:25:59.799+0000] {logging_mixin.py:188} INFO - [2024-04-09T10:25:59.799+0000] {dagbag.py:540} INFO - Filling up the DagBag from /opt/airflow/dags/main.py
[2024-04-09T10:25:59.810+0000] {processor.py:840} INFO - DAG(s) 'my_dag' retrieved from /opt/airflow/dags/main.py
[2024-04-09T10:25:59.906+0000] {logging_mixin.py:188} INFO - [2024-04-09T10:25:59.905+0000] {dag.py:3047} INFO - Sync 1 DAGs
[2024-04-09T10:25:59.951+0000] {logging_mixin.py:188} INFO - [2024-04-09T10:25:59.951+0000] {dag.py:3834} INFO - Setting next_dagrun for my_dag to 2024-04-09 10:24:00+00:00, run_after=2024-04-09 10:26:00+00:00
[2024-04-09T10:25:59.981+0000] {processor.py:183} INFO - Processing /opt/airflow/dags/main.py took 0.194 seconds
[2024-04-09T10:26:30.941+0000] {processor.py:161} INFO - Started process (PID=930) to work on /opt/airflow/dags/main.py
[2024-04-09T10:26:30.943+0000] {processor.py:830} INFO - Processing file /opt/airflow/dags/main.py for tasks to queue
[2024-04-09T10:26:30.944+0000] {logging_mixin.py:188} INFO - [2024-04-09T10:26:30.943+0000] {dagbag.py:540} INFO - Filling up the DagBag from /opt/airflow/dags/main.py
[2024-04-09T10:26:30.954+0000] {processor.py:840} INFO - DAG(s) 'my_dag' retrieved from /opt/airflow/dags/main.py
[2024-04-09T10:26:31.036+0000] {logging_mixin.py:188} INFO - [2024-04-09T10:26:31.036+0000] {dag.py:3047} INFO - Sync 1 DAGs
[2024-04-09T10:26:31.084+0000] {logging_mixin.py:188} INFO - [2024-04-09T10:26:31.083+0000] {dag.py:3834} INFO - Setting next_dagrun for my_dag to 2024-04-09 10:26:00+00:00, run_after=2024-04-09 10:28:00+00:00
[2024-04-09T10:26:31.106+0000] {processor.py:183} INFO - Processing /opt/airflow/dags/main.py took 0.170 seconds
[2024-04-09T10:27:02.068+0000] {processor.py:161} INFO - Started process (PID=1188) to work on /opt/airflow/dags/main.py
[2024-04-09T10:27:02.070+0000] {processor.py:830} INFO - Processing file /opt/airflow/dags/main.py for tasks to queue
[2024-04-09T10:27:02.071+0000] {logging_mixin.py:188} INFO - [2024-04-09T10:27:02.071+0000] {dagbag.py:540} INFO - Filling up the DagBag from /opt/airflow/dags/main.py
[2024-04-09T10:27:02.078+0000] {processor.py:840} INFO - DAG(s) 'my_dag' retrieved from /opt/airflow/dags/main.py
[2024-04-09T10:27:02.158+0000] {logging_mixin.py:188} INFO - [2024-04-09T10:27:02.158+0000] {dag.py:3047} INFO - Sync 1 DAGs
[2024-04-09T10:27:02.205+0000] {logging_mixin.py:188} INFO - [2024-04-09T10:27:02.205+0000] {dag.py:3834} INFO - Setting next_dagrun for my_dag to 2024-04-09 10:26:00+00:00, run_after=2024-04-09 10:28:00+00:00
[2024-04-09T10:27:02.231+0000] {processor.py:183} INFO - Processing /opt/airflow/dags/main.py took 0.166 seconds
[2024-04-09T10:27:32.542+0000] {processor.py:161} INFO - Started process (PID=1440) to work on /opt/airflow/dags/main.py
[2024-04-09T10:27:32.543+0000] {processor.py:830} INFO - Processing file /opt/airflow/dags/main.py for tasks to queue
[2024-04-09T10:27:32.544+0000] {logging_mixin.py:188} INFO - [2024-04-09T10:27:32.544+0000] {dagbag.py:540} INFO - Filling up the DagBag from /opt/airflow/dags/main.py
[2024-04-09T10:27:32.553+0000] {processor.py:840} INFO - DAG(s) 'my_dag' retrieved from /opt/airflow/dags/main.py
[2024-04-09T10:27:32.631+0000] {logging_mixin.py:188} INFO - [2024-04-09T10:27:32.631+0000] {dag.py:3047} INFO - Sync 1 DAGs
[2024-04-09T10:27:32.676+0000] {logging_mixin.py:188} INFO - [2024-04-09T10:27:32.676+0000] {dag.py:3834} INFO - Setting next_dagrun for my_dag to 2024-04-09 10:26:00+00:00, run_after=2024-04-09 10:28:00+00:00
[2024-04-09T10:27:32.700+0000] {processor.py:183} INFO - Processing /opt/airflow/dags/main.py took 0.161 seconds
[2024-04-09T10:28:02.814+0000] {processor.py:161} INFO - Started process (PID=1695) to work on /opt/airflow/dags/main.py
[2024-04-09T10:28:02.815+0000] {processor.py:830} INFO - Processing file /opt/airflow/dags/main.py for tasks to queue
[2024-04-09T10:28:02.817+0000] {logging_mixin.py:188} INFO - [2024-04-09T10:28:02.816+0000] {dagbag.py:540} INFO - Filling up the DagBag from /opt/airflow/dags/main.py
[2024-04-09T10:28:02.829+0000] {processor.py:840} INFO - DAG(s) 'my_dag' retrieved from /opt/airflow/dags/main.py
[2024-04-09T10:28:02.926+0000] {logging_mixin.py:188} INFO - [2024-04-09T10:28:02.926+0000] {dag.py:3047} INFO - Sync 1 DAGs
[2024-04-09T10:28:02.971+0000] {logging_mixin.py:188} INFO - [2024-04-09T10:28:02.971+0000] {dag.py:3834} INFO - Setting next_dagrun for my_dag to 2024-04-09 10:28:00+00:00, run_after=2024-04-09 10:30:00+00:00
[2024-04-09T10:28:02.995+0000] {processor.py:183} INFO - Processing /opt/airflow/dags/main.py took 0.188 seconds
[2024-04-09T10:28:33.420+0000] {processor.py:161} INFO - Started process (PID=1950) to work on /opt/airflow/dags/main.py
[2024-04-09T10:28:33.422+0000] {processor.py:830} INFO - Processing file /opt/airflow/dags/main.py for tasks to queue
[2024-04-09T10:28:33.423+0000] {logging_mixin.py:188} INFO - [2024-04-09T10:28:33.423+0000] {dagbag.py:540} INFO - Filling up the DagBag from /opt/airflow/dags/main.py
[2024-04-09T10:28:33.437+0000] {processor.py:840} INFO - DAG(s) 'my_dag' retrieved from /opt/airflow/dags/main.py
[2024-04-09T10:28:33.530+0000] {logging_mixin.py:188} INFO - [2024-04-09T10:28:33.530+0000] {dag.py:3047} INFO - Sync 1 DAGs
[2024-04-09T10:28:33.597+0000] {logging_mixin.py:188} INFO - [2024-04-09T10:28:33.597+0000] {dag.py:3834} INFO - Setting next_dagrun for my_dag to 2024-04-09 10:28:00+00:00, run_after=2024-04-09 10:30:00+00:00
[2024-04-09T10:28:33.625+0000] {processor.py:183} INFO - Processing /opt/airflow/dags/main.py took 0.211 seconds
[2024-04-09T10:29:03.702+0000] {processor.py:161} INFO - Started process (PID=2208) to work on /opt/airflow/dags/main.py
[2024-04-09T10:29:03.705+0000] {processor.py:830} INFO - Processing file /opt/airflow/dags/main.py for tasks to queue
[2024-04-09T10:29:03.706+0000] {logging_mixin.py:188} INFO - [2024-04-09T10:29:03.706+0000] {dagbag.py:540} INFO - Filling up the DagBag from /opt/airflow/dags/main.py
[2024-04-09T10:29:03.724+0000] {processor.py:840} INFO - DAG(s) 'my_dag' retrieved from /opt/airflow/dags/main.py
[2024-04-09T10:29:03.858+0000] {logging_mixin.py:188} INFO - [2024-04-09T10:29:03.858+0000] {dag.py:3047} INFO - Sync 1 DAGs
[2024-04-09T10:29:03.907+0000] {logging_mixin.py:188} INFO - [2024-04-09T10:29:03.906+0000] {dag.py:3834} INFO - Setting next_dagrun for my_dag to 2024-04-09 10:28:00+00:00, run_after=2024-04-09 10:30:00+00:00
[2024-04-09T10:29:03.931+0000] {processor.py:183} INFO - Processing /opt/airflow/dags/main.py took 0.234 seconds
[2024-04-09T10:29:34.080+0000] {processor.py:161} INFO - Started process (PID=2460) to work on /opt/airflow/dags/main.py
[2024-04-09T10:29:34.082+0000] {processor.py:830} INFO - Processing file /opt/airflow/dags/main.py for tasks to queue
[2024-04-09T10:29:34.084+0000] {logging_mixin.py:188} INFO - [2024-04-09T10:29:34.083+0000] {dagbag.py:540} INFO - Filling up the DagBag from /opt/airflow/dags/main.py
[2024-04-09T10:29:34.107+0000] {processor.py:840} INFO - DAG(s) 'my_dag' retrieved from /opt/airflow/dags/main.py
[2024-04-09T10:29:34.198+0000] {logging_mixin.py:188} INFO - [2024-04-09T10:29:34.198+0000] {dag.py:3047} INFO - Sync 1 DAGs
[2024-04-09T10:29:34.248+0000] {logging_mixin.py:188} INFO - [2024-04-09T10:29:34.248+0000] {dag.py:3834} INFO - Setting next_dagrun for my_dag to 2024-04-09 10:28:00+00:00, run_after=2024-04-09 10:30:00+00:00
[2024-04-09T10:29:34.273+0000] {processor.py:183} INFO - Processing /opt/airflow/dags/main.py took 0.198 seconds
[2024-04-09T10:30:05.238+0000] {processor.py:161} INFO - Started process (PID=2715) to work on /opt/airflow/dags/main.py
[2024-04-09T10:30:05.242+0000] {processor.py:830} INFO - Processing file /opt/airflow/dags/main.py for tasks to queue
[2024-04-09T10:30:05.243+0000] {logging_mixin.py:188} INFO - [2024-04-09T10:30:05.243+0000] {dagbag.py:540} INFO - Filling up the DagBag from /opt/airflow/dags/main.py
[2024-04-09T10:30:05.255+0000] {processor.py:840} INFO - DAG(s) 'my_dag' retrieved from /opt/airflow/dags/main.py
[2024-04-09T10:30:05.338+0000] {logging_mixin.py:188} INFO - [2024-04-09T10:30:05.338+0000] {dag.py:3047} INFO - Sync 1 DAGs
[2024-04-09T10:30:05.382+0000] {logging_mixin.py:188} INFO - [2024-04-09T10:30:05.381+0000] {dag.py:3834} INFO - Setting next_dagrun for my_dag to 2024-04-09 10:30:00+00:00, run_after=2024-04-09 10:32:00+00:00
[2024-04-09T10:30:05.404+0000] {processor.py:183} INFO - Processing /opt/airflow/dags/main.py took 0.171 seconds
[2024-04-09T10:30:36.388+0000] {processor.py:161} INFO - Started process (PID=2969) to work on /opt/airflow/dags/main.py
[2024-04-09T10:30:36.390+0000] {processor.py:830} INFO - Processing file /opt/airflow/dags/main.py for tasks to queue
[2024-04-09T10:30:36.392+0000] {logging_mixin.py:188} INFO - [2024-04-09T10:30:36.391+0000] {dagbag.py:540} INFO - Filling up the DagBag from /opt/airflow/dags/main.py
[2024-04-09T10:30:36.420+0000] {processor.py:840} INFO - DAG(s) 'my_dag' retrieved from /opt/airflow/dags/main.py
[2024-04-09T10:30:36.511+0000] {logging_mixin.py:188} INFO - [2024-04-09T10:30:36.511+0000] {dag.py:3047} INFO - Sync 1 DAGs
[2024-04-09T10:30:36.557+0000] {logging_mixin.py:188} INFO - [2024-04-09T10:30:36.557+0000] {dag.py:3834} INFO - Setting next_dagrun for my_dag to 2024-04-09 10:30:00+00:00, run_after=2024-04-09 10:32:00+00:00
[2024-04-09T10:30:36.579+0000] {processor.py:183} INFO - Processing /opt/airflow/dags/main.py took 0.197 seconds
[2024-04-09T10:31:07.552+0000] {processor.py:161} INFO - Started process (PID=3221) to work on /opt/airflow/dags/main.py
[2024-04-09T10:31:07.553+0000] {processor.py:830} INFO - Processing file /opt/airflow/dags/main.py for tasks to queue
[2024-04-09T10:31:07.554+0000] {logging_mixin.py:188} INFO - [2024-04-09T10:31:07.554+0000] {dagbag.py:540} INFO - Filling up the DagBag from /opt/airflow/dags/main.py
[2024-04-09T10:31:07.564+0000] {processor.py:840} INFO - DAG(s) 'my_dag' retrieved from /opt/airflow/dags/main.py
[2024-04-09T10:31:07.643+0000] {logging_mixin.py:188} INFO - [2024-04-09T10:31:07.643+0000] {dag.py:3047} INFO - Sync 1 DAGs
[2024-04-09T10:31:07.684+0000] {logging_mixin.py:188} INFO - [2024-04-09T10:31:07.684+0000] {dag.py:3834} INFO - Setting next_dagrun for my_dag to 2024-04-09 10:30:00+00:00, run_after=2024-04-09 10:32:00+00:00
[2024-04-09T10:31:07.705+0000] {processor.py:183} INFO - Processing /opt/airflow/dags/main.py took 0.158 seconds
[2024-04-09T10:31:38.608+0000] {processor.py:161} INFO - Started process (PID=3473) to work on /opt/airflow/dags/main.py
[2024-04-09T10:31:38.610+0000] {processor.py:830} INFO - Processing file /opt/airflow/dags/main.py for tasks to queue
[2024-04-09T10:31:38.610+0000] {logging_mixin.py:188} INFO - [2024-04-09T10:31:38.610+0000] {dagbag.py:540} INFO - Filling up the DagBag from /opt/airflow/dags/main.py
[2024-04-09T10:31:38.617+0000] {processor.py:840} INFO - DAG(s) 'my_dag' retrieved from /opt/airflow/dags/main.py
[2024-04-09T10:31:38.689+0000] {logging_mixin.py:188} INFO - [2024-04-09T10:31:38.689+0000] {dag.py:3047} INFO - Sync 1 DAGs
[2024-04-09T10:31:38.729+0000] {logging_mixin.py:188} INFO - [2024-04-09T10:31:38.729+0000] {dag.py:3834} INFO - Setting next_dagrun for my_dag to 2024-04-09 10:30:00+00:00, run_after=2024-04-09 10:32:00+00:00
[2024-04-09T10:31:38.750+0000] {processor.py:183} INFO - Processing /opt/airflow/dags/main.py took 0.145 seconds
[2024-04-09T10:32:08.909+0000] {processor.py:161} INFO - Started process (PID=3736) to work on /opt/airflow/dags/main.py
[2024-04-09T10:32:08.910+0000] {processor.py:830} INFO - Processing file /opt/airflow/dags/main.py for tasks to queue
[2024-04-09T10:32:08.911+0000] {logging_mixin.py:188} INFO - [2024-04-09T10:32:08.910+0000] {dagbag.py:540} INFO - Filling up the DagBag from /opt/airflow/dags/main.py
[2024-04-09T10:32:08.915+0000] {processor.py:840} INFO - DAG(s) 'my_dag' retrieved from /opt/airflow/dags/main.py
[2024-04-09T10:32:08.992+0000] {logging_mixin.py:188} INFO - [2024-04-09T10:32:08.992+0000] {dag.py:3047} INFO - Sync 1 DAGs
[2024-04-09T10:32:09.035+0000] {logging_mixin.py:188} INFO - [2024-04-09T10:32:09.035+0000] {dag.py:3834} INFO - Setting next_dagrun for my_dag to 2024-04-09 10:32:00+00:00, run_after=2024-04-09 10:34:00+00:00
[2024-04-09T10:32:09.056+0000] {processor.py:183} INFO - Processing /opt/airflow/dags/main.py took 0.149 seconds
[2024-04-09T10:32:39.249+0000] {processor.py:161} INFO - Started process (PID=3982) to work on /opt/airflow/dags/main.py
[2024-04-09T10:32:39.252+0000] {processor.py:830} INFO - Processing file /opt/airflow/dags/main.py for tasks to queue
[2024-04-09T10:32:39.253+0000] {logging_mixin.py:188} INFO - [2024-04-09T10:32:39.252+0000] {dagbag.py:540} INFO - Filling up the DagBag from /opt/airflow/dags/main.py
[2024-04-09T10:32:39.266+0000] {processor.py:840} INFO - DAG(s) 'my_dag' retrieved from /opt/airflow/dags/main.py
[2024-04-09T10:32:39.346+0000] {logging_mixin.py:188} INFO - [2024-04-09T10:32:39.346+0000] {dag.py:3047} INFO - Sync 1 DAGs
[2024-04-09T10:32:39.398+0000] {logging_mixin.py:188} INFO - [2024-04-09T10:32:39.398+0000] {dag.py:3834} INFO - Setting next_dagrun for my_dag to 2024-04-09 10:32:00+00:00, run_after=2024-04-09 10:34:00+00:00
[2024-04-09T10:32:39.445+0000] {processor.py:183} INFO - Processing /opt/airflow/dags/main.py took 0.204 seconds
[2024-04-09T10:33:09.496+0000] {processor.py:161} INFO - Started process (PID=4236) to work on /opt/airflow/dags/main.py
[2024-04-09T10:33:09.497+0000] {processor.py:830} INFO - Processing file /opt/airflow/dags/main.py for tasks to queue
[2024-04-09T10:33:09.499+0000] {logging_mixin.py:188} INFO - [2024-04-09T10:33:09.498+0000] {dagbag.py:540} INFO - Filling up the DagBag from /opt/airflow/dags/main.py
[2024-04-09T10:33:09.510+0000] {processor.py:840} INFO - DAG(s) 'my_dag' retrieved from /opt/airflow/dags/main.py
[2024-04-09T10:33:09.593+0000] {logging_mixin.py:188} INFO - [2024-04-09T10:33:09.593+0000] {dag.py:3047} INFO - Sync 1 DAGs
[2024-04-09T10:33:09.639+0000] {logging_mixin.py:188} INFO - [2024-04-09T10:33:09.639+0000] {dag.py:3834} INFO - Setting next_dagrun for my_dag to 2024-04-09 10:32:00+00:00, run_after=2024-04-09 10:34:00+00:00
[2024-04-09T10:33:09.662+0000] {processor.py:183} INFO - Processing /opt/airflow/dags/main.py took 0.174 seconds
[2024-04-09T10:33:39.761+0000] {processor.py:161} INFO - Started process (PID=4485) to work on /opt/airflow/dags/main.py
[2024-04-09T10:33:39.764+0000] {processor.py:830} INFO - Processing file /opt/airflow/dags/main.py for tasks to queue
[2024-04-09T10:33:39.765+0000] {logging_mixin.py:188} INFO - [2024-04-09T10:33:39.765+0000] {dagbag.py:540} INFO - Filling up the DagBag from /opt/airflow/dags/main.py
[2024-04-09T10:33:39.778+0000] {processor.py:840} INFO - DAG(s) 'my_dag' retrieved from /opt/airflow/dags/main.py
[2024-04-09T10:33:39.869+0000] {logging_mixin.py:188} INFO - [2024-04-09T10:33:39.869+0000] {dag.py:3047} INFO - Sync 1 DAGs
[2024-04-09T10:33:39.914+0000] {logging_mixin.py:188} INFO - [2024-04-09T10:33:39.914+0000] {dag.py:3834} INFO - Setting next_dagrun for my_dag to 2024-04-09 10:32:00+00:00, run_after=2024-04-09 10:34:00+00:00
[2024-04-09T10:33:39.936+0000] {processor.py:183} INFO - Processing /opt/airflow/dags/main.py took 0.183 seconds
[2024-04-09T10:34:10.841+0000] {processor.py:161} INFO - Started process (PID=4743) to work on /opt/airflow/dags/main.py
[2024-04-09T10:34:10.844+0000] {processor.py:830} INFO - Processing file /opt/airflow/dags/main.py for tasks to queue
[2024-04-09T10:34:10.845+0000] {logging_mixin.py:188} INFO - [2024-04-09T10:34:10.845+0000] {dagbag.py:540} INFO - Filling up the DagBag from /opt/airflow/dags/main.py
[2024-04-09T10:34:10.858+0000] {processor.py:840} INFO - DAG(s) 'my_dag' retrieved from /opt/airflow/dags/main.py
[2024-04-09T10:34:10.944+0000] {logging_mixin.py:188} INFO - [2024-04-09T10:34:10.944+0000] {dag.py:3047} INFO - Sync 1 DAGs
[2024-04-09T10:34:10.989+0000] {logging_mixin.py:188} INFO - [2024-04-09T10:34:10.989+0000] {dag.py:3834} INFO - Setting next_dagrun for my_dag to 2024-04-09 10:34:00+00:00, run_after=2024-04-09 10:36:00+00:00
[2024-04-09T10:34:11.012+0000] {processor.py:183} INFO - Processing /opt/airflow/dags/main.py took 0.177 seconds
[2024-04-09T10:34:41.864+0000] {processor.py:161} INFO - Started process (PID=4994) to work on /opt/airflow/dags/main.py
[2024-04-09T10:34:41.866+0000] {processor.py:830} INFO - Processing file /opt/airflow/dags/main.py for tasks to queue
[2024-04-09T10:34:41.867+0000] {logging_mixin.py:188} INFO - [2024-04-09T10:34:41.867+0000] {dagbag.py:540} INFO - Filling up the DagBag from /opt/airflow/dags/main.py
[2024-04-09T10:34:41.881+0000] {processor.py:840} INFO - DAG(s) 'my_dag' retrieved from /opt/airflow/dags/main.py
[2024-04-09T10:34:41.962+0000] {logging_mixin.py:188} INFO - [2024-04-09T10:34:41.962+0000] {dag.py:3047} INFO - Sync 1 DAGs
[2024-04-09T10:34:42.007+0000] {logging_mixin.py:188} INFO - [2024-04-09T10:34:42.007+0000] {dag.py:3834} INFO - Setting next_dagrun for my_dag to 2024-04-09 10:34:00+00:00, run_after=2024-04-09 10:36:00+00:00
[2024-04-09T10:34:42.032+0000] {processor.py:183} INFO - Processing /opt/airflow/dags/main.py took 0.174 seconds
[2024-04-09T10:35:13.036+0000] {processor.py:161} INFO - Started process (PID=5246) to work on /opt/airflow/dags/main.py
[2024-04-09T10:35:13.037+0000] {processor.py:830} INFO - Processing file /opt/airflow/dags/main.py for tasks to queue
[2024-04-09T10:35:13.038+0000] {logging_mixin.py:188} INFO - [2024-04-09T10:35:13.038+0000] {dagbag.py:540} INFO - Filling up the DagBag from /opt/airflow/dags/main.py
[2024-04-09T10:35:13.050+0000] {processor.py:840} INFO - DAG(s) 'my_dag' retrieved from /opt/airflow/dags/main.py
[2024-04-09T10:35:13.132+0000] {logging_mixin.py:188} INFO - [2024-04-09T10:35:13.132+0000] {dag.py:3047} INFO - Sync 1 DAGs
[2024-04-09T10:35:13.176+0000] {logging_mixin.py:188} INFO - [2024-04-09T10:35:13.176+0000] {dag.py:3834} INFO - Setting next_dagrun for my_dag to 2024-04-09 10:34:00+00:00, run_after=2024-04-09 10:36:00+00:00
[2024-04-09T10:35:13.199+0000] {processor.py:183} INFO - Processing /opt/airflow/dags/main.py took 0.170 seconds
[2024-04-09T10:35:44.136+0000] {processor.py:161} INFO - Started process (PID=5498) to work on /opt/airflow/dags/main.py
[2024-04-09T10:35:44.137+0000] {processor.py:830} INFO - Processing file /opt/airflow/dags/main.py for tasks to queue
[2024-04-09T10:35:44.138+0000] {logging_mixin.py:188} INFO - [2024-04-09T10:35:44.138+0000] {dagbag.py:540} INFO - Filling up the DagBag from /opt/airflow/dags/main.py
[2024-04-09T10:35:44.147+0000] {processor.py:840} INFO - DAG(s) 'my_dag' retrieved from /opt/airflow/dags/main.py
[2024-04-09T10:35:44.221+0000] {logging_mixin.py:188} INFO - [2024-04-09T10:35:44.221+0000] {dag.py:3047} INFO - Sync 1 DAGs
[2024-04-09T10:35:44.263+0000] {logging_mixin.py:188} INFO - [2024-04-09T10:35:44.263+0000] {dag.py:3834} INFO - Setting next_dagrun for my_dag to 2024-04-09 10:34:00+00:00, run_after=2024-04-09 10:36:00+00:00
[2024-04-09T10:35:44.285+0000] {processor.py:183} INFO - Processing /opt/airflow/dags/main.py took 0.153 seconds
[2024-04-09T10:36:15.166+0000] {processor.py:161} INFO - Started process (PID=5756) to work on /opt/airflow/dags/main.py
[2024-04-09T10:36:15.169+0000] {processor.py:830} INFO - Processing file /opt/airflow/dags/main.py for tasks to queue
[2024-04-09T10:36:15.170+0000] {logging_mixin.py:188} INFO - [2024-04-09T10:36:15.169+0000] {dagbag.py:540} INFO - Filling up the DagBag from /opt/airflow/dags/main.py
[2024-04-09T10:36:15.181+0000] {processor.py:840} INFO - DAG(s) 'my_dag' retrieved from /opt/airflow/dags/main.py
[2024-04-09T10:36:15.257+0000] {logging_mixin.py:188} INFO - [2024-04-09T10:36:15.257+0000] {dag.py:3047} INFO - Sync 1 DAGs
[2024-04-09T10:36:15.297+0000] {logging_mixin.py:188} INFO - [2024-04-09T10:36:15.297+0000] {dag.py:3834} INFO - Setting next_dagrun for my_dag to 2024-04-09 10:36:00+00:00, run_after=2024-04-09 10:38:00+00:00
[2024-04-09T10:36:15.318+0000] {processor.py:183} INFO - Processing /opt/airflow/dags/main.py took 0.156 seconds
[2024-04-09T10:36:46.214+0000] {processor.py:161} INFO - Started process (PID=6007) to work on /opt/airflow/dags/main.py
[2024-04-09T10:36:46.216+0000] {processor.py:830} INFO - Processing file /opt/airflow/dags/main.py for tasks to queue
[2024-04-09T10:36:46.220+0000] {logging_mixin.py:188} INFO - [2024-04-09T10:36:46.218+0000] {dagbag.py:540} INFO - Filling up the DagBag from /opt/airflow/dags/main.py
[2024-04-09T10:36:46.234+0000] {processor.py:840} INFO - DAG(s) 'my_dag' retrieved from /opt/airflow/dags/main.py
[2024-04-09T10:36:46.318+0000] {logging_mixin.py:188} INFO - [2024-04-09T10:36:46.318+0000] {dag.py:3047} INFO - Sync 1 DAGs
[2024-04-09T10:36:46.371+0000] {logging_mixin.py:188} INFO - [2024-04-09T10:36:46.371+0000] {dag.py:3834} INFO - Setting next_dagrun for my_dag to 2024-04-09 10:36:00+00:00, run_after=2024-04-09 10:38:00+00:00
[2024-04-09T10:36:46.395+0000] {processor.py:183} INFO - Processing /opt/airflow/dags/main.py took 0.190 seconds
[2024-04-09T10:38:55.787+0000] {processor.py:161} INFO - Started process (PID=6255) to work on /opt/airflow/dags/main.py
[2024-04-09T10:38:55.788+0000] {processor.py:830} INFO - Processing file /opt/airflow/dags/main.py for tasks to queue
[2024-04-09T10:38:55.790+0000] {logging_mixin.py:188} INFO - [2024-04-09T10:38:55.789+0000] {dagbag.py:540} INFO - Filling up the DagBag from /opt/airflow/dags/main.py
[2024-04-09T10:38:55.807+0000] {processor.py:840} INFO - DAG(s) 'my_dag' retrieved from /opt/airflow/dags/main.py
[2024-04-09T10:38:55.952+0000] {logging_mixin.py:188} INFO - [2024-04-09T10:38:55.952+0000] {dag.py:3047} INFO - Sync 1 DAGs
[2024-04-09T10:38:56.029+0000] {logging_mixin.py:188} INFO - [2024-04-09T10:38:56.029+0000] {dag.py:3834} INFO - Setting next_dagrun for my_dag to 2024-04-09 10:38:00+00:00, run_after=2024-04-09 10:40:00+00:00
[2024-04-09T10:38:56.076+0000] {processor.py:183} INFO - Processing /opt/airflow/dags/main.py took 0.296 seconds
[2024-04-09T10:39:48.923+0000] {processor.py:161} INFO - Started process (PID=167) to work on /opt/airflow/dags/main.py
[2024-04-09T10:39:48.930+0000] {processor.py:830} INFO - Processing file /opt/airflow/dags/main.py for tasks to queue
[2024-04-09T10:39:48.932+0000] {logging_mixin.py:188} INFO - [2024-04-09T10:39:48.932+0000] {dagbag.py:540} INFO - Filling up the DagBag from /opt/airflow/dags/main.py
[2024-04-09T10:39:48.945+0000] {processor.py:840} INFO - DAG(s) 'my_dag' retrieved from /opt/airflow/dags/main.py
[2024-04-09T10:39:49.144+0000] {logging_mixin.py:188} INFO - [2024-04-09T10:39:49.144+0000] {dag.py:3047} INFO - Sync 1 DAGs
[2024-04-09T10:39:49.187+0000] {logging_mixin.py:188} INFO - [2024-04-09T10:39:49.187+0000] {dag.py:3834} INFO - Setting next_dagrun for my_dag to 2024-04-09 10:38:00+00:00, run_after=2024-04-09 10:40:00+00:00
[2024-04-09T10:39:49.232+0000] {processor.py:183} INFO - Processing /opt/airflow/dags/main.py took 0.315 seconds
[2024-04-09T10:40:20.001+0000] {processor.py:161} INFO - Started process (PID=420) to work on /opt/airflow/dags/main.py
[2024-04-09T10:40:20.003+0000] {processor.py:830} INFO - Processing file /opt/airflow/dags/main.py for tasks to queue
[2024-04-09T10:40:20.004+0000] {logging_mixin.py:188} INFO - [2024-04-09T10:40:20.003+0000] {dagbag.py:540} INFO - Filling up the DagBag from /opt/airflow/dags/main.py
[2024-04-09T10:40:20.014+0000] {processor.py:840} INFO - DAG(s) 'my_dag' retrieved from /opt/airflow/dags/main.py
[2024-04-09T10:40:20.101+0000] {logging_mixin.py:188} INFO - [2024-04-09T10:40:20.101+0000] {dag.py:3047} INFO - Sync 1 DAGs
[2024-04-09T10:40:20.215+0000] {logging_mixin.py:188} INFO - [2024-04-09T10:40:20.214+0000] {dag.py:3834} INFO - Setting next_dagrun for my_dag to 2024-04-09 10:38:00+00:00, run_after=2024-04-09 10:40:00+00:00
[2024-04-09T10:40:20.246+0000] {processor.py:183} INFO - Processing /opt/airflow/dags/main.py took 0.249 seconds
