[2024-04-08T10:57:31.676+0000] {processor.py:161} INFO - Started process (PID=3224) to work on /opt/airflow/dags/dummy_metrics_dag.py
[2024-04-08T10:57:31.676+0000] {processor.py:830} INFO - Processing file /opt/airflow/dags/dummy_metrics_dag.py for tasks to queue
[2024-04-08T10:57:31.678+0000] {logging_mixin.py:188} INFO - [2024-04-08T10:57:31.678+0000] {dagbag.py:540} INFO - Filling up the DagBag from /opt/airflow/dags/dummy_metrics_dag.py
[2024-04-08T10:57:31.689+0000] {processor.py:840} INFO - DAG(s) 'dummy_metrics_dag' retrieved from /opt/airflow/dags/dummy_metrics_dag.py
[2024-04-08T10:57:31.890+0000] {logging_mixin.py:188} INFO - [2024-04-08T10:57:31.890+0000] {override.py:1769} INFO - Created Permission View: can delete on DAG:dummy_metrics_dag
[2024-04-08T10:57:31.900+0000] {logging_mixin.py:188} INFO - [2024-04-08T10:57:31.900+0000] {override.py:1769} INFO - Created Permission View: can read on DAG:dummy_metrics_dag
[2024-04-08T10:57:31.904+0000] {logging_mixin.py:188} INFO - [2024-04-08T10:57:31.904+0000] {override.py:1769} INFO - Created Permission View: can edit on DAG:dummy_metrics_dag
[2024-04-08T10:57:31.905+0000] {logging_mixin.py:188} INFO - [2024-04-08T10:57:31.905+0000] {dag.py:3047} INFO - Sync 1 DAGs
[2024-04-08T10:57:31.912+0000] {logging_mixin.py:188} INFO - [2024-04-08T10:57:31.912+0000] {dag.py:3069} INFO - Creating ORM DAG for dummy_metrics_dag
[2024-04-08T10:57:31.927+0000] {logging_mixin.py:188} INFO - [2024-04-08T10:57:31.927+0000] {dag.py:3834} INFO - Setting next_dagrun for dummy_metrics_dag to 2024-04-01 00:00:00+00:00, run_after=2024-04-01 00:05:00+00:00
[2024-04-08T10:57:31.944+0000] {processor.py:183} INFO - Processing /opt/airflow/dags/dummy_metrics_dag.py took 0.270 seconds
[2024-04-08T10:58:02.051+0000] {processor.py:161} INFO - Started process (PID=3280) to work on /opt/airflow/dags/dummy_metrics_dag.py
[2024-04-08T10:58:02.053+0000] {processor.py:830} INFO - Processing file /opt/airflow/dags/dummy_metrics_dag.py for tasks to queue
[2024-04-08T10:58:02.056+0000] {logging_mixin.py:188} INFO - [2024-04-08T10:58:02.055+0000] {dagbag.py:540} INFO - Filling up the DagBag from /opt/airflow/dags/dummy_metrics_dag.py
[2024-04-08T10:58:02.067+0000] {processor.py:840} INFO - DAG(s) 'dummy_metrics_dag' retrieved from /opt/airflow/dags/dummy_metrics_dag.py
[2024-04-08T10:58:02.165+0000] {logging_mixin.py:188} INFO - [2024-04-08T10:58:02.165+0000] {dag.py:3047} INFO - Sync 1 DAGs
[2024-04-08T10:58:02.222+0000] {processor.py:183} INFO - Processing /opt/airflow/dags/dummy_metrics_dag.py took 0.175 seconds
[2024-04-08T10:58:32.407+0000] {processor.py:161} INFO - Started process (PID=3336) to work on /opt/airflow/dags/dummy_metrics_dag.py
[2024-04-08T10:58:32.409+0000] {processor.py:830} INFO - Processing file /opt/airflow/dags/dummy_metrics_dag.py for tasks to queue
[2024-04-08T10:58:32.412+0000] {logging_mixin.py:188} INFO - [2024-04-08T10:58:32.412+0000] {dagbag.py:540} INFO - Filling up the DagBag from /opt/airflow/dags/dummy_metrics_dag.py
[2024-04-08T10:58:32.424+0000] {processor.py:840} INFO - DAG(s) 'dummy_metrics_dag' retrieved from /opt/airflow/dags/dummy_metrics_dag.py
[2024-04-08T10:58:32.515+0000] {logging_mixin.py:188} INFO - [2024-04-08T10:58:32.514+0000] {dag.py:3047} INFO - Sync 1 DAGs
[2024-04-08T10:58:32.585+0000] {processor.py:183} INFO - Processing /opt/airflow/dags/dummy_metrics_dag.py took 0.184 seconds
[2024-04-08T10:59:02.766+0000] {processor.py:161} INFO - Started process (PID=3392) to work on /opt/airflow/dags/dummy_metrics_dag.py
[2024-04-08T10:59:02.767+0000] {processor.py:830} INFO - Processing file /opt/airflow/dags/dummy_metrics_dag.py for tasks to queue
[2024-04-08T10:59:02.769+0000] {logging_mixin.py:188} INFO - [2024-04-08T10:59:02.769+0000] {dagbag.py:540} INFO - Filling up the DagBag from /opt/airflow/dags/dummy_metrics_dag.py
[2024-04-08T10:59:02.779+0000] {processor.py:840} INFO - DAG(s) 'dummy_metrics_dag' retrieved from /opt/airflow/dags/dummy_metrics_dag.py
[2024-04-08T10:59:02.866+0000] {logging_mixin.py:188} INFO - [2024-04-08T10:59:02.865+0000] {dag.py:3047} INFO - Sync 1 DAGs
[2024-04-08T10:59:02.927+0000] {processor.py:183} INFO - Processing /opt/airflow/dags/dummy_metrics_dag.py took 0.163 seconds
[2024-04-08T10:59:33.597+0000] {processor.py:161} INFO - Started process (PID=3448) to work on /opt/airflow/dags/dummy_metrics_dag.py
[2024-04-08T10:59:33.599+0000] {processor.py:830} INFO - Processing file /opt/airflow/dags/dummy_metrics_dag.py for tasks to queue
[2024-04-08T10:59:33.602+0000] {logging_mixin.py:188} INFO - [2024-04-08T10:59:33.602+0000] {dagbag.py:540} INFO - Filling up the DagBag from /opt/airflow/dags/dummy_metrics_dag.py
[2024-04-08T10:59:33.614+0000] {processor.py:840} INFO - DAG(s) 'dummy_metrics_dag' retrieved from /opt/airflow/dags/dummy_metrics_dag.py
[2024-04-08T10:59:33.689+0000] {logging_mixin.py:188} INFO - [2024-04-08T10:59:33.689+0000] {dag.py:3047} INFO - Sync 1 DAGs
[2024-04-08T10:59:33.744+0000] {processor.py:183} INFO - Processing /opt/airflow/dags/dummy_metrics_dag.py took 0.152 seconds
[2024-04-08T11:00:04.664+0000] {processor.py:161} INFO - Started process (PID=3504) to work on /opt/airflow/dags/dummy_metrics_dag.py
[2024-04-08T11:00:04.666+0000] {processor.py:830} INFO - Processing file /opt/airflow/dags/dummy_metrics_dag.py for tasks to queue
[2024-04-08T11:00:04.669+0000] {logging_mixin.py:188} INFO - [2024-04-08T11:00:04.669+0000] {dagbag.py:540} INFO - Filling up the DagBag from /opt/airflow/dags/dummy_metrics_dag.py
[2024-04-08T11:00:04.682+0000] {processor.py:840} INFO - DAG(s) 'dummy_metrics_dag' retrieved from /opt/airflow/dags/dummy_metrics_dag.py
[2024-04-08T11:00:04.764+0000] {logging_mixin.py:188} INFO - [2024-04-08T11:00:04.764+0000] {dag.py:3047} INFO - Sync 1 DAGs
[2024-04-08T11:00:04.828+0000] {processor.py:183} INFO - Processing /opt/airflow/dags/dummy_metrics_dag.py took 0.169 seconds
[2024-04-08T11:00:35.167+0000] {processor.py:161} INFO - Started process (PID=3560) to work on /opt/airflow/dags/dummy_metrics_dag.py
[2024-04-08T11:00:35.167+0000] {processor.py:830} INFO - Processing file /opt/airflow/dags/dummy_metrics_dag.py for tasks to queue
[2024-04-08T11:00:35.170+0000] {logging_mixin.py:188} INFO - [2024-04-08T11:00:35.169+0000] {dagbag.py:540} INFO - Filling up the DagBag from /opt/airflow/dags/dummy_metrics_dag.py
[2024-04-08T11:00:35.181+0000] {processor.py:840} INFO - DAG(s) 'dummy_metrics_dag' retrieved from /opt/airflow/dags/dummy_metrics_dag.py
[2024-04-08T11:00:35.256+0000] {logging_mixin.py:188} INFO - [2024-04-08T11:00:35.256+0000] {dag.py:3047} INFO - Sync 1 DAGs
[2024-04-08T11:00:35.314+0000] {processor.py:183} INFO - Processing /opt/airflow/dags/dummy_metrics_dag.py took 0.150 seconds
[2024-04-08T11:01:05.599+0000] {processor.py:161} INFO - Started process (PID=3616) to work on /opt/airflow/dags/dummy_metrics_dag.py
[2024-04-08T11:01:05.600+0000] {processor.py:830} INFO - Processing file /opt/airflow/dags/dummy_metrics_dag.py for tasks to queue
[2024-04-08T11:01:05.602+0000] {logging_mixin.py:188} INFO - [2024-04-08T11:01:05.602+0000] {dagbag.py:540} INFO - Filling up the DagBag from /opt/airflow/dags/dummy_metrics_dag.py
[2024-04-08T11:01:05.612+0000] {processor.py:840} INFO - DAG(s) 'dummy_metrics_dag' retrieved from /opt/airflow/dags/dummy_metrics_dag.py
[2024-04-08T11:01:05.691+0000] {logging_mixin.py:188} INFO - [2024-04-08T11:01:05.691+0000] {dag.py:3047} INFO - Sync 1 DAGs
[2024-04-08T11:01:05.744+0000] {processor.py:183} INFO - Processing /opt/airflow/dags/dummy_metrics_dag.py took 0.149 seconds
[2024-04-08T11:01:35.892+0000] {processor.py:161} INFO - Started process (PID=3672) to work on /opt/airflow/dags/dummy_metrics_dag.py
[2024-04-08T11:01:35.893+0000] {processor.py:830} INFO - Processing file /opt/airflow/dags/dummy_metrics_dag.py for tasks to queue
[2024-04-08T11:01:35.896+0000] {logging_mixin.py:188} INFO - [2024-04-08T11:01:35.896+0000] {dagbag.py:540} INFO - Filling up the DagBag from /opt/airflow/dags/dummy_metrics_dag.py
[2024-04-08T11:01:35.911+0000] {processor.py:840} INFO - DAG(s) 'dummy_metrics_dag' retrieved from /opt/airflow/dags/dummy_metrics_dag.py
[2024-04-08T11:01:35.991+0000] {logging_mixin.py:188} INFO - [2024-04-08T11:01:35.991+0000] {dag.py:3047} INFO - Sync 1 DAGs
[2024-04-08T11:01:36.183+0000] {processor.py:183} INFO - Processing /opt/airflow/dags/dummy_metrics_dag.py took 0.296 seconds
[2024-04-08T11:02:06.330+0000] {processor.py:161} INFO - Started process (PID=3728) to work on /opt/airflow/dags/dummy_metrics_dag.py
[2024-04-08T11:02:06.332+0000] {processor.py:830} INFO - Processing file /opt/airflow/dags/dummy_metrics_dag.py for tasks to queue
[2024-04-08T11:02:06.334+0000] {logging_mixin.py:188} INFO - [2024-04-08T11:02:06.334+0000] {dagbag.py:540} INFO - Filling up the DagBag from /opt/airflow/dags/dummy_metrics_dag.py
[2024-04-08T11:02:06.344+0000] {processor.py:840} INFO - DAG(s) 'dummy_metrics_dag' retrieved from /opt/airflow/dags/dummy_metrics_dag.py
[2024-04-08T11:02:06.431+0000] {logging_mixin.py:188} INFO - [2024-04-08T11:02:06.431+0000] {dag.py:3047} INFO - Sync 1 DAGs
[2024-04-08T11:02:06.492+0000] {processor.py:183} INFO - Processing /opt/airflow/dags/dummy_metrics_dag.py took 0.165 seconds
